[2023-08-28T00:15:36.176+0000] {processor.py:157} INFO - Started process (PID=53) to work on /home/airflow/.local/lib/python3.7/site-packages/airflow/example_dags/example_latest_only_with_trigger.py
[2023-08-28T00:15:36.177+0000] {processor.py:826} INFO - Processing file /home/airflow/.local/lib/python3.7/site-packages/airflow/example_dags/example_latest_only_with_trigger.py for tasks to queue
[2023-08-28T00:15:36.178+0000] {logging_mixin.py:150} INFO - [2023-08-28T00:15:36.178+0000] {dagbag.py:541} INFO - Filling up the DagBag from /home/airflow/.local/lib/python3.7/site-packages/airflow/example_dags/example_latest_only_with_trigger.py
[2023-08-28T00:15:36.186+0000] {processor.py:836} INFO - DAG(s) dict_keys(['latest_only_with_trigger']) retrieved from /home/airflow/.local/lib/python3.7/site-packages/airflow/example_dags/example_latest_only_with_trigger.py
[2023-08-28T00:15:36.197+0000] {logging_mixin.py:150} INFO - [2023-08-28T00:15:36.197+0000] {dag.py:2742} INFO - Sync 1 DAGs
[2023-08-28T00:15:36.306+0000] {logging_mixin.py:150} INFO - [2023-08-28T00:15:36.306+0000] {dag.py:3508} INFO - Setting next_dagrun for latest_only_with_trigger to 2023-08-27T20:15:36.306007+00:00, run_after=2023-08-28T00:15:36.306007+00:00
[2023-08-28T00:15:36.343+0000] {processor.py:179} INFO - Processing /home/airflow/.local/lib/python3.7/site-packages/airflow/example_dags/example_latest_only_with_trigger.py took 0.171 seconds
[2023-08-28T00:16:06.719+0000] {processor.py:157} INFO - Started process (PID=136) to work on /home/airflow/.local/lib/python3.7/site-packages/airflow/example_dags/example_latest_only_with_trigger.py
[2023-08-28T00:16:06.720+0000] {processor.py:826} INFO - Processing file /home/airflow/.local/lib/python3.7/site-packages/airflow/example_dags/example_latest_only_with_trigger.py for tasks to queue
[2023-08-28T00:16:06.721+0000] {logging_mixin.py:150} INFO - [2023-08-28T00:16:06.721+0000] {dagbag.py:541} INFO - Filling up the DagBag from /home/airflow/.local/lib/python3.7/site-packages/airflow/example_dags/example_latest_only_with_trigger.py
[2023-08-28T00:16:06.728+0000] {processor.py:836} INFO - DAG(s) dict_keys(['latest_only_with_trigger']) retrieved from /home/airflow/.local/lib/python3.7/site-packages/airflow/example_dags/example_latest_only_with_trigger.py
[2023-08-28T00:16:06.751+0000] {logging_mixin.py:150} INFO - [2023-08-28T00:16:06.751+0000] {dag.py:2742} INFO - Sync 1 DAGs
[2023-08-28T00:16:06.781+0000] {logging_mixin.py:150} INFO - [2023-08-28T00:16:06.781+0000] {dag.py:3508} INFO - Setting next_dagrun for latest_only_with_trigger to 2023-08-27T20:16:06.781019+00:00, run_after=2023-08-28T00:16:06.781019+00:00
[2023-08-28T00:16:06.819+0000] {processor.py:179} INFO - Processing /home/airflow/.local/lib/python3.7/site-packages/airflow/example_dags/example_latest_only_with_trigger.py took 0.103 seconds
[2023-08-28T00:16:37.218+0000] {processor.py:157} INFO - Started process (PID=219) to work on /home/airflow/.local/lib/python3.7/site-packages/airflow/example_dags/example_latest_only_with_trigger.py
[2023-08-28T00:16:37.219+0000] {processor.py:826} INFO - Processing file /home/airflow/.local/lib/python3.7/site-packages/airflow/example_dags/example_latest_only_with_trigger.py for tasks to queue
[2023-08-28T00:16:37.221+0000] {logging_mixin.py:150} INFO - [2023-08-28T00:16:37.220+0000] {dagbag.py:541} INFO - Filling up the DagBag from /home/airflow/.local/lib/python3.7/site-packages/airflow/example_dags/example_latest_only_with_trigger.py
[2023-08-28T00:16:37.226+0000] {processor.py:836} INFO - DAG(s) dict_keys(['latest_only_with_trigger']) retrieved from /home/airflow/.local/lib/python3.7/site-packages/airflow/example_dags/example_latest_only_with_trigger.py
[2023-08-28T00:16:37.247+0000] {logging_mixin.py:150} INFO - [2023-08-28T00:16:37.247+0000] {dag.py:2742} INFO - Sync 1 DAGs
[2023-08-28T00:16:37.270+0000] {logging_mixin.py:150} INFO - [2023-08-28T00:16:37.270+0000] {dag.py:3508} INFO - Setting next_dagrun for latest_only_with_trigger to 2023-08-27T20:16:37.270548+00:00, run_after=2023-08-28T00:16:37.270548+00:00
[2023-08-28T00:16:37.309+0000] {processor.py:179} INFO - Processing /home/airflow/.local/lib/python3.7/site-packages/airflow/example_dags/example_latest_only_with_trigger.py took 0.094 seconds
[2023-08-28T00:17:08.265+0000] {processor.py:157} INFO - Started process (PID=302) to work on /home/airflow/.local/lib/python3.7/site-packages/airflow/example_dags/example_latest_only_with_trigger.py
[2023-08-28T00:17:08.266+0000] {processor.py:826} INFO - Processing file /home/airflow/.local/lib/python3.7/site-packages/airflow/example_dags/example_latest_only_with_trigger.py for tasks to queue
[2023-08-28T00:17:08.267+0000] {logging_mixin.py:150} INFO - [2023-08-28T00:17:08.267+0000] {dagbag.py:541} INFO - Filling up the DagBag from /home/airflow/.local/lib/python3.7/site-packages/airflow/example_dags/example_latest_only_with_trigger.py
[2023-08-28T00:17:08.274+0000] {processor.py:836} INFO - DAG(s) dict_keys(['latest_only_with_trigger']) retrieved from /home/airflow/.local/lib/python3.7/site-packages/airflow/example_dags/example_latest_only_with_trigger.py
[2023-08-28T00:17:08.296+0000] {logging_mixin.py:150} INFO - [2023-08-28T00:17:08.296+0000] {dag.py:2742} INFO - Sync 1 DAGs
[2023-08-28T00:17:08.321+0000] {logging_mixin.py:150} INFO - [2023-08-28T00:17:08.321+0000] {dag.py:3508} INFO - Setting next_dagrun for latest_only_with_trigger to 2023-08-27T20:17:08.320981+00:00, run_after=2023-08-28T00:17:08.320981+00:00
[2023-08-28T00:17:08.361+0000] {processor.py:179} INFO - Processing /home/airflow/.local/lib/python3.7/site-packages/airflow/example_dags/example_latest_only_with_trigger.py took 0.099 seconds
[2023-08-28T00:17:38.755+0000] {processor.py:157} INFO - Started process (PID=386) to work on /home/airflow/.local/lib/python3.7/site-packages/airflow/example_dags/example_latest_only_with_trigger.py
[2023-08-28T00:17:38.756+0000] {processor.py:826} INFO - Processing file /home/airflow/.local/lib/python3.7/site-packages/airflow/example_dags/example_latest_only_with_trigger.py for tasks to queue
[2023-08-28T00:17:38.757+0000] {logging_mixin.py:150} INFO - [2023-08-28T00:17:38.757+0000] {dagbag.py:541} INFO - Filling up the DagBag from /home/airflow/.local/lib/python3.7/site-packages/airflow/example_dags/example_latest_only_with_trigger.py
[2023-08-28T00:17:38.763+0000] {processor.py:836} INFO - DAG(s) dict_keys(['latest_only_with_trigger']) retrieved from /home/airflow/.local/lib/python3.7/site-packages/airflow/example_dags/example_latest_only_with_trigger.py
[2023-08-28T00:17:38.783+0000] {logging_mixin.py:150} INFO - [2023-08-28T00:17:38.783+0000] {dag.py:2742} INFO - Sync 1 DAGs
[2023-08-28T00:17:38.807+0000] {logging_mixin.py:150} INFO - [2023-08-28T00:17:38.807+0000] {dag.py:3508} INFO - Setting next_dagrun for latest_only_with_trigger to 2023-08-27T20:17:38.807282+00:00, run_after=2023-08-28T00:17:38.807282+00:00
[2023-08-28T00:17:38.843+0000] {processor.py:179} INFO - Processing /home/airflow/.local/lib/python3.7/site-packages/airflow/example_dags/example_latest_only_with_trigger.py took 0.091 seconds
[2023-08-28T00:18:09.215+0000] {processor.py:157} INFO - Started process (PID=469) to work on /home/airflow/.local/lib/python3.7/site-packages/airflow/example_dags/example_latest_only_with_trigger.py
[2023-08-28T00:18:09.216+0000] {processor.py:826} INFO - Processing file /home/airflow/.local/lib/python3.7/site-packages/airflow/example_dags/example_latest_only_with_trigger.py for tasks to queue
[2023-08-28T00:18:09.218+0000] {logging_mixin.py:150} INFO - [2023-08-28T00:18:09.217+0000] {dagbag.py:541} INFO - Filling up the DagBag from /home/airflow/.local/lib/python3.7/site-packages/airflow/example_dags/example_latest_only_with_trigger.py
[2023-08-28T00:18:09.225+0000] {processor.py:836} INFO - DAG(s) dict_keys(['latest_only_with_trigger']) retrieved from /home/airflow/.local/lib/python3.7/site-packages/airflow/example_dags/example_latest_only_with_trigger.py
[2023-08-28T00:18:09.250+0000] {logging_mixin.py:150} INFO - [2023-08-28T00:18:09.250+0000] {dag.py:2742} INFO - Sync 1 DAGs
[2023-08-28T00:18:09.278+0000] {logging_mixin.py:150} INFO - [2023-08-28T00:18:09.277+0000] {dag.py:3508} INFO - Setting next_dagrun for latest_only_with_trigger to 2023-08-27T20:18:09.277666+00:00, run_after=2023-08-28T00:18:09.277666+00:00
[2023-08-28T00:18:09.315+0000] {processor.py:179} INFO - Processing /home/airflow/.local/lib/python3.7/site-packages/airflow/example_dags/example_latest_only_with_trigger.py took 0.103 seconds
[2023-08-28T00:18:39.627+0000] {processor.py:157} INFO - Started process (PID=552) to work on /home/airflow/.local/lib/python3.7/site-packages/airflow/example_dags/example_latest_only_with_trigger.py
[2023-08-28T00:18:39.628+0000] {processor.py:826} INFO - Processing file /home/airflow/.local/lib/python3.7/site-packages/airflow/example_dags/example_latest_only_with_trigger.py for tasks to queue
[2023-08-28T00:18:39.629+0000] {logging_mixin.py:150} INFO - [2023-08-28T00:18:39.629+0000] {dagbag.py:541} INFO - Filling up the DagBag from /home/airflow/.local/lib/python3.7/site-packages/airflow/example_dags/example_latest_only_with_trigger.py
[2023-08-28T00:18:39.635+0000] {processor.py:836} INFO - DAG(s) dict_keys(['latest_only_with_trigger']) retrieved from /home/airflow/.local/lib/python3.7/site-packages/airflow/example_dags/example_latest_only_with_trigger.py
[2023-08-28T00:18:39.660+0000] {logging_mixin.py:150} INFO - [2023-08-28T00:18:39.660+0000] {dag.py:2742} INFO - Sync 1 DAGs
[2023-08-28T00:18:39.687+0000] {logging_mixin.py:150} INFO - [2023-08-28T00:18:39.687+0000] {dag.py:3508} INFO - Setting next_dagrun for latest_only_with_trigger to 2023-08-27T20:18:39.687387+00:00, run_after=2023-08-28T00:18:39.687387+00:00
[2023-08-28T00:18:39.740+0000] {processor.py:179} INFO - Processing /home/airflow/.local/lib/python3.7/site-packages/airflow/example_dags/example_latest_only_with_trigger.py took 0.117 seconds
[2023-08-28T00:19:10.535+0000] {processor.py:157} INFO - Started process (PID=635) to work on /home/airflow/.local/lib/python3.7/site-packages/airflow/example_dags/example_latest_only_with_trigger.py
[2023-08-28T00:19:10.536+0000] {processor.py:826} INFO - Processing file /home/airflow/.local/lib/python3.7/site-packages/airflow/example_dags/example_latest_only_with_trigger.py for tasks to queue
[2023-08-28T00:19:10.537+0000] {logging_mixin.py:150} INFO - [2023-08-28T00:19:10.537+0000] {dagbag.py:541} INFO - Filling up the DagBag from /home/airflow/.local/lib/python3.7/site-packages/airflow/example_dags/example_latest_only_with_trigger.py
[2023-08-28T00:19:10.544+0000] {processor.py:836} INFO - DAG(s) dict_keys(['latest_only_with_trigger']) retrieved from /home/airflow/.local/lib/python3.7/site-packages/airflow/example_dags/example_latest_only_with_trigger.py
[2023-08-28T00:19:10.569+0000] {logging_mixin.py:150} INFO - [2023-08-28T00:19:10.569+0000] {dag.py:2742} INFO - Sync 1 DAGs
[2023-08-28T00:19:10.597+0000] {logging_mixin.py:150} INFO - [2023-08-28T00:19:10.597+0000] {dag.py:3508} INFO - Setting next_dagrun for latest_only_with_trigger to 2023-08-27T20:19:10.597516+00:00, run_after=2023-08-28T00:19:10.597516+00:00
[2023-08-28T00:19:10.636+0000] {processor.py:179} INFO - Processing /home/airflow/.local/lib/python3.7/site-packages/airflow/example_dags/example_latest_only_with_trigger.py took 0.104 seconds
[2023-08-28T00:19:40.965+0000] {processor.py:157} INFO - Started process (PID=718) to work on /home/airflow/.local/lib/python3.7/site-packages/airflow/example_dags/example_latest_only_with_trigger.py
[2023-08-28T00:19:40.966+0000] {processor.py:826} INFO - Processing file /home/airflow/.local/lib/python3.7/site-packages/airflow/example_dags/example_latest_only_with_trigger.py for tasks to queue
[2023-08-28T00:19:40.967+0000] {logging_mixin.py:150} INFO - [2023-08-28T00:19:40.967+0000] {dagbag.py:541} INFO - Filling up the DagBag from /home/airflow/.local/lib/python3.7/site-packages/airflow/example_dags/example_latest_only_with_trigger.py
[2023-08-28T00:19:40.973+0000] {processor.py:836} INFO - DAG(s) dict_keys(['latest_only_with_trigger']) retrieved from /home/airflow/.local/lib/python3.7/site-packages/airflow/example_dags/example_latest_only_with_trigger.py
[2023-08-28T00:19:40.997+0000] {logging_mixin.py:150} INFO - [2023-08-28T00:19:40.997+0000] {dag.py:2742} INFO - Sync 1 DAGs
[2023-08-28T00:19:41.024+0000] {logging_mixin.py:150} INFO - [2023-08-28T00:19:41.024+0000] {dag.py:3508} INFO - Setting next_dagrun for latest_only_with_trigger to 2023-08-27T20:19:41.024242+00:00, run_after=2023-08-28T00:19:41.024242+00:00
[2023-08-28T00:19:41.063+0000] {processor.py:179} INFO - Processing /home/airflow/.local/lib/python3.7/site-packages/airflow/example_dags/example_latest_only_with_trigger.py took 0.101 seconds
[2023-08-28T00:20:11.953+0000] {processor.py:157} INFO - Started process (PID=801) to work on /home/airflow/.local/lib/python3.7/site-packages/airflow/example_dags/example_latest_only_with_trigger.py
[2023-08-28T00:20:11.955+0000] {processor.py:826} INFO - Processing file /home/airflow/.local/lib/python3.7/site-packages/airflow/example_dags/example_latest_only_with_trigger.py for tasks to queue
[2023-08-28T00:20:11.956+0000] {logging_mixin.py:150} INFO - [2023-08-28T00:20:11.955+0000] {dagbag.py:541} INFO - Filling up the DagBag from /home/airflow/.local/lib/python3.7/site-packages/airflow/example_dags/example_latest_only_with_trigger.py
[2023-08-28T00:20:11.961+0000] {processor.py:836} INFO - DAG(s) dict_keys(['latest_only_with_trigger']) retrieved from /home/airflow/.local/lib/python3.7/site-packages/airflow/example_dags/example_latest_only_with_trigger.py
[2023-08-28T00:20:11.984+0000] {logging_mixin.py:150} INFO - [2023-08-28T00:20:11.984+0000] {dag.py:2742} INFO - Sync 1 DAGs
[2023-08-28T00:20:12.010+0000] {logging_mixin.py:150} INFO - [2023-08-28T00:20:12.010+0000] {dag.py:3508} INFO - Setting next_dagrun for latest_only_with_trigger to 2023-08-27T20:20:12.010321+00:00, run_after=2023-08-28T00:20:12.010321+00:00
[2023-08-28T00:20:12.051+0000] {processor.py:179} INFO - Processing /home/airflow/.local/lib/python3.7/site-packages/airflow/example_dags/example_latest_only_with_trigger.py took 0.101 seconds
[2023-08-28T00:20:42.614+0000] {processor.py:157} INFO - Started process (PID=885) to work on /home/airflow/.local/lib/python3.7/site-packages/airflow/example_dags/example_latest_only_with_trigger.py
[2023-08-28T00:20:42.615+0000] {processor.py:826} INFO - Processing file /home/airflow/.local/lib/python3.7/site-packages/airflow/example_dags/example_latest_only_with_trigger.py for tasks to queue
[2023-08-28T00:20:42.616+0000] {logging_mixin.py:150} INFO - [2023-08-28T00:20:42.616+0000] {dagbag.py:541} INFO - Filling up the DagBag from /home/airflow/.local/lib/python3.7/site-packages/airflow/example_dags/example_latest_only_with_trigger.py
[2023-08-28T00:20:42.622+0000] {processor.py:836} INFO - DAG(s) dict_keys(['latest_only_with_trigger']) retrieved from /home/airflow/.local/lib/python3.7/site-packages/airflow/example_dags/example_latest_only_with_trigger.py
[2023-08-28T00:20:42.644+0000] {logging_mixin.py:150} INFO - [2023-08-28T00:20:42.643+0000] {dag.py:2742} INFO - Sync 1 DAGs
[2023-08-28T00:20:42.670+0000] {logging_mixin.py:150} INFO - [2023-08-28T00:20:42.670+0000] {dag.py:3508} INFO - Setting next_dagrun for latest_only_with_trigger to 2023-08-27T20:20:42.670138+00:00, run_after=2023-08-28T00:20:42.670138+00:00
[2023-08-28T00:20:42.707+0000] {processor.py:179} INFO - Processing /home/airflow/.local/lib/python3.7/site-packages/airflow/example_dags/example_latest_only_with_trigger.py took 0.096 seconds
[2023-08-28T00:21:13.464+0000] {processor.py:157} INFO - Started process (PID=968) to work on /home/airflow/.local/lib/python3.7/site-packages/airflow/example_dags/example_latest_only_with_trigger.py
[2023-08-28T00:21:13.465+0000] {processor.py:826} INFO - Processing file /home/airflow/.local/lib/python3.7/site-packages/airflow/example_dags/example_latest_only_with_trigger.py for tasks to queue
[2023-08-28T00:21:13.466+0000] {logging_mixin.py:150} INFO - [2023-08-28T00:21:13.466+0000] {dagbag.py:541} INFO - Filling up the DagBag from /home/airflow/.local/lib/python3.7/site-packages/airflow/example_dags/example_latest_only_with_trigger.py
[2023-08-28T00:21:13.474+0000] {processor.py:836} INFO - DAG(s) dict_keys(['latest_only_with_trigger']) retrieved from /home/airflow/.local/lib/python3.7/site-packages/airflow/example_dags/example_latest_only_with_trigger.py
[2023-08-28T00:21:13.500+0000] {logging_mixin.py:150} INFO - [2023-08-28T00:21:13.500+0000] {dag.py:2742} INFO - Sync 1 DAGs
[2023-08-28T00:21:13.532+0000] {logging_mixin.py:150} INFO - [2023-08-28T00:21:13.532+0000] {dag.py:3508} INFO - Setting next_dagrun for latest_only_with_trigger to 2023-08-27T20:21:13.532220+00:00, run_after=2023-08-28T00:21:13.532220+00:00
[2023-08-28T00:21:13.577+0000] {processor.py:179} INFO - Processing /home/airflow/.local/lib/python3.7/site-packages/airflow/example_dags/example_latest_only_with_trigger.py took 0.116 seconds
[2023-08-28T00:21:44.162+0000] {processor.py:157} INFO - Started process (PID=1051) to work on /home/airflow/.local/lib/python3.7/site-packages/airflow/example_dags/example_latest_only_with_trigger.py
[2023-08-28T00:21:44.164+0000] {processor.py:826} INFO - Processing file /home/airflow/.local/lib/python3.7/site-packages/airflow/example_dags/example_latest_only_with_trigger.py for tasks to queue
[2023-08-28T00:21:44.165+0000] {logging_mixin.py:150} INFO - [2023-08-28T00:21:44.165+0000] {dagbag.py:541} INFO - Filling up the DagBag from /home/airflow/.local/lib/python3.7/site-packages/airflow/example_dags/example_latest_only_with_trigger.py
[2023-08-28T00:21:44.171+0000] {processor.py:836} INFO - DAG(s) dict_keys(['latest_only_with_trigger']) retrieved from /home/airflow/.local/lib/python3.7/site-packages/airflow/example_dags/example_latest_only_with_trigger.py
[2023-08-28T00:21:44.197+0000] {logging_mixin.py:150} INFO - [2023-08-28T00:21:44.196+0000] {dag.py:2742} INFO - Sync 1 DAGs
[2023-08-28T00:21:44.227+0000] {logging_mixin.py:150} INFO - [2023-08-28T00:21:44.226+0000] {dag.py:3508} INFO - Setting next_dagrun for latest_only_with_trigger to 2023-08-27T20:21:44.226678+00:00, run_after=2023-08-28T00:21:44.226678+00:00
[2023-08-28T00:21:44.263+0000] {processor.py:179} INFO - Processing /home/airflow/.local/lib/python3.7/site-packages/airflow/example_dags/example_latest_only_with_trigger.py took 0.104 seconds
[2023-08-28T00:22:14.628+0000] {processor.py:157} INFO - Started process (PID=1134) to work on /home/airflow/.local/lib/python3.7/site-packages/airflow/example_dags/example_latest_only_with_trigger.py
[2023-08-28T00:22:14.629+0000] {processor.py:826} INFO - Processing file /home/airflow/.local/lib/python3.7/site-packages/airflow/example_dags/example_latest_only_with_trigger.py for tasks to queue
[2023-08-28T00:22:14.630+0000] {logging_mixin.py:150} INFO - [2023-08-28T00:22:14.629+0000] {dagbag.py:541} INFO - Filling up the DagBag from /home/airflow/.local/lib/python3.7/site-packages/airflow/example_dags/example_latest_only_with_trigger.py
[2023-08-28T00:22:14.635+0000] {processor.py:836} INFO - DAG(s) dict_keys(['latest_only_with_trigger']) retrieved from /home/airflow/.local/lib/python3.7/site-packages/airflow/example_dags/example_latest_only_with_trigger.py
[2023-08-28T00:22:14.660+0000] {logging_mixin.py:150} INFO - [2023-08-28T00:22:14.660+0000] {dag.py:2742} INFO - Sync 1 DAGs
[2023-08-28T00:22:14.686+0000] {logging_mixin.py:150} INFO - [2023-08-28T00:22:14.686+0000] {dag.py:3508} INFO - Setting next_dagrun for latest_only_with_trigger to 2023-08-27T20:22:14.686199+00:00, run_after=2023-08-28T00:22:14.686199+00:00
[2023-08-28T00:22:14.725+0000] {processor.py:179} INFO - Processing /home/airflow/.local/lib/python3.7/site-packages/airflow/example_dags/example_latest_only_with_trigger.py took 0.100 seconds
[2023-08-28T00:22:45.590+0000] {processor.py:157} INFO - Started process (PID=1217) to work on /home/airflow/.local/lib/python3.7/site-packages/airflow/example_dags/example_latest_only_with_trigger.py
[2023-08-28T00:22:45.591+0000] {processor.py:826} INFO - Processing file /home/airflow/.local/lib/python3.7/site-packages/airflow/example_dags/example_latest_only_with_trigger.py for tasks to queue
[2023-08-28T00:22:45.592+0000] {logging_mixin.py:150} INFO - [2023-08-28T00:22:45.592+0000] {dagbag.py:541} INFO - Filling up the DagBag from /home/airflow/.local/lib/python3.7/site-packages/airflow/example_dags/example_latest_only_with_trigger.py
[2023-08-28T00:22:45.598+0000] {processor.py:836} INFO - DAG(s) dict_keys(['latest_only_with_trigger']) retrieved from /home/airflow/.local/lib/python3.7/site-packages/airflow/example_dags/example_latest_only_with_trigger.py
[2023-08-28T00:22:45.622+0000] {logging_mixin.py:150} INFO - [2023-08-28T00:22:45.622+0000] {dag.py:2742} INFO - Sync 1 DAGs
[2023-08-28T00:22:45.647+0000] {logging_mixin.py:150} INFO - [2023-08-28T00:22:45.647+0000] {dag.py:3508} INFO - Setting next_dagrun for latest_only_with_trigger to 2023-08-27T20:22:45.647503+00:00, run_after=2023-08-28T00:22:45.647503+00:00
[2023-08-28T00:22:45.687+0000] {processor.py:179} INFO - Processing /home/airflow/.local/lib/python3.7/site-packages/airflow/example_dags/example_latest_only_with_trigger.py took 0.100 seconds
[2023-08-28T00:23:16.072+0000] {processor.py:157} INFO - Started process (PID=1300) to work on /home/airflow/.local/lib/python3.7/site-packages/airflow/example_dags/example_latest_only_with_trigger.py
[2023-08-28T00:23:16.073+0000] {processor.py:826} INFO - Processing file /home/airflow/.local/lib/python3.7/site-packages/airflow/example_dags/example_latest_only_with_trigger.py for tasks to queue
[2023-08-28T00:23:16.074+0000] {logging_mixin.py:150} INFO - [2023-08-28T00:23:16.074+0000] {dagbag.py:541} INFO - Filling up the DagBag from /home/airflow/.local/lib/python3.7/site-packages/airflow/example_dags/example_latest_only_with_trigger.py
[2023-08-28T00:23:16.080+0000] {processor.py:836} INFO - DAG(s) dict_keys(['latest_only_with_trigger']) retrieved from /home/airflow/.local/lib/python3.7/site-packages/airflow/example_dags/example_latest_only_with_trigger.py
[2023-08-28T00:23:16.100+0000] {logging_mixin.py:150} INFO - [2023-08-28T00:23:16.100+0000] {dag.py:2742} INFO - Sync 1 DAGs
[2023-08-28T00:23:16.126+0000] {logging_mixin.py:150} INFO - [2023-08-28T00:23:16.126+0000] {dag.py:3508} INFO - Setting next_dagrun for latest_only_with_trigger to 2023-08-27T20:23:16.126244+00:00, run_after=2023-08-28T00:23:16.126244+00:00
[2023-08-28T00:23:16.169+0000] {processor.py:179} INFO - Processing /home/airflow/.local/lib/python3.7/site-packages/airflow/example_dags/example_latest_only_with_trigger.py took 0.100 seconds
[2023-08-28T00:23:46.565+0000] {processor.py:157} INFO - Started process (PID=1383) to work on /home/airflow/.local/lib/python3.7/site-packages/airflow/example_dags/example_latest_only_with_trigger.py
[2023-08-28T00:23:46.566+0000] {processor.py:826} INFO - Processing file /home/airflow/.local/lib/python3.7/site-packages/airflow/example_dags/example_latest_only_with_trigger.py for tasks to queue
[2023-08-28T00:23:46.567+0000] {logging_mixin.py:150} INFO - [2023-08-28T00:23:46.567+0000] {dagbag.py:541} INFO - Filling up the DagBag from /home/airflow/.local/lib/python3.7/site-packages/airflow/example_dags/example_latest_only_with_trigger.py
[2023-08-28T00:23:46.573+0000] {processor.py:836} INFO - DAG(s) dict_keys(['latest_only_with_trigger']) retrieved from /home/airflow/.local/lib/python3.7/site-packages/airflow/example_dags/example_latest_only_with_trigger.py
[2023-08-28T00:23:46.595+0000] {logging_mixin.py:150} INFO - [2023-08-28T00:23:46.595+0000] {dag.py:2742} INFO - Sync 1 DAGs
[2023-08-28T00:23:46.620+0000] {logging_mixin.py:150} INFO - [2023-08-28T00:23:46.619+0000] {dag.py:3508} INFO - Setting next_dagrun for latest_only_with_trigger to 2023-08-27T20:23:46.619478+00:00, run_after=2023-08-28T00:23:46.619478+00:00
[2023-08-28T00:23:46.655+0000] {processor.py:179} INFO - Processing /home/airflow/.local/lib/python3.7/site-packages/airflow/example_dags/example_latest_only_with_trigger.py took 0.093 seconds
[2023-08-28T00:24:17.163+0000] {processor.py:157} INFO - Started process (PID=1466) to work on /home/airflow/.local/lib/python3.7/site-packages/airflow/example_dags/example_latest_only_with_trigger.py
[2023-08-28T00:24:17.164+0000] {processor.py:826} INFO - Processing file /home/airflow/.local/lib/python3.7/site-packages/airflow/example_dags/example_latest_only_with_trigger.py for tasks to queue
[2023-08-28T00:24:17.165+0000] {logging_mixin.py:150} INFO - [2023-08-28T00:24:17.165+0000] {dagbag.py:541} INFO - Filling up the DagBag from /home/airflow/.local/lib/python3.7/site-packages/airflow/example_dags/example_latest_only_with_trigger.py
[2023-08-28T00:24:17.171+0000] {processor.py:836} INFO - DAG(s) dict_keys(['latest_only_with_trigger']) retrieved from /home/airflow/.local/lib/python3.7/site-packages/airflow/example_dags/example_latest_only_with_trigger.py
[2023-08-28T00:24:17.192+0000] {logging_mixin.py:150} INFO - [2023-08-28T00:24:17.192+0000] {dag.py:2742} INFO - Sync 1 DAGs
[2023-08-28T00:24:17.216+0000] {logging_mixin.py:150} INFO - [2023-08-28T00:24:17.216+0000] {dag.py:3508} INFO - Setting next_dagrun for latest_only_with_trigger to 2023-08-27T20:24:17.215873+00:00, run_after=2023-08-28T00:24:17.215873+00:00
[2023-08-28T00:24:17.252+0000] {processor.py:179} INFO - Processing /home/airflow/.local/lib/python3.7/site-packages/airflow/example_dags/example_latest_only_with_trigger.py took 0.092 seconds
[2023-08-28T00:24:47.795+0000] {processor.py:157} INFO - Started process (PID=1549) to work on /home/airflow/.local/lib/python3.7/site-packages/airflow/example_dags/example_latest_only_with_trigger.py
[2023-08-28T00:24:47.796+0000] {processor.py:826} INFO - Processing file /home/airflow/.local/lib/python3.7/site-packages/airflow/example_dags/example_latest_only_with_trigger.py for tasks to queue
[2023-08-28T00:24:47.797+0000] {logging_mixin.py:150} INFO - [2023-08-28T00:24:47.797+0000] {dagbag.py:541} INFO - Filling up the DagBag from /home/airflow/.local/lib/python3.7/site-packages/airflow/example_dags/example_latest_only_with_trigger.py
[2023-08-28T00:24:47.804+0000] {processor.py:836} INFO - DAG(s) dict_keys(['latest_only_with_trigger']) retrieved from /home/airflow/.local/lib/python3.7/site-packages/airflow/example_dags/example_latest_only_with_trigger.py
[2023-08-28T00:24:47.827+0000] {logging_mixin.py:150} INFO - [2023-08-28T00:24:47.827+0000] {dag.py:2742} INFO - Sync 1 DAGs
[2023-08-28T00:24:47.853+0000] {logging_mixin.py:150} INFO - [2023-08-28T00:24:47.853+0000] {dag.py:3508} INFO - Setting next_dagrun for latest_only_with_trigger to 2023-08-27T20:24:47.853190+00:00, run_after=2023-08-28T00:24:47.853190+00:00
[2023-08-28T00:24:47.891+0000] {processor.py:179} INFO - Processing /home/airflow/.local/lib/python3.7/site-packages/airflow/example_dags/example_latest_only_with_trigger.py took 0.099 seconds
[2023-08-28T00:25:18.344+0000] {processor.py:157} INFO - Started process (PID=1632) to work on /home/airflow/.local/lib/python3.7/site-packages/airflow/example_dags/example_latest_only_with_trigger.py
[2023-08-28T00:25:18.345+0000] {processor.py:826} INFO - Processing file /home/airflow/.local/lib/python3.7/site-packages/airflow/example_dags/example_latest_only_with_trigger.py for tasks to queue
[2023-08-28T00:25:18.346+0000] {logging_mixin.py:150} INFO - [2023-08-28T00:25:18.346+0000] {dagbag.py:541} INFO - Filling up the DagBag from /home/airflow/.local/lib/python3.7/site-packages/airflow/example_dags/example_latest_only_with_trigger.py
[2023-08-28T00:25:18.353+0000] {processor.py:836} INFO - DAG(s) dict_keys(['latest_only_with_trigger']) retrieved from /home/airflow/.local/lib/python3.7/site-packages/airflow/example_dags/example_latest_only_with_trigger.py
[2023-08-28T00:25:18.375+0000] {logging_mixin.py:150} INFO - [2023-08-28T00:25:18.374+0000] {dag.py:2742} INFO - Sync 1 DAGs
[2023-08-28T00:25:18.401+0000] {logging_mixin.py:150} INFO - [2023-08-28T00:25:18.401+0000] {dag.py:3508} INFO - Setting next_dagrun for latest_only_with_trigger to 2023-08-27T20:25:18.401361+00:00, run_after=2023-08-28T00:25:18.401361+00:00
[2023-08-28T00:25:18.441+0000] {processor.py:179} INFO - Processing /home/airflow/.local/lib/python3.7/site-packages/airflow/example_dags/example_latest_only_with_trigger.py took 0.100 seconds
[2023-08-28T00:25:48.970+0000] {processor.py:157} INFO - Started process (PID=1715) to work on /home/airflow/.local/lib/python3.7/site-packages/airflow/example_dags/example_latest_only_with_trigger.py
[2023-08-28T00:25:48.971+0000] {processor.py:826} INFO - Processing file /home/airflow/.local/lib/python3.7/site-packages/airflow/example_dags/example_latest_only_with_trigger.py for tasks to queue
[2023-08-28T00:25:48.972+0000] {logging_mixin.py:150} INFO - [2023-08-28T00:25:48.972+0000] {dagbag.py:541} INFO - Filling up the DagBag from /home/airflow/.local/lib/python3.7/site-packages/airflow/example_dags/example_latest_only_with_trigger.py
[2023-08-28T00:25:48.977+0000] {processor.py:836} INFO - DAG(s) dict_keys(['latest_only_with_trigger']) retrieved from /home/airflow/.local/lib/python3.7/site-packages/airflow/example_dags/example_latest_only_with_trigger.py
[2023-08-28T00:25:48.999+0000] {logging_mixin.py:150} INFO - [2023-08-28T00:25:48.999+0000] {dag.py:2742} INFO - Sync 1 DAGs
[2023-08-28T00:25:49.024+0000] {logging_mixin.py:150} INFO - [2023-08-28T00:25:49.024+0000] {dag.py:3508} INFO - Setting next_dagrun for latest_only_with_trigger to 2023-08-27T20:25:49.024180+00:00, run_after=2023-08-28T00:25:49.024180+00:00
[2023-08-28T00:25:49.062+0000] {processor.py:179} INFO - Processing /home/airflow/.local/lib/python3.7/site-packages/airflow/example_dags/example_latest_only_with_trigger.py took 0.095 seconds
[2023-08-28T00:26:20.230+0000] {processor.py:157} INFO - Started process (PID=1798) to work on /home/airflow/.local/lib/python3.7/site-packages/airflow/example_dags/example_latest_only_with_trigger.py
[2023-08-28T00:26:20.232+0000] {processor.py:826} INFO - Processing file /home/airflow/.local/lib/python3.7/site-packages/airflow/example_dags/example_latest_only_with_trigger.py for tasks to queue
[2023-08-28T00:26:20.233+0000] {logging_mixin.py:150} INFO - [2023-08-28T00:26:20.233+0000] {dagbag.py:541} INFO - Filling up the DagBag from /home/airflow/.local/lib/python3.7/site-packages/airflow/example_dags/example_latest_only_with_trigger.py
[2023-08-28T00:26:20.240+0000] {processor.py:836} INFO - DAG(s) dict_keys(['latest_only_with_trigger']) retrieved from /home/airflow/.local/lib/python3.7/site-packages/airflow/example_dags/example_latest_only_with_trigger.py
[2023-08-28T00:26:20.261+0000] {logging_mixin.py:150} INFO - [2023-08-28T00:26:20.261+0000] {dag.py:2742} INFO - Sync 1 DAGs
[2023-08-28T00:26:20.285+0000] {logging_mixin.py:150} INFO - [2023-08-28T00:26:20.285+0000] {dag.py:3508} INFO - Setting next_dagrun for latest_only_with_trigger to 2023-08-27T20:26:20.285524+00:00, run_after=2023-08-28T00:26:20.285524+00:00
[2023-08-28T00:26:20.322+0000] {processor.py:179} INFO - Processing /home/airflow/.local/lib/python3.7/site-packages/airflow/example_dags/example_latest_only_with_trigger.py took 0.095 seconds
[2023-08-28T00:26:50.681+0000] {processor.py:157} INFO - Started process (PID=1881) to work on /home/airflow/.local/lib/python3.7/site-packages/airflow/example_dags/example_latest_only_with_trigger.py
[2023-08-28T00:26:50.683+0000] {processor.py:826} INFO - Processing file /home/airflow/.local/lib/python3.7/site-packages/airflow/example_dags/example_latest_only_with_trigger.py for tasks to queue
[2023-08-28T00:26:50.684+0000] {logging_mixin.py:150} INFO - [2023-08-28T00:26:50.684+0000] {dagbag.py:541} INFO - Filling up the DagBag from /home/airflow/.local/lib/python3.7/site-packages/airflow/example_dags/example_latest_only_with_trigger.py
[2023-08-28T00:26:50.689+0000] {processor.py:836} INFO - DAG(s) dict_keys(['latest_only_with_trigger']) retrieved from /home/airflow/.local/lib/python3.7/site-packages/airflow/example_dags/example_latest_only_with_trigger.py
[2023-08-28T00:26:50.711+0000] {logging_mixin.py:150} INFO - [2023-08-28T00:26:50.711+0000] {dag.py:2742} INFO - Sync 1 DAGs
[2023-08-28T00:26:50.735+0000] {logging_mixin.py:150} INFO - [2023-08-28T00:26:50.735+0000] {dag.py:3508} INFO - Setting next_dagrun for latest_only_with_trigger to 2023-08-27T20:26:50.735004+00:00, run_after=2023-08-28T00:26:50.735004+00:00
[2023-08-28T00:26:50.789+0000] {processor.py:179} INFO - Processing /home/airflow/.local/lib/python3.7/site-packages/airflow/example_dags/example_latest_only_with_trigger.py took 0.110 seconds
[2023-08-28T00:27:21.088+0000] {processor.py:157} INFO - Started process (PID=1964) to work on /home/airflow/.local/lib/python3.7/site-packages/airflow/example_dags/example_latest_only_with_trigger.py
[2023-08-28T00:27:21.089+0000] {processor.py:826} INFO - Processing file /home/airflow/.local/lib/python3.7/site-packages/airflow/example_dags/example_latest_only_with_trigger.py for tasks to queue
[2023-08-28T00:27:21.090+0000] {logging_mixin.py:150} INFO - [2023-08-28T00:27:21.089+0000] {dagbag.py:541} INFO - Filling up the DagBag from /home/airflow/.local/lib/python3.7/site-packages/airflow/example_dags/example_latest_only_with_trigger.py
[2023-08-28T00:27:21.095+0000] {processor.py:836} INFO - DAG(s) dict_keys(['latest_only_with_trigger']) retrieved from /home/airflow/.local/lib/python3.7/site-packages/airflow/example_dags/example_latest_only_with_trigger.py
[2023-08-28T00:27:21.116+0000] {logging_mixin.py:150} INFO - [2023-08-28T00:27:21.116+0000] {dag.py:2742} INFO - Sync 1 DAGs
[2023-08-28T00:27:21.141+0000] {logging_mixin.py:150} INFO - [2023-08-28T00:27:21.141+0000] {dag.py:3508} INFO - Setting next_dagrun for latest_only_with_trigger to 2023-08-27T20:27:21.140958+00:00, run_after=2023-08-28T00:27:21.140958+00:00
[2023-08-28T00:27:21.197+0000] {processor.py:179} INFO - Processing /home/airflow/.local/lib/python3.7/site-packages/airflow/example_dags/example_latest_only_with_trigger.py took 0.112 seconds
[2023-08-28T00:27:51.824+0000] {processor.py:157} INFO - Started process (PID=2047) to work on /home/airflow/.local/lib/python3.7/site-packages/airflow/example_dags/example_latest_only_with_trigger.py
[2023-08-28T00:27:51.825+0000] {processor.py:826} INFO - Processing file /home/airflow/.local/lib/python3.7/site-packages/airflow/example_dags/example_latest_only_with_trigger.py for tasks to queue
[2023-08-28T00:27:51.826+0000] {logging_mixin.py:150} INFO - [2023-08-28T00:27:51.826+0000] {dagbag.py:541} INFO - Filling up the DagBag from /home/airflow/.local/lib/python3.7/site-packages/airflow/example_dags/example_latest_only_with_trigger.py
[2023-08-28T00:27:51.833+0000] {processor.py:836} INFO - DAG(s) dict_keys(['latest_only_with_trigger']) retrieved from /home/airflow/.local/lib/python3.7/site-packages/airflow/example_dags/example_latest_only_with_trigger.py
[2023-08-28T00:27:51.857+0000] {logging_mixin.py:150} INFO - [2023-08-28T00:27:51.857+0000] {dag.py:2742} INFO - Sync 1 DAGs
[2023-08-28T00:27:51.887+0000] {logging_mixin.py:150} INFO - [2023-08-28T00:27:51.886+0000] {dag.py:3508} INFO - Setting next_dagrun for latest_only_with_trigger to 2023-08-27T20:27:51.886670+00:00, run_after=2023-08-28T00:27:51.886670+00:00
[2023-08-28T00:27:51.943+0000] {processor.py:179} INFO - Processing /home/airflow/.local/lib/python3.7/site-packages/airflow/example_dags/example_latest_only_with_trigger.py took 0.122 seconds
[2023-08-28T00:28:22.372+0000] {processor.py:157} INFO - Started process (PID=2130) to work on /home/airflow/.local/lib/python3.7/site-packages/airflow/example_dags/example_latest_only_with_trigger.py
[2023-08-28T00:28:22.373+0000] {processor.py:826} INFO - Processing file /home/airflow/.local/lib/python3.7/site-packages/airflow/example_dags/example_latest_only_with_trigger.py for tasks to queue
[2023-08-28T00:28:22.374+0000] {logging_mixin.py:150} INFO - [2023-08-28T00:28:22.374+0000] {dagbag.py:541} INFO - Filling up the DagBag from /home/airflow/.local/lib/python3.7/site-packages/airflow/example_dags/example_latest_only_with_trigger.py
[2023-08-28T00:28:22.380+0000] {processor.py:836} INFO - DAG(s) dict_keys(['latest_only_with_trigger']) retrieved from /home/airflow/.local/lib/python3.7/site-packages/airflow/example_dags/example_latest_only_with_trigger.py
[2023-08-28T00:28:22.403+0000] {logging_mixin.py:150} INFO - [2023-08-28T00:28:22.403+0000] {dag.py:2742} INFO - Sync 1 DAGs
[2023-08-28T00:28:22.428+0000] {logging_mixin.py:150} INFO - [2023-08-28T00:28:22.428+0000] {dag.py:3508} INFO - Setting next_dagrun for latest_only_with_trigger to 2023-08-27T20:28:22.428467+00:00, run_after=2023-08-28T00:28:22.428467+00:00
[2023-08-28T00:28:22.465+0000] {processor.py:179} INFO - Processing /home/airflow/.local/lib/python3.7/site-packages/airflow/example_dags/example_latest_only_with_trigger.py took 0.096 seconds
[2023-08-28T00:28:52.818+0000] {processor.py:157} INFO - Started process (PID=2213) to work on /home/airflow/.local/lib/python3.7/site-packages/airflow/example_dags/example_latest_only_with_trigger.py
[2023-08-28T00:28:52.819+0000] {processor.py:826} INFO - Processing file /home/airflow/.local/lib/python3.7/site-packages/airflow/example_dags/example_latest_only_with_trigger.py for tasks to queue
[2023-08-28T00:28:52.820+0000] {logging_mixin.py:150} INFO - [2023-08-28T00:28:52.820+0000] {dagbag.py:541} INFO - Filling up the DagBag from /home/airflow/.local/lib/python3.7/site-packages/airflow/example_dags/example_latest_only_with_trigger.py
[2023-08-28T00:28:52.826+0000] {processor.py:836} INFO - DAG(s) dict_keys(['latest_only_with_trigger']) retrieved from /home/airflow/.local/lib/python3.7/site-packages/airflow/example_dags/example_latest_only_with_trigger.py
[2023-08-28T00:28:52.851+0000] {logging_mixin.py:150} INFO - [2023-08-28T00:28:52.851+0000] {dag.py:2742} INFO - Sync 1 DAGs
[2023-08-28T00:28:52.879+0000] {logging_mixin.py:150} INFO - [2023-08-28T00:28:52.879+0000] {dag.py:3508} INFO - Setting next_dagrun for latest_only_with_trigger to 2023-08-27T20:28:52.878727+00:00, run_after=2023-08-28T00:28:52.878727+00:00
[2023-08-28T00:28:52.914+0000] {processor.py:179} INFO - Processing /home/airflow/.local/lib/python3.7/site-packages/airflow/example_dags/example_latest_only_with_trigger.py took 0.099 seconds
[2023-08-28T00:29:23.507+0000] {processor.py:157} INFO - Started process (PID=2296) to work on /home/airflow/.local/lib/python3.7/site-packages/airflow/example_dags/example_latest_only_with_trigger.py
[2023-08-28T00:29:23.508+0000] {processor.py:826} INFO - Processing file /home/airflow/.local/lib/python3.7/site-packages/airflow/example_dags/example_latest_only_with_trigger.py for tasks to queue
[2023-08-28T00:29:23.510+0000] {logging_mixin.py:150} INFO - [2023-08-28T00:29:23.509+0000] {dagbag.py:541} INFO - Filling up the DagBag from /home/airflow/.local/lib/python3.7/site-packages/airflow/example_dags/example_latest_only_with_trigger.py
[2023-08-28T00:29:23.517+0000] {processor.py:836} INFO - DAG(s) dict_keys(['latest_only_with_trigger']) retrieved from /home/airflow/.local/lib/python3.7/site-packages/airflow/example_dags/example_latest_only_with_trigger.py
[2023-08-28T00:29:23.540+0000] {logging_mixin.py:150} INFO - [2023-08-28T00:29:23.540+0000] {dag.py:2742} INFO - Sync 1 DAGs
[2023-08-28T00:29:23.567+0000] {logging_mixin.py:150} INFO - [2023-08-28T00:29:23.567+0000] {dag.py:3508} INFO - Setting next_dagrun for latest_only_with_trigger to 2023-08-27T20:29:23.566921+00:00, run_after=2023-08-28T00:29:23.566921+00:00
[2023-08-28T00:29:23.603+0000] {processor.py:179} INFO - Processing /home/airflow/.local/lib/python3.7/site-packages/airflow/example_dags/example_latest_only_with_trigger.py took 0.099 seconds
[2023-08-28T00:29:53.913+0000] {processor.py:157} INFO - Started process (PID=2378) to work on /home/airflow/.local/lib/python3.7/site-packages/airflow/example_dags/example_latest_only_with_trigger.py
[2023-08-28T00:29:53.915+0000] {processor.py:826} INFO - Processing file /home/airflow/.local/lib/python3.7/site-packages/airflow/example_dags/example_latest_only_with_trigger.py for tasks to queue
[2023-08-28T00:29:53.916+0000] {logging_mixin.py:150} INFO - [2023-08-28T00:29:53.916+0000] {dagbag.py:541} INFO - Filling up the DagBag from /home/airflow/.local/lib/python3.7/site-packages/airflow/example_dags/example_latest_only_with_trigger.py
[2023-08-28T00:29:53.922+0000] {processor.py:836} INFO - DAG(s) dict_keys(['latest_only_with_trigger']) retrieved from /home/airflow/.local/lib/python3.7/site-packages/airflow/example_dags/example_latest_only_with_trigger.py
[2023-08-28T00:29:53.944+0000] {logging_mixin.py:150} INFO - [2023-08-28T00:29:53.944+0000] {dag.py:2742} INFO - Sync 1 DAGs
[2023-08-28T00:29:53.969+0000] {logging_mixin.py:150} INFO - [2023-08-28T00:29:53.969+0000] {dag.py:3508} INFO - Setting next_dagrun for latest_only_with_trigger to 2023-08-27T20:29:53.969104+00:00, run_after=2023-08-28T00:29:53.969104+00:00
[2023-08-28T00:29:54.006+0000] {processor.py:179} INFO - Processing /home/airflow/.local/lib/python3.7/site-packages/airflow/example_dags/example_latest_only_with_trigger.py took 0.095 seconds
[2023-08-28T00:30:24.824+0000] {processor.py:157} INFO - Started process (PID=2461) to work on /home/airflow/.local/lib/python3.7/site-packages/airflow/example_dags/example_latest_only_with_trigger.py
[2023-08-28T00:30:24.826+0000] {processor.py:826} INFO - Processing file /home/airflow/.local/lib/python3.7/site-packages/airflow/example_dags/example_latest_only_with_trigger.py for tasks to queue
[2023-08-28T00:30:24.827+0000] {logging_mixin.py:150} INFO - [2023-08-28T00:30:24.826+0000] {dagbag.py:541} INFO - Filling up the DagBag from /home/airflow/.local/lib/python3.7/site-packages/airflow/example_dags/example_latest_only_with_trigger.py
[2023-08-28T00:30:24.834+0000] {processor.py:836} INFO - DAG(s) dict_keys(['latest_only_with_trigger']) retrieved from /home/airflow/.local/lib/python3.7/site-packages/airflow/example_dags/example_latest_only_with_trigger.py
[2023-08-28T00:30:24.860+0000] {logging_mixin.py:150} INFO - [2023-08-28T00:30:24.860+0000] {dag.py:2742} INFO - Sync 1 DAGs
[2023-08-28T00:30:24.895+0000] {logging_mixin.py:150} INFO - [2023-08-28T00:30:24.895+0000] {dag.py:3508} INFO - Setting next_dagrun for latest_only_with_trigger to 2023-08-27T20:30:24.895504+00:00, run_after=2023-08-28T00:30:24.895504+00:00
[2023-08-28T00:30:24.934+0000] {processor.py:179} INFO - Processing /home/airflow/.local/lib/python3.7/site-packages/airflow/example_dags/example_latest_only_with_trigger.py took 0.112 seconds
[2023-08-28T00:30:55.467+0000] {processor.py:157} INFO - Started process (PID=2544) to work on /home/airflow/.local/lib/python3.7/site-packages/airflow/example_dags/example_latest_only_with_trigger.py
[2023-08-28T00:30:55.468+0000] {processor.py:826} INFO - Processing file /home/airflow/.local/lib/python3.7/site-packages/airflow/example_dags/example_latest_only_with_trigger.py for tasks to queue
[2023-08-28T00:30:55.469+0000] {logging_mixin.py:150} INFO - [2023-08-28T00:30:55.469+0000] {dagbag.py:541} INFO - Filling up the DagBag from /home/airflow/.local/lib/python3.7/site-packages/airflow/example_dags/example_latest_only_with_trigger.py
[2023-08-28T00:30:55.477+0000] {processor.py:836} INFO - DAG(s) dict_keys(['latest_only_with_trigger']) retrieved from /home/airflow/.local/lib/python3.7/site-packages/airflow/example_dags/example_latest_only_with_trigger.py
[2023-08-28T00:30:55.501+0000] {logging_mixin.py:150} INFO - [2023-08-28T00:30:55.500+0000] {dag.py:2742} INFO - Sync 1 DAGs
[2023-08-28T00:30:55.528+0000] {logging_mixin.py:150} INFO - [2023-08-28T00:30:55.528+0000] {dag.py:3508} INFO - Setting next_dagrun for latest_only_with_trigger to 2023-08-27T20:30:55.528226+00:00, run_after=2023-08-28T00:30:55.528226+00:00
[2023-08-28T00:30:55.572+0000] {processor.py:179} INFO - Processing /home/airflow/.local/lib/python3.7/site-packages/airflow/example_dags/example_latest_only_with_trigger.py took 0.107 seconds
[2023-08-28T00:31:26.206+0000] {processor.py:157} INFO - Started process (PID=2627) to work on /home/airflow/.local/lib/python3.7/site-packages/airflow/example_dags/example_latest_only_with_trigger.py
[2023-08-28T00:31:26.208+0000] {processor.py:826} INFO - Processing file /home/airflow/.local/lib/python3.7/site-packages/airflow/example_dags/example_latest_only_with_trigger.py for tasks to queue
[2023-08-28T00:31:26.209+0000] {logging_mixin.py:150} INFO - [2023-08-28T00:31:26.209+0000] {dagbag.py:541} INFO - Filling up the DagBag from /home/airflow/.local/lib/python3.7/site-packages/airflow/example_dags/example_latest_only_with_trigger.py
[2023-08-28T00:31:26.218+0000] {processor.py:836} INFO - DAG(s) dict_keys(['latest_only_with_trigger']) retrieved from /home/airflow/.local/lib/python3.7/site-packages/airflow/example_dags/example_latest_only_with_trigger.py
[2023-08-28T00:31:26.242+0000] {logging_mixin.py:150} INFO - [2023-08-28T00:31:26.241+0000] {dag.py:2742} INFO - Sync 1 DAGs
[2023-08-28T00:31:26.268+0000] {logging_mixin.py:150} INFO - [2023-08-28T00:31:26.268+0000] {dag.py:3508} INFO - Setting next_dagrun for latest_only_with_trigger to 2023-08-27T20:31:26.267940+00:00, run_after=2023-08-28T00:31:26.267940+00:00
[2023-08-28T00:31:26.304+0000] {processor.py:179} INFO - Processing /home/airflow/.local/lib/python3.7/site-packages/airflow/example_dags/example_latest_only_with_trigger.py took 0.100 seconds
[2023-08-28T00:31:56.634+0000] {processor.py:157} INFO - Started process (PID=2710) to work on /home/airflow/.local/lib/python3.7/site-packages/airflow/example_dags/example_latest_only_with_trigger.py
[2023-08-28T00:31:56.635+0000] {processor.py:826} INFO - Processing file /home/airflow/.local/lib/python3.7/site-packages/airflow/example_dags/example_latest_only_with_trigger.py for tasks to queue
[2023-08-28T00:31:56.636+0000] {logging_mixin.py:150} INFO - [2023-08-28T00:31:56.636+0000] {dagbag.py:541} INFO - Filling up the DagBag from /home/airflow/.local/lib/python3.7/site-packages/airflow/example_dags/example_latest_only_with_trigger.py
[2023-08-28T00:31:56.641+0000] {processor.py:836} INFO - DAG(s) dict_keys(['latest_only_with_trigger']) retrieved from /home/airflow/.local/lib/python3.7/site-packages/airflow/example_dags/example_latest_only_with_trigger.py
[2023-08-28T00:31:56.664+0000] {logging_mixin.py:150} INFO - [2023-08-28T00:31:56.664+0000] {dag.py:2742} INFO - Sync 1 DAGs
[2023-08-28T00:31:56.689+0000] {logging_mixin.py:150} INFO - [2023-08-28T00:31:56.689+0000] {dag.py:3508} INFO - Setting next_dagrun for latest_only_with_trigger to 2023-08-27T20:31:56.689294+00:00, run_after=2023-08-28T00:31:56.689294+00:00
[2023-08-28T00:31:56.728+0000] {processor.py:179} INFO - Processing /home/airflow/.local/lib/python3.7/site-packages/airflow/example_dags/example_latest_only_with_trigger.py took 0.097 seconds
[2023-08-28T00:32:27.091+0000] {processor.py:157} INFO - Started process (PID=2793) to work on /home/airflow/.local/lib/python3.7/site-packages/airflow/example_dags/example_latest_only_with_trigger.py
[2023-08-28T00:32:27.091+0000] {processor.py:826} INFO - Processing file /home/airflow/.local/lib/python3.7/site-packages/airflow/example_dags/example_latest_only_with_trigger.py for tasks to queue
[2023-08-28T00:32:27.093+0000] {logging_mixin.py:150} INFO - [2023-08-28T00:32:27.092+0000] {dagbag.py:541} INFO - Filling up the DagBag from /home/airflow/.local/lib/python3.7/site-packages/airflow/example_dags/example_latest_only_with_trigger.py
[2023-08-28T00:32:27.098+0000] {processor.py:836} INFO - DAG(s) dict_keys(['latest_only_with_trigger']) retrieved from /home/airflow/.local/lib/python3.7/site-packages/airflow/example_dags/example_latest_only_with_trigger.py
[2023-08-28T00:32:27.119+0000] {logging_mixin.py:150} INFO - [2023-08-28T00:32:27.119+0000] {dag.py:2742} INFO - Sync 1 DAGs
[2023-08-28T00:32:27.143+0000] {logging_mixin.py:150} INFO - [2023-08-28T00:32:27.143+0000] {dag.py:3508} INFO - Setting next_dagrun for latest_only_with_trigger to 2023-08-27T20:32:27.142942+00:00, run_after=2023-08-28T00:32:27.142942+00:00
[2023-08-28T00:32:27.201+0000] {processor.py:179} INFO - Processing /home/airflow/.local/lib/python3.7/site-packages/airflow/example_dags/example_latest_only_with_trigger.py took 0.113 seconds
[2023-08-28T00:32:57.551+0000] {processor.py:157} INFO - Started process (PID=2876) to work on /home/airflow/.local/lib/python3.7/site-packages/airflow/example_dags/example_latest_only_with_trigger.py
[2023-08-28T00:32:57.553+0000] {processor.py:826} INFO - Processing file /home/airflow/.local/lib/python3.7/site-packages/airflow/example_dags/example_latest_only_with_trigger.py for tasks to queue
[2023-08-28T00:32:57.554+0000] {logging_mixin.py:150} INFO - [2023-08-28T00:32:57.553+0000] {dagbag.py:541} INFO - Filling up the DagBag from /home/airflow/.local/lib/python3.7/site-packages/airflow/example_dags/example_latest_only_with_trigger.py
[2023-08-28T00:32:57.560+0000] {processor.py:836} INFO - DAG(s) dict_keys(['latest_only_with_trigger']) retrieved from /home/airflow/.local/lib/python3.7/site-packages/airflow/example_dags/example_latest_only_with_trigger.py
[2023-08-28T00:32:57.583+0000] {logging_mixin.py:150} INFO - [2023-08-28T00:32:57.583+0000] {dag.py:2742} INFO - Sync 1 DAGs
[2023-08-28T00:32:57.609+0000] {logging_mixin.py:150} INFO - [2023-08-28T00:32:57.609+0000] {dag.py:3508} INFO - Setting next_dagrun for latest_only_with_trigger to 2023-08-27T20:32:57.608660+00:00, run_after=2023-08-28T00:32:57.608660+00:00
[2023-08-28T00:32:57.666+0000] {processor.py:179} INFO - Processing /home/airflow/.local/lib/python3.7/site-packages/airflow/example_dags/example_latest_only_with_trigger.py took 0.117 seconds
[2023-08-28T00:33:28.752+0000] {processor.py:157} INFO - Started process (PID=2959) to work on /home/airflow/.local/lib/python3.7/site-packages/airflow/example_dags/example_latest_only_with_trigger.py
[2023-08-28T00:33:28.753+0000] {processor.py:826} INFO - Processing file /home/airflow/.local/lib/python3.7/site-packages/airflow/example_dags/example_latest_only_with_trigger.py for tasks to queue
[2023-08-28T00:33:28.754+0000] {logging_mixin.py:150} INFO - [2023-08-28T00:33:28.754+0000] {dagbag.py:541} INFO - Filling up the DagBag from /home/airflow/.local/lib/python3.7/site-packages/airflow/example_dags/example_latest_only_with_trigger.py
[2023-08-28T00:33:28.761+0000] {processor.py:836} INFO - DAG(s) dict_keys(['latest_only_with_trigger']) retrieved from /home/airflow/.local/lib/python3.7/site-packages/airflow/example_dags/example_latest_only_with_trigger.py
[2023-08-28T00:33:28.784+0000] {logging_mixin.py:150} INFO - [2023-08-28T00:33:28.784+0000] {dag.py:2742} INFO - Sync 1 DAGs
[2023-08-28T00:33:28.823+0000] {logging_mixin.py:150} INFO - [2023-08-28T00:33:28.823+0000] {dag.py:3508} INFO - Setting next_dagrun for latest_only_with_trigger to 2023-08-27T20:33:28.822594+00:00, run_after=2023-08-28T00:33:28.822594+00:00
[2023-08-28T00:33:28.865+0000] {processor.py:179} INFO - Processing /home/airflow/.local/lib/python3.7/site-packages/airflow/example_dags/example_latest_only_with_trigger.py took 0.115 seconds
[2023-08-28T00:33:59.471+0000] {processor.py:157} INFO - Started process (PID=3042) to work on /home/airflow/.local/lib/python3.7/site-packages/airflow/example_dags/example_latest_only_with_trigger.py
[2023-08-28T00:33:59.472+0000] {processor.py:826} INFO - Processing file /home/airflow/.local/lib/python3.7/site-packages/airflow/example_dags/example_latest_only_with_trigger.py for tasks to queue
[2023-08-28T00:33:59.473+0000] {logging_mixin.py:150} INFO - [2023-08-28T00:33:59.473+0000] {dagbag.py:541} INFO - Filling up the DagBag from /home/airflow/.local/lib/python3.7/site-packages/airflow/example_dags/example_latest_only_with_trigger.py
[2023-08-28T00:33:59.479+0000] {processor.py:836} INFO - DAG(s) dict_keys(['latest_only_with_trigger']) retrieved from /home/airflow/.local/lib/python3.7/site-packages/airflow/example_dags/example_latest_only_with_trigger.py
[2023-08-28T00:33:59.507+0000] {logging_mixin.py:150} INFO - [2023-08-28T00:33:59.507+0000] {dag.py:2742} INFO - Sync 1 DAGs
[2023-08-28T00:33:59.543+0000] {logging_mixin.py:150} INFO - [2023-08-28T00:33:59.542+0000] {dag.py:3508} INFO - Setting next_dagrun for latest_only_with_trigger to 2023-08-27T20:33:59.542603+00:00, run_after=2023-08-28T00:33:59.542603+00:00
[2023-08-28T00:33:59.581+0000] {processor.py:179} INFO - Processing /home/airflow/.local/lib/python3.7/site-packages/airflow/example_dags/example_latest_only_with_trigger.py took 0.113 seconds
