[2023-08-28T00:15:37.184+0000] {processor.py:157} INFO - Started process (PID=64) to work on /home/airflow/.local/lib/python3.7/site-packages/airflow/example_dags/example_task_group.py
[2023-08-28T00:15:37.185+0000] {processor.py:826} INFO - Processing file /home/airflow/.local/lib/python3.7/site-packages/airflow/example_dags/example_task_group.py for tasks to queue
[2023-08-28T00:15:37.186+0000] {logging_mixin.py:150} INFO - [2023-08-28T00:15:37.186+0000] {dagbag.py:541} INFO - Filling up the DagBag from /home/airflow/.local/lib/python3.7/site-packages/airflow/example_dags/example_task_group.py
[2023-08-28T00:15:37.196+0000] {processor.py:836} INFO - DAG(s) dict_keys(['example_task_group']) retrieved from /home/airflow/.local/lib/python3.7/site-packages/airflow/example_dags/example_task_group.py
[2023-08-28T00:15:37.209+0000] {logging_mixin.py:150} INFO - [2023-08-28T00:15:37.209+0000] {dag.py:2742} INFO - Sync 1 DAGs
[2023-08-28T00:15:37.347+0000] {logging_mixin.py:150} INFO - [2023-08-28T00:15:37.347+0000] {dag.py:3508} INFO - Setting next_dagrun for example_task_group to 2023-08-27T00:15:37.347197+00:00, run_after=2023-08-28T00:15:37.347197+00:00
[2023-08-28T00:15:37.390+0000] {processor.py:179} INFO - Processing /home/airflow/.local/lib/python3.7/site-packages/airflow/example_dags/example_task_group.py took 0.209 seconds
[2023-08-28T00:16:07.624+0000] {processor.py:157} INFO - Started process (PID=147) to work on /home/airflow/.local/lib/python3.7/site-packages/airflow/example_dags/example_task_group.py
[2023-08-28T00:16:07.625+0000] {processor.py:826} INFO - Processing file /home/airflow/.local/lib/python3.7/site-packages/airflow/example_dags/example_task_group.py for tasks to queue
[2023-08-28T00:16:07.626+0000] {logging_mixin.py:150} INFO - [2023-08-28T00:16:07.626+0000] {dagbag.py:541} INFO - Filling up the DagBag from /home/airflow/.local/lib/python3.7/site-packages/airflow/example_dags/example_task_group.py
[2023-08-28T00:16:07.634+0000] {processor.py:836} INFO - DAG(s) dict_keys(['example_task_group']) retrieved from /home/airflow/.local/lib/python3.7/site-packages/airflow/example_dags/example_task_group.py
[2023-08-28T00:16:07.660+0000] {logging_mixin.py:150} INFO - [2023-08-28T00:16:07.660+0000] {dag.py:2742} INFO - Sync 1 DAGs
[2023-08-28T00:16:07.687+0000] {logging_mixin.py:150} INFO - [2023-08-28T00:16:07.687+0000] {dag.py:3508} INFO - Setting next_dagrun for example_task_group to 2023-08-27T00:16:07.687239+00:00, run_after=2023-08-28T00:16:07.687239+00:00
[2023-08-28T00:16:07.725+0000] {processor.py:179} INFO - Processing /home/airflow/.local/lib/python3.7/site-packages/airflow/example_dags/example_task_group.py took 0.105 seconds
[2023-08-28T00:16:38.091+0000] {processor.py:157} INFO - Started process (PID=230) to work on /home/airflow/.local/lib/python3.7/site-packages/airflow/example_dags/example_task_group.py
[2023-08-28T00:16:38.092+0000] {processor.py:826} INFO - Processing file /home/airflow/.local/lib/python3.7/site-packages/airflow/example_dags/example_task_group.py for tasks to queue
[2023-08-28T00:16:38.093+0000] {logging_mixin.py:150} INFO - [2023-08-28T00:16:38.092+0000] {dagbag.py:541} INFO - Filling up the DagBag from /home/airflow/.local/lib/python3.7/site-packages/airflow/example_dags/example_task_group.py
[2023-08-28T00:16:38.101+0000] {processor.py:836} INFO - DAG(s) dict_keys(['example_task_group']) retrieved from /home/airflow/.local/lib/python3.7/site-packages/airflow/example_dags/example_task_group.py
[2023-08-28T00:16:38.125+0000] {logging_mixin.py:150} INFO - [2023-08-28T00:16:38.125+0000] {dag.py:2742} INFO - Sync 1 DAGs
[2023-08-28T00:16:38.151+0000] {logging_mixin.py:150} INFO - [2023-08-28T00:16:38.150+0000] {dag.py:3508} INFO - Setting next_dagrun for example_task_group to 2023-08-27T00:16:38.150738+00:00, run_after=2023-08-28T00:16:38.150738+00:00
[2023-08-28T00:16:38.186+0000] {processor.py:179} INFO - Processing /home/airflow/.local/lib/python3.7/site-packages/airflow/example_dags/example_task_group.py took 0.099 seconds
[2023-08-28T00:17:09.048+0000] {processor.py:157} INFO - Started process (PID=313) to work on /home/airflow/.local/lib/python3.7/site-packages/airflow/example_dags/example_task_group.py
[2023-08-28T00:17:09.049+0000] {processor.py:826} INFO - Processing file /home/airflow/.local/lib/python3.7/site-packages/airflow/example_dags/example_task_group.py for tasks to queue
[2023-08-28T00:17:09.050+0000] {logging_mixin.py:150} INFO - [2023-08-28T00:17:09.050+0000] {dagbag.py:541} INFO - Filling up the DagBag from /home/airflow/.local/lib/python3.7/site-packages/airflow/example_dags/example_task_group.py
[2023-08-28T00:17:09.058+0000] {processor.py:836} INFO - DAG(s) dict_keys(['example_task_group']) retrieved from /home/airflow/.local/lib/python3.7/site-packages/airflow/example_dags/example_task_group.py
[2023-08-28T00:17:09.081+0000] {logging_mixin.py:150} INFO - [2023-08-28T00:17:09.081+0000] {dag.py:2742} INFO - Sync 1 DAGs
[2023-08-28T00:17:09.106+0000] {logging_mixin.py:150} INFO - [2023-08-28T00:17:09.106+0000] {dag.py:3508} INFO - Setting next_dagrun for example_task_group to 2023-08-27T00:17:09.106336+00:00, run_after=2023-08-28T00:17:09.106336+00:00
[2023-08-28T00:17:09.161+0000] {processor.py:179} INFO - Processing /home/airflow/.local/lib/python3.7/site-packages/airflow/example_dags/example_task_group.py took 0.116 seconds
[2023-08-28T00:17:39.433+0000] {processor.py:157} INFO - Started process (PID=397) to work on /home/airflow/.local/lib/python3.7/site-packages/airflow/example_dags/example_task_group.py
[2023-08-28T00:17:39.434+0000] {processor.py:826} INFO - Processing file /home/airflow/.local/lib/python3.7/site-packages/airflow/example_dags/example_task_group.py for tasks to queue
[2023-08-28T00:17:39.435+0000] {logging_mixin.py:150} INFO - [2023-08-28T00:17:39.435+0000] {dagbag.py:541} INFO - Filling up the DagBag from /home/airflow/.local/lib/python3.7/site-packages/airflow/example_dags/example_task_group.py
[2023-08-28T00:17:39.442+0000] {processor.py:836} INFO - DAG(s) dict_keys(['example_task_group']) retrieved from /home/airflow/.local/lib/python3.7/site-packages/airflow/example_dags/example_task_group.py
[2023-08-28T00:17:39.466+0000] {logging_mixin.py:150} INFO - [2023-08-28T00:17:39.466+0000] {dag.py:2742} INFO - Sync 1 DAGs
[2023-08-28T00:17:39.491+0000] {logging_mixin.py:150} INFO - [2023-08-28T00:17:39.491+0000] {dag.py:3508} INFO - Setting next_dagrun for example_task_group to 2023-08-27T00:17:39.491329+00:00, run_after=2023-08-28T00:17:39.491329+00:00
[2023-08-28T00:17:39.528+0000] {processor.py:179} INFO - Processing /home/airflow/.local/lib/python3.7/site-packages/airflow/example_dags/example_task_group.py took 0.098 seconds
[2023-08-28T00:18:09.946+0000] {processor.py:157} INFO - Started process (PID=480) to work on /home/airflow/.local/lib/python3.7/site-packages/airflow/example_dags/example_task_group.py
[2023-08-28T00:18:09.947+0000] {processor.py:826} INFO - Processing file /home/airflow/.local/lib/python3.7/site-packages/airflow/example_dags/example_task_group.py for tasks to queue
[2023-08-28T00:18:09.949+0000] {logging_mixin.py:150} INFO - [2023-08-28T00:18:09.948+0000] {dagbag.py:541} INFO - Filling up the DagBag from /home/airflow/.local/lib/python3.7/site-packages/airflow/example_dags/example_task_group.py
[2023-08-28T00:18:09.956+0000] {processor.py:836} INFO - DAG(s) dict_keys(['example_task_group']) retrieved from /home/airflow/.local/lib/python3.7/site-packages/airflow/example_dags/example_task_group.py
[2023-08-28T00:18:09.982+0000] {logging_mixin.py:150} INFO - [2023-08-28T00:18:09.981+0000] {dag.py:2742} INFO - Sync 1 DAGs
[2023-08-28T00:18:10.008+0000] {logging_mixin.py:150} INFO - [2023-08-28T00:18:10.008+0000] {dag.py:3508} INFO - Setting next_dagrun for example_task_group to 2023-08-27T00:18:10.007993+00:00, run_after=2023-08-28T00:18:10.007993+00:00
[2023-08-28T00:18:10.045+0000] {processor.py:179} INFO - Processing /home/airflow/.local/lib/python3.7/site-packages/airflow/example_dags/example_task_group.py took 0.102 seconds
[2023-08-28T00:18:40.402+0000] {processor.py:157} INFO - Started process (PID=563) to work on /home/airflow/.local/lib/python3.7/site-packages/airflow/example_dags/example_task_group.py
[2023-08-28T00:18:40.403+0000] {processor.py:826} INFO - Processing file /home/airflow/.local/lib/python3.7/site-packages/airflow/example_dags/example_task_group.py for tasks to queue
[2023-08-28T00:18:40.404+0000] {logging_mixin.py:150} INFO - [2023-08-28T00:18:40.404+0000] {dagbag.py:541} INFO - Filling up the DagBag from /home/airflow/.local/lib/python3.7/site-packages/airflow/example_dags/example_task_group.py
[2023-08-28T00:18:40.412+0000] {processor.py:836} INFO - DAG(s) dict_keys(['example_task_group']) retrieved from /home/airflow/.local/lib/python3.7/site-packages/airflow/example_dags/example_task_group.py
[2023-08-28T00:18:40.433+0000] {logging_mixin.py:150} INFO - [2023-08-28T00:18:40.433+0000] {dag.py:2742} INFO - Sync 1 DAGs
[2023-08-28T00:18:40.460+0000] {logging_mixin.py:150} INFO - [2023-08-28T00:18:40.460+0000] {dag.py:3508} INFO - Setting next_dagrun for example_task_group to 2023-08-27T00:18:40.459970+00:00, run_after=2023-08-28T00:18:40.459970+00:00
[2023-08-28T00:18:40.496+0000] {processor.py:179} INFO - Processing /home/airflow/.local/lib/python3.7/site-packages/airflow/example_dags/example_task_group.py took 0.097 seconds
[2023-08-28T00:19:11.283+0000] {processor.py:157} INFO - Started process (PID=646) to work on /home/airflow/.local/lib/python3.7/site-packages/airflow/example_dags/example_task_group.py
[2023-08-28T00:19:11.284+0000] {processor.py:826} INFO - Processing file /home/airflow/.local/lib/python3.7/site-packages/airflow/example_dags/example_task_group.py for tasks to queue
[2023-08-28T00:19:11.285+0000] {logging_mixin.py:150} INFO - [2023-08-28T00:19:11.285+0000] {dagbag.py:541} INFO - Filling up the DagBag from /home/airflow/.local/lib/python3.7/site-packages/airflow/example_dags/example_task_group.py
[2023-08-28T00:19:11.294+0000] {processor.py:836} INFO - DAG(s) dict_keys(['example_task_group']) retrieved from /home/airflow/.local/lib/python3.7/site-packages/airflow/example_dags/example_task_group.py
[2023-08-28T00:19:11.318+0000] {logging_mixin.py:150} INFO - [2023-08-28T00:19:11.318+0000] {dag.py:2742} INFO - Sync 1 DAGs
[2023-08-28T00:19:11.347+0000] {logging_mixin.py:150} INFO - [2023-08-28T00:19:11.347+0000] {dag.py:3508} INFO - Setting next_dagrun for example_task_group to 2023-08-27T00:19:11.346788+00:00, run_after=2023-08-28T00:19:11.346788+00:00
[2023-08-28T00:19:11.402+0000] {processor.py:179} INFO - Processing /home/airflow/.local/lib/python3.7/site-packages/airflow/example_dags/example_task_group.py took 0.122 seconds
[2023-08-28T00:19:41.780+0000] {processor.py:157} INFO - Started process (PID=729) to work on /home/airflow/.local/lib/python3.7/site-packages/airflow/example_dags/example_task_group.py
[2023-08-28T00:19:41.781+0000] {processor.py:826} INFO - Processing file /home/airflow/.local/lib/python3.7/site-packages/airflow/example_dags/example_task_group.py for tasks to queue
[2023-08-28T00:19:41.783+0000] {logging_mixin.py:150} INFO - [2023-08-28T00:19:41.782+0000] {dagbag.py:541} INFO - Filling up the DagBag from /home/airflow/.local/lib/python3.7/site-packages/airflow/example_dags/example_task_group.py
[2023-08-28T00:19:41.791+0000] {processor.py:836} INFO - DAG(s) dict_keys(['example_task_group']) retrieved from /home/airflow/.local/lib/python3.7/site-packages/airflow/example_dags/example_task_group.py
[2023-08-28T00:19:41.820+0000] {logging_mixin.py:150} INFO - [2023-08-28T00:19:41.820+0000] {dag.py:2742} INFO - Sync 1 DAGs
[2023-08-28T00:19:41.852+0000] {logging_mixin.py:150} INFO - [2023-08-28T00:19:41.852+0000] {dag.py:3508} INFO - Setting next_dagrun for example_task_group to 2023-08-27T00:19:41.851770+00:00, run_after=2023-08-28T00:19:41.851770+00:00
[2023-08-28T00:19:41.896+0000] {processor.py:179} INFO - Processing /home/airflow/.local/lib/python3.7/site-packages/airflow/example_dags/example_task_group.py took 0.119 seconds
[2023-08-28T00:20:12.642+0000] {processor.py:157} INFO - Started process (PID=812) to work on /home/airflow/.local/lib/python3.7/site-packages/airflow/example_dags/example_task_group.py
[2023-08-28T00:20:12.643+0000] {processor.py:826} INFO - Processing file /home/airflow/.local/lib/python3.7/site-packages/airflow/example_dags/example_task_group.py for tasks to queue
[2023-08-28T00:20:12.644+0000] {logging_mixin.py:150} INFO - [2023-08-28T00:20:12.644+0000] {dagbag.py:541} INFO - Filling up the DagBag from /home/airflow/.local/lib/python3.7/site-packages/airflow/example_dags/example_task_group.py
[2023-08-28T00:20:12.652+0000] {processor.py:836} INFO - DAG(s) dict_keys(['example_task_group']) retrieved from /home/airflow/.local/lib/python3.7/site-packages/airflow/example_dags/example_task_group.py
[2023-08-28T00:20:12.677+0000] {logging_mixin.py:150} INFO - [2023-08-28T00:20:12.677+0000] {dag.py:2742} INFO - Sync 1 DAGs
[2023-08-28T00:20:12.706+0000] {logging_mixin.py:150} INFO - [2023-08-28T00:20:12.706+0000] {dag.py:3508} INFO - Setting next_dagrun for example_task_group to 2023-08-27T00:20:12.706411+00:00, run_after=2023-08-28T00:20:12.706411+00:00
[2023-08-28T00:20:12.758+0000] {processor.py:179} INFO - Processing /home/airflow/.local/lib/python3.7/site-packages/airflow/example_dags/example_task_group.py took 0.119 seconds
[2023-08-28T00:20:43.312+0000] {processor.py:157} INFO - Started process (PID=896) to work on /home/airflow/.local/lib/python3.7/site-packages/airflow/example_dags/example_task_group.py
[2023-08-28T00:20:43.313+0000] {processor.py:826} INFO - Processing file /home/airflow/.local/lib/python3.7/site-packages/airflow/example_dags/example_task_group.py for tasks to queue
[2023-08-28T00:20:43.314+0000] {logging_mixin.py:150} INFO - [2023-08-28T00:20:43.314+0000] {dagbag.py:541} INFO - Filling up the DagBag from /home/airflow/.local/lib/python3.7/site-packages/airflow/example_dags/example_task_group.py
[2023-08-28T00:20:43.321+0000] {processor.py:836} INFO - DAG(s) dict_keys(['example_task_group']) retrieved from /home/airflow/.local/lib/python3.7/site-packages/airflow/example_dags/example_task_group.py
[2023-08-28T00:20:43.347+0000] {logging_mixin.py:150} INFO - [2023-08-28T00:20:43.347+0000] {dag.py:2742} INFO - Sync 1 DAGs
[2023-08-28T00:20:43.372+0000] {logging_mixin.py:150} INFO - [2023-08-28T00:20:43.372+0000] {dag.py:3508} INFO - Setting next_dagrun for example_task_group to 2023-08-27T00:20:43.372093+00:00, run_after=2023-08-28T00:20:43.372093+00:00
[2023-08-28T00:20:43.409+0000] {processor.py:179} INFO - Processing /home/airflow/.local/lib/python3.7/site-packages/airflow/example_dags/example_task_group.py took 0.100 seconds
[2023-08-28T00:21:14.100+0000] {processor.py:157} INFO - Started process (PID=979) to work on /home/airflow/.local/lib/python3.7/site-packages/airflow/example_dags/example_task_group.py
[2023-08-28T00:21:14.101+0000] {processor.py:826} INFO - Processing file /home/airflow/.local/lib/python3.7/site-packages/airflow/example_dags/example_task_group.py for tasks to queue
[2023-08-28T00:21:14.102+0000] {logging_mixin.py:150} INFO - [2023-08-28T00:21:14.102+0000] {dagbag.py:541} INFO - Filling up the DagBag from /home/airflow/.local/lib/python3.7/site-packages/airflow/example_dags/example_task_group.py
[2023-08-28T00:21:14.110+0000] {processor.py:836} INFO - DAG(s) dict_keys(['example_task_group']) retrieved from /home/airflow/.local/lib/python3.7/site-packages/airflow/example_dags/example_task_group.py
[2023-08-28T00:21:14.135+0000] {logging_mixin.py:150} INFO - [2023-08-28T00:21:14.135+0000] {dag.py:2742} INFO - Sync 1 DAGs
[2023-08-28T00:21:14.165+0000] {logging_mixin.py:150} INFO - [2023-08-28T00:21:14.165+0000] {dag.py:3508} INFO - Setting next_dagrun for example_task_group to 2023-08-27T00:21:14.164883+00:00, run_after=2023-08-28T00:21:14.164883+00:00
[2023-08-28T00:21:14.206+0000] {processor.py:179} INFO - Processing /home/airflow/.local/lib/python3.7/site-packages/airflow/example_dags/example_task_group.py took 0.109 seconds
[2023-08-28T00:21:44.950+0000] {processor.py:157} INFO - Started process (PID=1062) to work on /home/airflow/.local/lib/python3.7/site-packages/airflow/example_dags/example_task_group.py
[2023-08-28T00:21:44.951+0000] {processor.py:826} INFO - Processing file /home/airflow/.local/lib/python3.7/site-packages/airflow/example_dags/example_task_group.py for tasks to queue
[2023-08-28T00:21:44.953+0000] {logging_mixin.py:150} INFO - [2023-08-28T00:21:44.952+0000] {dagbag.py:541} INFO - Filling up the DagBag from /home/airflow/.local/lib/python3.7/site-packages/airflow/example_dags/example_task_group.py
[2023-08-28T00:21:44.960+0000] {processor.py:836} INFO - DAG(s) dict_keys(['example_task_group']) retrieved from /home/airflow/.local/lib/python3.7/site-packages/airflow/example_dags/example_task_group.py
[2023-08-28T00:21:44.985+0000] {logging_mixin.py:150} INFO - [2023-08-28T00:21:44.985+0000] {dag.py:2742} INFO - Sync 1 DAGs
[2023-08-28T00:21:45.014+0000] {logging_mixin.py:150} INFO - [2023-08-28T00:21:45.014+0000] {dag.py:3508} INFO - Setting next_dagrun for example_task_group to 2023-08-27T00:21:45.014409+00:00, run_after=2023-08-28T00:21:45.014409+00:00
[2023-08-28T00:21:45.053+0000] {processor.py:179} INFO - Processing /home/airflow/.local/lib/python3.7/site-packages/airflow/example_dags/example_task_group.py took 0.106 seconds
[2023-08-28T00:22:15.386+0000] {processor.py:157} INFO - Started process (PID=1145) to work on /home/airflow/.local/lib/python3.7/site-packages/airflow/example_dags/example_task_group.py
[2023-08-28T00:22:15.388+0000] {processor.py:826} INFO - Processing file /home/airflow/.local/lib/python3.7/site-packages/airflow/example_dags/example_task_group.py for tasks to queue
[2023-08-28T00:22:15.389+0000] {logging_mixin.py:150} INFO - [2023-08-28T00:22:15.389+0000] {dagbag.py:541} INFO - Filling up the DagBag from /home/airflow/.local/lib/python3.7/site-packages/airflow/example_dags/example_task_group.py
[2023-08-28T00:22:15.398+0000] {processor.py:836} INFO - DAG(s) dict_keys(['example_task_group']) retrieved from /home/airflow/.local/lib/python3.7/site-packages/airflow/example_dags/example_task_group.py
[2023-08-28T00:22:15.429+0000] {logging_mixin.py:150} INFO - [2023-08-28T00:22:15.429+0000] {dag.py:2742} INFO - Sync 1 DAGs
[2023-08-28T00:22:15.463+0000] {logging_mixin.py:150} INFO - [2023-08-28T00:22:15.463+0000] {dag.py:3508} INFO - Setting next_dagrun for example_task_group to 2023-08-27T00:22:15.462821+00:00, run_after=2023-08-28T00:22:15.462821+00:00
[2023-08-28T00:22:15.502+0000] {processor.py:179} INFO - Processing /home/airflow/.local/lib/python3.7/site-packages/airflow/example_dags/example_task_group.py took 0.119 seconds
[2023-08-28T00:22:46.294+0000] {processor.py:157} INFO - Started process (PID=1228) to work on /home/airflow/.local/lib/python3.7/site-packages/airflow/example_dags/example_task_group.py
[2023-08-28T00:22:46.295+0000] {processor.py:826} INFO - Processing file /home/airflow/.local/lib/python3.7/site-packages/airflow/example_dags/example_task_group.py for tasks to queue
[2023-08-28T00:22:46.296+0000] {logging_mixin.py:150} INFO - [2023-08-28T00:22:46.296+0000] {dagbag.py:541} INFO - Filling up the DagBag from /home/airflow/.local/lib/python3.7/site-packages/airflow/example_dags/example_task_group.py
[2023-08-28T00:22:46.303+0000] {processor.py:836} INFO - DAG(s) dict_keys(['example_task_group']) retrieved from /home/airflow/.local/lib/python3.7/site-packages/airflow/example_dags/example_task_group.py
[2023-08-28T00:22:46.326+0000] {logging_mixin.py:150} INFO - [2023-08-28T00:22:46.326+0000] {dag.py:2742} INFO - Sync 1 DAGs
[2023-08-28T00:22:46.355+0000] {logging_mixin.py:150} INFO - [2023-08-28T00:22:46.355+0000] {dag.py:3508} INFO - Setting next_dagrun for example_task_group to 2023-08-27T00:22:46.355075+00:00, run_after=2023-08-28T00:22:46.355075+00:00
[2023-08-28T00:22:46.395+0000] {processor.py:179} INFO - Processing /home/airflow/.local/lib/python3.7/site-packages/airflow/example_dags/example_task_group.py took 0.104 seconds
[2023-08-28T00:23:16.751+0000] {processor.py:157} INFO - Started process (PID=1311) to work on /home/airflow/.local/lib/python3.7/site-packages/airflow/example_dags/example_task_group.py
[2023-08-28T00:23:16.752+0000] {processor.py:826} INFO - Processing file /home/airflow/.local/lib/python3.7/site-packages/airflow/example_dags/example_task_group.py for tasks to queue
[2023-08-28T00:23:16.753+0000] {logging_mixin.py:150} INFO - [2023-08-28T00:23:16.753+0000] {dagbag.py:541} INFO - Filling up the DagBag from /home/airflow/.local/lib/python3.7/site-packages/airflow/example_dags/example_task_group.py
[2023-08-28T00:23:16.760+0000] {processor.py:836} INFO - DAG(s) dict_keys(['example_task_group']) retrieved from /home/airflow/.local/lib/python3.7/site-packages/airflow/example_dags/example_task_group.py
[2023-08-28T00:23:16.782+0000] {logging_mixin.py:150} INFO - [2023-08-28T00:23:16.782+0000] {dag.py:2742} INFO - Sync 1 DAGs
[2023-08-28T00:23:16.808+0000] {logging_mixin.py:150} INFO - [2023-08-28T00:23:16.808+0000] {dag.py:3508} INFO - Setting next_dagrun for example_task_group to 2023-08-27T00:23:16.807820+00:00, run_after=2023-08-28T00:23:16.807820+00:00
[2023-08-28T00:23:16.847+0000] {processor.py:179} INFO - Processing /home/airflow/.local/lib/python3.7/site-packages/airflow/example_dags/example_task_group.py took 0.099 seconds
[2023-08-28T00:23:47.229+0000] {processor.py:157} INFO - Started process (PID=1394) to work on /home/airflow/.local/lib/python3.7/site-packages/airflow/example_dags/example_task_group.py
[2023-08-28T00:23:47.230+0000] {processor.py:826} INFO - Processing file /home/airflow/.local/lib/python3.7/site-packages/airflow/example_dags/example_task_group.py for tasks to queue
[2023-08-28T00:23:47.231+0000] {logging_mixin.py:150} INFO - [2023-08-28T00:23:47.231+0000] {dagbag.py:541} INFO - Filling up the DagBag from /home/airflow/.local/lib/python3.7/site-packages/airflow/example_dags/example_task_group.py
[2023-08-28T00:23:47.239+0000] {processor.py:836} INFO - DAG(s) dict_keys(['example_task_group']) retrieved from /home/airflow/.local/lib/python3.7/site-packages/airflow/example_dags/example_task_group.py
[2023-08-28T00:23:47.261+0000] {logging_mixin.py:150} INFO - [2023-08-28T00:23:47.260+0000] {dag.py:2742} INFO - Sync 1 DAGs
[2023-08-28T00:23:47.285+0000] {logging_mixin.py:150} INFO - [2023-08-28T00:23:47.285+0000] {dag.py:3508} INFO - Setting next_dagrun for example_task_group to 2023-08-27T00:23:47.285270+00:00, run_after=2023-08-28T00:23:47.285270+00:00
[2023-08-28T00:23:47.322+0000] {processor.py:179} INFO - Processing /home/airflow/.local/lib/python3.7/site-packages/airflow/example_dags/example_task_group.py took 0.095 seconds
[2023-08-28T00:24:17.879+0000] {processor.py:157} INFO - Started process (PID=1477) to work on /home/airflow/.local/lib/python3.7/site-packages/airflow/example_dags/example_task_group.py
[2023-08-28T00:24:17.880+0000] {processor.py:826} INFO - Processing file /home/airflow/.local/lib/python3.7/site-packages/airflow/example_dags/example_task_group.py for tasks to queue
[2023-08-28T00:24:17.881+0000] {logging_mixin.py:150} INFO - [2023-08-28T00:24:17.881+0000] {dagbag.py:541} INFO - Filling up the DagBag from /home/airflow/.local/lib/python3.7/site-packages/airflow/example_dags/example_task_group.py
[2023-08-28T00:24:17.889+0000] {processor.py:836} INFO - DAG(s) dict_keys(['example_task_group']) retrieved from /home/airflow/.local/lib/python3.7/site-packages/airflow/example_dags/example_task_group.py
[2023-08-28T00:24:17.912+0000] {logging_mixin.py:150} INFO - [2023-08-28T00:24:17.912+0000] {dag.py:2742} INFO - Sync 1 DAGs
[2023-08-28T00:24:17.938+0000] {logging_mixin.py:150} INFO - [2023-08-28T00:24:17.938+0000] {dag.py:3508} INFO - Setting next_dagrun for example_task_group to 2023-08-27T00:24:17.938293+00:00, run_after=2023-08-28T00:24:17.938293+00:00
[2023-08-28T00:24:17.980+0000] {processor.py:179} INFO - Processing /home/airflow/.local/lib/python3.7/site-packages/airflow/example_dags/example_task_group.py took 0.105 seconds
[2023-08-28T00:24:48.523+0000] {processor.py:157} INFO - Started process (PID=1560) to work on /home/airflow/.local/lib/python3.7/site-packages/airflow/example_dags/example_task_group.py
[2023-08-28T00:24:48.524+0000] {processor.py:826} INFO - Processing file /home/airflow/.local/lib/python3.7/site-packages/airflow/example_dags/example_task_group.py for tasks to queue
[2023-08-28T00:24:48.525+0000] {logging_mixin.py:150} INFO - [2023-08-28T00:24:48.525+0000] {dagbag.py:541} INFO - Filling up the DagBag from /home/airflow/.local/lib/python3.7/site-packages/airflow/example_dags/example_task_group.py
[2023-08-28T00:24:48.533+0000] {processor.py:836} INFO - DAG(s) dict_keys(['example_task_group']) retrieved from /home/airflow/.local/lib/python3.7/site-packages/airflow/example_dags/example_task_group.py
[2023-08-28T00:24:48.556+0000] {logging_mixin.py:150} INFO - [2023-08-28T00:24:48.556+0000] {dag.py:2742} INFO - Sync 1 DAGs
[2023-08-28T00:24:48.586+0000] {logging_mixin.py:150} INFO - [2023-08-28T00:24:48.586+0000] {dag.py:3508} INFO - Setting next_dagrun for example_task_group to 2023-08-27T00:24:48.585871+00:00, run_after=2023-08-28T00:24:48.585871+00:00
[2023-08-28T00:24:48.622+0000] {processor.py:179} INFO - Processing /home/airflow/.local/lib/python3.7/site-packages/airflow/example_dags/example_task_group.py took 0.102 seconds
[2023-08-28T00:25:19.035+0000] {processor.py:157} INFO - Started process (PID=1643) to work on /home/airflow/.local/lib/python3.7/site-packages/airflow/example_dags/example_task_group.py
[2023-08-28T00:25:19.036+0000] {processor.py:826} INFO - Processing file /home/airflow/.local/lib/python3.7/site-packages/airflow/example_dags/example_task_group.py for tasks to queue
[2023-08-28T00:25:19.037+0000] {logging_mixin.py:150} INFO - [2023-08-28T00:25:19.037+0000] {dagbag.py:541} INFO - Filling up the DagBag from /home/airflow/.local/lib/python3.7/site-packages/airflow/example_dags/example_task_group.py
[2023-08-28T00:25:19.047+0000] {processor.py:836} INFO - DAG(s) dict_keys(['example_task_group']) retrieved from /home/airflow/.local/lib/python3.7/site-packages/airflow/example_dags/example_task_group.py
[2023-08-28T00:25:19.076+0000] {logging_mixin.py:150} INFO - [2023-08-28T00:25:19.076+0000] {dag.py:2742} INFO - Sync 1 DAGs
[2023-08-28T00:25:19.109+0000] {logging_mixin.py:150} INFO - [2023-08-28T00:25:19.109+0000] {dag.py:3508} INFO - Setting next_dagrun for example_task_group to 2023-08-27T00:25:19.108830+00:00, run_after=2023-08-28T00:25:19.108830+00:00
[2023-08-28T00:25:19.174+0000] {processor.py:179} INFO - Processing /home/airflow/.local/lib/python3.7/site-packages/airflow/example_dags/example_task_group.py took 0.144 seconds
[2023-08-28T00:25:49.643+0000] {processor.py:157} INFO - Started process (PID=1726) to work on /home/airflow/.local/lib/python3.7/site-packages/airflow/example_dags/example_task_group.py
[2023-08-28T00:25:49.644+0000] {processor.py:826} INFO - Processing file /home/airflow/.local/lib/python3.7/site-packages/airflow/example_dags/example_task_group.py for tasks to queue
[2023-08-28T00:25:49.645+0000] {logging_mixin.py:150} INFO - [2023-08-28T00:25:49.644+0000] {dagbag.py:541} INFO - Filling up the DagBag from /home/airflow/.local/lib/python3.7/site-packages/airflow/example_dags/example_task_group.py
[2023-08-28T00:25:49.652+0000] {processor.py:836} INFO - DAG(s) dict_keys(['example_task_group']) retrieved from /home/airflow/.local/lib/python3.7/site-packages/airflow/example_dags/example_task_group.py
[2023-08-28T00:25:49.679+0000] {logging_mixin.py:150} INFO - [2023-08-28T00:25:49.679+0000] {dag.py:2742} INFO - Sync 1 DAGs
[2023-08-28T00:25:49.704+0000] {logging_mixin.py:150} INFO - [2023-08-28T00:25:49.704+0000] {dag.py:3508} INFO - Setting next_dagrun for example_task_group to 2023-08-27T00:25:49.703911+00:00, run_after=2023-08-28T00:25:49.703911+00:00
[2023-08-28T00:25:49.782+0000] {processor.py:179} INFO - Processing /home/airflow/.local/lib/python3.7/site-packages/airflow/example_dags/example_task_group.py took 0.143 seconds
[2023-08-28T00:26:20.829+0000] {processor.py:157} INFO - Started process (PID=1809) to work on /home/airflow/.local/lib/python3.7/site-packages/airflow/example_dags/example_task_group.py
[2023-08-28T00:26:20.830+0000] {processor.py:826} INFO - Processing file /home/airflow/.local/lib/python3.7/site-packages/airflow/example_dags/example_task_group.py for tasks to queue
[2023-08-28T00:26:20.832+0000] {logging_mixin.py:150} INFO - [2023-08-28T00:26:20.831+0000] {dagbag.py:541} INFO - Filling up the DagBag from /home/airflow/.local/lib/python3.7/site-packages/airflow/example_dags/example_task_group.py
[2023-08-28T00:26:20.838+0000] {processor.py:836} INFO - DAG(s) dict_keys(['example_task_group']) retrieved from /home/airflow/.local/lib/python3.7/site-packages/airflow/example_dags/example_task_group.py
[2023-08-28T00:26:20.860+0000] {logging_mixin.py:150} INFO - [2023-08-28T00:26:20.860+0000] {dag.py:2742} INFO - Sync 1 DAGs
[2023-08-28T00:26:20.884+0000] {logging_mixin.py:150} INFO - [2023-08-28T00:26:20.884+0000] {dag.py:3508} INFO - Setting next_dagrun for example_task_group to 2023-08-27T00:26:20.883809+00:00, run_after=2023-08-28T00:26:20.883809+00:00
[2023-08-28T00:26:20.921+0000] {processor.py:179} INFO - Processing /home/airflow/.local/lib/python3.7/site-packages/airflow/example_dags/example_task_group.py took 0.094 seconds
[2023-08-28T00:26:51.291+0000] {processor.py:157} INFO - Started process (PID=1892) to work on /home/airflow/.local/lib/python3.7/site-packages/airflow/example_dags/example_task_group.py
[2023-08-28T00:26:51.292+0000] {processor.py:826} INFO - Processing file /home/airflow/.local/lib/python3.7/site-packages/airflow/example_dags/example_task_group.py for tasks to queue
[2023-08-28T00:26:51.293+0000] {logging_mixin.py:150} INFO - [2023-08-28T00:26:51.293+0000] {dagbag.py:541} INFO - Filling up the DagBag from /home/airflow/.local/lib/python3.7/site-packages/airflow/example_dags/example_task_group.py
[2023-08-28T00:26:51.300+0000] {processor.py:836} INFO - DAG(s) dict_keys(['example_task_group']) retrieved from /home/airflow/.local/lib/python3.7/site-packages/airflow/example_dags/example_task_group.py
[2023-08-28T00:26:51.324+0000] {logging_mixin.py:150} INFO - [2023-08-28T00:26:51.323+0000] {dag.py:2742} INFO - Sync 1 DAGs
[2023-08-28T00:26:51.349+0000] {logging_mixin.py:150} INFO - [2023-08-28T00:26:51.349+0000] {dag.py:3508} INFO - Setting next_dagrun for example_task_group to 2023-08-27T00:26:51.349342+00:00, run_after=2023-08-28T00:26:51.349342+00:00
[2023-08-28T00:26:51.391+0000] {processor.py:179} INFO - Processing /home/airflow/.local/lib/python3.7/site-packages/airflow/example_dags/example_task_group.py took 0.103 seconds
[2023-08-28T00:27:21.884+0000] {processor.py:157} INFO - Started process (PID=1975) to work on /home/airflow/.local/lib/python3.7/site-packages/airflow/example_dags/example_task_group.py
[2023-08-28T00:27:21.885+0000] {processor.py:826} INFO - Processing file /home/airflow/.local/lib/python3.7/site-packages/airflow/example_dags/example_task_group.py for tasks to queue
[2023-08-28T00:27:21.886+0000] {logging_mixin.py:150} INFO - [2023-08-28T00:27:21.886+0000] {dagbag.py:541} INFO - Filling up the DagBag from /home/airflow/.local/lib/python3.7/site-packages/airflow/example_dags/example_task_group.py
[2023-08-28T00:27:21.894+0000] {processor.py:836} INFO - DAG(s) dict_keys(['example_task_group']) retrieved from /home/airflow/.local/lib/python3.7/site-packages/airflow/example_dags/example_task_group.py
[2023-08-28T00:27:21.923+0000] {logging_mixin.py:150} INFO - [2023-08-28T00:27:21.923+0000] {dag.py:2742} INFO - Sync 1 DAGs
[2023-08-28T00:27:21.952+0000] {logging_mixin.py:150} INFO - [2023-08-28T00:27:21.952+0000] {dag.py:3508} INFO - Setting next_dagrun for example_task_group to 2023-08-27T00:27:21.951955+00:00, run_after=2023-08-28T00:27:21.951955+00:00
[2023-08-28T00:27:21.991+0000] {processor.py:179} INFO - Processing /home/airflow/.local/lib/python3.7/site-packages/airflow/example_dags/example_task_group.py took 0.110 seconds
[2023-08-28T00:27:52.815+0000] {processor.py:157} INFO - Started process (PID=2058) to work on /home/airflow/.local/lib/python3.7/site-packages/airflow/example_dags/example_task_group.py
[2023-08-28T00:27:52.817+0000] {processor.py:826} INFO - Processing file /home/airflow/.local/lib/python3.7/site-packages/airflow/example_dags/example_task_group.py for tasks to queue
[2023-08-28T00:27:52.818+0000] {logging_mixin.py:150} INFO - [2023-08-28T00:27:52.818+0000] {dagbag.py:541} INFO - Filling up the DagBag from /home/airflow/.local/lib/python3.7/site-packages/airflow/example_dags/example_task_group.py
[2023-08-28T00:27:52.829+0000] {processor.py:836} INFO - DAG(s) dict_keys(['example_task_group']) retrieved from /home/airflow/.local/lib/python3.7/site-packages/airflow/example_dags/example_task_group.py
[2023-08-28T00:27:52.861+0000] {logging_mixin.py:150} INFO - [2023-08-28T00:27:52.860+0000] {dag.py:2742} INFO - Sync 1 DAGs
[2023-08-28T00:27:52.889+0000] {logging_mixin.py:150} INFO - [2023-08-28T00:27:52.889+0000] {dag.py:3508} INFO - Setting next_dagrun for example_task_group to 2023-08-27T00:27:52.889188+00:00, run_after=2023-08-28T00:27:52.889188+00:00
[2023-08-28T00:27:52.967+0000] {processor.py:179} INFO - Processing /home/airflow/.local/lib/python3.7/site-packages/airflow/example_dags/example_task_group.py took 0.157 seconds
[2023-08-28T00:28:23.046+0000] {processor.py:157} INFO - Started process (PID=2141) to work on /home/airflow/.local/lib/python3.7/site-packages/airflow/example_dags/example_task_group.py
[2023-08-28T00:28:23.047+0000] {processor.py:826} INFO - Processing file /home/airflow/.local/lib/python3.7/site-packages/airflow/example_dags/example_task_group.py for tasks to queue
[2023-08-28T00:28:23.049+0000] {logging_mixin.py:150} INFO - [2023-08-28T00:28:23.048+0000] {dagbag.py:541} INFO - Filling up the DagBag from /home/airflow/.local/lib/python3.7/site-packages/airflow/example_dags/example_task_group.py
[2023-08-28T00:28:23.056+0000] {processor.py:836} INFO - DAG(s) dict_keys(['example_task_group']) retrieved from /home/airflow/.local/lib/python3.7/site-packages/airflow/example_dags/example_task_group.py
[2023-08-28T00:28:23.079+0000] {logging_mixin.py:150} INFO - [2023-08-28T00:28:23.079+0000] {dag.py:2742} INFO - Sync 1 DAGs
[2023-08-28T00:28:23.108+0000] {logging_mixin.py:150} INFO - [2023-08-28T00:28:23.107+0000] {dag.py:3508} INFO - Setting next_dagrun for example_task_group to 2023-08-27T00:28:23.107776+00:00, run_after=2023-08-28T00:28:23.107776+00:00
[2023-08-28T00:28:23.144+0000] {processor.py:179} INFO - Processing /home/airflow/.local/lib/python3.7/site-packages/airflow/example_dags/example_task_group.py took 0.102 seconds
[2023-08-28T00:28:53.540+0000] {processor.py:157} INFO - Started process (PID=2224) to work on /home/airflow/.local/lib/python3.7/site-packages/airflow/example_dags/example_task_group.py
[2023-08-28T00:28:53.541+0000] {processor.py:826} INFO - Processing file /home/airflow/.local/lib/python3.7/site-packages/airflow/example_dags/example_task_group.py for tasks to queue
[2023-08-28T00:28:53.542+0000] {logging_mixin.py:150} INFO - [2023-08-28T00:28:53.542+0000] {dagbag.py:541} INFO - Filling up the DagBag from /home/airflow/.local/lib/python3.7/site-packages/airflow/example_dags/example_task_group.py
[2023-08-28T00:28:53.549+0000] {processor.py:836} INFO - DAG(s) dict_keys(['example_task_group']) retrieved from /home/airflow/.local/lib/python3.7/site-packages/airflow/example_dags/example_task_group.py
[2023-08-28T00:28:53.654+0000] {logging_mixin.py:150} INFO - [2023-08-28T00:28:53.654+0000] {dag.py:2742} INFO - Sync 1 DAGs
[2023-08-28T00:28:53.680+0000] {logging_mixin.py:150} INFO - [2023-08-28T00:28:53.680+0000] {dag.py:3508} INFO - Setting next_dagrun for example_task_group to 2023-08-27T00:28:53.680369+00:00, run_after=2023-08-28T00:28:53.680369+00:00
[2023-08-28T00:28:53.718+0000] {processor.py:179} INFO - Processing /home/airflow/.local/lib/python3.7/site-packages/airflow/example_dags/example_task_group.py took 0.181 seconds
[2023-08-28T00:29:24.220+0000] {processor.py:157} INFO - Started process (PID=2307) to work on /home/airflow/.local/lib/python3.7/site-packages/airflow/example_dags/example_task_group.py
[2023-08-28T00:29:24.221+0000] {processor.py:826} INFO - Processing file /home/airflow/.local/lib/python3.7/site-packages/airflow/example_dags/example_task_group.py for tasks to queue
[2023-08-28T00:29:24.222+0000] {logging_mixin.py:150} INFO - [2023-08-28T00:29:24.222+0000] {dagbag.py:541} INFO - Filling up the DagBag from /home/airflow/.local/lib/python3.7/site-packages/airflow/example_dags/example_task_group.py
[2023-08-28T00:29:24.230+0000] {processor.py:836} INFO - DAG(s) dict_keys(['example_task_group']) retrieved from /home/airflow/.local/lib/python3.7/site-packages/airflow/example_dags/example_task_group.py
[2023-08-28T00:29:24.255+0000] {logging_mixin.py:150} INFO - [2023-08-28T00:29:24.254+0000] {dag.py:2742} INFO - Sync 1 DAGs
[2023-08-28T00:29:24.284+0000] {logging_mixin.py:150} INFO - [2023-08-28T00:29:24.284+0000] {dag.py:3508} INFO - Setting next_dagrun for example_task_group to 2023-08-27T00:29:24.284186+00:00, run_after=2023-08-28T00:29:24.284186+00:00
[2023-08-28T00:29:24.321+0000] {processor.py:179} INFO - Processing /home/airflow/.local/lib/python3.7/site-packages/airflow/example_dags/example_task_group.py took 0.104 seconds
[2023-08-28T00:29:54.672+0000] {processor.py:157} INFO - Started process (PID=2389) to work on /home/airflow/.local/lib/python3.7/site-packages/airflow/example_dags/example_task_group.py
[2023-08-28T00:29:54.673+0000] {processor.py:826} INFO - Processing file /home/airflow/.local/lib/python3.7/site-packages/airflow/example_dags/example_task_group.py for tasks to queue
[2023-08-28T00:29:54.674+0000] {logging_mixin.py:150} INFO - [2023-08-28T00:29:54.674+0000] {dagbag.py:541} INFO - Filling up the DagBag from /home/airflow/.local/lib/python3.7/site-packages/airflow/example_dags/example_task_group.py
[2023-08-28T00:29:54.682+0000] {processor.py:836} INFO - DAG(s) dict_keys(['example_task_group']) retrieved from /home/airflow/.local/lib/python3.7/site-packages/airflow/example_dags/example_task_group.py
[2023-08-28T00:29:54.706+0000] {logging_mixin.py:150} INFO - [2023-08-28T00:29:54.706+0000] {dag.py:2742} INFO - Sync 1 DAGs
[2023-08-28T00:29:54.733+0000] {logging_mixin.py:150} INFO - [2023-08-28T00:29:54.733+0000] {dag.py:3508} INFO - Setting next_dagrun for example_task_group to 2023-08-27T00:29:54.733183+00:00, run_after=2023-08-28T00:29:54.733183+00:00
[2023-08-28T00:29:54.778+0000] {processor.py:179} INFO - Processing /home/airflow/.local/lib/python3.7/site-packages/airflow/example_dags/example_task_group.py took 0.108 seconds
[2023-08-28T00:30:25.407+0000] {processor.py:157} INFO - Started process (PID=2472) to work on /home/airflow/.local/lib/python3.7/site-packages/airflow/example_dags/example_task_group.py
[2023-08-28T00:30:25.408+0000] {processor.py:826} INFO - Processing file /home/airflow/.local/lib/python3.7/site-packages/airflow/example_dags/example_task_group.py for tasks to queue
[2023-08-28T00:30:25.409+0000] {logging_mixin.py:150} INFO - [2023-08-28T00:30:25.409+0000] {dagbag.py:541} INFO - Filling up the DagBag from /home/airflow/.local/lib/python3.7/site-packages/airflow/example_dags/example_task_group.py
[2023-08-28T00:30:25.416+0000] {processor.py:836} INFO - DAG(s) dict_keys(['example_task_group']) retrieved from /home/airflow/.local/lib/python3.7/site-packages/airflow/example_dags/example_task_group.py
[2023-08-28T00:30:25.437+0000] {logging_mixin.py:150} INFO - [2023-08-28T00:30:25.437+0000] {dag.py:2742} INFO - Sync 1 DAGs
[2023-08-28T00:30:25.462+0000] {logging_mixin.py:150} INFO - [2023-08-28T00:30:25.462+0000] {dag.py:3508} INFO - Setting next_dagrun for example_task_group to 2023-08-27T00:30:25.462653+00:00, run_after=2023-08-28T00:30:25.462653+00:00
[2023-08-28T00:30:25.507+0000] {processor.py:179} INFO - Processing /home/airflow/.local/lib/python3.7/site-packages/airflow/example_dags/example_task_group.py took 0.103 seconds
[2023-08-28T00:30:56.183+0000] {processor.py:157} INFO - Started process (PID=2555) to work on /home/airflow/.local/lib/python3.7/site-packages/airflow/example_dags/example_task_group.py
[2023-08-28T00:30:56.184+0000] {processor.py:826} INFO - Processing file /home/airflow/.local/lib/python3.7/site-packages/airflow/example_dags/example_task_group.py for tasks to queue
[2023-08-28T00:30:56.185+0000] {logging_mixin.py:150} INFO - [2023-08-28T00:30:56.185+0000] {dagbag.py:541} INFO - Filling up the DagBag from /home/airflow/.local/lib/python3.7/site-packages/airflow/example_dags/example_task_group.py
[2023-08-28T00:30:56.192+0000] {processor.py:836} INFO - DAG(s) dict_keys(['example_task_group']) retrieved from /home/airflow/.local/lib/python3.7/site-packages/airflow/example_dags/example_task_group.py
[2023-08-28T00:30:56.214+0000] {logging_mixin.py:150} INFO - [2023-08-28T00:30:56.213+0000] {dag.py:2742} INFO - Sync 1 DAGs
[2023-08-28T00:30:56.238+0000] {logging_mixin.py:150} INFO - [2023-08-28T00:30:56.238+0000] {dag.py:3508} INFO - Setting next_dagrun for example_task_group to 2023-08-27T00:30:56.237870+00:00, run_after=2023-08-28T00:30:56.237870+00:00
[2023-08-28T00:30:56.290+0000] {processor.py:179} INFO - Processing /home/airflow/.local/lib/python3.7/site-packages/airflow/example_dags/example_task_group.py took 0.110 seconds
[2023-08-28T00:31:26.871+0000] {processor.py:157} INFO - Started process (PID=2638) to work on /home/airflow/.local/lib/python3.7/site-packages/airflow/example_dags/example_task_group.py
[2023-08-28T00:31:26.872+0000] {processor.py:826} INFO - Processing file /home/airflow/.local/lib/python3.7/site-packages/airflow/example_dags/example_task_group.py for tasks to queue
[2023-08-28T00:31:26.874+0000] {logging_mixin.py:150} INFO - [2023-08-28T00:31:26.873+0000] {dagbag.py:541} INFO - Filling up the DagBag from /home/airflow/.local/lib/python3.7/site-packages/airflow/example_dags/example_task_group.py
[2023-08-28T00:31:26.882+0000] {processor.py:836} INFO - DAG(s) dict_keys(['example_task_group']) retrieved from /home/airflow/.local/lib/python3.7/site-packages/airflow/example_dags/example_task_group.py
[2023-08-28T00:31:26.905+0000] {logging_mixin.py:150} INFO - [2023-08-28T00:31:26.905+0000] {dag.py:2742} INFO - Sync 1 DAGs
[2023-08-28T00:31:26.934+0000] {logging_mixin.py:150} INFO - [2023-08-28T00:31:26.934+0000] {dag.py:3508} INFO - Setting next_dagrun for example_task_group to 2023-08-27T00:31:26.934122+00:00, run_after=2023-08-28T00:31:26.934122+00:00
[2023-08-28T00:31:26.970+0000] {processor.py:179} INFO - Processing /home/airflow/.local/lib/python3.7/site-packages/airflow/example_dags/example_task_group.py took 0.102 seconds
[2023-08-28T00:31:57.307+0000] {processor.py:157} INFO - Started process (PID=2721) to work on /home/airflow/.local/lib/python3.7/site-packages/airflow/example_dags/example_task_group.py
[2023-08-28T00:31:57.308+0000] {processor.py:826} INFO - Processing file /home/airflow/.local/lib/python3.7/site-packages/airflow/example_dags/example_task_group.py for tasks to queue
[2023-08-28T00:31:57.309+0000] {logging_mixin.py:150} INFO - [2023-08-28T00:31:57.309+0000] {dagbag.py:541} INFO - Filling up the DagBag from /home/airflow/.local/lib/python3.7/site-packages/airflow/example_dags/example_task_group.py
[2023-08-28T00:31:57.317+0000] {processor.py:836} INFO - DAG(s) dict_keys(['example_task_group']) retrieved from /home/airflow/.local/lib/python3.7/site-packages/airflow/example_dags/example_task_group.py
[2023-08-28T00:31:57.339+0000] {logging_mixin.py:150} INFO - [2023-08-28T00:31:57.339+0000] {dag.py:2742} INFO - Sync 1 DAGs
[2023-08-28T00:31:57.367+0000] {logging_mixin.py:150} INFO - [2023-08-28T00:31:57.367+0000] {dag.py:3508} INFO - Setting next_dagrun for example_task_group to 2023-08-27T00:31:57.367063+00:00, run_after=2023-08-28T00:31:57.367063+00:00
[2023-08-28T00:31:57.404+0000] {processor.py:179} INFO - Processing /home/airflow/.local/lib/python3.7/site-packages/airflow/example_dags/example_task_group.py took 0.099 seconds
[2023-08-28T00:32:27.806+0000] {processor.py:157} INFO - Started process (PID=2804) to work on /home/airflow/.local/lib/python3.7/site-packages/airflow/example_dags/example_task_group.py
[2023-08-28T00:32:27.806+0000] {processor.py:826} INFO - Processing file /home/airflow/.local/lib/python3.7/site-packages/airflow/example_dags/example_task_group.py for tasks to queue
[2023-08-28T00:32:27.807+0000] {logging_mixin.py:150} INFO - [2023-08-28T00:32:27.807+0000] {dagbag.py:541} INFO - Filling up the DagBag from /home/airflow/.local/lib/python3.7/site-packages/airflow/example_dags/example_task_group.py
[2023-08-28T00:32:27.815+0000] {processor.py:836} INFO - DAG(s) dict_keys(['example_task_group']) retrieved from /home/airflow/.local/lib/python3.7/site-packages/airflow/example_dags/example_task_group.py
[2023-08-28T00:32:27.837+0000] {logging_mixin.py:150} INFO - [2023-08-28T00:32:27.837+0000] {dag.py:2742} INFO - Sync 1 DAGs
[2023-08-28T00:32:27.860+0000] {logging_mixin.py:150} INFO - [2023-08-28T00:32:27.860+0000] {dag.py:3508} INFO - Setting next_dagrun for example_task_group to 2023-08-27T00:32:27.860159+00:00, run_after=2023-08-28T00:32:27.860159+00:00
[2023-08-28T00:32:27.900+0000] {processor.py:179} INFO - Processing /home/airflow/.local/lib/python3.7/site-packages/airflow/example_dags/example_task_group.py took 0.097 seconds
[2023-08-28T00:32:58.351+0000] {processor.py:157} INFO - Started process (PID=2887) to work on /home/airflow/.local/lib/python3.7/site-packages/airflow/example_dags/example_task_group.py
[2023-08-28T00:32:58.352+0000] {processor.py:826} INFO - Processing file /home/airflow/.local/lib/python3.7/site-packages/airflow/example_dags/example_task_group.py for tasks to queue
[2023-08-28T00:32:58.354+0000] {logging_mixin.py:150} INFO - [2023-08-28T00:32:58.354+0000] {dagbag.py:541} INFO - Filling up the DagBag from /home/airflow/.local/lib/python3.7/site-packages/airflow/example_dags/example_task_group.py
[2023-08-28T00:32:58.364+0000] {processor.py:836} INFO - DAG(s) dict_keys(['example_task_group']) retrieved from /home/airflow/.local/lib/python3.7/site-packages/airflow/example_dags/example_task_group.py
[2023-08-28T00:32:58.400+0000] {logging_mixin.py:150} INFO - [2023-08-28T00:32:58.399+0000] {dag.py:2742} INFO - Sync 1 DAGs
[2023-08-28T00:32:58.431+0000] {logging_mixin.py:150} INFO - [2023-08-28T00:32:58.431+0000] {dag.py:3508} INFO - Setting next_dagrun for example_task_group to 2023-08-27T00:32:58.431630+00:00, run_after=2023-08-28T00:32:58.431630+00:00
[2023-08-28T00:32:58.474+0000] {processor.py:179} INFO - Processing /home/airflow/.local/lib/python3.7/site-packages/airflow/example_dags/example_task_group.py took 0.127 seconds
[2023-08-28T00:33:29.479+0000] {processor.py:157} INFO - Started process (PID=2970) to work on /home/airflow/.local/lib/python3.7/site-packages/airflow/example_dags/example_task_group.py
[2023-08-28T00:33:29.480+0000] {processor.py:826} INFO - Processing file /home/airflow/.local/lib/python3.7/site-packages/airflow/example_dags/example_task_group.py for tasks to queue
[2023-08-28T00:33:29.481+0000] {logging_mixin.py:150} INFO - [2023-08-28T00:33:29.481+0000] {dagbag.py:541} INFO - Filling up the DagBag from /home/airflow/.local/lib/python3.7/site-packages/airflow/example_dags/example_task_group.py
[2023-08-28T00:33:29.489+0000] {processor.py:836} INFO - DAG(s) dict_keys(['example_task_group']) retrieved from /home/airflow/.local/lib/python3.7/site-packages/airflow/example_dags/example_task_group.py
[2023-08-28T00:33:29.513+0000] {logging_mixin.py:150} INFO - [2023-08-28T00:33:29.513+0000] {dag.py:2742} INFO - Sync 1 DAGs
[2023-08-28T00:33:29.539+0000] {logging_mixin.py:150} INFO - [2023-08-28T00:33:29.538+0000] {dag.py:3508} INFO - Setting next_dagrun for example_task_group to 2023-08-27T00:33:29.538585+00:00, run_after=2023-08-28T00:33:29.538585+00:00
[2023-08-28T00:33:29.576+0000] {processor.py:179} INFO - Processing /home/airflow/.local/lib/python3.7/site-packages/airflow/example_dags/example_task_group.py took 0.100 seconds
[2023-08-28T00:34:00.240+0000] {processor.py:157} INFO - Started process (PID=3053) to work on /home/airflow/.local/lib/python3.7/site-packages/airflow/example_dags/example_task_group.py
[2023-08-28T00:34:00.241+0000] {processor.py:826} INFO - Processing file /home/airflow/.local/lib/python3.7/site-packages/airflow/example_dags/example_task_group.py for tasks to queue
[2023-08-28T00:34:00.242+0000] {logging_mixin.py:150} INFO - [2023-08-28T00:34:00.242+0000] {dagbag.py:541} INFO - Filling up the DagBag from /home/airflow/.local/lib/python3.7/site-packages/airflow/example_dags/example_task_group.py
[2023-08-28T00:34:00.250+0000] {processor.py:836} INFO - DAG(s) dict_keys(['example_task_group']) retrieved from /home/airflow/.local/lib/python3.7/site-packages/airflow/example_dags/example_task_group.py
[2023-08-28T00:34:00.275+0000] {logging_mixin.py:150} INFO - [2023-08-28T00:34:00.275+0000] {dag.py:2742} INFO - Sync 1 DAGs
[2023-08-28T00:34:00.301+0000] {logging_mixin.py:150} INFO - [2023-08-28T00:34:00.301+0000] {dag.py:3508} INFO - Setting next_dagrun for example_task_group to 2023-08-27T00:34:00.301204+00:00, run_after=2023-08-28T00:34:00.301204+00:00
[2023-08-28T00:34:00.339+0000] {processor.py:179} INFO - Processing /home/airflow/.local/lib/python3.7/site-packages/airflow/example_dags/example_task_group.py took 0.102 seconds
