[2023-08-30T23:23:11.124+0000] {logging_mixin.py:150} INFO - Changing /opt/***/logs/dag_id=dags_python_operator/run_id=manual__2023-08-30T09:30:00+00:00/task_id=py_t1 permission to 509
[2023-08-30T23:23:11.126+0000] {logging_mixin.py:150} INFO - Failed to change /opt/***/logs/dag_id=dags_python_operator/run_id=manual__2023-08-30T09:30:00+00:00/task_id=py_t1 permission to 509: [Errno 1] Operation not permitted: '/opt/***/logs/dag_id=dags_python_operator/run_id=manual__2023-08-30T09:30:00+00:00/task_id=py_t1'
[2023-08-30T23:23:11.170+0000] {logging_mixin.py:150} INFO - Changing /opt/***/logs/dag_id=dags_python_operator/run_id=manual__2023-08-30T09:30:00+00:00/task_id=py_t1 permission to 509
[2023-08-30T23:23:11.171+0000] {logging_mixin.py:150} INFO - Failed to change /opt/***/logs/dag_id=dags_python_operator/run_id=manual__2023-08-30T09:30:00+00:00/task_id=py_t1 permission to 509: [Errno 1] Operation not permitted: '/opt/***/logs/dag_id=dags_python_operator/run_id=manual__2023-08-30T09:30:00+00:00/task_id=py_t1'
[2023-08-30T23:23:11.310+0000] {taskinstance.py:1103} INFO - Dependencies all met for dep_context=non-requeueable deps ti=<TaskInstance: dags_python_operator.py_t1 manual__2023-08-30T09:30:00+00:00 [queued]>
[2023-08-30T23:23:11.319+0000] {taskinstance.py:1103} INFO - Dependencies all met for dep_context=requeueable deps ti=<TaskInstance: dags_python_operator.py_t1 manual__2023-08-30T09:30:00+00:00 [queued]>
[2023-08-30T23:23:11.320+0000] {taskinstance.py:1308} INFO - Starting attempt 1 of 1
[2023-08-30T23:23:11.353+0000] {taskinstance.py:1327} INFO - Executing <Task(PythonOperator): py_t1> on 2023-08-30 09:30:00+00:00
[2023-08-30T23:23:11.361+0000] {standard_task_runner.py:57} INFO - Started process 2830 to run task
[2023-08-30T23:23:11.364+0000] {standard_task_runner.py:84} INFO - Running: ['***', 'tasks', 'run', 'dags_python_operator', 'py_t1', 'manual__2023-08-30T09:30:00+00:00', '--job-id', '193', '--raw', '--subdir', 'DAGS_FOLDER/dags_python_operator.py', '--cfg-path', '/tmp/tmpynrpey5v']
[2023-08-30T23:23:11.366+0000] {standard_task_runner.py:85} INFO - Job 193: Subtask py_t1
[2023-08-30T23:23:11.428+0000] {logging_mixin.py:150} INFO - Changing /opt/***/logs/dag_id=dags_python_operator/run_id=manual__2023-08-30T09:30:00+00:00/task_id=py_t1 permission to 509
[2023-08-30T23:23:11.429+0000] {logging_mixin.py:150} INFO - Failed to change /opt/***/logs/dag_id=dags_python_operator/run_id=manual__2023-08-30T09:30:00+00:00/task_id=py_t1 permission to 509: [Errno 1] Operation not permitted: '/opt/***/logs/dag_id=dags_python_operator/run_id=manual__2023-08-30T09:30:00+00:00/task_id=py_t1'
[2023-08-30T23:23:11.433+0000] {task_command.py:410} INFO - Running <TaskInstance: dags_python_operator.py_t1 manual__2023-08-30T09:30:00+00:00 [running]> on host 07fcf706bef2
[2023-08-30T23:23:11.571+0000] {taskinstance.py:1547} INFO - Exporting env vars: AIRFLOW_CTX_DAG_OWNER='***' AIRFLOW_CTX_DAG_ID='dags_python_operator' AIRFLOW_CTX_TASK_ID='py_t1' AIRFLOW_CTX_EXECUTION_DATE='2023-08-30T09:30:00+00:00' AIRFLOW_CTX_TRY_NUMBER='1' AIRFLOW_CTX_DAG_RUN_ID='manual__2023-08-30T09:30:00+00:00'
[2023-08-30T23:23:11.574+0000] {logging_mixin.py:150} INFO - Poodle
[2023-08-30T23:23:11.574+0000] {python.py:183} INFO - Done. Returned value was: None
[2023-08-30T23:23:11.583+0000] {taskinstance.py:1350} INFO - Marking task as SUCCESS. dag_id=dags_python_operator, task_id=py_t1, execution_date=20230830T093000, start_date=20230830T232311, end_date=20230830T232311
[2023-08-30T23:23:11.656+0000] {local_task_job_runner.py:225} INFO - Task exited with return code 0
[2023-08-30T23:23:11.674+0000] {taskinstance.py:2653} INFO - 0 downstream tasks scheduled from follow-on schedule check
