[2023-08-24T09:54:18.041+0000] {processor.py:157} INFO - Started process (PID=40) to work on /home/airflow/.local/lib/python3.7/site-packages/airflow/example_dags/example_bash_operator.py
[2023-08-24T09:54:18.043+0000] {processor.py:826} INFO - Processing file /home/airflow/.local/lib/python3.7/site-packages/airflow/example_dags/example_bash_operator.py for tasks to queue
[2023-08-24T09:54:18.044+0000] {logging_mixin.py:150} INFO - [2023-08-24T09:54:18.044+0000] {dagbag.py:541} INFO - Filling up the DagBag from /home/airflow/.local/lib/python3.7/site-packages/airflow/example_dags/example_bash_operator.py
[2023-08-24T09:54:18.065+0000] {processor.py:836} INFO - DAG(s) dict_keys(['example_bash_operator']) retrieved from /home/airflow/.local/lib/python3.7/site-packages/airflow/example_dags/example_bash_operator.py
[2023-08-24T09:54:18.115+0000] {logging_mixin.py:150} INFO - [2023-08-24T09:54:18.115+0000] {dag.py:2742} INFO - Sync 1 DAGs
[2023-08-24T09:54:18.252+0000] {logging_mixin.py:150} INFO - [2023-08-24T09:54:18.252+0000] {dag.py:3508} INFO - Setting next_dagrun for example_bash_operator to 2023-08-23T00:00:00+00:00, run_after=2023-08-24T00:00:00+00:00
[2023-08-24T09:54:18.313+0000] {processor.py:179} INFO - Processing /home/airflow/.local/lib/python3.7/site-packages/airflow/example_dags/example_bash_operator.py took 0.275 seconds
[2023-08-24T09:54:48.581+0000] {processor.py:157} INFO - Started process (PID=116) to work on /home/airflow/.local/lib/python3.7/site-packages/airflow/example_dags/example_bash_operator.py
[2023-08-24T09:54:48.582+0000] {processor.py:826} INFO - Processing file /home/airflow/.local/lib/python3.7/site-packages/airflow/example_dags/example_bash_operator.py for tasks to queue
[2023-08-24T09:54:48.583+0000] {logging_mixin.py:150} INFO - [2023-08-24T09:54:48.583+0000] {dagbag.py:541} INFO - Filling up the DagBag from /home/airflow/.local/lib/python3.7/site-packages/airflow/example_dags/example_bash_operator.py
[2023-08-24T09:54:48.599+0000] {processor.py:836} INFO - DAG(s) dict_keys(['example_bash_operator']) retrieved from /home/airflow/.local/lib/python3.7/site-packages/airflow/example_dags/example_bash_operator.py
[2023-08-24T09:54:48.611+0000] {logging_mixin.py:150} INFO - [2023-08-24T09:54:48.611+0000] {dag.py:2742} INFO - Sync 1 DAGs
[2023-08-24T09:54:48.642+0000] {logging_mixin.py:150} INFO - [2023-08-24T09:54:48.642+0000] {dag.py:3508} INFO - Setting next_dagrun for example_bash_operator to 2023-08-23T00:00:00+00:00, run_after=2023-08-24T00:00:00+00:00
[2023-08-24T09:54:48.684+0000] {processor.py:179} INFO - Processing /home/airflow/.local/lib/python3.7/site-packages/airflow/example_dags/example_bash_operator.py took 0.106 seconds
[2023-08-24T09:55:19.125+0000] {processor.py:157} INFO - Started process (PID=192) to work on /home/airflow/.local/lib/python3.7/site-packages/airflow/example_dags/example_bash_operator.py
[2023-08-24T09:55:19.126+0000] {processor.py:826} INFO - Processing file /home/airflow/.local/lib/python3.7/site-packages/airflow/example_dags/example_bash_operator.py for tasks to queue
[2023-08-24T09:55:19.128+0000] {logging_mixin.py:150} INFO - [2023-08-24T09:55:19.127+0000] {dagbag.py:541} INFO - Filling up the DagBag from /home/airflow/.local/lib/python3.7/site-packages/airflow/example_dags/example_bash_operator.py
[2023-08-24T09:55:19.143+0000] {processor.py:836} INFO - DAG(s) dict_keys(['example_bash_operator']) retrieved from /home/airflow/.local/lib/python3.7/site-packages/airflow/example_dags/example_bash_operator.py
[2023-08-24T09:55:19.185+0000] {logging_mixin.py:150} INFO - [2023-08-24T09:55:19.185+0000] {dag.py:2742} INFO - Sync 1 DAGs
[2023-08-24T09:55:19.214+0000] {logging_mixin.py:150} INFO - [2023-08-24T09:55:19.213+0000] {dag.py:3508} INFO - Setting next_dagrun for example_bash_operator to 2023-08-23T00:00:00+00:00, run_after=2023-08-24T00:00:00+00:00
[2023-08-24T09:55:19.257+0000] {processor.py:179} INFO - Processing /home/airflow/.local/lib/python3.7/site-packages/airflow/example_dags/example_bash_operator.py took 0.135 seconds
[2023-08-24T09:55:49.401+0000] {processor.py:157} INFO - Started process (PID=268) to work on /home/airflow/.local/lib/python3.7/site-packages/airflow/example_dags/example_bash_operator.py
[2023-08-24T09:55:49.403+0000] {processor.py:826} INFO - Processing file /home/airflow/.local/lib/python3.7/site-packages/airflow/example_dags/example_bash_operator.py for tasks to queue
[2023-08-24T09:55:49.404+0000] {logging_mixin.py:150} INFO - [2023-08-24T09:55:49.403+0000] {dagbag.py:541} INFO - Filling up the DagBag from /home/airflow/.local/lib/python3.7/site-packages/airflow/example_dags/example_bash_operator.py
[2023-08-24T09:55:49.439+0000] {processor.py:836} INFO - DAG(s) dict_keys(['example_bash_operator']) retrieved from /home/airflow/.local/lib/python3.7/site-packages/airflow/example_dags/example_bash_operator.py
[2023-08-24T09:55:49.483+0000] {logging_mixin.py:150} INFO - [2023-08-24T09:55:49.483+0000] {dag.py:2742} INFO - Sync 1 DAGs
[2023-08-24T09:55:49.512+0000] {logging_mixin.py:150} INFO - [2023-08-24T09:55:49.512+0000] {dag.py:3508} INFO - Setting next_dagrun for example_bash_operator to 2023-08-23T00:00:00+00:00, run_after=2023-08-24T00:00:00+00:00
[2023-08-24T09:55:49.550+0000] {processor.py:179} INFO - Processing /home/airflow/.local/lib/python3.7/site-packages/airflow/example_dags/example_bash_operator.py took 0.151 seconds
[2023-08-24T09:56:20.119+0000] {processor.py:157} INFO - Started process (PID=344) to work on /home/airflow/.local/lib/python3.7/site-packages/airflow/example_dags/example_bash_operator.py
[2023-08-24T09:56:20.121+0000] {processor.py:826} INFO - Processing file /home/airflow/.local/lib/python3.7/site-packages/airflow/example_dags/example_bash_operator.py for tasks to queue
[2023-08-24T09:56:20.122+0000] {logging_mixin.py:150} INFO - [2023-08-24T09:56:20.121+0000] {dagbag.py:541} INFO - Filling up the DagBag from /home/airflow/.local/lib/python3.7/site-packages/airflow/example_dags/example_bash_operator.py
[2023-08-24T09:56:20.136+0000] {processor.py:836} INFO - DAG(s) dict_keys(['example_bash_operator']) retrieved from /home/airflow/.local/lib/python3.7/site-packages/airflow/example_dags/example_bash_operator.py
[2023-08-24T09:56:20.178+0000] {logging_mixin.py:150} INFO - [2023-08-24T09:56:20.178+0000] {dag.py:2742} INFO - Sync 1 DAGs
[2023-08-24T09:56:20.208+0000] {logging_mixin.py:150} INFO - [2023-08-24T09:56:20.208+0000] {dag.py:3508} INFO - Setting next_dagrun for example_bash_operator to 2023-08-23T00:00:00+00:00, run_after=2023-08-24T00:00:00+00:00
[2023-08-24T09:56:20.245+0000] {processor.py:179} INFO - Processing /home/airflow/.local/lib/python3.7/site-packages/airflow/example_dags/example_bash_operator.py took 0.129 seconds
[2023-08-24T09:56:50.746+0000] {processor.py:157} INFO - Started process (PID=420) to work on /home/airflow/.local/lib/python3.7/site-packages/airflow/example_dags/example_bash_operator.py
[2023-08-24T09:56:50.747+0000] {processor.py:826} INFO - Processing file /home/airflow/.local/lib/python3.7/site-packages/airflow/example_dags/example_bash_operator.py for tasks to queue
[2023-08-24T09:56:50.748+0000] {logging_mixin.py:150} INFO - [2023-08-24T09:56:50.748+0000] {dagbag.py:541} INFO - Filling up the DagBag from /home/airflow/.local/lib/python3.7/site-packages/airflow/example_dags/example_bash_operator.py
[2023-08-24T09:56:50.763+0000] {processor.py:836} INFO - DAG(s) dict_keys(['example_bash_operator']) retrieved from /home/airflow/.local/lib/python3.7/site-packages/airflow/example_dags/example_bash_operator.py
[2023-08-24T09:56:50.805+0000] {logging_mixin.py:150} INFO - [2023-08-24T09:56:50.805+0000] {dag.py:2742} INFO - Sync 1 DAGs
[2023-08-24T09:56:50.835+0000] {logging_mixin.py:150} INFO - [2023-08-24T09:56:50.835+0000] {dag.py:3508} INFO - Setting next_dagrun for example_bash_operator to 2023-08-23T00:00:00+00:00, run_after=2023-08-24T00:00:00+00:00
[2023-08-24T09:56:50.893+0000] {processor.py:179} INFO - Processing /home/airflow/.local/lib/python3.7/site-packages/airflow/example_dags/example_bash_operator.py took 0.150 seconds
[2023-08-24T09:57:21.854+0000] {processor.py:157} INFO - Started process (PID=496) to work on /home/airflow/.local/lib/python3.7/site-packages/airflow/example_dags/example_bash_operator.py
[2023-08-24T09:57:21.855+0000] {processor.py:826} INFO - Processing file /home/airflow/.local/lib/python3.7/site-packages/airflow/example_dags/example_bash_operator.py for tasks to queue
[2023-08-24T09:57:21.857+0000] {logging_mixin.py:150} INFO - [2023-08-24T09:57:21.857+0000] {dagbag.py:541} INFO - Filling up the DagBag from /home/airflow/.local/lib/python3.7/site-packages/airflow/example_dags/example_bash_operator.py
[2023-08-24T09:57:21.874+0000] {processor.py:836} INFO - DAG(s) dict_keys(['example_bash_operator']) retrieved from /home/airflow/.local/lib/python3.7/site-packages/airflow/example_dags/example_bash_operator.py
[2023-08-24T09:57:21.914+0000] {logging_mixin.py:150} INFO - [2023-08-24T09:57:21.914+0000] {dag.py:2742} INFO - Sync 1 DAGs
[2023-08-24T09:57:21.944+0000] {logging_mixin.py:150} INFO - [2023-08-24T09:57:21.944+0000] {dag.py:3508} INFO - Setting next_dagrun for example_bash_operator to 2023-08-23T00:00:00+00:00, run_after=2023-08-24T00:00:00+00:00
[2023-08-24T09:57:21.983+0000] {processor.py:179} INFO - Processing /home/airflow/.local/lib/python3.7/site-packages/airflow/example_dags/example_bash_operator.py took 0.133 seconds
[2023-08-24T09:57:52.426+0000] {processor.py:157} INFO - Started process (PID=572) to work on /home/airflow/.local/lib/python3.7/site-packages/airflow/example_dags/example_bash_operator.py
[2023-08-24T09:57:52.427+0000] {processor.py:826} INFO - Processing file /home/airflow/.local/lib/python3.7/site-packages/airflow/example_dags/example_bash_operator.py for tasks to queue
[2023-08-24T09:57:52.428+0000] {logging_mixin.py:150} INFO - [2023-08-24T09:57:52.428+0000] {dagbag.py:541} INFO - Filling up the DagBag from /home/airflow/.local/lib/python3.7/site-packages/airflow/example_dags/example_bash_operator.py
[2023-08-24T09:57:52.443+0000] {processor.py:836} INFO - DAG(s) dict_keys(['example_bash_operator']) retrieved from /home/airflow/.local/lib/python3.7/site-packages/airflow/example_dags/example_bash_operator.py
[2023-08-24T09:57:52.485+0000] {logging_mixin.py:150} INFO - [2023-08-24T09:57:52.485+0000] {dag.py:2742} INFO - Sync 1 DAGs
[2023-08-24T09:57:52.515+0000] {logging_mixin.py:150} INFO - [2023-08-24T09:57:52.514+0000] {dag.py:3508} INFO - Setting next_dagrun for example_bash_operator to 2023-08-23T00:00:00+00:00, run_after=2023-08-24T00:00:00+00:00
[2023-08-24T09:57:52.553+0000] {processor.py:179} INFO - Processing /home/airflow/.local/lib/python3.7/site-packages/airflow/example_dags/example_bash_operator.py took 0.131 seconds
[2023-08-24T09:58:22.975+0000] {processor.py:157} INFO - Started process (PID=648) to work on /home/airflow/.local/lib/python3.7/site-packages/airflow/example_dags/example_bash_operator.py
[2023-08-24T09:58:22.976+0000] {processor.py:826} INFO - Processing file /home/airflow/.local/lib/python3.7/site-packages/airflow/example_dags/example_bash_operator.py for tasks to queue
[2023-08-24T09:58:22.977+0000] {logging_mixin.py:150} INFO - [2023-08-24T09:58:22.977+0000] {dagbag.py:541} INFO - Filling up the DagBag from /home/airflow/.local/lib/python3.7/site-packages/airflow/example_dags/example_bash_operator.py
[2023-08-24T09:58:22.992+0000] {processor.py:836} INFO - DAG(s) dict_keys(['example_bash_operator']) retrieved from /home/airflow/.local/lib/python3.7/site-packages/airflow/example_dags/example_bash_operator.py
[2023-08-24T09:58:23.032+0000] {logging_mixin.py:150} INFO - [2023-08-24T09:58:23.032+0000] {dag.py:2742} INFO - Sync 1 DAGs
[2023-08-24T09:58:23.061+0000] {logging_mixin.py:150} INFO - [2023-08-24T09:58:23.061+0000] {dag.py:3508} INFO - Setting next_dagrun for example_bash_operator to 2023-08-23T00:00:00+00:00, run_after=2023-08-24T00:00:00+00:00
[2023-08-24T09:58:23.099+0000] {processor.py:179} INFO - Processing /home/airflow/.local/lib/python3.7/site-packages/airflow/example_dags/example_bash_operator.py took 0.127 seconds
[2023-08-24T09:58:53.637+0000] {processor.py:157} INFO - Started process (PID=724) to work on /home/airflow/.local/lib/python3.7/site-packages/airflow/example_dags/example_bash_operator.py
[2023-08-24T09:58:53.638+0000] {processor.py:826} INFO - Processing file /home/airflow/.local/lib/python3.7/site-packages/airflow/example_dags/example_bash_operator.py for tasks to queue
[2023-08-24T09:58:53.639+0000] {logging_mixin.py:150} INFO - [2023-08-24T09:58:53.639+0000] {dagbag.py:541} INFO - Filling up the DagBag from /home/airflow/.local/lib/python3.7/site-packages/airflow/example_dags/example_bash_operator.py
[2023-08-24T09:58:53.654+0000] {processor.py:836} INFO - DAG(s) dict_keys(['example_bash_operator']) retrieved from /home/airflow/.local/lib/python3.7/site-packages/airflow/example_dags/example_bash_operator.py
[2023-08-24T09:58:53.699+0000] {logging_mixin.py:150} INFO - [2023-08-24T09:58:53.699+0000] {dag.py:2742} INFO - Sync 1 DAGs
[2023-08-24T09:58:53.729+0000] {logging_mixin.py:150} INFO - [2023-08-24T09:58:53.729+0000] {dag.py:3508} INFO - Setting next_dagrun for example_bash_operator to 2023-08-23T00:00:00+00:00, run_after=2023-08-24T00:00:00+00:00
[2023-08-24T09:58:53.768+0000] {processor.py:179} INFO - Processing /home/airflow/.local/lib/python3.7/site-packages/airflow/example_dags/example_bash_operator.py took 0.135 seconds
[2023-08-24T09:59:24.215+0000] {processor.py:157} INFO - Started process (PID=800) to work on /home/airflow/.local/lib/python3.7/site-packages/airflow/example_dags/example_bash_operator.py
[2023-08-24T09:59:24.216+0000] {processor.py:826} INFO - Processing file /home/airflow/.local/lib/python3.7/site-packages/airflow/example_dags/example_bash_operator.py for tasks to queue
[2023-08-24T09:59:24.217+0000] {logging_mixin.py:150} INFO - [2023-08-24T09:59:24.217+0000] {dagbag.py:541} INFO - Filling up the DagBag from /home/airflow/.local/lib/python3.7/site-packages/airflow/example_dags/example_bash_operator.py
[2023-08-24T09:59:24.232+0000] {processor.py:836} INFO - DAG(s) dict_keys(['example_bash_operator']) retrieved from /home/airflow/.local/lib/python3.7/site-packages/airflow/example_dags/example_bash_operator.py
[2023-08-24T09:59:24.318+0000] {logging_mixin.py:150} INFO - [2023-08-24T09:59:24.318+0000] {dag.py:2742} INFO - Sync 1 DAGs
[2023-08-24T09:59:24.347+0000] {logging_mixin.py:150} INFO - [2023-08-24T09:59:24.346+0000] {dag.py:3508} INFO - Setting next_dagrun for example_bash_operator to 2023-08-23T00:00:00+00:00, run_after=2023-08-24T00:00:00+00:00
[2023-08-24T09:59:24.470+0000] {processor.py:179} INFO - Processing /home/airflow/.local/lib/python3.7/site-packages/airflow/example_dags/example_bash_operator.py took 0.258 seconds
[2023-08-24T09:59:54.615+0000] {processor.py:157} INFO - Started process (PID=875) to work on /home/airflow/.local/lib/python3.7/site-packages/airflow/example_dags/example_bash_operator.py
[2023-08-24T09:59:54.616+0000] {processor.py:826} INFO - Processing file /home/airflow/.local/lib/python3.7/site-packages/airflow/example_dags/example_bash_operator.py for tasks to queue
[2023-08-24T09:59:54.618+0000] {logging_mixin.py:150} INFO - [2023-08-24T09:59:54.617+0000] {dagbag.py:541} INFO - Filling up the DagBag from /home/airflow/.local/lib/python3.7/site-packages/airflow/example_dags/example_bash_operator.py
[2023-08-24T09:59:54.633+0000] {processor.py:836} INFO - DAG(s) dict_keys(['example_bash_operator']) retrieved from /home/airflow/.local/lib/python3.7/site-packages/airflow/example_dags/example_bash_operator.py
[2023-08-24T09:59:54.678+0000] {logging_mixin.py:150} INFO - [2023-08-24T09:59:54.678+0000] {dag.py:2742} INFO - Sync 1 DAGs
[2023-08-24T09:59:54.709+0000] {logging_mixin.py:150} INFO - [2023-08-24T09:59:54.709+0000] {dag.py:3508} INFO - Setting next_dagrun for example_bash_operator to 2023-08-23T00:00:00+00:00, run_after=2023-08-24T00:00:00+00:00
[2023-08-24T09:59:54.747+0000] {processor.py:179} INFO - Processing /home/airflow/.local/lib/python3.7/site-packages/airflow/example_dags/example_bash_operator.py took 0.135 seconds
[2023-08-24T10:00:25.657+0000] {processor.py:157} INFO - Started process (PID=952) to work on /home/airflow/.local/lib/python3.7/site-packages/airflow/example_dags/example_bash_operator.py
[2023-08-24T10:00:25.658+0000] {processor.py:826} INFO - Processing file /home/airflow/.local/lib/python3.7/site-packages/airflow/example_dags/example_bash_operator.py for tasks to queue
[2023-08-24T10:00:25.659+0000] {logging_mixin.py:150} INFO - [2023-08-24T10:00:25.659+0000] {dagbag.py:541} INFO - Filling up the DagBag from /home/airflow/.local/lib/python3.7/site-packages/airflow/example_dags/example_bash_operator.py
[2023-08-24T10:00:25.674+0000] {processor.py:836} INFO - DAG(s) dict_keys(['example_bash_operator']) retrieved from /home/airflow/.local/lib/python3.7/site-packages/airflow/example_dags/example_bash_operator.py
[2023-08-24T10:00:25.718+0000] {logging_mixin.py:150} INFO - [2023-08-24T10:00:25.718+0000] {dag.py:2742} INFO - Sync 1 DAGs
[2023-08-24T10:00:25.747+0000] {logging_mixin.py:150} INFO - [2023-08-24T10:00:25.747+0000] {dag.py:3508} INFO - Setting next_dagrun for example_bash_operator to 2023-08-23T00:00:00+00:00, run_after=2023-08-24T00:00:00+00:00
[2023-08-24T10:00:25.784+0000] {processor.py:179} INFO - Processing /home/airflow/.local/lib/python3.7/site-packages/airflow/example_dags/example_bash_operator.py took 0.130 seconds
[2023-08-24T10:00:56.366+0000] {processor.py:157} INFO - Started process (PID=1028) to work on /home/airflow/.local/lib/python3.7/site-packages/airflow/example_dags/example_bash_operator.py
[2023-08-24T10:00:56.367+0000] {processor.py:826} INFO - Processing file /home/airflow/.local/lib/python3.7/site-packages/airflow/example_dags/example_bash_operator.py for tasks to queue
[2023-08-24T10:00:56.368+0000] {logging_mixin.py:150} INFO - [2023-08-24T10:00:56.368+0000] {dagbag.py:541} INFO - Filling up the DagBag from /home/airflow/.local/lib/python3.7/site-packages/airflow/example_dags/example_bash_operator.py
[2023-08-24T10:00:56.387+0000] {processor.py:836} INFO - DAG(s) dict_keys(['example_bash_operator']) retrieved from /home/airflow/.local/lib/python3.7/site-packages/airflow/example_dags/example_bash_operator.py
[2023-08-24T10:00:56.429+0000] {logging_mixin.py:150} INFO - [2023-08-24T10:00:56.428+0000] {dag.py:2742} INFO - Sync 1 DAGs
[2023-08-24T10:00:56.457+0000] {logging_mixin.py:150} INFO - [2023-08-24T10:00:56.457+0000] {dag.py:3508} INFO - Setting next_dagrun for example_bash_operator to 2023-08-23T00:00:00+00:00, run_after=2023-08-24T00:00:00+00:00
[2023-08-24T10:00:56.495+0000] {processor.py:179} INFO - Processing /home/airflow/.local/lib/python3.7/site-packages/airflow/example_dags/example_bash_operator.py took 0.132 seconds
[2023-08-24T10:01:27.399+0000] {processor.py:157} INFO - Started process (PID=1104) to work on /home/airflow/.local/lib/python3.7/site-packages/airflow/example_dags/example_bash_operator.py
[2023-08-24T10:01:27.401+0000] {processor.py:826} INFO - Processing file /home/airflow/.local/lib/python3.7/site-packages/airflow/example_dags/example_bash_operator.py for tasks to queue
[2023-08-24T10:01:27.402+0000] {logging_mixin.py:150} INFO - [2023-08-24T10:01:27.401+0000] {dagbag.py:541} INFO - Filling up the DagBag from /home/airflow/.local/lib/python3.7/site-packages/airflow/example_dags/example_bash_operator.py
[2023-08-24T10:01:27.417+0000] {processor.py:836} INFO - DAG(s) dict_keys(['example_bash_operator']) retrieved from /home/airflow/.local/lib/python3.7/site-packages/airflow/example_dags/example_bash_operator.py
[2023-08-24T10:01:27.458+0000] {logging_mixin.py:150} INFO - [2023-08-24T10:01:27.458+0000] {dag.py:2742} INFO - Sync 1 DAGs
[2023-08-24T10:01:27.487+0000] {logging_mixin.py:150} INFO - [2023-08-24T10:01:27.487+0000] {dag.py:3508} INFO - Setting next_dagrun for example_bash_operator to 2023-08-23T00:00:00+00:00, run_after=2023-08-24T00:00:00+00:00
[2023-08-24T10:01:27.551+0000] {processor.py:179} INFO - Processing /home/airflow/.local/lib/python3.7/site-packages/airflow/example_dags/example_bash_operator.py took 0.154 seconds
[2023-08-24T10:01:57.599+0000] {processor.py:157} INFO - Started process (PID=1179) to work on /home/airflow/.local/lib/python3.7/site-packages/airflow/example_dags/example_bash_operator.py
[2023-08-24T10:01:57.600+0000] {processor.py:826} INFO - Processing file /home/airflow/.local/lib/python3.7/site-packages/airflow/example_dags/example_bash_operator.py for tasks to queue
[2023-08-24T10:01:57.601+0000] {logging_mixin.py:150} INFO - [2023-08-24T10:01:57.601+0000] {dagbag.py:541} INFO - Filling up the DagBag from /home/airflow/.local/lib/python3.7/site-packages/airflow/example_dags/example_bash_operator.py
[2023-08-24T10:01:57.616+0000] {processor.py:836} INFO - DAG(s) dict_keys(['example_bash_operator']) retrieved from /home/airflow/.local/lib/python3.7/site-packages/airflow/example_dags/example_bash_operator.py
[2023-08-24T10:01:57.659+0000] {logging_mixin.py:150} INFO - [2023-08-24T10:01:57.658+0000] {dag.py:2742} INFO - Sync 1 DAGs
[2023-08-24T10:01:57.688+0000] {logging_mixin.py:150} INFO - [2023-08-24T10:01:57.688+0000] {dag.py:3508} INFO - Setting next_dagrun for example_bash_operator to 2023-08-23T00:00:00+00:00, run_after=2023-08-24T00:00:00+00:00
[2023-08-24T10:01:57.726+0000] {processor.py:179} INFO - Processing /home/airflow/.local/lib/python3.7/site-packages/airflow/example_dags/example_bash_operator.py took 0.130 seconds
[2023-08-24T10:02:27.989+0000] {processor.py:157} INFO - Started process (PID=1255) to work on /home/airflow/.local/lib/python3.7/site-packages/airflow/example_dags/example_bash_operator.py
[2023-08-24T10:02:27.990+0000] {processor.py:826} INFO - Processing file /home/airflow/.local/lib/python3.7/site-packages/airflow/example_dags/example_bash_operator.py for tasks to queue
[2023-08-24T10:02:27.991+0000] {logging_mixin.py:150} INFO - [2023-08-24T10:02:27.991+0000] {dagbag.py:541} INFO - Filling up the DagBag from /home/airflow/.local/lib/python3.7/site-packages/airflow/example_dags/example_bash_operator.py
[2023-08-24T10:02:28.006+0000] {processor.py:836} INFO - DAG(s) dict_keys(['example_bash_operator']) retrieved from /home/airflow/.local/lib/python3.7/site-packages/airflow/example_dags/example_bash_operator.py
[2023-08-24T10:02:28.048+0000] {logging_mixin.py:150} INFO - [2023-08-24T10:02:28.047+0000] {dag.py:2742} INFO - Sync 1 DAGs
[2023-08-24T10:02:28.079+0000] {logging_mixin.py:150} INFO - [2023-08-24T10:02:28.079+0000] {dag.py:3508} INFO - Setting next_dagrun for example_bash_operator to 2023-08-23T00:00:00+00:00, run_after=2023-08-24T00:00:00+00:00
[2023-08-24T10:02:28.117+0000] {processor.py:179} INFO - Processing /home/airflow/.local/lib/python3.7/site-packages/airflow/example_dags/example_bash_operator.py took 0.130 seconds
[2023-08-24T10:02:58.199+0000] {processor.py:157} INFO - Started process (PID=1331) to work on /home/airflow/.local/lib/python3.7/site-packages/airflow/example_dags/example_bash_operator.py
[2023-08-24T10:02:58.200+0000] {processor.py:826} INFO - Processing file /home/airflow/.local/lib/python3.7/site-packages/airflow/example_dags/example_bash_operator.py for tasks to queue
[2023-08-24T10:02:58.201+0000] {logging_mixin.py:150} INFO - [2023-08-24T10:02:58.201+0000] {dagbag.py:541} INFO - Filling up the DagBag from /home/airflow/.local/lib/python3.7/site-packages/airflow/example_dags/example_bash_operator.py
[2023-08-24T10:02:58.216+0000] {processor.py:836} INFO - DAG(s) dict_keys(['example_bash_operator']) retrieved from /home/airflow/.local/lib/python3.7/site-packages/airflow/example_dags/example_bash_operator.py
[2023-08-24T10:02:58.257+0000] {logging_mixin.py:150} INFO - [2023-08-24T10:02:58.256+0000] {dag.py:2742} INFO - Sync 1 DAGs
[2023-08-24T10:02:58.285+0000] {logging_mixin.py:150} INFO - [2023-08-24T10:02:58.285+0000] {dag.py:3508} INFO - Setting next_dagrun for example_bash_operator to 2023-08-23T00:00:00+00:00, run_after=2023-08-24T00:00:00+00:00
[2023-08-24T10:02:58.324+0000] {processor.py:179} INFO - Processing /home/airflow/.local/lib/python3.7/site-packages/airflow/example_dags/example_bash_operator.py took 0.128 seconds
[2023-08-24T10:03:28.576+0000] {processor.py:157} INFO - Started process (PID=1407) to work on /home/airflow/.local/lib/python3.7/site-packages/airflow/example_dags/example_bash_operator.py
[2023-08-24T10:03:28.577+0000] {processor.py:826} INFO - Processing file /home/airflow/.local/lib/python3.7/site-packages/airflow/example_dags/example_bash_operator.py for tasks to queue
[2023-08-24T10:03:28.578+0000] {logging_mixin.py:150} INFO - [2023-08-24T10:03:28.578+0000] {dagbag.py:541} INFO - Filling up the DagBag from /home/airflow/.local/lib/python3.7/site-packages/airflow/example_dags/example_bash_operator.py
[2023-08-24T10:03:28.593+0000] {processor.py:836} INFO - DAG(s) dict_keys(['example_bash_operator']) retrieved from /home/airflow/.local/lib/python3.7/site-packages/airflow/example_dags/example_bash_operator.py
[2023-08-24T10:03:28.634+0000] {logging_mixin.py:150} INFO - [2023-08-24T10:03:28.634+0000] {dag.py:2742} INFO - Sync 1 DAGs
[2023-08-24T10:03:28.662+0000] {logging_mixin.py:150} INFO - [2023-08-24T10:03:28.662+0000] {dag.py:3508} INFO - Setting next_dagrun for example_bash_operator to 2023-08-23T00:00:00+00:00, run_after=2023-08-24T00:00:00+00:00
[2023-08-24T10:03:28.699+0000] {processor.py:179} INFO - Processing /home/airflow/.local/lib/python3.7/site-packages/airflow/example_dags/example_bash_operator.py took 0.125 seconds
[2023-08-24T10:03:59.083+0000] {processor.py:157} INFO - Started process (PID=1483) to work on /home/airflow/.local/lib/python3.7/site-packages/airflow/example_dags/example_bash_operator.py
[2023-08-24T10:03:59.084+0000] {processor.py:826} INFO - Processing file /home/airflow/.local/lib/python3.7/site-packages/airflow/example_dags/example_bash_operator.py for tasks to queue
[2023-08-24T10:03:59.085+0000] {logging_mixin.py:150} INFO - [2023-08-24T10:03:59.085+0000] {dagbag.py:541} INFO - Filling up the DagBag from /home/airflow/.local/lib/python3.7/site-packages/airflow/example_dags/example_bash_operator.py
[2023-08-24T10:03:59.100+0000] {processor.py:836} INFO - DAG(s) dict_keys(['example_bash_operator']) retrieved from /home/airflow/.local/lib/python3.7/site-packages/airflow/example_dags/example_bash_operator.py
[2023-08-24T10:03:59.140+0000] {logging_mixin.py:150} INFO - [2023-08-24T10:03:59.140+0000] {dag.py:2742} INFO - Sync 1 DAGs
[2023-08-24T10:03:59.169+0000] {logging_mixin.py:150} INFO - [2023-08-24T10:03:59.169+0000] {dag.py:3508} INFO - Setting next_dagrun for example_bash_operator to 2023-08-23T00:00:00+00:00, run_after=2023-08-24T00:00:00+00:00
[2023-08-24T10:03:59.207+0000] {processor.py:179} INFO - Processing /home/airflow/.local/lib/python3.7/site-packages/airflow/example_dags/example_bash_operator.py took 0.127 seconds
