[2023-08-24T09:54:21.546+0000] {processor.py:157} INFO - Started process (PID=62) to work on /home/airflow/.local/lib/python3.7/site-packages/airflow/example_dags/example_branch_python_dop_operator_3.py
[2023-08-24T09:54:21.547+0000] {processor.py:826} INFO - Processing file /home/airflow/.local/lib/python3.7/site-packages/airflow/example_dags/example_branch_python_dop_operator_3.py for tasks to queue
[2023-08-24T09:54:21.548+0000] {logging_mixin.py:150} INFO - [2023-08-24T09:54:21.548+0000] {dagbag.py:541} INFO - Filling up the DagBag from /home/airflow/.local/lib/python3.7/site-packages/airflow/example_dags/example_branch_python_dop_operator_3.py
[2023-08-24T09:54:21.558+0000] {processor.py:836} INFO - DAG(s) dict_keys(['example_branch_dop_operator_v3']) retrieved from /home/airflow/.local/lib/python3.7/site-packages/airflow/example_dags/example_branch_python_dop_operator_3.py
[2023-08-24T09:54:21.672+0000] {logging_mixin.py:150} INFO - [2023-08-24T09:54:21.672+0000] {dag.py:2742} INFO - Sync 1 DAGs
[2023-08-24T09:54:21.712+0000] {logging_mixin.py:150} INFO - [2023-08-24T09:54:21.711+0000] {dag.py:3508} INFO - Setting next_dagrun for example_branch_dop_operator_v3 to 2023-08-24T09:53:00+00:00, run_after=2023-08-24T09:54:00+00:00
[2023-08-24T09:54:21.756+0000] {processor.py:179} INFO - Processing /home/airflow/.local/lib/python3.7/site-packages/airflow/example_dags/example_branch_python_dop_operator_3.py took 0.213 seconds
[2023-08-24T09:54:52.254+0000] {processor.py:157} INFO - Started process (PID=138) to work on /home/airflow/.local/lib/python3.7/site-packages/airflow/example_dags/example_branch_python_dop_operator_3.py
[2023-08-24T09:54:52.255+0000] {processor.py:826} INFO - Processing file /home/airflow/.local/lib/python3.7/site-packages/airflow/example_dags/example_branch_python_dop_operator_3.py for tasks to queue
[2023-08-24T09:54:52.256+0000] {logging_mixin.py:150} INFO - [2023-08-24T09:54:52.256+0000] {dagbag.py:541} INFO - Filling up the DagBag from /home/airflow/.local/lib/python3.7/site-packages/airflow/example_dags/example_branch_python_dop_operator_3.py
[2023-08-24T09:54:52.264+0000] {processor.py:836} INFO - DAG(s) dict_keys(['example_branch_dop_operator_v3']) retrieved from /home/airflow/.local/lib/python3.7/site-packages/airflow/example_dags/example_branch_python_dop_operator_3.py
[2023-08-24T09:54:52.277+0000] {logging_mixin.py:150} INFO - [2023-08-24T09:54:52.276+0000] {dag.py:2742} INFO - Sync 1 DAGs
[2023-08-24T09:54:52.311+0000] {logging_mixin.py:150} INFO - [2023-08-24T09:54:52.311+0000] {dag.py:3508} INFO - Setting next_dagrun for example_branch_dop_operator_v3 to 2023-08-24T09:53:00+00:00, run_after=2023-08-24T09:54:00+00:00
[2023-08-24T09:54:52.350+0000] {processor.py:179} INFO - Processing /home/airflow/.local/lib/python3.7/site-packages/airflow/example_dags/example_branch_python_dop_operator_3.py took 0.100 seconds
[2023-08-24T09:55:23.025+0000] {processor.py:157} INFO - Started process (PID=214) to work on /home/airflow/.local/lib/python3.7/site-packages/airflow/example_dags/example_branch_python_dop_operator_3.py
[2023-08-24T09:55:23.026+0000] {processor.py:826} INFO - Processing file /home/airflow/.local/lib/python3.7/site-packages/airflow/example_dags/example_branch_python_dop_operator_3.py for tasks to queue
[2023-08-24T09:55:23.028+0000] {logging_mixin.py:150} INFO - [2023-08-24T09:55:23.027+0000] {dagbag.py:541} INFO - Filling up the DagBag from /home/airflow/.local/lib/python3.7/site-packages/airflow/example_dags/example_branch_python_dop_operator_3.py
[2023-08-24T09:55:23.036+0000] {processor.py:836} INFO - DAG(s) dict_keys(['example_branch_dop_operator_v3']) retrieved from /home/airflow/.local/lib/python3.7/site-packages/airflow/example_dags/example_branch_python_dop_operator_3.py
[2023-08-24T09:55:23.059+0000] {logging_mixin.py:150} INFO - [2023-08-24T09:55:23.059+0000] {dag.py:2742} INFO - Sync 1 DAGs
[2023-08-24T09:55:23.092+0000] {logging_mixin.py:150} INFO - [2023-08-24T09:55:23.091+0000] {dag.py:3508} INFO - Setting next_dagrun for example_branch_dop_operator_v3 to 2023-08-24T09:54:00+00:00, run_after=2023-08-24T09:55:00+00:00
[2023-08-24T09:55:23.204+0000] {processor.py:179} INFO - Processing /home/airflow/.local/lib/python3.7/site-packages/airflow/example_dags/example_branch_python_dop_operator_3.py took 0.182 seconds
[2023-08-24T09:55:54.101+0000] {processor.py:157} INFO - Started process (PID=290) to work on /home/airflow/.local/lib/python3.7/site-packages/airflow/example_dags/example_branch_python_dop_operator_3.py
[2023-08-24T09:55:54.102+0000] {processor.py:826} INFO - Processing file /home/airflow/.local/lib/python3.7/site-packages/airflow/example_dags/example_branch_python_dop_operator_3.py for tasks to queue
[2023-08-24T09:55:54.103+0000] {logging_mixin.py:150} INFO - [2023-08-24T09:55:54.103+0000] {dagbag.py:541} INFO - Filling up the DagBag from /home/airflow/.local/lib/python3.7/site-packages/airflow/example_dags/example_branch_python_dop_operator_3.py
[2023-08-24T09:55:54.111+0000] {processor.py:836} INFO - DAG(s) dict_keys(['example_branch_dop_operator_v3']) retrieved from /home/airflow/.local/lib/python3.7/site-packages/airflow/example_dags/example_branch_python_dop_operator_3.py
[2023-08-24T09:55:54.136+0000] {logging_mixin.py:150} INFO - [2023-08-24T09:55:54.136+0000] {dag.py:2742} INFO - Sync 1 DAGs
[2023-08-24T09:55:54.170+0000] {logging_mixin.py:150} INFO - [2023-08-24T09:55:54.170+0000] {dag.py:3508} INFO - Setting next_dagrun for example_branch_dop_operator_v3 to 2023-08-24T09:54:00+00:00, run_after=2023-08-24T09:55:00+00:00
[2023-08-24T09:55:54.208+0000] {processor.py:179} INFO - Processing /home/airflow/.local/lib/python3.7/site-packages/airflow/example_dags/example_branch_python_dop_operator_3.py took 0.110 seconds
[2023-08-24T09:56:24.906+0000] {processor.py:157} INFO - Started process (PID=366) to work on /home/airflow/.local/lib/python3.7/site-packages/airflow/example_dags/example_branch_python_dop_operator_3.py
[2023-08-24T09:56:24.907+0000] {processor.py:826} INFO - Processing file /home/airflow/.local/lib/python3.7/site-packages/airflow/example_dags/example_branch_python_dop_operator_3.py for tasks to queue
[2023-08-24T09:56:24.909+0000] {logging_mixin.py:150} INFO - [2023-08-24T09:56:24.908+0000] {dagbag.py:541} INFO - Filling up the DagBag from /home/airflow/.local/lib/python3.7/site-packages/airflow/example_dags/example_branch_python_dop_operator_3.py
[2023-08-24T09:56:24.919+0000] {processor.py:836} INFO - DAG(s) dict_keys(['example_branch_dop_operator_v3']) retrieved from /home/airflow/.local/lib/python3.7/site-packages/airflow/example_dags/example_branch_python_dop_operator_3.py
[2023-08-24T09:56:24.946+0000] {logging_mixin.py:150} INFO - [2023-08-24T09:56:24.946+0000] {dag.py:2742} INFO - Sync 1 DAGs
[2023-08-24T09:56:24.981+0000] {logging_mixin.py:150} INFO - [2023-08-24T09:56:24.981+0000] {dag.py:3508} INFO - Setting next_dagrun for example_branch_dop_operator_v3 to 2023-08-24T09:55:00+00:00, run_after=2023-08-24T09:56:00+00:00
[2023-08-24T09:56:25.020+0000] {processor.py:179} INFO - Processing /home/airflow/.local/lib/python3.7/site-packages/airflow/example_dags/example_branch_python_dop_operator_3.py took 0.118 seconds
[2023-08-24T09:56:55.631+0000] {processor.py:157} INFO - Started process (PID=442) to work on /home/airflow/.local/lib/python3.7/site-packages/airflow/example_dags/example_branch_python_dop_operator_3.py
[2023-08-24T09:56:55.633+0000] {processor.py:826} INFO - Processing file /home/airflow/.local/lib/python3.7/site-packages/airflow/example_dags/example_branch_python_dop_operator_3.py for tasks to queue
[2023-08-24T09:56:55.634+0000] {logging_mixin.py:150} INFO - [2023-08-24T09:56:55.634+0000] {dagbag.py:541} INFO - Filling up the DagBag from /home/airflow/.local/lib/python3.7/site-packages/airflow/example_dags/example_branch_python_dop_operator_3.py
[2023-08-24T09:56:55.642+0000] {processor.py:836} INFO - DAG(s) dict_keys(['example_branch_dop_operator_v3']) retrieved from /home/airflow/.local/lib/python3.7/site-packages/airflow/example_dags/example_branch_python_dop_operator_3.py
[2023-08-24T09:56:55.667+0000] {logging_mixin.py:150} INFO - [2023-08-24T09:56:55.666+0000] {dag.py:2742} INFO - Sync 1 DAGs
[2023-08-24T09:56:55.700+0000] {logging_mixin.py:150} INFO - [2023-08-24T09:56:55.700+0000] {dag.py:3508} INFO - Setting next_dagrun for example_branch_dop_operator_v3 to 2023-08-24T09:55:00+00:00, run_after=2023-08-24T09:56:00+00:00
[2023-08-24T09:56:55.740+0000] {processor.py:179} INFO - Processing /home/airflow/.local/lib/python3.7/site-packages/airflow/example_dags/example_branch_python_dop_operator_3.py took 0.111 seconds
[2023-08-24T09:57:26.657+0000] {processor.py:157} INFO - Started process (PID=518) to work on /home/airflow/.local/lib/python3.7/site-packages/airflow/example_dags/example_branch_python_dop_operator_3.py
[2023-08-24T09:57:26.658+0000] {processor.py:826} INFO - Processing file /home/airflow/.local/lib/python3.7/site-packages/airflow/example_dags/example_branch_python_dop_operator_3.py for tasks to queue
[2023-08-24T09:57:26.659+0000] {logging_mixin.py:150} INFO - [2023-08-24T09:57:26.659+0000] {dagbag.py:541} INFO - Filling up the DagBag from /home/airflow/.local/lib/python3.7/site-packages/airflow/example_dags/example_branch_python_dop_operator_3.py
[2023-08-24T09:57:26.667+0000] {processor.py:836} INFO - DAG(s) dict_keys(['example_branch_dop_operator_v3']) retrieved from /home/airflow/.local/lib/python3.7/site-packages/airflow/example_dags/example_branch_python_dop_operator_3.py
[2023-08-24T09:57:26.691+0000] {logging_mixin.py:150} INFO - [2023-08-24T09:57:26.691+0000] {dag.py:2742} INFO - Sync 1 DAGs
[2023-08-24T09:57:26.724+0000] {logging_mixin.py:150} INFO - [2023-08-24T09:57:26.724+0000] {dag.py:3508} INFO - Setting next_dagrun for example_branch_dop_operator_v3 to 2023-08-24T09:56:00+00:00, run_after=2023-08-24T09:57:00+00:00
[2023-08-24T09:57:26.782+0000] {processor.py:179} INFO - Processing /home/airflow/.local/lib/python3.7/site-packages/airflow/example_dags/example_branch_python_dop_operator_3.py took 0.128 seconds
[2023-08-24T09:57:57.203+0000] {processor.py:157} INFO - Started process (PID=594) to work on /home/airflow/.local/lib/python3.7/site-packages/airflow/example_dags/example_branch_python_dop_operator_3.py
[2023-08-24T09:57:57.205+0000] {processor.py:826} INFO - Processing file /home/airflow/.local/lib/python3.7/site-packages/airflow/example_dags/example_branch_python_dop_operator_3.py for tasks to queue
[2023-08-24T09:57:57.206+0000] {logging_mixin.py:150} INFO - [2023-08-24T09:57:57.205+0000] {dagbag.py:541} INFO - Filling up the DagBag from /home/airflow/.local/lib/python3.7/site-packages/airflow/example_dags/example_branch_python_dop_operator_3.py
[2023-08-24T09:57:57.214+0000] {processor.py:836} INFO - DAG(s) dict_keys(['example_branch_dop_operator_v3']) retrieved from /home/airflow/.local/lib/python3.7/site-packages/airflow/example_dags/example_branch_python_dop_operator_3.py
[2023-08-24T09:57:57.237+0000] {logging_mixin.py:150} INFO - [2023-08-24T09:57:57.237+0000] {dag.py:2742} INFO - Sync 1 DAGs
[2023-08-24T09:57:57.270+0000] {logging_mixin.py:150} INFO - [2023-08-24T09:57:57.270+0000] {dag.py:3508} INFO - Setting next_dagrun for example_branch_dop_operator_v3 to 2023-08-24T09:56:00+00:00, run_after=2023-08-24T09:57:00+00:00
[2023-08-24T09:57:57.309+0000] {processor.py:179} INFO - Processing /home/airflow/.local/lib/python3.7/site-packages/airflow/example_dags/example_branch_python_dop_operator_3.py took 0.109 seconds
[2023-08-24T09:58:27.780+0000] {processor.py:157} INFO - Started process (PID=670) to work on /home/airflow/.local/lib/python3.7/site-packages/airflow/example_dags/example_branch_python_dop_operator_3.py
[2023-08-24T09:58:27.781+0000] {processor.py:826} INFO - Processing file /home/airflow/.local/lib/python3.7/site-packages/airflow/example_dags/example_branch_python_dop_operator_3.py for tasks to queue
[2023-08-24T09:58:27.783+0000] {logging_mixin.py:150} INFO - [2023-08-24T09:58:27.782+0000] {dagbag.py:541} INFO - Filling up the DagBag from /home/airflow/.local/lib/python3.7/site-packages/airflow/example_dags/example_branch_python_dop_operator_3.py
[2023-08-24T09:58:27.792+0000] {processor.py:836} INFO - DAG(s) dict_keys(['example_branch_dop_operator_v3']) retrieved from /home/airflow/.local/lib/python3.7/site-packages/airflow/example_dags/example_branch_python_dop_operator_3.py
[2023-08-24T09:58:27.815+0000] {logging_mixin.py:150} INFO - [2023-08-24T09:58:27.815+0000] {dag.py:2742} INFO - Sync 1 DAGs
[2023-08-24T09:58:27.847+0000] {logging_mixin.py:150} INFO - [2023-08-24T09:58:27.847+0000] {dag.py:3508} INFO - Setting next_dagrun for example_branch_dop_operator_v3 to 2023-08-24T09:57:00+00:00, run_after=2023-08-24T09:58:00+00:00
[2023-08-24T09:58:27.885+0000] {processor.py:179} INFO - Processing /home/airflow/.local/lib/python3.7/site-packages/airflow/example_dags/example_branch_python_dop_operator_3.py took 0.108 seconds
[2023-08-24T09:58:58.573+0000] {processor.py:157} INFO - Started process (PID=746) to work on /home/airflow/.local/lib/python3.7/site-packages/airflow/example_dags/example_branch_python_dop_operator_3.py
[2023-08-24T09:58:58.574+0000] {processor.py:826} INFO - Processing file /home/airflow/.local/lib/python3.7/site-packages/airflow/example_dags/example_branch_python_dop_operator_3.py for tasks to queue
[2023-08-24T09:58:58.575+0000] {logging_mixin.py:150} INFO - [2023-08-24T09:58:58.574+0000] {dagbag.py:541} INFO - Filling up the DagBag from /home/airflow/.local/lib/python3.7/site-packages/airflow/example_dags/example_branch_python_dop_operator_3.py
[2023-08-24T09:58:58.583+0000] {processor.py:836} INFO - DAG(s) dict_keys(['example_branch_dop_operator_v3']) retrieved from /home/airflow/.local/lib/python3.7/site-packages/airflow/example_dags/example_branch_python_dop_operator_3.py
[2023-08-24T09:58:58.610+0000] {logging_mixin.py:150} INFO - [2023-08-24T09:58:58.610+0000] {dag.py:2742} INFO - Sync 1 DAGs
[2023-08-24T09:58:58.647+0000] {logging_mixin.py:150} INFO - [2023-08-24T09:58:58.647+0000] {dag.py:3508} INFO - Setting next_dagrun for example_branch_dop_operator_v3 to 2023-08-24T09:57:00+00:00, run_after=2023-08-24T09:58:00+00:00
[2023-08-24T09:58:58.685+0000] {processor.py:179} INFO - Processing /home/airflow/.local/lib/python3.7/site-packages/airflow/example_dags/example_branch_python_dop_operator_3.py took 0.116 seconds
[2023-08-24T09:59:29.263+0000] {processor.py:157} INFO - Started process (PID=822) to work on /home/airflow/.local/lib/python3.7/site-packages/airflow/example_dags/example_branch_python_dop_operator_3.py
[2023-08-24T09:59:29.264+0000] {processor.py:826} INFO - Processing file /home/airflow/.local/lib/python3.7/site-packages/airflow/example_dags/example_branch_python_dop_operator_3.py for tasks to queue
[2023-08-24T09:59:29.265+0000] {logging_mixin.py:150} INFO - [2023-08-24T09:59:29.265+0000] {dagbag.py:541} INFO - Filling up the DagBag from /home/airflow/.local/lib/python3.7/site-packages/airflow/example_dags/example_branch_python_dop_operator_3.py
[2023-08-24T09:59:29.274+0000] {processor.py:836} INFO - DAG(s) dict_keys(['example_branch_dop_operator_v3']) retrieved from /home/airflow/.local/lib/python3.7/site-packages/airflow/example_dags/example_branch_python_dop_operator_3.py
[2023-08-24T09:59:29.301+0000] {logging_mixin.py:150} INFO - [2023-08-24T09:59:29.301+0000] {dag.py:2742} INFO - Sync 1 DAGs
[2023-08-24T09:59:29.336+0000] {logging_mixin.py:150} INFO - [2023-08-24T09:59:29.336+0000] {dag.py:3508} INFO - Setting next_dagrun for example_branch_dop_operator_v3 to 2023-08-24T09:58:00+00:00, run_after=2023-08-24T09:59:00+00:00
[2023-08-24T09:59:29.375+0000] {processor.py:179} INFO - Processing /home/airflow/.local/lib/python3.7/site-packages/airflow/example_dags/example_branch_python_dop_operator_3.py took 0.115 seconds
[2023-08-24T09:59:59.660+0000] {processor.py:157} INFO - Started process (PID=898) to work on /home/airflow/.local/lib/python3.7/site-packages/airflow/example_dags/example_branch_python_dop_operator_3.py
[2023-08-24T09:59:59.661+0000] {processor.py:826} INFO - Processing file /home/airflow/.local/lib/python3.7/site-packages/airflow/example_dags/example_branch_python_dop_operator_3.py for tasks to queue
[2023-08-24T09:59:59.662+0000] {logging_mixin.py:150} INFO - [2023-08-24T09:59:59.662+0000] {dagbag.py:541} INFO - Filling up the DagBag from /home/airflow/.local/lib/python3.7/site-packages/airflow/example_dags/example_branch_python_dop_operator_3.py
[2023-08-24T09:59:59.670+0000] {processor.py:836} INFO - DAG(s) dict_keys(['example_branch_dop_operator_v3']) retrieved from /home/airflow/.local/lib/python3.7/site-packages/airflow/example_dags/example_branch_python_dop_operator_3.py
[2023-08-24T09:59:59.694+0000] {logging_mixin.py:150} INFO - [2023-08-24T09:59:59.694+0000] {dag.py:2742} INFO - Sync 1 DAGs
[2023-08-24T09:59:59.727+0000] {logging_mixin.py:150} INFO - [2023-08-24T09:59:59.727+0000] {dag.py:3508} INFO - Setting next_dagrun for example_branch_dop_operator_v3 to 2023-08-24T09:58:00+00:00, run_after=2023-08-24T09:59:00+00:00
[2023-08-24T09:59:59.765+0000] {processor.py:179} INFO - Processing /home/airflow/.local/lib/python3.7/site-packages/airflow/example_dags/example_branch_python_dop_operator_3.py took 0.108 seconds
[2023-08-24T10:00:30.412+0000] {processor.py:157} INFO - Started process (PID=974) to work on /home/airflow/.local/lib/python3.7/site-packages/airflow/example_dags/example_branch_python_dop_operator_3.py
[2023-08-24T10:00:30.413+0000] {processor.py:826} INFO - Processing file /home/airflow/.local/lib/python3.7/site-packages/airflow/example_dags/example_branch_python_dop_operator_3.py for tasks to queue
[2023-08-24T10:00:30.414+0000] {logging_mixin.py:150} INFO - [2023-08-24T10:00:30.414+0000] {dagbag.py:541} INFO - Filling up the DagBag from /home/airflow/.local/lib/python3.7/site-packages/airflow/example_dags/example_branch_python_dop_operator_3.py
[2023-08-24T10:00:30.422+0000] {processor.py:836} INFO - DAG(s) dict_keys(['example_branch_dop_operator_v3']) retrieved from /home/airflow/.local/lib/python3.7/site-packages/airflow/example_dags/example_branch_python_dop_operator_3.py
[2023-08-24T10:00:30.445+0000] {logging_mixin.py:150} INFO - [2023-08-24T10:00:30.445+0000] {dag.py:2742} INFO - Sync 1 DAGs
[2023-08-24T10:00:30.478+0000] {logging_mixin.py:150} INFO - [2023-08-24T10:00:30.478+0000] {dag.py:3508} INFO - Setting next_dagrun for example_branch_dop_operator_v3 to 2023-08-24T09:59:00+00:00, run_after=2023-08-24T10:00:00+00:00
[2023-08-24T10:00:30.516+0000] {processor.py:179} INFO - Processing /home/airflow/.local/lib/python3.7/site-packages/airflow/example_dags/example_branch_python_dop_operator_3.py took 0.107 seconds
[2023-08-24T10:01:01.319+0000] {processor.py:157} INFO - Started process (PID=1050) to work on /home/airflow/.local/lib/python3.7/site-packages/airflow/example_dags/example_branch_python_dop_operator_3.py
[2023-08-24T10:01:01.320+0000] {processor.py:826} INFO - Processing file /home/airflow/.local/lib/python3.7/site-packages/airflow/example_dags/example_branch_python_dop_operator_3.py for tasks to queue
[2023-08-24T10:01:01.321+0000] {logging_mixin.py:150} INFO - [2023-08-24T10:01:01.321+0000] {dagbag.py:541} INFO - Filling up the DagBag from /home/airflow/.local/lib/python3.7/site-packages/airflow/example_dags/example_branch_python_dop_operator_3.py
[2023-08-24T10:01:01.329+0000] {processor.py:836} INFO - DAG(s) dict_keys(['example_branch_dop_operator_v3']) retrieved from /home/airflow/.local/lib/python3.7/site-packages/airflow/example_dags/example_branch_python_dop_operator_3.py
[2023-08-24T10:01:01.353+0000] {logging_mixin.py:150} INFO - [2023-08-24T10:01:01.353+0000] {dag.py:2742} INFO - Sync 1 DAGs
[2023-08-24T10:01:01.385+0000] {logging_mixin.py:150} INFO - [2023-08-24T10:01:01.385+0000] {dag.py:3508} INFO - Setting next_dagrun for example_branch_dop_operator_v3 to 2023-08-24T10:00:00+00:00, run_after=2023-08-24T10:01:00+00:00
[2023-08-24T10:01:01.425+0000] {processor.py:179} INFO - Processing /home/airflow/.local/lib/python3.7/site-packages/airflow/example_dags/example_branch_python_dop_operator_3.py took 0.109 seconds
[2023-08-24T10:01:32.291+0000] {processor.py:157} INFO - Started process (PID=1126) to work on /home/airflow/.local/lib/python3.7/site-packages/airflow/example_dags/example_branch_python_dop_operator_3.py
[2023-08-24T10:01:32.292+0000] {processor.py:826} INFO - Processing file /home/airflow/.local/lib/python3.7/site-packages/airflow/example_dags/example_branch_python_dop_operator_3.py for tasks to queue
[2023-08-24T10:01:32.294+0000] {logging_mixin.py:150} INFO - [2023-08-24T10:01:32.293+0000] {dagbag.py:541} INFO - Filling up the DagBag from /home/airflow/.local/lib/python3.7/site-packages/airflow/example_dags/example_branch_python_dop_operator_3.py
[2023-08-24T10:01:32.302+0000] {processor.py:836} INFO - DAG(s) dict_keys(['example_branch_dop_operator_v3']) retrieved from /home/airflow/.local/lib/python3.7/site-packages/airflow/example_dags/example_branch_python_dop_operator_3.py
[2023-08-24T10:01:32.326+0000] {logging_mixin.py:150} INFO - [2023-08-24T10:01:32.326+0000] {dag.py:2742} INFO - Sync 1 DAGs
[2023-08-24T10:01:32.359+0000] {logging_mixin.py:150} INFO - [2023-08-24T10:01:32.359+0000] {dag.py:3508} INFO - Setting next_dagrun for example_branch_dop_operator_v3 to 2023-08-24T10:00:00+00:00, run_after=2023-08-24T10:01:00+00:00
[2023-08-24T10:01:32.396+0000] {processor.py:179} INFO - Processing /home/airflow/.local/lib/python3.7/site-packages/airflow/example_dags/example_branch_python_dop_operator_3.py took 0.108 seconds
[2023-08-24T10:02:02.523+0000] {processor.py:157} INFO - Started process (PID=1202) to work on /home/airflow/.local/lib/python3.7/site-packages/airflow/example_dags/example_branch_python_dop_operator_3.py
[2023-08-24T10:02:02.524+0000] {processor.py:826} INFO - Processing file /home/airflow/.local/lib/python3.7/site-packages/airflow/example_dags/example_branch_python_dop_operator_3.py for tasks to queue
[2023-08-24T10:02:02.525+0000] {logging_mixin.py:150} INFO - [2023-08-24T10:02:02.525+0000] {dagbag.py:541} INFO - Filling up the DagBag from /home/airflow/.local/lib/python3.7/site-packages/airflow/example_dags/example_branch_python_dop_operator_3.py
[2023-08-24T10:02:02.533+0000] {processor.py:836} INFO - DAG(s) dict_keys(['example_branch_dop_operator_v3']) retrieved from /home/airflow/.local/lib/python3.7/site-packages/airflow/example_dags/example_branch_python_dop_operator_3.py
[2023-08-24T10:02:02.557+0000] {logging_mixin.py:150} INFO - [2023-08-24T10:02:02.556+0000] {dag.py:2742} INFO - Sync 1 DAGs
[2023-08-24T10:02:02.587+0000] {logging_mixin.py:150} INFO - [2023-08-24T10:02:02.587+0000] {dag.py:3508} INFO - Setting next_dagrun for example_branch_dop_operator_v3 to 2023-08-24T10:01:00+00:00, run_after=2023-08-24T10:02:00+00:00
[2023-08-24T10:02:02.626+0000] {processor.py:179} INFO - Processing /home/airflow/.local/lib/python3.7/site-packages/airflow/example_dags/example_branch_python_dop_operator_3.py took 0.106 seconds
[2023-08-24T10:02:32.850+0000] {processor.py:157} INFO - Started process (PID=1278) to work on /home/airflow/.local/lib/python3.7/site-packages/airflow/example_dags/example_branch_python_dop_operator_3.py
[2023-08-24T10:02:32.851+0000] {processor.py:826} INFO - Processing file /home/airflow/.local/lib/python3.7/site-packages/airflow/example_dags/example_branch_python_dop_operator_3.py for tasks to queue
[2023-08-24T10:02:32.852+0000] {logging_mixin.py:150} INFO - [2023-08-24T10:02:32.852+0000] {dagbag.py:541} INFO - Filling up the DagBag from /home/airflow/.local/lib/python3.7/site-packages/airflow/example_dags/example_branch_python_dop_operator_3.py
[2023-08-24T10:02:32.861+0000] {processor.py:836} INFO - DAG(s) dict_keys(['example_branch_dop_operator_v3']) retrieved from /home/airflow/.local/lib/python3.7/site-packages/airflow/example_dags/example_branch_python_dop_operator_3.py
[2023-08-24T10:02:32.886+0000] {logging_mixin.py:150} INFO - [2023-08-24T10:02:32.886+0000] {dag.py:2742} INFO - Sync 1 DAGs
[2023-08-24T10:02:32.921+0000] {logging_mixin.py:150} INFO - [2023-08-24T10:02:32.921+0000] {dag.py:3508} INFO - Setting next_dagrun for example_branch_dop_operator_v3 to 2023-08-24T10:01:00+00:00, run_after=2023-08-24T10:02:00+00:00
[2023-08-24T10:02:32.959+0000] {processor.py:179} INFO - Processing /home/airflow/.local/lib/python3.7/site-packages/airflow/example_dags/example_branch_python_dop_operator_3.py took 0.111 seconds
[2023-08-24T10:03:03.948+0000] {processor.py:157} INFO - Started process (PID=1354) to work on /home/airflow/.local/lib/python3.7/site-packages/airflow/example_dags/example_branch_python_dop_operator_3.py
[2023-08-24T10:03:03.949+0000] {processor.py:826} INFO - Processing file /home/airflow/.local/lib/python3.7/site-packages/airflow/example_dags/example_branch_python_dop_operator_3.py for tasks to queue
[2023-08-24T10:03:03.951+0000] {logging_mixin.py:150} INFO - [2023-08-24T10:03:03.951+0000] {dagbag.py:541} INFO - Filling up the DagBag from /home/airflow/.local/lib/python3.7/site-packages/airflow/example_dags/example_branch_python_dop_operator_3.py
[2023-08-24T10:03:03.963+0000] {processor.py:836} INFO - DAG(s) dict_keys(['example_branch_dop_operator_v3']) retrieved from /home/airflow/.local/lib/python3.7/site-packages/airflow/example_dags/example_branch_python_dop_operator_3.py
[2023-08-24T10:03:03.997+0000] {logging_mixin.py:150} INFO - [2023-08-24T10:03:03.997+0000] {dag.py:2742} INFO - Sync 1 DAGs
[2023-08-24T10:03:04.031+0000] {logging_mixin.py:150} INFO - [2023-08-24T10:03:04.031+0000] {dag.py:3508} INFO - Setting next_dagrun for example_branch_dop_operator_v3 to 2023-08-24T10:02:00+00:00, run_after=2023-08-24T10:03:00+00:00
[2023-08-24T10:03:04.070+0000] {processor.py:179} INFO - Processing /home/airflow/.local/lib/python3.7/site-packages/airflow/example_dags/example_branch_python_dop_operator_3.py took 0.127 seconds
[2023-08-24T10:03:34.412+0000] {processor.py:157} INFO - Started process (PID=1430) to work on /home/airflow/.local/lib/python3.7/site-packages/airflow/example_dags/example_branch_python_dop_operator_3.py
[2023-08-24T10:03:34.413+0000] {processor.py:826} INFO - Processing file /home/airflow/.local/lib/python3.7/site-packages/airflow/example_dags/example_branch_python_dop_operator_3.py for tasks to queue
[2023-08-24T10:03:34.414+0000] {logging_mixin.py:150} INFO - [2023-08-24T10:03:34.413+0000] {dagbag.py:541} INFO - Filling up the DagBag from /home/airflow/.local/lib/python3.7/site-packages/airflow/example_dags/example_branch_python_dop_operator_3.py
[2023-08-24T10:03:34.422+0000] {processor.py:836} INFO - DAG(s) dict_keys(['example_branch_dop_operator_v3']) retrieved from /home/airflow/.local/lib/python3.7/site-packages/airflow/example_dags/example_branch_python_dop_operator_3.py
[2023-08-24T10:03:34.446+0000] {logging_mixin.py:150} INFO - [2023-08-24T10:03:34.446+0000] {dag.py:2742} INFO - Sync 1 DAGs
[2023-08-24T10:03:34.478+0000] {logging_mixin.py:150} INFO - [2023-08-24T10:03:34.478+0000] {dag.py:3508} INFO - Setting next_dagrun for example_branch_dop_operator_v3 to 2023-08-24T10:02:00+00:00, run_after=2023-08-24T10:03:00+00:00
[2023-08-24T10:03:34.515+0000] {processor.py:179} INFO - Processing /home/airflow/.local/lib/python3.7/site-packages/airflow/example_dags/example_branch_python_dop_operator_3.py took 0.107 seconds
