[2023-08-24T09:54:20.544+0000] {processor.py:157} INFO - Started process (PID=55) to work on /home/airflow/.local/lib/python3.7/site-packages/airflow/example_dags/example_complex.py
[2023-08-24T09:54:20.545+0000] {processor.py:826} INFO - Processing file /home/airflow/.local/lib/python3.7/site-packages/airflow/example_dags/example_complex.py for tasks to queue
[2023-08-24T09:54:20.547+0000] {logging_mixin.py:150} INFO - [2023-08-24T09:54:20.546+0000] {dagbag.py:541} INFO - Filling up the DagBag from /home/airflow/.local/lib/python3.7/site-packages/airflow/example_dags/example_complex.py
[2023-08-24T09:54:20.568+0000] {processor.py:836} INFO - DAG(s) dict_keys(['example_complex']) retrieved from /home/airflow/.local/lib/python3.7/site-packages/airflow/example_dags/example_complex.py
[2023-08-24T09:54:20.708+0000] {logging_mixin.py:150} INFO - [2023-08-24T09:54:20.708+0000] {dag.py:2742} INFO - Sync 1 DAGs
[2023-08-24T09:54:20.739+0000] {logging_mixin.py:150} INFO - [2023-08-24T09:54:20.739+0000] {dag.py:3508} INFO - Setting next_dagrun for example_complex to None, run_after=None
[2023-08-24T09:54:20.780+0000] {processor.py:179} INFO - Processing /home/airflow/.local/lib/python3.7/site-packages/airflow/example_dags/example_complex.py took 0.241 seconds
[2023-08-24T09:54:51.741+0000] {processor.py:157} INFO - Started process (PID=131) to work on /home/airflow/.local/lib/python3.7/site-packages/airflow/example_dags/example_complex.py
[2023-08-24T09:54:51.743+0000] {processor.py:826} INFO - Processing file /home/airflow/.local/lib/python3.7/site-packages/airflow/example_dags/example_complex.py for tasks to queue
[2023-08-24T09:54:51.745+0000] {logging_mixin.py:150} INFO - [2023-08-24T09:54:51.744+0000] {dagbag.py:541} INFO - Filling up the DagBag from /home/airflow/.local/lib/python3.7/site-packages/airflow/example_dags/example_complex.py
[2023-08-24T09:54:51.771+0000] {processor.py:836} INFO - DAG(s) dict_keys(['example_complex']) retrieved from /home/airflow/.local/lib/python3.7/site-packages/airflow/example_dags/example_complex.py
[2023-08-24T09:54:51.787+0000] {logging_mixin.py:150} INFO - [2023-08-24T09:54:51.786+0000] {dag.py:2742} INFO - Sync 1 DAGs
[2023-08-24T09:54:51.815+0000] {logging_mixin.py:150} INFO - [2023-08-24T09:54:51.815+0000] {dag.py:3508} INFO - Setting next_dagrun for example_complex to None, run_after=None
[2023-08-24T09:54:51.872+0000] {processor.py:179} INFO - Processing /home/airflow/.local/lib/python3.7/site-packages/airflow/example_dags/example_complex.py took 0.137 seconds
[2023-08-24T09:55:22.465+0000] {processor.py:157} INFO - Started process (PID=207) to work on /home/airflow/.local/lib/python3.7/site-packages/airflow/example_dags/example_complex.py
[2023-08-24T09:55:22.467+0000] {processor.py:826} INFO - Processing file /home/airflow/.local/lib/python3.7/site-packages/airflow/example_dags/example_complex.py for tasks to queue
[2023-08-24T09:55:22.468+0000] {logging_mixin.py:150} INFO - [2023-08-24T09:55:22.468+0000] {dagbag.py:541} INFO - Filling up the DagBag from /home/airflow/.local/lib/python3.7/site-packages/airflow/example_dags/example_complex.py
[2023-08-24T09:55:22.483+0000] {processor.py:836} INFO - DAG(s) dict_keys(['example_complex']) retrieved from /home/airflow/.local/lib/python3.7/site-packages/airflow/example_dags/example_complex.py
[2023-08-24T09:55:22.519+0000] {logging_mixin.py:150} INFO - [2023-08-24T09:55:22.519+0000] {dag.py:2742} INFO - Sync 1 DAGs
[2023-08-24T09:55:22.546+0000] {logging_mixin.py:150} INFO - [2023-08-24T09:55:22.546+0000] {dag.py:3508} INFO - Setting next_dagrun for example_complex to None, run_after=None
[2023-08-24T09:55:22.593+0000] {processor.py:179} INFO - Processing /home/airflow/.local/lib/python3.7/site-packages/airflow/example_dags/example_complex.py took 0.134 seconds
[2023-08-24T09:55:53.570+0000] {processor.py:157} INFO - Started process (PID=283) to work on /home/airflow/.local/lib/python3.7/site-packages/airflow/example_dags/example_complex.py
[2023-08-24T09:55:53.571+0000] {processor.py:826} INFO - Processing file /home/airflow/.local/lib/python3.7/site-packages/airflow/example_dags/example_complex.py for tasks to queue
[2023-08-24T09:55:53.572+0000] {logging_mixin.py:150} INFO - [2023-08-24T09:55:53.572+0000] {dagbag.py:541} INFO - Filling up the DagBag from /home/airflow/.local/lib/python3.7/site-packages/airflow/example_dags/example_complex.py
[2023-08-24T09:55:53.586+0000] {processor.py:836} INFO - DAG(s) dict_keys(['example_complex']) retrieved from /home/airflow/.local/lib/python3.7/site-packages/airflow/example_dags/example_complex.py
[2023-08-24T09:55:53.621+0000] {logging_mixin.py:150} INFO - [2023-08-24T09:55:53.621+0000] {dag.py:2742} INFO - Sync 1 DAGs
[2023-08-24T09:55:53.648+0000] {logging_mixin.py:150} INFO - [2023-08-24T09:55:53.648+0000] {dag.py:3508} INFO - Setting next_dagrun for example_complex to None, run_after=None
[2023-08-24T09:55:53.694+0000] {processor.py:179} INFO - Processing /home/airflow/.local/lib/python3.7/site-packages/airflow/example_dags/example_complex.py took 0.126 seconds
[2023-08-24T09:56:24.372+0000] {processor.py:157} INFO - Started process (PID=359) to work on /home/airflow/.local/lib/python3.7/site-packages/airflow/example_dags/example_complex.py
[2023-08-24T09:56:24.374+0000] {processor.py:826} INFO - Processing file /home/airflow/.local/lib/python3.7/site-packages/airflow/example_dags/example_complex.py for tasks to queue
[2023-08-24T09:56:24.376+0000] {logging_mixin.py:150} INFO - [2023-08-24T09:56:24.375+0000] {dagbag.py:541} INFO - Filling up the DagBag from /home/airflow/.local/lib/python3.7/site-packages/airflow/example_dags/example_complex.py
[2023-08-24T09:56:24.395+0000] {processor.py:836} INFO - DAG(s) dict_keys(['example_complex']) retrieved from /home/airflow/.local/lib/python3.7/site-packages/airflow/example_dags/example_complex.py
[2023-08-24T09:56:24.431+0000] {logging_mixin.py:150} INFO - [2023-08-24T09:56:24.431+0000] {dag.py:2742} INFO - Sync 1 DAGs
[2023-08-24T09:56:24.458+0000] {logging_mixin.py:150} INFO - [2023-08-24T09:56:24.458+0000] {dag.py:3508} INFO - Setting next_dagrun for example_complex to None, run_after=None
[2023-08-24T09:56:24.504+0000] {processor.py:179} INFO - Processing /home/airflow/.local/lib/python3.7/site-packages/airflow/example_dags/example_complex.py took 0.136 seconds
[2023-08-24T09:56:55.048+0000] {processor.py:157} INFO - Started process (PID=435) to work on /home/airflow/.local/lib/python3.7/site-packages/airflow/example_dags/example_complex.py
[2023-08-24T09:56:55.049+0000] {processor.py:826} INFO - Processing file /home/airflow/.local/lib/python3.7/site-packages/airflow/example_dags/example_complex.py for tasks to queue
[2023-08-24T09:56:55.050+0000] {logging_mixin.py:150} INFO - [2023-08-24T09:56:55.049+0000] {dagbag.py:541} INFO - Filling up the DagBag from /home/airflow/.local/lib/python3.7/site-packages/airflow/example_dags/example_complex.py
[2023-08-24T09:56:55.062+0000] {processor.py:836} INFO - DAG(s) dict_keys(['example_complex']) retrieved from /home/airflow/.local/lib/python3.7/site-packages/airflow/example_dags/example_complex.py
[2023-08-24T09:56:55.097+0000] {logging_mixin.py:150} INFO - [2023-08-24T09:56:55.096+0000] {dag.py:2742} INFO - Sync 1 DAGs
[2023-08-24T09:56:55.123+0000] {logging_mixin.py:150} INFO - [2023-08-24T09:56:55.123+0000] {dag.py:3508} INFO - Setting next_dagrun for example_complex to None, run_after=None
[2023-08-24T09:56:55.172+0000] {processor.py:179} INFO - Processing /home/airflow/.local/lib/python3.7/site-packages/airflow/example_dags/example_complex.py took 0.126 seconds
[2023-08-24T09:57:26.103+0000] {processor.py:157} INFO - Started process (PID=511) to work on /home/airflow/.local/lib/python3.7/site-packages/airflow/example_dags/example_complex.py
[2023-08-24T09:57:26.104+0000] {processor.py:826} INFO - Processing file /home/airflow/.local/lib/python3.7/site-packages/airflow/example_dags/example_complex.py for tasks to queue
[2023-08-24T09:57:26.106+0000] {logging_mixin.py:150} INFO - [2023-08-24T09:57:26.106+0000] {dagbag.py:541} INFO - Filling up the DagBag from /home/airflow/.local/lib/python3.7/site-packages/airflow/example_dags/example_complex.py
[2023-08-24T09:57:26.124+0000] {processor.py:836} INFO - DAG(s) dict_keys(['example_complex']) retrieved from /home/airflow/.local/lib/python3.7/site-packages/airflow/example_dags/example_complex.py
[2023-08-24T09:57:26.161+0000] {logging_mixin.py:150} INFO - [2023-08-24T09:57:26.161+0000] {dag.py:2742} INFO - Sync 1 DAGs
[2023-08-24T09:57:26.192+0000] {logging_mixin.py:150} INFO - [2023-08-24T09:57:26.191+0000] {dag.py:3508} INFO - Setting next_dagrun for example_complex to None, run_after=None
[2023-08-24T09:57:26.263+0000] {processor.py:179} INFO - Processing /home/airflow/.local/lib/python3.7/site-packages/airflow/example_dags/example_complex.py took 0.164 seconds
[2023-08-24T09:57:56.670+0000] {processor.py:157} INFO - Started process (PID=587) to work on /home/airflow/.local/lib/python3.7/site-packages/airflow/example_dags/example_complex.py
[2023-08-24T09:57:56.672+0000] {processor.py:826} INFO - Processing file /home/airflow/.local/lib/python3.7/site-packages/airflow/example_dags/example_complex.py for tasks to queue
[2023-08-24T09:57:56.674+0000] {logging_mixin.py:150} INFO - [2023-08-24T09:57:56.673+0000] {dagbag.py:541} INFO - Filling up the DagBag from /home/airflow/.local/lib/python3.7/site-packages/airflow/example_dags/example_complex.py
[2023-08-24T09:57:56.693+0000] {processor.py:836} INFO - DAG(s) dict_keys(['example_complex']) retrieved from /home/airflow/.local/lib/python3.7/site-packages/airflow/example_dags/example_complex.py
[2023-08-24T09:57:56.728+0000] {logging_mixin.py:150} INFO - [2023-08-24T09:57:56.728+0000] {dag.py:2742} INFO - Sync 1 DAGs
[2023-08-24T09:57:56.755+0000] {logging_mixin.py:150} INFO - [2023-08-24T09:57:56.755+0000] {dag.py:3508} INFO - Setting next_dagrun for example_complex to None, run_after=None
[2023-08-24T09:57:56.800+0000] {processor.py:179} INFO - Processing /home/airflow/.local/lib/python3.7/site-packages/airflow/example_dags/example_complex.py took 0.134 seconds
[2023-08-24T09:58:27.264+0000] {processor.py:157} INFO - Started process (PID=663) to work on /home/airflow/.local/lib/python3.7/site-packages/airflow/example_dags/example_complex.py
[2023-08-24T09:58:27.266+0000] {processor.py:826} INFO - Processing file /home/airflow/.local/lib/python3.7/site-packages/airflow/example_dags/example_complex.py for tasks to queue
[2023-08-24T09:58:27.267+0000] {logging_mixin.py:150} INFO - [2023-08-24T09:58:27.267+0000] {dagbag.py:541} INFO - Filling up the DagBag from /home/airflow/.local/lib/python3.7/site-packages/airflow/example_dags/example_complex.py
[2023-08-24T09:58:27.286+0000] {processor.py:836} INFO - DAG(s) dict_keys(['example_complex']) retrieved from /home/airflow/.local/lib/python3.7/site-packages/airflow/example_dags/example_complex.py
[2023-08-24T09:58:27.321+0000] {logging_mixin.py:150} INFO - [2023-08-24T09:58:27.321+0000] {dag.py:2742} INFO - Sync 1 DAGs
[2023-08-24T09:58:27.347+0000] {logging_mixin.py:150} INFO - [2023-08-24T09:58:27.347+0000] {dag.py:3508} INFO - Setting next_dagrun for example_complex to None, run_after=None
[2023-08-24T09:58:27.394+0000] {processor.py:179} INFO - Processing /home/airflow/.local/lib/python3.7/site-packages/airflow/example_dags/example_complex.py took 0.135 seconds
[2023-08-24T09:58:58.035+0000] {processor.py:157} INFO - Started process (PID=739) to work on /home/airflow/.local/lib/python3.7/site-packages/airflow/example_dags/example_complex.py
[2023-08-24T09:58:58.036+0000] {processor.py:826} INFO - Processing file /home/airflow/.local/lib/python3.7/site-packages/airflow/example_dags/example_complex.py for tasks to queue
[2023-08-24T09:58:58.037+0000] {logging_mixin.py:150} INFO - [2023-08-24T09:58:58.037+0000] {dagbag.py:541} INFO - Filling up the DagBag from /home/airflow/.local/lib/python3.7/site-packages/airflow/example_dags/example_complex.py
[2023-08-24T09:58:58.050+0000] {processor.py:836} INFO - DAG(s) dict_keys(['example_complex']) retrieved from /home/airflow/.local/lib/python3.7/site-packages/airflow/example_dags/example_complex.py
[2023-08-24T09:58:58.085+0000] {logging_mixin.py:150} INFO - [2023-08-24T09:58:58.085+0000] {dag.py:2742} INFO - Sync 1 DAGs
[2023-08-24T09:58:58.112+0000] {logging_mixin.py:150} INFO - [2023-08-24T09:58:58.112+0000] {dag.py:3508} INFO - Setting next_dagrun for example_complex to None, run_after=None
[2023-08-24T09:58:58.160+0000] {processor.py:179} INFO - Processing /home/airflow/.local/lib/python3.7/site-packages/airflow/example_dags/example_complex.py took 0.128 seconds
[2023-08-24T09:59:28.734+0000] {processor.py:157} INFO - Started process (PID=815) to work on /home/airflow/.local/lib/python3.7/site-packages/airflow/example_dags/example_complex.py
[2023-08-24T09:59:28.736+0000] {processor.py:826} INFO - Processing file /home/airflow/.local/lib/python3.7/site-packages/airflow/example_dags/example_complex.py for tasks to queue
[2023-08-24T09:59:28.738+0000] {logging_mixin.py:150} INFO - [2023-08-24T09:59:28.738+0000] {dagbag.py:541} INFO - Filling up the DagBag from /home/airflow/.local/lib/python3.7/site-packages/airflow/example_dags/example_complex.py
[2023-08-24T09:59:28.757+0000] {processor.py:836} INFO - DAG(s) dict_keys(['example_complex']) retrieved from /home/airflow/.local/lib/python3.7/site-packages/airflow/example_dags/example_complex.py
[2023-08-24T09:59:28.794+0000] {logging_mixin.py:150} INFO - [2023-08-24T09:59:28.794+0000] {dag.py:2742} INFO - Sync 1 DAGs
[2023-08-24T09:59:28.820+0000] {logging_mixin.py:150} INFO - [2023-08-24T09:59:28.820+0000] {dag.py:3508} INFO - Setting next_dagrun for example_complex to None, run_after=None
[2023-08-24T09:59:28.866+0000] {processor.py:179} INFO - Processing /home/airflow/.local/lib/python3.7/site-packages/airflow/example_dags/example_complex.py took 0.138 seconds
[2023-08-24T09:59:59.155+0000] {processor.py:157} INFO - Started process (PID=891) to work on /home/airflow/.local/lib/python3.7/site-packages/airflow/example_dags/example_complex.py
[2023-08-24T09:59:59.156+0000] {processor.py:826} INFO - Processing file /home/airflow/.local/lib/python3.7/site-packages/airflow/example_dags/example_complex.py for tasks to queue
[2023-08-24T09:59:59.157+0000] {logging_mixin.py:150} INFO - [2023-08-24T09:59:59.157+0000] {dagbag.py:541} INFO - Filling up the DagBag from /home/airflow/.local/lib/python3.7/site-packages/airflow/example_dags/example_complex.py
[2023-08-24T09:59:59.172+0000] {processor.py:836} INFO - DAG(s) dict_keys(['example_complex']) retrieved from /home/airflow/.local/lib/python3.7/site-packages/airflow/example_dags/example_complex.py
[2023-08-24T09:59:59.206+0000] {logging_mixin.py:150} INFO - [2023-08-24T09:59:59.206+0000] {dag.py:2742} INFO - Sync 1 DAGs
[2023-08-24T09:59:59.232+0000] {logging_mixin.py:150} INFO - [2023-08-24T09:59:59.232+0000] {dag.py:3508} INFO - Setting next_dagrun for example_complex to None, run_after=None
[2023-08-24T09:59:59.280+0000] {processor.py:179} INFO - Processing /home/airflow/.local/lib/python3.7/site-packages/airflow/example_dags/example_complex.py took 0.129 seconds
[2023-08-24T10:00:29.900+0000] {processor.py:157} INFO - Started process (PID=967) to work on /home/airflow/.local/lib/python3.7/site-packages/airflow/example_dags/example_complex.py
[2023-08-24T10:00:29.901+0000] {processor.py:826} INFO - Processing file /home/airflow/.local/lib/python3.7/site-packages/airflow/example_dags/example_complex.py for tasks to queue
[2023-08-24T10:00:29.903+0000] {logging_mixin.py:150} INFO - [2023-08-24T10:00:29.903+0000] {dagbag.py:541} INFO - Filling up the DagBag from /home/airflow/.local/lib/python3.7/site-packages/airflow/example_dags/example_complex.py
[2023-08-24T10:00:29.922+0000] {processor.py:836} INFO - DAG(s) dict_keys(['example_complex']) retrieved from /home/airflow/.local/lib/python3.7/site-packages/airflow/example_dags/example_complex.py
[2023-08-24T10:00:29.957+0000] {logging_mixin.py:150} INFO - [2023-08-24T10:00:29.957+0000] {dag.py:2742} INFO - Sync 1 DAGs
[2023-08-24T10:00:29.983+0000] {logging_mixin.py:150} INFO - [2023-08-24T10:00:29.983+0000] {dag.py:3508} INFO - Setting next_dagrun for example_complex to None, run_after=None
[2023-08-24T10:00:30.030+0000] {processor.py:179} INFO - Processing /home/airflow/.local/lib/python3.7/site-packages/airflow/example_dags/example_complex.py took 0.135 seconds
[2023-08-24T10:01:00.786+0000] {processor.py:157} INFO - Started process (PID=1043) to work on /home/airflow/.local/lib/python3.7/site-packages/airflow/example_dags/example_complex.py
[2023-08-24T10:01:00.788+0000] {processor.py:826} INFO - Processing file /home/airflow/.local/lib/python3.7/site-packages/airflow/example_dags/example_complex.py for tasks to queue
[2023-08-24T10:01:00.790+0000] {logging_mixin.py:150} INFO - [2023-08-24T10:01:00.790+0000] {dagbag.py:541} INFO - Filling up the DagBag from /home/airflow/.local/lib/python3.7/site-packages/airflow/example_dags/example_complex.py
[2023-08-24T10:01:00.815+0000] {processor.py:836} INFO - DAG(s) dict_keys(['example_complex']) retrieved from /home/airflow/.local/lib/python3.7/site-packages/airflow/example_dags/example_complex.py
[2023-08-24T10:01:00.863+0000] {logging_mixin.py:150} INFO - [2023-08-24T10:01:00.862+0000] {dag.py:2742} INFO - Sync 1 DAGs
[2023-08-24T10:01:00.889+0000] {logging_mixin.py:150} INFO - [2023-08-24T10:01:00.888+0000] {dag.py:3508} INFO - Setting next_dagrun for example_complex to None, run_after=None
[2023-08-24T10:01:00.939+0000] {processor.py:179} INFO - Processing /home/airflow/.local/lib/python3.7/site-packages/airflow/example_dags/example_complex.py took 0.160 seconds
[2023-08-24T10:01:31.783+0000] {processor.py:157} INFO - Started process (PID=1119) to work on /home/airflow/.local/lib/python3.7/site-packages/airflow/example_dags/example_complex.py
[2023-08-24T10:01:31.785+0000] {processor.py:826} INFO - Processing file /home/airflow/.local/lib/python3.7/site-packages/airflow/example_dags/example_complex.py for tasks to queue
[2023-08-24T10:01:31.786+0000] {logging_mixin.py:150} INFO - [2023-08-24T10:01:31.786+0000] {dagbag.py:541} INFO - Filling up the DagBag from /home/airflow/.local/lib/python3.7/site-packages/airflow/example_dags/example_complex.py
[2023-08-24T10:01:31.806+0000] {processor.py:836} INFO - DAG(s) dict_keys(['example_complex']) retrieved from /home/airflow/.local/lib/python3.7/site-packages/airflow/example_dags/example_complex.py
[2023-08-24T10:01:31.840+0000] {logging_mixin.py:150} INFO - [2023-08-24T10:01:31.840+0000] {dag.py:2742} INFO - Sync 1 DAGs
[2023-08-24T10:01:31.867+0000] {logging_mixin.py:150} INFO - [2023-08-24T10:01:31.867+0000] {dag.py:3508} INFO - Setting next_dagrun for example_complex to None, run_after=None
[2023-08-24T10:01:31.913+0000] {processor.py:179} INFO - Processing /home/airflow/.local/lib/python3.7/site-packages/airflow/example_dags/example_complex.py took 0.135 seconds
[2023-08-24T10:02:02.099+0000] {processor.py:157} INFO - Started process (PID=1195) to work on /home/airflow/.local/lib/python3.7/site-packages/airflow/example_dags/example_complex.py
[2023-08-24T10:02:02.100+0000] {processor.py:826} INFO - Processing file /home/airflow/.local/lib/python3.7/site-packages/airflow/example_dags/example_complex.py for tasks to queue
[2023-08-24T10:02:02.101+0000] {logging_mixin.py:150} INFO - [2023-08-24T10:02:02.101+0000] {dagbag.py:541} INFO - Filling up the DagBag from /home/airflow/.local/lib/python3.7/site-packages/airflow/example_dags/example_complex.py
[2023-08-24T10:02:02.114+0000] {processor.py:836} INFO - DAG(s) dict_keys(['example_complex']) retrieved from /home/airflow/.local/lib/python3.7/site-packages/airflow/example_dags/example_complex.py
[2023-08-24T10:02:02.154+0000] {logging_mixin.py:150} INFO - [2023-08-24T10:02:02.153+0000] {dag.py:2742} INFO - Sync 1 DAGs
[2023-08-24T10:02:02.180+0000] {logging_mixin.py:150} INFO - [2023-08-24T10:02:02.179+0000] {dag.py:3508} INFO - Setting next_dagrun for example_complex to None, run_after=None
[2023-08-24T10:02:02.226+0000] {processor.py:179} INFO - Processing /home/airflow/.local/lib/python3.7/site-packages/airflow/example_dags/example_complex.py took 0.130 seconds
[2023-08-24T10:02:32.366+0000] {processor.py:157} INFO - Started process (PID=1271) to work on /home/airflow/.local/lib/python3.7/site-packages/airflow/example_dags/example_complex.py
[2023-08-24T10:02:32.367+0000] {processor.py:826} INFO - Processing file /home/airflow/.local/lib/python3.7/site-packages/airflow/example_dags/example_complex.py for tasks to queue
[2023-08-24T10:02:32.368+0000] {logging_mixin.py:150} INFO - [2023-08-24T10:02:32.368+0000] {dagbag.py:541} INFO - Filling up the DagBag from /home/airflow/.local/lib/python3.7/site-packages/airflow/example_dags/example_complex.py
[2023-08-24T10:02:32.382+0000] {processor.py:836} INFO - DAG(s) dict_keys(['example_complex']) retrieved from /home/airflow/.local/lib/python3.7/site-packages/airflow/example_dags/example_complex.py
[2023-08-24T10:02:32.417+0000] {logging_mixin.py:150} INFO - [2023-08-24T10:02:32.417+0000] {dag.py:2742} INFO - Sync 1 DAGs
[2023-08-24T10:02:32.445+0000] {logging_mixin.py:150} INFO - [2023-08-24T10:02:32.445+0000] {dag.py:3508} INFO - Setting next_dagrun for example_complex to None, run_after=None
[2023-08-24T10:02:32.482+0000] {processor.py:179} INFO - Processing /home/airflow/.local/lib/python3.7/site-packages/airflow/example_dags/example_complex.py took 0.119 seconds
[2023-08-24T10:03:03.426+0000] {processor.py:157} INFO - Started process (PID=1347) to work on /home/airflow/.local/lib/python3.7/site-packages/airflow/example_dags/example_complex.py
[2023-08-24T10:03:03.427+0000] {processor.py:826} INFO - Processing file /home/airflow/.local/lib/python3.7/site-packages/airflow/example_dags/example_complex.py for tasks to queue
[2023-08-24T10:03:03.428+0000] {logging_mixin.py:150} INFO - [2023-08-24T10:03:03.428+0000] {dagbag.py:541} INFO - Filling up the DagBag from /home/airflow/.local/lib/python3.7/site-packages/airflow/example_dags/example_complex.py
[2023-08-24T10:03:03.441+0000] {processor.py:836} INFO - DAG(s) dict_keys(['example_complex']) retrieved from /home/airflow/.local/lib/python3.7/site-packages/airflow/example_dags/example_complex.py
[2023-08-24T10:03:03.477+0000] {logging_mixin.py:150} INFO - [2023-08-24T10:03:03.477+0000] {dag.py:2742} INFO - Sync 1 DAGs
[2023-08-24T10:03:03.504+0000] {logging_mixin.py:150} INFO - [2023-08-24T10:03:03.504+0000] {dag.py:3508} INFO - Setting next_dagrun for example_complex to None, run_after=None
[2023-08-24T10:03:03.543+0000] {processor.py:179} INFO - Processing /home/airflow/.local/lib/python3.7/site-packages/airflow/example_dags/example_complex.py took 0.120 seconds
[2023-08-24T10:03:33.877+0000] {processor.py:157} INFO - Started process (PID=1423) to work on /home/airflow/.local/lib/python3.7/site-packages/airflow/example_dags/example_complex.py
[2023-08-24T10:03:33.878+0000] {processor.py:826} INFO - Processing file /home/airflow/.local/lib/python3.7/site-packages/airflow/example_dags/example_complex.py for tasks to queue
[2023-08-24T10:03:33.879+0000] {logging_mixin.py:150} INFO - [2023-08-24T10:03:33.878+0000] {dagbag.py:541} INFO - Filling up the DagBag from /home/airflow/.local/lib/python3.7/site-packages/airflow/example_dags/example_complex.py
[2023-08-24T10:03:33.891+0000] {processor.py:836} INFO - DAG(s) dict_keys(['example_complex']) retrieved from /home/airflow/.local/lib/python3.7/site-packages/airflow/example_dags/example_complex.py
[2023-08-24T10:03:33.930+0000] {logging_mixin.py:150} INFO - [2023-08-24T10:03:33.930+0000] {dag.py:2742} INFO - Sync 1 DAGs
[2023-08-24T10:03:33.957+0000] {logging_mixin.py:150} INFO - [2023-08-24T10:03:33.957+0000] {dag.py:3508} INFO - Setting next_dagrun for example_complex to None, run_after=None
[2023-08-24T10:03:33.998+0000] {processor.py:179} INFO - Processing /home/airflow/.local/lib/python3.7/site-packages/airflow/example_dags/example_complex.py took 0.124 seconds
