[2023-08-24T09:54:23.830+0000] {processor.py:157} INFO - Started process (PID=78) to work on /home/airflow/.local/lib/python3.7/site-packages/airflow/example_dags/example_latest_only.py
[2023-08-24T09:54:23.831+0000] {processor.py:826} INFO - Processing file /home/airflow/.local/lib/python3.7/site-packages/airflow/example_dags/example_latest_only.py for tasks to queue
[2023-08-24T09:54:23.832+0000] {logging_mixin.py:150} INFO - [2023-08-24T09:54:23.832+0000] {dagbag.py:541} INFO - Filling up the DagBag from /home/airflow/.local/lib/python3.7/site-packages/airflow/example_dags/example_latest_only.py
[2023-08-24T09:54:23.838+0000] {processor.py:836} INFO - DAG(s) dict_keys(['latest_only']) retrieved from /home/airflow/.local/lib/python3.7/site-packages/airflow/example_dags/example_latest_only.py
[2023-08-24T09:54:23.862+0000] {logging_mixin.py:150} INFO - [2023-08-24T09:54:23.862+0000] {dag.py:2742} INFO - Sync 1 DAGs
[2023-08-24T09:54:23.893+0000] {logging_mixin.py:150} INFO - [2023-08-24T09:54:23.893+0000] {dag.py:3508} INFO - Setting next_dagrun for latest_only to 2023-08-24T05:54:23.892681+00:00, run_after=2023-08-24T09:54:23.892681+00:00
[2023-08-24T09:54:23.933+0000] {processor.py:179} INFO - Processing /home/airflow/.local/lib/python3.7/site-packages/airflow/example_dags/example_latest_only.py took 0.106 seconds
[2023-08-24T09:54:54.542+0000] {processor.py:157} INFO - Started process (PID=154) to work on /home/airflow/.local/lib/python3.7/site-packages/airflow/example_dags/example_latest_only.py
[2023-08-24T09:54:54.543+0000] {processor.py:826} INFO - Processing file /home/airflow/.local/lib/python3.7/site-packages/airflow/example_dags/example_latest_only.py for tasks to queue
[2023-08-24T09:54:54.544+0000] {logging_mixin.py:150} INFO - [2023-08-24T09:54:54.544+0000] {dagbag.py:541} INFO - Filling up the DagBag from /home/airflow/.local/lib/python3.7/site-packages/airflow/example_dags/example_latest_only.py
[2023-08-24T09:54:54.550+0000] {processor.py:836} INFO - DAG(s) dict_keys(['latest_only']) retrieved from /home/airflow/.local/lib/python3.7/site-packages/airflow/example_dags/example_latest_only.py
[2023-08-24T09:54:54.561+0000] {logging_mixin.py:150} INFO - [2023-08-24T09:54:54.561+0000] {dag.py:2742} INFO - Sync 1 DAGs
[2023-08-24T09:54:54.588+0000] {logging_mixin.py:150} INFO - [2023-08-24T09:54:54.588+0000] {dag.py:3508} INFO - Setting next_dagrun for latest_only to 2023-08-24T05:54:54.588235+00:00, run_after=2023-08-24T09:54:54.588235+00:00
[2023-08-24T09:54:54.625+0000] {processor.py:179} INFO - Processing /home/airflow/.local/lib/python3.7/site-packages/airflow/example_dags/example_latest_only.py took 0.086 seconds
[2023-08-24T09:55:25.401+0000] {processor.py:157} INFO - Started process (PID=230) to work on /home/airflow/.local/lib/python3.7/site-packages/airflow/example_dags/example_latest_only.py
[2023-08-24T09:55:25.402+0000] {processor.py:826} INFO - Processing file /home/airflow/.local/lib/python3.7/site-packages/airflow/example_dags/example_latest_only.py for tasks to queue
[2023-08-24T09:55:25.403+0000] {logging_mixin.py:150} INFO - [2023-08-24T09:55:25.403+0000] {dagbag.py:541} INFO - Filling up the DagBag from /home/airflow/.local/lib/python3.7/site-packages/airflow/example_dags/example_latest_only.py
[2023-08-24T09:55:25.408+0000] {processor.py:836} INFO - DAG(s) dict_keys(['latest_only']) retrieved from /home/airflow/.local/lib/python3.7/site-packages/airflow/example_dags/example_latest_only.py
[2023-08-24T09:55:25.431+0000] {logging_mixin.py:150} INFO - [2023-08-24T09:55:25.431+0000] {dag.py:2742} INFO - Sync 1 DAGs
[2023-08-24T09:55:25.458+0000] {logging_mixin.py:150} INFO - [2023-08-24T09:55:25.458+0000] {dag.py:3508} INFO - Setting next_dagrun for latest_only to 2023-08-24T05:55:25.458122+00:00, run_after=2023-08-24T09:55:25.458122+00:00
[2023-08-24T09:55:25.508+0000] {processor.py:179} INFO - Processing /home/airflow/.local/lib/python3.7/site-packages/airflow/example_dags/example_latest_only.py took 0.110 seconds
[2023-08-24T09:55:56.285+0000] {processor.py:157} INFO - Started process (PID=306) to work on /home/airflow/.local/lib/python3.7/site-packages/airflow/example_dags/example_latest_only.py
[2023-08-24T09:55:56.286+0000] {processor.py:826} INFO - Processing file /home/airflow/.local/lib/python3.7/site-packages/airflow/example_dags/example_latest_only.py for tasks to queue
[2023-08-24T09:55:56.287+0000] {logging_mixin.py:150} INFO - [2023-08-24T09:55:56.287+0000] {dagbag.py:541} INFO - Filling up the DagBag from /home/airflow/.local/lib/python3.7/site-packages/airflow/example_dags/example_latest_only.py
[2023-08-24T09:55:56.294+0000] {processor.py:836} INFO - DAG(s) dict_keys(['latest_only']) retrieved from /home/airflow/.local/lib/python3.7/site-packages/airflow/example_dags/example_latest_only.py
[2023-08-24T09:55:56.318+0000] {logging_mixin.py:150} INFO - [2023-08-24T09:55:56.317+0000] {dag.py:2742} INFO - Sync 1 DAGs
[2023-08-24T09:55:56.346+0000] {logging_mixin.py:150} INFO - [2023-08-24T09:55:56.346+0000] {dag.py:3508} INFO - Setting next_dagrun for latest_only to 2023-08-24T05:55:56.345866+00:00, run_after=2023-08-24T09:55:56.345866+00:00
[2023-08-24T09:55:56.403+0000] {processor.py:179} INFO - Processing /home/airflow/.local/lib/python3.7/site-packages/airflow/example_dags/example_latest_only.py took 0.121 seconds
[2023-08-24T09:56:27.116+0000] {processor.py:157} INFO - Started process (PID=382) to work on /home/airflow/.local/lib/python3.7/site-packages/airflow/example_dags/example_latest_only.py
[2023-08-24T09:56:27.117+0000] {processor.py:826} INFO - Processing file /home/airflow/.local/lib/python3.7/site-packages/airflow/example_dags/example_latest_only.py for tasks to queue
[2023-08-24T09:56:27.118+0000] {logging_mixin.py:150} INFO - [2023-08-24T09:56:27.118+0000] {dagbag.py:541} INFO - Filling up the DagBag from /home/airflow/.local/lib/python3.7/site-packages/airflow/example_dags/example_latest_only.py
[2023-08-24T09:56:27.124+0000] {processor.py:836} INFO - DAG(s) dict_keys(['latest_only']) retrieved from /home/airflow/.local/lib/python3.7/site-packages/airflow/example_dags/example_latest_only.py
[2023-08-24T09:56:27.148+0000] {logging_mixin.py:150} INFO - [2023-08-24T09:56:27.147+0000] {dag.py:2742} INFO - Sync 1 DAGs
[2023-08-24T09:56:27.176+0000] {logging_mixin.py:150} INFO - [2023-08-24T09:56:27.176+0000] {dag.py:3508} INFO - Setting next_dagrun for latest_only to 2023-08-24T05:56:27.175805+00:00, run_after=2023-08-24T09:56:27.175805+00:00
[2023-08-24T09:56:27.215+0000] {processor.py:179} INFO - Processing /home/airflow/.local/lib/python3.7/site-packages/airflow/example_dags/example_latest_only.py took 0.103 seconds
[2023-08-24T09:56:57.793+0000] {processor.py:157} INFO - Started process (PID=458) to work on /home/airflow/.local/lib/python3.7/site-packages/airflow/example_dags/example_latest_only.py
[2023-08-24T09:56:57.794+0000] {processor.py:826} INFO - Processing file /home/airflow/.local/lib/python3.7/site-packages/airflow/example_dags/example_latest_only.py for tasks to queue
[2023-08-24T09:56:57.795+0000] {logging_mixin.py:150} INFO - [2023-08-24T09:56:57.795+0000] {dagbag.py:541} INFO - Filling up the DagBag from /home/airflow/.local/lib/python3.7/site-packages/airflow/example_dags/example_latest_only.py
[2023-08-24T09:56:57.801+0000] {processor.py:836} INFO - DAG(s) dict_keys(['latest_only']) retrieved from /home/airflow/.local/lib/python3.7/site-packages/airflow/example_dags/example_latest_only.py
[2023-08-24T09:56:57.823+0000] {logging_mixin.py:150} INFO - [2023-08-24T09:56:57.823+0000] {dag.py:2742} INFO - Sync 1 DAGs
[2023-08-24T09:56:57.850+0000] {logging_mixin.py:150} INFO - [2023-08-24T09:56:57.849+0000] {dag.py:3508} INFO - Setting next_dagrun for latest_only to 2023-08-24T05:56:57.849772+00:00, run_after=2023-08-24T09:56:57.849772+00:00
[2023-08-24T09:56:57.888+0000] {processor.py:179} INFO - Processing /home/airflow/.local/lib/python3.7/site-packages/airflow/example_dags/example_latest_only.py took 0.098 seconds
[2023-08-24T09:57:28.917+0000] {processor.py:157} INFO - Started process (PID=534) to work on /home/airflow/.local/lib/python3.7/site-packages/airflow/example_dags/example_latest_only.py
[2023-08-24T09:57:28.918+0000] {processor.py:826} INFO - Processing file /home/airflow/.local/lib/python3.7/site-packages/airflow/example_dags/example_latest_only.py for tasks to queue
[2023-08-24T09:57:28.920+0000] {logging_mixin.py:150} INFO - [2023-08-24T09:57:28.919+0000] {dagbag.py:541} INFO - Filling up the DagBag from /home/airflow/.local/lib/python3.7/site-packages/airflow/example_dags/example_latest_only.py
[2023-08-24T09:57:28.925+0000] {processor.py:836} INFO - DAG(s) dict_keys(['latest_only']) retrieved from /home/airflow/.local/lib/python3.7/site-packages/airflow/example_dags/example_latest_only.py
[2023-08-24T09:57:28.948+0000] {logging_mixin.py:150} INFO - [2023-08-24T09:57:28.948+0000] {dag.py:2742} INFO - Sync 1 DAGs
[2023-08-24T09:57:28.977+0000] {logging_mixin.py:150} INFO - [2023-08-24T09:57:28.976+0000] {dag.py:3508} INFO - Setting next_dagrun for latest_only to 2023-08-24T05:57:28.976551+00:00, run_after=2023-08-24T09:57:28.976551+00:00
[2023-08-24T09:57:29.016+0000] {processor.py:179} INFO - Processing /home/airflow/.local/lib/python3.7/site-packages/airflow/example_dags/example_latest_only.py took 0.102 seconds
[2023-08-24T09:57:59.357+0000] {processor.py:157} INFO - Started process (PID=610) to work on /home/airflow/.local/lib/python3.7/site-packages/airflow/example_dags/example_latest_only.py
[2023-08-24T09:57:59.358+0000] {processor.py:826} INFO - Processing file /home/airflow/.local/lib/python3.7/site-packages/airflow/example_dags/example_latest_only.py for tasks to queue
[2023-08-24T09:57:59.359+0000] {logging_mixin.py:150} INFO - [2023-08-24T09:57:59.358+0000] {dagbag.py:541} INFO - Filling up the DagBag from /home/airflow/.local/lib/python3.7/site-packages/airflow/example_dags/example_latest_only.py
[2023-08-24T09:57:59.364+0000] {processor.py:836} INFO - DAG(s) dict_keys(['latest_only']) retrieved from /home/airflow/.local/lib/python3.7/site-packages/airflow/example_dags/example_latest_only.py
[2023-08-24T09:57:59.386+0000] {logging_mixin.py:150} INFO - [2023-08-24T09:57:59.386+0000] {dag.py:2742} INFO - Sync 1 DAGs
[2023-08-24T09:57:59.413+0000] {logging_mixin.py:150} INFO - [2023-08-24T09:57:59.413+0000] {dag.py:3508} INFO - Setting next_dagrun for latest_only to 2023-08-24T05:57:59.413300+00:00, run_after=2023-08-24T09:57:59.413300+00:00
[2023-08-24T09:57:59.452+0000] {processor.py:179} INFO - Processing /home/airflow/.local/lib/python3.7/site-packages/airflow/example_dags/example_latest_only.py took 0.098 seconds
[2023-08-24T09:58:29.918+0000] {processor.py:157} INFO - Started process (PID=686) to work on /home/airflow/.local/lib/python3.7/site-packages/airflow/example_dags/example_latest_only.py
[2023-08-24T09:58:29.919+0000] {processor.py:826} INFO - Processing file /home/airflow/.local/lib/python3.7/site-packages/airflow/example_dags/example_latest_only.py for tasks to queue
[2023-08-24T09:58:29.920+0000] {logging_mixin.py:150} INFO - [2023-08-24T09:58:29.920+0000] {dagbag.py:541} INFO - Filling up the DagBag from /home/airflow/.local/lib/python3.7/site-packages/airflow/example_dags/example_latest_only.py
[2023-08-24T09:58:29.925+0000] {processor.py:836} INFO - DAG(s) dict_keys(['latest_only']) retrieved from /home/airflow/.local/lib/python3.7/site-packages/airflow/example_dags/example_latest_only.py
[2023-08-24T09:58:29.947+0000] {logging_mixin.py:150} INFO - [2023-08-24T09:58:29.947+0000] {dag.py:2742} INFO - Sync 1 DAGs
[2023-08-24T09:58:29.974+0000] {logging_mixin.py:150} INFO - [2023-08-24T09:58:29.974+0000] {dag.py:3508} INFO - Setting next_dagrun for latest_only to 2023-08-24T05:58:29.973853+00:00, run_after=2023-08-24T09:58:29.973853+00:00
[2023-08-24T09:58:30.011+0000] {processor.py:179} INFO - Processing /home/airflow/.local/lib/python3.7/site-packages/airflow/example_dags/example_latest_only.py took 0.097 seconds
[2023-08-24T09:59:00.795+0000] {processor.py:157} INFO - Started process (PID=762) to work on /home/airflow/.local/lib/python3.7/site-packages/airflow/example_dags/example_latest_only.py
[2023-08-24T09:59:00.796+0000] {processor.py:826} INFO - Processing file /home/airflow/.local/lib/python3.7/site-packages/airflow/example_dags/example_latest_only.py for tasks to queue
[2023-08-24T09:59:00.797+0000] {logging_mixin.py:150} INFO - [2023-08-24T09:59:00.797+0000] {dagbag.py:541} INFO - Filling up the DagBag from /home/airflow/.local/lib/python3.7/site-packages/airflow/example_dags/example_latest_only.py
[2023-08-24T09:59:00.803+0000] {processor.py:836} INFO - DAG(s) dict_keys(['latest_only']) retrieved from /home/airflow/.local/lib/python3.7/site-packages/airflow/example_dags/example_latest_only.py
[2023-08-24T09:59:00.825+0000] {logging_mixin.py:150} INFO - [2023-08-24T09:59:00.825+0000] {dag.py:2742} INFO - Sync 1 DAGs
[2023-08-24T09:59:00.854+0000] {logging_mixin.py:150} INFO - [2023-08-24T09:59:00.854+0000] {dag.py:3508} INFO - Setting next_dagrun for latest_only to 2023-08-24T05:59:00.853783+00:00, run_after=2023-08-24T09:59:00.853783+00:00
[2023-08-24T09:59:00.892+0000] {processor.py:179} INFO - Processing /home/airflow/.local/lib/python3.7/site-packages/airflow/example_dags/example_latest_only.py took 0.100 seconds
[2023-08-24T09:59:31.470+0000] {processor.py:157} INFO - Started process (PID=838) to work on /home/airflow/.local/lib/python3.7/site-packages/airflow/example_dags/example_latest_only.py
[2023-08-24T09:59:31.471+0000] {processor.py:826} INFO - Processing file /home/airflow/.local/lib/python3.7/site-packages/airflow/example_dags/example_latest_only.py for tasks to queue
[2023-08-24T09:59:31.472+0000] {logging_mixin.py:150} INFO - [2023-08-24T09:59:31.472+0000] {dagbag.py:541} INFO - Filling up the DagBag from /home/airflow/.local/lib/python3.7/site-packages/airflow/example_dags/example_latest_only.py
[2023-08-24T09:59:31.478+0000] {processor.py:836} INFO - DAG(s) dict_keys(['latest_only']) retrieved from /home/airflow/.local/lib/python3.7/site-packages/airflow/example_dags/example_latest_only.py
[2023-08-24T09:59:31.500+0000] {logging_mixin.py:150} INFO - [2023-08-24T09:59:31.500+0000] {dag.py:2742} INFO - Sync 1 DAGs
[2023-08-24T09:59:31.526+0000] {logging_mixin.py:150} INFO - [2023-08-24T09:59:31.526+0000] {dag.py:3508} INFO - Setting next_dagrun for latest_only to 2023-08-24T05:59:31.526492+00:00, run_after=2023-08-24T09:59:31.526492+00:00
[2023-08-24T09:59:31.563+0000] {processor.py:179} INFO - Processing /home/airflow/.local/lib/python3.7/site-packages/airflow/example_dags/example_latest_only.py took 0.097 seconds
[2023-08-24T10:00:01.822+0000] {processor.py:157} INFO - Started process (PID=914) to work on /home/airflow/.local/lib/python3.7/site-packages/airflow/example_dags/example_latest_only.py
[2023-08-24T10:00:01.823+0000] {processor.py:826} INFO - Processing file /home/airflow/.local/lib/python3.7/site-packages/airflow/example_dags/example_latest_only.py for tasks to queue
[2023-08-24T10:00:01.824+0000] {logging_mixin.py:150} INFO - [2023-08-24T10:00:01.824+0000] {dagbag.py:541} INFO - Filling up the DagBag from /home/airflow/.local/lib/python3.7/site-packages/airflow/example_dags/example_latest_only.py
[2023-08-24T10:00:01.829+0000] {processor.py:836} INFO - DAG(s) dict_keys(['latest_only']) retrieved from /home/airflow/.local/lib/python3.7/site-packages/airflow/example_dags/example_latest_only.py
[2023-08-24T10:00:01.851+0000] {logging_mixin.py:150} INFO - [2023-08-24T10:00:01.851+0000] {dag.py:2742} INFO - Sync 1 DAGs
[2023-08-24T10:00:01.879+0000] {logging_mixin.py:150} INFO - [2023-08-24T10:00:01.879+0000] {dag.py:3508} INFO - Setting next_dagrun for latest_only to 2023-08-24T06:00:01.878824+00:00, run_after=2023-08-24T10:00:01.878824+00:00
[2023-08-24T10:00:01.932+0000] {processor.py:179} INFO - Processing /home/airflow/.local/lib/python3.7/site-packages/airflow/example_dags/example_latest_only.py took 0.114 seconds
[2023-08-24T10:00:32.631+0000] {processor.py:157} INFO - Started process (PID=990) to work on /home/airflow/.local/lib/python3.7/site-packages/airflow/example_dags/example_latest_only.py
[2023-08-24T10:00:32.632+0000] {processor.py:826} INFO - Processing file /home/airflow/.local/lib/python3.7/site-packages/airflow/example_dags/example_latest_only.py for tasks to queue
[2023-08-24T10:00:32.633+0000] {logging_mixin.py:150} INFO - [2023-08-24T10:00:32.633+0000] {dagbag.py:541} INFO - Filling up the DagBag from /home/airflow/.local/lib/python3.7/site-packages/airflow/example_dags/example_latest_only.py
[2023-08-24T10:00:32.639+0000] {processor.py:836} INFO - DAG(s) dict_keys(['latest_only']) retrieved from /home/airflow/.local/lib/python3.7/site-packages/airflow/example_dags/example_latest_only.py
[2023-08-24T10:00:32.661+0000] {logging_mixin.py:150} INFO - [2023-08-24T10:00:32.661+0000] {dag.py:2742} INFO - Sync 1 DAGs
[2023-08-24T10:00:32.688+0000] {logging_mixin.py:150} INFO - [2023-08-24T10:00:32.688+0000] {dag.py:3508} INFO - Setting next_dagrun for latest_only to 2023-08-24T06:00:32.687923+00:00, run_after=2023-08-24T10:00:32.687923+00:00
[2023-08-24T10:00:32.729+0000] {processor.py:179} INFO - Processing /home/airflow/.local/lib/python3.7/site-packages/airflow/example_dags/example_latest_only.py took 0.102 seconds
[2023-08-24T10:01:03.507+0000] {processor.py:157} INFO - Started process (PID=1066) to work on /home/airflow/.local/lib/python3.7/site-packages/airflow/example_dags/example_latest_only.py
[2023-08-24T10:01:03.508+0000] {processor.py:826} INFO - Processing file /home/airflow/.local/lib/python3.7/site-packages/airflow/example_dags/example_latest_only.py for tasks to queue
[2023-08-24T10:01:03.509+0000] {logging_mixin.py:150} INFO - [2023-08-24T10:01:03.509+0000] {dagbag.py:541} INFO - Filling up the DagBag from /home/airflow/.local/lib/python3.7/site-packages/airflow/example_dags/example_latest_only.py
[2023-08-24T10:01:03.514+0000] {processor.py:836} INFO - DAG(s) dict_keys(['latest_only']) retrieved from /home/airflow/.local/lib/python3.7/site-packages/airflow/example_dags/example_latest_only.py
[2023-08-24T10:01:03.537+0000] {logging_mixin.py:150} INFO - [2023-08-24T10:01:03.536+0000] {dag.py:2742} INFO - Sync 1 DAGs
[2023-08-24T10:01:03.563+0000] {logging_mixin.py:150} INFO - [2023-08-24T10:01:03.563+0000] {dag.py:3508} INFO - Setting next_dagrun for latest_only to 2023-08-24T06:01:03.562973+00:00, run_after=2023-08-24T10:01:03.562973+00:00
[2023-08-24T10:01:03.600+0000] {processor.py:179} INFO - Processing /home/airflow/.local/lib/python3.7/site-packages/airflow/example_dags/example_latest_only.py took 0.097 seconds
[2023-08-24T10:01:34.464+0000] {processor.py:157} INFO - Started process (PID=1142) to work on /home/airflow/.local/lib/python3.7/site-packages/airflow/example_dags/example_latest_only.py
[2023-08-24T10:01:34.465+0000] {processor.py:826} INFO - Processing file /home/airflow/.local/lib/python3.7/site-packages/airflow/example_dags/example_latest_only.py for tasks to queue
[2023-08-24T10:01:34.466+0000] {logging_mixin.py:150} INFO - [2023-08-24T10:01:34.466+0000] {dagbag.py:541} INFO - Filling up the DagBag from /home/airflow/.local/lib/python3.7/site-packages/airflow/example_dags/example_latest_only.py
[2023-08-24T10:01:34.472+0000] {processor.py:836} INFO - DAG(s) dict_keys(['latest_only']) retrieved from /home/airflow/.local/lib/python3.7/site-packages/airflow/example_dags/example_latest_only.py
[2023-08-24T10:01:34.493+0000] {logging_mixin.py:150} INFO - [2023-08-24T10:01:34.493+0000] {dag.py:2742} INFO - Sync 1 DAGs
[2023-08-24T10:01:34.520+0000] {logging_mixin.py:150} INFO - [2023-08-24T10:01:34.519+0000] {dag.py:3508} INFO - Setting next_dagrun for latest_only to 2023-08-24T06:01:34.519621+00:00, run_after=2023-08-24T10:01:34.519621+00:00
[2023-08-24T10:01:34.557+0000] {processor.py:179} INFO - Processing /home/airflow/.local/lib/python3.7/site-packages/airflow/example_dags/example_latest_only.py took 0.096 seconds
[2023-08-24T10:02:04.726+0000] {processor.py:157} INFO - Started process (PID=1218) to work on /home/airflow/.local/lib/python3.7/site-packages/airflow/example_dags/example_latest_only.py
[2023-08-24T10:02:04.727+0000] {processor.py:826} INFO - Processing file /home/airflow/.local/lib/python3.7/site-packages/airflow/example_dags/example_latest_only.py for tasks to queue
[2023-08-24T10:02:04.728+0000] {logging_mixin.py:150} INFO - [2023-08-24T10:02:04.728+0000] {dagbag.py:541} INFO - Filling up the DagBag from /home/airflow/.local/lib/python3.7/site-packages/airflow/example_dags/example_latest_only.py
[2023-08-24T10:02:04.734+0000] {processor.py:836} INFO - DAG(s) dict_keys(['latest_only']) retrieved from /home/airflow/.local/lib/python3.7/site-packages/airflow/example_dags/example_latest_only.py
[2023-08-24T10:02:04.758+0000] {logging_mixin.py:150} INFO - [2023-08-24T10:02:04.758+0000] {dag.py:2742} INFO - Sync 1 DAGs
[2023-08-24T10:02:04.785+0000] {logging_mixin.py:150} INFO - [2023-08-24T10:02:04.784+0000] {dag.py:3508} INFO - Setting next_dagrun for latest_only to 2023-08-24T06:02:04.784768+00:00, run_after=2023-08-24T10:02:04.784768+00:00
[2023-08-24T10:02:04.822+0000] {processor.py:179} INFO - Processing /home/airflow/.local/lib/python3.7/site-packages/airflow/example_dags/example_latest_only.py took 0.099 seconds
[2023-08-24T10:02:35.038+0000] {processor.py:157} INFO - Started process (PID=1294) to work on /home/airflow/.local/lib/python3.7/site-packages/airflow/example_dags/example_latest_only.py
[2023-08-24T10:02:35.039+0000] {processor.py:826} INFO - Processing file /home/airflow/.local/lib/python3.7/site-packages/airflow/example_dags/example_latest_only.py for tasks to queue
[2023-08-24T10:02:35.040+0000] {logging_mixin.py:150} INFO - [2023-08-24T10:02:35.040+0000] {dagbag.py:541} INFO - Filling up the DagBag from /home/airflow/.local/lib/python3.7/site-packages/airflow/example_dags/example_latest_only.py
[2023-08-24T10:02:35.046+0000] {processor.py:836} INFO - DAG(s) dict_keys(['latest_only']) retrieved from /home/airflow/.local/lib/python3.7/site-packages/airflow/example_dags/example_latest_only.py
[2023-08-24T10:02:35.068+0000] {logging_mixin.py:150} INFO - [2023-08-24T10:02:35.068+0000] {dag.py:2742} INFO - Sync 1 DAGs
[2023-08-24T10:02:35.095+0000] {logging_mixin.py:150} INFO - [2023-08-24T10:02:35.095+0000] {dag.py:3508} INFO - Setting next_dagrun for latest_only to 2023-08-24T06:02:35.094911+00:00, run_after=2023-08-24T10:02:35.094911+00:00
[2023-08-24T10:02:35.133+0000] {processor.py:179} INFO - Processing /home/airflow/.local/lib/python3.7/site-packages/airflow/example_dags/example_latest_only.py took 0.098 seconds
[2023-08-24T10:03:06.135+0000] {processor.py:157} INFO - Started process (PID=1370) to work on /home/airflow/.local/lib/python3.7/site-packages/airflow/example_dags/example_latest_only.py
[2023-08-24T10:03:06.136+0000] {processor.py:826} INFO - Processing file /home/airflow/.local/lib/python3.7/site-packages/airflow/example_dags/example_latest_only.py for tasks to queue
[2023-08-24T10:03:06.137+0000] {logging_mixin.py:150} INFO - [2023-08-24T10:03:06.137+0000] {dagbag.py:541} INFO - Filling up the DagBag from /home/airflow/.local/lib/python3.7/site-packages/airflow/example_dags/example_latest_only.py
[2023-08-24T10:03:06.143+0000] {processor.py:836} INFO - DAG(s) dict_keys(['latest_only']) retrieved from /home/airflow/.local/lib/python3.7/site-packages/airflow/example_dags/example_latest_only.py
[2023-08-24T10:03:06.165+0000] {logging_mixin.py:150} INFO - [2023-08-24T10:03:06.165+0000] {dag.py:2742} INFO - Sync 1 DAGs
[2023-08-24T10:03:06.193+0000] {logging_mixin.py:150} INFO - [2023-08-24T10:03:06.193+0000] {dag.py:3508} INFO - Setting next_dagrun for latest_only to 2023-08-24T06:03:06.193130+00:00, run_after=2023-08-24T10:03:06.193130+00:00
[2023-08-24T10:03:06.232+0000] {processor.py:179} INFO - Processing /home/airflow/.local/lib/python3.7/site-packages/airflow/example_dags/example_latest_only.py took 0.100 seconds
[2023-08-24T10:03:36.545+0000] {processor.py:157} INFO - Started process (PID=1446) to work on /home/airflow/.local/lib/python3.7/site-packages/airflow/example_dags/example_latest_only.py
[2023-08-24T10:03:36.546+0000] {processor.py:826} INFO - Processing file /home/airflow/.local/lib/python3.7/site-packages/airflow/example_dags/example_latest_only.py for tasks to queue
[2023-08-24T10:03:36.547+0000] {logging_mixin.py:150} INFO - [2023-08-24T10:03:36.546+0000] {dagbag.py:541} INFO - Filling up the DagBag from /home/airflow/.local/lib/python3.7/site-packages/airflow/example_dags/example_latest_only.py
[2023-08-24T10:03:36.552+0000] {processor.py:836} INFO - DAG(s) dict_keys(['latest_only']) retrieved from /home/airflow/.local/lib/python3.7/site-packages/airflow/example_dags/example_latest_only.py
[2023-08-24T10:03:36.575+0000] {logging_mixin.py:150} INFO - [2023-08-24T10:03:36.574+0000] {dag.py:2742} INFO - Sync 1 DAGs
[2023-08-24T10:03:36.602+0000] {logging_mixin.py:150} INFO - [2023-08-24T10:03:36.602+0000] {dag.py:3508} INFO - Setting next_dagrun for latest_only to 2023-08-24T06:03:36.602305+00:00, run_after=2023-08-24T10:03:36.602305+00:00
[2023-08-24T10:03:36.641+0000] {processor.py:179} INFO - Processing /home/airflow/.local/lib/python3.7/site-packages/airflow/example_dags/example_latest_only.py took 0.099 seconds
