[2023-08-24T09:54:21.685+0000] {processor.py:157} INFO - Started process (PID=63) to work on /home/airflow/.local/lib/python3.7/site-packages/airflow/example_dags/example_skip_dag.py
[2023-08-24T09:54:21.686+0000] {processor.py:826} INFO - Processing file /home/airflow/.local/lib/python3.7/site-packages/airflow/example_dags/example_skip_dag.py for tasks to queue
[2023-08-24T09:54:21.688+0000] {logging_mixin.py:150} INFO - [2023-08-24T09:54:21.688+0000] {dagbag.py:541} INFO - Filling up the DagBag from /home/airflow/.local/lib/python3.7/site-packages/airflow/example_dags/example_skip_dag.py
[2023-08-24T09:54:21.699+0000] {processor.py:836} INFO - DAG(s) dict_keys(['example_skip_dag']) retrieved from /home/airflow/.local/lib/python3.7/site-packages/airflow/example_dags/example_skip_dag.py
[2023-08-24T09:54:21.849+0000] {logging_mixin.py:150} INFO - [2023-08-24T09:54:21.849+0000] {dag.py:2742} INFO - Sync 1 DAGs
[2023-08-24T09:54:21.882+0000] {logging_mixin.py:150} INFO - [2023-08-24T09:54:21.882+0000] {dag.py:3508} INFO - Setting next_dagrun for example_skip_dag to 2023-08-23T09:54:21.882167+00:00, run_after=2023-08-24T09:54:21.882167+00:00
[2023-08-24T09:54:21.925+0000] {processor.py:179} INFO - Processing /home/airflow/.local/lib/python3.7/site-packages/airflow/example_dags/example_skip_dag.py took 0.244 seconds
[2023-08-24T09:54:52.276+0000] {processor.py:157} INFO - Started process (PID=139) to work on /home/airflow/.local/lib/python3.7/site-packages/airflow/example_dags/example_skip_dag.py
[2023-08-24T09:54:52.277+0000] {processor.py:826} INFO - Processing file /home/airflow/.local/lib/python3.7/site-packages/airflow/example_dags/example_skip_dag.py for tasks to queue
[2023-08-24T09:54:52.278+0000] {logging_mixin.py:150} INFO - [2023-08-24T09:54:52.278+0000] {dagbag.py:541} INFO - Filling up the DagBag from /home/airflow/.local/lib/python3.7/site-packages/airflow/example_dags/example_skip_dag.py
[2023-08-24T09:54:52.285+0000] {processor.py:836} INFO - DAG(s) dict_keys(['example_skip_dag']) retrieved from /home/airflow/.local/lib/python3.7/site-packages/airflow/example_dags/example_skip_dag.py
[2023-08-24T09:54:52.297+0000] {logging_mixin.py:150} INFO - [2023-08-24T09:54:52.297+0000] {dag.py:2742} INFO - Sync 1 DAGs
[2023-08-24T09:54:52.325+0000] {logging_mixin.py:150} INFO - [2023-08-24T09:54:52.325+0000] {dag.py:3508} INFO - Setting next_dagrun for example_skip_dag to 2023-08-23T09:54:52.325501+00:00, run_after=2023-08-24T09:54:52.325501+00:00
[2023-08-24T09:54:52.368+0000] {processor.py:179} INFO - Processing /home/airflow/.local/lib/python3.7/site-packages/airflow/example_dags/example_skip_dag.py took 0.096 seconds
[2023-08-24T09:55:23.217+0000] {processor.py:157} INFO - Started process (PID=215) to work on /home/airflow/.local/lib/python3.7/site-packages/airflow/example_dags/example_skip_dag.py
[2023-08-24T09:55:23.219+0000] {processor.py:826} INFO - Processing file /home/airflow/.local/lib/python3.7/site-packages/airflow/example_dags/example_skip_dag.py for tasks to queue
[2023-08-24T09:55:23.220+0000] {logging_mixin.py:150} INFO - [2023-08-24T09:55:23.220+0000] {dagbag.py:541} INFO - Filling up the DagBag from /home/airflow/.local/lib/python3.7/site-packages/airflow/example_dags/example_skip_dag.py
[2023-08-24T09:55:23.231+0000] {processor.py:836} INFO - DAG(s) dict_keys(['example_skip_dag']) retrieved from /home/airflow/.local/lib/python3.7/site-packages/airflow/example_dags/example_skip_dag.py
[2023-08-24T09:55:23.258+0000] {logging_mixin.py:150} INFO - [2023-08-24T09:55:23.258+0000] {dag.py:2742} INFO - Sync 1 DAGs
[2023-08-24T09:55:23.286+0000] {logging_mixin.py:150} INFO - [2023-08-24T09:55:23.286+0000] {dag.py:3508} INFO - Setting next_dagrun for example_skip_dag to 2023-08-23T09:55:23.286277+00:00, run_after=2023-08-24T09:55:23.286277+00:00
[2023-08-24T09:55:23.327+0000] {processor.py:179} INFO - Processing /home/airflow/.local/lib/python3.7/site-packages/airflow/example_dags/example_skip_dag.py took 0.114 seconds
[2023-08-24T09:55:54.150+0000] {processor.py:157} INFO - Started process (PID=291) to work on /home/airflow/.local/lib/python3.7/site-packages/airflow/example_dags/example_skip_dag.py
[2023-08-24T09:55:54.151+0000] {processor.py:826} INFO - Processing file /home/airflow/.local/lib/python3.7/site-packages/airflow/example_dags/example_skip_dag.py for tasks to queue
[2023-08-24T09:55:54.152+0000] {logging_mixin.py:150} INFO - [2023-08-24T09:55:54.151+0000] {dagbag.py:541} INFO - Filling up the DagBag from /home/airflow/.local/lib/python3.7/site-packages/airflow/example_dags/example_skip_dag.py
[2023-08-24T09:55:54.159+0000] {processor.py:836} INFO - DAG(s) dict_keys(['example_skip_dag']) retrieved from /home/airflow/.local/lib/python3.7/site-packages/airflow/example_dags/example_skip_dag.py
[2023-08-24T09:55:54.183+0000] {logging_mixin.py:150} INFO - [2023-08-24T09:55:54.183+0000] {dag.py:2742} INFO - Sync 1 DAGs
[2023-08-24T09:55:54.211+0000] {logging_mixin.py:150} INFO - [2023-08-24T09:55:54.211+0000] {dag.py:3508} INFO - Setting next_dagrun for example_skip_dag to 2023-08-23T09:55:54.211142+00:00, run_after=2023-08-24T09:55:54.211142+00:00
[2023-08-24T09:55:54.249+0000] {processor.py:179} INFO - Processing /home/airflow/.local/lib/python3.7/site-packages/airflow/example_dags/example_skip_dag.py took 0.103 seconds
[2023-08-24T09:56:24.930+0000] {processor.py:157} INFO - Started process (PID=367) to work on /home/airflow/.local/lib/python3.7/site-packages/airflow/example_dags/example_skip_dag.py
[2023-08-24T09:56:24.931+0000] {processor.py:826} INFO - Processing file /home/airflow/.local/lib/python3.7/site-packages/airflow/example_dags/example_skip_dag.py for tasks to queue
[2023-08-24T09:56:24.932+0000] {logging_mixin.py:150} INFO - [2023-08-24T09:56:24.932+0000] {dagbag.py:541} INFO - Filling up the DagBag from /home/airflow/.local/lib/python3.7/site-packages/airflow/example_dags/example_skip_dag.py
[2023-08-24T09:56:24.939+0000] {processor.py:836} INFO - DAG(s) dict_keys(['example_skip_dag']) retrieved from /home/airflow/.local/lib/python3.7/site-packages/airflow/example_dags/example_skip_dag.py
[2023-08-24T09:56:24.963+0000] {logging_mixin.py:150} INFO - [2023-08-24T09:56:24.963+0000] {dag.py:2742} INFO - Sync 1 DAGs
[2023-08-24T09:56:24.991+0000] {logging_mixin.py:150} INFO - [2023-08-24T09:56:24.991+0000] {dag.py:3508} INFO - Setting next_dagrun for example_skip_dag to 2023-08-23T09:56:24.990992+00:00, run_after=2023-08-24T09:56:24.990992+00:00
[2023-08-24T09:56:25.040+0000] {processor.py:179} INFO - Processing /home/airflow/.local/lib/python3.7/site-packages/airflow/example_dags/example_skip_dag.py took 0.113 seconds
[2023-08-24T09:56:55.678+0000] {processor.py:157} INFO - Started process (PID=443) to work on /home/airflow/.local/lib/python3.7/site-packages/airflow/example_dags/example_skip_dag.py
[2023-08-24T09:56:55.679+0000] {processor.py:826} INFO - Processing file /home/airflow/.local/lib/python3.7/site-packages/airflow/example_dags/example_skip_dag.py for tasks to queue
[2023-08-24T09:56:55.680+0000] {logging_mixin.py:150} INFO - [2023-08-24T09:56:55.680+0000] {dagbag.py:541} INFO - Filling up the DagBag from /home/airflow/.local/lib/python3.7/site-packages/airflow/example_dags/example_skip_dag.py
[2023-08-24T09:56:55.687+0000] {processor.py:836} INFO - DAG(s) dict_keys(['example_skip_dag']) retrieved from /home/airflow/.local/lib/python3.7/site-packages/airflow/example_dags/example_skip_dag.py
[2023-08-24T09:56:55.712+0000] {logging_mixin.py:150} INFO - [2023-08-24T09:56:55.712+0000] {dag.py:2742} INFO - Sync 1 DAGs
[2023-08-24T09:56:55.739+0000] {logging_mixin.py:150} INFO - [2023-08-24T09:56:55.739+0000] {dag.py:3508} INFO - Setting next_dagrun for example_skip_dag to 2023-08-23T09:56:55.739480+00:00, run_after=2023-08-24T09:56:55.739480+00:00
[2023-08-24T09:56:55.787+0000] {processor.py:179} INFO - Processing /home/airflow/.local/lib/python3.7/site-packages/airflow/example_dags/example_skip_dag.py took 0.112 seconds
[2023-08-24T09:57:26.690+0000] {processor.py:157} INFO - Started process (PID=519) to work on /home/airflow/.local/lib/python3.7/site-packages/airflow/example_dags/example_skip_dag.py
[2023-08-24T09:57:26.691+0000] {processor.py:826} INFO - Processing file /home/airflow/.local/lib/python3.7/site-packages/airflow/example_dags/example_skip_dag.py for tasks to queue
[2023-08-24T09:57:26.692+0000] {logging_mixin.py:150} INFO - [2023-08-24T09:57:26.692+0000] {dagbag.py:541} INFO - Filling up the DagBag from /home/airflow/.local/lib/python3.7/site-packages/airflow/example_dags/example_skip_dag.py
[2023-08-24T09:57:26.699+0000] {processor.py:836} INFO - DAG(s) dict_keys(['example_skip_dag']) retrieved from /home/airflow/.local/lib/python3.7/site-packages/airflow/example_dags/example_skip_dag.py
[2023-08-24T09:57:26.724+0000] {logging_mixin.py:150} INFO - [2023-08-24T09:57:26.724+0000] {dag.py:2742} INFO - Sync 1 DAGs
[2023-08-24T09:57:26.752+0000] {logging_mixin.py:150} INFO - [2023-08-24T09:57:26.752+0000] {dag.py:3508} INFO - Setting next_dagrun for example_skip_dag to 2023-08-23T09:57:26.752245+00:00, run_after=2023-08-24T09:57:26.752245+00:00
[2023-08-24T09:57:26.834+0000] {processor.py:179} INFO - Processing /home/airflow/.local/lib/python3.7/site-packages/airflow/example_dags/example_skip_dag.py took 0.148 seconds
[2023-08-24T09:57:57.227+0000] {processor.py:157} INFO - Started process (PID=595) to work on /home/airflow/.local/lib/python3.7/site-packages/airflow/example_dags/example_skip_dag.py
[2023-08-24T09:57:57.228+0000] {processor.py:826} INFO - Processing file /home/airflow/.local/lib/python3.7/site-packages/airflow/example_dags/example_skip_dag.py for tasks to queue
[2023-08-24T09:57:57.229+0000] {logging_mixin.py:150} INFO - [2023-08-24T09:57:57.229+0000] {dagbag.py:541} INFO - Filling up the DagBag from /home/airflow/.local/lib/python3.7/site-packages/airflow/example_dags/example_skip_dag.py
[2023-08-24T09:57:57.236+0000] {processor.py:836} INFO - DAG(s) dict_keys(['example_skip_dag']) retrieved from /home/airflow/.local/lib/python3.7/site-packages/airflow/example_dags/example_skip_dag.py
[2023-08-24T09:57:57.261+0000] {logging_mixin.py:150} INFO - [2023-08-24T09:57:57.260+0000] {dag.py:2742} INFO - Sync 1 DAGs
[2023-08-24T09:57:57.288+0000] {logging_mixin.py:150} INFO - [2023-08-24T09:57:57.288+0000] {dag.py:3508} INFO - Setting next_dagrun for example_skip_dag to 2023-08-23T09:57:57.288175+00:00, run_after=2023-08-24T09:57:57.288175+00:00
[2023-08-24T09:57:57.330+0000] {processor.py:179} INFO - Processing /home/airflow/.local/lib/python3.7/site-packages/airflow/example_dags/example_skip_dag.py took 0.105 seconds
[2023-08-24T09:58:27.803+0000] {processor.py:157} INFO - Started process (PID=671) to work on /home/airflow/.local/lib/python3.7/site-packages/airflow/example_dags/example_skip_dag.py
[2023-08-24T09:58:27.804+0000] {processor.py:826} INFO - Processing file /home/airflow/.local/lib/python3.7/site-packages/airflow/example_dags/example_skip_dag.py for tasks to queue
[2023-08-24T09:58:27.805+0000] {logging_mixin.py:150} INFO - [2023-08-24T09:58:27.805+0000] {dagbag.py:541} INFO - Filling up the DagBag from /home/airflow/.local/lib/python3.7/site-packages/airflow/example_dags/example_skip_dag.py
[2023-08-24T09:58:27.812+0000] {processor.py:836} INFO - DAG(s) dict_keys(['example_skip_dag']) retrieved from /home/airflow/.local/lib/python3.7/site-packages/airflow/example_dags/example_skip_dag.py
[2023-08-24T09:58:27.836+0000] {logging_mixin.py:150} INFO - [2023-08-24T09:58:27.836+0000] {dag.py:2742} INFO - Sync 1 DAGs
[2023-08-24T09:58:27.864+0000] {logging_mixin.py:150} INFO - [2023-08-24T09:58:27.864+0000] {dag.py:3508} INFO - Setting next_dagrun for example_skip_dag to 2023-08-23T09:58:27.863828+00:00, run_after=2023-08-24T09:58:27.863828+00:00
[2023-08-24T09:58:27.906+0000] {processor.py:179} INFO - Processing /home/airflow/.local/lib/python3.7/site-packages/airflow/example_dags/example_skip_dag.py took 0.106 seconds
[2023-08-24T09:58:58.604+0000] {processor.py:157} INFO - Started process (PID=747) to work on /home/airflow/.local/lib/python3.7/site-packages/airflow/example_dags/example_skip_dag.py
[2023-08-24T09:58:58.605+0000] {processor.py:826} INFO - Processing file /home/airflow/.local/lib/python3.7/site-packages/airflow/example_dags/example_skip_dag.py for tasks to queue
[2023-08-24T09:58:58.607+0000] {logging_mixin.py:150} INFO - [2023-08-24T09:58:58.606+0000] {dagbag.py:541} INFO - Filling up the DagBag from /home/airflow/.local/lib/python3.7/site-packages/airflow/example_dags/example_skip_dag.py
[2023-08-24T09:58:58.615+0000] {processor.py:836} INFO - DAG(s) dict_keys(['example_skip_dag']) retrieved from /home/airflow/.local/lib/python3.7/site-packages/airflow/example_dags/example_skip_dag.py
[2023-08-24T09:58:58.641+0000] {logging_mixin.py:150} INFO - [2023-08-24T09:58:58.641+0000] {dag.py:2742} INFO - Sync 1 DAGs
[2023-08-24T09:58:58.669+0000] {logging_mixin.py:150} INFO - [2023-08-24T09:58:58.668+0000] {dag.py:3508} INFO - Setting next_dagrun for example_skip_dag to 2023-08-23T09:58:58.668743+00:00, run_after=2023-08-24T09:58:58.668743+00:00
[2023-08-24T09:58:58.707+0000] {processor.py:179} INFO - Processing /home/airflow/.local/lib/python3.7/site-packages/airflow/example_dags/example_skip_dag.py took 0.106 seconds
[2023-08-24T09:59:29.296+0000] {processor.py:157} INFO - Started process (PID=823) to work on /home/airflow/.local/lib/python3.7/site-packages/airflow/example_dags/example_skip_dag.py
[2023-08-24T09:59:29.297+0000] {processor.py:826} INFO - Processing file /home/airflow/.local/lib/python3.7/site-packages/airflow/example_dags/example_skip_dag.py for tasks to queue
[2023-08-24T09:59:29.298+0000] {logging_mixin.py:150} INFO - [2023-08-24T09:59:29.298+0000] {dagbag.py:541} INFO - Filling up the DagBag from /home/airflow/.local/lib/python3.7/site-packages/airflow/example_dags/example_skip_dag.py
[2023-08-24T09:59:29.307+0000] {processor.py:836} INFO - DAG(s) dict_keys(['example_skip_dag']) retrieved from /home/airflow/.local/lib/python3.7/site-packages/airflow/example_dags/example_skip_dag.py
[2023-08-24T09:59:29.334+0000] {logging_mixin.py:150} INFO - [2023-08-24T09:59:29.334+0000] {dag.py:2742} INFO - Sync 1 DAGs
[2023-08-24T09:59:29.362+0000] {logging_mixin.py:150} INFO - [2023-08-24T09:59:29.362+0000] {dag.py:3508} INFO - Setting next_dagrun for example_skip_dag to 2023-08-23T09:59:29.362479+00:00, run_after=2023-08-24T09:59:29.362479+00:00
[2023-08-24T09:59:29.402+0000] {processor.py:179} INFO - Processing /home/airflow/.local/lib/python3.7/site-packages/airflow/example_dags/example_skip_dag.py took 0.110 seconds
[2023-08-24T09:59:59.698+0000] {processor.py:157} INFO - Started process (PID=899) to work on /home/airflow/.local/lib/python3.7/site-packages/airflow/example_dags/example_skip_dag.py
[2023-08-24T09:59:59.699+0000] {processor.py:826} INFO - Processing file /home/airflow/.local/lib/python3.7/site-packages/airflow/example_dags/example_skip_dag.py for tasks to queue
[2023-08-24T09:59:59.700+0000] {logging_mixin.py:150} INFO - [2023-08-24T09:59:59.700+0000] {dagbag.py:541} INFO - Filling up the DagBag from /home/airflow/.local/lib/python3.7/site-packages/airflow/example_dags/example_skip_dag.py
[2023-08-24T09:59:59.707+0000] {processor.py:836} INFO - DAG(s) dict_keys(['example_skip_dag']) retrieved from /home/airflow/.local/lib/python3.7/site-packages/airflow/example_dags/example_skip_dag.py
[2023-08-24T09:59:59.731+0000] {logging_mixin.py:150} INFO - [2023-08-24T09:59:59.731+0000] {dag.py:2742} INFO - Sync 1 DAGs
[2023-08-24T09:59:59.758+0000] {logging_mixin.py:150} INFO - [2023-08-24T09:59:59.758+0000] {dag.py:3508} INFO - Setting next_dagrun for example_skip_dag to 2023-08-23T09:59:59.758381+00:00, run_after=2023-08-24T09:59:59.758381+00:00
[2023-08-24T09:59:59.795+0000] {processor.py:179} INFO - Processing /home/airflow/.local/lib/python3.7/site-packages/airflow/example_dags/example_skip_dag.py took 0.101 seconds
[2023-08-24T10:00:30.443+0000] {processor.py:157} INFO - Started process (PID=975) to work on /home/airflow/.local/lib/python3.7/site-packages/airflow/example_dags/example_skip_dag.py
[2023-08-24T10:00:30.444+0000] {processor.py:826} INFO - Processing file /home/airflow/.local/lib/python3.7/site-packages/airflow/example_dags/example_skip_dag.py for tasks to queue
[2023-08-24T10:00:30.445+0000] {logging_mixin.py:150} INFO - [2023-08-24T10:00:30.445+0000] {dagbag.py:541} INFO - Filling up the DagBag from /home/airflow/.local/lib/python3.7/site-packages/airflow/example_dags/example_skip_dag.py
[2023-08-24T10:00:30.452+0000] {processor.py:836} INFO - DAG(s) dict_keys(['example_skip_dag']) retrieved from /home/airflow/.local/lib/python3.7/site-packages/airflow/example_dags/example_skip_dag.py
[2023-08-24T10:00:30.477+0000] {logging_mixin.py:150} INFO - [2023-08-24T10:00:30.477+0000] {dag.py:2742} INFO - Sync 1 DAGs
[2023-08-24T10:00:30.503+0000] {logging_mixin.py:150} INFO - [2023-08-24T10:00:30.503+0000] {dag.py:3508} INFO - Setting next_dagrun for example_skip_dag to 2023-08-23T10:00:30.503424+00:00, run_after=2023-08-24T10:00:30.503424+00:00
[2023-08-24T10:00:30.542+0000] {processor.py:179} INFO - Processing /home/airflow/.local/lib/python3.7/site-packages/airflow/example_dags/example_skip_dag.py took 0.102 seconds
[2023-08-24T10:01:01.350+0000] {processor.py:157} INFO - Started process (PID=1051) to work on /home/airflow/.local/lib/python3.7/site-packages/airflow/example_dags/example_skip_dag.py
[2023-08-24T10:01:01.351+0000] {processor.py:826} INFO - Processing file /home/airflow/.local/lib/python3.7/site-packages/airflow/example_dags/example_skip_dag.py for tasks to queue
[2023-08-24T10:01:01.352+0000] {logging_mixin.py:150} INFO - [2023-08-24T10:01:01.352+0000] {dagbag.py:541} INFO - Filling up the DagBag from /home/airflow/.local/lib/python3.7/site-packages/airflow/example_dags/example_skip_dag.py
[2023-08-24T10:01:01.360+0000] {processor.py:836} INFO - DAG(s) dict_keys(['example_skip_dag']) retrieved from /home/airflow/.local/lib/python3.7/site-packages/airflow/example_dags/example_skip_dag.py
[2023-08-24T10:01:01.384+0000] {logging_mixin.py:150} INFO - [2023-08-24T10:01:01.384+0000] {dag.py:2742} INFO - Sync 1 DAGs
[2023-08-24T10:01:01.411+0000] {logging_mixin.py:150} INFO - [2023-08-24T10:01:01.411+0000] {dag.py:3508} INFO - Setting next_dagrun for example_skip_dag to 2023-08-23T10:01:01.410901+00:00, run_after=2023-08-24T10:01:01.410901+00:00
[2023-08-24T10:01:01.448+0000] {processor.py:179} INFO - Processing /home/airflow/.local/lib/python3.7/site-packages/airflow/example_dags/example_skip_dag.py took 0.102 seconds
[2023-08-24T10:01:32.320+0000] {processor.py:157} INFO - Started process (PID=1127) to work on /home/airflow/.local/lib/python3.7/site-packages/airflow/example_dags/example_skip_dag.py
[2023-08-24T10:01:32.321+0000] {processor.py:826} INFO - Processing file /home/airflow/.local/lib/python3.7/site-packages/airflow/example_dags/example_skip_dag.py for tasks to queue
[2023-08-24T10:01:32.322+0000] {logging_mixin.py:150} INFO - [2023-08-24T10:01:32.322+0000] {dagbag.py:541} INFO - Filling up the DagBag from /home/airflow/.local/lib/python3.7/site-packages/airflow/example_dags/example_skip_dag.py
[2023-08-24T10:01:32.329+0000] {processor.py:836} INFO - DAG(s) dict_keys(['example_skip_dag']) retrieved from /home/airflow/.local/lib/python3.7/site-packages/airflow/example_dags/example_skip_dag.py
[2023-08-24T10:01:32.353+0000] {logging_mixin.py:150} INFO - [2023-08-24T10:01:32.353+0000] {dag.py:2742} INFO - Sync 1 DAGs
[2023-08-24T10:01:32.381+0000] {logging_mixin.py:150} INFO - [2023-08-24T10:01:32.380+0000] {dag.py:3508} INFO - Setting next_dagrun for example_skip_dag to 2023-08-23T10:01:32.380676+00:00, run_after=2023-08-24T10:01:32.380676+00:00
[2023-08-24T10:01:32.417+0000] {processor.py:179} INFO - Processing /home/airflow/.local/lib/python3.7/site-packages/airflow/example_dags/example_skip_dag.py took 0.100 seconds
[2023-08-24T10:02:02.608+0000] {processor.py:157} INFO - Started process (PID=1203) to work on /home/airflow/.local/lib/python3.7/site-packages/airflow/example_dags/example_skip_dag.py
[2023-08-24T10:02:02.609+0000] {processor.py:826} INFO - Processing file /home/airflow/.local/lib/python3.7/site-packages/airflow/example_dags/example_skip_dag.py for tasks to queue
[2023-08-24T10:02:02.611+0000] {logging_mixin.py:150} INFO - [2023-08-24T10:02:02.610+0000] {dagbag.py:541} INFO - Filling up the DagBag from /home/airflow/.local/lib/python3.7/site-packages/airflow/example_dags/example_skip_dag.py
[2023-08-24T10:02:02.618+0000] {processor.py:836} INFO - DAG(s) dict_keys(['example_skip_dag']) retrieved from /home/airflow/.local/lib/python3.7/site-packages/airflow/example_dags/example_skip_dag.py
[2023-08-24T10:02:02.643+0000] {logging_mixin.py:150} INFO - [2023-08-24T10:02:02.643+0000] {dag.py:2742} INFO - Sync 1 DAGs
[2023-08-24T10:02:02.671+0000] {logging_mixin.py:150} INFO - [2023-08-24T10:02:02.671+0000] {dag.py:3508} INFO - Setting next_dagrun for example_skip_dag to 2023-08-23T10:02:02.670803+00:00, run_after=2023-08-24T10:02:02.670803+00:00
[2023-08-24T10:02:02.708+0000] {processor.py:179} INFO - Processing /home/airflow/.local/lib/python3.7/site-packages/airflow/example_dags/example_skip_dag.py took 0.103 seconds
[2023-08-24T10:02:32.897+0000] {processor.py:157} INFO - Started process (PID=1279) to work on /home/airflow/.local/lib/python3.7/site-packages/airflow/example_dags/example_skip_dag.py
[2023-08-24T10:02:32.898+0000] {processor.py:826} INFO - Processing file /home/airflow/.local/lib/python3.7/site-packages/airflow/example_dags/example_skip_dag.py for tasks to queue
[2023-08-24T10:02:32.899+0000] {logging_mixin.py:150} INFO - [2023-08-24T10:02:32.899+0000] {dagbag.py:541} INFO - Filling up the DagBag from /home/airflow/.local/lib/python3.7/site-packages/airflow/example_dags/example_skip_dag.py
[2023-08-24T10:02:32.907+0000] {processor.py:836} INFO - DAG(s) dict_keys(['example_skip_dag']) retrieved from /home/airflow/.local/lib/python3.7/site-packages/airflow/example_dags/example_skip_dag.py
[2023-08-24T10:02:32.931+0000] {logging_mixin.py:150} INFO - [2023-08-24T10:02:32.931+0000] {dag.py:2742} INFO - Sync 1 DAGs
[2023-08-24T10:02:32.957+0000] {logging_mixin.py:150} INFO - [2023-08-24T10:02:32.957+0000] {dag.py:3508} INFO - Setting next_dagrun for example_skip_dag to 2023-08-23T10:02:32.957049+00:00, run_after=2023-08-24T10:02:32.957049+00:00
[2023-08-24T10:02:32.994+0000] {processor.py:179} INFO - Processing /home/airflow/.local/lib/python3.7/site-packages/airflow/example_dags/example_skip_dag.py took 0.099 seconds
[2023-08-24T10:03:03.989+0000] {processor.py:157} INFO - Started process (PID=1355) to work on /home/airflow/.local/lib/python3.7/site-packages/airflow/example_dags/example_skip_dag.py
[2023-08-24T10:03:03.990+0000] {processor.py:826} INFO - Processing file /home/airflow/.local/lib/python3.7/site-packages/airflow/example_dags/example_skip_dag.py for tasks to queue
[2023-08-24T10:03:03.992+0000] {logging_mixin.py:150} INFO - [2023-08-24T10:03:03.991+0000] {dagbag.py:541} INFO - Filling up the DagBag from /home/airflow/.local/lib/python3.7/site-packages/airflow/example_dags/example_skip_dag.py
[2023-08-24T10:03:04.001+0000] {processor.py:836} INFO - DAG(s) dict_keys(['example_skip_dag']) retrieved from /home/airflow/.local/lib/python3.7/site-packages/airflow/example_dags/example_skip_dag.py
[2023-08-24T10:03:04.025+0000] {logging_mixin.py:150} INFO - [2023-08-24T10:03:04.025+0000] {dag.py:2742} INFO - Sync 1 DAGs
[2023-08-24T10:03:04.053+0000] {logging_mixin.py:150} INFO - [2023-08-24T10:03:04.052+0000] {dag.py:3508} INFO - Setting next_dagrun for example_skip_dag to 2023-08-23T10:03:04.052740+00:00, run_after=2023-08-24T10:03:04.052740+00:00
[2023-08-24T10:03:04.091+0000] {processor.py:179} INFO - Processing /home/airflow/.local/lib/python3.7/site-packages/airflow/example_dags/example_skip_dag.py took 0.107 seconds
[2023-08-24T10:03:34.440+0000] {processor.py:157} INFO - Started process (PID=1431) to work on /home/airflow/.local/lib/python3.7/site-packages/airflow/example_dags/example_skip_dag.py
[2023-08-24T10:03:34.441+0000] {processor.py:826} INFO - Processing file /home/airflow/.local/lib/python3.7/site-packages/airflow/example_dags/example_skip_dag.py for tasks to queue
[2023-08-24T10:03:34.442+0000] {logging_mixin.py:150} INFO - [2023-08-24T10:03:34.442+0000] {dagbag.py:541} INFO - Filling up the DagBag from /home/airflow/.local/lib/python3.7/site-packages/airflow/example_dags/example_skip_dag.py
[2023-08-24T10:03:34.449+0000] {processor.py:836} INFO - DAG(s) dict_keys(['example_skip_dag']) retrieved from /home/airflow/.local/lib/python3.7/site-packages/airflow/example_dags/example_skip_dag.py
[2023-08-24T10:03:34.474+0000] {logging_mixin.py:150} INFO - [2023-08-24T10:03:34.474+0000] {dag.py:2742} INFO - Sync 1 DAGs
[2023-08-24T10:03:34.501+0000] {logging_mixin.py:150} INFO - [2023-08-24T10:03:34.501+0000] {dag.py:3508} INFO - Setting next_dagrun for example_skip_dag to 2023-08-23T10:03:34.500897+00:00, run_after=2023-08-24T10:03:34.500897+00:00
[2023-08-24T10:03:34.539+0000] {processor.py:179} INFO - Processing /home/airflow/.local/lib/python3.7/site-packages/airflow/example_dags/example_skip_dag.py took 0.102 seconds
