[2023-08-28T00:15:32.901+0000] {processor.py:157} INFO - Started process (PID=34) to work on /opt/airflow/dags/dags_python_show_templates.py
[2023-08-28T00:15:32.903+0000] {processor.py:826} INFO - Processing file /opt/airflow/dags/dags_python_show_templates.py for tasks to queue
[2023-08-28T00:15:32.904+0000] {logging_mixin.py:150} INFO - [2023-08-28T00:15:32.904+0000] {dagbag.py:541} INFO - Filling up the DagBag from /opt/airflow/dags/dags_python_show_templates.py
[2023-08-28T00:15:32.935+0000] {processor.py:836} INFO - DAG(s) dict_keys(['dags_python_show_templates']) retrieved from /opt/airflow/dags/dags_python_show_templates.py
[2023-08-28T00:15:33.182+0000] {logging_mixin.py:150} INFO - [2023-08-28T00:15:33.182+0000] {dag.py:2742} INFO - Sync 1 DAGs
[2023-08-28T00:15:33.221+0000] {logging_mixin.py:150} INFO - [2023-08-28T00:15:33.220+0000] {dag.py:3508} INFO - Setting next_dagrun for dags_python_show_templates to 2023-08-27T09:30:00+00:00, run_after=2023-08-28T09:30:00+00:00
[2023-08-28T00:15:33.259+0000] {processor.py:179} INFO - Processing /opt/airflow/dags/dags_python_show_templates.py took 0.361 seconds
[2023-08-28T00:16:04.150+0000] {processor.py:157} INFO - Started process (PID=117) to work on /opt/airflow/dags/dags_python_show_templates.py
[2023-08-28T00:16:04.151+0000] {processor.py:826} INFO - Processing file /opt/airflow/dags/dags_python_show_templates.py for tasks to queue
[2023-08-28T00:16:04.152+0000] {logging_mixin.py:150} INFO - [2023-08-28T00:16:04.152+0000] {dagbag.py:541} INFO - Filling up the DagBag from /opt/airflow/dags/dags_python_show_templates.py
[2023-08-28T00:16:04.203+0000] {processor.py:836} INFO - DAG(s) dict_keys(['dags_python_show_templates']) retrieved from /opt/airflow/dags/dags_python_show_templates.py
[2023-08-28T00:16:04.240+0000] {logging_mixin.py:150} INFO - [2023-08-28T00:16:04.240+0000] {dag.py:2742} INFO - Sync 1 DAGs
[2023-08-28T00:16:04.279+0000] {logging_mixin.py:150} INFO - [2023-08-28T00:16:04.279+0000] {dag.py:3508} INFO - Setting next_dagrun for dags_python_show_templates to 2023-08-27T09:30:00+00:00, run_after=2023-08-28T09:30:00+00:00
[2023-08-28T00:16:04.342+0000] {processor.py:179} INFO - Processing /opt/airflow/dags/dags_python_show_templates.py took 0.195 seconds
[2023-08-28T00:16:34.936+0000] {processor.py:157} INFO - Started process (PID=200) to work on /opt/airflow/dags/dags_python_show_templates.py
[2023-08-28T00:16:34.937+0000] {processor.py:826} INFO - Processing file /opt/airflow/dags/dags_python_show_templates.py for tasks to queue
[2023-08-28T00:16:34.938+0000] {logging_mixin.py:150} INFO - [2023-08-28T00:16:34.938+0000] {dagbag.py:541} INFO - Filling up the DagBag from /opt/airflow/dags/dags_python_show_templates.py
[2023-08-28T00:16:34.965+0000] {processor.py:836} INFO - DAG(s) dict_keys(['dags_python_show_templates']) retrieved from /opt/airflow/dags/dags_python_show_templates.py
[2023-08-28T00:16:34.985+0000] {logging_mixin.py:150} INFO - [2023-08-28T00:16:34.985+0000] {dag.py:2742} INFO - Sync 1 DAGs
[2023-08-28T00:16:35.010+0000] {logging_mixin.py:150} INFO - [2023-08-28T00:16:35.010+0000] {dag.py:3508} INFO - Setting next_dagrun for dags_python_show_templates to 2023-08-27T09:30:00+00:00, run_after=2023-08-28T09:30:00+00:00
[2023-08-28T00:16:35.048+0000] {processor.py:179} INFO - Processing /opt/airflow/dags/dags_python_show_templates.py took 0.115 seconds
[2023-08-28T00:17:05.170+0000] {processor.py:157} INFO - Started process (PID=283) to work on /opt/airflow/dags/dags_python_show_templates.py
[2023-08-28T00:17:05.171+0000] {processor.py:826} INFO - Processing file /opt/airflow/dags/dags_python_show_templates.py for tasks to queue
[2023-08-28T00:17:05.172+0000] {logging_mixin.py:150} INFO - [2023-08-28T00:17:05.172+0000] {dagbag.py:541} INFO - Filling up the DagBag from /opt/airflow/dags/dags_python_show_templates.py
[2023-08-28T00:17:05.198+0000] {processor.py:836} INFO - DAG(s) dict_keys(['dags_python_show_templates']) retrieved from /opt/airflow/dags/dags_python_show_templates.py
[2023-08-28T00:17:05.226+0000] {logging_mixin.py:150} INFO - [2023-08-28T00:17:05.226+0000] {dag.py:2742} INFO - Sync 1 DAGs
[2023-08-28T00:17:05.272+0000] {logging_mixin.py:150} INFO - [2023-08-28T00:17:05.271+0000] {dag.py:3508} INFO - Setting next_dagrun for dags_python_show_templates to 2023-08-27T09:30:00+00:00, run_after=2023-08-28T09:30:00+00:00
[2023-08-28T00:17:05.316+0000] {processor.py:179} INFO - Processing /opt/airflow/dags/dags_python_show_templates.py took 0.148 seconds
[2023-08-28T00:17:35.580+0000] {processor.py:157} INFO - Started process (PID=367) to work on /opt/airflow/dags/dags_python_show_templates.py
[2023-08-28T00:17:35.582+0000] {processor.py:826} INFO - Processing file /opt/airflow/dags/dags_python_show_templates.py for tasks to queue
[2023-08-28T00:17:35.583+0000] {logging_mixin.py:150} INFO - [2023-08-28T00:17:35.583+0000] {dagbag.py:541} INFO - Filling up the DagBag from /opt/airflow/dags/dags_python_show_templates.py
[2023-08-28T00:17:35.615+0000] {processor.py:836} INFO - DAG(s) dict_keys(['dags_python_show_templates']) retrieved from /opt/airflow/dags/dags_python_show_templates.py
[2023-08-28T00:17:35.637+0000] {logging_mixin.py:150} INFO - [2023-08-28T00:17:35.637+0000] {dag.py:2742} INFO - Sync 1 DAGs
[2023-08-28T00:17:35.665+0000] {logging_mixin.py:150} INFO - [2023-08-28T00:17:35.665+0000] {dag.py:3508} INFO - Setting next_dagrun for dags_python_show_templates to 2023-08-27T09:30:00+00:00, run_after=2023-08-28T09:30:00+00:00
[2023-08-28T00:17:35.721+0000] {processor.py:179} INFO - Processing /opt/airflow/dags/dags_python_show_templates.py took 0.144 seconds
[2023-08-28T00:18:05.918+0000] {processor.py:157} INFO - Started process (PID=450) to work on /opt/airflow/dags/dags_python_show_templates.py
[2023-08-28T00:18:05.919+0000] {processor.py:826} INFO - Processing file /opt/airflow/dags/dags_python_show_templates.py for tasks to queue
[2023-08-28T00:18:05.920+0000] {logging_mixin.py:150} INFO - [2023-08-28T00:18:05.920+0000] {dagbag.py:541} INFO - Filling up the DagBag from /opt/airflow/dags/dags_python_show_templates.py
[2023-08-28T00:18:05.950+0000] {processor.py:836} INFO - DAG(s) dict_keys(['dags_python_show_templates']) retrieved from /opt/airflow/dags/dags_python_show_templates.py
[2023-08-28T00:18:05.974+0000] {logging_mixin.py:150} INFO - [2023-08-28T00:18:05.974+0000] {dag.py:2742} INFO - Sync 1 DAGs
[2023-08-28T00:18:06.003+0000] {logging_mixin.py:150} INFO - [2023-08-28T00:18:06.003+0000] {dag.py:3508} INFO - Setting next_dagrun for dags_python_show_templates to 2023-08-27T09:30:00+00:00, run_after=2023-08-28T09:30:00+00:00
[2023-08-28T00:18:06.043+0000] {processor.py:179} INFO - Processing /opt/airflow/dags/dags_python_show_templates.py took 0.129 seconds
[2023-08-28T00:18:36.773+0000] {processor.py:157} INFO - Started process (PID=533) to work on /opt/airflow/dags/dags_python_show_templates.py
[2023-08-28T00:18:36.774+0000] {processor.py:826} INFO - Processing file /opt/airflow/dags/dags_python_show_templates.py for tasks to queue
[2023-08-28T00:18:36.775+0000] {logging_mixin.py:150} INFO - [2023-08-28T00:18:36.775+0000] {dagbag.py:541} INFO - Filling up the DagBag from /opt/airflow/dags/dags_python_show_templates.py
[2023-08-28T00:18:36.801+0000] {processor.py:836} INFO - DAG(s) dict_keys(['dags_python_show_templates']) retrieved from /opt/airflow/dags/dags_python_show_templates.py
[2023-08-28T00:18:36.822+0000] {logging_mixin.py:150} INFO - [2023-08-28T00:18:36.822+0000] {dag.py:2742} INFO - Sync 1 DAGs
[2023-08-28T00:18:36.851+0000] {logging_mixin.py:150} INFO - [2023-08-28T00:18:36.851+0000] {dag.py:3508} INFO - Setting next_dagrun for dags_python_show_templates to 2023-08-27T09:30:00+00:00, run_after=2023-08-28T09:30:00+00:00
[2023-08-28T00:18:36.889+0000] {processor.py:179} INFO - Processing /opt/airflow/dags/dags_python_show_templates.py took 0.118 seconds
[2023-08-28T00:19:07.584+0000] {processor.py:157} INFO - Started process (PID=616) to work on /opt/airflow/dags/dags_python_show_templates.py
[2023-08-28T00:19:07.587+0000] {processor.py:826} INFO - Processing file /opt/airflow/dags/dags_python_show_templates.py for tasks to queue
[2023-08-28T00:19:07.590+0000] {logging_mixin.py:150} INFO - [2023-08-28T00:19:07.589+0000] {dagbag.py:541} INFO - Filling up the DagBag from /opt/airflow/dags/dags_python_show_templates.py
[2023-08-28T00:19:07.624+0000] {processor.py:836} INFO - DAG(s) dict_keys(['dags_python_show_templates']) retrieved from /opt/airflow/dags/dags_python_show_templates.py
[2023-08-28T00:19:07.649+0000] {logging_mixin.py:150} INFO - [2023-08-28T00:19:07.649+0000] {dag.py:2742} INFO - Sync 1 DAGs
[2023-08-28T00:19:07.685+0000] {logging_mixin.py:150} INFO - [2023-08-28T00:19:07.685+0000] {dag.py:3508} INFO - Setting next_dagrun for dags_python_show_templates to 2023-08-27T09:30:00+00:00, run_after=2023-08-28T09:30:00+00:00
[2023-08-28T00:19:07.724+0000] {processor.py:179} INFO - Processing /opt/airflow/dags/dags_python_show_templates.py took 0.147 seconds
[2023-08-28T00:19:38.264+0000] {processor.py:157} INFO - Started process (PID=699) to work on /opt/airflow/dags/dags_python_show_templates.py
[2023-08-28T00:19:38.266+0000] {processor.py:826} INFO - Processing file /opt/airflow/dags/dags_python_show_templates.py for tasks to queue
[2023-08-28T00:19:38.268+0000] {logging_mixin.py:150} INFO - [2023-08-28T00:19:38.267+0000] {dagbag.py:541} INFO - Filling up the DagBag from /opt/airflow/dags/dags_python_show_templates.py
[2023-08-28T00:19:38.306+0000] {processor.py:836} INFO - DAG(s) dict_keys(['dags_python_show_templates']) retrieved from /opt/airflow/dags/dags_python_show_templates.py
[2023-08-28T00:19:38.327+0000] {logging_mixin.py:150} INFO - [2023-08-28T00:19:38.327+0000] {dag.py:2742} INFO - Sync 1 DAGs
[2023-08-28T00:19:38.352+0000] {logging_mixin.py:150} INFO - [2023-08-28T00:19:38.352+0000] {dag.py:3508} INFO - Setting next_dagrun for dags_python_show_templates to 2023-08-27T09:30:00+00:00, run_after=2023-08-28T09:30:00+00:00
[2023-08-28T00:19:38.389+0000] {processor.py:179} INFO - Processing /opt/airflow/dags/dags_python_show_templates.py took 0.130 seconds
[2023-08-28T00:20:09.077+0000] {processor.py:157} INFO - Started process (PID=782) to work on /opt/airflow/dags/dags_python_show_templates.py
[2023-08-28T00:20:09.079+0000] {processor.py:826} INFO - Processing file /opt/airflow/dags/dags_python_show_templates.py for tasks to queue
[2023-08-28T00:20:09.080+0000] {logging_mixin.py:150} INFO - [2023-08-28T00:20:09.080+0000] {dagbag.py:541} INFO - Filling up the DagBag from /opt/airflow/dags/dags_python_show_templates.py
[2023-08-28T00:20:09.114+0000] {processor.py:836} INFO - DAG(s) dict_keys(['dags_python_show_templates']) retrieved from /opt/airflow/dags/dags_python_show_templates.py
[2023-08-28T00:20:09.136+0000] {logging_mixin.py:150} INFO - [2023-08-28T00:20:09.136+0000] {dag.py:2742} INFO - Sync 1 DAGs
[2023-08-28T00:20:09.167+0000] {logging_mixin.py:150} INFO - [2023-08-28T00:20:09.166+0000] {dag.py:3508} INFO - Setting next_dagrun for dags_python_show_templates to 2023-08-27T09:30:00+00:00, run_after=2023-08-28T09:30:00+00:00
[2023-08-28T00:20:09.209+0000] {processor.py:179} INFO - Processing /opt/airflow/dags/dags_python_show_templates.py took 0.136 seconds
[2023-08-28T00:20:39.969+0000] {processor.py:157} INFO - Started process (PID=866) to work on /opt/airflow/dags/dags_python_show_templates.py
[2023-08-28T00:20:39.970+0000] {processor.py:826} INFO - Processing file /opt/airflow/dags/dags_python_show_templates.py for tasks to queue
[2023-08-28T00:20:39.971+0000] {logging_mixin.py:150} INFO - [2023-08-28T00:20:39.971+0000] {dagbag.py:541} INFO - Filling up the DagBag from /opt/airflow/dags/dags_python_show_templates.py
[2023-08-28T00:20:39.998+0000] {processor.py:836} INFO - DAG(s) dict_keys(['dags_python_show_templates']) retrieved from /opt/airflow/dags/dags_python_show_templates.py
[2023-08-28T00:20:40.021+0000] {logging_mixin.py:150} INFO - [2023-08-28T00:20:40.020+0000] {dag.py:2742} INFO - Sync 1 DAGs
[2023-08-28T00:20:40.046+0000] {logging_mixin.py:150} INFO - [2023-08-28T00:20:40.046+0000] {dag.py:3508} INFO - Setting next_dagrun for dags_python_show_templates to 2023-08-27T09:30:00+00:00, run_after=2023-08-28T09:30:00+00:00
[2023-08-28T00:20:40.085+0000] {processor.py:179} INFO - Processing /opt/airflow/dags/dags_python_show_templates.py took 0.119 seconds
[2023-08-28T00:21:10.586+0000] {processor.py:157} INFO - Started process (PID=949) to work on /opt/airflow/dags/dags_python_show_templates.py
[2023-08-28T00:21:10.588+0000] {processor.py:826} INFO - Processing file /opt/airflow/dags/dags_python_show_templates.py for tasks to queue
[2023-08-28T00:21:10.591+0000] {logging_mixin.py:150} INFO - [2023-08-28T00:21:10.590+0000] {dagbag.py:541} INFO - Filling up the DagBag from /opt/airflow/dags/dags_python_show_templates.py
[2023-08-28T00:21:10.622+0000] {processor.py:836} INFO - DAG(s) dict_keys(['dags_python_show_templates']) retrieved from /opt/airflow/dags/dags_python_show_templates.py
[2023-08-28T00:21:10.646+0000] {logging_mixin.py:150} INFO - [2023-08-28T00:21:10.645+0000] {dag.py:2742} INFO - Sync 1 DAGs
[2023-08-28T00:21:10.673+0000] {logging_mixin.py:150} INFO - [2023-08-28T00:21:10.673+0000] {dag.py:3508} INFO - Setting next_dagrun for dags_python_show_templates to 2023-08-27T09:30:00+00:00, run_after=2023-08-28T09:30:00+00:00
[2023-08-28T00:21:10.714+0000] {processor.py:179} INFO - Processing /opt/airflow/dags/dags_python_show_templates.py took 0.135 seconds
[2023-08-28T00:21:41.039+0000] {processor.py:157} INFO - Started process (PID=1032) to work on /opt/airflow/dags/dags_python_show_templates.py
[2023-08-28T00:21:41.040+0000] {processor.py:826} INFO - Processing file /opt/airflow/dags/dags_python_show_templates.py for tasks to queue
[2023-08-28T00:21:41.041+0000] {logging_mixin.py:150} INFO - [2023-08-28T00:21:41.041+0000] {dagbag.py:541} INFO - Filling up the DagBag from /opt/airflow/dags/dags_python_show_templates.py
[2023-08-28T00:21:41.070+0000] {processor.py:836} INFO - DAG(s) dict_keys(['dags_python_show_templates']) retrieved from /opt/airflow/dags/dags_python_show_templates.py
[2023-08-28T00:21:41.092+0000] {logging_mixin.py:150} INFO - [2023-08-28T00:21:41.091+0000] {dag.py:2742} INFO - Sync 1 DAGs
[2023-08-28T00:21:41.121+0000] {logging_mixin.py:150} INFO - [2023-08-28T00:21:41.121+0000] {dag.py:3508} INFO - Setting next_dagrun for dags_python_show_templates to 2023-08-27T09:30:00+00:00, run_after=2023-08-28T09:30:00+00:00
[2023-08-28T00:21:41.159+0000] {processor.py:179} INFO - Processing /opt/airflow/dags/dags_python_show_templates.py took 0.123 seconds
[2023-08-28T00:22:11.705+0000] {processor.py:157} INFO - Started process (PID=1115) to work on /opt/airflow/dags/dags_python_show_templates.py
[2023-08-28T00:22:11.706+0000] {processor.py:826} INFO - Processing file /opt/airflow/dags/dags_python_show_templates.py for tasks to queue
[2023-08-28T00:22:11.707+0000] {logging_mixin.py:150} INFO - [2023-08-28T00:22:11.707+0000] {dagbag.py:541} INFO - Filling up the DagBag from /opt/airflow/dags/dags_python_show_templates.py
[2023-08-28T00:22:11.742+0000] {processor.py:836} INFO - DAG(s) dict_keys(['dags_python_show_templates']) retrieved from /opt/airflow/dags/dags_python_show_templates.py
[2023-08-28T00:22:11.764+0000] {logging_mixin.py:150} INFO - [2023-08-28T00:22:11.764+0000] {dag.py:2742} INFO - Sync 1 DAGs
[2023-08-28T00:22:11.791+0000] {logging_mixin.py:150} INFO - [2023-08-28T00:22:11.791+0000] {dag.py:3508} INFO - Setting next_dagrun for dags_python_show_templates to 2023-08-27T09:30:00+00:00, run_after=2023-08-28T09:30:00+00:00
[2023-08-28T00:22:11.830+0000] {processor.py:179} INFO - Processing /opt/airflow/dags/dags_python_show_templates.py took 0.128 seconds
[2023-08-28T00:22:42.577+0000] {processor.py:157} INFO - Started process (PID=1198) to work on /opt/airflow/dags/dags_python_show_templates.py
[2023-08-28T00:22:42.579+0000] {processor.py:826} INFO - Processing file /opt/airflow/dags/dags_python_show_templates.py for tasks to queue
[2023-08-28T00:22:42.582+0000] {logging_mixin.py:150} INFO - [2023-08-28T00:22:42.582+0000] {dagbag.py:541} INFO - Filling up the DagBag from /opt/airflow/dags/dags_python_show_templates.py
[2023-08-28T00:22:42.624+0000] {processor.py:836} INFO - DAG(s) dict_keys(['dags_python_show_templates']) retrieved from /opt/airflow/dags/dags_python_show_templates.py
[2023-08-28T00:22:42.752+0000] {logging_mixin.py:150} INFO - [2023-08-28T00:22:42.752+0000] {dag.py:2742} INFO - Sync 1 DAGs
[2023-08-28T00:22:42.780+0000] {logging_mixin.py:150} INFO - [2023-08-28T00:22:42.780+0000] {dag.py:3508} INFO - Setting next_dagrun for dags_python_show_templates to 2023-08-27T09:30:00+00:00, run_after=2023-08-28T09:30:00+00:00
[2023-08-28T00:22:42.821+0000] {processor.py:179} INFO - Processing /opt/airflow/dags/dags_python_show_templates.py took 0.252 seconds
[2023-08-28T00:23:13.114+0000] {processor.py:157} INFO - Started process (PID=1281) to work on /opt/airflow/dags/dags_python_show_templates.py
[2023-08-28T00:23:13.116+0000] {processor.py:826} INFO - Processing file /opt/airflow/dags/dags_python_show_templates.py for tasks to queue
[2023-08-28T00:23:13.118+0000] {logging_mixin.py:150} INFO - [2023-08-28T00:23:13.118+0000] {dagbag.py:541} INFO - Filling up the DagBag from /opt/airflow/dags/dags_python_show_templates.py
[2023-08-28T00:23:13.158+0000] {processor.py:836} INFO - DAG(s) dict_keys(['dags_python_show_templates']) retrieved from /opt/airflow/dags/dags_python_show_templates.py
[2023-08-28T00:23:13.183+0000] {logging_mixin.py:150} INFO - [2023-08-28T00:23:13.183+0000] {dag.py:2742} INFO - Sync 1 DAGs
[2023-08-28T00:23:13.218+0000] {logging_mixin.py:150} INFO - [2023-08-28T00:23:13.217+0000] {dag.py:3508} INFO - Setting next_dagrun for dags_python_show_templates to 2023-08-27T09:30:00+00:00, run_after=2023-08-28T09:30:00+00:00
[2023-08-28T00:23:13.272+0000] {processor.py:179} INFO - Processing /opt/airflow/dags/dags_python_show_templates.py took 0.166 seconds
[2023-08-28T00:23:43.873+0000] {processor.py:157} INFO - Started process (PID=1364) to work on /opt/airflow/dags/dags_python_show_templates.py
[2023-08-28T00:23:43.874+0000] {processor.py:826} INFO - Processing file /opt/airflow/dags/dags_python_show_templates.py for tasks to queue
[2023-08-28T00:23:43.875+0000] {logging_mixin.py:150} INFO - [2023-08-28T00:23:43.875+0000] {dagbag.py:541} INFO - Filling up the DagBag from /opt/airflow/dags/dags_python_show_templates.py
[2023-08-28T00:23:43.902+0000] {processor.py:836} INFO - DAG(s) dict_keys(['dags_python_show_templates']) retrieved from /opt/airflow/dags/dags_python_show_templates.py
[2023-08-28T00:23:43.922+0000] {logging_mixin.py:150} INFO - [2023-08-28T00:23:43.922+0000] {dag.py:2742} INFO - Sync 1 DAGs
[2023-08-28T00:23:43.947+0000] {logging_mixin.py:150} INFO - [2023-08-28T00:23:43.947+0000] {dag.py:3508} INFO - Setting next_dagrun for dags_python_show_templates to 2023-08-27T09:30:00+00:00, run_after=2023-08-28T09:30:00+00:00
[2023-08-28T00:23:43.988+0000] {processor.py:179} INFO - Processing /opt/airflow/dags/dags_python_show_templates.py took 0.118 seconds
[2023-08-28T00:24:14.151+0000] {processor.py:157} INFO - Started process (PID=1447) to work on /opt/airflow/dags/dags_python_show_templates.py
[2023-08-28T00:24:14.153+0000] {processor.py:826} INFO - Processing file /opt/airflow/dags/dags_python_show_templates.py for tasks to queue
[2023-08-28T00:24:14.154+0000] {logging_mixin.py:150} INFO - [2023-08-28T00:24:14.154+0000] {dagbag.py:541} INFO - Filling up the DagBag from /opt/airflow/dags/dags_python_show_templates.py
[2023-08-28T00:24:14.186+0000] {processor.py:836} INFO - DAG(s) dict_keys(['dags_python_show_templates']) retrieved from /opt/airflow/dags/dags_python_show_templates.py
[2023-08-28T00:24:14.209+0000] {logging_mixin.py:150} INFO - [2023-08-28T00:24:14.209+0000] {dag.py:2742} INFO - Sync 1 DAGs
[2023-08-28T00:24:14.240+0000] {logging_mixin.py:150} INFO - [2023-08-28T00:24:14.240+0000] {dag.py:3508} INFO - Setting next_dagrun for dags_python_show_templates to 2023-08-27T09:30:00+00:00, run_after=2023-08-28T09:30:00+00:00
[2023-08-28T00:24:14.280+0000] {processor.py:179} INFO - Processing /opt/airflow/dags/dags_python_show_templates.py took 0.134 seconds
[2023-08-28T00:24:44.979+0000] {processor.py:157} INFO - Started process (PID=1530) to work on /opt/airflow/dags/dags_python_show_templates.py
[2023-08-28T00:24:44.980+0000] {processor.py:826} INFO - Processing file /opt/airflow/dags/dags_python_show_templates.py for tasks to queue
[2023-08-28T00:24:44.981+0000] {logging_mixin.py:150} INFO - [2023-08-28T00:24:44.981+0000] {dagbag.py:541} INFO - Filling up the DagBag from /opt/airflow/dags/dags_python_show_templates.py
[2023-08-28T00:24:45.010+0000] {processor.py:836} INFO - DAG(s) dict_keys(['dags_python_show_templates']) retrieved from /opt/airflow/dags/dags_python_show_templates.py
[2023-08-28T00:24:45.034+0000] {logging_mixin.py:150} INFO - [2023-08-28T00:24:45.034+0000] {dag.py:2742} INFO - Sync 1 DAGs
[2023-08-28T00:24:45.061+0000] {logging_mixin.py:150} INFO - [2023-08-28T00:24:45.061+0000] {dag.py:3508} INFO - Setting next_dagrun for dags_python_show_templates to 2023-08-27T09:30:00+00:00, run_after=2023-08-28T09:30:00+00:00
[2023-08-28T00:24:45.098+0000] {processor.py:179} INFO - Processing /opt/airflow/dags/dags_python_show_templates.py took 0.123 seconds
[2023-08-28T00:25:15.531+0000] {processor.py:157} INFO - Started process (PID=1613) to work on /opt/airflow/dags/dags_python_show_templates.py
[2023-08-28T00:25:15.532+0000] {processor.py:826} INFO - Processing file /opt/airflow/dags/dags_python_show_templates.py for tasks to queue
[2023-08-28T00:25:15.533+0000] {logging_mixin.py:150} INFO - [2023-08-28T00:25:15.533+0000] {dagbag.py:541} INFO - Filling up the DagBag from /opt/airflow/dags/dags_python_show_templates.py
[2023-08-28T00:25:15.561+0000] {processor.py:836} INFO - DAG(s) dict_keys(['dags_python_show_templates']) retrieved from /opt/airflow/dags/dags_python_show_templates.py
[2023-08-28T00:25:15.582+0000] {logging_mixin.py:150} INFO - [2023-08-28T00:25:15.582+0000] {dag.py:2742} INFO - Sync 1 DAGs
[2023-08-28T00:25:15.615+0000] {logging_mixin.py:150} INFO - [2023-08-28T00:25:15.615+0000] {dag.py:3508} INFO - Setting next_dagrun for dags_python_show_templates to 2023-08-27T09:30:00+00:00, run_after=2023-08-28T09:30:00+00:00
[2023-08-28T00:25:15.658+0000] {processor.py:179} INFO - Processing /opt/airflow/dags/dags_python_show_templates.py took 0.130 seconds
[2023-08-28T00:25:45.778+0000] {processor.py:157} INFO - Started process (PID=1696) to work on /opt/airflow/dags/dags_python_show_templates.py
[2023-08-28T00:25:45.779+0000] {processor.py:826} INFO - Processing file /opt/airflow/dags/dags_python_show_templates.py for tasks to queue
[2023-08-28T00:25:45.780+0000] {logging_mixin.py:150} INFO - [2023-08-28T00:25:45.780+0000] {dagbag.py:541} INFO - Filling up the DagBag from /opt/airflow/dags/dags_python_show_templates.py
[2023-08-28T00:25:45.805+0000] {processor.py:836} INFO - DAG(s) dict_keys(['dags_python_show_templates']) retrieved from /opt/airflow/dags/dags_python_show_templates.py
[2023-08-28T00:25:45.826+0000] {logging_mixin.py:150} INFO - [2023-08-28T00:25:45.826+0000] {dag.py:2742} INFO - Sync 1 DAGs
[2023-08-28T00:25:45.853+0000] {logging_mixin.py:150} INFO - [2023-08-28T00:25:45.852+0000] {dag.py:3508} INFO - Setting next_dagrun for dags_python_show_templates to 2023-08-27T09:30:00+00:00, run_after=2023-08-28T09:30:00+00:00
[2023-08-28T00:25:45.889+0000] {processor.py:179} INFO - Processing /opt/airflow/dags/dags_python_show_templates.py took 0.114 seconds
[2023-08-28T00:26:16.091+0000] {processor.py:157} INFO - Started process (PID=1779) to work on /opt/airflow/dags/dags_python_show_templates.py
[2023-08-28T00:26:16.091+0000] {processor.py:826} INFO - Processing file /opt/airflow/dags/dags_python_show_templates.py for tasks to queue
[2023-08-28T00:26:16.092+0000] {logging_mixin.py:150} INFO - [2023-08-28T00:26:16.092+0000] {dagbag.py:541} INFO - Filling up the DagBag from /opt/airflow/dags/dags_python_show_templates.py
[2023-08-28T00:26:16.117+0000] {processor.py:836} INFO - DAG(s) dict_keys(['dags_python_show_templates']) retrieved from /opt/airflow/dags/dags_python_show_templates.py
[2023-08-28T00:26:16.135+0000] {logging_mixin.py:150} INFO - [2023-08-28T00:26:16.135+0000] {dag.py:2742} INFO - Sync 1 DAGs
[2023-08-28T00:26:16.161+0000] {logging_mixin.py:150} INFO - [2023-08-28T00:26:16.161+0000] {dag.py:3508} INFO - Setting next_dagrun for dags_python_show_templates to 2023-08-27T09:30:00+00:00, run_after=2023-08-28T09:30:00+00:00
[2023-08-28T00:26:16.204+0000] {processor.py:179} INFO - Processing /opt/airflow/dags/dags_python_show_templates.py took 0.116 seconds
[2023-08-28T00:26:46.550+0000] {processor.py:157} INFO - Started process (PID=1862) to work on /opt/airflow/dags/dags_python_show_templates.py
[2023-08-28T00:26:46.552+0000] {processor.py:826} INFO - Processing file /opt/airflow/dags/dags_python_show_templates.py for tasks to queue
[2023-08-28T00:26:46.554+0000] {logging_mixin.py:150} INFO - [2023-08-28T00:26:46.553+0000] {dagbag.py:541} INFO - Filling up the DagBag from /opt/airflow/dags/dags_python_show_templates.py
[2023-08-28T00:26:46.592+0000] {processor.py:836} INFO - DAG(s) dict_keys(['dags_python_show_templates']) retrieved from /opt/airflow/dags/dags_python_show_templates.py
[2023-08-28T00:26:46.618+0000] {logging_mixin.py:150} INFO - [2023-08-28T00:26:46.618+0000] {dag.py:2742} INFO - Sync 1 DAGs
[2023-08-28T00:26:46.643+0000] {logging_mixin.py:150} INFO - [2023-08-28T00:26:46.643+0000] {dag.py:3508} INFO - Setting next_dagrun for dags_python_show_templates to 2023-08-27T09:30:00+00:00, run_after=2023-08-28T09:30:00+00:00
[2023-08-28T00:26:46.679+0000] {processor.py:179} INFO - Processing /opt/airflow/dags/dags_python_show_templates.py took 0.134 seconds
[2023-08-28T00:27:16.830+0000] {processor.py:157} INFO - Started process (PID=1945) to work on /opt/airflow/dags/dags_python_show_templates.py
[2023-08-28T00:27:16.831+0000] {processor.py:826} INFO - Processing file /opt/airflow/dags/dags_python_show_templates.py for tasks to queue
[2023-08-28T00:27:16.832+0000] {logging_mixin.py:150} INFO - [2023-08-28T00:27:16.832+0000] {dagbag.py:541} INFO - Filling up the DagBag from /opt/airflow/dags/dags_python_show_templates.py
[2023-08-28T00:27:16.861+0000] {processor.py:836} INFO - DAG(s) dict_keys(['dags_python_show_templates']) retrieved from /opt/airflow/dags/dags_python_show_templates.py
[2023-08-28T00:27:16.890+0000] {logging_mixin.py:150} INFO - [2023-08-28T00:27:16.889+0000] {dag.py:2742} INFO - Sync 1 DAGs
[2023-08-28T00:27:16.920+0000] {logging_mixin.py:150} INFO - [2023-08-28T00:27:16.920+0000] {dag.py:3508} INFO - Setting next_dagrun for dags_python_show_templates to 2023-08-27T09:30:00+00:00, run_after=2023-08-28T09:30:00+00:00
[2023-08-28T00:27:16.962+0000] {processor.py:179} INFO - Processing /opt/airflow/dags/dags_python_show_templates.py took 0.136 seconds
[2023-08-28T00:27:47.216+0000] {processor.py:157} INFO - Started process (PID=2028) to work on /opt/airflow/dags/dags_python_show_templates.py
[2023-08-28T00:27:47.219+0000] {processor.py:826} INFO - Processing file /opt/airflow/dags/dags_python_show_templates.py for tasks to queue
[2023-08-28T00:27:47.223+0000] {logging_mixin.py:150} INFO - [2023-08-28T00:27:47.222+0000] {dagbag.py:541} INFO - Filling up the DagBag from /opt/airflow/dags/dags_python_show_templates.py
[2023-08-28T00:27:47.291+0000] {processor.py:836} INFO - DAG(s) dict_keys(['dags_python_show_templates']) retrieved from /opt/airflow/dags/dags_python_show_templates.py
[2023-08-28T00:27:47.325+0000] {logging_mixin.py:150} INFO - [2023-08-28T00:27:47.324+0000] {dag.py:2742} INFO - Sync 1 DAGs
[2023-08-28T00:27:47.351+0000] {logging_mixin.py:150} INFO - [2023-08-28T00:27:47.351+0000] {dag.py:3508} INFO - Setting next_dagrun for dags_python_show_templates to 2023-08-27T09:30:00+00:00, run_after=2023-08-28T09:30:00+00:00
[2023-08-28T00:27:47.390+0000] {processor.py:179} INFO - Processing /opt/airflow/dags/dags_python_show_templates.py took 0.183 seconds
[2023-08-28T00:28:18.323+0000] {processor.py:157} INFO - Started process (PID=2111) to work on /opt/airflow/dags/dags_python_show_templates.py
[2023-08-28T00:28:18.325+0000] {processor.py:826} INFO - Processing file /opt/airflow/dags/dags_python_show_templates.py for tasks to queue
[2023-08-28T00:28:18.327+0000] {logging_mixin.py:150} INFO - [2023-08-28T00:28:18.327+0000] {dagbag.py:541} INFO - Filling up the DagBag from /opt/airflow/dags/dags_python_show_templates.py
[2023-08-28T00:28:18.361+0000] {processor.py:836} INFO - DAG(s) dict_keys(['dags_python_show_templates']) retrieved from /opt/airflow/dags/dags_python_show_templates.py
[2023-08-28T00:28:18.384+0000] {logging_mixin.py:150} INFO - [2023-08-28T00:28:18.384+0000] {dag.py:2742} INFO - Sync 1 DAGs
[2023-08-28T00:28:18.414+0000] {logging_mixin.py:150} INFO - [2023-08-28T00:28:18.414+0000] {dag.py:3508} INFO - Setting next_dagrun for dags_python_show_templates to 2023-08-27T09:30:00+00:00, run_after=2023-08-28T09:30:00+00:00
[2023-08-28T00:28:18.458+0000] {processor.py:179} INFO - Processing /opt/airflow/dags/dags_python_show_templates.py took 0.139 seconds
[2023-08-28T00:28:48.813+0000] {processor.py:157} INFO - Started process (PID=2194) to work on /opt/airflow/dags/dags_python_show_templates.py
[2023-08-28T00:28:48.814+0000] {processor.py:826} INFO - Processing file /opt/airflow/dags/dags_python_show_templates.py for tasks to queue
[2023-08-28T00:28:48.815+0000] {logging_mixin.py:150} INFO - [2023-08-28T00:28:48.815+0000] {dagbag.py:541} INFO - Filling up the DagBag from /opt/airflow/dags/dags_python_show_templates.py
[2023-08-28T00:28:48.847+0000] {processor.py:836} INFO - DAG(s) dict_keys(['dags_python_show_templates']) retrieved from /opt/airflow/dags/dags_python_show_templates.py
[2023-08-28T00:28:48.868+0000] {logging_mixin.py:150} INFO - [2023-08-28T00:28:48.868+0000] {dag.py:2742} INFO - Sync 1 DAGs
[2023-08-28T00:28:48.895+0000] {logging_mixin.py:150} INFO - [2023-08-28T00:28:48.895+0000] {dag.py:3508} INFO - Setting next_dagrun for dags_python_show_templates to 2023-08-27T09:30:00+00:00, run_after=2023-08-28T09:30:00+00:00
[2023-08-28T00:28:48.934+0000] {processor.py:179} INFO - Processing /opt/airflow/dags/dags_python_show_templates.py took 0.126 seconds
[2023-08-28T00:29:19.314+0000] {processor.py:157} INFO - Started process (PID=2277) to work on /opt/airflow/dags/dags_python_show_templates.py
[2023-08-28T00:29:19.315+0000] {processor.py:826} INFO - Processing file /opt/airflow/dags/dags_python_show_templates.py for tasks to queue
[2023-08-28T00:29:19.316+0000] {logging_mixin.py:150} INFO - [2023-08-28T00:29:19.316+0000] {dagbag.py:541} INFO - Filling up the DagBag from /opt/airflow/dags/dags_python_show_templates.py
[2023-08-28T00:29:19.345+0000] {processor.py:836} INFO - DAG(s) dict_keys(['dags_python_show_templates']) retrieved from /opt/airflow/dags/dags_python_show_templates.py
[2023-08-28T00:29:19.367+0000] {logging_mixin.py:150} INFO - [2023-08-28T00:29:19.367+0000] {dag.py:2742} INFO - Sync 1 DAGs
[2023-08-28T00:29:19.394+0000] {logging_mixin.py:150} INFO - [2023-08-28T00:29:19.394+0000] {dag.py:3508} INFO - Setting next_dagrun for dags_python_show_templates to 2023-08-27T09:30:00+00:00, run_after=2023-08-28T09:30:00+00:00
[2023-08-28T00:29:19.436+0000] {processor.py:179} INFO - Processing /opt/airflow/dags/dags_python_show_templates.py took 0.125 seconds
[2023-08-28T00:29:49.534+0000] {processor.py:157} INFO - Started process (PID=2359) to work on /opt/airflow/dags/dags_python_show_templates.py
[2023-08-28T00:29:49.536+0000] {processor.py:826} INFO - Processing file /opt/airflow/dags/dags_python_show_templates.py for tasks to queue
[2023-08-28T00:29:49.537+0000] {logging_mixin.py:150} INFO - [2023-08-28T00:29:49.537+0000] {dagbag.py:541} INFO - Filling up the DagBag from /opt/airflow/dags/dags_python_show_templates.py
[2023-08-28T00:29:49.569+0000] {processor.py:836} INFO - DAG(s) dict_keys(['dags_python_show_templates']) retrieved from /opt/airflow/dags/dags_python_show_templates.py
[2023-08-28T00:29:49.594+0000] {logging_mixin.py:150} INFO - [2023-08-28T00:29:49.594+0000] {dag.py:2742} INFO - Sync 1 DAGs
[2023-08-28T00:29:49.626+0000] {logging_mixin.py:150} INFO - [2023-08-28T00:29:49.626+0000] {dag.py:3508} INFO - Setting next_dagrun for dags_python_show_templates to 2023-08-27T09:30:00+00:00, run_after=2023-08-28T09:30:00+00:00
[2023-08-28T00:29:49.666+0000] {processor.py:179} INFO - Processing /opt/airflow/dags/dags_python_show_templates.py took 0.136 seconds
[2023-08-28T00:30:19.827+0000] {processor.py:157} INFO - Started process (PID=2442) to work on /opt/airflow/dags/dags_python_show_templates.py
[2023-08-28T00:30:19.829+0000] {processor.py:826} INFO - Processing file /opt/airflow/dags/dags_python_show_templates.py for tasks to queue
[2023-08-28T00:30:19.831+0000] {logging_mixin.py:150} INFO - [2023-08-28T00:30:19.830+0000] {dagbag.py:541} INFO - Filling up the DagBag from /opt/airflow/dags/dags_python_show_templates.py
[2023-08-28T00:30:19.858+0000] {processor.py:836} INFO - DAG(s) dict_keys(['dags_python_show_templates']) retrieved from /opt/airflow/dags/dags_python_show_templates.py
[2023-08-28T00:30:19.880+0000] {logging_mixin.py:150} INFO - [2023-08-28T00:30:19.880+0000] {dag.py:2742} INFO - Sync 1 DAGs
[2023-08-28T00:30:19.906+0000] {logging_mixin.py:150} INFO - [2023-08-28T00:30:19.906+0000] {dag.py:3508} INFO - Setting next_dagrun for dags_python_show_templates to 2023-08-27T09:30:00+00:00, run_after=2023-08-28T09:30:00+00:00
[2023-08-28T00:30:19.944+0000] {processor.py:179} INFO - Processing /opt/airflow/dags/dags_python_show_templates.py took 0.121 seconds
[2023-08-28T00:30:50.464+0000] {processor.py:157} INFO - Started process (PID=2525) to work on /opt/airflow/dags/dags_python_show_templates.py
[2023-08-28T00:30:50.465+0000] {processor.py:826} INFO - Processing file /opt/airflow/dags/dags_python_show_templates.py for tasks to queue
[2023-08-28T00:30:50.466+0000] {logging_mixin.py:150} INFO - [2023-08-28T00:30:50.466+0000] {dagbag.py:541} INFO - Filling up the DagBag from /opt/airflow/dags/dags_python_show_templates.py
[2023-08-28T00:30:50.493+0000] {processor.py:836} INFO - DAG(s) dict_keys(['dags_python_show_templates']) retrieved from /opt/airflow/dags/dags_python_show_templates.py
[2023-08-28T00:30:50.513+0000] {logging_mixin.py:150} INFO - [2023-08-28T00:30:50.513+0000] {dag.py:2742} INFO - Sync 1 DAGs
[2023-08-28T00:30:50.538+0000] {logging_mixin.py:150} INFO - [2023-08-28T00:30:50.538+0000] {dag.py:3508} INFO - Setting next_dagrun for dags_python_show_templates to 2023-08-27T09:30:00+00:00, run_after=2023-08-28T09:30:00+00:00
[2023-08-28T00:30:50.574+0000] {processor.py:179} INFO - Processing /opt/airflow/dags/dags_python_show_templates.py took 0.113 seconds
[2023-08-28T00:31:21.125+0000] {processor.py:157} INFO - Started process (PID=2608) to work on /opt/airflow/dags/dags_python_show_templates.py
[2023-08-28T00:31:21.126+0000] {processor.py:826} INFO - Processing file /opt/airflow/dags/dags_python_show_templates.py for tasks to queue
[2023-08-28T00:31:21.128+0000] {logging_mixin.py:150} INFO - [2023-08-28T00:31:21.127+0000] {dagbag.py:541} INFO - Filling up the DagBag from /opt/airflow/dags/dags_python_show_templates.py
[2023-08-28T00:31:21.157+0000] {processor.py:836} INFO - DAG(s) dict_keys(['dags_python_show_templates']) retrieved from /opt/airflow/dags/dags_python_show_templates.py
[2023-08-28T00:31:21.180+0000] {logging_mixin.py:150} INFO - [2023-08-28T00:31:21.180+0000] {dag.py:2742} INFO - Sync 1 DAGs
[2023-08-28T00:31:21.212+0000] {logging_mixin.py:150} INFO - [2023-08-28T00:31:21.212+0000] {dag.py:3508} INFO - Setting next_dagrun for dags_python_show_templates to 2023-08-27T09:30:00+00:00, run_after=2023-08-28T09:30:00+00:00
[2023-08-28T00:31:21.251+0000] {processor.py:179} INFO - Processing /opt/airflow/dags/dags_python_show_templates.py took 0.130 seconds
[2023-08-28T00:31:51.661+0000] {processor.py:157} INFO - Started process (PID=2691) to work on /opt/airflow/dags/dags_python_show_templates.py
[2023-08-28T00:31:51.662+0000] {processor.py:826} INFO - Processing file /opt/airflow/dags/dags_python_show_templates.py for tasks to queue
[2023-08-28T00:31:51.663+0000] {logging_mixin.py:150} INFO - [2023-08-28T00:31:51.663+0000] {dagbag.py:541} INFO - Filling up the DagBag from /opt/airflow/dags/dags_python_show_templates.py
[2023-08-28T00:31:51.692+0000] {processor.py:836} INFO - DAG(s) dict_keys(['dags_python_show_templates']) retrieved from /opt/airflow/dags/dags_python_show_templates.py
[2023-08-28T00:31:51.713+0000] {logging_mixin.py:150} INFO - [2023-08-28T00:31:51.713+0000] {dag.py:2742} INFO - Sync 1 DAGs
[2023-08-28T00:31:51.738+0000] {logging_mixin.py:150} INFO - [2023-08-28T00:31:51.738+0000] {dag.py:3508} INFO - Setting next_dagrun for dags_python_show_templates to 2023-08-27T09:30:00+00:00, run_after=2023-08-28T09:30:00+00:00
[2023-08-28T00:31:51.773+0000] {processor.py:179} INFO - Processing /opt/airflow/dags/dags_python_show_templates.py took 0.116 seconds
[2023-08-28T00:32:21.987+0000] {processor.py:157} INFO - Started process (PID=2774) to work on /opt/airflow/dags/dags_python_show_templates.py
[2023-08-28T00:32:21.989+0000] {processor.py:826} INFO - Processing file /opt/airflow/dags/dags_python_show_templates.py for tasks to queue
[2023-08-28T00:32:21.990+0000] {logging_mixin.py:150} INFO - [2023-08-28T00:32:21.990+0000] {dagbag.py:541} INFO - Filling up the DagBag from /opt/airflow/dags/dags_python_show_templates.py
[2023-08-28T00:32:22.024+0000] {processor.py:836} INFO - DAG(s) dict_keys(['dags_python_show_templates']) retrieved from /opt/airflow/dags/dags_python_show_templates.py
[2023-08-28T00:32:22.048+0000] {logging_mixin.py:150} INFO - [2023-08-28T00:32:22.048+0000] {dag.py:2742} INFO - Sync 1 DAGs
[2023-08-28T00:32:22.081+0000] {logging_mixin.py:150} INFO - [2023-08-28T00:32:22.081+0000] {dag.py:3508} INFO - Setting next_dagrun for dags_python_show_templates to 2023-08-27T09:30:00+00:00, run_after=2023-08-28T09:30:00+00:00
[2023-08-28T00:32:22.122+0000] {processor.py:179} INFO - Processing /opt/airflow/dags/dags_python_show_templates.py took 0.138 seconds
[2023-08-28T00:32:52.411+0000] {processor.py:157} INFO - Started process (PID=2857) to work on /opt/airflow/dags/dags_python_show_templates.py
[2023-08-28T00:32:52.413+0000] {processor.py:826} INFO - Processing file /opt/airflow/dags/dags_python_show_templates.py for tasks to queue
[2023-08-28T00:32:52.414+0000] {logging_mixin.py:150} INFO - [2023-08-28T00:32:52.414+0000] {dagbag.py:541} INFO - Filling up the DagBag from /opt/airflow/dags/dags_python_show_templates.py
[2023-08-28T00:32:52.441+0000] {processor.py:836} INFO - DAG(s) dict_keys(['dags_python_show_templates']) retrieved from /opt/airflow/dags/dags_python_show_templates.py
[2023-08-28T00:32:52.462+0000] {logging_mixin.py:150} INFO - [2023-08-28T00:32:52.462+0000] {dag.py:2742} INFO - Sync 1 DAGs
[2023-08-28T00:32:52.488+0000] {logging_mixin.py:150} INFO - [2023-08-28T00:32:52.488+0000] {dag.py:3508} INFO - Setting next_dagrun for dags_python_show_templates to 2023-08-27T09:30:00+00:00, run_after=2023-08-28T09:30:00+00:00
[2023-08-28T00:32:52.543+0000] {processor.py:179} INFO - Processing /opt/airflow/dags/dags_python_show_templates.py took 0.134 seconds
[2023-08-28T00:33:22.799+0000] {processor.py:157} INFO - Started process (PID=2940) to work on /opt/airflow/dags/dags_python_show_templates.py
[2023-08-28T00:33:22.801+0000] {processor.py:826} INFO - Processing file /opt/airflow/dags/dags_python_show_templates.py for tasks to queue
[2023-08-28T00:33:22.802+0000] {logging_mixin.py:150} INFO - [2023-08-28T00:33:22.802+0000] {dagbag.py:541} INFO - Filling up the DagBag from /opt/airflow/dags/dags_python_show_templates.py
[2023-08-28T00:33:22.841+0000] {processor.py:836} INFO - DAG(s) dict_keys(['dags_python_show_templates']) retrieved from /opt/airflow/dags/dags_python_show_templates.py
[2023-08-28T00:33:22.868+0000] {logging_mixin.py:150} INFO - [2023-08-28T00:33:22.867+0000] {dag.py:2742} INFO - Sync 1 DAGs
[2023-08-28T00:33:22.899+0000] {logging_mixin.py:150} INFO - [2023-08-28T00:33:22.899+0000] {dag.py:3508} INFO - Setting next_dagrun for dags_python_show_templates to 2023-08-27T09:30:00+00:00, run_after=2023-08-28T09:30:00+00:00
[2023-08-28T00:33:22.957+0000] {processor.py:179} INFO - Processing /opt/airflow/dags/dags_python_show_templates.py took 0.162 seconds
[2023-08-28T00:33:53.479+0000] {processor.py:157} INFO - Started process (PID=3023) to work on /opt/airflow/dags/dags_python_show_templates.py
[2023-08-28T00:33:53.480+0000] {processor.py:826} INFO - Processing file /opt/airflow/dags/dags_python_show_templates.py for tasks to queue
[2023-08-28T00:33:53.481+0000] {logging_mixin.py:150} INFO - [2023-08-28T00:33:53.481+0000] {dagbag.py:541} INFO - Filling up the DagBag from /opt/airflow/dags/dags_python_show_templates.py
[2023-08-28T00:33:53.515+0000] {processor.py:836} INFO - DAG(s) dict_keys(['dags_python_show_templates']) retrieved from /opt/airflow/dags/dags_python_show_templates.py
[2023-08-28T00:33:53.543+0000] {logging_mixin.py:150} INFO - [2023-08-28T00:33:53.543+0000] {dag.py:2742} INFO - Sync 1 DAGs
[2023-08-28T00:33:53.581+0000] {logging_mixin.py:150} INFO - [2023-08-28T00:33:53.580+0000] {dag.py:3508} INFO - Setting next_dagrun for dags_python_show_templates to 2023-08-27T09:30:00+00:00, run_after=2023-08-28T09:30:00+00:00
[2023-08-28T00:33:53.623+0000] {processor.py:179} INFO - Processing /opt/airflow/dags/dags_python_show_templates.py took 0.148 seconds
