[2023-08-28T22:04:13.713+0000] {processor.py:157} INFO - Started process (PID=6981) to work on /opt/airflow/dags/dags_python_email_operator.py
[2023-08-28T22:04:13.714+0000] {processor.py:826} INFO - Processing file /opt/airflow/dags/dags_python_email_operator.py for tasks to queue
[2023-08-28T22:04:13.715+0000] {logging_mixin.py:150} INFO - [2023-08-28T22:04:13.715+0000] {dagbag.py:541} INFO - Filling up the DagBag from /opt/airflow/dags/dags_python_email_operator.py
[2023-08-28T22:04:13.763+0000] {processor.py:836} INFO - DAG(s) dict_keys(['dags_python_email_operator']) retrieved from /opt/airflow/dags/dags_python_email_operator.py
[2023-08-28T22:04:13.907+0000] {logging_mixin.py:150} INFO - [2023-08-28T22:04:13.907+0000] {manager.py:504} INFO - Created Permission View: can edit on DAG:dags_python_email_operator
[2023-08-28T22:04:13.937+0000] {logging_mixin.py:150} INFO - [2023-08-28T22:04:13.937+0000] {manager.py:504} INFO - Created Permission View: can read on DAG:dags_python_email_operator
[2023-08-28T22:04:13.961+0000] {logging_mixin.py:150} INFO - [2023-08-28T22:04:13.961+0000] {manager.py:504} INFO - Created Permission View: can delete on DAG:dags_python_email_operator
[2023-08-28T22:04:13.977+0000] {logging_mixin.py:150} INFO - [2023-08-28T22:04:13.977+0000] {dag.py:2742} INFO - Sync 1 DAGs
[2023-08-28T22:04:13.990+0000] {logging_mixin.py:150} INFO - [2023-08-28T22:04:13.990+0000] {dag.py:2763} INFO - Creating ORM DAG for dags_python_email_operator
[2023-08-28T22:04:14.002+0000] {logging_mixin.py:150} INFO - [2023-08-28T22:04:14.002+0000] {dag.py:3508} INFO - Setting next_dagrun for dags_python_email_operator to 2023-08-01T08:00:00+00:00, run_after=2023-09-01T08:00:00+00:00
[2023-08-28T22:04:14.061+0000] {processor.py:179} INFO - Processing /opt/airflow/dags/dags_python_email_operator.py took 0.352 seconds
[2023-08-28T22:04:27.567+0000] {processor.py:157} INFO - Started process (PID=7022) to work on /opt/airflow/dags/dags_python_email_operator.py
[2023-08-28T22:04:27.568+0000] {processor.py:826} INFO - Processing file /opt/airflow/dags/dags_python_email_operator.py for tasks to queue
[2023-08-28T22:04:27.569+0000] {logging_mixin.py:150} INFO - [2023-08-28T22:04:27.569+0000] {dagbag.py:541} INFO - Filling up the DagBag from /opt/airflow/dags/dags_python_email_operator.py
[2023-08-28T22:04:27.617+0000] {processor.py:836} INFO - DAG(s) dict_keys(['dags_python_email_operator']) retrieved from /opt/airflow/dags/dags_python_email_operator.py
[2023-08-28T22:04:27.628+0000] {logging_mixin.py:150} INFO - [2023-08-28T22:04:27.627+0000] {dag.py:2742} INFO - Sync 1 DAGs
[2023-08-28T22:04:27.657+0000] {logging_mixin.py:150} INFO - [2023-08-28T22:04:27.657+0000] {dag.py:3508} INFO - Setting next_dagrun for dags_python_email_operator to 2023-08-01T08:00:00+00:00, run_after=2023-09-01T08:00:00+00:00
[2023-08-28T22:04:27.704+0000] {processor.py:179} INFO - Processing /opt/airflow/dags/dags_python_email_operator.py took 0.140 seconds
[2023-08-28T22:04:58.139+0000] {processor.py:157} INFO - Started process (PID=7109) to work on /opt/airflow/dags/dags_python_email_operator.py
[2023-08-28T22:04:58.140+0000] {processor.py:826} INFO - Processing file /opt/airflow/dags/dags_python_email_operator.py for tasks to queue
[2023-08-28T22:04:58.141+0000] {logging_mixin.py:150} INFO - [2023-08-28T22:04:58.141+0000] {dagbag.py:541} INFO - Filling up the DagBag from /opt/airflow/dags/dags_python_email_operator.py
[2023-08-28T22:04:58.175+0000] {processor.py:836} INFO - DAG(s) dict_keys(['dags_python_email_operator']) retrieved from /opt/airflow/dags/dags_python_email_operator.py
[2023-08-28T22:04:58.308+0000] {logging_mixin.py:150} INFO - [2023-08-28T22:04:58.308+0000] {dag.py:2742} INFO - Sync 1 DAGs
[2023-08-28T22:04:58.339+0000] {logging_mixin.py:150} INFO - [2023-08-28T22:04:58.338+0000] {dag.py:3508} INFO - Setting next_dagrun for dags_python_email_operator to 2023-08-01T08:00:00+00:00, run_after=2023-09-01T08:00:00+00:00
[2023-08-28T22:04:58.418+0000] {processor.py:179} INFO - Processing /opt/airflow/dags/dags_python_email_operator.py took 0.282 seconds
