[2023-08-27T06:37:39.787+0000] {logging_mixin.py:150} INFO - Changing /opt/***/logs/dag_id=dags_python_show_templates/run_id=scheduled__2023-08-22T09:30:00+00:00/task_id=python_task permission to 509
[2023-08-27T06:37:39.788+0000] {logging_mixin.py:150} INFO - Failed to change /opt/***/logs/dag_id=dags_python_show_templates/run_id=scheduled__2023-08-22T09:30:00+00:00/task_id=python_task permission to 509: [Errno 1] Operation not permitted: '/opt/***/logs/dag_id=dags_python_show_templates/run_id=scheduled__2023-08-22T09:30:00+00:00/task_id=python_task'
[2023-08-27T06:37:39.854+0000] {logging_mixin.py:150} INFO - Changing /opt/***/logs/dag_id=dags_python_show_templates/run_id=scheduled__2023-08-22T09:30:00+00:00/task_id=python_task permission to 509
[2023-08-27T06:37:39.871+0000] {logging_mixin.py:150} INFO - Failed to change /opt/***/logs/dag_id=dags_python_show_templates/run_id=scheduled__2023-08-22T09:30:00+00:00/task_id=python_task permission to 509: [Errno 1] Operation not permitted: '/opt/***/logs/dag_id=dags_python_show_templates/run_id=scheduled__2023-08-22T09:30:00+00:00/task_id=python_task'
[2023-08-27T06:37:40.029+0000] {taskinstance.py:1103} INFO - Dependencies all met for dep_context=non-requeueable deps ti=<TaskInstance: dags_python_show_templates.python_task scheduled__2023-08-22T09:30:00+00:00 [queued]>
[2023-08-27T06:37:40.039+0000] {taskinstance.py:1103} INFO - Dependencies all met for dep_context=requeueable deps ti=<TaskInstance: dags_python_show_templates.python_task scheduled__2023-08-22T09:30:00+00:00 [queued]>
[2023-08-27T06:37:40.039+0000] {taskinstance.py:1308} INFO - Starting attempt 1 of 1
[2023-08-27T06:37:40.090+0000] {taskinstance.py:1327} INFO - Executing <Task(_PythonDecoratedOperator): python_task> on 2023-08-22 09:30:00+00:00
[2023-08-27T06:37:40.096+0000] {standard_task_runner.py:57} INFO - Started process 442 to run task
[2023-08-27T06:37:40.099+0000] {standard_task_runner.py:84} INFO - Running: ['***', 'tasks', 'run', 'dags_python_show_templates', 'python_task', 'scheduled__2023-08-22T09:30:00+00:00', '--job-id', '64', '--raw', '--subdir', 'DAGS_FOLDER/dags_python_show_templates.py', '--cfg-path', '/tmp/tmpj_ilf4sk']
[2023-08-27T06:37:40.101+0000] {standard_task_runner.py:85} INFO - Job 64: Subtask python_task
[2023-08-27T06:37:40.183+0000] {logging_mixin.py:150} INFO - Changing /opt/***/logs/dag_id=dags_python_show_templates/run_id=scheduled__2023-08-22T09:30:00+00:00/task_id=python_task permission to 509
[2023-08-27T06:37:40.183+0000] {logging_mixin.py:150} INFO - Failed to change /opt/***/logs/dag_id=dags_python_show_templates/run_id=scheduled__2023-08-22T09:30:00+00:00/task_id=python_task permission to 509: [Errno 1] Operation not permitted: '/opt/***/logs/dag_id=dags_python_show_templates/run_id=scheduled__2023-08-22T09:30:00+00:00/task_id=python_task'
[2023-08-27T06:37:40.187+0000] {task_command.py:410} INFO - Running <TaskInstance: dags_python_show_templates.python_task scheduled__2023-08-22T09:30:00+00:00 [running]> on host 07fcf706bef2
[2023-08-27T06:37:40.348+0000] {taskinstance.py:1547} INFO - Exporting env vars: AIRFLOW_CTX_DAG_OWNER='***' AIRFLOW_CTX_DAG_ID='dags_python_show_templates' AIRFLOW_CTX_TASK_ID='python_task' AIRFLOW_CTX_EXECUTION_DATE='2023-08-22T09:30:00+00:00' AIRFLOW_CTX_TRY_NUMBER='1' AIRFLOW_CTX_DAG_RUN_ID='scheduled__2023-08-22T09:30:00+00:00'
[2023-08-27T06:37:40.351+0000] {warnings.py:110} WARNING - /home/***/.local/lib/python3.7/site-packages/***/utils/context.py:313: AirflowContextDeprecationWarning: Accessing 'execution_date' from the template is deprecated and will be removed in a future version. Please use 'data_interval_start' or 'logical_date' instead.
  warnings.warn(_create_deprecation_warning(k, replacements))

[2023-08-27T06:37:40.352+0000] {warnings.py:110} WARNING - /home/***/.local/lib/python3.7/site-packages/***/utils/context.py:313: AirflowContextDeprecationWarning: Accessing 'next_ds' from the template is deprecated and will be removed in a future version. Please use '{{ data_interval_end | ds }}' instead.
  warnings.warn(_create_deprecation_warning(k, replacements))

[2023-08-27T06:37:40.353+0000] {warnings.py:110} WARNING - /home/***/.local/lib/python3.7/site-packages/***/utils/context.py:313: AirflowContextDeprecationWarning: Accessing 'next_ds_nodash' from the template is deprecated and will be removed in a future version. Please use '{{ data_interval_end | ds_nodash }}' instead.
  warnings.warn(_create_deprecation_warning(k, replacements))

[2023-08-27T06:37:40.354+0000] {warnings.py:110} WARNING - /home/***/.local/lib/python3.7/site-packages/***/utils/context.py:313: AirflowContextDeprecationWarning: Accessing 'next_execution_date' from the template is deprecated and will be removed in a future version. Please use 'data_interval_end' instead.
  warnings.warn(_create_deprecation_warning(k, replacements))

[2023-08-27T06:37:40.354+0000] {warnings.py:110} WARNING - /home/***/.local/lib/python3.7/site-packages/***/utils/context.py:313: AirflowContextDeprecationWarning: Accessing 'prev_ds' from the template is deprecated and will be removed in a future version.
  warnings.warn(_create_deprecation_warning(k, replacements))

[2023-08-27T06:37:40.355+0000] {warnings.py:110} WARNING - /home/***/.local/lib/python3.7/site-packages/***/utils/context.py:313: AirflowContextDeprecationWarning: Accessing 'prev_ds_nodash' from the template is deprecated and will be removed in a future version.
  warnings.warn(_create_deprecation_warning(k, replacements))

[2023-08-27T06:37:40.356+0000] {warnings.py:110} WARNING - /home/***/.local/lib/python3.7/site-packages/***/utils/context.py:313: AirflowContextDeprecationWarning: Accessing 'prev_execution_date' from the template is deprecated and will be removed in a future version.
  warnings.warn(_create_deprecation_warning(k, replacements))

[2023-08-27T06:37:40.356+0000] {warnings.py:110} WARNING - /home/***/.local/lib/python3.7/site-packages/***/utils/context.py:313: AirflowContextDeprecationWarning: Accessing 'prev_execution_date_success' from the template is deprecated and will be removed in a future version. Please use 'prev_data_interval_start_success' instead.
  warnings.warn(_create_deprecation_warning(k, replacements))

[2023-08-27T06:37:40.357+0000] {warnings.py:110} WARNING - /home/***/.local/lib/python3.7/site-packages/***/utils/context.py:313: AirflowContextDeprecationWarning: Accessing 'tomorrow_ds' from the template is deprecated and will be removed in a future version.
  warnings.warn(_create_deprecation_warning(k, replacements))

[2023-08-27T06:37:40.358+0000] {warnings.py:110} WARNING - /home/***/.local/lib/python3.7/site-packages/***/utils/context.py:313: AirflowContextDeprecationWarning: Accessing 'tomorrow_ds_nodash' from the template is deprecated and will be removed in a future version.
  warnings.warn(_create_deprecation_warning(k, replacements))

[2023-08-27T06:37:40.366+0000] {warnings.py:110} WARNING - /home/***/.local/lib/python3.7/site-packages/***/utils/context.py:313: AirflowContextDeprecationWarning: Accessing 'yesterday_ds' from the template is deprecated and will be removed in a future version.
  warnings.warn(_create_deprecation_warning(k, replacements))

[2023-08-27T06:37:40.367+0000] {warnings.py:110} WARNING - /home/***/.local/lib/python3.7/site-packages/***/utils/context.py:313: AirflowContextDeprecationWarning: Accessing 'yesterday_ds_nodash' from the template is deprecated and will be removed in a future version.
  warnings.warn(_create_deprecation_warning(k, replacements))

[2023-08-27T06:37:40.368+0000] {logging_mixin.py:150} INFO - {'conf': <***.configuration.AirflowConfigParser object at 0x7fd5469c2bd0>,
 'conn': None,
 'dag': <DAG: dags_python_show_templates>,
 'dag_run': <DagRun dags_python_show_templates @ 2023-08-22 09:30:00+00:00: scheduled__2023-08-22T09:30:00+00:00, state:running, queued_at: 2023-08-27 06:37:38.630160+00:00. externally triggered: False>,
 'data_interval_end': DateTime(2023, 8, 23, 9, 30, 0, tzinfo=Timezone('UTC')),
 'data_interval_start': DateTime(2023, 8, 22, 9, 30, 0, tzinfo=Timezone('UTC')),
 'ds': '2023-08-22',
 'ds_nodash': '20230822',
 'execution_date': <Proxy at 0x7fd5283ec6e0 with factory functools.partial(<function lazy_mapping_from_context.<locals>._deprecated_proxy_factory at 0x7fd528424cb0>, 'execution_date', DateTime(2023, 8, 22, 9, 30, 0, tzinfo=Timezone('UTC')))>,
 'expanded_ti_count': None,
 'inlets': [],
 'logical_date': DateTime(2023, 8, 22, 9, 30, 0, tzinfo=Timezone('UTC')),
 'macros': <module '***.macros' from '/home/***/.local/lib/python3.7/site-packages/***/macros/__init__.py'>,
 'next_ds': <Proxy at 0x7fd5283ec780 with factory functools.partial(<function lazy_mapping_from_context.<locals>._deprecated_proxy_factory at 0x7fd528424cb0>, 'next_ds', '2023-08-23')>,
 'next_ds_nodash': <Proxy at 0x7fd5283ec7d0 with factory functools.partial(<function lazy_mapping_from_context.<locals>._deprecated_proxy_factory at 0x7fd528424cb0>, 'next_ds_nodash', '20230823')>,
 'next_execution_date': <Proxy at 0x7fd5283ec870 with factory functools.partial(<function lazy_mapping_from_context.<locals>._deprecated_proxy_factory at 0x7fd528424cb0>, 'next_execution_date', DateTime(2023, 8, 23, 9, 30, 0, tzinfo=Timezone('UTC')))>,
 'outlets': [],
 'params': {},
 'prev_data_interval_end_success': DateTime(2023, 8, 19, 9, 30, 0, tzinfo=Timezone('UTC')),
 'prev_data_interval_start_success': DateTime(2023, 8, 18, 9, 30, 0, tzinfo=Timezone('UTC')),
 'prev_ds': <Proxy at 0x7fd5283ec8c0 with factory functools.partial(<function lazy_mapping_from_context.<locals>._deprecated_proxy_factory at 0x7fd528424cb0>, 'prev_ds', '2023-08-21')>,
 'prev_ds_nodash': <Proxy at 0x7fd5283ec910 with factory functools.partial(<function lazy_mapping_from_context.<locals>._deprecated_proxy_factory at 0x7fd528424cb0>, 'prev_ds_nodash', '20230821')>,
 'prev_execution_date': <Proxy at 0x7fd5283ec960 with factory functools.partial(<function lazy_mapping_from_context.<locals>._deprecated_proxy_factory at 0x7fd528424cb0>, 'prev_execution_date', DateTime(2023, 8, 21, 9, 30, 0, tzinfo=Timezone('UTC')))>,
 'prev_execution_date_success': <Proxy at 0x7fd5283ec9b0 with factory functools.partial(<function lazy_mapping_from_context.<locals>._deprecated_proxy_factory at 0x7fd528424cb0>, 'prev_execution_date_success', DateTime(2023, 8, 18, 9, 30, 0, tzinfo=Timezone('UTC')))>,
 'prev_start_date_success': DateTime(2023, 8, 27, 6, 37, 37, 575025, tzinfo=Timezone('UTC')),
 'run_id': 'scheduled__2023-08-22T09:30:00+00:00',
 'task': <Task(_PythonDecoratedOperator): python_task>,
 'task_instance': <TaskInstance: dags_python_show_templates.python_task scheduled__2023-08-22T09:30:00+00:00 [running]>,
 'task_instance_key_str': 'dags_python_show_templates__python_task__20230822',
 'templates_dict': None,
 'test_mode': False,
 'ti': <TaskInstance: dags_python_show_templates.python_task scheduled__2023-08-22T09:30:00+00:00 [running]>,
 'tomorrow_ds': <Proxy at 0x7fd5283eca00 with factory functools.partial(<function lazy_mapping_from_context.<locals>._deprecated_proxy_factory at 0x7fd528424cb0>, 'tomorrow_ds', '2023-08-23')>,
 'tomorrow_ds_nodash': <Proxy at 0x7fd5283eca50 with factory functools.partial(<function lazy_mapping_from_context.<locals>._deprecated_proxy_factory at 0x7fd528424cb0>, 'tomorrow_ds_nodash', '20230823')>,
 'triggering_dataset_events': {},
 'ts': '2023-08-22T09:30:00+00:00',
 'ts_nodash': '20230822T093000',
 'ts_nodash_with_tz': '20230822T093000+0000',
 'var': {'json': None, 'value': None},
 'yesterday_ds': <Proxy at 0x7fd5283ecaa0 with factory functools.partial(<function lazy_mapping_from_context.<locals>._deprecated_proxy_factory at 0x7fd528424cb0>, 'yesterday_ds', '2023-08-21')>,
 'yesterday_ds_nodash': <Proxy at 0x7fd5283ecaf0 with factory functools.partial(<function lazy_mapping_from_context.<locals>._deprecated_proxy_factory at 0x7fd528424cb0>, 'yesterday_ds_nodash', '20230821')>}
[2023-08-27T06:37:40.369+0000] {python.py:183} INFO - Done. Returned value was: None
[2023-08-27T06:37:40.380+0000] {taskinstance.py:1350} INFO - Marking task as SUCCESS. dag_id=dags_python_show_templates, task_id=python_task, execution_date=20230822T093000, start_date=20230827T063740, end_date=20230827T063740
[2023-08-27T06:37:40.471+0000] {local_task_job_runner.py:225} INFO - Task exited with return code 0
[2023-08-27T06:37:40.487+0000] {taskinstance.py:2653} INFO - 0 downstream tasks scheduled from follow-on schedule check
