[2023-08-24T09:59:02.054+0000] {logging_mixin.py:150} INFO - Changing /opt/***/logs/dag_id=dags_python_task_decorator/run_id=manual__2023-08-24T09:59:00.733845+00:00/task_id=python_task_1 permission to 509
[2023-08-24T09:59:02.055+0000] {logging_mixin.py:150} INFO - Failed to change /opt/***/logs/dag_id=dags_python_task_decorator/run_id=manual__2023-08-24T09:59:00.733845+00:00/task_id=python_task_1 permission to 509: [Errno 1] Operation not permitted: '/opt/***/logs/dag_id=dags_python_task_decorator/run_id=manual__2023-08-24T09:59:00.733845+00:00/task_id=python_task_1'
[2023-08-24T09:59:02.122+0000] {logging_mixin.py:150} INFO - Changing /opt/***/logs/dag_id=dags_python_task_decorator/run_id=manual__2023-08-24T09:59:00.733845+00:00/task_id=python_task_1 permission to 509
[2023-08-24T09:59:02.125+0000] {logging_mixin.py:150} INFO - Failed to change /opt/***/logs/dag_id=dags_python_task_decorator/run_id=manual__2023-08-24T09:59:00.733845+00:00/task_id=python_task_1 permission to 509: [Errno 1] Operation not permitted: '/opt/***/logs/dag_id=dags_python_task_decorator/run_id=manual__2023-08-24T09:59:00.733845+00:00/task_id=python_task_1'
[2023-08-24T09:59:02.313+0000] {taskinstance.py:1103} INFO - Dependencies all met for dep_context=non-requeueable deps ti=<TaskInstance: dags_python_task_decorator.python_task_1 manual__2023-08-24T09:59:00.733845+00:00 [queued]>
[2023-08-24T09:59:02.326+0000] {taskinstance.py:1103} INFO - Dependencies all met for dep_context=requeueable deps ti=<TaskInstance: dags_python_task_decorator.python_task_1 manual__2023-08-24T09:59:00.733845+00:00 [queued]>
[2023-08-24T09:59:02.327+0000] {taskinstance.py:1308} INFO - Starting attempt 1 of 1
[2023-08-24T09:59:02.373+0000] {taskinstance.py:1327} INFO - Executing <Task(_PythonDecoratedOperator): python_task_1> on 2023-08-24 09:59:00.733845+00:00
[2023-08-24T09:59:02.378+0000] {standard_task_runner.py:57} INFO - Started process 150 to run task
[2023-08-24T09:59:02.381+0000] {standard_task_runner.py:84} INFO - Running: ['***', 'tasks', 'run', 'dags_python_task_decorator', 'python_task_1', 'manual__2023-08-24T09:59:00.733845+00:00', '--job-id', '29', '--raw', '--subdir', 'DAGS_FOLDER/dags_python_task_decorator.py', '--cfg-path', '/tmp/tmpukm2eons']
[2023-08-24T09:59:02.384+0000] {standard_task_runner.py:85} INFO - Job 29: Subtask python_task_1
[2023-08-24T09:59:02.461+0000] {logging_mixin.py:150} INFO - Changing /opt/***/logs/dag_id=dags_python_task_decorator/run_id=manual__2023-08-24T09:59:00.733845+00:00/task_id=python_task_1 permission to 509
[2023-08-24T09:59:02.462+0000] {logging_mixin.py:150} INFO - Failed to change /opt/***/logs/dag_id=dags_python_task_decorator/run_id=manual__2023-08-24T09:59:00.733845+00:00/task_id=python_task_1 permission to 509: [Errno 1] Operation not permitted: '/opt/***/logs/dag_id=dags_python_task_decorator/run_id=manual__2023-08-24T09:59:00.733845+00:00/task_id=python_task_1'
[2023-08-24T09:59:02.465+0000] {task_command.py:410} INFO - Running <TaskInstance: dags_python_task_decorator.python_task_1 manual__2023-08-24T09:59:00.733845+00:00 [running]> on host 07fcf706bef2
[2023-08-24T09:59:02.621+0000] {taskinstance.py:1547} INFO - Exporting env vars: AIRFLOW_CTX_DAG_OWNER='***' AIRFLOW_CTX_DAG_ID='dags_python_task_decorator' AIRFLOW_CTX_TASK_ID='python_task_1' AIRFLOW_CTX_EXECUTION_DATE='2023-08-24T09:59:00.733845+00:00' AIRFLOW_CTX_TRY_NUMBER='1' AIRFLOW_CTX_DAG_RUN_ID='manual__2023-08-24T09:59:00.733845+00:00'
[2023-08-24T09:59:02.623+0000] {logging_mixin.py:150} INFO - Run task_decorator!!
[2023-08-24T09:59:02.624+0000] {python.py:183} INFO - Done. Returned value was: None
[2023-08-24T09:59:02.634+0000] {taskinstance.py:1350} INFO - Marking task as SUCCESS. dag_id=dags_python_task_decorator, task_id=python_task_1, execution_date=20230824T095900, start_date=20230824T095902, end_date=20230824T095902
[2023-08-24T09:59:02.674+0000] {local_task_job_runner.py:225} INFO - Task exited with return code 0
[2023-08-24T09:59:02.693+0000] {taskinstance.py:2653} INFO - 0 downstream tasks scheduled from follow-on schedule check
