[2023-08-23T00:21:06.294+0000] {processor.py:157} INFO - Started process (PID=34) to work on /opt/airflow/dags/dags_bash_select_dog.py
[2023-08-23T00:21:06.296+0000] {processor.py:826} INFO - Processing file /opt/airflow/dags/dags_bash_select_dog.py for tasks to queue
[2023-08-23T00:21:06.297+0000] {logging_mixin.py:150} INFO - [2023-08-23T00:21:06.296+0000] {dagbag.py:541} INFO - Filling up the DagBag from /opt/airflow/dags/dags_bash_select_dog.py
[2023-08-23T00:21:06.329+0000] {processor.py:836} INFO - DAG(s) dict_keys(['dags_bash_select_dog']) retrieved from /opt/airflow/dags/dags_bash_select_dog.py
[2023-08-23T00:21:06.576+0000] {logging_mixin.py:150} INFO - [2023-08-23T00:21:06.576+0000] {dag.py:2742} INFO - Sync 1 DAGs
[2023-08-23T00:21:06.607+0000] {logging_mixin.py:150} INFO - [2023-08-23T00:21:06.607+0000] {dag.py:3508} INFO - Setting next_dagrun for dags_bash_select_dog to 2023-08-05T00:10:00+00:00, run_after=2023-09-02T00:10:00+00:00
[2023-08-23T00:21:06.644+0000] {processor.py:179} INFO - Processing /opt/airflow/dags/dags_bash_select_dog.py took 0.354 seconds
[2023-08-23T00:21:37.121+0000] {processor.py:157} INFO - Started process (PID=109) to work on /opt/airflow/dags/dags_bash_select_dog.py
[2023-08-23T00:21:37.122+0000] {processor.py:826} INFO - Processing file /opt/airflow/dags/dags_bash_select_dog.py for tasks to queue
[2023-08-23T00:21:37.123+0000] {logging_mixin.py:150} INFO - [2023-08-23T00:21:37.123+0000] {dagbag.py:541} INFO - Filling up the DagBag from /opt/airflow/dags/dags_bash_select_dog.py
[2023-08-23T00:21:37.154+0000] {processor.py:836} INFO - DAG(s) dict_keys(['dags_bash_select_dog']) retrieved from /opt/airflow/dags/dags_bash_select_dog.py
[2023-08-23T00:21:37.175+0000] {logging_mixin.py:150} INFO - [2023-08-23T00:21:37.175+0000] {dag.py:2742} INFO - Sync 1 DAGs
[2023-08-23T00:21:37.203+0000] {logging_mixin.py:150} INFO - [2023-08-23T00:21:37.202+0000] {dag.py:3508} INFO - Setting next_dagrun for dags_bash_select_dog to 2023-08-05T00:10:00+00:00, run_after=2023-09-02T00:10:00+00:00
[2023-08-23T00:21:37.241+0000] {processor.py:179} INFO - Processing /opt/airflow/dags/dags_bash_select_dog.py took 0.123 seconds
[2023-08-23T00:22:07.629+0000] {processor.py:157} INFO - Started process (PID=184) to work on /opt/airflow/dags/dags_bash_select_dog.py
[2023-08-23T00:22:07.631+0000] {processor.py:826} INFO - Processing file /opt/airflow/dags/dags_bash_select_dog.py for tasks to queue
[2023-08-23T00:22:07.632+0000] {logging_mixin.py:150} INFO - [2023-08-23T00:22:07.632+0000] {dagbag.py:541} INFO - Filling up the DagBag from /opt/airflow/dags/dags_bash_select_dog.py
[2023-08-23T00:22:07.661+0000] {processor.py:836} INFO - DAG(s) dict_keys(['dags_bash_select_dog']) retrieved from /opt/airflow/dags/dags_bash_select_dog.py
[2023-08-23T00:22:07.684+0000] {logging_mixin.py:150} INFO - [2023-08-23T00:22:07.684+0000] {dag.py:2742} INFO - Sync 1 DAGs
[2023-08-23T00:22:07.713+0000] {logging_mixin.py:150} INFO - [2023-08-23T00:22:07.713+0000] {dag.py:3508} INFO - Setting next_dagrun for dags_bash_select_dog to 2023-08-05T00:10:00+00:00, run_after=2023-09-02T00:10:00+00:00
[2023-08-23T00:22:07.753+0000] {processor.py:179} INFO - Processing /opt/airflow/dags/dags_bash_select_dog.py took 0.127 seconds
[2023-08-23T00:22:37.953+0000] {processor.py:157} INFO - Started process (PID=259) to work on /opt/airflow/dags/dags_bash_select_dog.py
[2023-08-23T00:22:37.954+0000] {processor.py:826} INFO - Processing file /opt/airflow/dags/dags_bash_select_dog.py for tasks to queue
[2023-08-23T00:22:37.957+0000] {logging_mixin.py:150} INFO - [2023-08-23T00:22:37.957+0000] {dagbag.py:541} INFO - Filling up the DagBag from /opt/airflow/dags/dags_bash_select_dog.py
[2023-08-23T00:22:37.985+0000] {processor.py:836} INFO - DAG(s) dict_keys(['dags_bash_select_dog']) retrieved from /opt/airflow/dags/dags_bash_select_dog.py
[2023-08-23T00:22:38.006+0000] {logging_mixin.py:150} INFO - [2023-08-23T00:22:38.006+0000] {dag.py:2742} INFO - Sync 1 DAGs
[2023-08-23T00:22:38.035+0000] {logging_mixin.py:150} INFO - [2023-08-23T00:22:38.034+0000] {dag.py:3508} INFO - Setting next_dagrun for dags_bash_select_dog to 2023-08-05T00:10:00+00:00, run_after=2023-09-02T00:10:00+00:00
[2023-08-23T00:22:38.073+0000] {processor.py:179} INFO - Processing /opt/airflow/dags/dags_bash_select_dog.py took 0.123 seconds
[2023-08-23T00:23:08.330+0000] {processor.py:157} INFO - Started process (PID=334) to work on /opt/airflow/dags/dags_bash_select_dog.py
[2023-08-23T00:23:08.331+0000] {processor.py:826} INFO - Processing file /opt/airflow/dags/dags_bash_select_dog.py for tasks to queue
[2023-08-23T00:23:08.332+0000] {logging_mixin.py:150} INFO - [2023-08-23T00:23:08.332+0000] {dagbag.py:541} INFO - Filling up the DagBag from /opt/airflow/dags/dags_bash_select_dog.py
[2023-08-23T00:23:08.361+0000] {processor.py:836} INFO - DAG(s) dict_keys(['dags_bash_select_dog']) retrieved from /opt/airflow/dags/dags_bash_select_dog.py
[2023-08-23T00:23:08.385+0000] {logging_mixin.py:150} INFO - [2023-08-23T00:23:08.385+0000] {dag.py:2742} INFO - Sync 1 DAGs
[2023-08-23T00:23:08.417+0000] {logging_mixin.py:150} INFO - [2023-08-23T00:23:08.416+0000] {dag.py:3508} INFO - Setting next_dagrun for dags_bash_select_dog to 2023-08-05T00:10:00+00:00, run_after=2023-09-02T00:10:00+00:00
[2023-08-23T00:23:08.457+0000] {processor.py:179} INFO - Processing /opt/airflow/dags/dags_bash_select_dog.py took 0.131 seconds
[2023-08-23T00:23:38.934+0000] {processor.py:157} INFO - Started process (PID=409) to work on /opt/airflow/dags/dags_bash_select_dog.py
[2023-08-23T00:23:38.935+0000] {processor.py:826} INFO - Processing file /opt/airflow/dags/dags_bash_select_dog.py for tasks to queue
[2023-08-23T00:23:38.936+0000] {logging_mixin.py:150} INFO - [2023-08-23T00:23:38.936+0000] {dagbag.py:541} INFO - Filling up the DagBag from /opt/airflow/dags/dags_bash_select_dog.py
[2023-08-23T00:23:38.965+0000] {processor.py:836} INFO - DAG(s) dict_keys(['dags_bash_select_dog']) retrieved from /opt/airflow/dags/dags_bash_select_dog.py
[2023-08-23T00:23:38.986+0000] {logging_mixin.py:150} INFO - [2023-08-23T00:23:38.985+0000] {dag.py:2742} INFO - Sync 1 DAGs
[2023-08-23T00:23:39.011+0000] {logging_mixin.py:150} INFO - [2023-08-23T00:23:39.011+0000] {dag.py:3508} INFO - Setting next_dagrun for dags_bash_select_dog to 2023-08-05T00:10:00+00:00, run_after=2023-09-02T00:10:00+00:00
[2023-08-23T00:23:39.048+0000] {processor.py:179} INFO - Processing /opt/airflow/dags/dags_bash_select_dog.py took 0.117 seconds
[2023-08-23T00:24:09.643+0000] {processor.py:157} INFO - Started process (PID=484) to work on /opt/airflow/dags/dags_bash_select_dog.py
[2023-08-23T00:24:09.644+0000] {processor.py:826} INFO - Processing file /opt/airflow/dags/dags_bash_select_dog.py for tasks to queue
[2023-08-23T00:24:09.645+0000] {logging_mixin.py:150} INFO - [2023-08-23T00:24:09.645+0000] {dagbag.py:541} INFO - Filling up the DagBag from /opt/airflow/dags/dags_bash_select_dog.py
[2023-08-23T00:24:09.671+0000] {processor.py:836} INFO - DAG(s) dict_keys(['dags_bash_select_dog']) retrieved from /opt/airflow/dags/dags_bash_select_dog.py
[2023-08-23T00:24:09.692+0000] {logging_mixin.py:150} INFO - [2023-08-23T00:24:09.692+0000] {dag.py:2742} INFO - Sync 1 DAGs
[2023-08-23T00:24:09.721+0000] {logging_mixin.py:150} INFO - [2023-08-23T00:24:09.721+0000] {dag.py:3508} INFO - Setting next_dagrun for dags_bash_select_dog to 2023-08-05T00:10:00+00:00, run_after=2023-09-02T00:10:00+00:00
[2023-08-23T00:24:09.767+0000] {processor.py:179} INFO - Processing /opt/airflow/dags/dags_bash_select_dog.py took 0.127 seconds
[2023-08-23T00:24:40.032+0000] {processor.py:157} INFO - Started process (PID=559) to work on /opt/airflow/dags/dags_bash_select_dog.py
[2023-08-23T00:24:40.033+0000] {processor.py:826} INFO - Processing file /opt/airflow/dags/dags_bash_select_dog.py for tasks to queue
[2023-08-23T00:24:40.034+0000] {logging_mixin.py:150} INFO - [2023-08-23T00:24:40.034+0000] {dagbag.py:541} INFO - Filling up the DagBag from /opt/airflow/dags/dags_bash_select_dog.py
[2023-08-23T00:24:40.062+0000] {processor.py:836} INFO - DAG(s) dict_keys(['dags_bash_select_dog']) retrieved from /opt/airflow/dags/dags_bash_select_dog.py
[2023-08-23T00:24:40.081+0000] {logging_mixin.py:150} INFO - [2023-08-23T00:24:40.081+0000] {dag.py:2742} INFO - Sync 1 DAGs
[2023-08-23T00:24:40.107+0000] {logging_mixin.py:150} INFO - [2023-08-23T00:24:40.107+0000] {dag.py:3508} INFO - Setting next_dagrun for dags_bash_select_dog to 2023-08-05T00:10:00+00:00, run_after=2023-09-02T00:10:00+00:00
[2023-08-23T00:24:40.145+0000] {processor.py:179} INFO - Processing /opt/airflow/dags/dags_bash_select_dog.py took 0.116 seconds
[2023-08-23T00:25:10.331+0000] {processor.py:157} INFO - Started process (PID=634) to work on /opt/airflow/dags/dags_bash_select_dog.py
[2023-08-23T00:25:10.332+0000] {processor.py:826} INFO - Processing file /opt/airflow/dags/dags_bash_select_dog.py for tasks to queue
[2023-08-23T00:25:10.333+0000] {logging_mixin.py:150} INFO - [2023-08-23T00:25:10.333+0000] {dagbag.py:541} INFO - Filling up the DagBag from /opt/airflow/dags/dags_bash_select_dog.py
[2023-08-23T00:25:10.359+0000] {processor.py:836} INFO - DAG(s) dict_keys(['dags_bash_select_dog']) retrieved from /opt/airflow/dags/dags_bash_select_dog.py
[2023-08-23T00:25:10.380+0000] {logging_mixin.py:150} INFO - [2023-08-23T00:25:10.380+0000] {dag.py:2742} INFO - Sync 1 DAGs
[2023-08-23T00:25:10.406+0000] {logging_mixin.py:150} INFO - [2023-08-23T00:25:10.405+0000] {dag.py:3508} INFO - Setting next_dagrun for dags_bash_select_dog to 2023-08-05T00:10:00+00:00, run_after=2023-09-02T00:10:00+00:00
[2023-08-23T00:25:10.488+0000] {processor.py:179} INFO - Processing /opt/airflow/dags/dags_bash_select_dog.py took 0.159 seconds
[2023-08-23T00:25:40.717+0000] {processor.py:157} INFO - Started process (PID=709) to work on /opt/airflow/dags/dags_bash_select_dog.py
[2023-08-23T00:25:40.721+0000] {processor.py:826} INFO - Processing file /opt/airflow/dags/dags_bash_select_dog.py for tasks to queue
[2023-08-23T00:25:40.725+0000] {logging_mixin.py:150} INFO - [2023-08-23T00:25:40.724+0000] {dagbag.py:541} INFO - Filling up the DagBag from /opt/airflow/dags/dags_bash_select_dog.py
[2023-08-23T00:25:40.783+0000] {processor.py:836} INFO - DAG(s) dict_keys(['dags_bash_select_dog']) retrieved from /opt/airflow/dags/dags_bash_select_dog.py
[2023-08-23T00:25:40.804+0000] {logging_mixin.py:150} INFO - [2023-08-23T00:25:40.804+0000] {dag.py:2742} INFO - Sync 1 DAGs
[2023-08-23T00:25:40.831+0000] {logging_mixin.py:150} INFO - [2023-08-23T00:25:40.831+0000] {dag.py:3508} INFO - Setting next_dagrun for dags_bash_select_dog to 2023-08-05T00:10:00+00:00, run_after=2023-09-02T00:10:00+00:00
[2023-08-23T00:25:40.869+0000] {processor.py:179} INFO - Processing /opt/airflow/dags/dags_bash_select_dog.py took 0.155 seconds
[2023-08-23T00:26:11.707+0000] {processor.py:157} INFO - Started process (PID=784) to work on /opt/airflow/dags/dags_bash_select_dog.py
[2023-08-23T00:26:11.708+0000] {processor.py:826} INFO - Processing file /opt/airflow/dags/dags_bash_select_dog.py for tasks to queue
[2023-08-23T00:26:11.709+0000] {logging_mixin.py:150} INFO - [2023-08-23T00:26:11.708+0000] {dagbag.py:541} INFO - Filling up the DagBag from /opt/airflow/dags/dags_bash_select_dog.py
[2023-08-23T00:26:11.736+0000] {processor.py:836} INFO - DAG(s) dict_keys(['dags_bash_select_dog']) retrieved from /opt/airflow/dags/dags_bash_select_dog.py
[2023-08-23T00:26:11.756+0000] {logging_mixin.py:150} INFO - [2023-08-23T00:26:11.756+0000] {dag.py:2742} INFO - Sync 1 DAGs
[2023-08-23T00:26:11.784+0000] {logging_mixin.py:150} INFO - [2023-08-23T00:26:11.784+0000] {dag.py:3508} INFO - Setting next_dagrun for dags_bash_select_dog to 2023-08-05T00:10:00+00:00, run_after=2023-09-02T00:10:00+00:00
[2023-08-23T00:26:11.895+0000] {processor.py:179} INFO - Processing /opt/airflow/dags/dags_bash_select_dog.py took 0.190 seconds
[2023-08-23T00:26:42.193+0000] {processor.py:157} INFO - Started process (PID=859) to work on /opt/airflow/dags/dags_bash_select_dog.py
[2023-08-23T00:26:42.194+0000] {processor.py:826} INFO - Processing file /opt/airflow/dags/dags_bash_select_dog.py for tasks to queue
[2023-08-23T00:26:42.195+0000] {logging_mixin.py:150} INFO - [2023-08-23T00:26:42.194+0000] {dagbag.py:541} INFO - Filling up the DagBag from /opt/airflow/dags/dags_bash_select_dog.py
[2023-08-23T00:26:42.219+0000] {processor.py:836} INFO - DAG(s) dict_keys(['dags_bash_select_dog']) retrieved from /opt/airflow/dags/dags_bash_select_dog.py
[2023-08-23T00:26:42.241+0000] {logging_mixin.py:150} INFO - [2023-08-23T00:26:42.241+0000] {dag.py:2742} INFO - Sync 1 DAGs
[2023-08-23T00:26:42.268+0000] {logging_mixin.py:150} INFO - [2023-08-23T00:26:42.268+0000] {dag.py:3508} INFO - Setting next_dagrun for dags_bash_select_dog to 2023-08-05T00:10:00+00:00, run_after=2023-09-02T00:10:00+00:00
[2023-08-23T00:26:42.306+0000] {processor.py:179} INFO - Processing /opt/airflow/dags/dags_bash_select_dog.py took 0.116 seconds
[2023-08-23T00:27:12.666+0000] {processor.py:157} INFO - Started process (PID=934) to work on /opt/airflow/dags/dags_bash_select_dog.py
[2023-08-23T00:27:12.667+0000] {processor.py:826} INFO - Processing file /opt/airflow/dags/dags_bash_select_dog.py for tasks to queue
[2023-08-23T00:27:12.668+0000] {logging_mixin.py:150} INFO - [2023-08-23T00:27:12.668+0000] {dagbag.py:541} INFO - Filling up the DagBag from /opt/airflow/dags/dags_bash_select_dog.py
[2023-08-23T00:27:12.695+0000] {processor.py:836} INFO - DAG(s) dict_keys(['dags_bash_select_dog']) retrieved from /opt/airflow/dags/dags_bash_select_dog.py
[2023-08-23T00:27:12.716+0000] {logging_mixin.py:150} INFO - [2023-08-23T00:27:12.716+0000] {dag.py:2742} INFO - Sync 1 DAGs
[2023-08-23T00:27:12.742+0000] {logging_mixin.py:150} INFO - [2023-08-23T00:27:12.742+0000] {dag.py:3508} INFO - Setting next_dagrun for dags_bash_select_dog to 2023-08-05T00:10:00+00:00, run_after=2023-09-02T00:10:00+00:00
[2023-08-23T00:27:12.780+0000] {processor.py:179} INFO - Processing /opt/airflow/dags/dags_bash_select_dog.py took 0.117 seconds
[2023-08-23T00:27:43.340+0000] {processor.py:157} INFO - Started process (PID=1009) to work on /opt/airflow/dags/dags_bash_select_dog.py
[2023-08-23T00:27:43.341+0000] {processor.py:826} INFO - Processing file /opt/airflow/dags/dags_bash_select_dog.py for tasks to queue
[2023-08-23T00:27:43.342+0000] {logging_mixin.py:150} INFO - [2023-08-23T00:27:43.342+0000] {dagbag.py:541} INFO - Filling up the DagBag from /opt/airflow/dags/dags_bash_select_dog.py
[2023-08-23T00:27:43.368+0000] {processor.py:836} INFO - DAG(s) dict_keys(['dags_bash_select_dog']) retrieved from /opt/airflow/dags/dags_bash_select_dog.py
[2023-08-23T00:27:43.388+0000] {logging_mixin.py:150} INFO - [2023-08-23T00:27:43.388+0000] {dag.py:2742} INFO - Sync 1 DAGs
[2023-08-23T00:27:43.415+0000] {logging_mixin.py:150} INFO - [2023-08-23T00:27:43.415+0000] {dag.py:3508} INFO - Setting next_dagrun for dags_bash_select_dog to 2023-08-05T00:10:00+00:00, run_after=2023-09-02T00:10:00+00:00
[2023-08-23T00:27:43.453+0000] {processor.py:179} INFO - Processing /opt/airflow/dags/dags_bash_select_dog.py took 0.115 seconds
[2023-08-23T00:28:13.672+0000] {processor.py:157} INFO - Started process (PID=1085) to work on /opt/airflow/dags/dags_bash_select_dog.py
[2023-08-23T00:28:13.673+0000] {processor.py:826} INFO - Processing file /opt/airflow/dags/dags_bash_select_dog.py for tasks to queue
[2023-08-23T00:28:13.674+0000] {logging_mixin.py:150} INFO - [2023-08-23T00:28:13.674+0000] {dagbag.py:541} INFO - Filling up the DagBag from /opt/airflow/dags/dags_bash_select_dog.py
[2023-08-23T00:28:13.700+0000] {processor.py:836} INFO - DAG(s) dict_keys(['dags_bash_select_dog']) retrieved from /opt/airflow/dags/dags_bash_select_dog.py
[2023-08-23T00:28:13.721+0000] {logging_mixin.py:150} INFO - [2023-08-23T00:28:13.720+0000] {dag.py:2742} INFO - Sync 1 DAGs
[2023-08-23T00:28:13.747+0000] {logging_mixin.py:150} INFO - [2023-08-23T00:28:13.747+0000] {dag.py:3508} INFO - Setting next_dagrun for dags_bash_select_dog to 2023-08-05T00:10:00+00:00, run_after=2023-09-02T00:10:00+00:00
[2023-08-23T00:28:13.785+0000] {processor.py:179} INFO - Processing /opt/airflow/dags/dags_bash_select_dog.py took 0.116 seconds
[2023-08-23T00:28:44.103+0000] {processor.py:157} INFO - Started process (PID=1160) to work on /opt/airflow/dags/dags_bash_select_dog.py
[2023-08-23T00:28:44.104+0000] {processor.py:826} INFO - Processing file /opt/airflow/dags/dags_bash_select_dog.py for tasks to queue
[2023-08-23T00:28:44.105+0000] {logging_mixin.py:150} INFO - [2023-08-23T00:28:44.105+0000] {dagbag.py:541} INFO - Filling up the DagBag from /opt/airflow/dags/dags_bash_select_dog.py
[2023-08-23T00:28:44.132+0000] {processor.py:836} INFO - DAG(s) dict_keys(['dags_bash_select_dog']) retrieved from /opt/airflow/dags/dags_bash_select_dog.py
[2023-08-23T00:28:44.154+0000] {logging_mixin.py:150} INFO - [2023-08-23T00:28:44.154+0000] {dag.py:2742} INFO - Sync 1 DAGs
[2023-08-23T00:28:44.184+0000] {logging_mixin.py:150} INFO - [2023-08-23T00:28:44.184+0000] {dag.py:3508} INFO - Setting next_dagrun for dags_bash_select_dog to 2023-08-05T00:10:00+00:00, run_after=2023-09-02T00:10:00+00:00
[2023-08-23T00:28:44.222+0000] {processor.py:179} INFO - Processing /opt/airflow/dags/dags_bash_select_dog.py took 0.121 seconds
[2023-08-23T00:29:14.666+0000] {processor.py:157} INFO - Started process (PID=1235) to work on /opt/airflow/dags/dags_bash_select_dog.py
[2023-08-23T00:29:14.667+0000] {processor.py:826} INFO - Processing file /opt/airflow/dags/dags_bash_select_dog.py for tasks to queue
[2023-08-23T00:29:14.668+0000] {logging_mixin.py:150} INFO - [2023-08-23T00:29:14.668+0000] {dagbag.py:541} INFO - Filling up the DagBag from /opt/airflow/dags/dags_bash_select_dog.py
[2023-08-23T00:29:14.694+0000] {processor.py:836} INFO - DAG(s) dict_keys(['dags_bash_select_dog']) retrieved from /opt/airflow/dags/dags_bash_select_dog.py
[2023-08-23T00:29:14.714+0000] {logging_mixin.py:150} INFO - [2023-08-23T00:29:14.714+0000] {dag.py:2742} INFO - Sync 1 DAGs
[2023-08-23T00:29:14.740+0000] {logging_mixin.py:150} INFO - [2023-08-23T00:29:14.740+0000] {dag.py:3508} INFO - Setting next_dagrun for dags_bash_select_dog to 2023-08-05T00:10:00+00:00, run_after=2023-09-02T00:10:00+00:00
[2023-08-23T00:29:14.779+0000] {processor.py:179} INFO - Processing /opt/airflow/dags/dags_bash_select_dog.py took 0.115 seconds
[2023-08-23T00:29:45.158+0000] {processor.py:157} INFO - Started process (PID=1310) to work on /opt/airflow/dags/dags_bash_select_dog.py
[2023-08-23T00:29:45.159+0000] {processor.py:826} INFO - Processing file /opt/airflow/dags/dags_bash_select_dog.py for tasks to queue
[2023-08-23T00:29:45.160+0000] {logging_mixin.py:150} INFO - [2023-08-23T00:29:45.160+0000] {dagbag.py:541} INFO - Filling up the DagBag from /opt/airflow/dags/dags_bash_select_dog.py
[2023-08-23T00:29:45.186+0000] {processor.py:836} INFO - DAG(s) dict_keys(['dags_bash_select_dog']) retrieved from /opt/airflow/dags/dags_bash_select_dog.py
[2023-08-23T00:29:45.209+0000] {logging_mixin.py:150} INFO - [2023-08-23T00:29:45.209+0000] {dag.py:2742} INFO - Sync 1 DAGs
[2023-08-23T00:29:45.235+0000] {logging_mixin.py:150} INFO - [2023-08-23T00:29:45.235+0000] {dag.py:3508} INFO - Setting next_dagrun for dags_bash_select_dog to 2023-08-05T00:10:00+00:00, run_after=2023-09-02T00:10:00+00:00
[2023-08-23T00:29:45.273+0000] {processor.py:179} INFO - Processing /opt/airflow/dags/dags_bash_select_dog.py took 0.118 seconds
[2023-08-23T00:30:15.607+0000] {processor.py:157} INFO - Started process (PID=1385) to work on /opt/airflow/dags/dags_bash_select_dog.py
[2023-08-23T00:30:15.608+0000] {processor.py:826} INFO - Processing file /opt/airflow/dags/dags_bash_select_dog.py for tasks to queue
[2023-08-23T00:30:15.609+0000] {logging_mixin.py:150} INFO - [2023-08-23T00:30:15.609+0000] {dagbag.py:541} INFO - Filling up the DagBag from /opt/airflow/dags/dags_bash_select_dog.py
[2023-08-23T00:30:15.638+0000] {processor.py:836} INFO - DAG(s) dict_keys(['dags_bash_select_dog']) retrieved from /opt/airflow/dags/dags_bash_select_dog.py
[2023-08-23T00:30:15.659+0000] {logging_mixin.py:150} INFO - [2023-08-23T00:30:15.659+0000] {dag.py:2742} INFO - Sync 1 DAGs
[2023-08-23T00:30:15.686+0000] {logging_mixin.py:150} INFO - [2023-08-23T00:30:15.686+0000] {dag.py:3508} INFO - Setting next_dagrun for dags_bash_select_dog to 2023-08-05T00:10:00+00:00, run_after=2023-09-02T00:10:00+00:00
[2023-08-23T00:30:15.726+0000] {processor.py:179} INFO - Processing /opt/airflow/dags/dags_bash_select_dog.py took 0.121 seconds
[2023-08-23T00:30:46.013+0000] {processor.py:157} INFO - Started process (PID=1460) to work on /opt/airflow/dags/dags_bash_select_dog.py
[2023-08-23T00:30:46.014+0000] {processor.py:826} INFO - Processing file /opt/airflow/dags/dags_bash_select_dog.py for tasks to queue
[2023-08-23T00:30:46.015+0000] {logging_mixin.py:150} INFO - [2023-08-23T00:30:46.015+0000] {dagbag.py:541} INFO - Filling up the DagBag from /opt/airflow/dags/dags_bash_select_dog.py
[2023-08-23T00:30:46.044+0000] {processor.py:836} INFO - DAG(s) dict_keys(['dags_bash_select_dog']) retrieved from /opt/airflow/dags/dags_bash_select_dog.py
[2023-08-23T00:30:46.064+0000] {logging_mixin.py:150} INFO - [2023-08-23T00:30:46.063+0000] {dag.py:2742} INFO - Sync 1 DAGs
[2023-08-23T00:30:46.090+0000] {logging_mixin.py:150} INFO - [2023-08-23T00:30:46.090+0000] {dag.py:3508} INFO - Setting next_dagrun for dags_bash_select_dog to 2023-08-05T00:10:00+00:00, run_after=2023-09-02T00:10:00+00:00
[2023-08-23T00:30:46.127+0000] {processor.py:179} INFO - Processing /opt/airflow/dags/dags_bash_select_dog.py took 0.117 seconds
[2023-08-23T00:31:16.449+0000] {processor.py:157} INFO - Started process (PID=1535) to work on /opt/airflow/dags/dags_bash_select_dog.py
[2023-08-23T00:31:16.450+0000] {processor.py:826} INFO - Processing file /opt/airflow/dags/dags_bash_select_dog.py for tasks to queue
[2023-08-23T00:31:16.451+0000] {logging_mixin.py:150} INFO - [2023-08-23T00:31:16.451+0000] {dagbag.py:541} INFO - Filling up the DagBag from /opt/airflow/dags/dags_bash_select_dog.py
[2023-08-23T00:31:16.478+0000] {processor.py:836} INFO - DAG(s) dict_keys(['dags_bash_select_dog']) retrieved from /opt/airflow/dags/dags_bash_select_dog.py
[2023-08-23T00:31:16.499+0000] {logging_mixin.py:150} INFO - [2023-08-23T00:31:16.499+0000] {dag.py:2742} INFO - Sync 1 DAGs
[2023-08-23T00:31:16.526+0000] {logging_mixin.py:150} INFO - [2023-08-23T00:31:16.526+0000] {dag.py:3508} INFO - Setting next_dagrun for dags_bash_select_dog to 2023-08-05T00:10:00+00:00, run_after=2023-09-02T00:10:00+00:00
[2023-08-23T00:31:16.563+0000] {processor.py:179} INFO - Processing /opt/airflow/dags/dags_bash_select_dog.py took 0.117 seconds
[2023-08-23T00:31:46.837+0000] {processor.py:157} INFO - Started process (PID=1610) to work on /opt/airflow/dags/dags_bash_select_dog.py
[2023-08-23T00:31:46.838+0000] {processor.py:826} INFO - Processing file /opt/airflow/dags/dags_bash_select_dog.py for tasks to queue
[2023-08-23T00:31:46.839+0000] {logging_mixin.py:150} INFO - [2023-08-23T00:31:46.839+0000] {dagbag.py:541} INFO - Filling up the DagBag from /opt/airflow/dags/dags_bash_select_dog.py
[2023-08-23T00:31:46.868+0000] {processor.py:836} INFO - DAG(s) dict_keys(['dags_bash_select_dog']) retrieved from /opt/airflow/dags/dags_bash_select_dog.py
[2023-08-23T00:31:46.895+0000] {logging_mixin.py:150} INFO - [2023-08-23T00:31:46.895+0000] {dag.py:2742} INFO - Sync 1 DAGs
[2023-08-23T00:31:46.934+0000] {logging_mixin.py:150} INFO - [2023-08-23T00:31:46.934+0000] {dag.py:3508} INFO - Setting next_dagrun for dags_bash_select_dog to 2023-08-05T00:10:00+00:00, run_after=2023-09-02T00:10:00+00:00
[2023-08-23T00:31:46.977+0000] {processor.py:179} INFO - Processing /opt/airflow/dags/dags_bash_select_dog.py took 0.143 seconds
[2023-08-23T00:32:17.686+0000] {processor.py:157} INFO - Started process (PID=1685) to work on /opt/airflow/dags/dags_bash_select_dog.py
[2023-08-23T00:32:17.687+0000] {processor.py:826} INFO - Processing file /opt/airflow/dags/dags_bash_select_dog.py for tasks to queue
[2023-08-23T00:32:17.688+0000] {logging_mixin.py:150} INFO - [2023-08-23T00:32:17.688+0000] {dagbag.py:541} INFO - Filling up the DagBag from /opt/airflow/dags/dags_bash_select_dog.py
[2023-08-23T00:32:17.712+0000] {processor.py:836} INFO - DAG(s) dict_keys(['dags_bash_select_dog']) retrieved from /opt/airflow/dags/dags_bash_select_dog.py
[2023-08-23T00:32:17.734+0000] {logging_mixin.py:150} INFO - [2023-08-23T00:32:17.733+0000] {dag.py:2742} INFO - Sync 1 DAGs
[2023-08-23T00:32:17.763+0000] {logging_mixin.py:150} INFO - [2023-08-23T00:32:17.763+0000] {dag.py:3508} INFO - Setting next_dagrun for dags_bash_select_dog to 2023-08-05T00:10:00+00:00, run_after=2023-09-02T00:10:00+00:00
[2023-08-23T00:32:17.800+0000] {processor.py:179} INFO - Processing /opt/airflow/dags/dags_bash_select_dog.py took 0.117 seconds
[2023-08-23T00:32:48.231+0000] {processor.py:157} INFO - Started process (PID=1760) to work on /opt/airflow/dags/dags_bash_select_dog.py
[2023-08-23T00:32:48.232+0000] {processor.py:826} INFO - Processing file /opt/airflow/dags/dags_bash_select_dog.py for tasks to queue
[2023-08-23T00:32:48.233+0000] {logging_mixin.py:150} INFO - [2023-08-23T00:32:48.232+0000] {dagbag.py:541} INFO - Filling up the DagBag from /opt/airflow/dags/dags_bash_select_dog.py
[2023-08-23T00:32:48.260+0000] {processor.py:836} INFO - DAG(s) dict_keys(['dags_bash_select_dog']) retrieved from /opt/airflow/dags/dags_bash_select_dog.py
[2023-08-23T00:32:48.280+0000] {logging_mixin.py:150} INFO - [2023-08-23T00:32:48.280+0000] {dag.py:2742} INFO - Sync 1 DAGs
[2023-08-23T00:32:48.306+0000] {logging_mixin.py:150} INFO - [2023-08-23T00:32:48.306+0000] {dag.py:3508} INFO - Setting next_dagrun for dags_bash_select_dog to 2023-08-05T00:10:00+00:00, run_after=2023-09-02T00:10:00+00:00
[2023-08-23T00:32:48.345+0000] {processor.py:179} INFO - Processing /opt/airflow/dags/dags_bash_select_dog.py took 0.118 seconds
[2023-08-23T00:33:18.679+0000] {processor.py:157} INFO - Started process (PID=1835) to work on /opt/airflow/dags/dags_bash_select_dog.py
[2023-08-23T00:33:18.680+0000] {processor.py:826} INFO - Processing file /opt/airflow/dags/dags_bash_select_dog.py for tasks to queue
[2023-08-23T00:33:18.681+0000] {logging_mixin.py:150} INFO - [2023-08-23T00:33:18.680+0000] {dagbag.py:541} INFO - Filling up the DagBag from /opt/airflow/dags/dags_bash_select_dog.py
[2023-08-23T00:33:18.708+0000] {processor.py:836} INFO - DAG(s) dict_keys(['dags_bash_select_dog']) retrieved from /opt/airflow/dags/dags_bash_select_dog.py
[2023-08-23T00:33:18.728+0000] {logging_mixin.py:150} INFO - [2023-08-23T00:33:18.727+0000] {dag.py:2742} INFO - Sync 1 DAGs
[2023-08-23T00:33:18.756+0000] {logging_mixin.py:150} INFO - [2023-08-23T00:33:18.756+0000] {dag.py:3508} INFO - Setting next_dagrun for dags_bash_select_dog to 2023-08-05T00:10:00+00:00, run_after=2023-09-02T00:10:00+00:00
[2023-08-23T00:33:18.793+0000] {processor.py:179} INFO - Processing /opt/airflow/dags/dags_bash_select_dog.py took 0.117 seconds
[2023-08-23T00:33:49.170+0000] {processor.py:157} INFO - Started process (PID=1910) to work on /opt/airflow/dags/dags_bash_select_dog.py
[2023-08-23T00:33:49.171+0000] {processor.py:826} INFO - Processing file /opt/airflow/dags/dags_bash_select_dog.py for tasks to queue
[2023-08-23T00:33:49.172+0000] {logging_mixin.py:150} INFO - [2023-08-23T00:33:49.172+0000] {dagbag.py:541} INFO - Filling up the DagBag from /opt/airflow/dags/dags_bash_select_dog.py
[2023-08-23T00:33:49.201+0000] {processor.py:836} INFO - DAG(s) dict_keys(['dags_bash_select_dog']) retrieved from /opt/airflow/dags/dags_bash_select_dog.py
[2023-08-23T00:33:49.224+0000] {logging_mixin.py:150} INFO - [2023-08-23T00:33:49.223+0000] {dag.py:2742} INFO - Sync 1 DAGs
[2023-08-23T00:33:49.263+0000] {logging_mixin.py:150} INFO - [2023-08-23T00:33:49.263+0000] {dag.py:3508} INFO - Setting next_dagrun for dags_bash_select_dog to 2023-08-05T00:10:00+00:00, run_after=2023-09-02T00:10:00+00:00
[2023-08-23T00:33:49.313+0000] {processor.py:179} INFO - Processing /opt/airflow/dags/dags_bash_select_dog.py took 0.146 seconds
[2023-08-23T00:34:19.548+0000] {processor.py:157} INFO - Started process (PID=1985) to work on /opt/airflow/dags/dags_bash_select_dog.py
[2023-08-23T00:34:19.549+0000] {processor.py:826} INFO - Processing file /opt/airflow/dags/dags_bash_select_dog.py for tasks to queue
[2023-08-23T00:34:19.550+0000] {logging_mixin.py:150} INFO - [2023-08-23T00:34:19.550+0000] {dagbag.py:541} INFO - Filling up the DagBag from /opt/airflow/dags/dags_bash_select_dog.py
[2023-08-23T00:34:19.582+0000] {processor.py:836} INFO - DAG(s) dict_keys(['dags_bash_select_dog']) retrieved from /opt/airflow/dags/dags_bash_select_dog.py
[2023-08-23T00:34:19.603+0000] {logging_mixin.py:150} INFO - [2023-08-23T00:34:19.603+0000] {dag.py:2742} INFO - Sync 1 DAGs
[2023-08-23T00:34:19.631+0000] {logging_mixin.py:150} INFO - [2023-08-23T00:34:19.631+0000] {dag.py:3508} INFO - Setting next_dagrun for dags_bash_select_dog to 2023-08-05T00:10:00+00:00, run_after=2023-09-02T00:10:00+00:00
[2023-08-23T00:34:19.686+0000] {processor.py:179} INFO - Processing /opt/airflow/dags/dags_bash_select_dog.py took 0.142 seconds
[2023-08-23T00:34:50.077+0000] {processor.py:157} INFO - Started process (PID=2060) to work on /opt/airflow/dags/dags_bash_select_dog.py
[2023-08-23T00:34:50.078+0000] {processor.py:826} INFO - Processing file /opt/airflow/dags/dags_bash_select_dog.py for tasks to queue
[2023-08-23T00:34:50.079+0000] {logging_mixin.py:150} INFO - [2023-08-23T00:34:50.078+0000] {dagbag.py:541} INFO - Filling up the DagBag from /opt/airflow/dags/dags_bash_select_dog.py
[2023-08-23T00:34:50.110+0000] {processor.py:836} INFO - DAG(s) dict_keys(['dags_bash_select_dog']) retrieved from /opt/airflow/dags/dags_bash_select_dog.py
[2023-08-23T00:34:50.131+0000] {logging_mixin.py:150} INFO - [2023-08-23T00:34:50.131+0000] {dag.py:2742} INFO - Sync 1 DAGs
[2023-08-23T00:34:50.158+0000] {logging_mixin.py:150} INFO - [2023-08-23T00:34:50.158+0000] {dag.py:3508} INFO - Setting next_dagrun for dags_bash_select_dog to 2023-08-05T00:10:00+00:00, run_after=2023-09-02T00:10:00+00:00
[2023-08-23T00:34:50.194+0000] {processor.py:179} INFO - Processing /opt/airflow/dags/dags_bash_select_dog.py took 0.121 seconds
[2023-08-23T00:35:20.499+0000] {processor.py:157} INFO - Started process (PID=2135) to work on /opt/airflow/dags/dags_bash_select_dog.py
[2023-08-23T00:35:20.500+0000] {processor.py:826} INFO - Processing file /opt/airflow/dags/dags_bash_select_dog.py for tasks to queue
[2023-08-23T00:35:20.501+0000] {logging_mixin.py:150} INFO - [2023-08-23T00:35:20.500+0000] {dagbag.py:541} INFO - Filling up the DagBag from /opt/airflow/dags/dags_bash_select_dog.py
[2023-08-23T00:35:20.526+0000] {processor.py:836} INFO - DAG(s) dict_keys(['dags_bash_select_dog']) retrieved from /opt/airflow/dags/dags_bash_select_dog.py
[2023-08-23T00:35:20.548+0000] {logging_mixin.py:150} INFO - [2023-08-23T00:35:20.547+0000] {dag.py:2742} INFO - Sync 1 DAGs
[2023-08-23T00:35:20.576+0000] {logging_mixin.py:150} INFO - [2023-08-23T00:35:20.576+0000] {dag.py:3508} INFO - Setting next_dagrun for dags_bash_select_dog to 2023-08-05T00:10:00+00:00, run_after=2023-09-02T00:10:00+00:00
[2023-08-23T00:35:20.619+0000] {processor.py:179} INFO - Processing /opt/airflow/dags/dags_bash_select_dog.py took 0.123 seconds
[2023-08-23T00:35:51.127+0000] {processor.py:157} INFO - Started process (PID=2210) to work on /opt/airflow/dags/dags_bash_select_dog.py
[2023-08-23T00:35:51.128+0000] {processor.py:826} INFO - Processing file /opt/airflow/dags/dags_bash_select_dog.py for tasks to queue
[2023-08-23T00:35:51.130+0000] {logging_mixin.py:150} INFO - [2023-08-23T00:35:51.129+0000] {dagbag.py:541} INFO - Filling up the DagBag from /opt/airflow/dags/dags_bash_select_dog.py
[2023-08-23T00:35:51.166+0000] {processor.py:836} INFO - DAG(s) dict_keys(['dags_bash_select_dog']) retrieved from /opt/airflow/dags/dags_bash_select_dog.py
[2023-08-23T00:35:51.200+0000] {logging_mixin.py:150} INFO - [2023-08-23T00:35:51.199+0000] {dag.py:2742} INFO - Sync 1 DAGs
[2023-08-23T00:35:51.241+0000] {logging_mixin.py:150} INFO - [2023-08-23T00:35:51.241+0000] {dag.py:3508} INFO - Setting next_dagrun for dags_bash_select_dog to 2023-08-05T00:10:00+00:00, run_after=2023-09-02T00:10:00+00:00
[2023-08-23T00:35:51.299+0000] {processor.py:179} INFO - Processing /opt/airflow/dags/dags_bash_select_dog.py took 0.176 seconds
[2023-08-23T00:36:21.600+0000] {processor.py:157} INFO - Started process (PID=2285) to work on /opt/airflow/dags/dags_bash_select_dog.py
[2023-08-23T00:36:21.601+0000] {processor.py:826} INFO - Processing file /opt/airflow/dags/dags_bash_select_dog.py for tasks to queue
[2023-08-23T00:36:21.602+0000] {logging_mixin.py:150} INFO - [2023-08-23T00:36:21.602+0000] {dagbag.py:541} INFO - Filling up the DagBag from /opt/airflow/dags/dags_bash_select_dog.py
[2023-08-23T00:36:21.627+0000] {processor.py:836} INFO - DAG(s) dict_keys(['dags_bash_select_dog']) retrieved from /opt/airflow/dags/dags_bash_select_dog.py
[2023-08-23T00:36:21.646+0000] {logging_mixin.py:150} INFO - [2023-08-23T00:36:21.646+0000] {dag.py:2742} INFO - Sync 1 DAGs
[2023-08-23T00:36:21.673+0000] {logging_mixin.py:150} INFO - [2023-08-23T00:36:21.673+0000] {dag.py:3508} INFO - Setting next_dagrun for dags_bash_select_dog to 2023-08-05T00:10:00+00:00, run_after=2023-09-02T00:10:00+00:00
[2023-08-23T00:36:21.727+0000] {processor.py:179} INFO - Processing /opt/airflow/dags/dags_bash_select_dog.py took 0.130 seconds
[2023-08-23T00:36:51.769+0000] {processor.py:157} INFO - Started process (PID=2360) to work on /opt/airflow/dags/dags_bash_select_dog.py
[2023-08-23T00:36:51.770+0000] {processor.py:826} INFO - Processing file /opt/airflow/dags/dags_bash_select_dog.py for tasks to queue
[2023-08-23T00:36:51.771+0000] {logging_mixin.py:150} INFO - [2023-08-23T00:36:51.770+0000] {dagbag.py:541} INFO - Filling up the DagBag from /opt/airflow/dags/dags_bash_select_dog.py
[2023-08-23T00:36:51.794+0000] {processor.py:836} INFO - DAG(s) dict_keys(['dags_bash_select_dog']) retrieved from /opt/airflow/dags/dags_bash_select_dog.py
[2023-08-23T00:36:51.815+0000] {logging_mixin.py:150} INFO - [2023-08-23T00:36:51.815+0000] {dag.py:2742} INFO - Sync 1 DAGs
[2023-08-23T00:36:51.854+0000] {logging_mixin.py:150} INFO - [2023-08-23T00:36:51.854+0000] {dag.py:3508} INFO - Setting next_dagrun for dags_bash_select_dog to 2023-08-05T00:10:00+00:00, run_after=2023-09-02T00:10:00+00:00
[2023-08-23T00:36:51.899+0000] {processor.py:179} INFO - Processing /opt/airflow/dags/dags_bash_select_dog.py took 0.133 seconds
[2023-08-23T00:37:22.156+0000] {processor.py:157} INFO - Started process (PID=2435) to work on /opt/airflow/dags/dags_bash_select_dog.py
[2023-08-23T00:37:22.157+0000] {processor.py:826} INFO - Processing file /opt/airflow/dags/dags_bash_select_dog.py for tasks to queue
[2023-08-23T00:37:22.159+0000] {logging_mixin.py:150} INFO - [2023-08-23T00:37:22.158+0000] {dagbag.py:541} INFO - Filling up the DagBag from /opt/airflow/dags/dags_bash_select_dog.py
[2023-08-23T00:37:22.183+0000] {processor.py:836} INFO - DAG(s) dict_keys(['dags_bash_select_dog']) retrieved from /opt/airflow/dags/dags_bash_select_dog.py
[2023-08-23T00:37:22.207+0000] {logging_mixin.py:150} INFO - [2023-08-23T00:37:22.207+0000] {dag.py:2742} INFO - Sync 1 DAGs
[2023-08-23T00:37:22.247+0000] {logging_mixin.py:150} INFO - [2023-08-23T00:37:22.247+0000] {dag.py:3508} INFO - Setting next_dagrun for dags_bash_select_dog to 2023-08-05T00:10:00+00:00, run_after=2023-09-02T00:10:00+00:00
[2023-08-23T00:37:22.301+0000] {processor.py:179} INFO - Processing /opt/airflow/dags/dags_bash_select_dog.py took 0.148 seconds
[2023-08-23T00:37:52.751+0000] {processor.py:157} INFO - Started process (PID=2510) to work on /opt/airflow/dags/dags_bash_select_dog.py
[2023-08-23T00:37:52.752+0000] {processor.py:826} INFO - Processing file /opt/airflow/dags/dags_bash_select_dog.py for tasks to queue
[2023-08-23T00:37:52.753+0000] {logging_mixin.py:150} INFO - [2023-08-23T00:37:52.753+0000] {dagbag.py:541} INFO - Filling up the DagBag from /opt/airflow/dags/dags_bash_select_dog.py
[2023-08-23T00:37:52.783+0000] {processor.py:836} INFO - DAG(s) dict_keys(['dags_bash_select_dog']) retrieved from /opt/airflow/dags/dags_bash_select_dog.py
[2023-08-23T00:37:52.812+0000] {logging_mixin.py:150} INFO - [2023-08-23T00:37:52.812+0000] {dag.py:2742} INFO - Sync 1 DAGs
[2023-08-23T00:37:52.853+0000] {logging_mixin.py:150} INFO - [2023-08-23T00:37:52.852+0000] {dag.py:3508} INFO - Setting next_dagrun for dags_bash_select_dog to 2023-08-05T00:10:00+00:00, run_after=2023-09-02T00:10:00+00:00
[2023-08-23T00:37:52.898+0000] {processor.py:179} INFO - Processing /opt/airflow/dags/dags_bash_select_dog.py took 0.151 seconds
[2023-08-23T00:38:23.321+0000] {processor.py:157} INFO - Started process (PID=2585) to work on /opt/airflow/dags/dags_bash_select_dog.py
[2023-08-23T00:38:23.322+0000] {processor.py:826} INFO - Processing file /opt/airflow/dags/dags_bash_select_dog.py for tasks to queue
[2023-08-23T00:38:23.323+0000] {logging_mixin.py:150} INFO - [2023-08-23T00:38:23.323+0000] {dagbag.py:541} INFO - Filling up the DagBag from /opt/airflow/dags/dags_bash_select_dog.py
[2023-08-23T00:38:23.350+0000] {processor.py:836} INFO - DAG(s) dict_keys(['dags_bash_select_dog']) retrieved from /opt/airflow/dags/dags_bash_select_dog.py
[2023-08-23T00:38:23.371+0000] {logging_mixin.py:150} INFO - [2023-08-23T00:38:23.371+0000] {dag.py:2742} INFO - Sync 1 DAGs
[2023-08-23T00:38:23.398+0000] {logging_mixin.py:150} INFO - [2023-08-23T00:38:23.398+0000] {dag.py:3508} INFO - Setting next_dagrun for dags_bash_select_dog to 2023-08-05T00:10:00+00:00, run_after=2023-09-02T00:10:00+00:00
[2023-08-23T00:38:23.435+0000] {processor.py:179} INFO - Processing /opt/airflow/dags/dags_bash_select_dog.py took 0.116 seconds
[2023-08-23T00:38:53.728+0000] {processor.py:157} INFO - Started process (PID=2660) to work on /opt/airflow/dags/dags_bash_select_dog.py
[2023-08-23T00:38:53.729+0000] {processor.py:826} INFO - Processing file /opt/airflow/dags/dags_bash_select_dog.py for tasks to queue
[2023-08-23T00:38:53.729+0000] {logging_mixin.py:150} INFO - [2023-08-23T00:38:53.729+0000] {dagbag.py:541} INFO - Filling up the DagBag from /opt/airflow/dags/dags_bash_select_dog.py
[2023-08-23T00:38:53.754+0000] {processor.py:836} INFO - DAG(s) dict_keys(['dags_bash_select_dog']) retrieved from /opt/airflow/dags/dags_bash_select_dog.py
[2023-08-23T00:38:53.774+0000] {logging_mixin.py:150} INFO - [2023-08-23T00:38:53.774+0000] {dag.py:2742} INFO - Sync 1 DAGs
[2023-08-23T00:38:53.801+0000] {logging_mixin.py:150} INFO - [2023-08-23T00:38:53.801+0000] {dag.py:3508} INFO - Setting next_dagrun for dags_bash_select_dog to 2023-08-05T00:10:00+00:00, run_after=2023-09-02T00:10:00+00:00
[2023-08-23T00:38:53.866+0000] {processor.py:179} INFO - Processing /opt/airflow/dags/dags_bash_select_dog.py took 0.141 seconds
[2023-08-23T00:39:24.350+0000] {processor.py:157} INFO - Started process (PID=2735) to work on /opt/airflow/dags/dags_bash_select_dog.py
[2023-08-23T00:39:24.351+0000] {processor.py:826} INFO - Processing file /opt/airflow/dags/dags_bash_select_dog.py for tasks to queue
[2023-08-23T00:39:24.352+0000] {logging_mixin.py:150} INFO - [2023-08-23T00:39:24.352+0000] {dagbag.py:541} INFO - Filling up the DagBag from /opt/airflow/dags/dags_bash_select_dog.py
[2023-08-23T00:39:24.380+0000] {processor.py:836} INFO - DAG(s) dict_keys(['dags_bash_select_dog']) retrieved from /opt/airflow/dags/dags_bash_select_dog.py
[2023-08-23T00:39:24.405+0000] {logging_mixin.py:150} INFO - [2023-08-23T00:39:24.405+0000] {dag.py:2742} INFO - Sync 1 DAGs
[2023-08-23T00:39:24.433+0000] {logging_mixin.py:150} INFO - [2023-08-23T00:39:24.433+0000] {dag.py:3508} INFO - Setting next_dagrun for dags_bash_select_dog to 2023-08-05T00:10:00+00:00, run_after=2023-09-02T00:10:00+00:00
[2023-08-23T00:39:24.473+0000] {processor.py:179} INFO - Processing /opt/airflow/dags/dags_bash_select_dog.py took 0.126 seconds
[2023-08-23T00:39:54.870+0000] {processor.py:157} INFO - Started process (PID=2810) to work on /opt/airflow/dags/dags_bash_select_dog.py
[2023-08-23T00:39:54.871+0000] {processor.py:826} INFO - Processing file /opt/airflow/dags/dags_bash_select_dog.py for tasks to queue
[2023-08-23T00:39:54.872+0000] {logging_mixin.py:150} INFO - [2023-08-23T00:39:54.872+0000] {dagbag.py:541} INFO - Filling up the DagBag from /opt/airflow/dags/dags_bash_select_dog.py
[2023-08-23T00:39:54.894+0000] {processor.py:836} INFO - DAG(s) dict_keys(['dags_bash_select_dog']) retrieved from /opt/airflow/dags/dags_bash_select_dog.py
[2023-08-23T00:39:54.914+0000] {logging_mixin.py:150} INFO - [2023-08-23T00:39:54.914+0000] {dag.py:2742} INFO - Sync 1 DAGs
[2023-08-23T00:39:54.940+0000] {logging_mixin.py:150} INFO - [2023-08-23T00:39:54.940+0000] {dag.py:3508} INFO - Setting next_dagrun for dags_bash_select_dog to 2023-08-05T00:10:00+00:00, run_after=2023-09-02T00:10:00+00:00
[2023-08-23T00:39:54.979+0000] {processor.py:179} INFO - Processing /opt/airflow/dags/dags_bash_select_dog.py took 0.112 seconds
[2023-08-23T00:40:25.496+0000] {processor.py:157} INFO - Started process (PID=2886) to work on /opt/airflow/dags/dags_bash_select_dog.py
[2023-08-23T00:40:25.497+0000] {processor.py:826} INFO - Processing file /opt/airflow/dags/dags_bash_select_dog.py for tasks to queue
[2023-08-23T00:40:25.498+0000] {logging_mixin.py:150} INFO - [2023-08-23T00:40:25.498+0000] {dagbag.py:541} INFO - Filling up the DagBag from /opt/airflow/dags/dags_bash_select_dog.py
[2023-08-23T00:40:25.524+0000] {processor.py:836} INFO - DAG(s) dict_keys(['dags_bash_select_dog']) retrieved from /opt/airflow/dags/dags_bash_select_dog.py
[2023-08-23T00:40:25.545+0000] {logging_mixin.py:150} INFO - [2023-08-23T00:40:25.545+0000] {dag.py:2742} INFO - Sync 1 DAGs
[2023-08-23T00:40:25.571+0000] {logging_mixin.py:150} INFO - [2023-08-23T00:40:25.570+0000] {dag.py:3508} INFO - Setting next_dagrun for dags_bash_select_dog to 2023-08-05T00:10:00+00:00, run_after=2023-09-02T00:10:00+00:00
[2023-08-23T00:40:25.614+0000] {processor.py:179} INFO - Processing /opt/airflow/dags/dags_bash_select_dog.py took 0.121 seconds
[2023-08-23T00:40:55.994+0000] {processor.py:157} INFO - Started process (PID=2961) to work on /opt/airflow/dags/dags_bash_select_dog.py
[2023-08-23T00:40:55.995+0000] {processor.py:826} INFO - Processing file /opt/airflow/dags/dags_bash_select_dog.py for tasks to queue
[2023-08-23T00:40:55.996+0000] {logging_mixin.py:150} INFO - [2023-08-23T00:40:55.996+0000] {dagbag.py:541} INFO - Filling up the DagBag from /opt/airflow/dags/dags_bash_select_dog.py
[2023-08-23T00:40:56.027+0000] {processor.py:836} INFO - DAG(s) dict_keys(['dags_bash_select_dog']) retrieved from /opt/airflow/dags/dags_bash_select_dog.py
[2023-08-23T00:40:56.052+0000] {logging_mixin.py:150} INFO - [2023-08-23T00:40:56.051+0000] {dag.py:2742} INFO - Sync 1 DAGs
[2023-08-23T00:40:56.083+0000] {logging_mixin.py:150} INFO - [2023-08-23T00:40:56.082+0000] {dag.py:3508} INFO - Setting next_dagrun for dags_bash_select_dog to 2023-08-05T00:10:00+00:00, run_after=2023-09-02T00:10:00+00:00
[2023-08-23T00:40:56.120+0000] {processor.py:179} INFO - Processing /opt/airflow/dags/dags_bash_select_dog.py took 0.129 seconds
[2023-08-23T00:41:26.694+0000] {processor.py:157} INFO - Started process (PID=3037) to work on /opt/airflow/dags/dags_bash_select_dog.py
[2023-08-23T00:41:26.695+0000] {processor.py:826} INFO - Processing file /opt/airflow/dags/dags_bash_select_dog.py for tasks to queue
[2023-08-23T00:41:26.696+0000] {logging_mixin.py:150} INFO - [2023-08-23T00:41:26.696+0000] {dagbag.py:541} INFO - Filling up the DagBag from /opt/airflow/dags/dags_bash_select_dog.py
[2023-08-23T00:41:26.723+0000] {processor.py:836} INFO - DAG(s) dict_keys(['dags_bash_select_dog']) retrieved from /opt/airflow/dags/dags_bash_select_dog.py
[2023-08-23T00:41:26.743+0000] {logging_mixin.py:150} INFO - [2023-08-23T00:41:26.743+0000] {dag.py:2742} INFO - Sync 1 DAGs
[2023-08-23T00:41:26.770+0000] {logging_mixin.py:150} INFO - [2023-08-23T00:41:26.770+0000] {dag.py:3508} INFO - Setting next_dagrun for dags_bash_select_dog to 2023-08-05T00:10:00+00:00, run_after=2023-09-02T00:10:00+00:00
[2023-08-23T00:41:26.806+0000] {processor.py:179} INFO - Processing /opt/airflow/dags/dags_bash_select_dog.py took 0.114 seconds
[2023-08-23T00:41:57.274+0000] {processor.py:157} INFO - Started process (PID=3112) to work on /opt/airflow/dags/dags_bash_select_dog.py
[2023-08-23T00:41:57.275+0000] {processor.py:826} INFO - Processing file /opt/airflow/dags/dags_bash_select_dog.py for tasks to queue
[2023-08-23T00:41:57.275+0000] {logging_mixin.py:150} INFO - [2023-08-23T00:41:57.275+0000] {dagbag.py:541} INFO - Filling up the DagBag from /opt/airflow/dags/dags_bash_select_dog.py
[2023-08-23T00:41:57.300+0000] {processor.py:836} INFO - DAG(s) dict_keys(['dags_bash_select_dog']) retrieved from /opt/airflow/dags/dags_bash_select_dog.py
[2023-08-23T00:41:57.321+0000] {logging_mixin.py:150} INFO - [2023-08-23T00:41:57.321+0000] {dag.py:2742} INFO - Sync 1 DAGs
[2023-08-23T00:41:57.348+0000] {logging_mixin.py:150} INFO - [2023-08-23T00:41:57.347+0000] {dag.py:3508} INFO - Setting next_dagrun for dags_bash_select_dog to 2023-08-05T00:10:00+00:00, run_after=2023-09-02T00:10:00+00:00
[2023-08-23T00:41:57.384+0000] {processor.py:179} INFO - Processing /opt/airflow/dags/dags_bash_select_dog.py took 0.113 seconds
[2023-08-23T00:42:27.918+0000] {processor.py:157} INFO - Started process (PID=3187) to work on /opt/airflow/dags/dags_bash_select_dog.py
[2023-08-23T00:42:27.919+0000] {processor.py:826} INFO - Processing file /opt/airflow/dags/dags_bash_select_dog.py for tasks to queue
[2023-08-23T00:42:27.920+0000] {logging_mixin.py:150} INFO - [2023-08-23T00:42:27.920+0000] {dagbag.py:541} INFO - Filling up the DagBag from /opt/airflow/dags/dags_bash_select_dog.py
[2023-08-23T00:42:27.947+0000] {processor.py:836} INFO - DAG(s) dict_keys(['dags_bash_select_dog']) retrieved from /opt/airflow/dags/dags_bash_select_dog.py
[2023-08-23T00:42:27.969+0000] {logging_mixin.py:150} INFO - [2023-08-23T00:42:27.969+0000] {dag.py:2742} INFO - Sync 1 DAGs
[2023-08-23T00:42:27.995+0000] {logging_mixin.py:150} INFO - [2023-08-23T00:42:27.995+0000] {dag.py:3508} INFO - Setting next_dagrun for dags_bash_select_dog to 2023-08-05T00:10:00+00:00, run_after=2023-09-02T00:10:00+00:00
[2023-08-23T00:42:28.036+0000] {processor.py:179} INFO - Processing /opt/airflow/dags/dags_bash_select_dog.py took 0.120 seconds
[2023-08-23T00:42:58.454+0000] {processor.py:157} INFO - Started process (PID=3262) to work on /opt/airflow/dags/dags_bash_select_dog.py
[2023-08-23T00:42:58.455+0000] {processor.py:826} INFO - Processing file /opt/airflow/dags/dags_bash_select_dog.py for tasks to queue
[2023-08-23T00:42:58.456+0000] {logging_mixin.py:150} INFO - [2023-08-23T00:42:58.456+0000] {dagbag.py:541} INFO - Filling up the DagBag from /opt/airflow/dags/dags_bash_select_dog.py
[2023-08-23T00:42:58.488+0000] {processor.py:836} INFO - DAG(s) dict_keys(['dags_bash_select_dog']) retrieved from /opt/airflow/dags/dags_bash_select_dog.py
[2023-08-23T00:42:58.516+0000] {logging_mixin.py:150} INFO - [2023-08-23T00:42:58.516+0000] {dag.py:2742} INFO - Sync 1 DAGs
[2023-08-23T00:42:58.552+0000] {logging_mixin.py:150} INFO - [2023-08-23T00:42:58.552+0000] {dag.py:3508} INFO - Setting next_dagrun for dags_bash_select_dog to 2023-08-05T00:10:00+00:00, run_after=2023-09-02T00:10:00+00:00
[2023-08-23T00:42:58.595+0000] {processor.py:179} INFO - Processing /opt/airflow/dags/dags_bash_select_dog.py took 0.143 seconds
[2023-08-23T00:43:29.339+0000] {processor.py:157} INFO - Started process (PID=3337) to work on /opt/airflow/dags/dags_bash_select_dog.py
[2023-08-23T00:43:29.340+0000] {processor.py:826} INFO - Processing file /opt/airflow/dags/dags_bash_select_dog.py for tasks to queue
[2023-08-23T00:43:29.341+0000] {logging_mixin.py:150} INFO - [2023-08-23T00:43:29.341+0000] {dagbag.py:541} INFO - Filling up the DagBag from /opt/airflow/dags/dags_bash_select_dog.py
[2023-08-23T00:43:29.367+0000] {processor.py:836} INFO - DAG(s) dict_keys(['dags_bash_select_dog']) retrieved from /opt/airflow/dags/dags_bash_select_dog.py
[2023-08-23T00:43:29.388+0000] {logging_mixin.py:150} INFO - [2023-08-23T00:43:29.388+0000] {dag.py:2742} INFO - Sync 1 DAGs
[2023-08-23T00:43:29.414+0000] {logging_mixin.py:150} INFO - [2023-08-23T00:43:29.414+0000] {dag.py:3508} INFO - Setting next_dagrun for dags_bash_select_dog to 2023-08-05T00:10:00+00:00, run_after=2023-09-02T00:10:00+00:00
[2023-08-23T00:43:29.451+0000] {processor.py:179} INFO - Processing /opt/airflow/dags/dags_bash_select_dog.py took 0.115 seconds
[2023-08-23T00:43:59.555+0000] {processor.py:157} INFO - Started process (PID=3412) to work on /opt/airflow/dags/dags_bash_select_dog.py
[2023-08-23T00:43:59.556+0000] {processor.py:826} INFO - Processing file /opt/airflow/dags/dags_bash_select_dog.py for tasks to queue
[2023-08-23T00:43:59.558+0000] {logging_mixin.py:150} INFO - [2023-08-23T00:43:59.557+0000] {dagbag.py:541} INFO - Filling up the DagBag from /opt/airflow/dags/dags_bash_select_dog.py
[2023-08-23T00:43:59.583+0000] {processor.py:836} INFO - DAG(s) dict_keys(['dags_bash_select_dog']) retrieved from /opt/airflow/dags/dags_bash_select_dog.py
[2023-08-23T00:43:59.604+0000] {logging_mixin.py:150} INFO - [2023-08-23T00:43:59.604+0000] {dag.py:2742} INFO - Sync 1 DAGs
[2023-08-23T00:43:59.636+0000] {logging_mixin.py:150} INFO - [2023-08-23T00:43:59.636+0000] {dag.py:3508} INFO - Setting next_dagrun for dags_bash_select_dog to 2023-08-05T00:10:00+00:00, run_after=2023-09-02T00:10:00+00:00
[2023-08-23T00:43:59.674+0000] {processor.py:179} INFO - Processing /opt/airflow/dags/dags_bash_select_dog.py took 0.121 seconds
[2023-08-23T00:44:29.944+0000] {processor.py:157} INFO - Started process (PID=3487) to work on /opt/airflow/dags/dags_bash_select_dog.py
[2023-08-23T00:44:29.945+0000] {processor.py:826} INFO - Processing file /opt/airflow/dags/dags_bash_select_dog.py for tasks to queue
[2023-08-23T00:44:29.946+0000] {logging_mixin.py:150} INFO - [2023-08-23T00:44:29.946+0000] {dagbag.py:541} INFO - Filling up the DagBag from /opt/airflow/dags/dags_bash_select_dog.py
[2023-08-23T00:44:29.973+0000] {processor.py:836} INFO - DAG(s) dict_keys(['dags_bash_select_dog']) retrieved from /opt/airflow/dags/dags_bash_select_dog.py
[2023-08-23T00:44:29.992+0000] {logging_mixin.py:150} INFO - [2023-08-23T00:44:29.992+0000] {dag.py:2742} INFO - Sync 1 DAGs
[2023-08-23T00:44:30.018+0000] {logging_mixin.py:150} INFO - [2023-08-23T00:44:30.018+0000] {dag.py:3508} INFO - Setting next_dagrun for dags_bash_select_dog to 2023-08-05T00:10:00+00:00, run_after=2023-09-02T00:10:00+00:00
[2023-08-23T00:44:30.093+0000] {processor.py:179} INFO - Processing /opt/airflow/dags/dags_bash_select_dog.py took 0.153 seconds
[2023-08-23T00:45:00.214+0000] {processor.py:157} INFO - Started process (PID=3562) to work on /opt/airflow/dags/dags_bash_select_dog.py
[2023-08-23T00:45:00.215+0000] {processor.py:826} INFO - Processing file /opt/airflow/dags/dags_bash_select_dog.py for tasks to queue
[2023-08-23T00:45:00.216+0000] {logging_mixin.py:150} INFO - [2023-08-23T00:45:00.216+0000] {dagbag.py:541} INFO - Filling up the DagBag from /opt/airflow/dags/dags_bash_select_dog.py
[2023-08-23T00:45:00.243+0000] {processor.py:836} INFO - DAG(s) dict_keys(['dags_bash_select_dog']) retrieved from /opt/airflow/dags/dags_bash_select_dog.py
[2023-08-23T00:45:00.264+0000] {logging_mixin.py:150} INFO - [2023-08-23T00:45:00.264+0000] {dag.py:2742} INFO - Sync 1 DAGs
[2023-08-23T00:45:00.289+0000] {logging_mixin.py:150} INFO - [2023-08-23T00:45:00.289+0000] {dag.py:3508} INFO - Setting next_dagrun for dags_bash_select_dog to 2023-08-05T00:10:00+00:00, run_after=2023-09-02T00:10:00+00:00
[2023-08-23T00:45:00.333+0000] {processor.py:179} INFO - Processing /opt/airflow/dags/dags_bash_select_dog.py took 0.122 seconds
[2023-08-23T00:45:30.589+0000] {processor.py:157} INFO - Started process (PID=3637) to work on /opt/airflow/dags/dags_bash_select_dog.py
[2023-08-23T00:45:30.590+0000] {processor.py:826} INFO - Processing file /opt/airflow/dags/dags_bash_select_dog.py for tasks to queue
[2023-08-23T00:45:30.592+0000] {logging_mixin.py:150} INFO - [2023-08-23T00:45:30.592+0000] {dagbag.py:541} INFO - Filling up the DagBag from /opt/airflow/dags/dags_bash_select_dog.py
[2023-08-23T00:45:30.620+0000] {processor.py:836} INFO - DAG(s) dict_keys(['dags_bash_select_dog']) retrieved from /opt/airflow/dags/dags_bash_select_dog.py
[2023-08-23T00:45:30.642+0000] {logging_mixin.py:150} INFO - [2023-08-23T00:45:30.642+0000] {dag.py:2742} INFO - Sync 1 DAGs
[2023-08-23T00:45:30.670+0000] {logging_mixin.py:150} INFO - [2023-08-23T00:45:30.669+0000] {dag.py:3508} INFO - Setting next_dagrun for dags_bash_select_dog to 2023-08-05T00:10:00+00:00, run_after=2023-09-02T00:10:00+00:00
[2023-08-23T00:45:30.707+0000] {processor.py:179} INFO - Processing /opt/airflow/dags/dags_bash_select_dog.py took 0.120 seconds
[2023-08-23T00:46:01.183+0000] {processor.py:157} INFO - Started process (PID=3712) to work on /opt/airflow/dags/dags_bash_select_dog.py
[2023-08-23T00:46:01.184+0000] {processor.py:826} INFO - Processing file /opt/airflow/dags/dags_bash_select_dog.py for tasks to queue
[2023-08-23T00:46:01.185+0000] {logging_mixin.py:150} INFO - [2023-08-23T00:46:01.185+0000] {dagbag.py:541} INFO - Filling up the DagBag from /opt/airflow/dags/dags_bash_select_dog.py
[2023-08-23T00:46:01.213+0000] {processor.py:836} INFO - DAG(s) dict_keys(['dags_bash_select_dog']) retrieved from /opt/airflow/dags/dags_bash_select_dog.py
[2023-08-23T00:46:01.234+0000] {logging_mixin.py:150} INFO - [2023-08-23T00:46:01.234+0000] {dag.py:2742} INFO - Sync 1 DAGs
[2023-08-23T00:46:01.262+0000] {logging_mixin.py:150} INFO - [2023-08-23T00:46:01.262+0000] {dag.py:3508} INFO - Setting next_dagrun for dags_bash_select_dog to 2023-08-05T00:10:00+00:00, run_after=2023-09-02T00:10:00+00:00
[2023-08-23T00:46:01.301+0000] {processor.py:179} INFO - Processing /opt/airflow/dags/dags_bash_select_dog.py took 0.121 seconds
[2023-08-23T00:46:31.798+0000] {processor.py:157} INFO - Started process (PID=3787) to work on /opt/airflow/dags/dags_bash_select_dog.py
[2023-08-23T00:46:31.799+0000] {processor.py:826} INFO - Processing file /opt/airflow/dags/dags_bash_select_dog.py for tasks to queue
[2023-08-23T00:46:31.800+0000] {logging_mixin.py:150} INFO - [2023-08-23T00:46:31.799+0000] {dagbag.py:541} INFO - Filling up the DagBag from /opt/airflow/dags/dags_bash_select_dog.py
[2023-08-23T00:46:31.827+0000] {processor.py:836} INFO - DAG(s) dict_keys(['dags_bash_select_dog']) retrieved from /opt/airflow/dags/dags_bash_select_dog.py
[2023-08-23T00:46:31.848+0000] {logging_mixin.py:150} INFO - [2023-08-23T00:46:31.848+0000] {dag.py:2742} INFO - Sync 1 DAGs
[2023-08-23T00:46:31.874+0000] {logging_mixin.py:150} INFO - [2023-08-23T00:46:31.874+0000] {dag.py:3508} INFO - Setting next_dagrun for dags_bash_select_dog to 2023-08-05T00:10:00+00:00, run_after=2023-09-02T00:10:00+00:00
[2023-08-23T00:46:31.912+0000] {processor.py:179} INFO - Processing /opt/airflow/dags/dags_bash_select_dog.py took 0.117 seconds
[2023-08-23T00:47:02.188+0000] {processor.py:157} INFO - Started process (PID=3862) to work on /opt/airflow/dags/dags_bash_select_dog.py
[2023-08-23T00:47:02.189+0000] {processor.py:826} INFO - Processing file /opt/airflow/dags/dags_bash_select_dog.py for tasks to queue
[2023-08-23T00:47:02.190+0000] {logging_mixin.py:150} INFO - [2023-08-23T00:47:02.190+0000] {dagbag.py:541} INFO - Filling up the DagBag from /opt/airflow/dags/dags_bash_select_dog.py
[2023-08-23T00:47:02.217+0000] {processor.py:836} INFO - DAG(s) dict_keys(['dags_bash_select_dog']) retrieved from /opt/airflow/dags/dags_bash_select_dog.py
[2023-08-23T00:47:02.236+0000] {logging_mixin.py:150} INFO - [2023-08-23T00:47:02.236+0000] {dag.py:2742} INFO - Sync 1 DAGs
[2023-08-23T00:47:02.263+0000] {logging_mixin.py:150} INFO - [2023-08-23T00:47:02.263+0000] {dag.py:3508} INFO - Setting next_dagrun for dags_bash_select_dog to 2023-08-05T00:10:00+00:00, run_after=2023-09-02T00:10:00+00:00
[2023-08-23T00:47:02.302+0000] {processor.py:179} INFO - Processing /opt/airflow/dags/dags_bash_select_dog.py took 0.116 seconds
[2023-08-23T00:47:32.745+0000] {processor.py:157} INFO - Started process (PID=3937) to work on /opt/airflow/dags/dags_bash_select_dog.py
[2023-08-23T00:47:32.746+0000] {processor.py:826} INFO - Processing file /opt/airflow/dags/dags_bash_select_dog.py for tasks to queue
[2023-08-23T00:47:32.747+0000] {logging_mixin.py:150} INFO - [2023-08-23T00:47:32.747+0000] {dagbag.py:541} INFO - Filling up the DagBag from /opt/airflow/dags/dags_bash_select_dog.py
[2023-08-23T00:47:32.776+0000] {processor.py:836} INFO - DAG(s) dict_keys(['dags_bash_select_dog']) retrieved from /opt/airflow/dags/dags_bash_select_dog.py
[2023-08-23T00:47:32.797+0000] {logging_mixin.py:150} INFO - [2023-08-23T00:47:32.797+0000] {dag.py:2742} INFO - Sync 1 DAGs
[2023-08-23T00:47:32.824+0000] {logging_mixin.py:150} INFO - [2023-08-23T00:47:32.824+0000] {dag.py:3508} INFO - Setting next_dagrun for dags_bash_select_dog to 2023-08-05T00:10:00+00:00, run_after=2023-09-02T00:10:00+00:00
[2023-08-23T00:47:32.879+0000] {processor.py:179} INFO - Processing /opt/airflow/dags/dags_bash_select_dog.py took 0.137 seconds
[2023-08-23T00:48:03.472+0000] {processor.py:157} INFO - Started process (PID=4012) to work on /opt/airflow/dags/dags_bash_select_dog.py
[2023-08-23T00:48:03.473+0000] {processor.py:826} INFO - Processing file /opt/airflow/dags/dags_bash_select_dog.py for tasks to queue
[2023-08-23T00:48:03.474+0000] {logging_mixin.py:150} INFO - [2023-08-23T00:48:03.473+0000] {dagbag.py:541} INFO - Filling up the DagBag from /opt/airflow/dags/dags_bash_select_dog.py
[2023-08-23T00:48:03.499+0000] {processor.py:836} INFO - DAG(s) dict_keys(['dags_bash_select_dog']) retrieved from /opt/airflow/dags/dags_bash_select_dog.py
[2023-08-23T00:48:03.519+0000] {logging_mixin.py:150} INFO - [2023-08-23T00:48:03.519+0000] {dag.py:2742} INFO - Sync 1 DAGs
[2023-08-23T00:48:03.545+0000] {logging_mixin.py:150} INFO - [2023-08-23T00:48:03.545+0000] {dag.py:3508} INFO - Setting next_dagrun for dags_bash_select_dog to 2023-08-05T00:10:00+00:00, run_after=2023-09-02T00:10:00+00:00
[2023-08-23T00:48:03.581+0000] {processor.py:179} INFO - Processing /opt/airflow/dags/dags_bash_select_dog.py took 0.112 seconds
[2023-08-23T00:48:34.163+0000] {processor.py:157} INFO - Started process (PID=4087) to work on /opt/airflow/dags/dags_bash_select_dog.py
[2023-08-23T00:48:34.164+0000] {processor.py:826} INFO - Processing file /opt/airflow/dags/dags_bash_select_dog.py for tasks to queue
[2023-08-23T00:48:34.165+0000] {logging_mixin.py:150} INFO - [2023-08-23T00:48:34.165+0000] {dagbag.py:541} INFO - Filling up the DagBag from /opt/airflow/dags/dags_bash_select_dog.py
[2023-08-23T00:48:34.193+0000] {processor.py:836} INFO - DAG(s) dict_keys(['dags_bash_select_dog']) retrieved from /opt/airflow/dags/dags_bash_select_dog.py
[2023-08-23T00:48:34.213+0000] {logging_mixin.py:150} INFO - [2023-08-23T00:48:34.213+0000] {dag.py:2742} INFO - Sync 1 DAGs
[2023-08-23T00:48:34.239+0000] {logging_mixin.py:150} INFO - [2023-08-23T00:48:34.239+0000] {dag.py:3508} INFO - Setting next_dagrun for dags_bash_select_dog to 2023-08-05T00:10:00+00:00, run_after=2023-09-02T00:10:00+00:00
[2023-08-23T00:48:34.276+0000] {processor.py:179} INFO - Processing /opt/airflow/dags/dags_bash_select_dog.py took 0.115 seconds
[2023-08-23T00:49:04.638+0000] {processor.py:157} INFO - Started process (PID=4162) to work on /opt/airflow/dags/dags_bash_select_dog.py
[2023-08-23T00:49:04.639+0000] {processor.py:826} INFO - Processing file /opt/airflow/dags/dags_bash_select_dog.py for tasks to queue
[2023-08-23T00:49:04.640+0000] {logging_mixin.py:150} INFO - [2023-08-23T00:49:04.639+0000] {dagbag.py:541} INFO - Filling up the DagBag from /opt/airflow/dags/dags_bash_select_dog.py
[2023-08-23T00:49:04.669+0000] {processor.py:836} INFO - DAG(s) dict_keys(['dags_bash_select_dog']) retrieved from /opt/airflow/dags/dags_bash_select_dog.py
[2023-08-23T00:49:04.689+0000] {logging_mixin.py:150} INFO - [2023-08-23T00:49:04.689+0000] {dag.py:2742} INFO - Sync 1 DAGs
[2023-08-23T00:49:04.715+0000] {logging_mixin.py:150} INFO - [2023-08-23T00:49:04.715+0000] {dag.py:3508} INFO - Setting next_dagrun for dags_bash_select_dog to 2023-08-05T00:10:00+00:00, run_after=2023-09-02T00:10:00+00:00
[2023-08-23T00:49:04.752+0000] {processor.py:179} INFO - Processing /opt/airflow/dags/dags_bash_select_dog.py took 0.117 seconds
[2023-08-23T00:49:35.049+0000] {processor.py:157} INFO - Started process (PID=4237) to work on /opt/airflow/dags/dags_bash_select_dog.py
[2023-08-23T00:49:35.050+0000] {processor.py:826} INFO - Processing file /opt/airflow/dags/dags_bash_select_dog.py for tasks to queue
[2023-08-23T00:49:35.051+0000] {logging_mixin.py:150} INFO - [2023-08-23T00:49:35.051+0000] {dagbag.py:541} INFO - Filling up the DagBag from /opt/airflow/dags/dags_bash_select_dog.py
[2023-08-23T00:49:35.079+0000] {processor.py:836} INFO - DAG(s) dict_keys(['dags_bash_select_dog']) retrieved from /opt/airflow/dags/dags_bash_select_dog.py
[2023-08-23T00:49:35.100+0000] {logging_mixin.py:150} INFO - [2023-08-23T00:49:35.100+0000] {dag.py:2742} INFO - Sync 1 DAGs
[2023-08-23T00:49:35.127+0000] {logging_mixin.py:150} INFO - [2023-08-23T00:49:35.127+0000] {dag.py:3508} INFO - Setting next_dagrun for dags_bash_select_dog to 2023-08-05T00:10:00+00:00, run_after=2023-09-02T00:10:00+00:00
[2023-08-23T00:49:35.167+0000] {processor.py:179} INFO - Processing /opt/airflow/dags/dags_bash_select_dog.py took 0.121 seconds
[2023-08-23T00:50:05.323+0000] {processor.py:157} INFO - Started process (PID=4312) to work on /opt/airflow/dags/dags_bash_select_dog.py
[2023-08-23T00:50:05.325+0000] {processor.py:826} INFO - Processing file /opt/airflow/dags/dags_bash_select_dog.py for tasks to queue
[2023-08-23T00:50:05.326+0000] {logging_mixin.py:150} INFO - [2023-08-23T00:50:05.325+0000] {dagbag.py:541} INFO - Filling up the DagBag from /opt/airflow/dags/dags_bash_select_dog.py
[2023-08-23T00:50:05.351+0000] {processor.py:836} INFO - DAG(s) dict_keys(['dags_bash_select_dog']) retrieved from /opt/airflow/dags/dags_bash_select_dog.py
[2023-08-23T00:50:05.417+0000] {logging_mixin.py:150} INFO - [2023-08-23T00:50:05.417+0000] {dag.py:2742} INFO - Sync 1 DAGs
[2023-08-23T00:50:05.447+0000] {logging_mixin.py:150} INFO - [2023-08-23T00:50:05.447+0000] {dag.py:3508} INFO - Setting next_dagrun for dags_bash_select_dog to 2023-08-05T00:10:00+00:00, run_after=2023-09-02T00:10:00+00:00
[2023-08-23T00:50:05.483+0000] {processor.py:179} INFO - Processing /opt/airflow/dags/dags_bash_select_dog.py took 0.163 seconds
[2023-08-23T00:50:35.729+0000] {processor.py:157} INFO - Started process (PID=4387) to work on /opt/airflow/dags/dags_bash_select_dog.py
[2023-08-23T00:50:35.730+0000] {processor.py:826} INFO - Processing file /opt/airflow/dags/dags_bash_select_dog.py for tasks to queue
[2023-08-23T00:50:35.731+0000] {logging_mixin.py:150} INFO - [2023-08-23T00:50:35.731+0000] {dagbag.py:541} INFO - Filling up the DagBag from /opt/airflow/dags/dags_bash_select_dog.py
[2023-08-23T00:50:35.753+0000] {processor.py:836} INFO - DAG(s) dict_keys(['dags_bash_select_dog']) retrieved from /opt/airflow/dags/dags_bash_select_dog.py
[2023-08-23T00:50:35.772+0000] {logging_mixin.py:150} INFO - [2023-08-23T00:50:35.772+0000] {dag.py:2742} INFO - Sync 1 DAGs
[2023-08-23T00:50:35.802+0000] {logging_mixin.py:150} INFO - [2023-08-23T00:50:35.802+0000] {dag.py:3508} INFO - Setting next_dagrun for dags_bash_select_dog to 2023-08-05T00:10:00+00:00, run_after=2023-09-02T00:10:00+00:00
[2023-08-23T00:50:35.858+0000] {processor.py:179} INFO - Processing /opt/airflow/dags/dags_bash_select_dog.py took 0.132 seconds
[2023-08-23T00:51:06.057+0000] {processor.py:157} INFO - Started process (PID=4462) to work on /opt/airflow/dags/dags_bash_select_dog.py
[2023-08-23T00:51:06.059+0000] {processor.py:826} INFO - Processing file /opt/airflow/dags/dags_bash_select_dog.py for tasks to queue
[2023-08-23T00:51:06.060+0000] {logging_mixin.py:150} INFO - [2023-08-23T00:51:06.060+0000] {dagbag.py:541} INFO - Filling up the DagBag from /opt/airflow/dags/dags_bash_select_dog.py
[2023-08-23T00:51:06.087+0000] {processor.py:836} INFO - DAG(s) dict_keys(['dags_bash_select_dog']) retrieved from /opt/airflow/dags/dags_bash_select_dog.py
[2023-08-23T00:51:06.108+0000] {logging_mixin.py:150} INFO - [2023-08-23T00:51:06.108+0000] {dag.py:2742} INFO - Sync 1 DAGs
[2023-08-23T00:51:06.138+0000] {logging_mixin.py:150} INFO - [2023-08-23T00:51:06.137+0000] {dag.py:3508} INFO - Setting next_dagrun for dags_bash_select_dog to 2023-08-05T00:10:00+00:00, run_after=2023-09-02T00:10:00+00:00
[2023-08-23T00:51:06.191+0000] {processor.py:179} INFO - Processing /opt/airflow/dags/dags_bash_select_dog.py took 0.136 seconds
[2023-08-23T00:51:36.294+0000] {processor.py:157} INFO - Started process (PID=4537) to work on /opt/airflow/dags/dags_bash_select_dog.py
[2023-08-23T00:51:36.295+0000] {processor.py:826} INFO - Processing file /opt/airflow/dags/dags_bash_select_dog.py for tasks to queue
[2023-08-23T00:51:36.296+0000] {logging_mixin.py:150} INFO - [2023-08-23T00:51:36.296+0000] {dagbag.py:541} INFO - Filling up the DagBag from /opt/airflow/dags/dags_bash_select_dog.py
[2023-08-23T00:51:36.323+0000] {processor.py:836} INFO - DAG(s) dict_keys(['dags_bash_select_dog']) retrieved from /opt/airflow/dags/dags_bash_select_dog.py
[2023-08-23T00:51:36.344+0000] {logging_mixin.py:150} INFO - [2023-08-23T00:51:36.343+0000] {dag.py:2742} INFO - Sync 1 DAGs
[2023-08-23T00:51:36.374+0000] {logging_mixin.py:150} INFO - [2023-08-23T00:51:36.374+0000] {dag.py:3508} INFO - Setting next_dagrun for dags_bash_select_dog to 2023-08-05T00:10:00+00:00, run_after=2023-09-02T00:10:00+00:00
[2023-08-23T00:51:36.413+0000] {processor.py:179} INFO - Processing /opt/airflow/dags/dags_bash_select_dog.py took 0.122 seconds
