[2023-08-23T00:21:06.103+0000] {processor.py:157} INFO - Started process (PID=33) to work on /opt/airflow/dags/dags_email_operator.py
[2023-08-23T00:21:06.105+0000] {processor.py:826} INFO - Processing file /opt/airflow/dags/dags_email_operator.py for tasks to queue
[2023-08-23T00:21:06.106+0000] {logging_mixin.py:150} INFO - [2023-08-23T00:21:06.105+0000] {dagbag.py:541} INFO - Filling up the DagBag from /opt/airflow/dags/dags_email_operator.py
[2023-08-23T00:21:06.139+0000] {processor.py:836} INFO - DAG(s) dict_keys(['dags_email_operator']) retrieved from /opt/airflow/dags/dags_email_operator.py
[2023-08-23T00:21:06.382+0000] {logging_mixin.py:150} INFO - [2023-08-23T00:21:06.381+0000] {dag.py:2742} INFO - Sync 1 DAGs
[2023-08-23T00:21:06.414+0000] {logging_mixin.py:150} INFO - [2023-08-23T00:21:06.413+0000] {dag.py:3508} INFO - Setting next_dagrun for dags_email_operator to 2023-08-01T08:00:00+00:00, run_after=2023-09-01T08:00:00+00:00
[2023-08-23T00:21:06.526+0000] {processor.py:179} INFO - Processing /opt/airflow/dags/dags_email_operator.py took 0.426 seconds
[2023-08-23T00:21:37.094+0000] {processor.py:157} INFO - Started process (PID=108) to work on /opt/airflow/dags/dags_email_operator.py
[2023-08-23T00:21:37.095+0000] {processor.py:826} INFO - Processing file /opt/airflow/dags/dags_email_operator.py for tasks to queue
[2023-08-23T00:21:37.096+0000] {logging_mixin.py:150} INFO - [2023-08-23T00:21:37.096+0000] {dagbag.py:541} INFO - Filling up the DagBag from /opt/airflow/dags/dags_email_operator.py
[2023-08-23T00:21:37.127+0000] {processor.py:836} INFO - DAG(s) dict_keys(['dags_email_operator']) retrieved from /opt/airflow/dags/dags_email_operator.py
[2023-08-23T00:21:37.152+0000] {logging_mixin.py:150} INFO - [2023-08-23T00:21:37.152+0000] {dag.py:2742} INFO - Sync 1 DAGs
[2023-08-23T00:21:37.180+0000] {logging_mixin.py:150} INFO - [2023-08-23T00:21:37.180+0000] {dag.py:3508} INFO - Setting next_dagrun for dags_email_operator to 2023-08-01T08:00:00+00:00, run_after=2023-09-01T08:00:00+00:00
[2023-08-23T00:21:37.217+0000] {processor.py:179} INFO - Processing /opt/airflow/dags/dags_email_operator.py took 0.126 seconds
[2023-08-23T00:22:07.474+0000] {processor.py:157} INFO - Started process (PID=183) to work on /opt/airflow/dags/dags_email_operator.py
[2023-08-23T00:22:07.475+0000] {processor.py:826} INFO - Processing file /opt/airflow/dags/dags_email_operator.py for tasks to queue
[2023-08-23T00:22:07.476+0000] {logging_mixin.py:150} INFO - [2023-08-23T00:22:07.476+0000] {dagbag.py:541} INFO - Filling up the DagBag from /opt/airflow/dags/dags_email_operator.py
[2023-08-23T00:22:07.503+0000] {processor.py:836} INFO - DAG(s) dict_keys(['dags_email_operator']) retrieved from /opt/airflow/dags/dags_email_operator.py
[2023-08-23T00:22:07.523+0000] {logging_mixin.py:150} INFO - [2023-08-23T00:22:07.523+0000] {dag.py:2742} INFO - Sync 1 DAGs
[2023-08-23T00:22:07.550+0000] {logging_mixin.py:150} INFO - [2023-08-23T00:22:07.549+0000] {dag.py:3508} INFO - Setting next_dagrun for dags_email_operator to 2023-08-01T08:00:00+00:00, run_after=2023-09-01T08:00:00+00:00
[2023-08-23T00:22:07.587+0000] {processor.py:179} INFO - Processing /opt/airflow/dags/dags_email_operator.py took 0.116 seconds
[2023-08-23T00:22:37.734+0000] {processor.py:157} INFO - Started process (PID=258) to work on /opt/airflow/dags/dags_email_operator.py
[2023-08-23T00:22:37.735+0000] {processor.py:826} INFO - Processing file /opt/airflow/dags/dags_email_operator.py for tasks to queue
[2023-08-23T00:22:37.736+0000] {logging_mixin.py:150} INFO - [2023-08-23T00:22:37.736+0000] {dagbag.py:541} INFO - Filling up the DagBag from /opt/airflow/dags/dags_email_operator.py
[2023-08-23T00:22:37.764+0000] {processor.py:836} INFO - DAG(s) dict_keys(['dags_email_operator']) retrieved from /opt/airflow/dags/dags_email_operator.py
[2023-08-23T00:22:37.784+0000] {logging_mixin.py:150} INFO - [2023-08-23T00:22:37.784+0000] {dag.py:2742} INFO - Sync 1 DAGs
[2023-08-23T00:22:37.813+0000] {logging_mixin.py:150} INFO - [2023-08-23T00:22:37.813+0000] {dag.py:3508} INFO - Setting next_dagrun for dags_email_operator to 2023-08-01T08:00:00+00:00, run_after=2023-09-01T08:00:00+00:00
[2023-08-23T00:22:37.850+0000] {processor.py:179} INFO - Processing /opt/airflow/dags/dags_email_operator.py took 0.119 seconds
[2023-08-23T00:23:08.300+0000] {processor.py:157} INFO - Started process (PID=333) to work on /opt/airflow/dags/dags_email_operator.py
[2023-08-23T00:23:08.301+0000] {processor.py:826} INFO - Processing file /opt/airflow/dags/dags_email_operator.py for tasks to queue
[2023-08-23T00:23:08.303+0000] {logging_mixin.py:150} INFO - [2023-08-23T00:23:08.302+0000] {dagbag.py:541} INFO - Filling up the DagBag from /opt/airflow/dags/dags_email_operator.py
[2023-08-23T00:23:08.334+0000] {processor.py:836} INFO - DAG(s) dict_keys(['dags_email_operator']) retrieved from /opt/airflow/dags/dags_email_operator.py
[2023-08-23T00:23:08.364+0000] {logging_mixin.py:150} INFO - [2023-08-23T00:23:08.364+0000] {dag.py:2742} INFO - Sync 1 DAGs
[2023-08-23T00:23:08.395+0000] {logging_mixin.py:150} INFO - [2023-08-23T00:23:08.395+0000] {dag.py:3508} INFO - Setting next_dagrun for dags_email_operator to 2023-08-01T08:00:00+00:00, run_after=2023-09-01T08:00:00+00:00
[2023-08-23T00:23:08.436+0000] {processor.py:179} INFO - Processing /opt/airflow/dags/dags_email_operator.py took 0.140 seconds
[2023-08-23T00:23:38.908+0000] {processor.py:157} INFO - Started process (PID=408) to work on /opt/airflow/dags/dags_email_operator.py
[2023-08-23T00:23:38.910+0000] {processor.py:826} INFO - Processing file /opt/airflow/dags/dags_email_operator.py for tasks to queue
[2023-08-23T00:23:38.911+0000] {logging_mixin.py:150} INFO - [2023-08-23T00:23:38.910+0000] {dagbag.py:541} INFO - Filling up the DagBag from /opt/airflow/dags/dags_email_operator.py
[2023-08-23T00:23:38.943+0000] {processor.py:836} INFO - DAG(s) dict_keys(['dags_email_operator']) retrieved from /opt/airflow/dags/dags_email_operator.py
[2023-08-23T00:23:38.966+0000] {logging_mixin.py:150} INFO - [2023-08-23T00:23:38.966+0000] {dag.py:2742} INFO - Sync 1 DAGs
[2023-08-23T00:23:38.992+0000] {logging_mixin.py:150} INFO - [2023-08-23T00:23:38.992+0000] {dag.py:3508} INFO - Setting next_dagrun for dags_email_operator to 2023-08-01T08:00:00+00:00, run_after=2023-09-01T08:00:00+00:00
[2023-08-23T00:23:39.028+0000] {processor.py:179} INFO - Processing /opt/airflow/dags/dags_email_operator.py took 0.123 seconds
[2023-08-23T00:24:09.625+0000] {processor.py:157} INFO - Started process (PID=483) to work on /opt/airflow/dags/dags_email_operator.py
[2023-08-23T00:24:09.626+0000] {processor.py:826} INFO - Processing file /opt/airflow/dags/dags_email_operator.py for tasks to queue
[2023-08-23T00:24:09.627+0000] {logging_mixin.py:150} INFO - [2023-08-23T00:24:09.627+0000] {dagbag.py:541} INFO - Filling up the DagBag from /opt/airflow/dags/dags_email_operator.py
[2023-08-23T00:24:09.657+0000] {processor.py:836} INFO - DAG(s) dict_keys(['dags_email_operator']) retrieved from /opt/airflow/dags/dags_email_operator.py
[2023-08-23T00:24:09.678+0000] {logging_mixin.py:150} INFO - [2023-08-23T00:24:09.678+0000] {dag.py:2742} INFO - Sync 1 DAGs
[2023-08-23T00:24:09.705+0000] {logging_mixin.py:150} INFO - [2023-08-23T00:24:09.705+0000] {dag.py:3508} INFO - Setting next_dagrun for dags_email_operator to 2023-08-01T08:00:00+00:00, run_after=2023-09-01T08:00:00+00:00
[2023-08-23T00:24:09.744+0000] {processor.py:179} INFO - Processing /opt/airflow/dags/dags_email_operator.py took 0.121 seconds
[2023-08-23T00:24:40.008+0000] {processor.py:157} INFO - Started process (PID=558) to work on /opt/airflow/dags/dags_email_operator.py
[2023-08-23T00:24:40.009+0000] {processor.py:826} INFO - Processing file /opt/airflow/dags/dags_email_operator.py for tasks to queue
[2023-08-23T00:24:40.010+0000] {logging_mixin.py:150} INFO - [2023-08-23T00:24:40.010+0000] {dagbag.py:541} INFO - Filling up the DagBag from /opt/airflow/dags/dags_email_operator.py
[2023-08-23T00:24:40.039+0000] {processor.py:836} INFO - DAG(s) dict_keys(['dags_email_operator']) retrieved from /opt/airflow/dags/dags_email_operator.py
[2023-08-23T00:24:40.062+0000] {logging_mixin.py:150} INFO - [2023-08-23T00:24:40.062+0000] {dag.py:2742} INFO - Sync 1 DAGs
[2023-08-23T00:24:40.087+0000] {logging_mixin.py:150} INFO - [2023-08-23T00:24:40.087+0000] {dag.py:3508} INFO - Setting next_dagrun for dags_email_operator to 2023-08-01T08:00:00+00:00, run_after=2023-09-01T08:00:00+00:00
[2023-08-23T00:24:40.126+0000] {processor.py:179} INFO - Processing /opt/airflow/dags/dags_email_operator.py took 0.120 seconds
[2023-08-23T00:25:10.324+0000] {processor.py:157} INFO - Started process (PID=633) to work on /opt/airflow/dags/dags_email_operator.py
[2023-08-23T00:25:10.325+0000] {processor.py:826} INFO - Processing file /opt/airflow/dags/dags_email_operator.py for tasks to queue
[2023-08-23T00:25:10.326+0000] {logging_mixin.py:150} INFO - [2023-08-23T00:25:10.326+0000] {dagbag.py:541} INFO - Filling up the DagBag from /opt/airflow/dags/dags_email_operator.py
[2023-08-23T00:25:10.354+0000] {processor.py:836} INFO - DAG(s) dict_keys(['dags_email_operator']) retrieved from /opt/airflow/dags/dags_email_operator.py
[2023-08-23T00:25:10.373+0000] {logging_mixin.py:150} INFO - [2023-08-23T00:25:10.373+0000] {dag.py:2742} INFO - Sync 1 DAGs
[2023-08-23T00:25:10.399+0000] {logging_mixin.py:150} INFO - [2023-08-23T00:25:10.399+0000] {dag.py:3508} INFO - Setting next_dagrun for dags_email_operator to 2023-08-01T08:00:00+00:00, run_after=2023-09-01T08:00:00+00:00
[2023-08-23T00:25:10.450+0000] {processor.py:179} INFO - Processing /opt/airflow/dags/dags_email_operator.py took 0.130 seconds
[2023-08-23T00:25:40.565+0000] {processor.py:157} INFO - Started process (PID=708) to work on /opt/airflow/dags/dags_email_operator.py
[2023-08-23T00:25:40.566+0000] {processor.py:826} INFO - Processing file /opt/airflow/dags/dags_email_operator.py for tasks to queue
[2023-08-23T00:25:40.567+0000] {logging_mixin.py:150} INFO - [2023-08-23T00:25:40.567+0000] {dagbag.py:541} INFO - Filling up the DagBag from /opt/airflow/dags/dags_email_operator.py
[2023-08-23T00:25:40.599+0000] {processor.py:836} INFO - DAG(s) dict_keys(['dags_email_operator']) retrieved from /opt/airflow/dags/dags_email_operator.py
[2023-08-23T00:25:40.619+0000] {logging_mixin.py:150} INFO - [2023-08-23T00:25:40.619+0000] {dag.py:2742} INFO - Sync 1 DAGs
[2023-08-23T00:25:40.645+0000] {logging_mixin.py:150} INFO - [2023-08-23T00:25:40.644+0000] {dag.py:3508} INFO - Setting next_dagrun for dags_email_operator to 2023-08-01T08:00:00+00:00, run_after=2023-09-01T08:00:00+00:00
[2023-08-23T00:25:40.679+0000] {processor.py:179} INFO - Processing /opt/airflow/dags/dags_email_operator.py took 0.117 seconds
[2023-08-23T00:26:11.699+0000] {processor.py:157} INFO - Started process (PID=783) to work on /opt/airflow/dags/dags_email_operator.py
[2023-08-23T00:26:11.701+0000] {processor.py:826} INFO - Processing file /opt/airflow/dags/dags_email_operator.py for tasks to queue
[2023-08-23T00:26:11.702+0000] {logging_mixin.py:150} INFO - [2023-08-23T00:26:11.702+0000] {dagbag.py:541} INFO - Filling up the DagBag from /opt/airflow/dags/dags_email_operator.py
[2023-08-23T00:26:11.729+0000] {processor.py:836} INFO - DAG(s) dict_keys(['dags_email_operator']) retrieved from /opt/airflow/dags/dags_email_operator.py
[2023-08-23T00:26:11.749+0000] {logging_mixin.py:150} INFO - [2023-08-23T00:26:11.749+0000] {dag.py:2742} INFO - Sync 1 DAGs
[2023-08-23T00:26:11.774+0000] {logging_mixin.py:150} INFO - [2023-08-23T00:26:11.774+0000] {dag.py:3508} INFO - Setting next_dagrun for dags_email_operator to 2023-08-01T08:00:00+00:00, run_after=2023-09-01T08:00:00+00:00
[2023-08-23T00:26:11.837+0000] {processor.py:179} INFO - Processing /opt/airflow/dags/dags_email_operator.py took 0.140 seconds
[2023-08-23T00:26:42.163+0000] {processor.py:157} INFO - Started process (PID=858) to work on /opt/airflow/dags/dags_email_operator.py
[2023-08-23T00:26:42.164+0000] {processor.py:826} INFO - Processing file /opt/airflow/dags/dags_email_operator.py for tasks to queue
[2023-08-23T00:26:42.165+0000] {logging_mixin.py:150} INFO - [2023-08-23T00:26:42.165+0000] {dagbag.py:541} INFO - Filling up the DagBag from /opt/airflow/dags/dags_email_operator.py
[2023-08-23T00:26:42.196+0000] {processor.py:836} INFO - DAG(s) dict_keys(['dags_email_operator']) retrieved from /opt/airflow/dags/dags_email_operator.py
[2023-08-23T00:26:42.219+0000] {logging_mixin.py:150} INFO - [2023-08-23T00:26:42.219+0000] {dag.py:2742} INFO - Sync 1 DAGs
[2023-08-23T00:26:42.247+0000] {logging_mixin.py:150} INFO - [2023-08-23T00:26:42.246+0000] {dag.py:3508} INFO - Setting next_dagrun for dags_email_operator to 2023-08-01T08:00:00+00:00, run_after=2023-09-01T08:00:00+00:00
[2023-08-23T00:26:42.284+0000] {processor.py:179} INFO - Processing /opt/airflow/dags/dags_email_operator.py took 0.124 seconds
[2023-08-23T00:27:12.639+0000] {processor.py:157} INFO - Started process (PID=933) to work on /opt/airflow/dags/dags_email_operator.py
[2023-08-23T00:27:12.640+0000] {processor.py:826} INFO - Processing file /opt/airflow/dags/dags_email_operator.py for tasks to queue
[2023-08-23T00:27:12.642+0000] {logging_mixin.py:150} INFO - [2023-08-23T00:27:12.641+0000] {dagbag.py:541} INFO - Filling up the DagBag from /opt/airflow/dags/dags_email_operator.py
[2023-08-23T00:27:12.671+0000] {processor.py:836} INFO - DAG(s) dict_keys(['dags_email_operator']) retrieved from /opt/airflow/dags/dags_email_operator.py
[2023-08-23T00:27:12.693+0000] {logging_mixin.py:150} INFO - [2023-08-23T00:27:12.692+0000] {dag.py:2742} INFO - Sync 1 DAGs
[2023-08-23T00:27:12.720+0000] {logging_mixin.py:150} INFO - [2023-08-23T00:27:12.720+0000] {dag.py:3508} INFO - Setting next_dagrun for dags_email_operator to 2023-08-01T08:00:00+00:00, run_after=2023-09-01T08:00:00+00:00
[2023-08-23T00:27:12.758+0000] {processor.py:179} INFO - Processing /opt/airflow/dags/dags_email_operator.py took 0.121 seconds
[2023-08-23T00:27:43.314+0000] {processor.py:157} INFO - Started process (PID=1008) to work on /opt/airflow/dags/dags_email_operator.py
[2023-08-23T00:27:43.315+0000] {processor.py:826} INFO - Processing file /opt/airflow/dags/dags_email_operator.py for tasks to queue
[2023-08-23T00:27:43.316+0000] {logging_mixin.py:150} INFO - [2023-08-23T00:27:43.316+0000] {dagbag.py:541} INFO - Filling up the DagBag from /opt/airflow/dags/dags_email_operator.py
[2023-08-23T00:27:43.343+0000] {processor.py:836} INFO - DAG(s) dict_keys(['dags_email_operator']) retrieved from /opt/airflow/dags/dags_email_operator.py
[2023-08-23T00:27:43.363+0000] {logging_mixin.py:150} INFO - [2023-08-23T00:27:43.363+0000] {dag.py:2742} INFO - Sync 1 DAGs
[2023-08-23T00:27:43.388+0000] {logging_mixin.py:150} INFO - [2023-08-23T00:27:43.388+0000] {dag.py:3508} INFO - Setting next_dagrun for dags_email_operator to 2023-08-01T08:00:00+00:00, run_after=2023-09-01T08:00:00+00:00
[2023-08-23T00:27:43.424+0000] {processor.py:179} INFO - Processing /opt/airflow/dags/dags_email_operator.py took 0.113 seconds
[2023-08-23T00:28:13.639+0000] {processor.py:157} INFO - Started process (PID=1084) to work on /opt/airflow/dags/dags_email_operator.py
[2023-08-23T00:28:13.641+0000] {processor.py:826} INFO - Processing file /opt/airflow/dags/dags_email_operator.py for tasks to queue
[2023-08-23T00:28:13.642+0000] {logging_mixin.py:150} INFO - [2023-08-23T00:28:13.642+0000] {dagbag.py:541} INFO - Filling up the DagBag from /opt/airflow/dags/dags_email_operator.py
[2023-08-23T00:28:13.671+0000] {processor.py:836} INFO - DAG(s) dict_keys(['dags_email_operator']) retrieved from /opt/airflow/dags/dags_email_operator.py
[2023-08-23T00:28:13.693+0000] {logging_mixin.py:150} INFO - [2023-08-23T00:28:13.693+0000] {dag.py:2742} INFO - Sync 1 DAGs
[2023-08-23T00:28:13.719+0000] {logging_mixin.py:150} INFO - [2023-08-23T00:28:13.718+0000] {dag.py:3508} INFO - Setting next_dagrun for dags_email_operator to 2023-08-01T08:00:00+00:00, run_after=2023-09-01T08:00:00+00:00
[2023-08-23T00:28:13.758+0000] {processor.py:179} INFO - Processing /opt/airflow/dags/dags_email_operator.py took 0.121 seconds
[2023-08-23T00:28:44.080+0000] {processor.py:157} INFO - Started process (PID=1159) to work on /opt/airflow/dags/dags_email_operator.py
[2023-08-23T00:28:44.081+0000] {processor.py:826} INFO - Processing file /opt/airflow/dags/dags_email_operator.py for tasks to queue
[2023-08-23T00:28:44.082+0000] {logging_mixin.py:150} INFO - [2023-08-23T00:28:44.082+0000] {dagbag.py:541} INFO - Filling up the DagBag from /opt/airflow/dags/dags_email_operator.py
[2023-08-23T00:28:44.108+0000] {processor.py:836} INFO - DAG(s) dict_keys(['dags_email_operator']) retrieved from /opt/airflow/dags/dags_email_operator.py
[2023-08-23T00:28:44.131+0000] {logging_mixin.py:150} INFO - [2023-08-23T00:28:44.131+0000] {dag.py:2742} INFO - Sync 1 DAGs
[2023-08-23T00:28:44.160+0000] {logging_mixin.py:150} INFO - [2023-08-23T00:28:44.160+0000] {dag.py:3508} INFO - Setting next_dagrun for dags_email_operator to 2023-08-01T08:00:00+00:00, run_after=2023-09-01T08:00:00+00:00
[2023-08-23T00:28:44.197+0000] {processor.py:179} INFO - Processing /opt/airflow/dags/dags_email_operator.py took 0.119 seconds
[2023-08-23T00:29:14.641+0000] {processor.py:157} INFO - Started process (PID=1234) to work on /opt/airflow/dags/dags_email_operator.py
[2023-08-23T00:29:14.642+0000] {processor.py:826} INFO - Processing file /opt/airflow/dags/dags_email_operator.py for tasks to queue
[2023-08-23T00:29:14.643+0000] {logging_mixin.py:150} INFO - [2023-08-23T00:29:14.643+0000] {dagbag.py:541} INFO - Filling up the DagBag from /opt/airflow/dags/dags_email_operator.py
[2023-08-23T00:29:14.672+0000] {processor.py:836} INFO - DAG(s) dict_keys(['dags_email_operator']) retrieved from /opt/airflow/dags/dags_email_operator.py
[2023-08-23T00:29:14.693+0000] {logging_mixin.py:150} INFO - [2023-08-23T00:29:14.693+0000] {dag.py:2742} INFO - Sync 1 DAGs
[2023-08-23T00:29:14.719+0000] {logging_mixin.py:150} INFO - [2023-08-23T00:29:14.718+0000] {dag.py:3508} INFO - Setting next_dagrun for dags_email_operator to 2023-08-01T08:00:00+00:00, run_after=2023-09-01T08:00:00+00:00
[2023-08-23T00:29:14.757+0000] {processor.py:179} INFO - Processing /opt/airflow/dags/dags_email_operator.py took 0.119 seconds
[2023-08-23T00:29:45.133+0000] {processor.py:157} INFO - Started process (PID=1309) to work on /opt/airflow/dags/dags_email_operator.py
[2023-08-23T00:29:45.134+0000] {processor.py:826} INFO - Processing file /opt/airflow/dags/dags_email_operator.py for tasks to queue
[2023-08-23T00:29:45.135+0000] {logging_mixin.py:150} INFO - [2023-08-23T00:29:45.135+0000] {dagbag.py:541} INFO - Filling up the DagBag from /opt/airflow/dags/dags_email_operator.py
[2023-08-23T00:29:45.165+0000] {processor.py:836} INFO - DAG(s) dict_keys(['dags_email_operator']) retrieved from /opt/airflow/dags/dags_email_operator.py
[2023-08-23T00:29:45.187+0000] {logging_mixin.py:150} INFO - [2023-08-23T00:29:45.187+0000] {dag.py:2742} INFO - Sync 1 DAGs
[2023-08-23T00:29:45.214+0000] {logging_mixin.py:150} INFO - [2023-08-23T00:29:45.214+0000] {dag.py:3508} INFO - Setting next_dagrun for dags_email_operator to 2023-08-01T08:00:00+00:00, run_after=2023-09-01T08:00:00+00:00
[2023-08-23T00:29:45.250+0000] {processor.py:179} INFO - Processing /opt/airflow/dags/dags_email_operator.py took 0.119 seconds
[2023-08-23T00:30:15.574+0000] {processor.py:157} INFO - Started process (PID=1384) to work on /opt/airflow/dags/dags_email_operator.py
[2023-08-23T00:30:15.575+0000] {processor.py:826} INFO - Processing file /opt/airflow/dags/dags_email_operator.py for tasks to queue
[2023-08-23T00:30:15.576+0000] {logging_mixin.py:150} INFO - [2023-08-23T00:30:15.576+0000] {dagbag.py:541} INFO - Filling up the DagBag from /opt/airflow/dags/dags_email_operator.py
[2023-08-23T00:30:15.602+0000] {processor.py:836} INFO - DAG(s) dict_keys(['dags_email_operator']) retrieved from /opt/airflow/dags/dags_email_operator.py
[2023-08-23T00:30:15.622+0000] {logging_mixin.py:150} INFO - [2023-08-23T00:30:15.622+0000] {dag.py:2742} INFO - Sync 1 DAGs
[2023-08-23T00:30:15.651+0000] {logging_mixin.py:150} INFO - [2023-08-23T00:30:15.651+0000] {dag.py:3508} INFO - Setting next_dagrun for dags_email_operator to 2023-08-01T08:00:00+00:00, run_after=2023-09-01T08:00:00+00:00
[2023-08-23T00:30:15.689+0000] {processor.py:179} INFO - Processing /opt/airflow/dags/dags_email_operator.py took 0.117 seconds
[2023-08-23T00:30:45.985+0000] {processor.py:157} INFO - Started process (PID=1459) to work on /opt/airflow/dags/dags_email_operator.py
[2023-08-23T00:30:45.986+0000] {processor.py:826} INFO - Processing file /opt/airflow/dags/dags_email_operator.py for tasks to queue
[2023-08-23T00:30:45.988+0000] {logging_mixin.py:150} INFO - [2023-08-23T00:30:45.988+0000] {dagbag.py:541} INFO - Filling up the DagBag from /opt/airflow/dags/dags_email_operator.py
[2023-08-23T00:30:46.019+0000] {processor.py:836} INFO - DAG(s) dict_keys(['dags_email_operator']) retrieved from /opt/airflow/dags/dags_email_operator.py
[2023-08-23T00:30:46.041+0000] {logging_mixin.py:150} INFO - [2023-08-23T00:30:46.041+0000] {dag.py:2742} INFO - Sync 1 DAGs
[2023-08-23T00:30:46.067+0000] {logging_mixin.py:150} INFO - [2023-08-23T00:30:46.066+0000] {dag.py:3508} INFO - Setting next_dagrun for dags_email_operator to 2023-08-01T08:00:00+00:00, run_after=2023-09-01T08:00:00+00:00
[2023-08-23T00:30:46.102+0000] {processor.py:179} INFO - Processing /opt/airflow/dags/dags_email_operator.py took 0.120 seconds
[2023-08-23T00:31:16.425+0000] {processor.py:157} INFO - Started process (PID=1534) to work on /opt/airflow/dags/dags_email_operator.py
[2023-08-23T00:31:16.426+0000] {processor.py:826} INFO - Processing file /opt/airflow/dags/dags_email_operator.py for tasks to queue
[2023-08-23T00:31:16.427+0000] {logging_mixin.py:150} INFO - [2023-08-23T00:31:16.427+0000] {dagbag.py:541} INFO - Filling up the DagBag from /opt/airflow/dags/dags_email_operator.py
[2023-08-23T00:31:16.455+0000] {processor.py:836} INFO - DAG(s) dict_keys(['dags_email_operator']) retrieved from /opt/airflow/dags/dags_email_operator.py
[2023-08-23T00:31:16.476+0000] {logging_mixin.py:150} INFO - [2023-08-23T00:31:16.475+0000] {dag.py:2742} INFO - Sync 1 DAGs
[2023-08-23T00:31:16.502+0000] {logging_mixin.py:150} INFO - [2023-08-23T00:31:16.501+0000] {dag.py:3508} INFO - Setting next_dagrun for dags_email_operator to 2023-08-01T08:00:00+00:00, run_after=2023-09-01T08:00:00+00:00
[2023-08-23T00:31:16.538+0000] {processor.py:179} INFO - Processing /opt/airflow/dags/dags_email_operator.py took 0.116 seconds
[2023-08-23T00:31:46.807+0000] {processor.py:157} INFO - Started process (PID=1609) to work on /opt/airflow/dags/dags_email_operator.py
[2023-08-23T00:31:46.808+0000] {processor.py:826} INFO - Processing file /opt/airflow/dags/dags_email_operator.py for tasks to queue
[2023-08-23T00:31:46.809+0000] {logging_mixin.py:150} INFO - [2023-08-23T00:31:46.809+0000] {dagbag.py:541} INFO - Filling up the DagBag from /opt/airflow/dags/dags_email_operator.py
[2023-08-23T00:31:46.839+0000] {processor.py:836} INFO - DAG(s) dict_keys(['dags_email_operator']) retrieved from /opt/airflow/dags/dags_email_operator.py
[2023-08-23T00:31:46.860+0000] {logging_mixin.py:150} INFO - [2023-08-23T00:31:46.860+0000] {dag.py:2742} INFO - Sync 1 DAGs
[2023-08-23T00:31:46.895+0000] {logging_mixin.py:150} INFO - [2023-08-23T00:31:46.895+0000] {dag.py:3508} INFO - Setting next_dagrun for dags_email_operator to 2023-08-01T08:00:00+00:00, run_after=2023-09-01T08:00:00+00:00
[2023-08-23T00:31:46.944+0000] {processor.py:179} INFO - Processing /opt/airflow/dags/dags_email_operator.py took 0.140 seconds
[2023-08-23T00:32:17.646+0000] {processor.py:157} INFO - Started process (PID=1684) to work on /opt/airflow/dags/dags_email_operator.py
[2023-08-23T00:32:17.647+0000] {processor.py:826} INFO - Processing file /opt/airflow/dags/dags_email_operator.py for tasks to queue
[2023-08-23T00:32:17.648+0000] {logging_mixin.py:150} INFO - [2023-08-23T00:32:17.648+0000] {dagbag.py:541} INFO - Filling up the DagBag from /opt/airflow/dags/dags_email_operator.py
[2023-08-23T00:32:17.676+0000] {processor.py:836} INFO - DAG(s) dict_keys(['dags_email_operator']) retrieved from /opt/airflow/dags/dags_email_operator.py
[2023-08-23T00:32:17.697+0000] {logging_mixin.py:150} INFO - [2023-08-23T00:32:17.697+0000] {dag.py:2742} INFO - Sync 1 DAGs
[2023-08-23T00:32:17.726+0000] {logging_mixin.py:150} INFO - [2023-08-23T00:32:17.726+0000] {dag.py:3508} INFO - Setting next_dagrun for dags_email_operator to 2023-08-01T08:00:00+00:00, run_after=2023-09-01T08:00:00+00:00
[2023-08-23T00:32:17.764+0000] {processor.py:179} INFO - Processing /opt/airflow/dags/dags_email_operator.py took 0.122 seconds
[2023-08-23T00:32:48.206+0000] {processor.py:157} INFO - Started process (PID=1759) to work on /opt/airflow/dags/dags_email_operator.py
[2023-08-23T00:32:48.206+0000] {processor.py:826} INFO - Processing file /opt/airflow/dags/dags_email_operator.py for tasks to queue
[2023-08-23T00:32:48.208+0000] {logging_mixin.py:150} INFO - [2023-08-23T00:32:48.208+0000] {dagbag.py:541} INFO - Filling up the DagBag from /opt/airflow/dags/dags_email_operator.py
[2023-08-23T00:32:48.235+0000] {processor.py:836} INFO - DAG(s) dict_keys(['dags_email_operator']) retrieved from /opt/airflow/dags/dags_email_operator.py
[2023-08-23T00:32:48.257+0000] {logging_mixin.py:150} INFO - [2023-08-23T00:32:48.257+0000] {dag.py:2742} INFO - Sync 1 DAGs
[2023-08-23T00:32:48.282+0000] {logging_mixin.py:150} INFO - [2023-08-23T00:32:48.282+0000] {dag.py:3508} INFO - Setting next_dagrun for dags_email_operator to 2023-08-01T08:00:00+00:00, run_after=2023-09-01T08:00:00+00:00
[2023-08-23T00:32:48.318+0000] {processor.py:179} INFO - Processing /opt/airflow/dags/dags_email_operator.py took 0.115 seconds
[2023-08-23T00:33:18.655+0000] {processor.py:157} INFO - Started process (PID=1834) to work on /opt/airflow/dags/dags_email_operator.py
[2023-08-23T00:33:18.656+0000] {processor.py:826} INFO - Processing file /opt/airflow/dags/dags_email_operator.py for tasks to queue
[2023-08-23T00:33:18.657+0000] {logging_mixin.py:150} INFO - [2023-08-23T00:33:18.657+0000] {dagbag.py:541} INFO - Filling up the DagBag from /opt/airflow/dags/dags_email_operator.py
[2023-08-23T00:33:18.686+0000] {processor.py:836} INFO - DAG(s) dict_keys(['dags_email_operator']) retrieved from /opt/airflow/dags/dags_email_operator.py
[2023-08-23T00:33:18.707+0000] {logging_mixin.py:150} INFO - [2023-08-23T00:33:18.706+0000] {dag.py:2742} INFO - Sync 1 DAGs
[2023-08-23T00:33:18.731+0000] {logging_mixin.py:150} INFO - [2023-08-23T00:33:18.731+0000] {dag.py:3508} INFO - Setting next_dagrun for dags_email_operator to 2023-08-01T08:00:00+00:00, run_after=2023-09-01T08:00:00+00:00
[2023-08-23T00:33:18.767+0000] {processor.py:179} INFO - Processing /opt/airflow/dags/dags_email_operator.py took 0.114 seconds
[2023-08-23T00:33:49.155+0000] {processor.py:157} INFO - Started process (PID=1909) to work on /opt/airflow/dags/dags_email_operator.py
[2023-08-23T00:33:49.156+0000] {processor.py:826} INFO - Processing file /opt/airflow/dags/dags_email_operator.py for tasks to queue
[2023-08-23T00:33:49.157+0000] {logging_mixin.py:150} INFO - [2023-08-23T00:33:49.157+0000] {dagbag.py:541} INFO - Filling up the DagBag from /opt/airflow/dags/dags_email_operator.py
[2023-08-23T00:33:49.185+0000] {processor.py:836} INFO - DAG(s) dict_keys(['dags_email_operator']) retrieved from /opt/airflow/dags/dags_email_operator.py
[2023-08-23T00:33:49.209+0000] {logging_mixin.py:150} INFO - [2023-08-23T00:33:49.209+0000] {dag.py:2742} INFO - Sync 1 DAGs
[2023-08-23T00:33:49.242+0000] {logging_mixin.py:150} INFO - [2023-08-23T00:33:49.242+0000] {dag.py:3508} INFO - Setting next_dagrun for dags_email_operator to 2023-08-01T08:00:00+00:00, run_after=2023-09-01T08:00:00+00:00
[2023-08-23T00:33:49.289+0000] {processor.py:179} INFO - Processing /opt/airflow/dags/dags_email_operator.py took 0.138 seconds
[2023-08-23T00:34:19.378+0000] {processor.py:157} INFO - Started process (PID=1984) to work on /opt/airflow/dags/dags_email_operator.py
[2023-08-23T00:34:19.379+0000] {processor.py:826} INFO - Processing file /opt/airflow/dags/dags_email_operator.py for tasks to queue
[2023-08-23T00:34:19.380+0000] {logging_mixin.py:150} INFO - [2023-08-23T00:34:19.380+0000] {dagbag.py:541} INFO - Filling up the DagBag from /opt/airflow/dags/dags_email_operator.py
[2023-08-23T00:34:19.412+0000] {processor.py:836} INFO - DAG(s) dict_keys(['dags_email_operator']) retrieved from /opt/airflow/dags/dags_email_operator.py
[2023-08-23T00:34:19.437+0000] {logging_mixin.py:150} INFO - [2023-08-23T00:34:19.436+0000] {dag.py:2742} INFO - Sync 1 DAGs
[2023-08-23T00:34:19.470+0000] {logging_mixin.py:150} INFO - [2023-08-23T00:34:19.470+0000] {dag.py:3508} INFO - Setting next_dagrun for dags_email_operator to 2023-08-01T08:00:00+00:00, run_after=2023-09-01T08:00:00+00:00
[2023-08-23T00:34:19.510+0000] {processor.py:179} INFO - Processing /opt/airflow/dags/dags_email_operator.py took 0.135 seconds
[2023-08-23T00:34:50.033+0000] {processor.py:157} INFO - Started process (PID=2059) to work on /opt/airflow/dags/dags_email_operator.py
[2023-08-23T00:34:50.034+0000] {processor.py:826} INFO - Processing file /opt/airflow/dags/dags_email_operator.py for tasks to queue
[2023-08-23T00:34:50.035+0000] {logging_mixin.py:150} INFO - [2023-08-23T00:34:50.035+0000] {dagbag.py:541} INFO - Filling up the DagBag from /opt/airflow/dags/dags_email_operator.py
[2023-08-23T00:34:50.068+0000] {processor.py:836} INFO - DAG(s) dict_keys(['dags_email_operator']) retrieved from /opt/airflow/dags/dags_email_operator.py
[2023-08-23T00:34:50.091+0000] {logging_mixin.py:150} INFO - [2023-08-23T00:34:50.091+0000] {dag.py:2742} INFO - Sync 1 DAGs
[2023-08-23T00:34:50.122+0000] {logging_mixin.py:150} INFO - [2023-08-23T00:34:50.122+0000] {dag.py:3508} INFO - Setting next_dagrun for dags_email_operator to 2023-08-01T08:00:00+00:00, run_after=2023-09-01T08:00:00+00:00
[2023-08-23T00:34:50.159+0000] {processor.py:179} INFO - Processing /opt/airflow/dags/dags_email_operator.py took 0.129 seconds
[2023-08-23T00:35:20.479+0000] {processor.py:157} INFO - Started process (PID=2134) to work on /opt/airflow/dags/dags_email_operator.py
[2023-08-23T00:35:20.480+0000] {processor.py:826} INFO - Processing file /opt/airflow/dags/dags_email_operator.py for tasks to queue
[2023-08-23T00:35:20.481+0000] {logging_mixin.py:150} INFO - [2023-08-23T00:35:20.481+0000] {dagbag.py:541} INFO - Filling up the DagBag from /opt/airflow/dags/dags_email_operator.py
[2023-08-23T00:35:20.511+0000] {processor.py:836} INFO - DAG(s) dict_keys(['dags_email_operator']) retrieved from /opt/airflow/dags/dags_email_operator.py
[2023-08-23T00:35:20.533+0000] {logging_mixin.py:150} INFO - [2023-08-23T00:35:20.533+0000] {dag.py:2742} INFO - Sync 1 DAGs
[2023-08-23T00:35:20.561+0000] {logging_mixin.py:150} INFO - [2023-08-23T00:35:20.561+0000] {dag.py:3508} INFO - Setting next_dagrun for dags_email_operator to 2023-08-01T08:00:00+00:00, run_after=2023-09-01T08:00:00+00:00
[2023-08-23T00:35:20.600+0000] {processor.py:179} INFO - Processing /opt/airflow/dags/dags_email_operator.py took 0.124 seconds
[2023-08-23T00:35:51.082+0000] {processor.py:157} INFO - Started process (PID=2209) to work on /opt/airflow/dags/dags_email_operator.py
[2023-08-23T00:35:51.083+0000] {processor.py:826} INFO - Processing file /opt/airflow/dags/dags_email_operator.py for tasks to queue
[2023-08-23T00:35:51.084+0000] {logging_mixin.py:150} INFO - [2023-08-23T00:35:51.083+0000] {dagbag.py:541} INFO - Filling up the DagBag from /opt/airflow/dags/dags_email_operator.py
[2023-08-23T00:35:51.117+0000] {processor.py:836} INFO - DAG(s) dict_keys(['dags_email_operator']) retrieved from /opt/airflow/dags/dags_email_operator.py
[2023-08-23T00:35:51.147+0000] {logging_mixin.py:150} INFO - [2023-08-23T00:35:51.147+0000] {dag.py:2742} INFO - Sync 1 DAGs
[2023-08-23T00:35:51.191+0000] {logging_mixin.py:150} INFO - [2023-08-23T00:35:51.191+0000] {dag.py:3508} INFO - Setting next_dagrun for dags_email_operator to 2023-08-01T08:00:00+00:00, run_after=2023-09-01T08:00:00+00:00
[2023-08-23T00:35:51.265+0000] {processor.py:179} INFO - Processing /opt/airflow/dags/dags_email_operator.py took 0.186 seconds
[2023-08-23T00:36:21.446+0000] {processor.py:157} INFO - Started process (PID=2284) to work on /opt/airflow/dags/dags_email_operator.py
[2023-08-23T00:36:21.447+0000] {processor.py:826} INFO - Processing file /opt/airflow/dags/dags_email_operator.py for tasks to queue
[2023-08-23T00:36:21.448+0000] {logging_mixin.py:150} INFO - [2023-08-23T00:36:21.448+0000] {dagbag.py:541} INFO - Filling up the DagBag from /opt/airflow/dags/dags_email_operator.py
[2023-08-23T00:36:21.475+0000] {processor.py:836} INFO - DAG(s) dict_keys(['dags_email_operator']) retrieved from /opt/airflow/dags/dags_email_operator.py
[2023-08-23T00:36:21.496+0000] {logging_mixin.py:150} INFO - [2023-08-23T00:36:21.496+0000] {dag.py:2742} INFO - Sync 1 DAGs
[2023-08-23T00:36:21.522+0000] {logging_mixin.py:150} INFO - [2023-08-23T00:36:21.522+0000] {dag.py:3508} INFO - Setting next_dagrun for dags_email_operator to 2023-08-01T08:00:00+00:00, run_after=2023-09-01T08:00:00+00:00
[2023-08-23T00:36:21.563+0000] {processor.py:179} INFO - Processing /opt/airflow/dags/dags_email_operator.py took 0.119 seconds
[2023-08-23T00:36:51.740+0000] {processor.py:157} INFO - Started process (PID=2359) to work on /opt/airflow/dags/dags_email_operator.py
[2023-08-23T00:36:51.742+0000] {processor.py:826} INFO - Processing file /opt/airflow/dags/dags_email_operator.py for tasks to queue
[2023-08-23T00:36:51.742+0000] {logging_mixin.py:150} INFO - [2023-08-23T00:36:51.742+0000] {dagbag.py:541} INFO - Filling up the DagBag from /opt/airflow/dags/dags_email_operator.py
[2023-08-23T00:36:51.770+0000] {processor.py:836} INFO - DAG(s) dict_keys(['dags_email_operator']) retrieved from /opt/airflow/dags/dags_email_operator.py
[2023-08-23T00:36:51.791+0000] {logging_mixin.py:150} INFO - [2023-08-23T00:36:51.791+0000] {dag.py:2742} INFO - Sync 1 DAGs
[2023-08-23T00:36:51.821+0000] {logging_mixin.py:150} INFO - [2023-08-23T00:36:51.820+0000] {dag.py:3508} INFO - Setting next_dagrun for dags_email_operator to 2023-08-01T08:00:00+00:00, run_after=2023-09-01T08:00:00+00:00
[2023-08-23T00:36:51.867+0000] {processor.py:179} INFO - Processing /opt/airflow/dags/dags_email_operator.py took 0.129 seconds
[2023-08-23T00:37:22.150+0000] {processor.py:157} INFO - Started process (PID=2434) to work on /opt/airflow/dags/dags_email_operator.py
[2023-08-23T00:37:22.151+0000] {processor.py:826} INFO - Processing file /opt/airflow/dags/dags_email_operator.py for tasks to queue
[2023-08-23T00:37:22.152+0000] {logging_mixin.py:150} INFO - [2023-08-23T00:37:22.152+0000] {dagbag.py:541} INFO - Filling up the DagBag from /opt/airflow/dags/dags_email_operator.py
[2023-08-23T00:37:22.179+0000] {processor.py:836} INFO - DAG(s) dict_keys(['dags_email_operator']) retrieved from /opt/airflow/dags/dags_email_operator.py
[2023-08-23T00:37:22.203+0000] {logging_mixin.py:150} INFO - [2023-08-23T00:37:22.203+0000] {dag.py:2742} INFO - Sync 1 DAGs
[2023-08-23T00:37:22.241+0000] {logging_mixin.py:150} INFO - [2023-08-23T00:37:22.241+0000] {dag.py:3508} INFO - Setting next_dagrun for dags_email_operator to 2023-08-01T08:00:00+00:00, run_after=2023-09-01T08:00:00+00:00
[2023-08-23T00:37:22.282+0000] {processor.py:179} INFO - Processing /opt/airflow/dags/dags_email_operator.py took 0.135 seconds
[2023-08-23T00:37:52.514+0000] {processor.py:157} INFO - Started process (PID=2509) to work on /opt/airflow/dags/dags_email_operator.py
[2023-08-23T00:37:52.516+0000] {processor.py:826} INFO - Processing file /opt/airflow/dags/dags_email_operator.py for tasks to queue
[2023-08-23T00:37:52.518+0000] {logging_mixin.py:150} INFO - [2023-08-23T00:37:52.518+0000] {dagbag.py:541} INFO - Filling up the DagBag from /opt/airflow/dags/dags_email_operator.py
[2023-08-23T00:37:52.563+0000] {processor.py:836} INFO - DAG(s) dict_keys(['dags_email_operator']) retrieved from /opt/airflow/dags/dags_email_operator.py
[2023-08-23T00:37:52.593+0000] {logging_mixin.py:150} INFO - [2023-08-23T00:37:52.592+0000] {dag.py:2742} INFO - Sync 1 DAGs
[2023-08-23T00:37:52.638+0000] {logging_mixin.py:150} INFO - [2023-08-23T00:37:52.638+0000] {dag.py:3508} INFO - Setting next_dagrun for dags_email_operator to 2023-08-01T08:00:00+00:00, run_after=2023-09-01T08:00:00+00:00
[2023-08-23T00:37:52.705+0000] {processor.py:179} INFO - Processing /opt/airflow/dags/dags_email_operator.py took 0.195 seconds
[2023-08-23T00:38:23.295+0000] {processor.py:157} INFO - Started process (PID=2584) to work on /opt/airflow/dags/dags_email_operator.py
[2023-08-23T00:38:23.296+0000] {processor.py:826} INFO - Processing file /opt/airflow/dags/dags_email_operator.py for tasks to queue
[2023-08-23T00:38:23.297+0000] {logging_mixin.py:150} INFO - [2023-08-23T00:38:23.297+0000] {dagbag.py:541} INFO - Filling up the DagBag from /opt/airflow/dags/dags_email_operator.py
[2023-08-23T00:38:23.326+0000] {processor.py:836} INFO - DAG(s) dict_keys(['dags_email_operator']) retrieved from /opt/airflow/dags/dags_email_operator.py
[2023-08-23T00:38:23.346+0000] {logging_mixin.py:150} INFO - [2023-08-23T00:38:23.345+0000] {dag.py:2742} INFO - Sync 1 DAGs
[2023-08-23T00:38:23.371+0000] {logging_mixin.py:150} INFO - [2023-08-23T00:38:23.371+0000] {dag.py:3508} INFO - Setting next_dagrun for dags_email_operator to 2023-08-01T08:00:00+00:00, run_after=2023-09-01T08:00:00+00:00
[2023-08-23T00:38:23.408+0000] {processor.py:179} INFO - Processing /opt/airflow/dags/dags_email_operator.py took 0.116 seconds
[2023-08-23T00:38:53.700+0000] {processor.py:157} INFO - Started process (PID=2659) to work on /opt/airflow/dags/dags_email_operator.py
[2023-08-23T00:38:53.701+0000] {processor.py:826} INFO - Processing file /opt/airflow/dags/dags_email_operator.py for tasks to queue
[2023-08-23T00:38:53.702+0000] {logging_mixin.py:150} INFO - [2023-08-23T00:38:53.702+0000] {dagbag.py:541} INFO - Filling up the DagBag from /opt/airflow/dags/dags_email_operator.py
[2023-08-23T00:38:53.729+0000] {processor.py:836} INFO - DAG(s) dict_keys(['dags_email_operator']) retrieved from /opt/airflow/dags/dags_email_operator.py
[2023-08-23T00:38:53.749+0000] {logging_mixin.py:150} INFO - [2023-08-23T00:38:53.748+0000] {dag.py:2742} INFO - Sync 1 DAGs
[2023-08-23T00:38:53.775+0000] {logging_mixin.py:150} INFO - [2023-08-23T00:38:53.775+0000] {dag.py:3508} INFO - Setting next_dagrun for dags_email_operator to 2023-08-01T08:00:00+00:00, run_after=2023-09-01T08:00:00+00:00
[2023-08-23T00:38:53.828+0000] {processor.py:179} INFO - Processing /opt/airflow/dags/dags_email_operator.py took 0.131 seconds
[2023-08-23T00:39:24.320+0000] {processor.py:157} INFO - Started process (PID=2734) to work on /opt/airflow/dags/dags_email_operator.py
[2023-08-23T00:39:24.322+0000] {processor.py:826} INFO - Processing file /opt/airflow/dags/dags_email_operator.py for tasks to queue
[2023-08-23T00:39:24.325+0000] {logging_mixin.py:150} INFO - [2023-08-23T00:39:24.324+0000] {dagbag.py:541} INFO - Filling up the DagBag from /opt/airflow/dags/dags_email_operator.py
[2023-08-23T00:39:24.357+0000] {processor.py:836} INFO - DAG(s) dict_keys(['dags_email_operator']) retrieved from /opt/airflow/dags/dags_email_operator.py
[2023-08-23T00:39:24.383+0000] {logging_mixin.py:150} INFO - [2023-08-23T00:39:24.383+0000] {dag.py:2742} INFO - Sync 1 DAGs
[2023-08-23T00:39:24.414+0000] {logging_mixin.py:150} INFO - [2023-08-23T00:39:24.414+0000] {dag.py:3508} INFO - Setting next_dagrun for dags_email_operator to 2023-08-01T08:00:00+00:00, run_after=2023-09-01T08:00:00+00:00
[2023-08-23T00:39:24.451+0000] {processor.py:179} INFO - Processing /opt/airflow/dags/dags_email_operator.py took 0.136 seconds
[2023-08-23T00:39:54.848+0000] {processor.py:157} INFO - Started process (PID=2809) to work on /opt/airflow/dags/dags_email_operator.py
[2023-08-23T00:39:54.849+0000] {processor.py:826} INFO - Processing file /opt/airflow/dags/dags_email_operator.py for tasks to queue
[2023-08-23T00:39:54.850+0000] {logging_mixin.py:150} INFO - [2023-08-23T00:39:54.850+0000] {dagbag.py:541} INFO - Filling up the DagBag from /opt/airflow/dags/dags_email_operator.py
[2023-08-23T00:39:54.876+0000] {processor.py:836} INFO - DAG(s) dict_keys(['dags_email_operator']) retrieved from /opt/airflow/dags/dags_email_operator.py
[2023-08-23T00:39:54.896+0000] {logging_mixin.py:150} INFO - [2023-08-23T00:39:54.896+0000] {dag.py:2742} INFO - Sync 1 DAGs
[2023-08-23T00:39:54.922+0000] {logging_mixin.py:150} INFO - [2023-08-23T00:39:54.922+0000] {dag.py:3508} INFO - Setting next_dagrun for dags_email_operator to 2023-08-01T08:00:00+00:00, run_after=2023-09-01T08:00:00+00:00
[2023-08-23T00:39:54.959+0000] {processor.py:179} INFO - Processing /opt/airflow/dags/dags_email_operator.py took 0.115 seconds
[2023-08-23T00:40:25.471+0000] {processor.py:157} INFO - Started process (PID=2885) to work on /opt/airflow/dags/dags_email_operator.py
[2023-08-23T00:40:25.472+0000] {processor.py:826} INFO - Processing file /opt/airflow/dags/dags_email_operator.py for tasks to queue
[2023-08-23T00:40:25.473+0000] {logging_mixin.py:150} INFO - [2023-08-23T00:40:25.473+0000] {dagbag.py:541} INFO - Filling up the DagBag from /opt/airflow/dags/dags_email_operator.py
[2023-08-23T00:40:25.501+0000] {processor.py:836} INFO - DAG(s) dict_keys(['dags_email_operator']) retrieved from /opt/airflow/dags/dags_email_operator.py
[2023-08-23T00:40:25.521+0000] {logging_mixin.py:150} INFO - [2023-08-23T00:40:25.521+0000] {dag.py:2742} INFO - Sync 1 DAGs
[2023-08-23T00:40:25.547+0000] {logging_mixin.py:150} INFO - [2023-08-23T00:40:25.547+0000] {dag.py:3508} INFO - Setting next_dagrun for dags_email_operator to 2023-08-01T08:00:00+00:00, run_after=2023-09-01T08:00:00+00:00
[2023-08-23T00:40:25.568+0000] {processor.py:179} INFO - Processing /opt/airflow/dags/dags_email_operator.py took 0.099 seconds
[2023-08-23T00:40:55.969+0000] {processor.py:157} INFO - Started process (PID=2960) to work on /opt/airflow/dags/dags_email_operator.py
[2023-08-23T00:40:55.970+0000] {processor.py:826} INFO - Processing file /opt/airflow/dags/dags_email_operator.py for tasks to queue
[2023-08-23T00:40:55.971+0000] {logging_mixin.py:150} INFO - [2023-08-23T00:40:55.971+0000] {dagbag.py:541} INFO - Filling up the DagBag from /opt/airflow/dags/dags_email_operator.py
[2023-08-23T00:40:56.001+0000] {processor.py:836} INFO - DAG(s) dict_keys(['dags_email_operator']) retrieved from /opt/airflow/dags/dags_email_operator.py
[2023-08-23T00:40:56.027+0000] {logging_mixin.py:150} INFO - [2023-08-23T00:40:56.027+0000] {dag.py:2742} INFO - Sync 1 DAGs
[2023-08-23T00:40:56.059+0000] {logging_mixin.py:150} INFO - [2023-08-23T00:40:56.059+0000] {dag.py:3508} INFO - Setting next_dagrun for dags_email_operator to 2023-08-01T08:00:00+00:00, run_after=2023-09-01T08:00:00+00:00
[2023-08-23T00:40:56.097+0000] {processor.py:179} INFO - Processing /opt/airflow/dags/dags_email_operator.py took 0.131 seconds
[2023-08-23T00:41:26.671+0000] {processor.py:157} INFO - Started process (PID=3036) to work on /opt/airflow/dags/dags_email_operator.py
[2023-08-23T00:41:26.672+0000] {processor.py:826} INFO - Processing file /opt/airflow/dags/dags_email_operator.py for tasks to queue
[2023-08-23T00:41:26.673+0000] {logging_mixin.py:150} INFO - [2023-08-23T00:41:26.673+0000] {dagbag.py:541} INFO - Filling up the DagBag from /opt/airflow/dags/dags_email_operator.py
[2023-08-23T00:41:26.702+0000] {processor.py:836} INFO - DAG(s) dict_keys(['dags_email_operator']) retrieved from /opt/airflow/dags/dags_email_operator.py
[2023-08-23T00:41:26.722+0000] {logging_mixin.py:150} INFO - [2023-08-23T00:41:26.722+0000] {dag.py:2742} INFO - Sync 1 DAGs
[2023-08-23T00:41:26.749+0000] {logging_mixin.py:150} INFO - [2023-08-23T00:41:26.748+0000] {dag.py:3508} INFO - Setting next_dagrun for dags_email_operator to 2023-08-01T08:00:00+00:00, run_after=2023-09-01T08:00:00+00:00
[2023-08-23T00:41:26.786+0000] {processor.py:179} INFO - Processing /opt/airflow/dags/dags_email_operator.py took 0.117 seconds
[2023-08-23T00:41:57.236+0000] {processor.py:157} INFO - Started process (PID=3111) to work on /opt/airflow/dags/dags_email_operator.py
[2023-08-23T00:41:57.237+0000] {processor.py:826} INFO - Processing file /opt/airflow/dags/dags_email_operator.py for tasks to queue
[2023-08-23T00:41:57.238+0000] {logging_mixin.py:150} INFO - [2023-08-23T00:41:57.238+0000] {dagbag.py:541} INFO - Filling up the DagBag from /opt/airflow/dags/dags_email_operator.py
[2023-08-23T00:41:57.267+0000] {processor.py:836} INFO - DAG(s) dict_keys(['dags_email_operator']) retrieved from /opt/airflow/dags/dags_email_operator.py
[2023-08-23T00:41:57.287+0000] {logging_mixin.py:150} INFO - [2023-08-23T00:41:57.287+0000] {dag.py:2742} INFO - Sync 1 DAGs
[2023-08-23T00:41:57.315+0000] {logging_mixin.py:150} INFO - [2023-08-23T00:41:57.315+0000] {dag.py:3508} INFO - Setting next_dagrun for dags_email_operator to 2023-08-01T08:00:00+00:00, run_after=2023-09-01T08:00:00+00:00
[2023-08-23T00:41:57.352+0000] {processor.py:179} INFO - Processing /opt/airflow/dags/dags_email_operator.py took 0.118 seconds
[2023-08-23T00:42:27.744+0000] {processor.py:157} INFO - Started process (PID=3186) to work on /opt/airflow/dags/dags_email_operator.py
[2023-08-23T00:42:27.745+0000] {processor.py:826} INFO - Processing file /opt/airflow/dags/dags_email_operator.py for tasks to queue
[2023-08-23T00:42:27.746+0000] {logging_mixin.py:150} INFO - [2023-08-23T00:42:27.746+0000] {dagbag.py:541} INFO - Filling up the DagBag from /opt/airflow/dags/dags_email_operator.py
[2023-08-23T00:42:27.775+0000] {processor.py:836} INFO - DAG(s) dict_keys(['dags_email_operator']) retrieved from /opt/airflow/dags/dags_email_operator.py
[2023-08-23T00:42:27.797+0000] {logging_mixin.py:150} INFO - [2023-08-23T00:42:27.797+0000] {dag.py:2742} INFO - Sync 1 DAGs
[2023-08-23T00:42:27.823+0000] {logging_mixin.py:150} INFO - [2023-08-23T00:42:27.823+0000] {dag.py:3508} INFO - Setting next_dagrun for dags_email_operator to 2023-08-01T08:00:00+00:00, run_after=2023-09-01T08:00:00+00:00
[2023-08-23T00:42:27.879+0000] {processor.py:179} INFO - Processing /opt/airflow/dags/dags_email_operator.py took 0.137 seconds
[2023-08-23T00:42:58.384+0000] {processor.py:157} INFO - Started process (PID=3261) to work on /opt/airflow/dags/dags_email_operator.py
[2023-08-23T00:42:58.385+0000] {processor.py:826} INFO - Processing file /opt/airflow/dags/dags_email_operator.py for tasks to queue
[2023-08-23T00:42:58.386+0000] {logging_mixin.py:150} INFO - [2023-08-23T00:42:58.386+0000] {dagbag.py:541} INFO - Filling up the DagBag from /opt/airflow/dags/dags_email_operator.py
[2023-08-23T00:42:58.415+0000] {processor.py:836} INFO - DAG(s) dict_keys(['dags_email_operator']) retrieved from /opt/airflow/dags/dags_email_operator.py
[2023-08-23T00:42:58.438+0000] {logging_mixin.py:150} INFO - [2023-08-23T00:42:58.438+0000] {dag.py:2742} INFO - Sync 1 DAGs
[2023-08-23T00:42:58.465+0000] {logging_mixin.py:150} INFO - [2023-08-23T00:42:58.465+0000] {dag.py:3508} INFO - Setting next_dagrun for dags_email_operator to 2023-08-01T08:00:00+00:00, run_after=2023-09-01T08:00:00+00:00
[2023-08-23T00:42:58.529+0000] {processor.py:179} INFO - Processing /opt/airflow/dags/dags_email_operator.py took 0.148 seconds
[2023-08-23T00:43:29.179+0000] {processor.py:157} INFO - Started process (PID=3336) to work on /opt/airflow/dags/dags_email_operator.py
[2023-08-23T00:43:29.180+0000] {processor.py:826} INFO - Processing file /opt/airflow/dags/dags_email_operator.py for tasks to queue
[2023-08-23T00:43:29.181+0000] {logging_mixin.py:150} INFO - [2023-08-23T00:43:29.181+0000] {dagbag.py:541} INFO - Filling up the DagBag from /opt/airflow/dags/dags_email_operator.py
[2023-08-23T00:43:29.211+0000] {processor.py:836} INFO - DAG(s) dict_keys(['dags_email_operator']) retrieved from /opt/airflow/dags/dags_email_operator.py
[2023-08-23T00:43:29.232+0000] {logging_mixin.py:150} INFO - [2023-08-23T00:43:29.231+0000] {dag.py:2742} INFO - Sync 1 DAGs
[2023-08-23T00:43:29.257+0000] {logging_mixin.py:150} INFO - [2023-08-23T00:43:29.257+0000] {dag.py:3508} INFO - Setting next_dagrun for dags_email_operator to 2023-08-01T08:00:00+00:00, run_after=2023-09-01T08:00:00+00:00
[2023-08-23T00:43:29.299+0000] {processor.py:179} INFO - Processing /opt/airflow/dags/dags_email_operator.py took 0.123 seconds
[2023-08-23T00:43:59.523+0000] {processor.py:157} INFO - Started process (PID=3411) to work on /opt/airflow/dags/dags_email_operator.py
[2023-08-23T00:43:59.524+0000] {processor.py:826} INFO - Processing file /opt/airflow/dags/dags_email_operator.py for tasks to queue
[2023-08-23T00:43:59.525+0000] {logging_mixin.py:150} INFO - [2023-08-23T00:43:59.524+0000] {dagbag.py:541} INFO - Filling up the DagBag from /opt/airflow/dags/dags_email_operator.py
[2023-08-23T00:43:59.553+0000] {processor.py:836} INFO - DAG(s) dict_keys(['dags_email_operator']) retrieved from /opt/airflow/dags/dags_email_operator.py
[2023-08-23T00:43:59.579+0000] {logging_mixin.py:150} INFO - [2023-08-23T00:43:59.578+0000] {dag.py:2742} INFO - Sync 1 DAGs
[2023-08-23T00:43:59.605+0000] {logging_mixin.py:150} INFO - [2023-08-23T00:43:59.605+0000] {dag.py:3508} INFO - Setting next_dagrun for dags_email_operator to 2023-08-01T08:00:00+00:00, run_after=2023-09-01T08:00:00+00:00
[2023-08-23T00:43:59.645+0000] {processor.py:179} INFO - Processing /opt/airflow/dags/dags_email_operator.py took 0.126 seconds
[2023-08-23T00:44:29.793+0000] {processor.py:157} INFO - Started process (PID=3486) to work on /opt/airflow/dags/dags_email_operator.py
[2023-08-23T00:44:29.794+0000] {processor.py:826} INFO - Processing file /opt/airflow/dags/dags_email_operator.py for tasks to queue
[2023-08-23T00:44:29.795+0000] {logging_mixin.py:150} INFO - [2023-08-23T00:44:29.795+0000] {dagbag.py:541} INFO - Filling up the DagBag from /opt/airflow/dags/dags_email_operator.py
[2023-08-23T00:44:29.822+0000] {processor.py:836} INFO - DAG(s) dict_keys(['dags_email_operator']) retrieved from /opt/airflow/dags/dags_email_operator.py
[2023-08-23T00:44:29.843+0000] {logging_mixin.py:150} INFO - [2023-08-23T00:44:29.843+0000] {dag.py:2742} INFO - Sync 1 DAGs
[2023-08-23T00:44:29.868+0000] {logging_mixin.py:150} INFO - [2023-08-23T00:44:29.868+0000] {dag.py:3508} INFO - Setting next_dagrun for dags_email_operator to 2023-08-01T08:00:00+00:00, run_after=2023-09-01T08:00:00+00:00
[2023-08-23T00:44:29.903+0000] {processor.py:179} INFO - Processing /opt/airflow/dags/dags_email_operator.py took 0.112 seconds
[2023-08-23T00:45:00.181+0000] {processor.py:157} INFO - Started process (PID=3561) to work on /opt/airflow/dags/dags_email_operator.py
[2023-08-23T00:45:00.182+0000] {processor.py:826} INFO - Processing file /opt/airflow/dags/dags_email_operator.py for tasks to queue
[2023-08-23T00:45:00.183+0000] {logging_mixin.py:150} INFO - [2023-08-23T00:45:00.182+0000] {dagbag.py:541} INFO - Filling up the DagBag from /opt/airflow/dags/dags_email_operator.py
[2023-08-23T00:45:00.211+0000] {processor.py:836} INFO - DAG(s) dict_keys(['dags_email_operator']) retrieved from /opt/airflow/dags/dags_email_operator.py
[2023-08-23T00:45:00.231+0000] {logging_mixin.py:150} INFO - [2023-08-23T00:45:00.231+0000] {dag.py:2742} INFO - Sync 1 DAGs
[2023-08-23T00:45:00.258+0000] {logging_mixin.py:150} INFO - [2023-08-23T00:45:00.258+0000] {dag.py:3508} INFO - Setting next_dagrun for dags_email_operator to 2023-08-01T08:00:00+00:00, run_after=2023-09-01T08:00:00+00:00
[2023-08-23T00:45:00.294+0000] {processor.py:179} INFO - Processing /opt/airflow/dags/dags_email_operator.py took 0.116 seconds
[2023-08-23T00:45:30.557+0000] {processor.py:157} INFO - Started process (PID=3636) to work on /opt/airflow/dags/dags_email_operator.py
[2023-08-23T00:45:30.558+0000] {processor.py:826} INFO - Processing file /opt/airflow/dags/dags_email_operator.py for tasks to queue
[2023-08-23T00:45:30.559+0000] {logging_mixin.py:150} INFO - [2023-08-23T00:45:30.559+0000] {dagbag.py:541} INFO - Filling up the DagBag from /opt/airflow/dags/dags_email_operator.py
[2023-08-23T00:45:30.587+0000] {processor.py:836} INFO - DAG(s) dict_keys(['dags_email_operator']) retrieved from /opt/airflow/dags/dags_email_operator.py
[2023-08-23T00:45:30.608+0000] {logging_mixin.py:150} INFO - [2023-08-23T00:45:30.607+0000] {dag.py:2742} INFO - Sync 1 DAGs
[2023-08-23T00:45:30.637+0000] {logging_mixin.py:150} INFO - [2023-08-23T00:45:30.637+0000] {dag.py:3508} INFO - Setting next_dagrun for dags_email_operator to 2023-08-01T08:00:00+00:00, run_after=2023-09-01T08:00:00+00:00
[2023-08-23T00:45:30.675+0000] {processor.py:179} INFO - Processing /opt/airflow/dags/dags_email_operator.py took 0.120 seconds
[2023-08-23T00:46:01.157+0000] {processor.py:157} INFO - Started process (PID=3711) to work on /opt/airflow/dags/dags_email_operator.py
[2023-08-23T00:46:01.158+0000] {processor.py:826} INFO - Processing file /opt/airflow/dags/dags_email_operator.py for tasks to queue
[2023-08-23T00:46:01.160+0000] {logging_mixin.py:150} INFO - [2023-08-23T00:46:01.159+0000] {dagbag.py:541} INFO - Filling up the DagBag from /opt/airflow/dags/dags_email_operator.py
[2023-08-23T00:46:01.192+0000] {processor.py:836} INFO - DAG(s) dict_keys(['dags_email_operator']) retrieved from /opt/airflow/dags/dags_email_operator.py
[2023-08-23T00:46:01.215+0000] {logging_mixin.py:150} INFO - [2023-08-23T00:46:01.215+0000] {dag.py:2742} INFO - Sync 1 DAGs
[2023-08-23T00:46:01.240+0000] {logging_mixin.py:150} INFO - [2023-08-23T00:46:01.240+0000] {dag.py:3508} INFO - Setting next_dagrun for dags_email_operator to 2023-08-01T08:00:00+00:00, run_after=2023-09-01T08:00:00+00:00
[2023-08-23T00:46:01.280+0000] {processor.py:179} INFO - Processing /opt/airflow/dags/dags_email_operator.py took 0.126 seconds
[2023-08-23T00:46:31.774+0000] {processor.py:157} INFO - Started process (PID=3786) to work on /opt/airflow/dags/dags_email_operator.py
[2023-08-23T00:46:31.775+0000] {processor.py:826} INFO - Processing file /opt/airflow/dags/dags_email_operator.py for tasks to queue
[2023-08-23T00:46:31.776+0000] {logging_mixin.py:150} INFO - [2023-08-23T00:46:31.776+0000] {dagbag.py:541} INFO - Filling up the DagBag from /opt/airflow/dags/dags_email_operator.py
[2023-08-23T00:46:31.806+0000] {processor.py:836} INFO - DAG(s) dict_keys(['dags_email_operator']) retrieved from /opt/airflow/dags/dags_email_operator.py
[2023-08-23T00:46:31.826+0000] {logging_mixin.py:150} INFO - [2023-08-23T00:46:31.826+0000] {dag.py:2742} INFO - Sync 1 DAGs
[2023-08-23T00:46:31.853+0000] {logging_mixin.py:150} INFO - [2023-08-23T00:46:31.853+0000] {dag.py:3508} INFO - Setting next_dagrun for dags_email_operator to 2023-08-01T08:00:00+00:00, run_after=2023-09-01T08:00:00+00:00
[2023-08-23T00:46:31.889+0000] {processor.py:179} INFO - Processing /opt/airflow/dags/dags_email_operator.py took 0.117 seconds
[2023-08-23T00:47:02.160+0000] {processor.py:157} INFO - Started process (PID=3861) to work on /opt/airflow/dags/dags_email_operator.py
[2023-08-23T00:47:02.161+0000] {processor.py:826} INFO - Processing file /opt/airflow/dags/dags_email_operator.py for tasks to queue
[2023-08-23T00:47:02.162+0000] {logging_mixin.py:150} INFO - [2023-08-23T00:47:02.162+0000] {dagbag.py:541} INFO - Filling up the DagBag from /opt/airflow/dags/dags_email_operator.py
[2023-08-23T00:47:02.193+0000] {processor.py:836} INFO - DAG(s) dict_keys(['dags_email_operator']) retrieved from /opt/airflow/dags/dags_email_operator.py
[2023-08-23T00:47:02.218+0000] {logging_mixin.py:150} INFO - [2023-08-23T00:47:02.217+0000] {dag.py:2742} INFO - Sync 1 DAGs
[2023-08-23T00:47:02.243+0000] {logging_mixin.py:150} INFO - [2023-08-23T00:47:02.242+0000] {dag.py:3508} INFO - Setting next_dagrun for dags_email_operator to 2023-08-01T08:00:00+00:00, run_after=2023-09-01T08:00:00+00:00
[2023-08-23T00:47:02.280+0000] {processor.py:179} INFO - Processing /opt/airflow/dags/dags_email_operator.py took 0.123 seconds
[2023-08-23T00:47:32.725+0000] {processor.py:157} INFO - Started process (PID=3936) to work on /opt/airflow/dags/dags_email_operator.py
[2023-08-23T00:47:32.726+0000] {processor.py:826} INFO - Processing file /opt/airflow/dags/dags_email_operator.py for tasks to queue
[2023-08-23T00:47:32.727+0000] {logging_mixin.py:150} INFO - [2023-08-23T00:47:32.727+0000] {dagbag.py:541} INFO - Filling up the DagBag from /opt/airflow/dags/dags_email_operator.py
[2023-08-23T00:47:32.755+0000] {processor.py:836} INFO - DAG(s) dict_keys(['dags_email_operator']) retrieved from /opt/airflow/dags/dags_email_operator.py
[2023-08-23T00:47:32.778+0000] {logging_mixin.py:150} INFO - [2023-08-23T00:47:32.778+0000] {dag.py:2742} INFO - Sync 1 DAGs
[2023-08-23T00:47:32.804+0000] {logging_mixin.py:150} INFO - [2023-08-23T00:47:32.804+0000] {dag.py:3508} INFO - Setting next_dagrun for dags_email_operator to 2023-08-01T08:00:00+00:00, run_after=2023-09-01T08:00:00+00:00
[2023-08-23T00:47:32.841+0000] {processor.py:179} INFO - Processing /opt/airflow/dags/dags_email_operator.py took 0.119 seconds
[2023-08-23T00:48:03.447+0000] {processor.py:157} INFO - Started process (PID=4011) to work on /opt/airflow/dags/dags_email_operator.py
[2023-08-23T00:48:03.448+0000] {processor.py:826} INFO - Processing file /opt/airflow/dags/dags_email_operator.py for tasks to queue
[2023-08-23T00:48:03.449+0000] {logging_mixin.py:150} INFO - [2023-08-23T00:48:03.449+0000] {dagbag.py:541} INFO - Filling up the DagBag from /opt/airflow/dags/dags_email_operator.py
[2023-08-23T00:48:03.477+0000] {processor.py:836} INFO - DAG(s) dict_keys(['dags_email_operator']) retrieved from /opt/airflow/dags/dags_email_operator.py
[2023-08-23T00:48:03.496+0000] {logging_mixin.py:150} INFO - [2023-08-23T00:48:03.496+0000] {dag.py:2742} INFO - Sync 1 DAGs
[2023-08-23T00:48:03.523+0000] {logging_mixin.py:150} INFO - [2023-08-23T00:48:03.522+0000] {dag.py:3508} INFO - Setting next_dagrun for dags_email_operator to 2023-08-01T08:00:00+00:00, run_after=2023-09-01T08:00:00+00:00
[2023-08-23T00:48:03.558+0000] {processor.py:179} INFO - Processing /opt/airflow/dags/dags_email_operator.py took 0.114 seconds
[2023-08-23T00:48:34.137+0000] {processor.py:157} INFO - Started process (PID=4086) to work on /opt/airflow/dags/dags_email_operator.py
[2023-08-23T00:48:34.138+0000] {processor.py:826} INFO - Processing file /opt/airflow/dags/dags_email_operator.py for tasks to queue
[2023-08-23T00:48:34.139+0000] {logging_mixin.py:150} INFO - [2023-08-23T00:48:34.139+0000] {dagbag.py:541} INFO - Filling up the DagBag from /opt/airflow/dags/dags_email_operator.py
[2023-08-23T00:48:34.168+0000] {processor.py:836} INFO - DAG(s) dict_keys(['dags_email_operator']) retrieved from /opt/airflow/dags/dags_email_operator.py
[2023-08-23T00:48:34.191+0000] {logging_mixin.py:150} INFO - [2023-08-23T00:48:34.190+0000] {dag.py:2742} INFO - Sync 1 DAGs
[2023-08-23T00:48:34.216+0000] {logging_mixin.py:150} INFO - [2023-08-23T00:48:34.215+0000] {dag.py:3508} INFO - Setting next_dagrun for dags_email_operator to 2023-08-01T08:00:00+00:00, run_after=2023-09-01T08:00:00+00:00
[2023-08-23T00:48:34.253+0000] {processor.py:179} INFO - Processing /opt/airflow/dags/dags_email_operator.py took 0.119 seconds
[2023-08-23T00:49:04.612+0000] {processor.py:157} INFO - Started process (PID=4161) to work on /opt/airflow/dags/dags_email_operator.py
[2023-08-23T00:49:04.613+0000] {processor.py:826} INFO - Processing file /opt/airflow/dags/dags_email_operator.py for tasks to queue
[2023-08-23T00:49:04.614+0000] {logging_mixin.py:150} INFO - [2023-08-23T00:49:04.614+0000] {dagbag.py:541} INFO - Filling up the DagBag from /opt/airflow/dags/dags_email_operator.py
[2023-08-23T00:49:04.643+0000] {processor.py:836} INFO - DAG(s) dict_keys(['dags_email_operator']) retrieved from /opt/airflow/dags/dags_email_operator.py
[2023-08-23T00:49:04.666+0000] {logging_mixin.py:150} INFO - [2023-08-23T00:49:04.666+0000] {dag.py:2742} INFO - Sync 1 DAGs
[2023-08-23T00:49:04.691+0000] {logging_mixin.py:150} INFO - [2023-08-23T00:49:04.691+0000] {dag.py:3508} INFO - Setting next_dagrun for dags_email_operator to 2023-08-01T08:00:00+00:00, run_after=2023-09-01T08:00:00+00:00
[2023-08-23T00:49:04.729+0000] {processor.py:179} INFO - Processing /opt/airflow/dags/dags_email_operator.py took 0.119 seconds
[2023-08-23T00:49:34.911+0000] {processor.py:157} INFO - Started process (PID=4236) to work on /opt/airflow/dags/dags_email_operator.py
[2023-08-23T00:49:34.912+0000] {processor.py:826} INFO - Processing file /opt/airflow/dags/dags_email_operator.py for tasks to queue
[2023-08-23T00:49:34.913+0000] {logging_mixin.py:150} INFO - [2023-08-23T00:49:34.913+0000] {dagbag.py:541} INFO - Filling up the DagBag from /opt/airflow/dags/dags_email_operator.py
[2023-08-23T00:49:34.943+0000] {processor.py:836} INFO - DAG(s) dict_keys(['dags_email_operator']) retrieved from /opt/airflow/dags/dags_email_operator.py
[2023-08-23T00:49:34.964+0000] {logging_mixin.py:150} INFO - [2023-08-23T00:49:34.964+0000] {dag.py:2742} INFO - Sync 1 DAGs
[2023-08-23T00:49:34.988+0000] {logging_mixin.py:150} INFO - [2023-08-23T00:49:34.988+0000] {dag.py:3508} INFO - Setting next_dagrun for dags_email_operator to 2023-08-01T08:00:00+00:00, run_after=2023-09-01T08:00:00+00:00
[2023-08-23T00:49:35.010+0000] {processor.py:179} INFO - Processing /opt/airflow/dags/dags_email_operator.py took 0.101 seconds
[2023-08-23T00:50:05.291+0000] {processor.py:157} INFO - Started process (PID=4311) to work on /opt/airflow/dags/dags_email_operator.py
[2023-08-23T00:50:05.292+0000] {processor.py:826} INFO - Processing file /opt/airflow/dags/dags_email_operator.py for tasks to queue
[2023-08-23T00:50:05.293+0000] {logging_mixin.py:150} INFO - [2023-08-23T00:50:05.293+0000] {dagbag.py:541} INFO - Filling up the DagBag from /opt/airflow/dags/dags_email_operator.py
[2023-08-23T00:50:05.322+0000] {processor.py:836} INFO - DAG(s) dict_keys(['dags_email_operator']) retrieved from /opt/airflow/dags/dags_email_operator.py
[2023-08-23T00:50:05.345+0000] {logging_mixin.py:150} INFO - [2023-08-23T00:50:05.345+0000] {dag.py:2742} INFO - Sync 1 DAGs
[2023-08-23T00:50:05.371+0000] {logging_mixin.py:150} INFO - [2023-08-23T00:50:05.371+0000] {dag.py:3508} INFO - Setting next_dagrun for dags_email_operator to 2023-08-01T08:00:00+00:00, run_after=2023-09-01T08:00:00+00:00
[2023-08-23T00:50:05.410+0000] {processor.py:179} INFO - Processing /opt/airflow/dags/dags_email_operator.py took 0.122 seconds
[2023-08-23T00:50:35.581+0000] {processor.py:157} INFO - Started process (PID=4386) to work on /opt/airflow/dags/dags_email_operator.py
[2023-08-23T00:50:35.582+0000] {processor.py:826} INFO - Processing file /opt/airflow/dags/dags_email_operator.py for tasks to queue
[2023-08-23T00:50:35.583+0000] {logging_mixin.py:150} INFO - [2023-08-23T00:50:35.582+0000] {dagbag.py:541} INFO - Filling up the DagBag from /opt/airflow/dags/dags_email_operator.py
[2023-08-23T00:50:35.611+0000] {processor.py:836} INFO - DAG(s) dict_keys(['dags_email_operator']) retrieved from /opt/airflow/dags/dags_email_operator.py
[2023-08-23T00:50:35.630+0000] {logging_mixin.py:150} INFO - [2023-08-23T00:50:35.630+0000] {dag.py:2742} INFO - Sync 1 DAGs
[2023-08-23T00:50:35.654+0000] {logging_mixin.py:150} INFO - [2023-08-23T00:50:35.654+0000] {dag.py:3508} INFO - Setting next_dagrun for dags_email_operator to 2023-08-01T08:00:00+00:00, run_after=2023-09-01T08:00:00+00:00
[2023-08-23T00:50:35.689+0000] {processor.py:179} INFO - Processing /opt/airflow/dags/dags_email_operator.py took 0.111 seconds
[2023-08-23T00:51:06.026+0000] {processor.py:157} INFO - Started process (PID=4461) to work on /opt/airflow/dags/dags_email_operator.py
[2023-08-23T00:51:06.027+0000] {processor.py:826} INFO - Processing file /opt/airflow/dags/dags_email_operator.py for tasks to queue
[2023-08-23T00:51:06.028+0000] {logging_mixin.py:150} INFO - [2023-08-23T00:51:06.028+0000] {dagbag.py:541} INFO - Filling up the DagBag from /opt/airflow/dags/dags_email_operator.py
[2023-08-23T00:51:06.058+0000] {processor.py:836} INFO - DAG(s) dict_keys(['dags_email_operator']) retrieved from /opt/airflow/dags/dags_email_operator.py
[2023-08-23T00:51:06.078+0000] {logging_mixin.py:150} INFO - [2023-08-23T00:51:06.078+0000] {dag.py:2742} INFO - Sync 1 DAGs
[2023-08-23T00:51:06.104+0000] {logging_mixin.py:150} INFO - [2023-08-23T00:51:06.104+0000] {dag.py:3508} INFO - Setting next_dagrun for dags_email_operator to 2023-08-01T08:00:00+00:00, run_after=2023-09-01T08:00:00+00:00
[2023-08-23T00:51:06.147+0000] {processor.py:179} INFO - Processing /opt/airflow/dags/dags_email_operator.py took 0.123 seconds
[2023-08-23T00:51:36.256+0000] {processor.py:157} INFO - Started process (PID=4536) to work on /opt/airflow/dags/dags_email_operator.py
[2023-08-23T00:51:36.257+0000] {processor.py:826} INFO - Processing file /opt/airflow/dags/dags_email_operator.py for tasks to queue
[2023-08-23T00:51:36.259+0000] {logging_mixin.py:150} INFO - [2023-08-23T00:51:36.259+0000] {dagbag.py:541} INFO - Filling up the DagBag from /opt/airflow/dags/dags_email_operator.py
[2023-08-23T00:51:36.287+0000] {processor.py:836} INFO - DAG(s) dict_keys(['dags_email_operator']) retrieved from /opt/airflow/dags/dags_email_operator.py
[2023-08-23T00:51:36.309+0000] {logging_mixin.py:150} INFO - [2023-08-23T00:51:36.309+0000] {dag.py:2742} INFO - Sync 1 DAGs
[2023-08-23T00:51:36.335+0000] {logging_mixin.py:150} INFO - [2023-08-23T00:51:36.335+0000] {dag.py:3508} INFO - Setting next_dagrun for dags_email_operator to 2023-08-01T08:00:00+00:00, run_after=2023-09-01T08:00:00+00:00
[2023-08-23T00:51:36.375+0000] {processor.py:179} INFO - Processing /opt/airflow/dags/dags_email_operator.py took 0.122 seconds
