[2023-08-23T00:21:07.278+0000] {processor.py:157} INFO - Started process (PID=40) to work on /home/airflow/.local/lib/python3.7/site-packages/airflow/example_dags/example_xcomargs.py
[2023-08-23T00:21:07.279+0000] {processor.py:826} INFO - Processing file /home/airflow/.local/lib/python3.7/site-packages/airflow/example_dags/example_xcomargs.py for tasks to queue
[2023-08-23T00:21:07.280+0000] {logging_mixin.py:150} INFO - [2023-08-23T00:21:07.280+0000] {dagbag.py:541} INFO - Filling up the DagBag from /home/airflow/.local/lib/python3.7/site-packages/airflow/example_dags/example_xcomargs.py
[2023-08-23T00:21:07.290+0000] {processor.py:836} INFO - DAG(s) dict_keys(['example_xcom_args_with_operators', 'example_xcom_args']) retrieved from /home/airflow/.local/lib/python3.7/site-packages/airflow/example_dags/example_xcomargs.py
[2023-08-23T00:21:07.304+0000] {logging_mixin.py:150} INFO - [2023-08-23T00:21:07.303+0000] {dag.py:2742} INFO - Sync 2 DAGs
[2023-08-23T00:21:07.336+0000] {logging_mixin.py:150} INFO - [2023-08-23T00:21:07.336+0000] {dag.py:3508} INFO - Setting next_dagrun for example_xcom_args to None, run_after=None
[2023-08-23T00:21:07.341+0000] {logging_mixin.py:150} INFO - [2023-08-23T00:21:07.341+0000] {dag.py:3508} INFO - Setting next_dagrun for example_xcom_args_with_operators to None, run_after=None
[2023-08-23T00:21:07.482+0000] {processor.py:179} INFO - Processing /home/airflow/.local/lib/python3.7/site-packages/airflow/example_dags/example_xcomargs.py took 0.208 seconds
[2023-08-23T00:21:37.654+0000] {processor.py:157} INFO - Started process (PID=115) to work on /home/airflow/.local/lib/python3.7/site-packages/airflow/example_dags/example_xcomargs.py
[2023-08-23T00:21:37.655+0000] {processor.py:826} INFO - Processing file /home/airflow/.local/lib/python3.7/site-packages/airflow/example_dags/example_xcomargs.py for tasks to queue
[2023-08-23T00:21:37.656+0000] {logging_mixin.py:150} INFO - [2023-08-23T00:21:37.655+0000] {dagbag.py:541} INFO - Filling up the DagBag from /home/airflow/.local/lib/python3.7/site-packages/airflow/example_dags/example_xcomargs.py
[2023-08-23T00:21:37.663+0000] {processor.py:836} INFO - DAG(s) dict_keys(['example_xcom_args_with_operators', 'example_xcom_args']) retrieved from /home/airflow/.local/lib/python3.7/site-packages/airflow/example_dags/example_xcomargs.py
[2023-08-23T00:21:37.692+0000] {logging_mixin.py:150} INFO - [2023-08-23T00:21:37.692+0000] {dag.py:2742} INFO - Sync 2 DAGs
[2023-08-23T00:21:37.720+0000] {logging_mixin.py:150} INFO - [2023-08-23T00:21:37.720+0000] {dag.py:3508} INFO - Setting next_dagrun for example_xcom_args to None, run_after=None
[2023-08-23T00:21:37.723+0000] {logging_mixin.py:150} INFO - [2023-08-23T00:21:37.723+0000] {dag.py:3508} INFO - Setting next_dagrun for example_xcom_args_with_operators to None, run_after=None
[2023-08-23T00:21:37.757+0000] {processor.py:179} INFO - Processing /home/airflow/.local/lib/python3.7/site-packages/airflow/example_dags/example_xcomargs.py took 0.106 seconds
[2023-08-23T00:22:08.095+0000] {processor.py:157} INFO - Started process (PID=190) to work on /home/airflow/.local/lib/python3.7/site-packages/airflow/example_dags/example_xcomargs.py
[2023-08-23T00:22:08.097+0000] {processor.py:826} INFO - Processing file /home/airflow/.local/lib/python3.7/site-packages/airflow/example_dags/example_xcomargs.py for tasks to queue
[2023-08-23T00:22:08.098+0000] {logging_mixin.py:150} INFO - [2023-08-23T00:22:08.098+0000] {dagbag.py:541} INFO - Filling up the DagBag from /home/airflow/.local/lib/python3.7/site-packages/airflow/example_dags/example_xcomargs.py
[2023-08-23T00:22:08.108+0000] {processor.py:836} INFO - DAG(s) dict_keys(['example_xcom_args_with_operators', 'example_xcom_args']) retrieved from /home/airflow/.local/lib/python3.7/site-packages/airflow/example_dags/example_xcomargs.py
[2023-08-23T00:22:08.141+0000] {logging_mixin.py:150} INFO - [2023-08-23T00:22:08.141+0000] {dag.py:2742} INFO - Sync 2 DAGs
[2023-08-23T00:22:08.168+0000] {logging_mixin.py:150} INFO - [2023-08-23T00:22:08.167+0000] {dag.py:3508} INFO - Setting next_dagrun for example_xcom_args to None, run_after=None
[2023-08-23T00:22:08.172+0000] {logging_mixin.py:150} INFO - [2023-08-23T00:22:08.171+0000] {dag.py:3508} INFO - Setting next_dagrun for example_xcom_args_with_operators to None, run_after=None
[2023-08-23T00:22:08.207+0000] {processor.py:179} INFO - Processing /home/airflow/.local/lib/python3.7/site-packages/airflow/example_dags/example_xcomargs.py took 0.114 seconds
[2023-08-23T00:22:38.412+0000] {processor.py:157} INFO - Started process (PID=265) to work on /home/airflow/.local/lib/python3.7/site-packages/airflow/example_dags/example_xcomargs.py
[2023-08-23T00:22:38.413+0000] {processor.py:826} INFO - Processing file /home/airflow/.local/lib/python3.7/site-packages/airflow/example_dags/example_xcomargs.py for tasks to queue
[2023-08-23T00:22:38.414+0000] {logging_mixin.py:150} INFO - [2023-08-23T00:22:38.414+0000] {dagbag.py:541} INFO - Filling up the DagBag from /home/airflow/.local/lib/python3.7/site-packages/airflow/example_dags/example_xcomargs.py
[2023-08-23T00:22:38.421+0000] {processor.py:836} INFO - DAG(s) dict_keys(['example_xcom_args_with_operators', 'example_xcom_args']) retrieved from /home/airflow/.local/lib/python3.7/site-packages/airflow/example_dags/example_xcomargs.py
[2023-08-23T00:22:38.447+0000] {logging_mixin.py:150} INFO - [2023-08-23T00:22:38.447+0000] {dag.py:2742} INFO - Sync 2 DAGs
[2023-08-23T00:22:38.474+0000] {logging_mixin.py:150} INFO - [2023-08-23T00:22:38.474+0000] {dag.py:3508} INFO - Setting next_dagrun for example_xcom_args to None, run_after=None
[2023-08-23T00:22:38.478+0000] {logging_mixin.py:150} INFO - [2023-08-23T00:22:38.478+0000] {dag.py:3508} INFO - Setting next_dagrun for example_xcom_args_with_operators to None, run_after=None
[2023-08-23T00:22:38.512+0000] {processor.py:179} INFO - Processing /home/airflow/.local/lib/python3.7/site-packages/airflow/example_dags/example_xcomargs.py took 0.103 seconds
[2023-08-23T00:23:09.048+0000] {processor.py:157} INFO - Started process (PID=340) to work on /home/airflow/.local/lib/python3.7/site-packages/airflow/example_dags/example_xcomargs.py
[2023-08-23T00:23:09.049+0000] {processor.py:826} INFO - Processing file /home/airflow/.local/lib/python3.7/site-packages/airflow/example_dags/example_xcomargs.py for tasks to queue
[2023-08-23T00:23:09.050+0000] {logging_mixin.py:150} INFO - [2023-08-23T00:23:09.050+0000] {dagbag.py:541} INFO - Filling up the DagBag from /home/airflow/.local/lib/python3.7/site-packages/airflow/example_dags/example_xcomargs.py
[2023-08-23T00:23:09.057+0000] {processor.py:836} INFO - DAG(s) dict_keys(['example_xcom_args', 'example_xcom_args_with_operators']) retrieved from /home/airflow/.local/lib/python3.7/site-packages/airflow/example_dags/example_xcomargs.py
[2023-08-23T00:23:09.085+0000] {logging_mixin.py:150} INFO - [2023-08-23T00:23:09.085+0000] {dag.py:2742} INFO - Sync 2 DAGs
[2023-08-23T00:23:09.119+0000] {logging_mixin.py:150} INFO - [2023-08-23T00:23:09.119+0000] {dag.py:3508} INFO - Setting next_dagrun for example_xcom_args to None, run_after=None
[2023-08-23T00:23:09.124+0000] {logging_mixin.py:150} INFO - [2023-08-23T00:23:09.123+0000] {dag.py:3508} INFO - Setting next_dagrun for example_xcom_args_with_operators to None, run_after=None
[2023-08-23T00:23:09.241+0000] {processor.py:179} INFO - Processing /home/airflow/.local/lib/python3.7/site-packages/airflow/example_dags/example_xcomargs.py took 0.195 seconds
[2023-08-23T00:23:39.688+0000] {processor.py:157} INFO - Started process (PID=415) to work on /home/airflow/.local/lib/python3.7/site-packages/airflow/example_dags/example_xcomargs.py
[2023-08-23T00:23:39.689+0000] {processor.py:826} INFO - Processing file /home/airflow/.local/lib/python3.7/site-packages/airflow/example_dags/example_xcomargs.py for tasks to queue
[2023-08-23T00:23:39.690+0000] {logging_mixin.py:150} INFO - [2023-08-23T00:23:39.690+0000] {dagbag.py:541} INFO - Filling up the DagBag from /home/airflow/.local/lib/python3.7/site-packages/airflow/example_dags/example_xcomargs.py
[2023-08-23T00:23:39.698+0000] {processor.py:836} INFO - DAG(s) dict_keys(['example_xcom_args', 'example_xcom_args_with_operators']) retrieved from /home/airflow/.local/lib/python3.7/site-packages/airflow/example_dags/example_xcomargs.py
[2023-08-23T00:23:39.727+0000] {logging_mixin.py:150} INFO - [2023-08-23T00:23:39.726+0000] {dag.py:2742} INFO - Sync 2 DAGs
[2023-08-23T00:23:39.754+0000] {logging_mixin.py:150} INFO - [2023-08-23T00:23:39.754+0000] {dag.py:3508} INFO - Setting next_dagrun for example_xcom_args to None, run_after=None
[2023-08-23T00:23:39.759+0000] {logging_mixin.py:150} INFO - [2023-08-23T00:23:39.759+0000] {dag.py:3508} INFO - Setting next_dagrun for example_xcom_args_with_operators to None, run_after=None
[2023-08-23T00:23:39.794+0000] {processor.py:179} INFO - Processing /home/airflow/.local/lib/python3.7/site-packages/airflow/example_dags/example_xcomargs.py took 0.109 seconds
[2023-08-23T00:24:10.160+0000] {processor.py:157} INFO - Started process (PID=490) to work on /home/airflow/.local/lib/python3.7/site-packages/airflow/example_dags/example_xcomargs.py
[2023-08-23T00:24:10.161+0000] {processor.py:826} INFO - Processing file /home/airflow/.local/lib/python3.7/site-packages/airflow/example_dags/example_xcomargs.py for tasks to queue
[2023-08-23T00:24:10.163+0000] {logging_mixin.py:150} INFO - [2023-08-23T00:24:10.162+0000] {dagbag.py:541} INFO - Filling up the DagBag from /home/airflow/.local/lib/python3.7/site-packages/airflow/example_dags/example_xcomargs.py
[2023-08-23T00:24:10.170+0000] {processor.py:836} INFO - DAG(s) dict_keys(['example_xcom_args', 'example_xcom_args_with_operators']) retrieved from /home/airflow/.local/lib/python3.7/site-packages/airflow/example_dags/example_xcomargs.py
[2023-08-23T00:24:10.198+0000] {logging_mixin.py:150} INFO - [2023-08-23T00:24:10.198+0000] {dag.py:2742} INFO - Sync 2 DAGs
[2023-08-23T00:24:10.229+0000] {logging_mixin.py:150} INFO - [2023-08-23T00:24:10.228+0000] {dag.py:3508} INFO - Setting next_dagrun for example_xcom_args to None, run_after=None
[2023-08-23T00:24:10.234+0000] {logging_mixin.py:150} INFO - [2023-08-23T00:24:10.233+0000] {dag.py:3508} INFO - Setting next_dagrun for example_xcom_args_with_operators to None, run_after=None
[2023-08-23T00:24:10.268+0000] {processor.py:179} INFO - Processing /home/airflow/.local/lib/python3.7/site-packages/airflow/example_dags/example_xcomargs.py took 0.110 seconds
[2023-08-23T00:24:40.640+0000] {processor.py:157} INFO - Started process (PID=565) to work on /home/airflow/.local/lib/python3.7/site-packages/airflow/example_dags/example_xcomargs.py
[2023-08-23T00:24:40.641+0000] {processor.py:826} INFO - Processing file /home/airflow/.local/lib/python3.7/site-packages/airflow/example_dags/example_xcomargs.py for tasks to queue
[2023-08-23T00:24:40.642+0000] {logging_mixin.py:150} INFO - [2023-08-23T00:24:40.642+0000] {dagbag.py:541} INFO - Filling up the DagBag from /home/airflow/.local/lib/python3.7/site-packages/airflow/example_dags/example_xcomargs.py
[2023-08-23T00:24:40.649+0000] {processor.py:836} INFO - DAG(s) dict_keys(['example_xcom_args', 'example_xcom_args_with_operators']) retrieved from /home/airflow/.local/lib/python3.7/site-packages/airflow/example_dags/example_xcomargs.py
[2023-08-23T00:24:40.676+0000] {logging_mixin.py:150} INFO - [2023-08-23T00:24:40.676+0000] {dag.py:2742} INFO - Sync 2 DAGs
[2023-08-23T00:24:40.700+0000] {logging_mixin.py:150} INFO - [2023-08-23T00:24:40.699+0000] {dag.py:3508} INFO - Setting next_dagrun for example_xcom_args to None, run_after=None
[2023-08-23T00:24:40.704+0000] {logging_mixin.py:150} INFO - [2023-08-23T00:24:40.703+0000] {dag.py:3508} INFO - Setting next_dagrun for example_xcom_args_with_operators to None, run_after=None
[2023-08-23T00:24:40.767+0000] {processor.py:179} INFO - Processing /home/airflow/.local/lib/python3.7/site-packages/airflow/example_dags/example_xcomargs.py took 0.130 seconds
[2023-08-23T00:25:10.812+0000] {processor.py:157} INFO - Started process (PID=640) to work on /home/airflow/.local/lib/python3.7/site-packages/airflow/example_dags/example_xcomargs.py
[2023-08-23T00:25:10.813+0000] {processor.py:826} INFO - Processing file /home/airflow/.local/lib/python3.7/site-packages/airflow/example_dags/example_xcomargs.py for tasks to queue
[2023-08-23T00:25:10.814+0000] {logging_mixin.py:150} INFO - [2023-08-23T00:25:10.814+0000] {dagbag.py:541} INFO - Filling up the DagBag from /home/airflow/.local/lib/python3.7/site-packages/airflow/example_dags/example_xcomargs.py
[2023-08-23T00:25:10.821+0000] {processor.py:836} INFO - DAG(s) dict_keys(['example_xcom_args_with_operators', 'example_xcom_args']) retrieved from /home/airflow/.local/lib/python3.7/site-packages/airflow/example_dags/example_xcomargs.py
[2023-08-23T00:25:10.844+0000] {logging_mixin.py:150} INFO - [2023-08-23T00:25:10.844+0000] {dag.py:2742} INFO - Sync 2 DAGs
[2023-08-23T00:25:10.866+0000] {logging_mixin.py:150} INFO - [2023-08-23T00:25:10.866+0000] {dag.py:3508} INFO - Setting next_dagrun for example_xcom_args to None, run_after=None
[2023-08-23T00:25:10.870+0000] {logging_mixin.py:150} INFO - [2023-08-23T00:25:10.870+0000] {dag.py:3508} INFO - Setting next_dagrun for example_xcom_args_with_operators to None, run_after=None
[2023-08-23T00:25:10.888+0000] {processor.py:179} INFO - Processing /home/airflow/.local/lib/python3.7/site-packages/airflow/example_dags/example_xcomargs.py took 0.079 seconds
[2023-08-23T00:25:41.266+0000] {processor.py:157} INFO - Started process (PID=715) to work on /home/airflow/.local/lib/python3.7/site-packages/airflow/example_dags/example_xcomargs.py
[2023-08-23T00:25:41.267+0000] {processor.py:826} INFO - Processing file /home/airflow/.local/lib/python3.7/site-packages/airflow/example_dags/example_xcomargs.py for tasks to queue
[2023-08-23T00:25:41.268+0000] {logging_mixin.py:150} INFO - [2023-08-23T00:25:41.268+0000] {dagbag.py:541} INFO - Filling up the DagBag from /home/airflow/.local/lib/python3.7/site-packages/airflow/example_dags/example_xcomargs.py
[2023-08-23T00:25:41.275+0000] {processor.py:836} INFO - DAG(s) dict_keys(['example_xcom_args', 'example_xcom_args_with_operators']) retrieved from /home/airflow/.local/lib/python3.7/site-packages/airflow/example_dags/example_xcomargs.py
[2023-08-23T00:25:41.302+0000] {logging_mixin.py:150} INFO - [2023-08-23T00:25:41.302+0000] {dag.py:2742} INFO - Sync 2 DAGs
[2023-08-23T00:25:41.326+0000] {logging_mixin.py:150} INFO - [2023-08-23T00:25:41.325+0000] {dag.py:3508} INFO - Setting next_dagrun for example_xcom_args to None, run_after=None
[2023-08-23T00:25:41.329+0000] {logging_mixin.py:150} INFO - [2023-08-23T00:25:41.329+0000] {dag.py:3508} INFO - Setting next_dagrun for example_xcom_args_with_operators to None, run_after=None
[2023-08-23T00:25:41.365+0000] {processor.py:179} INFO - Processing /home/airflow/.local/lib/python3.7/site-packages/airflow/example_dags/example_xcomargs.py took 0.101 seconds
[2023-08-23T00:26:12.257+0000] {processor.py:157} INFO - Started process (PID=790) to work on /home/airflow/.local/lib/python3.7/site-packages/airflow/example_dags/example_xcomargs.py
[2023-08-23T00:26:12.258+0000] {processor.py:826} INFO - Processing file /home/airflow/.local/lib/python3.7/site-packages/airflow/example_dags/example_xcomargs.py for tasks to queue
[2023-08-23T00:26:12.259+0000] {logging_mixin.py:150} INFO - [2023-08-23T00:26:12.259+0000] {dagbag.py:541} INFO - Filling up the DagBag from /home/airflow/.local/lib/python3.7/site-packages/airflow/example_dags/example_xcomargs.py
[2023-08-23T00:26:12.269+0000] {processor.py:836} INFO - DAG(s) dict_keys(['example_xcom_args', 'example_xcom_args_with_operators']) retrieved from /home/airflow/.local/lib/python3.7/site-packages/airflow/example_dags/example_xcomargs.py
[2023-08-23T00:26:12.292+0000] {logging_mixin.py:150} INFO - [2023-08-23T00:26:12.292+0000] {dag.py:2742} INFO - Sync 2 DAGs
[2023-08-23T00:26:12.314+0000] {logging_mixin.py:150} INFO - [2023-08-23T00:26:12.314+0000] {dag.py:3508} INFO - Setting next_dagrun for example_xcom_args to None, run_after=None
[2023-08-23T00:26:12.318+0000] {logging_mixin.py:150} INFO - [2023-08-23T00:26:12.318+0000] {dag.py:3508} INFO - Setting next_dagrun for example_xcom_args_with_operators to None, run_after=None
[2023-08-23T00:26:12.368+0000] {processor.py:179} INFO - Processing /home/airflow/.local/lib/python3.7/site-packages/airflow/example_dags/example_xcomargs.py took 0.114 seconds
[2023-08-23T00:26:42.832+0000] {processor.py:157} INFO - Started process (PID=865) to work on /home/airflow/.local/lib/python3.7/site-packages/airflow/example_dags/example_xcomargs.py
[2023-08-23T00:26:42.833+0000] {processor.py:826} INFO - Processing file /home/airflow/.local/lib/python3.7/site-packages/airflow/example_dags/example_xcomargs.py for tasks to queue
[2023-08-23T00:26:42.835+0000] {logging_mixin.py:150} INFO - [2023-08-23T00:26:42.835+0000] {dagbag.py:541} INFO - Filling up the DagBag from /home/airflow/.local/lib/python3.7/site-packages/airflow/example_dags/example_xcomargs.py
[2023-08-23T00:26:42.844+0000] {processor.py:836} INFO - DAG(s) dict_keys(['example_xcom_args', 'example_xcom_args_with_operators']) retrieved from /home/airflow/.local/lib/python3.7/site-packages/airflow/example_dags/example_xcomargs.py
[2023-08-23T00:26:42.868+0000] {logging_mixin.py:150} INFO - [2023-08-23T00:26:42.868+0000] {dag.py:2742} INFO - Sync 2 DAGs
[2023-08-23T00:26:42.891+0000] {logging_mixin.py:150} INFO - [2023-08-23T00:26:42.891+0000] {dag.py:3508} INFO - Setting next_dagrun for example_xcom_args to None, run_after=None
[2023-08-23T00:26:42.895+0000] {logging_mixin.py:150} INFO - [2023-08-23T00:26:42.895+0000] {dag.py:3508} INFO - Setting next_dagrun for example_xcom_args_with_operators to None, run_after=None
[2023-08-23T00:26:42.929+0000] {processor.py:179} INFO - Processing /home/airflow/.local/lib/python3.7/site-packages/airflow/example_dags/example_xcomargs.py took 0.101 seconds
[2023-08-23T00:27:13.414+0000] {processor.py:157} INFO - Started process (PID=940) to work on /home/airflow/.local/lib/python3.7/site-packages/airflow/example_dags/example_xcomargs.py
[2023-08-23T00:27:13.414+0000] {processor.py:826} INFO - Processing file /home/airflow/.local/lib/python3.7/site-packages/airflow/example_dags/example_xcomargs.py for tasks to queue
[2023-08-23T00:27:13.416+0000] {logging_mixin.py:150} INFO - [2023-08-23T00:27:13.415+0000] {dagbag.py:541} INFO - Filling up the DagBag from /home/airflow/.local/lib/python3.7/site-packages/airflow/example_dags/example_xcomargs.py
[2023-08-23T00:27:13.423+0000] {processor.py:836} INFO - DAG(s) dict_keys(['example_xcom_args_with_operators', 'example_xcom_args']) retrieved from /home/airflow/.local/lib/python3.7/site-packages/airflow/example_dags/example_xcomargs.py
[2023-08-23T00:27:13.451+0000] {logging_mixin.py:150} INFO - [2023-08-23T00:27:13.451+0000] {dag.py:2742} INFO - Sync 2 DAGs
[2023-08-23T00:27:13.478+0000] {logging_mixin.py:150} INFO - [2023-08-23T00:27:13.478+0000] {dag.py:3508} INFO - Setting next_dagrun for example_xcom_args to None, run_after=None
[2023-08-23T00:27:13.482+0000] {logging_mixin.py:150} INFO - [2023-08-23T00:27:13.482+0000] {dag.py:3508} INFO - Setting next_dagrun for example_xcom_args_with_operators to None, run_after=None
[2023-08-23T00:27:13.520+0000] {processor.py:179} INFO - Processing /home/airflow/.local/lib/python3.7/site-packages/airflow/example_dags/example_xcomargs.py took 0.110 seconds
[2023-08-23T00:27:43.891+0000] {processor.py:157} INFO - Started process (PID=1015) to work on /home/airflow/.local/lib/python3.7/site-packages/airflow/example_dags/example_xcomargs.py
[2023-08-23T00:27:43.892+0000] {processor.py:826} INFO - Processing file /home/airflow/.local/lib/python3.7/site-packages/airflow/example_dags/example_xcomargs.py for tasks to queue
[2023-08-23T00:27:43.893+0000] {logging_mixin.py:150} INFO - [2023-08-23T00:27:43.892+0000] {dagbag.py:541} INFO - Filling up the DagBag from /home/airflow/.local/lib/python3.7/site-packages/airflow/example_dags/example_xcomargs.py
[2023-08-23T00:27:43.900+0000] {processor.py:836} INFO - DAG(s) dict_keys(['example_xcom_args_with_operators', 'example_xcom_args']) retrieved from /home/airflow/.local/lib/python3.7/site-packages/airflow/example_dags/example_xcomargs.py
[2023-08-23T00:27:43.923+0000] {logging_mixin.py:150} INFO - [2023-08-23T00:27:43.923+0000] {dag.py:2742} INFO - Sync 2 DAGs
[2023-08-23T00:27:43.945+0000] {logging_mixin.py:150} INFO - [2023-08-23T00:27:43.945+0000] {dag.py:3508} INFO - Setting next_dagrun for example_xcom_args to None, run_after=None
[2023-08-23T00:27:43.949+0000] {logging_mixin.py:150} INFO - [2023-08-23T00:27:43.948+0000] {dag.py:3508} INFO - Setting next_dagrun for example_xcom_args_with_operators to None, run_after=None
[2023-08-23T00:27:43.982+0000] {processor.py:179} INFO - Processing /home/airflow/.local/lib/python3.7/site-packages/airflow/example_dags/example_xcomargs.py took 0.094 seconds
[2023-08-23T00:28:14.181+0000] {processor.py:157} INFO - Started process (PID=1091) to work on /home/airflow/.local/lib/python3.7/site-packages/airflow/example_dags/example_xcomargs.py
[2023-08-23T00:28:14.182+0000] {processor.py:826} INFO - Processing file /home/airflow/.local/lib/python3.7/site-packages/airflow/example_dags/example_xcomargs.py for tasks to queue
[2023-08-23T00:28:14.184+0000] {logging_mixin.py:150} INFO - [2023-08-23T00:28:14.183+0000] {dagbag.py:541} INFO - Filling up the DagBag from /home/airflow/.local/lib/python3.7/site-packages/airflow/example_dags/example_xcomargs.py
[2023-08-23T00:28:14.190+0000] {processor.py:836} INFO - DAG(s) dict_keys(['example_xcom_args_with_operators', 'example_xcom_args']) retrieved from /home/airflow/.local/lib/python3.7/site-packages/airflow/example_dags/example_xcomargs.py
[2023-08-23T00:28:14.217+0000] {logging_mixin.py:150} INFO - [2023-08-23T00:28:14.217+0000] {dag.py:2742} INFO - Sync 2 DAGs
[2023-08-23T00:28:14.240+0000] {logging_mixin.py:150} INFO - [2023-08-23T00:28:14.240+0000] {dag.py:3508} INFO - Setting next_dagrun for example_xcom_args to None, run_after=None
[2023-08-23T00:28:14.243+0000] {logging_mixin.py:150} INFO - [2023-08-23T00:28:14.243+0000] {dag.py:3508} INFO - Setting next_dagrun for example_xcom_args_with_operators to None, run_after=None
[2023-08-23T00:28:14.276+0000] {processor.py:179} INFO - Processing /home/airflow/.local/lib/python3.7/site-packages/airflow/example_dags/example_xcomargs.py took 0.097 seconds
[2023-08-23T00:28:44.607+0000] {processor.py:157} INFO - Started process (PID=1166) to work on /home/airflow/.local/lib/python3.7/site-packages/airflow/example_dags/example_xcomargs.py
[2023-08-23T00:28:44.608+0000] {processor.py:826} INFO - Processing file /home/airflow/.local/lib/python3.7/site-packages/airflow/example_dags/example_xcomargs.py for tasks to queue
[2023-08-23T00:28:44.609+0000] {logging_mixin.py:150} INFO - [2023-08-23T00:28:44.609+0000] {dagbag.py:541} INFO - Filling up the DagBag from /home/airflow/.local/lib/python3.7/site-packages/airflow/example_dags/example_xcomargs.py
[2023-08-23T00:28:44.616+0000] {processor.py:836} INFO - DAG(s) dict_keys(['example_xcom_args_with_operators', 'example_xcom_args']) retrieved from /home/airflow/.local/lib/python3.7/site-packages/airflow/example_dags/example_xcomargs.py
[2023-08-23T00:28:44.639+0000] {logging_mixin.py:150} INFO - [2023-08-23T00:28:44.639+0000] {dag.py:2742} INFO - Sync 2 DAGs
[2023-08-23T00:28:44.665+0000] {logging_mixin.py:150} INFO - [2023-08-23T00:28:44.664+0000] {dag.py:3508} INFO - Setting next_dagrun for example_xcom_args to None, run_after=None
[2023-08-23T00:28:44.668+0000] {logging_mixin.py:150} INFO - [2023-08-23T00:28:44.668+0000] {dag.py:3508} INFO - Setting next_dagrun for example_xcom_args_with_operators to None, run_after=None
[2023-08-23T00:28:44.699+0000] {processor.py:179} INFO - Processing /home/airflow/.local/lib/python3.7/site-packages/airflow/example_dags/example_xcomargs.py took 0.096 seconds
[2023-08-23T00:29:15.149+0000] {processor.py:157} INFO - Started process (PID=1241) to work on /home/airflow/.local/lib/python3.7/site-packages/airflow/example_dags/example_xcomargs.py
[2023-08-23T00:29:15.151+0000] {processor.py:826} INFO - Processing file /home/airflow/.local/lib/python3.7/site-packages/airflow/example_dags/example_xcomargs.py for tasks to queue
[2023-08-23T00:29:15.152+0000] {logging_mixin.py:150} INFO - [2023-08-23T00:29:15.151+0000] {dagbag.py:541} INFO - Filling up the DagBag from /home/airflow/.local/lib/python3.7/site-packages/airflow/example_dags/example_xcomargs.py
[2023-08-23T00:29:15.159+0000] {processor.py:836} INFO - DAG(s) dict_keys(['example_xcom_args_with_operators', 'example_xcom_args']) retrieved from /home/airflow/.local/lib/python3.7/site-packages/airflow/example_dags/example_xcomargs.py
[2023-08-23T00:29:15.184+0000] {logging_mixin.py:150} INFO - [2023-08-23T00:29:15.184+0000] {dag.py:2742} INFO - Sync 2 DAGs
[2023-08-23T00:29:15.208+0000] {logging_mixin.py:150} INFO - [2023-08-23T00:29:15.207+0000] {dag.py:3508} INFO - Setting next_dagrun for example_xcom_args to None, run_after=None
[2023-08-23T00:29:15.211+0000] {logging_mixin.py:150} INFO - [2023-08-23T00:29:15.211+0000] {dag.py:3508} INFO - Setting next_dagrun for example_xcom_args_with_operators to None, run_after=None
[2023-08-23T00:29:15.245+0000] {processor.py:179} INFO - Processing /home/airflow/.local/lib/python3.7/site-packages/airflow/example_dags/example_xcomargs.py took 0.098 seconds
[2023-08-23T00:29:45.652+0000] {processor.py:157} INFO - Started process (PID=1316) to work on /home/airflow/.local/lib/python3.7/site-packages/airflow/example_dags/example_xcomargs.py
[2023-08-23T00:29:45.653+0000] {processor.py:826} INFO - Processing file /home/airflow/.local/lib/python3.7/site-packages/airflow/example_dags/example_xcomargs.py for tasks to queue
[2023-08-23T00:29:45.654+0000] {logging_mixin.py:150} INFO - [2023-08-23T00:29:45.654+0000] {dagbag.py:541} INFO - Filling up the DagBag from /home/airflow/.local/lib/python3.7/site-packages/airflow/example_dags/example_xcomargs.py
[2023-08-23T00:29:45.661+0000] {processor.py:836} INFO - DAG(s) dict_keys(['example_xcom_args', 'example_xcom_args_with_operators']) retrieved from /home/airflow/.local/lib/python3.7/site-packages/airflow/example_dags/example_xcomargs.py
[2023-08-23T00:29:45.687+0000] {logging_mixin.py:150} INFO - [2023-08-23T00:29:45.687+0000] {dag.py:2742} INFO - Sync 2 DAGs
[2023-08-23T00:29:45.710+0000] {logging_mixin.py:150} INFO - [2023-08-23T00:29:45.710+0000] {dag.py:3508} INFO - Setting next_dagrun for example_xcom_args to None, run_after=None
[2023-08-23T00:29:45.713+0000] {logging_mixin.py:150} INFO - [2023-08-23T00:29:45.713+0000] {dag.py:3508} INFO - Setting next_dagrun for example_xcom_args_with_operators to None, run_after=None
[2023-08-23T00:29:45.746+0000] {processor.py:179} INFO - Processing /home/airflow/.local/lib/python3.7/site-packages/airflow/example_dags/example_xcomargs.py took 0.096 seconds
[2023-08-23T00:30:16.126+0000] {processor.py:157} INFO - Started process (PID=1391) to work on /home/airflow/.local/lib/python3.7/site-packages/airflow/example_dags/example_xcomargs.py
[2023-08-23T00:30:16.127+0000] {processor.py:826} INFO - Processing file /home/airflow/.local/lib/python3.7/site-packages/airflow/example_dags/example_xcomargs.py for tasks to queue
[2023-08-23T00:30:16.128+0000] {logging_mixin.py:150} INFO - [2023-08-23T00:30:16.128+0000] {dagbag.py:541} INFO - Filling up the DagBag from /home/airflow/.local/lib/python3.7/site-packages/airflow/example_dags/example_xcomargs.py
[2023-08-23T00:30:16.135+0000] {processor.py:836} INFO - DAG(s) dict_keys(['example_xcom_args', 'example_xcom_args_with_operators']) retrieved from /home/airflow/.local/lib/python3.7/site-packages/airflow/example_dags/example_xcomargs.py
[2023-08-23T00:30:16.159+0000] {logging_mixin.py:150} INFO - [2023-08-23T00:30:16.158+0000] {dag.py:2742} INFO - Sync 2 DAGs
[2023-08-23T00:30:16.181+0000] {logging_mixin.py:150} INFO - [2023-08-23T00:30:16.181+0000] {dag.py:3508} INFO - Setting next_dagrun for example_xcom_args to None, run_after=None
[2023-08-23T00:30:16.184+0000] {logging_mixin.py:150} INFO - [2023-08-23T00:30:16.184+0000] {dag.py:3508} INFO - Setting next_dagrun for example_xcom_args_with_operators to None, run_after=None
[2023-08-23T00:30:16.218+0000] {processor.py:179} INFO - Processing /home/airflow/.local/lib/python3.7/site-packages/airflow/example_dags/example_xcomargs.py took 0.094 seconds
[2023-08-23T00:30:46.508+0000] {processor.py:157} INFO - Started process (PID=1466) to work on /home/airflow/.local/lib/python3.7/site-packages/airflow/example_dags/example_xcomargs.py
[2023-08-23T00:30:46.509+0000] {processor.py:826} INFO - Processing file /home/airflow/.local/lib/python3.7/site-packages/airflow/example_dags/example_xcomargs.py for tasks to queue
[2023-08-23T00:30:46.510+0000] {logging_mixin.py:150} INFO - [2023-08-23T00:30:46.510+0000] {dagbag.py:541} INFO - Filling up the DagBag from /home/airflow/.local/lib/python3.7/site-packages/airflow/example_dags/example_xcomargs.py
[2023-08-23T00:30:46.517+0000] {processor.py:836} INFO - DAG(s) dict_keys(['example_xcom_args', 'example_xcom_args_with_operators']) retrieved from /home/airflow/.local/lib/python3.7/site-packages/airflow/example_dags/example_xcomargs.py
[2023-08-23T00:30:46.542+0000] {logging_mixin.py:150} INFO - [2023-08-23T00:30:46.541+0000] {dag.py:2742} INFO - Sync 2 DAGs
[2023-08-23T00:30:46.566+0000] {logging_mixin.py:150} INFO - [2023-08-23T00:30:46.566+0000] {dag.py:3508} INFO - Setting next_dagrun for example_xcom_args to None, run_after=None
[2023-08-23T00:30:46.569+0000] {logging_mixin.py:150} INFO - [2023-08-23T00:30:46.569+0000] {dag.py:3508} INFO - Setting next_dagrun for example_xcom_args_with_operators to None, run_after=None
[2023-08-23T00:30:46.607+0000] {processor.py:179} INFO - Processing /home/airflow/.local/lib/python3.7/site-packages/airflow/example_dags/example_xcomargs.py took 0.102 seconds
[2023-08-23T00:31:17.050+0000] {processor.py:157} INFO - Started process (PID=1541) to work on /home/airflow/.local/lib/python3.7/site-packages/airflow/example_dags/example_xcomargs.py
[2023-08-23T00:31:17.051+0000] {processor.py:826} INFO - Processing file /home/airflow/.local/lib/python3.7/site-packages/airflow/example_dags/example_xcomargs.py for tasks to queue
[2023-08-23T00:31:17.052+0000] {logging_mixin.py:150} INFO - [2023-08-23T00:31:17.052+0000] {dagbag.py:541} INFO - Filling up the DagBag from /home/airflow/.local/lib/python3.7/site-packages/airflow/example_dags/example_xcomargs.py
[2023-08-23T00:31:17.061+0000] {processor.py:836} INFO - DAG(s) dict_keys(['example_xcom_args', 'example_xcom_args_with_operators']) retrieved from /home/airflow/.local/lib/python3.7/site-packages/airflow/example_dags/example_xcomargs.py
[2023-08-23T00:31:17.093+0000] {logging_mixin.py:150} INFO - [2023-08-23T00:31:17.093+0000] {dag.py:2742} INFO - Sync 2 DAGs
[2023-08-23T00:31:17.118+0000] {logging_mixin.py:150} INFO - [2023-08-23T00:31:17.118+0000] {dag.py:3508} INFO - Setting next_dagrun for example_xcom_args to None, run_after=None
[2023-08-23T00:31:17.122+0000] {logging_mixin.py:150} INFO - [2023-08-23T00:31:17.122+0000] {dag.py:3508} INFO - Setting next_dagrun for example_xcom_args_with_operators to None, run_after=None
[2023-08-23T00:31:17.174+0000] {processor.py:179} INFO - Processing /home/airflow/.local/lib/python3.7/site-packages/airflow/example_dags/example_xcomargs.py took 0.127 seconds
[2023-08-23T00:31:47.373+0000] {processor.py:157} INFO - Started process (PID=1616) to work on /home/airflow/.local/lib/python3.7/site-packages/airflow/example_dags/example_xcomargs.py
[2023-08-23T00:31:47.374+0000] {processor.py:826} INFO - Processing file /home/airflow/.local/lib/python3.7/site-packages/airflow/example_dags/example_xcomargs.py for tasks to queue
[2023-08-23T00:31:47.375+0000] {logging_mixin.py:150} INFO - [2023-08-23T00:31:47.375+0000] {dagbag.py:541} INFO - Filling up the DagBag from /home/airflow/.local/lib/python3.7/site-packages/airflow/example_dags/example_xcomargs.py
[2023-08-23T00:31:47.384+0000] {processor.py:836} INFO - DAG(s) dict_keys(['example_xcom_args_with_operators', 'example_xcom_args']) retrieved from /home/airflow/.local/lib/python3.7/site-packages/airflow/example_dags/example_xcomargs.py
[2023-08-23T00:31:47.406+0000] {logging_mixin.py:150} INFO - [2023-08-23T00:31:47.405+0000] {dag.py:2742} INFO - Sync 2 DAGs
[2023-08-23T00:31:47.429+0000] {logging_mixin.py:150} INFO - [2023-08-23T00:31:47.429+0000] {dag.py:3508} INFO - Setting next_dagrun for example_xcom_args to None, run_after=None
[2023-08-23T00:31:47.432+0000] {logging_mixin.py:150} INFO - [2023-08-23T00:31:47.432+0000] {dag.py:3508} INFO - Setting next_dagrun for example_xcom_args_with_operators to None, run_after=None
[2023-08-23T00:31:47.464+0000] {processor.py:179} INFO - Processing /home/airflow/.local/lib/python3.7/site-packages/airflow/example_dags/example_xcomargs.py took 0.094 seconds
[2023-08-23T00:32:18.226+0000] {processor.py:157} INFO - Started process (PID=1691) to work on /home/airflow/.local/lib/python3.7/site-packages/airflow/example_dags/example_xcomargs.py
[2023-08-23T00:32:18.227+0000] {processor.py:826} INFO - Processing file /home/airflow/.local/lib/python3.7/site-packages/airflow/example_dags/example_xcomargs.py for tasks to queue
[2023-08-23T00:32:18.229+0000] {logging_mixin.py:150} INFO - [2023-08-23T00:32:18.228+0000] {dagbag.py:541} INFO - Filling up the DagBag from /home/airflow/.local/lib/python3.7/site-packages/airflow/example_dags/example_xcomargs.py
[2023-08-23T00:32:18.236+0000] {processor.py:836} INFO - DAG(s) dict_keys(['example_xcom_args', 'example_xcom_args_with_operators']) retrieved from /home/airflow/.local/lib/python3.7/site-packages/airflow/example_dags/example_xcomargs.py
[2023-08-23T00:32:18.266+0000] {logging_mixin.py:150} INFO - [2023-08-23T00:32:18.266+0000] {dag.py:2742} INFO - Sync 2 DAGs
[2023-08-23T00:32:18.299+0000] {logging_mixin.py:150} INFO - [2023-08-23T00:32:18.298+0000] {dag.py:3508} INFO - Setting next_dagrun for example_xcom_args to None, run_after=None
[2023-08-23T00:32:18.304+0000] {logging_mixin.py:150} INFO - [2023-08-23T00:32:18.304+0000] {dag.py:3508} INFO - Setting next_dagrun for example_xcom_args_with_operators to None, run_after=None
[2023-08-23T00:32:18.343+0000] {processor.py:179} INFO - Processing /home/airflow/.local/lib/python3.7/site-packages/airflow/example_dags/example_xcomargs.py took 0.119 seconds
[2023-08-23T00:32:48.711+0000] {processor.py:157} INFO - Started process (PID=1766) to work on /home/airflow/.local/lib/python3.7/site-packages/airflow/example_dags/example_xcomargs.py
[2023-08-23T00:32:48.712+0000] {processor.py:826} INFO - Processing file /home/airflow/.local/lib/python3.7/site-packages/airflow/example_dags/example_xcomargs.py for tasks to queue
[2023-08-23T00:32:48.713+0000] {logging_mixin.py:150} INFO - [2023-08-23T00:32:48.713+0000] {dagbag.py:541} INFO - Filling up the DagBag from /home/airflow/.local/lib/python3.7/site-packages/airflow/example_dags/example_xcomargs.py
[2023-08-23T00:32:48.720+0000] {processor.py:836} INFO - DAG(s) dict_keys(['example_xcom_args_with_operators', 'example_xcom_args']) retrieved from /home/airflow/.local/lib/python3.7/site-packages/airflow/example_dags/example_xcomargs.py
[2023-08-23T00:32:48.745+0000] {logging_mixin.py:150} INFO - [2023-08-23T00:32:48.745+0000] {dag.py:2742} INFO - Sync 2 DAGs
[2023-08-23T00:32:48.768+0000] {logging_mixin.py:150} INFO - [2023-08-23T00:32:48.768+0000] {dag.py:3508} INFO - Setting next_dagrun for example_xcom_args to None, run_after=None
[2023-08-23T00:32:48.771+0000] {logging_mixin.py:150} INFO - [2023-08-23T00:32:48.771+0000] {dag.py:3508} INFO - Setting next_dagrun for example_xcom_args_with_operators to None, run_after=None
[2023-08-23T00:32:48.802+0000] {processor.py:179} INFO - Processing /home/airflow/.local/lib/python3.7/site-packages/airflow/example_dags/example_xcomargs.py took 0.094 seconds
[2023-08-23T00:33:19.180+0000] {processor.py:157} INFO - Started process (PID=1841) to work on /home/airflow/.local/lib/python3.7/site-packages/airflow/example_dags/example_xcomargs.py
[2023-08-23T00:33:19.181+0000] {processor.py:826} INFO - Processing file /home/airflow/.local/lib/python3.7/site-packages/airflow/example_dags/example_xcomargs.py for tasks to queue
[2023-08-23T00:33:19.182+0000] {logging_mixin.py:150} INFO - [2023-08-23T00:33:19.182+0000] {dagbag.py:541} INFO - Filling up the DagBag from /home/airflow/.local/lib/python3.7/site-packages/airflow/example_dags/example_xcomargs.py
[2023-08-23T00:33:19.189+0000] {processor.py:836} INFO - DAG(s) dict_keys(['example_xcom_args', 'example_xcom_args_with_operators']) retrieved from /home/airflow/.local/lib/python3.7/site-packages/airflow/example_dags/example_xcomargs.py
[2023-08-23T00:33:19.215+0000] {logging_mixin.py:150} INFO - [2023-08-23T00:33:19.215+0000] {dag.py:2742} INFO - Sync 2 DAGs
[2023-08-23T00:33:19.238+0000] {logging_mixin.py:150} INFO - [2023-08-23T00:33:19.238+0000] {dag.py:3508} INFO - Setting next_dagrun for example_xcom_args to None, run_after=None
[2023-08-23T00:33:19.241+0000] {logging_mixin.py:150} INFO - [2023-08-23T00:33:19.241+0000] {dag.py:3508} INFO - Setting next_dagrun for example_xcom_args_with_operators to None, run_after=None
[2023-08-23T00:33:19.275+0000] {processor.py:179} INFO - Processing /home/airflow/.local/lib/python3.7/site-packages/airflow/example_dags/example_xcomargs.py took 0.098 seconds
[2023-08-23T00:33:49.717+0000] {processor.py:157} INFO - Started process (PID=1916) to work on /home/airflow/.local/lib/python3.7/site-packages/airflow/example_dags/example_xcomargs.py
[2023-08-23T00:33:49.717+0000] {processor.py:826} INFO - Processing file /home/airflow/.local/lib/python3.7/site-packages/airflow/example_dags/example_xcomargs.py for tasks to queue
[2023-08-23T00:33:49.718+0000] {logging_mixin.py:150} INFO - [2023-08-23T00:33:49.718+0000] {dagbag.py:541} INFO - Filling up the DagBag from /home/airflow/.local/lib/python3.7/site-packages/airflow/example_dags/example_xcomargs.py
[2023-08-23T00:33:49.726+0000] {processor.py:836} INFO - DAG(s) dict_keys(['example_xcom_args', 'example_xcom_args_with_operators']) retrieved from /home/airflow/.local/lib/python3.7/site-packages/airflow/example_dags/example_xcomargs.py
[2023-08-23T00:33:49.753+0000] {logging_mixin.py:150} INFO - [2023-08-23T00:33:49.753+0000] {dag.py:2742} INFO - Sync 2 DAGs
[2023-08-23T00:33:49.778+0000] {logging_mixin.py:150} INFO - [2023-08-23T00:33:49.777+0000] {dag.py:3508} INFO - Setting next_dagrun for example_xcom_args to None, run_after=None
[2023-08-23T00:33:49.781+0000] {logging_mixin.py:150} INFO - [2023-08-23T00:33:49.781+0000] {dag.py:3508} INFO - Setting next_dagrun for example_xcom_args_with_operators to None, run_after=None
[2023-08-23T00:33:49.815+0000] {processor.py:179} INFO - Processing /home/airflow/.local/lib/python3.7/site-packages/airflow/example_dags/example_xcomargs.py took 0.101 seconds
[2023-08-23T00:34:20.051+0000] {processor.py:157} INFO - Started process (PID=1991) to work on /home/airflow/.local/lib/python3.7/site-packages/airflow/example_dags/example_xcomargs.py
[2023-08-23T00:34:20.052+0000] {processor.py:826} INFO - Processing file /home/airflow/.local/lib/python3.7/site-packages/airflow/example_dags/example_xcomargs.py for tasks to queue
[2023-08-23T00:34:20.053+0000] {logging_mixin.py:150} INFO - [2023-08-23T00:34:20.053+0000] {dagbag.py:541} INFO - Filling up the DagBag from /home/airflow/.local/lib/python3.7/site-packages/airflow/example_dags/example_xcomargs.py
[2023-08-23T00:34:20.061+0000] {processor.py:836} INFO - DAG(s) dict_keys(['example_xcom_args', 'example_xcom_args_with_operators']) retrieved from /home/airflow/.local/lib/python3.7/site-packages/airflow/example_dags/example_xcomargs.py
[2023-08-23T00:34:20.085+0000] {logging_mixin.py:150} INFO - [2023-08-23T00:34:20.085+0000] {dag.py:2742} INFO - Sync 2 DAGs
[2023-08-23T00:34:20.111+0000] {logging_mixin.py:150} INFO - [2023-08-23T00:34:20.111+0000] {dag.py:3508} INFO - Setting next_dagrun for example_xcom_args to None, run_after=None
[2023-08-23T00:34:20.114+0000] {logging_mixin.py:150} INFO - [2023-08-23T00:34:20.114+0000] {dag.py:3508} INFO - Setting next_dagrun for example_xcom_args_with_operators to None, run_after=None
[2023-08-23T00:34:20.149+0000] {processor.py:179} INFO - Processing /home/airflow/.local/lib/python3.7/site-packages/airflow/example_dags/example_xcomargs.py took 0.101 seconds
[2023-08-23T00:34:50.598+0000] {processor.py:157} INFO - Started process (PID=2066) to work on /home/airflow/.local/lib/python3.7/site-packages/airflow/example_dags/example_xcomargs.py
[2023-08-23T00:34:50.599+0000] {processor.py:826} INFO - Processing file /home/airflow/.local/lib/python3.7/site-packages/airflow/example_dags/example_xcomargs.py for tasks to queue
[2023-08-23T00:34:50.600+0000] {logging_mixin.py:150} INFO - [2023-08-23T00:34:50.600+0000] {dagbag.py:541} INFO - Filling up the DagBag from /home/airflow/.local/lib/python3.7/site-packages/airflow/example_dags/example_xcomargs.py
[2023-08-23T00:34:50.608+0000] {processor.py:836} INFO - DAG(s) dict_keys(['example_xcom_args', 'example_xcom_args_with_operators']) retrieved from /home/airflow/.local/lib/python3.7/site-packages/airflow/example_dags/example_xcomargs.py
[2023-08-23T00:34:50.631+0000] {logging_mixin.py:150} INFO - [2023-08-23T00:34:50.631+0000] {dag.py:2742} INFO - Sync 2 DAGs
[2023-08-23T00:34:50.654+0000] {logging_mixin.py:150} INFO - [2023-08-23T00:34:50.654+0000] {dag.py:3508} INFO - Setting next_dagrun for example_xcom_args to None, run_after=None
[2023-08-23T00:34:50.657+0000] {logging_mixin.py:150} INFO - [2023-08-23T00:34:50.657+0000] {dag.py:3508} INFO - Setting next_dagrun for example_xcom_args_with_operators to None, run_after=None
[2023-08-23T00:34:50.693+0000] {processor.py:179} INFO - Processing /home/airflow/.local/lib/python3.7/site-packages/airflow/example_dags/example_xcomargs.py took 0.098 seconds
[2023-08-23T00:35:21.108+0000] {processor.py:157} INFO - Started process (PID=2141) to work on /home/airflow/.local/lib/python3.7/site-packages/airflow/example_dags/example_xcomargs.py
[2023-08-23T00:35:21.109+0000] {processor.py:826} INFO - Processing file /home/airflow/.local/lib/python3.7/site-packages/airflow/example_dags/example_xcomargs.py for tasks to queue
[2023-08-23T00:35:21.110+0000] {logging_mixin.py:150} INFO - [2023-08-23T00:35:21.110+0000] {dagbag.py:541} INFO - Filling up the DagBag from /home/airflow/.local/lib/python3.7/site-packages/airflow/example_dags/example_xcomargs.py
[2023-08-23T00:35:21.117+0000] {processor.py:836} INFO - DAG(s) dict_keys(['example_xcom_args', 'example_xcom_args_with_operators']) retrieved from /home/airflow/.local/lib/python3.7/site-packages/airflow/example_dags/example_xcomargs.py
[2023-08-23T00:35:21.143+0000] {logging_mixin.py:150} INFO - [2023-08-23T00:35:21.143+0000] {dag.py:2742} INFO - Sync 2 DAGs
[2023-08-23T00:35:21.168+0000] {logging_mixin.py:150} INFO - [2023-08-23T00:35:21.167+0000] {dag.py:3508} INFO - Setting next_dagrun for example_xcom_args to None, run_after=None
[2023-08-23T00:35:21.172+0000] {logging_mixin.py:150} INFO - [2023-08-23T00:35:21.172+0000] {dag.py:3508} INFO - Setting next_dagrun for example_xcom_args_with_operators to None, run_after=None
[2023-08-23T00:35:21.208+0000] {processor.py:179} INFO - Processing /home/airflow/.local/lib/python3.7/site-packages/airflow/example_dags/example_xcomargs.py took 0.103 seconds
[2023-08-23T00:35:51.726+0000] {processor.py:157} INFO - Started process (PID=2216) to work on /home/airflow/.local/lib/python3.7/site-packages/airflow/example_dags/example_xcomargs.py
[2023-08-23T00:35:51.727+0000] {processor.py:826} INFO - Processing file /home/airflow/.local/lib/python3.7/site-packages/airflow/example_dags/example_xcomargs.py for tasks to queue
[2023-08-23T00:35:51.728+0000] {logging_mixin.py:150} INFO - [2023-08-23T00:35:51.728+0000] {dagbag.py:541} INFO - Filling up the DagBag from /home/airflow/.local/lib/python3.7/site-packages/airflow/example_dags/example_xcomargs.py
[2023-08-23T00:35:51.737+0000] {processor.py:836} INFO - DAG(s) dict_keys(['example_xcom_args_with_operators', 'example_xcom_args']) retrieved from /home/airflow/.local/lib/python3.7/site-packages/airflow/example_dags/example_xcomargs.py
[2023-08-23T00:35:51.766+0000] {logging_mixin.py:150} INFO - [2023-08-23T00:35:51.766+0000] {dag.py:2742} INFO - Sync 2 DAGs
[2023-08-23T00:35:51.794+0000] {logging_mixin.py:150} INFO - [2023-08-23T00:35:51.793+0000] {dag.py:3508} INFO - Setting next_dagrun for example_xcom_args to None, run_after=None
[2023-08-23T00:35:51.797+0000] {logging_mixin.py:150} INFO - [2023-08-23T00:35:51.797+0000] {dag.py:3508} INFO - Setting next_dagrun for example_xcom_args_with_operators to None, run_after=None
[2023-08-23T00:35:51.833+0000] {processor.py:179} INFO - Processing /home/airflow/.local/lib/python3.7/site-packages/airflow/example_dags/example_xcomargs.py took 0.111 seconds
[2023-08-23T00:36:22.155+0000] {processor.py:157} INFO - Started process (PID=2291) to work on /home/airflow/.local/lib/python3.7/site-packages/airflow/example_dags/example_xcomargs.py
[2023-08-23T00:36:22.157+0000] {processor.py:826} INFO - Processing file /home/airflow/.local/lib/python3.7/site-packages/airflow/example_dags/example_xcomargs.py for tasks to queue
[2023-08-23T00:36:22.158+0000] {logging_mixin.py:150} INFO - [2023-08-23T00:36:22.158+0000] {dagbag.py:541} INFO - Filling up the DagBag from /home/airflow/.local/lib/python3.7/site-packages/airflow/example_dags/example_xcomargs.py
[2023-08-23T00:36:22.165+0000] {processor.py:836} INFO - DAG(s) dict_keys(['example_xcom_args', 'example_xcom_args_with_operators']) retrieved from /home/airflow/.local/lib/python3.7/site-packages/airflow/example_dags/example_xcomargs.py
[2023-08-23T00:36:22.190+0000] {logging_mixin.py:150} INFO - [2023-08-23T00:36:22.190+0000] {dag.py:2742} INFO - Sync 2 DAGs
[2023-08-23T00:36:22.215+0000] {logging_mixin.py:150} INFO - [2023-08-23T00:36:22.215+0000] {dag.py:3508} INFO - Setting next_dagrun for example_xcom_args to None, run_after=None
[2023-08-23T00:36:22.219+0000] {logging_mixin.py:150} INFO - [2023-08-23T00:36:22.219+0000] {dag.py:3508} INFO - Setting next_dagrun for example_xcom_args_with_operators to None, run_after=None
[2023-08-23T00:36:22.259+0000] {processor.py:179} INFO - Processing /home/airflow/.local/lib/python3.7/site-packages/airflow/example_dags/example_xcomargs.py took 0.106 seconds
[2023-08-23T00:36:53.390+0000] {processor.py:157} INFO - Started process (PID=2366) to work on /home/airflow/.local/lib/python3.7/site-packages/airflow/example_dags/example_xcomargs.py
[2023-08-23T00:36:53.391+0000] {processor.py:826} INFO - Processing file /home/airflow/.local/lib/python3.7/site-packages/airflow/example_dags/example_xcomargs.py for tasks to queue
[2023-08-23T00:36:53.392+0000] {logging_mixin.py:150} INFO - [2023-08-23T00:36:53.391+0000] {dagbag.py:541} INFO - Filling up the DagBag from /home/airflow/.local/lib/python3.7/site-packages/airflow/example_dags/example_xcomargs.py
[2023-08-23T00:36:53.402+0000] {processor.py:836} INFO - DAG(s) dict_keys(['example_xcom_args_with_operators', 'example_xcom_args']) retrieved from /home/airflow/.local/lib/python3.7/site-packages/airflow/example_dags/example_xcomargs.py
[2023-08-23T00:36:53.433+0000] {logging_mixin.py:150} INFO - [2023-08-23T00:36:53.433+0000] {dag.py:2742} INFO - Sync 2 DAGs
[2023-08-23T00:36:53.476+0000] {logging_mixin.py:150} INFO - [2023-08-23T00:36:53.476+0000] {dag.py:3508} INFO - Setting next_dagrun for example_xcom_args to None, run_after=None
[2023-08-23T00:36:53.480+0000] {logging_mixin.py:150} INFO - [2023-08-23T00:36:53.480+0000] {dag.py:3508} INFO - Setting next_dagrun for example_xcom_args_with_operators to None, run_after=None
[2023-08-23T00:36:53.523+0000] {processor.py:179} INFO - Processing /home/airflow/.local/lib/python3.7/site-packages/airflow/example_dags/example_xcomargs.py took 0.136 seconds
[2023-08-23T00:37:23.792+0000] {processor.py:157} INFO - Started process (PID=2441) to work on /home/airflow/.local/lib/python3.7/site-packages/airflow/example_dags/example_xcomargs.py
[2023-08-23T00:37:23.793+0000] {processor.py:826} INFO - Processing file /home/airflow/.local/lib/python3.7/site-packages/airflow/example_dags/example_xcomargs.py for tasks to queue
[2023-08-23T00:37:23.794+0000] {logging_mixin.py:150} INFO - [2023-08-23T00:37:23.794+0000] {dagbag.py:541} INFO - Filling up the DagBag from /home/airflow/.local/lib/python3.7/site-packages/airflow/example_dags/example_xcomargs.py
[2023-08-23T00:37:23.802+0000] {processor.py:836} INFO - DAG(s) dict_keys(['example_xcom_args_with_operators', 'example_xcom_args']) retrieved from /home/airflow/.local/lib/python3.7/site-packages/airflow/example_dags/example_xcomargs.py
[2023-08-23T00:37:23.829+0000] {logging_mixin.py:150} INFO - [2023-08-23T00:37:23.829+0000] {dag.py:2742} INFO - Sync 2 DAGs
[2023-08-23T00:37:23.853+0000] {logging_mixin.py:150} INFO - [2023-08-23T00:37:23.853+0000] {dag.py:3508} INFO - Setting next_dagrun for example_xcom_args to None, run_after=None
[2023-08-23T00:37:23.857+0000] {logging_mixin.py:150} INFO - [2023-08-23T00:37:23.856+0000] {dag.py:3508} INFO - Setting next_dagrun for example_xcom_args_with_operators to None, run_after=None
[2023-08-23T00:37:23.891+0000] {processor.py:179} INFO - Processing /home/airflow/.local/lib/python3.7/site-packages/airflow/example_dags/example_xcomargs.py took 0.103 seconds
[2023-08-23T00:37:54.192+0000] {processor.py:157} INFO - Started process (PID=2516) to work on /home/airflow/.local/lib/python3.7/site-packages/airflow/example_dags/example_xcomargs.py
[2023-08-23T00:37:54.194+0000] {processor.py:826} INFO - Processing file /home/airflow/.local/lib/python3.7/site-packages/airflow/example_dags/example_xcomargs.py for tasks to queue
[2023-08-23T00:37:54.195+0000] {logging_mixin.py:150} INFO - [2023-08-23T00:37:54.195+0000] {dagbag.py:541} INFO - Filling up the DagBag from /home/airflow/.local/lib/python3.7/site-packages/airflow/example_dags/example_xcomargs.py
[2023-08-23T00:37:54.208+0000] {processor.py:836} INFO - DAG(s) dict_keys(['example_xcom_args', 'example_xcom_args_with_operators']) retrieved from /home/airflow/.local/lib/python3.7/site-packages/airflow/example_dags/example_xcomargs.py
[2023-08-23T00:37:54.241+0000] {logging_mixin.py:150} INFO - [2023-08-23T00:37:54.240+0000] {dag.py:2742} INFO - Sync 2 DAGs
[2023-08-23T00:37:54.267+0000] {logging_mixin.py:150} INFO - [2023-08-23T00:37:54.267+0000] {dag.py:3508} INFO - Setting next_dagrun for example_xcom_args to None, run_after=None
[2023-08-23T00:37:54.272+0000] {logging_mixin.py:150} INFO - [2023-08-23T00:37:54.272+0000] {dag.py:3508} INFO - Setting next_dagrun for example_xcom_args_with_operators to None, run_after=None
[2023-08-23T00:37:54.309+0000] {processor.py:179} INFO - Processing /home/airflow/.local/lib/python3.7/site-packages/airflow/example_dags/example_xcomargs.py took 0.119 seconds
[2023-08-23T00:38:24.826+0000] {processor.py:157} INFO - Started process (PID=2591) to work on /home/airflow/.local/lib/python3.7/site-packages/airflow/example_dags/example_xcomargs.py
[2023-08-23T00:38:24.827+0000] {processor.py:826} INFO - Processing file /home/airflow/.local/lib/python3.7/site-packages/airflow/example_dags/example_xcomargs.py for tasks to queue
[2023-08-23T00:38:24.828+0000] {logging_mixin.py:150} INFO - [2023-08-23T00:38:24.828+0000] {dagbag.py:541} INFO - Filling up the DagBag from /home/airflow/.local/lib/python3.7/site-packages/airflow/example_dags/example_xcomargs.py
[2023-08-23T00:38:24.835+0000] {processor.py:836} INFO - DAG(s) dict_keys(['example_xcom_args_with_operators', 'example_xcom_args']) retrieved from /home/airflow/.local/lib/python3.7/site-packages/airflow/example_dags/example_xcomargs.py
[2023-08-23T00:38:24.859+0000] {logging_mixin.py:150} INFO - [2023-08-23T00:38:24.859+0000] {dag.py:2742} INFO - Sync 2 DAGs
[2023-08-23T00:38:24.882+0000] {logging_mixin.py:150} INFO - [2023-08-23T00:38:24.882+0000] {dag.py:3508} INFO - Setting next_dagrun for example_xcom_args to None, run_after=None
[2023-08-23T00:38:24.885+0000] {logging_mixin.py:150} INFO - [2023-08-23T00:38:24.885+0000] {dag.py:3508} INFO - Setting next_dagrun for example_xcom_args_with_operators to None, run_after=None
[2023-08-23T00:38:24.919+0000] {processor.py:179} INFO - Processing /home/airflow/.local/lib/python3.7/site-packages/airflow/example_dags/example_xcomargs.py took 0.095 seconds
[2023-08-23T00:38:55.292+0000] {processor.py:157} INFO - Started process (PID=2666) to work on /home/airflow/.local/lib/python3.7/site-packages/airflow/example_dags/example_xcomargs.py
[2023-08-23T00:38:55.293+0000] {processor.py:826} INFO - Processing file /home/airflow/.local/lib/python3.7/site-packages/airflow/example_dags/example_xcomargs.py for tasks to queue
[2023-08-23T00:38:55.294+0000] {logging_mixin.py:150} INFO - [2023-08-23T00:38:55.294+0000] {dagbag.py:541} INFO - Filling up the DagBag from /home/airflow/.local/lib/python3.7/site-packages/airflow/example_dags/example_xcomargs.py
[2023-08-23T00:38:55.301+0000] {processor.py:836} INFO - DAG(s) dict_keys(['example_xcom_args', 'example_xcom_args_with_operators']) retrieved from /home/airflow/.local/lib/python3.7/site-packages/airflow/example_dags/example_xcomargs.py
[2023-08-23T00:38:55.330+0000] {logging_mixin.py:150} INFO - [2023-08-23T00:38:55.329+0000] {dag.py:2742} INFO - Sync 2 DAGs
[2023-08-23T00:38:55.355+0000] {logging_mixin.py:150} INFO - [2023-08-23T00:38:55.355+0000] {dag.py:3508} INFO - Setting next_dagrun for example_xcom_args to None, run_after=None
[2023-08-23T00:38:55.359+0000] {logging_mixin.py:150} INFO - [2023-08-23T00:38:55.359+0000] {dag.py:3508} INFO - Setting next_dagrun for example_xcom_args_with_operators to None, run_after=None
[2023-08-23T00:38:55.393+0000] {processor.py:179} INFO - Processing /home/airflow/.local/lib/python3.7/site-packages/airflow/example_dags/example_xcomargs.py took 0.104 seconds
[2023-08-23T00:39:25.930+0000] {processor.py:157} INFO - Started process (PID=2741) to work on /home/airflow/.local/lib/python3.7/site-packages/airflow/example_dags/example_xcomargs.py
[2023-08-23T00:39:25.931+0000] {processor.py:826} INFO - Processing file /home/airflow/.local/lib/python3.7/site-packages/airflow/example_dags/example_xcomargs.py for tasks to queue
[2023-08-23T00:39:25.932+0000] {logging_mixin.py:150} INFO - [2023-08-23T00:39:25.932+0000] {dagbag.py:541} INFO - Filling up the DagBag from /home/airflow/.local/lib/python3.7/site-packages/airflow/example_dags/example_xcomargs.py
[2023-08-23T00:39:25.939+0000] {processor.py:836} INFO - DAG(s) dict_keys(['example_xcom_args', 'example_xcom_args_with_operators']) retrieved from /home/airflow/.local/lib/python3.7/site-packages/airflow/example_dags/example_xcomargs.py
[2023-08-23T00:39:25.965+0000] {logging_mixin.py:150} INFO - [2023-08-23T00:39:25.965+0000] {dag.py:2742} INFO - Sync 2 DAGs
[2023-08-23T00:39:25.990+0000] {logging_mixin.py:150} INFO - [2023-08-23T00:39:25.990+0000] {dag.py:3508} INFO - Setting next_dagrun for example_xcom_args to None, run_after=None
[2023-08-23T00:39:25.993+0000] {logging_mixin.py:150} INFO - [2023-08-23T00:39:25.993+0000] {dag.py:3508} INFO - Setting next_dagrun for example_xcom_args_with_operators to None, run_after=None
[2023-08-23T00:39:26.026+0000] {processor.py:179} INFO - Processing /home/airflow/.local/lib/python3.7/site-packages/airflow/example_dags/example_xcomargs.py took 0.099 seconds
[2023-08-23T00:39:56.417+0000] {processor.py:157} INFO - Started process (PID=2816) to work on /home/airflow/.local/lib/python3.7/site-packages/airflow/example_dags/example_xcomargs.py
[2023-08-23T00:39:56.418+0000] {processor.py:826} INFO - Processing file /home/airflow/.local/lib/python3.7/site-packages/airflow/example_dags/example_xcomargs.py for tasks to queue
[2023-08-23T00:39:56.419+0000] {logging_mixin.py:150} INFO - [2023-08-23T00:39:56.419+0000] {dagbag.py:541} INFO - Filling up the DagBag from /home/airflow/.local/lib/python3.7/site-packages/airflow/example_dags/example_xcomargs.py
[2023-08-23T00:39:56.428+0000] {processor.py:836} INFO - DAG(s) dict_keys(['example_xcom_args', 'example_xcom_args_with_operators']) retrieved from /home/airflow/.local/lib/python3.7/site-packages/airflow/example_dags/example_xcomargs.py
[2023-08-23T00:39:56.458+0000] {logging_mixin.py:150} INFO - [2023-08-23T00:39:56.458+0000] {dag.py:2742} INFO - Sync 2 DAGs
[2023-08-23T00:39:56.481+0000] {logging_mixin.py:150} INFO - [2023-08-23T00:39:56.480+0000] {dag.py:3508} INFO - Setting next_dagrun for example_xcom_args to None, run_after=None
[2023-08-23T00:39:56.484+0000] {logging_mixin.py:150} INFO - [2023-08-23T00:39:56.484+0000] {dag.py:3508} INFO - Setting next_dagrun for example_xcom_args_with_operators to None, run_after=None
[2023-08-23T00:39:56.520+0000] {processor.py:179} INFO - Processing /home/airflow/.local/lib/python3.7/site-packages/airflow/example_dags/example_xcomargs.py took 0.107 seconds
[2023-08-23T00:40:27.030+0000] {processor.py:157} INFO - Started process (PID=2892) to work on /home/airflow/.local/lib/python3.7/site-packages/airflow/example_dags/example_xcomargs.py
[2023-08-23T00:40:27.031+0000] {processor.py:826} INFO - Processing file /home/airflow/.local/lib/python3.7/site-packages/airflow/example_dags/example_xcomargs.py for tasks to queue
[2023-08-23T00:40:27.032+0000] {logging_mixin.py:150} INFO - [2023-08-23T00:40:27.032+0000] {dagbag.py:541} INFO - Filling up the DagBag from /home/airflow/.local/lib/python3.7/site-packages/airflow/example_dags/example_xcomargs.py
[2023-08-23T00:40:27.039+0000] {processor.py:836} INFO - DAG(s) dict_keys(['example_xcom_args_with_operators', 'example_xcom_args']) retrieved from /home/airflow/.local/lib/python3.7/site-packages/airflow/example_dags/example_xcomargs.py
[2023-08-23T00:40:27.065+0000] {logging_mixin.py:150} INFO - [2023-08-23T00:40:27.065+0000] {dag.py:2742} INFO - Sync 2 DAGs
[2023-08-23T00:40:27.090+0000] {logging_mixin.py:150} INFO - [2023-08-23T00:40:27.090+0000] {dag.py:3508} INFO - Setting next_dagrun for example_xcom_args to None, run_after=None
[2023-08-23T00:40:27.094+0000] {logging_mixin.py:150} INFO - [2023-08-23T00:40:27.094+0000] {dag.py:3508} INFO - Setting next_dagrun for example_xcom_args_with_operators to None, run_after=None
[2023-08-23T00:40:27.127+0000] {processor.py:179} INFO - Processing /home/airflow/.local/lib/python3.7/site-packages/airflow/example_dags/example_xcomargs.py took 0.100 seconds
[2023-08-23T00:40:57.589+0000] {processor.py:157} INFO - Started process (PID=2967) to work on /home/airflow/.local/lib/python3.7/site-packages/airflow/example_dags/example_xcomargs.py
[2023-08-23T00:40:57.590+0000] {processor.py:826} INFO - Processing file /home/airflow/.local/lib/python3.7/site-packages/airflow/example_dags/example_xcomargs.py for tasks to queue
[2023-08-23T00:40:57.591+0000] {logging_mixin.py:150} INFO - [2023-08-23T00:40:57.591+0000] {dagbag.py:541} INFO - Filling up the DagBag from /home/airflow/.local/lib/python3.7/site-packages/airflow/example_dags/example_xcomargs.py
[2023-08-23T00:40:57.598+0000] {processor.py:836} INFO - DAG(s) dict_keys(['example_xcom_args_with_operators', 'example_xcom_args']) retrieved from /home/airflow/.local/lib/python3.7/site-packages/airflow/example_dags/example_xcomargs.py
[2023-08-23T00:40:57.625+0000] {logging_mixin.py:150} INFO - [2023-08-23T00:40:57.625+0000] {dag.py:2742} INFO - Sync 2 DAGs
[2023-08-23T00:40:57.649+0000] {logging_mixin.py:150} INFO - [2023-08-23T00:40:57.649+0000] {dag.py:3508} INFO - Setting next_dagrun for example_xcom_args to None, run_after=None
[2023-08-23T00:40:57.652+0000] {logging_mixin.py:150} INFO - [2023-08-23T00:40:57.652+0000] {dag.py:3508} INFO - Setting next_dagrun for example_xcom_args_with_operators to None, run_after=None
[2023-08-23T00:40:57.686+0000] {processor.py:179} INFO - Processing /home/airflow/.local/lib/python3.7/site-packages/airflow/example_dags/example_xcomargs.py took 0.099 seconds
[2023-08-23T00:41:28.242+0000] {processor.py:157} INFO - Started process (PID=3043) to work on /home/airflow/.local/lib/python3.7/site-packages/airflow/example_dags/example_xcomargs.py
[2023-08-23T00:41:28.244+0000] {processor.py:826} INFO - Processing file /home/airflow/.local/lib/python3.7/site-packages/airflow/example_dags/example_xcomargs.py for tasks to queue
[2023-08-23T00:41:28.245+0000] {logging_mixin.py:150} INFO - [2023-08-23T00:41:28.244+0000] {dagbag.py:541} INFO - Filling up the DagBag from /home/airflow/.local/lib/python3.7/site-packages/airflow/example_dags/example_xcomargs.py
[2023-08-23T00:41:28.253+0000] {processor.py:836} INFO - DAG(s) dict_keys(['example_xcom_args', 'example_xcom_args_with_operators']) retrieved from /home/airflow/.local/lib/python3.7/site-packages/airflow/example_dags/example_xcomargs.py
[2023-08-23T00:41:28.281+0000] {logging_mixin.py:150} INFO - [2023-08-23T00:41:28.281+0000] {dag.py:2742} INFO - Sync 2 DAGs
[2023-08-23T00:41:28.306+0000] {logging_mixin.py:150} INFO - [2023-08-23T00:41:28.305+0000] {dag.py:3508} INFO - Setting next_dagrun for example_xcom_args to None, run_after=None
[2023-08-23T00:41:28.309+0000] {logging_mixin.py:150} INFO - [2023-08-23T00:41:28.309+0000] {dag.py:3508} INFO - Setting next_dagrun for example_xcom_args_with_operators to None, run_after=None
[2023-08-23T00:41:28.343+0000] {processor.py:179} INFO - Processing /home/airflow/.local/lib/python3.7/site-packages/airflow/example_dags/example_xcomargs.py took 0.104 seconds
[2023-08-23T00:41:58.828+0000] {processor.py:157} INFO - Started process (PID=3118) to work on /home/airflow/.local/lib/python3.7/site-packages/airflow/example_dags/example_xcomargs.py
[2023-08-23T00:41:58.830+0000] {processor.py:826} INFO - Processing file /home/airflow/.local/lib/python3.7/site-packages/airflow/example_dags/example_xcomargs.py for tasks to queue
[2023-08-23T00:41:58.831+0000] {logging_mixin.py:150} INFO - [2023-08-23T00:41:58.831+0000] {dagbag.py:541} INFO - Filling up the DagBag from /home/airflow/.local/lib/python3.7/site-packages/airflow/example_dags/example_xcomargs.py
[2023-08-23T00:41:58.841+0000] {processor.py:836} INFO - DAG(s) dict_keys(['example_xcom_args', 'example_xcom_args_with_operators']) retrieved from /home/airflow/.local/lib/python3.7/site-packages/airflow/example_dags/example_xcomargs.py
[2023-08-23T00:41:58.883+0000] {logging_mixin.py:150} INFO - [2023-08-23T00:41:58.882+0000] {dag.py:2742} INFO - Sync 2 DAGs
[2023-08-23T00:41:58.914+0000] {logging_mixin.py:150} INFO - [2023-08-23T00:41:58.914+0000] {dag.py:3508} INFO - Setting next_dagrun for example_xcom_args to None, run_after=None
[2023-08-23T00:41:58.918+0000] {logging_mixin.py:150} INFO - [2023-08-23T00:41:58.918+0000] {dag.py:3508} INFO - Setting next_dagrun for example_xcom_args_with_operators to None, run_after=None
[2023-08-23T00:41:58.952+0000] {processor.py:179} INFO - Processing /home/airflow/.local/lib/python3.7/site-packages/airflow/example_dags/example_xcomargs.py took 0.126 seconds
[2023-08-23T00:42:29.361+0000] {processor.py:157} INFO - Started process (PID=3193) to work on /home/airflow/.local/lib/python3.7/site-packages/airflow/example_dags/example_xcomargs.py
[2023-08-23T00:42:29.363+0000] {processor.py:826} INFO - Processing file /home/airflow/.local/lib/python3.7/site-packages/airflow/example_dags/example_xcomargs.py for tasks to queue
[2023-08-23T00:42:29.364+0000] {logging_mixin.py:150} INFO - [2023-08-23T00:42:29.364+0000] {dagbag.py:541} INFO - Filling up the DagBag from /home/airflow/.local/lib/python3.7/site-packages/airflow/example_dags/example_xcomargs.py
[2023-08-23T00:42:29.371+0000] {processor.py:836} INFO - DAG(s) dict_keys(['example_xcom_args', 'example_xcom_args_with_operators']) retrieved from /home/airflow/.local/lib/python3.7/site-packages/airflow/example_dags/example_xcomargs.py
[2023-08-23T00:42:29.403+0000] {logging_mixin.py:150} INFO - [2023-08-23T00:42:29.403+0000] {dag.py:2742} INFO - Sync 2 DAGs
[2023-08-23T00:42:29.436+0000] {logging_mixin.py:150} INFO - [2023-08-23T00:42:29.436+0000] {dag.py:3508} INFO - Setting next_dagrun for example_xcom_args to None, run_after=None
[2023-08-23T00:42:29.441+0000] {logging_mixin.py:150} INFO - [2023-08-23T00:42:29.441+0000] {dag.py:3508} INFO - Setting next_dagrun for example_xcom_args_with_operators to None, run_after=None
[2023-08-23T00:42:29.488+0000] {processor.py:179} INFO - Processing /home/airflow/.local/lib/python3.7/site-packages/airflow/example_dags/example_xcomargs.py took 0.129 seconds
[2023-08-23T00:43:00.061+0000] {processor.py:157} INFO - Started process (PID=3268) to work on /home/airflow/.local/lib/python3.7/site-packages/airflow/example_dags/example_xcomargs.py
[2023-08-23T00:43:00.062+0000] {processor.py:826} INFO - Processing file /home/airflow/.local/lib/python3.7/site-packages/airflow/example_dags/example_xcomargs.py for tasks to queue
[2023-08-23T00:43:00.063+0000] {logging_mixin.py:150} INFO - [2023-08-23T00:43:00.063+0000] {dagbag.py:541} INFO - Filling up the DagBag from /home/airflow/.local/lib/python3.7/site-packages/airflow/example_dags/example_xcomargs.py
[2023-08-23T00:43:00.071+0000] {processor.py:836} INFO - DAG(s) dict_keys(['example_xcom_args_with_operators', 'example_xcom_args']) retrieved from /home/airflow/.local/lib/python3.7/site-packages/airflow/example_dags/example_xcomargs.py
[2023-08-23T00:43:00.096+0000] {logging_mixin.py:150} INFO - [2023-08-23T00:43:00.096+0000] {dag.py:2742} INFO - Sync 2 DAGs
[2023-08-23T00:43:00.120+0000] {logging_mixin.py:150} INFO - [2023-08-23T00:43:00.120+0000] {dag.py:3508} INFO - Setting next_dagrun for example_xcom_args to None, run_after=None
[2023-08-23T00:43:00.124+0000] {logging_mixin.py:150} INFO - [2023-08-23T00:43:00.124+0000] {dag.py:3508} INFO - Setting next_dagrun for example_xcom_args_with_operators to None, run_after=None
[2023-08-23T00:43:00.158+0000] {processor.py:179} INFO - Processing /home/airflow/.local/lib/python3.7/site-packages/airflow/example_dags/example_xcomargs.py took 0.100 seconds
[2023-08-23T00:43:30.782+0000] {processor.py:157} INFO - Started process (PID=3343) to work on /home/airflow/.local/lib/python3.7/site-packages/airflow/example_dags/example_xcomargs.py
[2023-08-23T00:43:30.783+0000] {processor.py:826} INFO - Processing file /home/airflow/.local/lib/python3.7/site-packages/airflow/example_dags/example_xcomargs.py for tasks to queue
[2023-08-23T00:43:30.784+0000] {logging_mixin.py:150} INFO - [2023-08-23T00:43:30.784+0000] {dagbag.py:541} INFO - Filling up the DagBag from /home/airflow/.local/lib/python3.7/site-packages/airflow/example_dags/example_xcomargs.py
[2023-08-23T00:43:30.792+0000] {processor.py:836} INFO - DAG(s) dict_keys(['example_xcom_args_with_operators', 'example_xcom_args']) retrieved from /home/airflow/.local/lib/python3.7/site-packages/airflow/example_dags/example_xcomargs.py
[2023-08-23T00:43:30.818+0000] {logging_mixin.py:150} INFO - [2023-08-23T00:43:30.818+0000] {dag.py:2742} INFO - Sync 2 DAGs
[2023-08-23T00:43:30.842+0000] {logging_mixin.py:150} INFO - [2023-08-23T00:43:30.842+0000] {dag.py:3508} INFO - Setting next_dagrun for example_xcom_args to None, run_after=None
[2023-08-23T00:43:30.846+0000] {logging_mixin.py:150} INFO - [2023-08-23T00:43:30.846+0000] {dag.py:3508} INFO - Setting next_dagrun for example_xcom_args_with_operators to None, run_after=None
[2023-08-23T00:43:30.890+0000] {processor.py:179} INFO - Processing /home/airflow/.local/lib/python3.7/site-packages/airflow/example_dags/example_xcomargs.py took 0.111 seconds
[2023-08-23T00:44:01.022+0000] {processor.py:157} INFO - Started process (PID=3418) to work on /home/airflow/.local/lib/python3.7/site-packages/airflow/example_dags/example_xcomargs.py
[2023-08-23T00:44:01.024+0000] {processor.py:826} INFO - Processing file /home/airflow/.local/lib/python3.7/site-packages/airflow/example_dags/example_xcomargs.py for tasks to queue
[2023-08-23T00:44:01.025+0000] {logging_mixin.py:150} INFO - [2023-08-23T00:44:01.025+0000] {dagbag.py:541} INFO - Filling up the DagBag from /home/airflow/.local/lib/python3.7/site-packages/airflow/example_dags/example_xcomargs.py
[2023-08-23T00:44:01.032+0000] {processor.py:836} INFO - DAG(s) dict_keys(['example_xcom_args_with_operators', 'example_xcom_args']) retrieved from /home/airflow/.local/lib/python3.7/site-packages/airflow/example_dags/example_xcomargs.py
[2023-08-23T00:44:01.059+0000] {logging_mixin.py:150} INFO - [2023-08-23T00:44:01.059+0000] {dag.py:2742} INFO - Sync 2 DAGs
[2023-08-23T00:44:01.085+0000] {logging_mixin.py:150} INFO - [2023-08-23T00:44:01.084+0000] {dag.py:3508} INFO - Setting next_dagrun for example_xcom_args to None, run_after=None
[2023-08-23T00:44:01.089+0000] {logging_mixin.py:150} INFO - [2023-08-23T00:44:01.089+0000] {dag.py:3508} INFO - Setting next_dagrun for example_xcom_args_with_operators to None, run_after=None
[2023-08-23T00:44:01.125+0000] {processor.py:179} INFO - Processing /home/airflow/.local/lib/python3.7/site-packages/airflow/example_dags/example_xcomargs.py took 0.105 seconds
[2023-08-23T00:44:31.404+0000] {processor.py:157} INFO - Started process (PID=3493) to work on /home/airflow/.local/lib/python3.7/site-packages/airflow/example_dags/example_xcomargs.py
[2023-08-23T00:44:31.405+0000] {processor.py:826} INFO - Processing file /home/airflow/.local/lib/python3.7/site-packages/airflow/example_dags/example_xcomargs.py for tasks to queue
[2023-08-23T00:44:31.406+0000] {logging_mixin.py:150} INFO - [2023-08-23T00:44:31.405+0000] {dagbag.py:541} INFO - Filling up the DagBag from /home/airflow/.local/lib/python3.7/site-packages/airflow/example_dags/example_xcomargs.py
[2023-08-23T00:44:31.413+0000] {processor.py:836} INFO - DAG(s) dict_keys(['example_xcom_args', 'example_xcom_args_with_operators']) retrieved from /home/airflow/.local/lib/python3.7/site-packages/airflow/example_dags/example_xcomargs.py
[2023-08-23T00:44:31.436+0000] {logging_mixin.py:150} INFO - [2023-08-23T00:44:31.436+0000] {dag.py:2742} INFO - Sync 2 DAGs
[2023-08-23T00:44:31.462+0000] {logging_mixin.py:150} INFO - [2023-08-23T00:44:31.462+0000] {dag.py:3508} INFO - Setting next_dagrun for example_xcom_args to None, run_after=None
[2023-08-23T00:44:31.466+0000] {logging_mixin.py:150} INFO - [2023-08-23T00:44:31.466+0000] {dag.py:3508} INFO - Setting next_dagrun for example_xcom_args_with_operators to None, run_after=None
[2023-08-23T00:44:31.499+0000] {processor.py:179} INFO - Processing /home/airflow/.local/lib/python3.7/site-packages/airflow/example_dags/example_xcomargs.py took 0.098 seconds
[2023-08-23T00:45:01.841+0000] {processor.py:157} INFO - Started process (PID=3568) to work on /home/airflow/.local/lib/python3.7/site-packages/airflow/example_dags/example_xcomargs.py
[2023-08-23T00:45:01.842+0000] {processor.py:826} INFO - Processing file /home/airflow/.local/lib/python3.7/site-packages/airflow/example_dags/example_xcomargs.py for tasks to queue
[2023-08-23T00:45:01.843+0000] {logging_mixin.py:150} INFO - [2023-08-23T00:45:01.843+0000] {dagbag.py:541} INFO - Filling up the DagBag from /home/airflow/.local/lib/python3.7/site-packages/airflow/example_dags/example_xcomargs.py
[2023-08-23T00:45:01.851+0000] {processor.py:836} INFO - DAG(s) dict_keys(['example_xcom_args_with_operators', 'example_xcom_args']) retrieved from /home/airflow/.local/lib/python3.7/site-packages/airflow/example_dags/example_xcomargs.py
[2023-08-23T00:45:01.877+0000] {logging_mixin.py:150} INFO - [2023-08-23T00:45:01.877+0000] {dag.py:2742} INFO - Sync 2 DAGs
[2023-08-23T00:45:01.902+0000] {logging_mixin.py:150} INFO - [2023-08-23T00:45:01.901+0000] {dag.py:3508} INFO - Setting next_dagrun for example_xcom_args to None, run_after=None
[2023-08-23T00:45:01.905+0000] {logging_mixin.py:150} INFO - [2023-08-23T00:45:01.905+0000] {dag.py:3508} INFO - Setting next_dagrun for example_xcom_args_with_operators to None, run_after=None
[2023-08-23T00:45:01.938+0000] {processor.py:179} INFO - Processing /home/airflow/.local/lib/python3.7/site-packages/airflow/example_dags/example_xcomargs.py took 0.100 seconds
[2023-08-23T00:45:32.185+0000] {processor.py:157} INFO - Started process (PID=3643) to work on /home/airflow/.local/lib/python3.7/site-packages/airflow/example_dags/example_xcomargs.py
[2023-08-23T00:45:32.186+0000] {processor.py:826} INFO - Processing file /home/airflow/.local/lib/python3.7/site-packages/airflow/example_dags/example_xcomargs.py for tasks to queue
[2023-08-23T00:45:32.187+0000] {logging_mixin.py:150} INFO - [2023-08-23T00:45:32.186+0000] {dagbag.py:541} INFO - Filling up the DagBag from /home/airflow/.local/lib/python3.7/site-packages/airflow/example_dags/example_xcomargs.py
[2023-08-23T00:45:32.196+0000] {processor.py:836} INFO - DAG(s) dict_keys(['example_xcom_args', 'example_xcom_args_with_operators']) retrieved from /home/airflow/.local/lib/python3.7/site-packages/airflow/example_dags/example_xcomargs.py
[2023-08-23T00:45:32.220+0000] {logging_mixin.py:150} INFO - [2023-08-23T00:45:32.220+0000] {dag.py:2742} INFO - Sync 2 DAGs
[2023-08-23T00:45:32.244+0000] {logging_mixin.py:150} INFO - [2023-08-23T00:45:32.244+0000] {dag.py:3508} INFO - Setting next_dagrun for example_xcom_args to None, run_after=None
[2023-08-23T00:45:32.249+0000] {logging_mixin.py:150} INFO - [2023-08-23T00:45:32.249+0000] {dag.py:3508} INFO - Setting next_dagrun for example_xcom_args_with_operators to None, run_after=None
[2023-08-23T00:45:32.301+0000] {processor.py:179} INFO - Processing /home/airflow/.local/lib/python3.7/site-packages/airflow/example_dags/example_xcomargs.py took 0.119 seconds
[2023-08-23T00:46:02.871+0000] {processor.py:157} INFO - Started process (PID=3718) to work on /home/airflow/.local/lib/python3.7/site-packages/airflow/example_dags/example_xcomargs.py
[2023-08-23T00:46:02.872+0000] {processor.py:826} INFO - Processing file /home/airflow/.local/lib/python3.7/site-packages/airflow/example_dags/example_xcomargs.py for tasks to queue
[2023-08-23T00:46:02.873+0000] {logging_mixin.py:150} INFO - [2023-08-23T00:46:02.873+0000] {dagbag.py:541} INFO - Filling up the DagBag from /home/airflow/.local/lib/python3.7/site-packages/airflow/example_dags/example_xcomargs.py
[2023-08-23T00:46:02.880+0000] {processor.py:836} INFO - DAG(s) dict_keys(['example_xcom_args_with_operators', 'example_xcom_args']) retrieved from /home/airflow/.local/lib/python3.7/site-packages/airflow/example_dags/example_xcomargs.py
[2023-08-23T00:46:02.906+0000] {logging_mixin.py:150} INFO - [2023-08-23T00:46:02.906+0000] {dag.py:2742} INFO - Sync 2 DAGs
[2023-08-23T00:46:02.933+0000] {logging_mixin.py:150} INFO - [2023-08-23T00:46:02.933+0000] {dag.py:3508} INFO - Setting next_dagrun for example_xcom_args to None, run_after=None
[2023-08-23T00:46:02.936+0000] {logging_mixin.py:150} INFO - [2023-08-23T00:46:02.936+0000] {dag.py:3508} INFO - Setting next_dagrun for example_xcom_args_with_operators to None, run_after=None
[2023-08-23T00:46:02.975+0000] {processor.py:179} INFO - Processing /home/airflow/.local/lib/python3.7/site-packages/airflow/example_dags/example_xcomargs.py took 0.107 seconds
[2023-08-23T00:46:33.474+0000] {processor.py:157} INFO - Started process (PID=3793) to work on /home/airflow/.local/lib/python3.7/site-packages/airflow/example_dags/example_xcomargs.py
[2023-08-23T00:46:33.475+0000] {processor.py:826} INFO - Processing file /home/airflow/.local/lib/python3.7/site-packages/airflow/example_dags/example_xcomargs.py for tasks to queue
[2023-08-23T00:46:33.477+0000] {logging_mixin.py:150} INFO - [2023-08-23T00:46:33.476+0000] {dagbag.py:541} INFO - Filling up the DagBag from /home/airflow/.local/lib/python3.7/site-packages/airflow/example_dags/example_xcomargs.py
[2023-08-23T00:46:33.484+0000] {processor.py:836} INFO - DAG(s) dict_keys(['example_xcom_args', 'example_xcom_args_with_operators']) retrieved from /home/airflow/.local/lib/python3.7/site-packages/airflow/example_dags/example_xcomargs.py
[2023-08-23T00:46:33.513+0000] {logging_mixin.py:150} INFO - [2023-08-23T00:46:33.512+0000] {dag.py:2742} INFO - Sync 2 DAGs
[2023-08-23T00:46:33.538+0000] {logging_mixin.py:150} INFO - [2023-08-23T00:46:33.538+0000] {dag.py:3508} INFO - Setting next_dagrun for example_xcom_args to None, run_after=None
[2023-08-23T00:46:33.543+0000] {logging_mixin.py:150} INFO - [2023-08-23T00:46:33.543+0000] {dag.py:3508} INFO - Setting next_dagrun for example_xcom_args_with_operators to None, run_after=None
[2023-08-23T00:46:33.576+0000] {processor.py:179} INFO - Processing /home/airflow/.local/lib/python3.7/site-packages/airflow/example_dags/example_xcomargs.py took 0.104 seconds
[2023-08-23T00:47:03.737+0000] {processor.py:157} INFO - Started process (PID=3868) to work on /home/airflow/.local/lib/python3.7/site-packages/airflow/example_dags/example_xcomargs.py
[2023-08-23T00:47:03.738+0000] {processor.py:826} INFO - Processing file /home/airflow/.local/lib/python3.7/site-packages/airflow/example_dags/example_xcomargs.py for tasks to queue
[2023-08-23T00:47:03.739+0000] {logging_mixin.py:150} INFO - [2023-08-23T00:47:03.739+0000] {dagbag.py:541} INFO - Filling up the DagBag from /home/airflow/.local/lib/python3.7/site-packages/airflow/example_dags/example_xcomargs.py
[2023-08-23T00:47:03.748+0000] {processor.py:836} INFO - DAG(s) dict_keys(['example_xcom_args', 'example_xcom_args_with_operators']) retrieved from /home/airflow/.local/lib/python3.7/site-packages/airflow/example_dags/example_xcomargs.py
[2023-08-23T00:47:03.771+0000] {logging_mixin.py:150} INFO - [2023-08-23T00:47:03.771+0000] {dag.py:2742} INFO - Sync 2 DAGs
[2023-08-23T00:47:03.794+0000] {logging_mixin.py:150} INFO - [2023-08-23T00:47:03.794+0000] {dag.py:3508} INFO - Setting next_dagrun for example_xcom_args to None, run_after=None
[2023-08-23T00:47:03.798+0000] {logging_mixin.py:150} INFO - [2023-08-23T00:47:03.798+0000] {dag.py:3508} INFO - Setting next_dagrun for example_xcom_args_with_operators to None, run_after=None
[2023-08-23T00:47:03.830+0000] {processor.py:179} INFO - Processing /home/airflow/.local/lib/python3.7/site-packages/airflow/example_dags/example_xcomargs.py took 0.096 seconds
[2023-08-23T00:47:34.310+0000] {processor.py:157} INFO - Started process (PID=3943) to work on /home/airflow/.local/lib/python3.7/site-packages/airflow/example_dags/example_xcomargs.py
[2023-08-23T00:47:34.311+0000] {processor.py:826} INFO - Processing file /home/airflow/.local/lib/python3.7/site-packages/airflow/example_dags/example_xcomargs.py for tasks to queue
[2023-08-23T00:47:34.312+0000] {logging_mixin.py:150} INFO - [2023-08-23T00:47:34.312+0000] {dagbag.py:541} INFO - Filling up the DagBag from /home/airflow/.local/lib/python3.7/site-packages/airflow/example_dags/example_xcomargs.py
[2023-08-23T00:47:34.319+0000] {processor.py:836} INFO - DAG(s) dict_keys(['example_xcom_args', 'example_xcom_args_with_operators']) retrieved from /home/airflow/.local/lib/python3.7/site-packages/airflow/example_dags/example_xcomargs.py
[2023-08-23T00:47:34.348+0000] {logging_mixin.py:150} INFO - [2023-08-23T00:47:34.348+0000] {dag.py:2742} INFO - Sync 2 DAGs
[2023-08-23T00:47:34.372+0000] {logging_mixin.py:150} INFO - [2023-08-23T00:47:34.372+0000] {dag.py:3508} INFO - Setting next_dagrun for example_xcom_args to None, run_after=None
[2023-08-23T00:47:34.375+0000] {logging_mixin.py:150} INFO - [2023-08-23T00:47:34.375+0000] {dag.py:3508} INFO - Setting next_dagrun for example_xcom_args_with_operators to None, run_after=None
[2023-08-23T00:47:34.411+0000] {processor.py:179} INFO - Processing /home/airflow/.local/lib/python3.7/site-packages/airflow/example_dags/example_xcomargs.py took 0.104 seconds
[2023-08-23T00:48:05.053+0000] {processor.py:157} INFO - Started process (PID=4018) to work on /home/airflow/.local/lib/python3.7/site-packages/airflow/example_dags/example_xcomargs.py
[2023-08-23T00:48:05.054+0000] {processor.py:826} INFO - Processing file /home/airflow/.local/lib/python3.7/site-packages/airflow/example_dags/example_xcomargs.py for tasks to queue
[2023-08-23T00:48:05.055+0000] {logging_mixin.py:150} INFO - [2023-08-23T00:48:05.054+0000] {dagbag.py:541} INFO - Filling up the DagBag from /home/airflow/.local/lib/python3.7/site-packages/airflow/example_dags/example_xcomargs.py
[2023-08-23T00:48:05.061+0000] {processor.py:836} INFO - DAG(s) dict_keys(['example_xcom_args_with_operators', 'example_xcom_args']) retrieved from /home/airflow/.local/lib/python3.7/site-packages/airflow/example_dags/example_xcomargs.py
[2023-08-23T00:48:05.087+0000] {logging_mixin.py:150} INFO - [2023-08-23T00:48:05.086+0000] {dag.py:2742} INFO - Sync 2 DAGs
[2023-08-23T00:48:05.109+0000] {logging_mixin.py:150} INFO - [2023-08-23T00:48:05.109+0000] {dag.py:3508} INFO - Setting next_dagrun for example_xcom_args to None, run_after=None
[2023-08-23T00:48:05.112+0000] {logging_mixin.py:150} INFO - [2023-08-23T00:48:05.112+0000] {dag.py:3508} INFO - Setting next_dagrun for example_xcom_args_with_operators to None, run_after=None
[2023-08-23T00:48:05.144+0000] {processor.py:179} INFO - Processing /home/airflow/.local/lib/python3.7/site-packages/airflow/example_dags/example_xcomargs.py took 0.094 seconds
[2023-08-23T00:48:35.743+0000] {processor.py:157} INFO - Started process (PID=4093) to work on /home/airflow/.local/lib/python3.7/site-packages/airflow/example_dags/example_xcomargs.py
[2023-08-23T00:48:35.744+0000] {processor.py:826} INFO - Processing file /home/airflow/.local/lib/python3.7/site-packages/airflow/example_dags/example_xcomargs.py for tasks to queue
[2023-08-23T00:48:35.746+0000] {logging_mixin.py:150} INFO - [2023-08-23T00:48:35.746+0000] {dagbag.py:541} INFO - Filling up the DagBag from /home/airflow/.local/lib/python3.7/site-packages/airflow/example_dags/example_xcomargs.py
[2023-08-23T00:48:35.753+0000] {processor.py:836} INFO - DAG(s) dict_keys(['example_xcom_args', 'example_xcom_args_with_operators']) retrieved from /home/airflow/.local/lib/python3.7/site-packages/airflow/example_dags/example_xcomargs.py
[2023-08-23T00:48:35.782+0000] {logging_mixin.py:150} INFO - [2023-08-23T00:48:35.782+0000] {dag.py:2742} INFO - Sync 2 DAGs
[2023-08-23T00:48:35.806+0000] {logging_mixin.py:150} INFO - [2023-08-23T00:48:35.806+0000] {dag.py:3508} INFO - Setting next_dagrun for example_xcom_args to None, run_after=None
[2023-08-23T00:48:35.811+0000] {logging_mixin.py:150} INFO - [2023-08-23T00:48:35.811+0000] {dag.py:3508} INFO - Setting next_dagrun for example_xcom_args_with_operators to None, run_after=None
[2023-08-23T00:48:35.847+0000] {processor.py:179} INFO - Processing /home/airflow/.local/lib/python3.7/site-packages/airflow/example_dags/example_xcomargs.py took 0.106 seconds
[2023-08-23T00:49:06.195+0000] {processor.py:157} INFO - Started process (PID=4168) to work on /home/airflow/.local/lib/python3.7/site-packages/airflow/example_dags/example_xcomargs.py
[2023-08-23T00:49:06.196+0000] {processor.py:826} INFO - Processing file /home/airflow/.local/lib/python3.7/site-packages/airflow/example_dags/example_xcomargs.py for tasks to queue
[2023-08-23T00:49:06.197+0000] {logging_mixin.py:150} INFO - [2023-08-23T00:49:06.197+0000] {dagbag.py:541} INFO - Filling up the DagBag from /home/airflow/.local/lib/python3.7/site-packages/airflow/example_dags/example_xcomargs.py
[2023-08-23T00:49:06.204+0000] {processor.py:836} INFO - DAG(s) dict_keys(['example_xcom_args', 'example_xcom_args_with_operators']) retrieved from /home/airflow/.local/lib/python3.7/site-packages/airflow/example_dags/example_xcomargs.py
[2023-08-23T00:49:06.229+0000] {logging_mixin.py:150} INFO - [2023-08-23T00:49:06.229+0000] {dag.py:2742} INFO - Sync 2 DAGs
[2023-08-23T00:49:06.257+0000] {logging_mixin.py:150} INFO - [2023-08-23T00:49:06.256+0000] {dag.py:3508} INFO - Setting next_dagrun for example_xcom_args to None, run_after=None
[2023-08-23T00:49:06.260+0000] {logging_mixin.py:150} INFO - [2023-08-23T00:49:06.260+0000] {dag.py:3508} INFO - Setting next_dagrun for example_xcom_args_with_operators to None, run_after=None
[2023-08-23T00:49:06.294+0000] {processor.py:179} INFO - Processing /home/airflow/.local/lib/python3.7/site-packages/airflow/example_dags/example_xcomargs.py took 0.102 seconds
[2023-08-23T00:49:36.494+0000] {processor.py:157} INFO - Started process (PID=4243) to work on /home/airflow/.local/lib/python3.7/site-packages/airflow/example_dags/example_xcomargs.py
[2023-08-23T00:49:36.495+0000] {processor.py:826} INFO - Processing file /home/airflow/.local/lib/python3.7/site-packages/airflow/example_dags/example_xcomargs.py for tasks to queue
[2023-08-23T00:49:36.496+0000] {logging_mixin.py:150} INFO - [2023-08-23T00:49:36.496+0000] {dagbag.py:541} INFO - Filling up the DagBag from /home/airflow/.local/lib/python3.7/site-packages/airflow/example_dags/example_xcomargs.py
[2023-08-23T00:49:36.502+0000] {processor.py:836} INFO - DAG(s) dict_keys(['example_xcom_args', 'example_xcom_args_with_operators']) retrieved from /home/airflow/.local/lib/python3.7/site-packages/airflow/example_dags/example_xcomargs.py
[2023-08-23T00:49:36.528+0000] {logging_mixin.py:150} INFO - [2023-08-23T00:49:36.528+0000] {dag.py:2742} INFO - Sync 2 DAGs
[2023-08-23T00:49:36.551+0000] {logging_mixin.py:150} INFO - [2023-08-23T00:49:36.551+0000] {dag.py:3508} INFO - Setting next_dagrun for example_xcom_args to None, run_after=None
[2023-08-23T00:49:36.555+0000] {logging_mixin.py:150} INFO - [2023-08-23T00:49:36.554+0000] {dag.py:3508} INFO - Setting next_dagrun for example_xcom_args_with_operators to None, run_after=None
[2023-08-23T00:49:36.589+0000] {processor.py:179} INFO - Processing /home/airflow/.local/lib/python3.7/site-packages/airflow/example_dags/example_xcomargs.py took 0.098 seconds
[2023-08-23T00:50:06.937+0000] {processor.py:157} INFO - Started process (PID=4318) to work on /home/airflow/.local/lib/python3.7/site-packages/airflow/example_dags/example_xcomargs.py
[2023-08-23T00:50:06.939+0000] {processor.py:826} INFO - Processing file /home/airflow/.local/lib/python3.7/site-packages/airflow/example_dags/example_xcomargs.py for tasks to queue
[2023-08-23T00:50:06.940+0000] {logging_mixin.py:150} INFO - [2023-08-23T00:50:06.940+0000] {dagbag.py:541} INFO - Filling up the DagBag from /home/airflow/.local/lib/python3.7/site-packages/airflow/example_dags/example_xcomargs.py
[2023-08-23T00:50:06.948+0000] {processor.py:836} INFO - DAG(s) dict_keys(['example_xcom_args', 'example_xcom_args_with_operators']) retrieved from /home/airflow/.local/lib/python3.7/site-packages/airflow/example_dags/example_xcomargs.py
[2023-08-23T00:50:06.976+0000] {logging_mixin.py:150} INFO - [2023-08-23T00:50:06.975+0000] {dag.py:2742} INFO - Sync 2 DAGs
[2023-08-23T00:50:07.002+0000] {logging_mixin.py:150} INFO - [2023-08-23T00:50:07.001+0000] {dag.py:3508} INFO - Setting next_dagrun for example_xcom_args to None, run_after=None
[2023-08-23T00:50:07.005+0000] {logging_mixin.py:150} INFO - [2023-08-23T00:50:07.005+0000] {dag.py:3508} INFO - Setting next_dagrun for example_xcom_args_with_operators to None, run_after=None
[2023-08-23T00:50:07.040+0000] {processor.py:179} INFO - Processing /home/airflow/.local/lib/python3.7/site-packages/airflow/example_dags/example_xcomargs.py took 0.105 seconds
[2023-08-23T00:50:37.098+0000] {processor.py:157} INFO - Started process (PID=4393) to work on /home/airflow/.local/lib/python3.7/site-packages/airflow/example_dags/example_xcomargs.py
[2023-08-23T00:50:37.099+0000] {processor.py:826} INFO - Processing file /home/airflow/.local/lib/python3.7/site-packages/airflow/example_dags/example_xcomargs.py for tasks to queue
[2023-08-23T00:50:37.100+0000] {logging_mixin.py:150} INFO - [2023-08-23T00:50:37.100+0000] {dagbag.py:541} INFO - Filling up the DagBag from /home/airflow/.local/lib/python3.7/site-packages/airflow/example_dags/example_xcomargs.py
[2023-08-23T00:50:37.107+0000] {processor.py:836} INFO - DAG(s) dict_keys(['example_xcom_args', 'example_xcom_args_with_operators']) retrieved from /home/airflow/.local/lib/python3.7/site-packages/airflow/example_dags/example_xcomargs.py
[2023-08-23T00:50:37.148+0000] {logging_mixin.py:150} INFO - [2023-08-23T00:50:37.148+0000] {dag.py:2742} INFO - Sync 2 DAGs
[2023-08-23T00:50:37.179+0000] {logging_mixin.py:150} INFO - [2023-08-23T00:50:37.179+0000] {dag.py:3508} INFO - Setting next_dagrun for example_xcom_args to None, run_after=None
[2023-08-23T00:50:37.183+0000] {logging_mixin.py:150} INFO - [2023-08-23T00:50:37.183+0000] {dag.py:3508} INFO - Setting next_dagrun for example_xcom_args_with_operators to None, run_after=None
[2023-08-23T00:50:37.224+0000] {processor.py:179} INFO - Processing /home/airflow/.local/lib/python3.7/site-packages/airflow/example_dags/example_xcomargs.py took 0.129 seconds
[2023-08-23T00:51:07.789+0000] {processor.py:157} INFO - Started process (PID=4468) to work on /home/airflow/.local/lib/python3.7/site-packages/airflow/example_dags/example_xcomargs.py
[2023-08-23T00:51:07.790+0000] {processor.py:826} INFO - Processing file /home/airflow/.local/lib/python3.7/site-packages/airflow/example_dags/example_xcomargs.py for tasks to queue
[2023-08-23T00:51:07.791+0000] {logging_mixin.py:150} INFO - [2023-08-23T00:51:07.791+0000] {dagbag.py:541} INFO - Filling up the DagBag from /home/airflow/.local/lib/python3.7/site-packages/airflow/example_dags/example_xcomargs.py
[2023-08-23T00:51:07.798+0000] {processor.py:836} INFO - DAG(s) dict_keys(['example_xcom_args_with_operators', 'example_xcom_args']) retrieved from /home/airflow/.local/lib/python3.7/site-packages/airflow/example_dags/example_xcomargs.py
[2023-08-23T00:51:07.825+0000] {logging_mixin.py:150} INFO - [2023-08-23T00:51:07.825+0000] {dag.py:2742} INFO - Sync 2 DAGs
[2023-08-23T00:51:07.848+0000] {logging_mixin.py:150} INFO - [2023-08-23T00:51:07.848+0000] {dag.py:3508} INFO - Setting next_dagrun for example_xcom_args to None, run_after=None
[2023-08-23T00:51:07.852+0000] {logging_mixin.py:150} INFO - [2023-08-23T00:51:07.852+0000] {dag.py:3508} INFO - Setting next_dagrun for example_xcom_args_with_operators to None, run_after=None
[2023-08-23T00:51:07.886+0000] {processor.py:179} INFO - Processing /home/airflow/.local/lib/python3.7/site-packages/airflow/example_dags/example_xcomargs.py took 0.100 seconds
[2023-08-23T00:51:38.879+0000] {processor.py:157} INFO - Started process (PID=4543) to work on /home/airflow/.local/lib/python3.7/site-packages/airflow/example_dags/example_xcomargs.py
[2023-08-23T00:51:38.880+0000] {processor.py:826} INFO - Processing file /home/airflow/.local/lib/python3.7/site-packages/airflow/example_dags/example_xcomargs.py for tasks to queue
[2023-08-23T00:51:38.881+0000] {logging_mixin.py:150} INFO - [2023-08-23T00:51:38.881+0000] {dagbag.py:541} INFO - Filling up the DagBag from /home/airflow/.local/lib/python3.7/site-packages/airflow/example_dags/example_xcomargs.py
[2023-08-23T00:51:38.888+0000] {processor.py:836} INFO - DAG(s) dict_keys(['example_xcom_args_with_operators', 'example_xcom_args']) retrieved from /home/airflow/.local/lib/python3.7/site-packages/airflow/example_dags/example_xcomargs.py
[2023-08-23T00:51:38.915+0000] {logging_mixin.py:150} INFO - [2023-08-23T00:51:38.915+0000] {dag.py:2742} INFO - Sync 2 DAGs
[2023-08-23T00:51:38.938+0000] {logging_mixin.py:150} INFO - [2023-08-23T00:51:38.938+0000] {dag.py:3508} INFO - Setting next_dagrun for example_xcom_args to None, run_after=None
[2023-08-23T00:51:38.943+0000] {logging_mixin.py:150} INFO - [2023-08-23T00:51:38.943+0000] {dag.py:3508} INFO - Setting next_dagrun for example_xcom_args_with_operators to None, run_after=None
[2023-08-23T00:51:38.985+0000] {processor.py:179} INFO - Processing /home/airflow/.local/lib/python3.7/site-packages/airflow/example_dags/example_xcomargs.py took 0.109 seconds
