[2023-08-23T00:21:09.248+0000] {processor.py:157} INFO - Started process (PID=55) to work on /home/airflow/.local/lib/python3.7/site-packages/airflow/example_dags/example_branch_operator_decorator.py
[2023-08-23T00:21:09.250+0000] {processor.py:826} INFO - Processing file /home/airflow/.local/lib/python3.7/site-packages/airflow/example_dags/example_branch_operator_decorator.py for tasks to queue
[2023-08-23T00:21:09.251+0000] {logging_mixin.py:150} INFO - [2023-08-23T00:21:09.251+0000] {dagbag.py:541} INFO - Filling up the DagBag from /home/airflow/.local/lib/python3.7/site-packages/airflow/example_dags/example_branch_operator_decorator.py
[2023-08-23T00:21:09.264+0000] {processor.py:836} INFO - DAG(s) dict_keys(['example_branch_python_operator_decorator']) retrieved from /home/airflow/.local/lib/python3.7/site-packages/airflow/example_dags/example_branch_operator_decorator.py
[2023-08-23T00:21:09.277+0000] {logging_mixin.py:150} INFO - [2023-08-23T00:21:09.277+0000] {dag.py:2742} INFO - Sync 1 DAGs
[2023-08-23T00:21:09.396+0000] {logging_mixin.py:150} INFO - [2023-08-23T00:21:09.396+0000] {dag.py:3508} INFO - Setting next_dagrun for example_branch_python_operator_decorator to 2023-08-22T00:00:00+00:00, run_after=2023-08-23T00:00:00+00:00
[2023-08-23T00:21:09.487+0000] {processor.py:179} INFO - Processing /home/airflow/.local/lib/python3.7/site-packages/airflow/example_dags/example_branch_operator_decorator.py took 0.242 seconds
[2023-08-23T00:21:39.800+0000] {processor.py:157} INFO - Started process (PID=130) to work on /home/airflow/.local/lib/python3.7/site-packages/airflow/example_dags/example_branch_operator_decorator.py
[2023-08-23T00:21:39.801+0000] {processor.py:826} INFO - Processing file /home/airflow/.local/lib/python3.7/site-packages/airflow/example_dags/example_branch_operator_decorator.py for tasks to queue
[2023-08-23T00:21:39.802+0000] {logging_mixin.py:150} INFO - [2023-08-23T00:21:39.802+0000] {dagbag.py:541} INFO - Filling up the DagBag from /home/airflow/.local/lib/python3.7/site-packages/airflow/example_dags/example_branch_operator_decorator.py
[2023-08-23T00:21:39.812+0000] {processor.py:836} INFO - DAG(s) dict_keys(['example_branch_python_operator_decorator']) retrieved from /home/airflow/.local/lib/python3.7/site-packages/airflow/example_dags/example_branch_operator_decorator.py
[2023-08-23T00:21:39.840+0000] {logging_mixin.py:150} INFO - [2023-08-23T00:21:39.840+0000] {dag.py:2742} INFO - Sync 1 DAGs
[2023-08-23T00:21:39.869+0000] {logging_mixin.py:150} INFO - [2023-08-23T00:21:39.869+0000] {dag.py:3508} INFO - Setting next_dagrun for example_branch_python_operator_decorator to 2023-08-22T00:00:00+00:00, run_after=2023-08-23T00:00:00+00:00
[2023-08-23T00:21:39.907+0000] {processor.py:179} INFO - Processing /home/airflow/.local/lib/python3.7/site-packages/airflow/example_dags/example_branch_operator_decorator.py took 0.111 seconds
[2023-08-23T00:22:10.223+0000] {processor.py:157} INFO - Started process (PID=205) to work on /home/airflow/.local/lib/python3.7/site-packages/airflow/example_dags/example_branch_operator_decorator.py
[2023-08-23T00:22:10.223+0000] {processor.py:826} INFO - Processing file /home/airflow/.local/lib/python3.7/site-packages/airflow/example_dags/example_branch_operator_decorator.py for tasks to queue
[2023-08-23T00:22:10.224+0000] {logging_mixin.py:150} INFO - [2023-08-23T00:22:10.224+0000] {dagbag.py:541} INFO - Filling up the DagBag from /home/airflow/.local/lib/python3.7/site-packages/airflow/example_dags/example_branch_operator_decorator.py
[2023-08-23T00:22:10.237+0000] {processor.py:836} INFO - DAG(s) dict_keys(['example_branch_python_operator_decorator']) retrieved from /home/airflow/.local/lib/python3.7/site-packages/airflow/example_dags/example_branch_operator_decorator.py
[2023-08-23T00:22:10.267+0000] {logging_mixin.py:150} INFO - [2023-08-23T00:22:10.267+0000] {dag.py:2742} INFO - Sync 1 DAGs
[2023-08-23T00:22:10.295+0000] {logging_mixin.py:150} INFO - [2023-08-23T00:22:10.294+0000] {dag.py:3508} INFO - Setting next_dagrun for example_branch_python_operator_decorator to 2023-08-22T00:00:00+00:00, run_after=2023-08-23T00:00:00+00:00
[2023-08-23T00:22:10.332+0000] {processor.py:179} INFO - Processing /home/airflow/.local/lib/python3.7/site-packages/airflow/example_dags/example_branch_operator_decorator.py took 0.113 seconds
[2023-08-23T00:22:40.652+0000] {processor.py:157} INFO - Started process (PID=280) to work on /home/airflow/.local/lib/python3.7/site-packages/airflow/example_dags/example_branch_operator_decorator.py
[2023-08-23T00:22:40.652+0000] {processor.py:826} INFO - Processing file /home/airflow/.local/lib/python3.7/site-packages/airflow/example_dags/example_branch_operator_decorator.py for tasks to queue
[2023-08-23T00:22:40.653+0000] {logging_mixin.py:150} INFO - [2023-08-23T00:22:40.653+0000] {dagbag.py:541} INFO - Filling up the DagBag from /home/airflow/.local/lib/python3.7/site-packages/airflow/example_dags/example_branch_operator_decorator.py
[2023-08-23T00:22:40.663+0000] {processor.py:836} INFO - DAG(s) dict_keys(['example_branch_python_operator_decorator']) retrieved from /home/airflow/.local/lib/python3.7/site-packages/airflow/example_dags/example_branch_operator_decorator.py
[2023-08-23T00:22:40.687+0000] {logging_mixin.py:150} INFO - [2023-08-23T00:22:40.686+0000] {dag.py:2742} INFO - Sync 1 DAGs
[2023-08-23T00:22:40.715+0000] {logging_mixin.py:150} INFO - [2023-08-23T00:22:40.714+0000] {dag.py:3508} INFO - Setting next_dagrun for example_branch_python_operator_decorator to 2023-08-22T00:00:00+00:00, run_after=2023-08-23T00:00:00+00:00
[2023-08-23T00:22:40.752+0000] {processor.py:179} INFO - Processing /home/airflow/.local/lib/python3.7/site-packages/airflow/example_dags/example_branch_operator_decorator.py took 0.103 seconds
[2023-08-23T00:23:11.403+0000] {processor.py:157} INFO - Started process (PID=355) to work on /home/airflow/.local/lib/python3.7/site-packages/airflow/example_dags/example_branch_operator_decorator.py
[2023-08-23T00:23:11.404+0000] {processor.py:826} INFO - Processing file /home/airflow/.local/lib/python3.7/site-packages/airflow/example_dags/example_branch_operator_decorator.py for tasks to queue
[2023-08-23T00:23:11.405+0000] {logging_mixin.py:150} INFO - [2023-08-23T00:23:11.405+0000] {dagbag.py:541} INFO - Filling up the DagBag from /home/airflow/.local/lib/python3.7/site-packages/airflow/example_dags/example_branch_operator_decorator.py
[2023-08-23T00:23:11.417+0000] {processor.py:836} INFO - DAG(s) dict_keys(['example_branch_python_operator_decorator']) retrieved from /home/airflow/.local/lib/python3.7/site-packages/airflow/example_dags/example_branch_operator_decorator.py
[2023-08-23T00:23:11.441+0000] {logging_mixin.py:150} INFO - [2023-08-23T00:23:11.441+0000] {dag.py:2742} INFO - Sync 1 DAGs
[2023-08-23T00:23:11.474+0000] {logging_mixin.py:150} INFO - [2023-08-23T00:23:11.474+0000] {dag.py:3508} INFO - Setting next_dagrun for example_branch_python_operator_decorator to 2023-08-22T00:00:00+00:00, run_after=2023-08-23T00:00:00+00:00
[2023-08-23T00:23:11.513+0000] {processor.py:179} INFO - Processing /home/airflow/.local/lib/python3.7/site-packages/airflow/example_dags/example_branch_operator_decorator.py took 0.112 seconds
[2023-08-23T00:23:41.943+0000] {processor.py:157} INFO - Started process (PID=430) to work on /home/airflow/.local/lib/python3.7/site-packages/airflow/example_dags/example_branch_operator_decorator.py
[2023-08-23T00:23:41.945+0000] {processor.py:826} INFO - Processing file /home/airflow/.local/lib/python3.7/site-packages/airflow/example_dags/example_branch_operator_decorator.py for tasks to queue
[2023-08-23T00:23:41.947+0000] {logging_mixin.py:150} INFO - [2023-08-23T00:23:41.946+0000] {dagbag.py:541} INFO - Filling up the DagBag from /home/airflow/.local/lib/python3.7/site-packages/airflow/example_dags/example_branch_operator_decorator.py
[2023-08-23T00:23:41.957+0000] {processor.py:836} INFO - DAG(s) dict_keys(['example_branch_python_operator_decorator']) retrieved from /home/airflow/.local/lib/python3.7/site-packages/airflow/example_dags/example_branch_operator_decorator.py
[2023-08-23T00:23:41.984+0000] {logging_mixin.py:150} INFO - [2023-08-23T00:23:41.984+0000] {dag.py:2742} INFO - Sync 1 DAGs
[2023-08-23T00:23:42.011+0000] {logging_mixin.py:150} INFO - [2023-08-23T00:23:42.011+0000] {dag.py:3508} INFO - Setting next_dagrun for example_branch_python_operator_decorator to 2023-08-22T00:00:00+00:00, run_after=2023-08-23T00:00:00+00:00
[2023-08-23T00:23:42.049+0000] {processor.py:179} INFO - Processing /home/airflow/.local/lib/python3.7/site-packages/airflow/example_dags/example_branch_operator_decorator.py took 0.109 seconds
[2023-08-23T00:24:12.368+0000] {processor.py:157} INFO - Started process (PID=505) to work on /home/airflow/.local/lib/python3.7/site-packages/airflow/example_dags/example_branch_operator_decorator.py
[2023-08-23T00:24:12.369+0000] {processor.py:826} INFO - Processing file /home/airflow/.local/lib/python3.7/site-packages/airflow/example_dags/example_branch_operator_decorator.py for tasks to queue
[2023-08-23T00:24:12.370+0000] {logging_mixin.py:150} INFO - [2023-08-23T00:24:12.369+0000] {dagbag.py:541} INFO - Filling up the DagBag from /home/airflow/.local/lib/python3.7/site-packages/airflow/example_dags/example_branch_operator_decorator.py
[2023-08-23T00:24:12.378+0000] {processor.py:836} INFO - DAG(s) dict_keys(['example_branch_python_operator_decorator']) retrieved from /home/airflow/.local/lib/python3.7/site-packages/airflow/example_dags/example_branch_operator_decorator.py
[2023-08-23T00:24:12.403+0000] {logging_mixin.py:150} INFO - [2023-08-23T00:24:12.403+0000] {dag.py:2742} INFO - Sync 1 DAGs
[2023-08-23T00:24:12.429+0000] {logging_mixin.py:150} INFO - [2023-08-23T00:24:12.429+0000] {dag.py:3508} INFO - Setting next_dagrun for example_branch_python_operator_decorator to 2023-08-22T00:00:00+00:00, run_after=2023-08-23T00:00:00+00:00
[2023-08-23T00:24:12.464+0000] {processor.py:179} INFO - Processing /home/airflow/.local/lib/python3.7/site-packages/airflow/example_dags/example_branch_operator_decorator.py took 0.099 seconds
[2023-08-23T00:24:42.711+0000] {processor.py:157} INFO - Started process (PID=580) to work on /home/airflow/.local/lib/python3.7/site-packages/airflow/example_dags/example_branch_operator_decorator.py
[2023-08-23T00:24:42.712+0000] {processor.py:826} INFO - Processing file /home/airflow/.local/lib/python3.7/site-packages/airflow/example_dags/example_branch_operator_decorator.py for tasks to queue
[2023-08-23T00:24:42.713+0000] {logging_mixin.py:150} INFO - [2023-08-23T00:24:42.713+0000] {dagbag.py:541} INFO - Filling up the DagBag from /home/airflow/.local/lib/python3.7/site-packages/airflow/example_dags/example_branch_operator_decorator.py
[2023-08-23T00:24:42.722+0000] {processor.py:836} INFO - DAG(s) dict_keys(['example_branch_python_operator_decorator']) retrieved from /home/airflow/.local/lib/python3.7/site-packages/airflow/example_dags/example_branch_operator_decorator.py
[2023-08-23T00:24:42.744+0000] {logging_mixin.py:150} INFO - [2023-08-23T00:24:42.744+0000] {dag.py:2742} INFO - Sync 1 DAGs
[2023-08-23T00:24:42.769+0000] {logging_mixin.py:150} INFO - [2023-08-23T00:24:42.769+0000] {dag.py:3508} INFO - Setting next_dagrun for example_branch_python_operator_decorator to 2023-08-22T00:00:00+00:00, run_after=2023-08-23T00:00:00+00:00
[2023-08-23T00:24:42.803+0000] {processor.py:179} INFO - Processing /home/airflow/.local/lib/python3.7/site-packages/airflow/example_dags/example_branch_operator_decorator.py took 0.095 seconds
[2023-08-23T00:25:13.938+0000] {processor.py:157} INFO - Started process (PID=655) to work on /home/airflow/.local/lib/python3.7/site-packages/airflow/example_dags/example_branch_operator_decorator.py
[2023-08-23T00:25:13.939+0000] {processor.py:826} INFO - Processing file /home/airflow/.local/lib/python3.7/site-packages/airflow/example_dags/example_branch_operator_decorator.py for tasks to queue
[2023-08-23T00:25:13.940+0000] {logging_mixin.py:150} INFO - [2023-08-23T00:25:13.940+0000] {dagbag.py:541} INFO - Filling up the DagBag from /home/airflow/.local/lib/python3.7/site-packages/airflow/example_dags/example_branch_operator_decorator.py
[2023-08-23T00:25:13.950+0000] {processor.py:836} INFO - DAG(s) dict_keys(['example_branch_python_operator_decorator']) retrieved from /home/airflow/.local/lib/python3.7/site-packages/airflow/example_dags/example_branch_operator_decorator.py
[2023-08-23T00:25:13.974+0000] {logging_mixin.py:150} INFO - [2023-08-23T00:25:13.974+0000] {dag.py:2742} INFO - Sync 1 DAGs
[2023-08-23T00:25:13.998+0000] {logging_mixin.py:150} INFO - [2023-08-23T00:25:13.998+0000] {dag.py:3508} INFO - Setting next_dagrun for example_branch_python_operator_decorator to 2023-08-22T00:00:00+00:00, run_after=2023-08-23T00:00:00+00:00
[2023-08-23T00:25:14.036+0000] {processor.py:179} INFO - Processing /home/airflow/.local/lib/python3.7/site-packages/airflow/example_dags/example_branch_operator_decorator.py took 0.101 seconds
[2023-08-23T00:25:44.685+0000] {processor.py:157} INFO - Started process (PID=730) to work on /home/airflow/.local/lib/python3.7/site-packages/airflow/example_dags/example_branch_operator_decorator.py
[2023-08-23T00:25:44.686+0000] {processor.py:826} INFO - Processing file /home/airflow/.local/lib/python3.7/site-packages/airflow/example_dags/example_branch_operator_decorator.py for tasks to queue
[2023-08-23T00:25:44.687+0000] {logging_mixin.py:150} INFO - [2023-08-23T00:25:44.686+0000] {dagbag.py:541} INFO - Filling up the DagBag from /home/airflow/.local/lib/python3.7/site-packages/airflow/example_dags/example_branch_operator_decorator.py
[2023-08-23T00:25:44.696+0000] {processor.py:836} INFO - DAG(s) dict_keys(['example_branch_python_operator_decorator']) retrieved from /home/airflow/.local/lib/python3.7/site-packages/airflow/example_dags/example_branch_operator_decorator.py
[2023-08-23T00:25:44.718+0000] {logging_mixin.py:150} INFO - [2023-08-23T00:25:44.718+0000] {dag.py:2742} INFO - Sync 1 DAGs
[2023-08-23T00:25:44.742+0000] {logging_mixin.py:150} INFO - [2023-08-23T00:25:44.742+0000] {dag.py:3508} INFO - Setting next_dagrun for example_branch_python_operator_decorator to 2023-08-22T00:00:00+00:00, run_after=2023-08-23T00:00:00+00:00
[2023-08-23T00:25:44.794+0000] {processor.py:179} INFO - Processing /home/airflow/.local/lib/python3.7/site-packages/airflow/example_dags/example_branch_operator_decorator.py took 0.112 seconds
[2023-08-23T00:26:15.342+0000] {processor.py:157} INFO - Started process (PID=805) to work on /home/airflow/.local/lib/python3.7/site-packages/airflow/example_dags/example_branch_operator_decorator.py
[2023-08-23T00:26:15.343+0000] {processor.py:826} INFO - Processing file /home/airflow/.local/lib/python3.7/site-packages/airflow/example_dags/example_branch_operator_decorator.py for tasks to queue
[2023-08-23T00:26:15.344+0000] {logging_mixin.py:150} INFO - [2023-08-23T00:26:15.344+0000] {dagbag.py:541} INFO - Filling up the DagBag from /home/airflow/.local/lib/python3.7/site-packages/airflow/example_dags/example_branch_operator_decorator.py
[2023-08-23T00:26:15.356+0000] {processor.py:836} INFO - DAG(s) dict_keys(['example_branch_python_operator_decorator']) retrieved from /home/airflow/.local/lib/python3.7/site-packages/airflow/example_dags/example_branch_operator_decorator.py
[2023-08-23T00:26:15.382+0000] {logging_mixin.py:150} INFO - [2023-08-23T00:26:15.382+0000] {dag.py:2742} INFO - Sync 1 DAGs
[2023-08-23T00:26:15.407+0000] {logging_mixin.py:150} INFO - [2023-08-23T00:26:15.407+0000] {dag.py:3508} INFO - Setting next_dagrun for example_branch_python_operator_decorator to 2023-08-22T00:00:00+00:00, run_after=2023-08-23T00:00:00+00:00
[2023-08-23T00:26:15.442+0000] {processor.py:179} INFO - Processing /home/airflow/.local/lib/python3.7/site-packages/airflow/example_dags/example_branch_operator_decorator.py took 0.103 seconds
[2023-08-23T00:26:45.899+0000] {processor.py:157} INFO - Started process (PID=880) to work on /home/airflow/.local/lib/python3.7/site-packages/airflow/example_dags/example_branch_operator_decorator.py
[2023-08-23T00:26:45.900+0000] {processor.py:826} INFO - Processing file /home/airflow/.local/lib/python3.7/site-packages/airflow/example_dags/example_branch_operator_decorator.py for tasks to queue
[2023-08-23T00:26:45.901+0000] {logging_mixin.py:150} INFO - [2023-08-23T00:26:45.901+0000] {dagbag.py:541} INFO - Filling up the DagBag from /home/airflow/.local/lib/python3.7/site-packages/airflow/example_dags/example_branch_operator_decorator.py
[2023-08-23T00:26:45.910+0000] {processor.py:836} INFO - DAG(s) dict_keys(['example_branch_python_operator_decorator']) retrieved from /home/airflow/.local/lib/python3.7/site-packages/airflow/example_dags/example_branch_operator_decorator.py
[2023-08-23T00:26:45.936+0000] {logging_mixin.py:150} INFO - [2023-08-23T00:26:45.936+0000] {dag.py:2742} INFO - Sync 1 DAGs
[2023-08-23T00:26:45.962+0000] {logging_mixin.py:150} INFO - [2023-08-23T00:26:45.962+0000] {dag.py:3508} INFO - Setting next_dagrun for example_branch_python_operator_decorator to 2023-08-22T00:00:00+00:00, run_after=2023-08-23T00:00:00+00:00
[2023-08-23T00:26:45.997+0000] {processor.py:179} INFO - Processing /home/airflow/.local/lib/python3.7/site-packages/airflow/example_dags/example_branch_operator_decorator.py took 0.100 seconds
[2023-08-23T00:27:16.692+0000] {processor.py:157} INFO - Started process (PID=955) to work on /home/airflow/.local/lib/python3.7/site-packages/airflow/example_dags/example_branch_operator_decorator.py
[2023-08-23T00:27:16.693+0000] {processor.py:826} INFO - Processing file /home/airflow/.local/lib/python3.7/site-packages/airflow/example_dags/example_branch_operator_decorator.py for tasks to queue
[2023-08-23T00:27:16.694+0000] {logging_mixin.py:150} INFO - [2023-08-23T00:27:16.694+0000] {dagbag.py:541} INFO - Filling up the DagBag from /home/airflow/.local/lib/python3.7/site-packages/airflow/example_dags/example_branch_operator_decorator.py
[2023-08-23T00:27:16.703+0000] {processor.py:836} INFO - DAG(s) dict_keys(['example_branch_python_operator_decorator']) retrieved from /home/airflow/.local/lib/python3.7/site-packages/airflow/example_dags/example_branch_operator_decorator.py
[2023-08-23T00:27:16.726+0000] {logging_mixin.py:150} INFO - [2023-08-23T00:27:16.726+0000] {dag.py:2742} INFO - Sync 1 DAGs
[2023-08-23T00:27:16.753+0000] {logging_mixin.py:150} INFO - [2023-08-23T00:27:16.753+0000] {dag.py:3508} INFO - Setting next_dagrun for example_branch_python_operator_decorator to 2023-08-22T00:00:00+00:00, run_after=2023-08-23T00:00:00+00:00
[2023-08-23T00:27:16.789+0000] {processor.py:179} INFO - Processing /home/airflow/.local/lib/python3.7/site-packages/airflow/example_dags/example_branch_operator_decorator.py took 0.099 seconds
[2023-08-23T00:27:47.083+0000] {processor.py:157} INFO - Started process (PID=1030) to work on /home/airflow/.local/lib/python3.7/site-packages/airflow/example_dags/example_branch_operator_decorator.py
[2023-08-23T00:27:47.084+0000] {processor.py:826} INFO - Processing file /home/airflow/.local/lib/python3.7/site-packages/airflow/example_dags/example_branch_operator_decorator.py for tasks to queue
[2023-08-23T00:27:47.085+0000] {logging_mixin.py:150} INFO - [2023-08-23T00:27:47.084+0000] {dagbag.py:541} INFO - Filling up the DagBag from /home/airflow/.local/lib/python3.7/site-packages/airflow/example_dags/example_branch_operator_decorator.py
[2023-08-23T00:27:47.094+0000] {processor.py:836} INFO - DAG(s) dict_keys(['example_branch_python_operator_decorator']) retrieved from /home/airflow/.local/lib/python3.7/site-packages/airflow/example_dags/example_branch_operator_decorator.py
[2023-08-23T00:27:47.118+0000] {logging_mixin.py:150} INFO - [2023-08-23T00:27:47.118+0000] {dag.py:2742} INFO - Sync 1 DAGs
[2023-08-23T00:27:47.144+0000] {logging_mixin.py:150} INFO - [2023-08-23T00:27:47.144+0000] {dag.py:3508} INFO - Setting next_dagrun for example_branch_python_operator_decorator to 2023-08-22T00:00:00+00:00, run_after=2023-08-23T00:00:00+00:00
[2023-08-23T00:27:47.181+0000] {processor.py:179} INFO - Processing /home/airflow/.local/lib/python3.7/site-packages/airflow/example_dags/example_branch_operator_decorator.py took 0.100 seconds
[2023-08-23T00:28:18.226+0000] {processor.py:157} INFO - Started process (PID=1106) to work on /home/airflow/.local/lib/python3.7/site-packages/airflow/example_dags/example_branch_operator_decorator.py
[2023-08-23T00:28:18.227+0000] {processor.py:826} INFO - Processing file /home/airflow/.local/lib/python3.7/site-packages/airflow/example_dags/example_branch_operator_decorator.py for tasks to queue
[2023-08-23T00:28:18.228+0000] {logging_mixin.py:150} INFO - [2023-08-23T00:28:18.227+0000] {dagbag.py:541} INFO - Filling up the DagBag from /home/airflow/.local/lib/python3.7/site-packages/airflow/example_dags/example_branch_operator_decorator.py
[2023-08-23T00:28:18.237+0000] {processor.py:836} INFO - DAG(s) dict_keys(['example_branch_python_operator_decorator']) retrieved from /home/airflow/.local/lib/python3.7/site-packages/airflow/example_dags/example_branch_operator_decorator.py
[2023-08-23T00:28:18.260+0000] {logging_mixin.py:150} INFO - [2023-08-23T00:28:18.260+0000] {dag.py:2742} INFO - Sync 1 DAGs
[2023-08-23T00:28:18.285+0000] {logging_mixin.py:150} INFO - [2023-08-23T00:28:18.284+0000] {dag.py:3508} INFO - Setting next_dagrun for example_branch_python_operator_decorator to 2023-08-22T00:00:00+00:00, run_after=2023-08-23T00:00:00+00:00
[2023-08-23T00:28:18.337+0000] {processor.py:179} INFO - Processing /home/airflow/.local/lib/python3.7/site-packages/airflow/example_dags/example_branch_operator_decorator.py took 0.114 seconds
[2023-08-23T00:28:48.891+0000] {processor.py:157} INFO - Started process (PID=1181) to work on /home/airflow/.local/lib/python3.7/site-packages/airflow/example_dags/example_branch_operator_decorator.py
[2023-08-23T00:28:48.892+0000] {processor.py:826} INFO - Processing file /home/airflow/.local/lib/python3.7/site-packages/airflow/example_dags/example_branch_operator_decorator.py for tasks to queue
[2023-08-23T00:28:48.893+0000] {logging_mixin.py:150} INFO - [2023-08-23T00:28:48.893+0000] {dagbag.py:541} INFO - Filling up the DagBag from /home/airflow/.local/lib/python3.7/site-packages/airflow/example_dags/example_branch_operator_decorator.py
[2023-08-23T00:28:48.902+0000] {processor.py:836} INFO - DAG(s) dict_keys(['example_branch_python_operator_decorator']) retrieved from /home/airflow/.local/lib/python3.7/site-packages/airflow/example_dags/example_branch_operator_decorator.py
[2023-08-23T00:28:48.926+0000] {logging_mixin.py:150} INFO - [2023-08-23T00:28:48.925+0000] {dag.py:2742} INFO - Sync 1 DAGs
[2023-08-23T00:28:48.951+0000] {logging_mixin.py:150} INFO - [2023-08-23T00:28:48.951+0000] {dag.py:3508} INFO - Setting next_dagrun for example_branch_python_operator_decorator to 2023-08-22T00:00:00+00:00, run_after=2023-08-23T00:00:00+00:00
[2023-08-23T00:28:48.987+0000] {processor.py:179} INFO - Processing /home/airflow/.local/lib/python3.7/site-packages/airflow/example_dags/example_branch_operator_decorator.py took 0.099 seconds
[2023-08-23T00:29:19.327+0000] {processor.py:157} INFO - Started process (PID=1256) to work on /home/airflow/.local/lib/python3.7/site-packages/airflow/example_dags/example_branch_operator_decorator.py
[2023-08-23T00:29:19.328+0000] {processor.py:826} INFO - Processing file /home/airflow/.local/lib/python3.7/site-packages/airflow/example_dags/example_branch_operator_decorator.py for tasks to queue
[2023-08-23T00:29:19.329+0000] {logging_mixin.py:150} INFO - [2023-08-23T00:29:19.329+0000] {dagbag.py:541} INFO - Filling up the DagBag from /home/airflow/.local/lib/python3.7/site-packages/airflow/example_dags/example_branch_operator_decorator.py
[2023-08-23T00:29:19.339+0000] {processor.py:836} INFO - DAG(s) dict_keys(['example_branch_python_operator_decorator']) retrieved from /home/airflow/.local/lib/python3.7/site-packages/airflow/example_dags/example_branch_operator_decorator.py
[2023-08-23T00:29:19.364+0000] {logging_mixin.py:150} INFO - [2023-08-23T00:29:19.364+0000] {dag.py:2742} INFO - Sync 1 DAGs
[2023-08-23T00:29:19.389+0000] {logging_mixin.py:150} INFO - [2023-08-23T00:29:19.389+0000] {dag.py:3508} INFO - Setting next_dagrun for example_branch_python_operator_decorator to 2023-08-22T00:00:00+00:00, run_after=2023-08-23T00:00:00+00:00
[2023-08-23T00:29:19.425+0000] {processor.py:179} INFO - Processing /home/airflow/.local/lib/python3.7/site-packages/airflow/example_dags/example_branch_operator_decorator.py took 0.101 seconds
[2023-08-23T00:29:49.851+0000] {processor.py:157} INFO - Started process (PID=1331) to work on /home/airflow/.local/lib/python3.7/site-packages/airflow/example_dags/example_branch_operator_decorator.py
[2023-08-23T00:29:49.852+0000] {processor.py:826} INFO - Processing file /home/airflow/.local/lib/python3.7/site-packages/airflow/example_dags/example_branch_operator_decorator.py for tasks to queue
[2023-08-23T00:29:49.853+0000] {logging_mixin.py:150} INFO - [2023-08-23T00:29:49.852+0000] {dagbag.py:541} INFO - Filling up the DagBag from /home/airflow/.local/lib/python3.7/site-packages/airflow/example_dags/example_branch_operator_decorator.py
[2023-08-23T00:29:49.862+0000] {processor.py:836} INFO - DAG(s) dict_keys(['example_branch_python_operator_decorator']) retrieved from /home/airflow/.local/lib/python3.7/site-packages/airflow/example_dags/example_branch_operator_decorator.py
[2023-08-23T00:29:49.885+0000] {logging_mixin.py:150} INFO - [2023-08-23T00:29:49.885+0000] {dag.py:2742} INFO - Sync 1 DAGs
[2023-08-23T00:29:49.909+0000] {logging_mixin.py:150} INFO - [2023-08-23T00:29:49.909+0000] {dag.py:3508} INFO - Setting next_dagrun for example_branch_python_operator_decorator to 2023-08-22T00:00:00+00:00, run_after=2023-08-23T00:00:00+00:00
[2023-08-23T00:29:49.977+0000] {processor.py:179} INFO - Processing /home/airflow/.local/lib/python3.7/site-packages/airflow/example_dags/example_branch_operator_decorator.py took 0.129 seconds
[2023-08-23T00:30:20.454+0000] {processor.py:157} INFO - Started process (PID=1406) to work on /home/airflow/.local/lib/python3.7/site-packages/airflow/example_dags/example_branch_operator_decorator.py
[2023-08-23T00:30:20.455+0000] {processor.py:826} INFO - Processing file /home/airflow/.local/lib/python3.7/site-packages/airflow/example_dags/example_branch_operator_decorator.py for tasks to queue
[2023-08-23T00:30:20.456+0000] {logging_mixin.py:150} INFO - [2023-08-23T00:30:20.456+0000] {dagbag.py:541} INFO - Filling up the DagBag from /home/airflow/.local/lib/python3.7/site-packages/airflow/example_dags/example_branch_operator_decorator.py
[2023-08-23T00:30:20.465+0000] {processor.py:836} INFO - DAG(s) dict_keys(['example_branch_python_operator_decorator']) retrieved from /home/airflow/.local/lib/python3.7/site-packages/airflow/example_dags/example_branch_operator_decorator.py
[2023-08-23T00:30:20.488+0000] {logging_mixin.py:150} INFO - [2023-08-23T00:30:20.488+0000] {dag.py:2742} INFO - Sync 1 DAGs
[2023-08-23T00:30:20.517+0000] {logging_mixin.py:150} INFO - [2023-08-23T00:30:20.516+0000] {dag.py:3508} INFO - Setting next_dagrun for example_branch_python_operator_decorator to 2023-08-22T00:00:00+00:00, run_after=2023-08-23T00:00:00+00:00
[2023-08-23T00:30:20.552+0000] {processor.py:179} INFO - Processing /home/airflow/.local/lib/python3.7/site-packages/airflow/example_dags/example_branch_operator_decorator.py took 0.101 seconds
[2023-08-23T00:30:50.862+0000] {processor.py:157} INFO - Started process (PID=1481) to work on /home/airflow/.local/lib/python3.7/site-packages/airflow/example_dags/example_branch_operator_decorator.py
[2023-08-23T00:30:50.863+0000] {processor.py:826} INFO - Processing file /home/airflow/.local/lib/python3.7/site-packages/airflow/example_dags/example_branch_operator_decorator.py for tasks to queue
[2023-08-23T00:30:50.864+0000] {logging_mixin.py:150} INFO - [2023-08-23T00:30:50.864+0000] {dagbag.py:541} INFO - Filling up the DagBag from /home/airflow/.local/lib/python3.7/site-packages/airflow/example_dags/example_branch_operator_decorator.py
[2023-08-23T00:30:50.874+0000] {processor.py:836} INFO - DAG(s) dict_keys(['example_branch_python_operator_decorator']) retrieved from /home/airflow/.local/lib/python3.7/site-packages/airflow/example_dags/example_branch_operator_decorator.py
[2023-08-23T00:30:50.901+0000] {logging_mixin.py:150} INFO - [2023-08-23T00:30:50.901+0000] {dag.py:2742} INFO - Sync 1 DAGs
[2023-08-23T00:30:50.926+0000] {logging_mixin.py:150} INFO - [2023-08-23T00:30:50.926+0000] {dag.py:3508} INFO - Setting next_dagrun for example_branch_python_operator_decorator to 2023-08-22T00:00:00+00:00, run_after=2023-08-23T00:00:00+00:00
[2023-08-23T00:30:50.962+0000] {processor.py:179} INFO - Processing /home/airflow/.local/lib/python3.7/site-packages/airflow/example_dags/example_branch_operator_decorator.py took 0.103 seconds
[2023-08-23T00:31:21.309+0000] {processor.py:157} INFO - Started process (PID=1556) to work on /home/airflow/.local/lib/python3.7/site-packages/airflow/example_dags/example_branch_operator_decorator.py
[2023-08-23T00:31:21.311+0000] {processor.py:826} INFO - Processing file /home/airflow/.local/lib/python3.7/site-packages/airflow/example_dags/example_branch_operator_decorator.py for tasks to queue
[2023-08-23T00:31:21.312+0000] {logging_mixin.py:150} INFO - [2023-08-23T00:31:21.312+0000] {dagbag.py:541} INFO - Filling up the DagBag from /home/airflow/.local/lib/python3.7/site-packages/airflow/example_dags/example_branch_operator_decorator.py
[2023-08-23T00:31:21.322+0000] {processor.py:836} INFO - DAG(s) dict_keys(['example_branch_python_operator_decorator']) retrieved from /home/airflow/.local/lib/python3.7/site-packages/airflow/example_dags/example_branch_operator_decorator.py
[2023-08-23T00:31:21.345+0000] {logging_mixin.py:150} INFO - [2023-08-23T00:31:21.345+0000] {dag.py:2742} INFO - Sync 1 DAGs
[2023-08-23T00:31:21.370+0000] {logging_mixin.py:150} INFO - [2023-08-23T00:31:21.369+0000] {dag.py:3508} INFO - Setting next_dagrun for example_branch_python_operator_decorator to 2023-08-22T00:00:00+00:00, run_after=2023-08-23T00:00:00+00:00
[2023-08-23T00:31:21.429+0000] {processor.py:179} INFO - Processing /home/airflow/.local/lib/python3.7/site-packages/airflow/example_dags/example_branch_operator_decorator.py took 0.124 seconds
[2023-08-23T00:31:51.865+0000] {processor.py:157} INFO - Started process (PID=1631) to work on /home/airflow/.local/lib/python3.7/site-packages/airflow/example_dags/example_branch_operator_decorator.py
[2023-08-23T00:31:51.866+0000] {processor.py:826} INFO - Processing file /home/airflow/.local/lib/python3.7/site-packages/airflow/example_dags/example_branch_operator_decorator.py for tasks to queue
[2023-08-23T00:31:51.867+0000] {logging_mixin.py:150} INFO - [2023-08-23T00:31:51.866+0000] {dagbag.py:541} INFO - Filling up the DagBag from /home/airflow/.local/lib/python3.7/site-packages/airflow/example_dags/example_branch_operator_decorator.py
[2023-08-23T00:31:51.876+0000] {processor.py:836} INFO - DAG(s) dict_keys(['example_branch_python_operator_decorator']) retrieved from /home/airflow/.local/lib/python3.7/site-packages/airflow/example_dags/example_branch_operator_decorator.py
[2023-08-23T00:31:51.904+0000] {logging_mixin.py:150} INFO - [2023-08-23T00:31:51.904+0000] {dag.py:2742} INFO - Sync 1 DAGs
[2023-08-23T00:31:51.929+0000] {logging_mixin.py:150} INFO - [2023-08-23T00:31:51.928+0000] {dag.py:3508} INFO - Setting next_dagrun for example_branch_python_operator_decorator to 2023-08-22T00:00:00+00:00, run_after=2023-08-23T00:00:00+00:00
[2023-08-23T00:31:51.963+0000] {processor.py:179} INFO - Processing /home/airflow/.local/lib/python3.7/site-packages/airflow/example_dags/example_branch_operator_decorator.py took 0.101 seconds
[2023-08-23T00:32:22.583+0000] {processor.py:157} INFO - Started process (PID=1706) to work on /home/airflow/.local/lib/python3.7/site-packages/airflow/example_dags/example_branch_operator_decorator.py
[2023-08-23T00:32:22.584+0000] {processor.py:826} INFO - Processing file /home/airflow/.local/lib/python3.7/site-packages/airflow/example_dags/example_branch_operator_decorator.py for tasks to queue
[2023-08-23T00:32:22.584+0000] {logging_mixin.py:150} INFO - [2023-08-23T00:32:22.584+0000] {dagbag.py:541} INFO - Filling up the DagBag from /home/airflow/.local/lib/python3.7/site-packages/airflow/example_dags/example_branch_operator_decorator.py
[2023-08-23T00:32:22.594+0000] {processor.py:836} INFO - DAG(s) dict_keys(['example_branch_python_operator_decorator']) retrieved from /home/airflow/.local/lib/python3.7/site-packages/airflow/example_dags/example_branch_operator_decorator.py
[2023-08-23T00:32:22.650+0000] {logging_mixin.py:150} INFO - [2023-08-23T00:32:22.650+0000] {dag.py:2742} INFO - Sync 1 DAGs
[2023-08-23T00:32:22.680+0000] {logging_mixin.py:150} INFO - [2023-08-23T00:32:22.680+0000] {dag.py:3508} INFO - Setting next_dagrun for example_branch_python_operator_decorator to 2023-08-22T00:00:00+00:00, run_after=2023-08-23T00:00:00+00:00
[2023-08-23T00:32:22.755+0000] {processor.py:179} INFO - Processing /home/airflow/.local/lib/python3.7/site-packages/airflow/example_dags/example_branch_operator_decorator.py took 0.175 seconds
[2023-08-23T00:32:52.903+0000] {processor.py:157} INFO - Started process (PID=1781) to work on /home/airflow/.local/lib/python3.7/site-packages/airflow/example_dags/example_branch_operator_decorator.py
[2023-08-23T00:32:52.904+0000] {processor.py:826} INFO - Processing file /home/airflow/.local/lib/python3.7/site-packages/airflow/example_dags/example_branch_operator_decorator.py for tasks to queue
[2023-08-23T00:32:52.905+0000] {logging_mixin.py:150} INFO - [2023-08-23T00:32:52.905+0000] {dagbag.py:541} INFO - Filling up the DagBag from /home/airflow/.local/lib/python3.7/site-packages/airflow/example_dags/example_branch_operator_decorator.py
[2023-08-23T00:32:52.914+0000] {processor.py:836} INFO - DAG(s) dict_keys(['example_branch_python_operator_decorator']) retrieved from /home/airflow/.local/lib/python3.7/site-packages/airflow/example_dags/example_branch_operator_decorator.py
[2023-08-23T00:32:52.937+0000] {logging_mixin.py:150} INFO - [2023-08-23T00:32:52.937+0000] {dag.py:2742} INFO - Sync 1 DAGs
[2023-08-23T00:32:52.963+0000] {logging_mixin.py:150} INFO - [2023-08-23T00:32:52.963+0000] {dag.py:3508} INFO - Setting next_dagrun for example_branch_python_operator_decorator to 2023-08-22T00:00:00+00:00, run_after=2023-08-23T00:00:00+00:00
[2023-08-23T00:32:53.014+0000] {processor.py:179} INFO - Processing /home/airflow/.local/lib/python3.7/site-packages/airflow/example_dags/example_branch_operator_decorator.py took 0.114 seconds
[2023-08-23T00:33:23.277+0000] {processor.py:157} INFO - Started process (PID=1856) to work on /home/airflow/.local/lib/python3.7/site-packages/airflow/example_dags/example_branch_operator_decorator.py
[2023-08-23T00:33:23.278+0000] {processor.py:826} INFO - Processing file /home/airflow/.local/lib/python3.7/site-packages/airflow/example_dags/example_branch_operator_decorator.py for tasks to queue
[2023-08-23T00:33:23.279+0000] {logging_mixin.py:150} INFO - [2023-08-23T00:33:23.278+0000] {dagbag.py:541} INFO - Filling up the DagBag from /home/airflow/.local/lib/python3.7/site-packages/airflow/example_dags/example_branch_operator_decorator.py
[2023-08-23T00:33:23.288+0000] {processor.py:836} INFO - DAG(s) dict_keys(['example_branch_python_operator_decorator']) retrieved from /home/airflow/.local/lib/python3.7/site-packages/airflow/example_dags/example_branch_operator_decorator.py
[2023-08-23T00:33:23.316+0000] {logging_mixin.py:150} INFO - [2023-08-23T00:33:23.316+0000] {dag.py:2742} INFO - Sync 1 DAGs
[2023-08-23T00:33:23.345+0000] {logging_mixin.py:150} INFO - [2023-08-23T00:33:23.345+0000] {dag.py:3508} INFO - Setting next_dagrun for example_branch_python_operator_decorator to 2023-08-22T00:00:00+00:00, run_after=2023-08-23T00:00:00+00:00
[2023-08-23T00:33:23.401+0000] {processor.py:179} INFO - Processing /home/airflow/.local/lib/python3.7/site-packages/airflow/example_dags/example_branch_operator_decorator.py took 0.127 seconds
[2023-08-23T00:33:54.067+0000] {processor.py:157} INFO - Started process (PID=1931) to work on /home/airflow/.local/lib/python3.7/site-packages/airflow/example_dags/example_branch_operator_decorator.py
[2023-08-23T00:33:54.069+0000] {processor.py:826} INFO - Processing file /home/airflow/.local/lib/python3.7/site-packages/airflow/example_dags/example_branch_operator_decorator.py for tasks to queue
[2023-08-23T00:33:54.070+0000] {logging_mixin.py:150} INFO - [2023-08-23T00:33:54.070+0000] {dagbag.py:541} INFO - Filling up the DagBag from /home/airflow/.local/lib/python3.7/site-packages/airflow/example_dags/example_branch_operator_decorator.py
[2023-08-23T00:33:54.080+0000] {processor.py:836} INFO - DAG(s) dict_keys(['example_branch_python_operator_decorator']) retrieved from /home/airflow/.local/lib/python3.7/site-packages/airflow/example_dags/example_branch_operator_decorator.py
[2023-08-23T00:33:54.107+0000] {logging_mixin.py:150} INFO - [2023-08-23T00:33:54.107+0000] {dag.py:2742} INFO - Sync 1 DAGs
[2023-08-23T00:33:54.135+0000] {logging_mixin.py:150} INFO - [2023-08-23T00:33:54.135+0000] {dag.py:3508} INFO - Setting next_dagrun for example_branch_python_operator_decorator to 2023-08-22T00:00:00+00:00, run_after=2023-08-23T00:00:00+00:00
[2023-08-23T00:33:54.171+0000] {processor.py:179} INFO - Processing /home/airflow/.local/lib/python3.7/site-packages/airflow/example_dags/example_branch_operator_decorator.py took 0.107 seconds
[2023-08-23T00:34:24.469+0000] {processor.py:157} INFO - Started process (PID=2006) to work on /home/airflow/.local/lib/python3.7/site-packages/airflow/example_dags/example_branch_operator_decorator.py
[2023-08-23T00:34:24.470+0000] {processor.py:826} INFO - Processing file /home/airflow/.local/lib/python3.7/site-packages/airflow/example_dags/example_branch_operator_decorator.py for tasks to queue
[2023-08-23T00:34:24.471+0000] {logging_mixin.py:150} INFO - [2023-08-23T00:34:24.471+0000] {dagbag.py:541} INFO - Filling up the DagBag from /home/airflow/.local/lib/python3.7/site-packages/airflow/example_dags/example_branch_operator_decorator.py
[2023-08-23T00:34:24.480+0000] {processor.py:836} INFO - DAG(s) dict_keys(['example_branch_python_operator_decorator']) retrieved from /home/airflow/.local/lib/python3.7/site-packages/airflow/example_dags/example_branch_operator_decorator.py
[2023-08-23T00:34:24.502+0000] {logging_mixin.py:150} INFO - [2023-08-23T00:34:24.502+0000] {dag.py:2742} INFO - Sync 1 DAGs
[2023-08-23T00:34:24.528+0000] {logging_mixin.py:150} INFO - [2023-08-23T00:34:24.528+0000] {dag.py:3508} INFO - Setting next_dagrun for example_branch_python_operator_decorator to 2023-08-22T00:00:00+00:00, run_after=2023-08-23T00:00:00+00:00
[2023-08-23T00:34:24.564+0000] {processor.py:179} INFO - Processing /home/airflow/.local/lib/python3.7/site-packages/airflow/example_dags/example_branch_operator_decorator.py took 0.098 seconds
[2023-08-23T00:34:54.931+0000] {processor.py:157} INFO - Started process (PID=2081) to work on /home/airflow/.local/lib/python3.7/site-packages/airflow/example_dags/example_branch_operator_decorator.py
[2023-08-23T00:34:54.932+0000] {processor.py:826} INFO - Processing file /home/airflow/.local/lib/python3.7/site-packages/airflow/example_dags/example_branch_operator_decorator.py for tasks to queue
[2023-08-23T00:34:54.933+0000] {logging_mixin.py:150} INFO - [2023-08-23T00:34:54.932+0000] {dagbag.py:541} INFO - Filling up the DagBag from /home/airflow/.local/lib/python3.7/site-packages/airflow/example_dags/example_branch_operator_decorator.py
[2023-08-23T00:34:54.942+0000] {processor.py:836} INFO - DAG(s) dict_keys(['example_branch_python_operator_decorator']) retrieved from /home/airflow/.local/lib/python3.7/site-packages/airflow/example_dags/example_branch_operator_decorator.py
[2023-08-23T00:34:54.965+0000] {logging_mixin.py:150} INFO - [2023-08-23T00:34:54.965+0000] {dag.py:2742} INFO - Sync 1 DAGs
[2023-08-23T00:34:54.994+0000] {logging_mixin.py:150} INFO - [2023-08-23T00:34:54.994+0000] {dag.py:3508} INFO - Setting next_dagrun for example_branch_python_operator_decorator to 2023-08-22T00:00:00+00:00, run_after=2023-08-23T00:00:00+00:00
[2023-08-23T00:34:55.029+0000] {processor.py:179} INFO - Processing /home/airflow/.local/lib/python3.7/site-packages/airflow/example_dags/example_branch_operator_decorator.py took 0.101 seconds
[2023-08-23T00:35:25.567+0000] {processor.py:157} INFO - Started process (PID=2156) to work on /home/airflow/.local/lib/python3.7/site-packages/airflow/example_dags/example_branch_operator_decorator.py
[2023-08-23T00:35:25.568+0000] {processor.py:826} INFO - Processing file /home/airflow/.local/lib/python3.7/site-packages/airflow/example_dags/example_branch_operator_decorator.py for tasks to queue
[2023-08-23T00:35:25.569+0000] {logging_mixin.py:150} INFO - [2023-08-23T00:35:25.569+0000] {dagbag.py:541} INFO - Filling up the DagBag from /home/airflow/.local/lib/python3.7/site-packages/airflow/example_dags/example_branch_operator_decorator.py
[2023-08-23T00:35:25.578+0000] {processor.py:836} INFO - DAG(s) dict_keys(['example_branch_python_operator_decorator']) retrieved from /home/airflow/.local/lib/python3.7/site-packages/airflow/example_dags/example_branch_operator_decorator.py
[2023-08-23T00:35:25.603+0000] {logging_mixin.py:150} INFO - [2023-08-23T00:35:25.603+0000] {dag.py:2742} INFO - Sync 1 DAGs
[2023-08-23T00:35:25.629+0000] {logging_mixin.py:150} INFO - [2023-08-23T00:35:25.629+0000] {dag.py:3508} INFO - Setting next_dagrun for example_branch_python_operator_decorator to 2023-08-22T00:00:00+00:00, run_after=2023-08-23T00:00:00+00:00
[2023-08-23T00:35:25.676+0000] {processor.py:179} INFO - Processing /home/airflow/.local/lib/python3.7/site-packages/airflow/example_dags/example_branch_operator_decorator.py took 0.111 seconds
[2023-08-23T00:35:56.058+0000] {processor.py:157} INFO - Started process (PID=2231) to work on /home/airflow/.local/lib/python3.7/site-packages/airflow/example_dags/example_branch_operator_decorator.py
[2023-08-23T00:35:56.059+0000] {processor.py:826} INFO - Processing file /home/airflow/.local/lib/python3.7/site-packages/airflow/example_dags/example_branch_operator_decorator.py for tasks to queue
[2023-08-23T00:35:56.060+0000] {logging_mixin.py:150} INFO - [2023-08-23T00:35:56.060+0000] {dagbag.py:541} INFO - Filling up the DagBag from /home/airflow/.local/lib/python3.7/site-packages/airflow/example_dags/example_branch_operator_decorator.py
[2023-08-23T00:35:56.070+0000] {processor.py:836} INFO - DAG(s) dict_keys(['example_branch_python_operator_decorator']) retrieved from /home/airflow/.local/lib/python3.7/site-packages/airflow/example_dags/example_branch_operator_decorator.py
[2023-08-23T00:35:56.097+0000] {logging_mixin.py:150} INFO - [2023-08-23T00:35:56.096+0000] {dag.py:2742} INFO - Sync 1 DAGs
[2023-08-23T00:35:56.126+0000] {logging_mixin.py:150} INFO - [2023-08-23T00:35:56.126+0000] {dag.py:3508} INFO - Setting next_dagrun for example_branch_python_operator_decorator to 2023-08-22T00:00:00+00:00, run_after=2023-08-23T00:00:00+00:00
[2023-08-23T00:35:56.163+0000] {processor.py:179} INFO - Processing /home/airflow/.local/lib/python3.7/site-packages/airflow/example_dags/example_branch_operator_decorator.py took 0.108 seconds
[2023-08-23T00:36:26.595+0000] {processor.py:157} INFO - Started process (PID=2306) to work on /home/airflow/.local/lib/python3.7/site-packages/airflow/example_dags/example_branch_operator_decorator.py
[2023-08-23T00:36:26.597+0000] {processor.py:826} INFO - Processing file /home/airflow/.local/lib/python3.7/site-packages/airflow/example_dags/example_branch_operator_decorator.py for tasks to queue
[2023-08-23T00:36:26.598+0000] {logging_mixin.py:150} INFO - [2023-08-23T00:36:26.598+0000] {dagbag.py:541} INFO - Filling up the DagBag from /home/airflow/.local/lib/python3.7/site-packages/airflow/example_dags/example_branch_operator_decorator.py
[2023-08-23T00:36:26.609+0000] {processor.py:836} INFO - DAG(s) dict_keys(['example_branch_python_operator_decorator']) retrieved from /home/airflow/.local/lib/python3.7/site-packages/airflow/example_dags/example_branch_operator_decorator.py
[2023-08-23T00:36:26.643+0000] {logging_mixin.py:150} INFO - [2023-08-23T00:36:26.643+0000] {dag.py:2742} INFO - Sync 1 DAGs
[2023-08-23T00:36:26.683+0000] {logging_mixin.py:150} INFO - [2023-08-23T00:36:26.682+0000] {dag.py:3508} INFO - Setting next_dagrun for example_branch_python_operator_decorator to 2023-08-22T00:00:00+00:00, run_after=2023-08-23T00:00:00+00:00
[2023-08-23T00:36:26.728+0000] {processor.py:179} INFO - Processing /home/airflow/.local/lib/python3.7/site-packages/airflow/example_dags/example_branch_operator_decorator.py took 0.136 seconds
[2023-08-23T00:36:56.866+0000] {processor.py:157} INFO - Started process (PID=2381) to work on /home/airflow/.local/lib/python3.7/site-packages/airflow/example_dags/example_branch_operator_decorator.py
[2023-08-23T00:36:56.867+0000] {processor.py:826} INFO - Processing file /home/airflow/.local/lib/python3.7/site-packages/airflow/example_dags/example_branch_operator_decorator.py for tasks to queue
[2023-08-23T00:36:56.868+0000] {logging_mixin.py:150} INFO - [2023-08-23T00:36:56.868+0000] {dagbag.py:541} INFO - Filling up the DagBag from /home/airflow/.local/lib/python3.7/site-packages/airflow/example_dags/example_branch_operator_decorator.py
[2023-08-23T00:36:56.878+0000] {processor.py:836} INFO - DAG(s) dict_keys(['example_branch_python_operator_decorator']) retrieved from /home/airflow/.local/lib/python3.7/site-packages/airflow/example_dags/example_branch_operator_decorator.py
[2023-08-23T00:36:56.903+0000] {logging_mixin.py:150} INFO - [2023-08-23T00:36:56.903+0000] {dag.py:2742} INFO - Sync 1 DAGs
[2023-08-23T00:36:56.931+0000] {logging_mixin.py:150} INFO - [2023-08-23T00:36:56.930+0000] {dag.py:3508} INFO - Setting next_dagrun for example_branch_python_operator_decorator to 2023-08-22T00:00:00+00:00, run_after=2023-08-23T00:00:00+00:00
[2023-08-23T00:36:56.983+0000] {processor.py:179} INFO - Processing /home/airflow/.local/lib/python3.7/site-packages/airflow/example_dags/example_branch_operator_decorator.py took 0.120 seconds
[2023-08-23T00:37:27.315+0000] {processor.py:157} INFO - Started process (PID=2456) to work on /home/airflow/.local/lib/python3.7/site-packages/airflow/example_dags/example_branch_operator_decorator.py
[2023-08-23T00:37:27.316+0000] {processor.py:826} INFO - Processing file /home/airflow/.local/lib/python3.7/site-packages/airflow/example_dags/example_branch_operator_decorator.py for tasks to queue
[2023-08-23T00:37:27.316+0000] {logging_mixin.py:150} INFO - [2023-08-23T00:37:27.316+0000] {dagbag.py:541} INFO - Filling up the DagBag from /home/airflow/.local/lib/python3.7/site-packages/airflow/example_dags/example_branch_operator_decorator.py
[2023-08-23T00:37:27.325+0000] {processor.py:836} INFO - DAG(s) dict_keys(['example_branch_python_operator_decorator']) retrieved from /home/airflow/.local/lib/python3.7/site-packages/airflow/example_dags/example_branch_operator_decorator.py
[2023-08-23T00:37:27.348+0000] {logging_mixin.py:150} INFO - [2023-08-23T00:37:27.348+0000] {dag.py:2742} INFO - Sync 1 DAGs
[2023-08-23T00:37:27.374+0000] {logging_mixin.py:150} INFO - [2023-08-23T00:37:27.374+0000] {dag.py:3508} INFO - Setting next_dagrun for example_branch_python_operator_decorator to 2023-08-22T00:00:00+00:00, run_after=2023-08-23T00:00:00+00:00
[2023-08-23T00:37:27.410+0000] {processor.py:179} INFO - Processing /home/airflow/.local/lib/python3.7/site-packages/airflow/example_dags/example_branch_operator_decorator.py took 0.098 seconds
[2023-08-23T00:37:57.815+0000] {processor.py:157} INFO - Started process (PID=2531) to work on /home/airflow/.local/lib/python3.7/site-packages/airflow/example_dags/example_branch_operator_decorator.py
[2023-08-23T00:37:57.816+0000] {processor.py:826} INFO - Processing file /home/airflow/.local/lib/python3.7/site-packages/airflow/example_dags/example_branch_operator_decorator.py for tasks to queue
[2023-08-23T00:37:57.816+0000] {logging_mixin.py:150} INFO - [2023-08-23T00:37:57.816+0000] {dagbag.py:541} INFO - Filling up the DagBag from /home/airflow/.local/lib/python3.7/site-packages/airflow/example_dags/example_branch_operator_decorator.py
[2023-08-23T00:37:57.828+0000] {processor.py:836} INFO - DAG(s) dict_keys(['example_branch_python_operator_decorator']) retrieved from /home/airflow/.local/lib/python3.7/site-packages/airflow/example_dags/example_branch_operator_decorator.py
[2023-08-23T00:37:57.857+0000] {logging_mixin.py:150} INFO - [2023-08-23T00:37:57.857+0000] {dag.py:2742} INFO - Sync 1 DAGs
[2023-08-23T00:37:57.887+0000] {logging_mixin.py:150} INFO - [2023-08-23T00:37:57.887+0000] {dag.py:3508} INFO - Setting next_dagrun for example_branch_python_operator_decorator to 2023-08-22T00:00:00+00:00, run_after=2023-08-23T00:00:00+00:00
[2023-08-23T00:37:57.928+0000] {processor.py:179} INFO - Processing /home/airflow/.local/lib/python3.7/site-packages/airflow/example_dags/example_branch_operator_decorator.py took 0.116 seconds
[2023-08-23T00:38:28.212+0000] {processor.py:157} INFO - Started process (PID=2606) to work on /home/airflow/.local/lib/python3.7/site-packages/airflow/example_dags/example_branch_operator_decorator.py
[2023-08-23T00:38:28.213+0000] {processor.py:826} INFO - Processing file /home/airflow/.local/lib/python3.7/site-packages/airflow/example_dags/example_branch_operator_decorator.py for tasks to queue
[2023-08-23T00:38:28.214+0000] {logging_mixin.py:150} INFO - [2023-08-23T00:38:28.214+0000] {dagbag.py:541} INFO - Filling up the DagBag from /home/airflow/.local/lib/python3.7/site-packages/airflow/example_dags/example_branch_operator_decorator.py
[2023-08-23T00:38:28.223+0000] {processor.py:836} INFO - DAG(s) dict_keys(['example_branch_python_operator_decorator']) retrieved from /home/airflow/.local/lib/python3.7/site-packages/airflow/example_dags/example_branch_operator_decorator.py
[2023-08-23T00:38:28.246+0000] {logging_mixin.py:150} INFO - [2023-08-23T00:38:28.246+0000] {dag.py:2742} INFO - Sync 1 DAGs
[2023-08-23T00:38:28.274+0000] {logging_mixin.py:150} INFO - [2023-08-23T00:38:28.273+0000] {dag.py:3508} INFO - Setting next_dagrun for example_branch_python_operator_decorator to 2023-08-22T00:00:00+00:00, run_after=2023-08-23T00:00:00+00:00
[2023-08-23T00:38:28.308+0000] {processor.py:179} INFO - Processing /home/airflow/.local/lib/python3.7/site-packages/airflow/example_dags/example_branch_operator_decorator.py took 0.098 seconds
[2023-08-23T00:38:58.688+0000] {processor.py:157} INFO - Started process (PID=2681) to work on /home/airflow/.local/lib/python3.7/site-packages/airflow/example_dags/example_branch_operator_decorator.py
[2023-08-23T00:38:58.690+0000] {processor.py:826} INFO - Processing file /home/airflow/.local/lib/python3.7/site-packages/airflow/example_dags/example_branch_operator_decorator.py for tasks to queue
[2023-08-23T00:38:58.690+0000] {logging_mixin.py:150} INFO - [2023-08-23T00:38:58.690+0000] {dagbag.py:541} INFO - Filling up the DagBag from /home/airflow/.local/lib/python3.7/site-packages/airflow/example_dags/example_branch_operator_decorator.py
[2023-08-23T00:38:58.700+0000] {processor.py:836} INFO - DAG(s) dict_keys(['example_branch_python_operator_decorator']) retrieved from /home/airflow/.local/lib/python3.7/site-packages/airflow/example_dags/example_branch_operator_decorator.py
[2023-08-23T00:38:58.725+0000] {logging_mixin.py:150} INFO - [2023-08-23T00:38:58.724+0000] {dag.py:2742} INFO - Sync 1 DAGs
[2023-08-23T00:38:58.751+0000] {logging_mixin.py:150} INFO - [2023-08-23T00:38:58.751+0000] {dag.py:3508} INFO - Setting next_dagrun for example_branch_python_operator_decorator to 2023-08-22T00:00:00+00:00, run_after=2023-08-23T00:00:00+00:00
[2023-08-23T00:38:58.788+0000] {processor.py:179} INFO - Processing /home/airflow/.local/lib/python3.7/site-packages/airflow/example_dags/example_branch_operator_decorator.py took 0.103 seconds
[2023-08-23T00:39:29.241+0000] {processor.py:157} INFO - Started process (PID=2756) to work on /home/airflow/.local/lib/python3.7/site-packages/airflow/example_dags/example_branch_operator_decorator.py
[2023-08-23T00:39:29.242+0000] {processor.py:826} INFO - Processing file /home/airflow/.local/lib/python3.7/site-packages/airflow/example_dags/example_branch_operator_decorator.py for tasks to queue
[2023-08-23T00:39:29.243+0000] {logging_mixin.py:150} INFO - [2023-08-23T00:39:29.243+0000] {dagbag.py:541} INFO - Filling up the DagBag from /home/airflow/.local/lib/python3.7/site-packages/airflow/example_dags/example_branch_operator_decorator.py
[2023-08-23T00:39:29.252+0000] {processor.py:836} INFO - DAG(s) dict_keys(['example_branch_python_operator_decorator']) retrieved from /home/airflow/.local/lib/python3.7/site-packages/airflow/example_dags/example_branch_operator_decorator.py
[2023-08-23T00:39:29.275+0000] {logging_mixin.py:150} INFO - [2023-08-23T00:39:29.275+0000] {dag.py:2742} INFO - Sync 1 DAGs
[2023-08-23T00:39:29.301+0000] {logging_mixin.py:150} INFO - [2023-08-23T00:39:29.301+0000] {dag.py:3508} INFO - Setting next_dagrun for example_branch_python_operator_decorator to 2023-08-22T00:00:00+00:00, run_after=2023-08-23T00:00:00+00:00
[2023-08-23T00:39:29.345+0000] {processor.py:179} INFO - Processing /home/airflow/.local/lib/python3.7/site-packages/airflow/example_dags/example_branch_operator_decorator.py took 0.107 seconds
[2023-08-23T00:39:59.824+0000] {processor.py:157} INFO - Started process (PID=2831) to work on /home/airflow/.local/lib/python3.7/site-packages/airflow/example_dags/example_branch_operator_decorator.py
[2023-08-23T00:39:59.826+0000] {processor.py:826} INFO - Processing file /home/airflow/.local/lib/python3.7/site-packages/airflow/example_dags/example_branch_operator_decorator.py for tasks to queue
[2023-08-23T00:39:59.828+0000] {logging_mixin.py:150} INFO - [2023-08-23T00:39:59.827+0000] {dagbag.py:541} INFO - Filling up the DagBag from /home/airflow/.local/lib/python3.7/site-packages/airflow/example_dags/example_branch_operator_decorator.py
[2023-08-23T00:39:59.845+0000] {processor.py:836} INFO - DAG(s) dict_keys(['example_branch_python_operator_decorator']) retrieved from /home/airflow/.local/lib/python3.7/site-packages/airflow/example_dags/example_branch_operator_decorator.py
[2023-08-23T00:39:59.878+0000] {logging_mixin.py:150} INFO - [2023-08-23T00:39:59.878+0000] {dag.py:2742} INFO - Sync 1 DAGs
[2023-08-23T00:39:59.906+0000] {logging_mixin.py:150} INFO - [2023-08-23T00:39:59.906+0000] {dag.py:3508} INFO - Setting next_dagrun for example_branch_python_operator_decorator to 2023-08-22T00:00:00+00:00, run_after=2023-08-23T00:00:00+00:00
[2023-08-23T00:39:59.946+0000] {processor.py:179} INFO - Processing /home/airflow/.local/lib/python3.7/site-packages/airflow/example_dags/example_branch_operator_decorator.py took 0.126 seconds
[2023-08-23T00:40:30.491+0000] {processor.py:157} INFO - Started process (PID=2907) to work on /home/airflow/.local/lib/python3.7/site-packages/airflow/example_dags/example_branch_operator_decorator.py
[2023-08-23T00:40:30.492+0000] {processor.py:826} INFO - Processing file /home/airflow/.local/lib/python3.7/site-packages/airflow/example_dags/example_branch_operator_decorator.py for tasks to queue
[2023-08-23T00:40:30.493+0000] {logging_mixin.py:150} INFO - [2023-08-23T00:40:30.493+0000] {dagbag.py:541} INFO - Filling up the DagBag from /home/airflow/.local/lib/python3.7/site-packages/airflow/example_dags/example_branch_operator_decorator.py
[2023-08-23T00:40:30.503+0000] {processor.py:836} INFO - DAG(s) dict_keys(['example_branch_python_operator_decorator']) retrieved from /home/airflow/.local/lib/python3.7/site-packages/airflow/example_dags/example_branch_operator_decorator.py
[2023-08-23T00:40:30.529+0000] {logging_mixin.py:150} INFO - [2023-08-23T00:40:30.529+0000] {dag.py:2742} INFO - Sync 1 DAGs
[2023-08-23T00:40:30.558+0000] {logging_mixin.py:150} INFO - [2023-08-23T00:40:30.558+0000] {dag.py:3508} INFO - Setting next_dagrun for example_branch_python_operator_decorator to 2023-08-22T00:00:00+00:00, run_after=2023-08-23T00:00:00+00:00
[2023-08-23T00:40:30.595+0000] {processor.py:179} INFO - Processing /home/airflow/.local/lib/python3.7/site-packages/airflow/example_dags/example_branch_operator_decorator.py took 0.108 seconds
[2023-08-23T00:41:00.935+0000] {processor.py:157} INFO - Started process (PID=2982) to work on /home/airflow/.local/lib/python3.7/site-packages/airflow/example_dags/example_branch_operator_decorator.py
[2023-08-23T00:41:00.936+0000] {processor.py:826} INFO - Processing file /home/airflow/.local/lib/python3.7/site-packages/airflow/example_dags/example_branch_operator_decorator.py for tasks to queue
[2023-08-23T00:41:00.936+0000] {logging_mixin.py:150} INFO - [2023-08-23T00:41:00.936+0000] {dagbag.py:541} INFO - Filling up the DagBag from /home/airflow/.local/lib/python3.7/site-packages/airflow/example_dags/example_branch_operator_decorator.py
[2023-08-23T00:41:00.945+0000] {processor.py:836} INFO - DAG(s) dict_keys(['example_branch_python_operator_decorator']) retrieved from /home/airflow/.local/lib/python3.7/site-packages/airflow/example_dags/example_branch_operator_decorator.py
[2023-08-23T00:41:00.970+0000] {logging_mixin.py:150} INFO - [2023-08-23T00:41:00.969+0000] {dag.py:2742} INFO - Sync 1 DAGs
[2023-08-23T00:41:00.994+0000] {logging_mixin.py:150} INFO - [2023-08-23T00:41:00.994+0000] {dag.py:3508} INFO - Setting next_dagrun for example_branch_python_operator_decorator to 2023-08-22T00:00:00+00:00, run_after=2023-08-23T00:00:00+00:00
[2023-08-23T00:41:01.044+0000] {processor.py:179} INFO - Processing /home/airflow/.local/lib/python3.7/site-packages/airflow/example_dags/example_branch_operator_decorator.py took 0.112 seconds
[2023-08-23T00:41:31.775+0000] {processor.py:157} INFO - Started process (PID=3058) to work on /home/airflow/.local/lib/python3.7/site-packages/airflow/example_dags/example_branch_operator_decorator.py
[2023-08-23T00:41:31.776+0000] {processor.py:826} INFO - Processing file /home/airflow/.local/lib/python3.7/site-packages/airflow/example_dags/example_branch_operator_decorator.py for tasks to queue
[2023-08-23T00:41:31.777+0000] {logging_mixin.py:150} INFO - [2023-08-23T00:41:31.777+0000] {dagbag.py:541} INFO - Filling up the DagBag from /home/airflow/.local/lib/python3.7/site-packages/airflow/example_dags/example_branch_operator_decorator.py
[2023-08-23T00:41:31.787+0000] {processor.py:836} INFO - DAG(s) dict_keys(['example_branch_python_operator_decorator']) retrieved from /home/airflow/.local/lib/python3.7/site-packages/airflow/example_dags/example_branch_operator_decorator.py
[2023-08-23T00:41:31.811+0000] {logging_mixin.py:150} INFO - [2023-08-23T00:41:31.811+0000] {dag.py:2742} INFO - Sync 1 DAGs
[2023-08-23T00:41:31.836+0000] {logging_mixin.py:150} INFO - [2023-08-23T00:41:31.836+0000] {dag.py:3508} INFO - Setting next_dagrun for example_branch_python_operator_decorator to 2023-08-22T00:00:00+00:00, run_after=2023-08-23T00:00:00+00:00
[2023-08-23T00:41:31.873+0000] {processor.py:179} INFO - Processing /home/airflow/.local/lib/python3.7/site-packages/airflow/example_dags/example_branch_operator_decorator.py took 0.101 seconds
[2023-08-23T00:42:02.128+0000] {processor.py:157} INFO - Started process (PID=3133) to work on /home/airflow/.local/lib/python3.7/site-packages/airflow/example_dags/example_branch_operator_decorator.py
[2023-08-23T00:42:02.129+0000] {processor.py:826} INFO - Processing file /home/airflow/.local/lib/python3.7/site-packages/airflow/example_dags/example_branch_operator_decorator.py for tasks to queue
[2023-08-23T00:42:02.130+0000] {logging_mixin.py:150} INFO - [2023-08-23T00:42:02.129+0000] {dagbag.py:541} INFO - Filling up the DagBag from /home/airflow/.local/lib/python3.7/site-packages/airflow/example_dags/example_branch_operator_decorator.py
[2023-08-23T00:42:02.143+0000] {processor.py:836} INFO - DAG(s) dict_keys(['example_branch_python_operator_decorator']) retrieved from /home/airflow/.local/lib/python3.7/site-packages/airflow/example_dags/example_branch_operator_decorator.py
[2023-08-23T00:42:02.168+0000] {logging_mixin.py:150} INFO - [2023-08-23T00:42:02.168+0000] {dag.py:2742} INFO - Sync 1 DAGs
[2023-08-23T00:42:02.196+0000] {logging_mixin.py:150} INFO - [2023-08-23T00:42:02.196+0000] {dag.py:3508} INFO - Setting next_dagrun for example_branch_python_operator_decorator to 2023-08-22T00:00:00+00:00, run_after=2023-08-23T00:00:00+00:00
[2023-08-23T00:42:02.286+0000] {processor.py:179} INFO - Processing /home/airflow/.local/lib/python3.7/site-packages/airflow/example_dags/example_branch_operator_decorator.py took 0.161 seconds
[2023-08-23T00:42:32.763+0000] {processor.py:157} INFO - Started process (PID=3208) to work on /home/airflow/.local/lib/python3.7/site-packages/airflow/example_dags/example_branch_operator_decorator.py
[2023-08-23T00:42:32.764+0000] {processor.py:826} INFO - Processing file /home/airflow/.local/lib/python3.7/site-packages/airflow/example_dags/example_branch_operator_decorator.py for tasks to queue
[2023-08-23T00:42:32.765+0000] {logging_mixin.py:150} INFO - [2023-08-23T00:42:32.765+0000] {dagbag.py:541} INFO - Filling up the DagBag from /home/airflow/.local/lib/python3.7/site-packages/airflow/example_dags/example_branch_operator_decorator.py
[2023-08-23T00:42:32.775+0000] {processor.py:836} INFO - DAG(s) dict_keys(['example_branch_python_operator_decorator']) retrieved from /home/airflow/.local/lib/python3.7/site-packages/airflow/example_dags/example_branch_operator_decorator.py
[2023-08-23T00:42:32.803+0000] {logging_mixin.py:150} INFO - [2023-08-23T00:42:32.803+0000] {dag.py:2742} INFO - Sync 1 DAGs
[2023-08-23T00:42:32.839+0000] {logging_mixin.py:150} INFO - [2023-08-23T00:42:32.839+0000] {dag.py:3508} INFO - Setting next_dagrun for example_branch_python_operator_decorator to 2023-08-22T00:00:00+00:00, run_after=2023-08-23T00:00:00+00:00
[2023-08-23T00:42:32.890+0000] {processor.py:179} INFO - Processing /home/airflow/.local/lib/python3.7/site-packages/airflow/example_dags/example_branch_operator_decorator.py took 0.130 seconds
[2023-08-23T00:43:03.215+0000] {processor.py:157} INFO - Started process (PID=3283) to work on /home/airflow/.local/lib/python3.7/site-packages/airflow/example_dags/example_branch_operator_decorator.py
[2023-08-23T00:43:03.216+0000] {processor.py:826} INFO - Processing file /home/airflow/.local/lib/python3.7/site-packages/airflow/example_dags/example_branch_operator_decorator.py for tasks to queue
[2023-08-23T00:43:03.217+0000] {logging_mixin.py:150} INFO - [2023-08-23T00:43:03.216+0000] {dagbag.py:541} INFO - Filling up the DagBag from /home/airflow/.local/lib/python3.7/site-packages/airflow/example_dags/example_branch_operator_decorator.py
[2023-08-23T00:43:03.226+0000] {processor.py:836} INFO - DAG(s) dict_keys(['example_branch_python_operator_decorator']) retrieved from /home/airflow/.local/lib/python3.7/site-packages/airflow/example_dags/example_branch_operator_decorator.py
[2023-08-23T00:43:03.250+0000] {logging_mixin.py:150} INFO - [2023-08-23T00:43:03.250+0000] {dag.py:2742} INFO - Sync 1 DAGs
[2023-08-23T00:43:03.277+0000] {logging_mixin.py:150} INFO - [2023-08-23T00:43:03.277+0000] {dag.py:3508} INFO - Setting next_dagrun for example_branch_python_operator_decorator to 2023-08-22T00:00:00+00:00, run_after=2023-08-23T00:00:00+00:00
[2023-08-23T00:43:03.314+0000] {processor.py:179} INFO - Processing /home/airflow/.local/lib/python3.7/site-packages/airflow/example_dags/example_branch_operator_decorator.py took 0.101 seconds
[2023-08-23T00:43:33.856+0000] {processor.py:157} INFO - Started process (PID=3358) to work on /home/airflow/.local/lib/python3.7/site-packages/airflow/example_dags/example_branch_operator_decorator.py
[2023-08-23T00:43:33.857+0000] {processor.py:826} INFO - Processing file /home/airflow/.local/lib/python3.7/site-packages/airflow/example_dags/example_branch_operator_decorator.py for tasks to queue
[2023-08-23T00:43:33.858+0000] {logging_mixin.py:150} INFO - [2023-08-23T00:43:33.857+0000] {dagbag.py:541} INFO - Filling up the DagBag from /home/airflow/.local/lib/python3.7/site-packages/airflow/example_dags/example_branch_operator_decorator.py
[2023-08-23T00:43:33.868+0000] {processor.py:836} INFO - DAG(s) dict_keys(['example_branch_python_operator_decorator']) retrieved from /home/airflow/.local/lib/python3.7/site-packages/airflow/example_dags/example_branch_operator_decorator.py
[2023-08-23T00:43:33.905+0000] {logging_mixin.py:150} INFO - [2023-08-23T00:43:33.905+0000] {dag.py:2742} INFO - Sync 1 DAGs
[2023-08-23T00:43:33.935+0000] {logging_mixin.py:150} INFO - [2023-08-23T00:43:33.935+0000] {dag.py:3508} INFO - Setting next_dagrun for example_branch_python_operator_decorator to 2023-08-22T00:00:00+00:00, run_after=2023-08-23T00:00:00+00:00
[2023-08-23T00:43:33.971+0000] {processor.py:179} INFO - Processing /home/airflow/.local/lib/python3.7/site-packages/airflow/example_dags/example_branch_operator_decorator.py took 0.119 seconds
[2023-08-23T00:44:05.190+0000] {processor.py:157} INFO - Started process (PID=3433) to work on /home/airflow/.local/lib/python3.7/site-packages/airflow/example_dags/example_branch_operator_decorator.py
[2023-08-23T00:44:05.192+0000] {processor.py:826} INFO - Processing file /home/airflow/.local/lib/python3.7/site-packages/airflow/example_dags/example_branch_operator_decorator.py for tasks to queue
[2023-08-23T00:44:05.193+0000] {logging_mixin.py:150} INFO - [2023-08-23T00:44:05.193+0000] {dagbag.py:541} INFO - Filling up the DagBag from /home/airflow/.local/lib/python3.7/site-packages/airflow/example_dags/example_branch_operator_decorator.py
[2023-08-23T00:44:05.206+0000] {processor.py:836} INFO - DAG(s) dict_keys(['example_branch_python_operator_decorator']) retrieved from /home/airflow/.local/lib/python3.7/site-packages/airflow/example_dags/example_branch_operator_decorator.py
[2023-08-23T00:44:05.235+0000] {logging_mixin.py:150} INFO - [2023-08-23T00:44:05.234+0000] {dag.py:2742} INFO - Sync 1 DAGs
[2023-08-23T00:44:05.264+0000] {logging_mixin.py:150} INFO - [2023-08-23T00:44:05.263+0000] {dag.py:3508} INFO - Setting next_dagrun for example_branch_python_operator_decorator to 2023-08-22T00:00:00+00:00, run_after=2023-08-23T00:00:00+00:00
[2023-08-23T00:44:05.324+0000] {processor.py:179} INFO - Processing /home/airflow/.local/lib/python3.7/site-packages/airflow/example_dags/example_branch_operator_decorator.py took 0.139 seconds
[2023-08-23T00:44:35.624+0000] {processor.py:157} INFO - Started process (PID=3508) to work on /home/airflow/.local/lib/python3.7/site-packages/airflow/example_dags/example_branch_operator_decorator.py
[2023-08-23T00:44:35.625+0000] {processor.py:826} INFO - Processing file /home/airflow/.local/lib/python3.7/site-packages/airflow/example_dags/example_branch_operator_decorator.py for tasks to queue
[2023-08-23T00:44:35.626+0000] {logging_mixin.py:150} INFO - [2023-08-23T00:44:35.626+0000] {dagbag.py:541} INFO - Filling up the DagBag from /home/airflow/.local/lib/python3.7/site-packages/airflow/example_dags/example_branch_operator_decorator.py
[2023-08-23T00:44:35.636+0000] {processor.py:836} INFO - DAG(s) dict_keys(['example_branch_python_operator_decorator']) retrieved from /home/airflow/.local/lib/python3.7/site-packages/airflow/example_dags/example_branch_operator_decorator.py
[2023-08-23T00:44:35.661+0000] {logging_mixin.py:150} INFO - [2023-08-23T00:44:35.661+0000] {dag.py:2742} INFO - Sync 1 DAGs
[2023-08-23T00:44:35.687+0000] {logging_mixin.py:150} INFO - [2023-08-23T00:44:35.687+0000] {dag.py:3508} INFO - Setting next_dagrun for example_branch_python_operator_decorator to 2023-08-22T00:00:00+00:00, run_after=2023-08-23T00:00:00+00:00
[2023-08-23T00:44:35.729+0000] {processor.py:179} INFO - Processing /home/airflow/.local/lib/python3.7/site-packages/airflow/example_dags/example_branch_operator_decorator.py took 0.108 seconds
[2023-08-23T00:45:06.106+0000] {processor.py:157} INFO - Started process (PID=3583) to work on /home/airflow/.local/lib/python3.7/site-packages/airflow/example_dags/example_branch_operator_decorator.py
[2023-08-23T00:45:06.107+0000] {processor.py:826} INFO - Processing file /home/airflow/.local/lib/python3.7/site-packages/airflow/example_dags/example_branch_operator_decorator.py for tasks to queue
[2023-08-23T00:45:06.108+0000] {logging_mixin.py:150} INFO - [2023-08-23T00:45:06.108+0000] {dagbag.py:541} INFO - Filling up the DagBag from /home/airflow/.local/lib/python3.7/site-packages/airflow/example_dags/example_branch_operator_decorator.py
[2023-08-23T00:45:06.118+0000] {processor.py:836} INFO - DAG(s) dict_keys(['example_branch_python_operator_decorator']) retrieved from /home/airflow/.local/lib/python3.7/site-packages/airflow/example_dags/example_branch_operator_decorator.py
[2023-08-23T00:45:06.141+0000] {logging_mixin.py:150} INFO - [2023-08-23T00:45:06.141+0000] {dag.py:2742} INFO - Sync 1 DAGs
[2023-08-23T00:45:06.168+0000] {logging_mixin.py:150} INFO - [2023-08-23T00:45:06.168+0000] {dag.py:3508} INFO - Setting next_dagrun for example_branch_python_operator_decorator to 2023-08-22T00:00:00+00:00, run_after=2023-08-23T00:00:00+00:00
[2023-08-23T00:45:06.219+0000] {processor.py:179} INFO - Processing /home/airflow/.local/lib/python3.7/site-packages/airflow/example_dags/example_branch_operator_decorator.py took 0.115 seconds
[2023-08-23T00:45:37.385+0000] {processor.py:157} INFO - Started process (PID=3658) to work on /home/airflow/.local/lib/python3.7/site-packages/airflow/example_dags/example_branch_operator_decorator.py
[2023-08-23T00:45:37.386+0000] {processor.py:826} INFO - Processing file /home/airflow/.local/lib/python3.7/site-packages/airflow/example_dags/example_branch_operator_decorator.py for tasks to queue
[2023-08-23T00:45:37.387+0000] {logging_mixin.py:150} INFO - [2023-08-23T00:45:37.387+0000] {dagbag.py:541} INFO - Filling up the DagBag from /home/airflow/.local/lib/python3.7/site-packages/airflow/example_dags/example_branch_operator_decorator.py
[2023-08-23T00:45:37.397+0000] {processor.py:836} INFO - DAG(s) dict_keys(['example_branch_python_operator_decorator']) retrieved from /home/airflow/.local/lib/python3.7/site-packages/airflow/example_dags/example_branch_operator_decorator.py
[2023-08-23T00:45:37.426+0000] {logging_mixin.py:150} INFO - [2023-08-23T00:45:37.426+0000] {dag.py:2742} INFO - Sync 1 DAGs
[2023-08-23T00:45:37.454+0000] {logging_mixin.py:150} INFO - [2023-08-23T00:45:37.453+0000] {dag.py:3508} INFO - Setting next_dagrun for example_branch_python_operator_decorator to 2023-08-22T00:00:00+00:00, run_after=2023-08-23T00:00:00+00:00
[2023-08-23T00:45:37.489+0000] {processor.py:179} INFO - Processing /home/airflow/.local/lib/python3.7/site-packages/airflow/example_dags/example_branch_operator_decorator.py took 0.106 seconds
[2023-08-23T00:46:08.287+0000] {processor.py:157} INFO - Started process (PID=3733) to work on /home/airflow/.local/lib/python3.7/site-packages/airflow/example_dags/example_branch_operator_decorator.py
[2023-08-23T00:46:08.288+0000] {processor.py:826} INFO - Processing file /home/airflow/.local/lib/python3.7/site-packages/airflow/example_dags/example_branch_operator_decorator.py for tasks to queue
[2023-08-23T00:46:08.289+0000] {logging_mixin.py:150} INFO - [2023-08-23T00:46:08.289+0000] {dagbag.py:541} INFO - Filling up the DagBag from /home/airflow/.local/lib/python3.7/site-packages/airflow/example_dags/example_branch_operator_decorator.py
[2023-08-23T00:46:08.300+0000] {processor.py:836} INFO - DAG(s) dict_keys(['example_branch_python_operator_decorator']) retrieved from /home/airflow/.local/lib/python3.7/site-packages/airflow/example_dags/example_branch_operator_decorator.py
[2023-08-23T00:46:08.323+0000] {logging_mixin.py:150} INFO - [2023-08-23T00:46:08.323+0000] {dag.py:2742} INFO - Sync 1 DAGs
[2023-08-23T00:46:08.348+0000] {logging_mixin.py:150} INFO - [2023-08-23T00:46:08.348+0000] {dag.py:3508} INFO - Setting next_dagrun for example_branch_python_operator_decorator to 2023-08-22T00:00:00+00:00, run_after=2023-08-23T00:00:00+00:00
[2023-08-23T00:46:08.385+0000] {processor.py:179} INFO - Processing /home/airflow/.local/lib/python3.7/site-packages/airflow/example_dags/example_branch_operator_decorator.py took 0.100 seconds
[2023-08-23T00:46:38.678+0000] {processor.py:157} INFO - Started process (PID=3808) to work on /home/airflow/.local/lib/python3.7/site-packages/airflow/example_dags/example_branch_operator_decorator.py
[2023-08-23T00:46:38.679+0000] {processor.py:826} INFO - Processing file /home/airflow/.local/lib/python3.7/site-packages/airflow/example_dags/example_branch_operator_decorator.py for tasks to queue
[2023-08-23T00:46:38.680+0000] {logging_mixin.py:150} INFO - [2023-08-23T00:46:38.680+0000] {dagbag.py:541} INFO - Filling up the DagBag from /home/airflow/.local/lib/python3.7/site-packages/airflow/example_dags/example_branch_operator_decorator.py
[2023-08-23T00:46:38.690+0000] {processor.py:836} INFO - DAG(s) dict_keys(['example_branch_python_operator_decorator']) retrieved from /home/airflow/.local/lib/python3.7/site-packages/airflow/example_dags/example_branch_operator_decorator.py
[2023-08-23T00:46:38.714+0000] {logging_mixin.py:150} INFO - [2023-08-23T00:46:38.714+0000] {dag.py:2742} INFO - Sync 1 DAGs
[2023-08-23T00:46:38.738+0000] {logging_mixin.py:150} INFO - [2023-08-23T00:46:38.738+0000] {dag.py:3508} INFO - Setting next_dagrun for example_branch_python_operator_decorator to 2023-08-22T00:00:00+00:00, run_after=2023-08-23T00:00:00+00:00
[2023-08-23T00:46:38.773+0000] {processor.py:179} INFO - Processing /home/airflow/.local/lib/python3.7/site-packages/airflow/example_dags/example_branch_operator_decorator.py took 0.097 seconds
[2023-08-23T00:47:10.068+0000] {processor.py:157} INFO - Started process (PID=3883) to work on /home/airflow/.local/lib/python3.7/site-packages/airflow/example_dags/example_branch_operator_decorator.py
[2023-08-23T00:47:10.069+0000] {processor.py:826} INFO - Processing file /home/airflow/.local/lib/python3.7/site-packages/airflow/example_dags/example_branch_operator_decorator.py for tasks to queue
[2023-08-23T00:47:10.070+0000] {logging_mixin.py:150} INFO - [2023-08-23T00:47:10.070+0000] {dagbag.py:541} INFO - Filling up the DagBag from /home/airflow/.local/lib/python3.7/site-packages/airflow/example_dags/example_branch_operator_decorator.py
[2023-08-23T00:47:10.080+0000] {processor.py:836} INFO - DAG(s) dict_keys(['example_branch_python_operator_decorator']) retrieved from /home/airflow/.local/lib/python3.7/site-packages/airflow/example_dags/example_branch_operator_decorator.py
[2023-08-23T00:47:10.102+0000] {logging_mixin.py:150} INFO - [2023-08-23T00:47:10.102+0000] {dag.py:2742} INFO - Sync 1 DAGs
[2023-08-23T00:47:10.132+0000] {logging_mixin.py:150} INFO - [2023-08-23T00:47:10.131+0000] {dag.py:3508} INFO - Setting next_dagrun for example_branch_python_operator_decorator to 2023-08-22T00:00:00+00:00, run_after=2023-08-23T00:00:00+00:00
[2023-08-23T00:47:10.170+0000] {processor.py:179} INFO - Processing /home/airflow/.local/lib/python3.7/site-packages/airflow/example_dags/example_branch_operator_decorator.py took 0.105 seconds
[2023-08-23T00:47:40.695+0000] {processor.py:157} INFO - Started process (PID=3958) to work on /home/airflow/.local/lib/python3.7/site-packages/airflow/example_dags/example_branch_operator_decorator.py
[2023-08-23T00:47:40.696+0000] {processor.py:826} INFO - Processing file /home/airflow/.local/lib/python3.7/site-packages/airflow/example_dags/example_branch_operator_decorator.py for tasks to queue
[2023-08-23T00:47:40.697+0000] {logging_mixin.py:150} INFO - [2023-08-23T00:47:40.697+0000] {dagbag.py:541} INFO - Filling up the DagBag from /home/airflow/.local/lib/python3.7/site-packages/airflow/example_dags/example_branch_operator_decorator.py
[2023-08-23T00:47:40.706+0000] {processor.py:836} INFO - DAG(s) dict_keys(['example_branch_python_operator_decorator']) retrieved from /home/airflow/.local/lib/python3.7/site-packages/airflow/example_dags/example_branch_operator_decorator.py
[2023-08-23T00:47:40.733+0000] {logging_mixin.py:150} INFO - [2023-08-23T00:47:40.733+0000] {dag.py:2742} INFO - Sync 1 DAGs
[2023-08-23T00:47:40.762+0000] {logging_mixin.py:150} INFO - [2023-08-23T00:47:40.761+0000] {dag.py:3508} INFO - Setting next_dagrun for example_branch_python_operator_decorator to 2023-08-22T00:00:00+00:00, run_after=2023-08-23T00:00:00+00:00
[2023-08-23T00:47:40.797+0000] {processor.py:179} INFO - Processing /home/airflow/.local/lib/python3.7/site-packages/airflow/example_dags/example_branch_operator_decorator.py took 0.104 seconds
[2023-08-23T00:48:11.520+0000] {processor.py:157} INFO - Started process (PID=4040) to work on /home/airflow/.local/lib/python3.7/site-packages/airflow/example_dags/example_branch_operator_decorator.py
[2023-08-23T00:48:11.521+0000] {processor.py:826} INFO - Processing file /home/airflow/.local/lib/python3.7/site-packages/airflow/example_dags/example_branch_operator_decorator.py for tasks to queue
[2023-08-23T00:48:11.522+0000] {logging_mixin.py:150} INFO - [2023-08-23T00:48:11.522+0000] {dagbag.py:541} INFO - Filling up the DagBag from /home/airflow/.local/lib/python3.7/site-packages/airflow/example_dags/example_branch_operator_decorator.py
[2023-08-23T00:48:11.537+0000] {processor.py:836} INFO - DAG(s) dict_keys(['example_branch_python_operator_decorator']) retrieved from /home/airflow/.local/lib/python3.7/site-packages/airflow/example_dags/example_branch_operator_decorator.py
[2023-08-23T00:48:11.577+0000] {logging_mixin.py:150} INFO - [2023-08-23T00:48:11.577+0000] {dag.py:2742} INFO - Sync 1 DAGs
[2023-08-23T00:48:11.604+0000] {logging_mixin.py:150} INFO - [2023-08-23T00:48:11.604+0000] {dag.py:3508} INFO - Setting next_dagrun for example_branch_python_operator_decorator to 2023-08-22T00:00:00+00:00, run_after=2023-08-23T00:00:00+00:00
[2023-08-23T00:48:11.639+0000] {processor.py:179} INFO - Processing /home/airflow/.local/lib/python3.7/site-packages/airflow/example_dags/example_branch_operator_decorator.py took 0.122 seconds
[2023-08-23T00:48:42.446+0000] {processor.py:157} INFO - Started process (PID=4115) to work on /home/airflow/.local/lib/python3.7/site-packages/airflow/example_dags/example_branch_operator_decorator.py
[2023-08-23T00:48:42.447+0000] {processor.py:826} INFO - Processing file /home/airflow/.local/lib/python3.7/site-packages/airflow/example_dags/example_branch_operator_decorator.py for tasks to queue
[2023-08-23T00:48:42.448+0000] {logging_mixin.py:150} INFO - [2023-08-23T00:48:42.448+0000] {dagbag.py:541} INFO - Filling up the DagBag from /home/airflow/.local/lib/python3.7/site-packages/airflow/example_dags/example_branch_operator_decorator.py
[2023-08-23T00:48:42.457+0000] {processor.py:836} INFO - DAG(s) dict_keys(['example_branch_python_operator_decorator']) retrieved from /home/airflow/.local/lib/python3.7/site-packages/airflow/example_dags/example_branch_operator_decorator.py
[2023-08-23T00:48:42.486+0000] {logging_mixin.py:150} INFO - [2023-08-23T00:48:42.486+0000] {dag.py:2742} INFO - Sync 1 DAGs
[2023-08-23T00:48:42.514+0000] {logging_mixin.py:150} INFO - [2023-08-23T00:48:42.514+0000] {dag.py:3508} INFO - Setting next_dagrun for example_branch_python_operator_decorator to 2023-08-22T00:00:00+00:00, run_after=2023-08-23T00:00:00+00:00
[2023-08-23T00:48:42.554+0000] {processor.py:179} INFO - Processing /home/airflow/.local/lib/python3.7/site-packages/airflow/example_dags/example_branch_operator_decorator.py took 0.111 seconds
[2023-08-23T00:49:12.699+0000] {processor.py:157} INFO - Started process (PID=4190) to work on /home/airflow/.local/lib/python3.7/site-packages/airflow/example_dags/example_branch_operator_decorator.py
[2023-08-23T00:49:12.700+0000] {processor.py:826} INFO - Processing file /home/airflow/.local/lib/python3.7/site-packages/airflow/example_dags/example_branch_operator_decorator.py for tasks to queue
[2023-08-23T00:49:12.701+0000] {logging_mixin.py:150} INFO - [2023-08-23T00:49:12.700+0000] {dagbag.py:541} INFO - Filling up the DagBag from /home/airflow/.local/lib/python3.7/site-packages/airflow/example_dags/example_branch_operator_decorator.py
[2023-08-23T00:49:12.710+0000] {processor.py:836} INFO - DAG(s) dict_keys(['example_branch_python_operator_decorator']) retrieved from /home/airflow/.local/lib/python3.7/site-packages/airflow/example_dags/example_branch_operator_decorator.py
[2023-08-23T00:49:12.735+0000] {logging_mixin.py:150} INFO - [2023-08-23T00:49:12.735+0000] {dag.py:2742} INFO - Sync 1 DAGs
[2023-08-23T00:49:12.760+0000] {logging_mixin.py:150} INFO - [2023-08-23T00:49:12.760+0000] {dag.py:3508} INFO - Setting next_dagrun for example_branch_python_operator_decorator to 2023-08-22T00:00:00+00:00, run_after=2023-08-23T00:00:00+00:00
[2023-08-23T00:49:12.796+0000] {processor.py:179} INFO - Processing /home/airflow/.local/lib/python3.7/site-packages/airflow/example_dags/example_branch_operator_decorator.py took 0.100 seconds
[2023-08-23T00:49:43.010+0000] {processor.py:157} INFO - Started process (PID=4265) to work on /home/airflow/.local/lib/python3.7/site-packages/airflow/example_dags/example_branch_operator_decorator.py
[2023-08-23T00:49:43.011+0000] {processor.py:826} INFO - Processing file /home/airflow/.local/lib/python3.7/site-packages/airflow/example_dags/example_branch_operator_decorator.py for tasks to queue
[2023-08-23T00:49:43.012+0000] {logging_mixin.py:150} INFO - [2023-08-23T00:49:43.012+0000] {dagbag.py:541} INFO - Filling up the DagBag from /home/airflow/.local/lib/python3.7/site-packages/airflow/example_dags/example_branch_operator_decorator.py
[2023-08-23T00:49:43.023+0000] {processor.py:836} INFO - DAG(s) dict_keys(['example_branch_python_operator_decorator']) retrieved from /home/airflow/.local/lib/python3.7/site-packages/airflow/example_dags/example_branch_operator_decorator.py
[2023-08-23T00:49:43.047+0000] {logging_mixin.py:150} INFO - [2023-08-23T00:49:43.047+0000] {dag.py:2742} INFO - Sync 1 DAGs
[2023-08-23T00:49:43.074+0000] {logging_mixin.py:150} INFO - [2023-08-23T00:49:43.074+0000] {dag.py:3508} INFO - Setting next_dagrun for example_branch_python_operator_decorator to 2023-08-22T00:00:00+00:00, run_after=2023-08-23T00:00:00+00:00
[2023-08-23T00:49:43.111+0000] {processor.py:179} INFO - Processing /home/airflow/.local/lib/python3.7/site-packages/airflow/example_dags/example_branch_operator_decorator.py took 0.104 seconds
[2023-08-23T00:50:13.335+0000] {processor.py:157} INFO - Started process (PID=4340) to work on /home/airflow/.local/lib/python3.7/site-packages/airflow/example_dags/example_branch_operator_decorator.py
[2023-08-23T00:50:13.336+0000] {processor.py:826} INFO - Processing file /home/airflow/.local/lib/python3.7/site-packages/airflow/example_dags/example_branch_operator_decorator.py for tasks to queue
[2023-08-23T00:50:13.337+0000] {logging_mixin.py:150} INFO - [2023-08-23T00:50:13.337+0000] {dagbag.py:541} INFO - Filling up the DagBag from /home/airflow/.local/lib/python3.7/site-packages/airflow/example_dags/example_branch_operator_decorator.py
[2023-08-23T00:50:13.347+0000] {processor.py:836} INFO - DAG(s) dict_keys(['example_branch_python_operator_decorator']) retrieved from /home/airflow/.local/lib/python3.7/site-packages/airflow/example_dags/example_branch_operator_decorator.py
[2023-08-23T00:50:13.373+0000] {logging_mixin.py:150} INFO - [2023-08-23T00:50:13.373+0000] {dag.py:2742} INFO - Sync 1 DAGs
[2023-08-23T00:50:13.400+0000] {logging_mixin.py:150} INFO - [2023-08-23T00:50:13.400+0000] {dag.py:3508} INFO - Setting next_dagrun for example_branch_python_operator_decorator to 2023-08-22T00:00:00+00:00, run_after=2023-08-23T00:00:00+00:00
[2023-08-23T00:50:13.438+0000] {processor.py:179} INFO - Processing /home/airflow/.local/lib/python3.7/site-packages/airflow/example_dags/example_branch_operator_decorator.py took 0.105 seconds
[2023-08-23T00:50:44.470+0000] {processor.py:157} INFO - Started process (PID=4415) to work on /home/airflow/.local/lib/python3.7/site-packages/airflow/example_dags/example_branch_operator_decorator.py
[2023-08-23T00:50:44.471+0000] {processor.py:826} INFO - Processing file /home/airflow/.local/lib/python3.7/site-packages/airflow/example_dags/example_branch_operator_decorator.py for tasks to queue
[2023-08-23T00:50:44.472+0000] {logging_mixin.py:150} INFO - [2023-08-23T00:50:44.472+0000] {dagbag.py:541} INFO - Filling up the DagBag from /home/airflow/.local/lib/python3.7/site-packages/airflow/example_dags/example_branch_operator_decorator.py
[2023-08-23T00:50:44.481+0000] {processor.py:836} INFO - DAG(s) dict_keys(['example_branch_python_operator_decorator']) retrieved from /home/airflow/.local/lib/python3.7/site-packages/airflow/example_dags/example_branch_operator_decorator.py
[2023-08-23T00:50:44.505+0000] {logging_mixin.py:150} INFO - [2023-08-23T00:50:44.504+0000] {dag.py:2742} INFO - Sync 1 DAGs
[2023-08-23T00:50:44.531+0000] {logging_mixin.py:150} INFO - [2023-08-23T00:50:44.531+0000] {dag.py:3508} INFO - Setting next_dagrun for example_branch_python_operator_decorator to 2023-08-22T00:00:00+00:00, run_after=2023-08-23T00:00:00+00:00
[2023-08-23T00:50:44.565+0000] {processor.py:179} INFO - Processing /home/airflow/.local/lib/python3.7/site-packages/airflow/example_dags/example_branch_operator_decorator.py took 0.098 seconds
[2023-08-23T00:51:15.064+0000] {processor.py:157} INFO - Started process (PID=4490) to work on /home/airflow/.local/lib/python3.7/site-packages/airflow/example_dags/example_branch_operator_decorator.py
[2023-08-23T00:51:15.065+0000] {processor.py:826} INFO - Processing file /home/airflow/.local/lib/python3.7/site-packages/airflow/example_dags/example_branch_operator_decorator.py for tasks to queue
[2023-08-23T00:51:15.066+0000] {logging_mixin.py:150} INFO - [2023-08-23T00:51:15.066+0000] {dagbag.py:541} INFO - Filling up the DagBag from /home/airflow/.local/lib/python3.7/site-packages/airflow/example_dags/example_branch_operator_decorator.py
[2023-08-23T00:51:15.077+0000] {processor.py:836} INFO - DAG(s) dict_keys(['example_branch_python_operator_decorator']) retrieved from /home/airflow/.local/lib/python3.7/site-packages/airflow/example_dags/example_branch_operator_decorator.py
[2023-08-23T00:51:15.103+0000] {logging_mixin.py:150} INFO - [2023-08-23T00:51:15.103+0000] {dag.py:2742} INFO - Sync 1 DAGs
[2023-08-23T00:51:15.134+0000] {logging_mixin.py:150} INFO - [2023-08-23T00:51:15.134+0000] {dag.py:3508} INFO - Setting next_dagrun for example_branch_python_operator_decorator to 2023-08-22T00:00:00+00:00, run_after=2023-08-23T00:00:00+00:00
[2023-08-23T00:51:15.173+0000] {processor.py:179} INFO - Processing /home/airflow/.local/lib/python3.7/site-packages/airflow/example_dags/example_branch_operator_decorator.py took 0.112 seconds
[2023-08-23T00:51:46.410+0000] {processor.py:157} INFO - Started process (PID=4566) to work on /home/airflow/.local/lib/python3.7/site-packages/airflow/example_dags/example_branch_operator_decorator.py
[2023-08-23T00:51:46.411+0000] {processor.py:826} INFO - Processing file /home/airflow/.local/lib/python3.7/site-packages/airflow/example_dags/example_branch_operator_decorator.py for tasks to queue
[2023-08-23T00:51:46.412+0000] {logging_mixin.py:150} INFO - [2023-08-23T00:51:46.411+0000] {dagbag.py:541} INFO - Filling up the DagBag from /home/airflow/.local/lib/python3.7/site-packages/airflow/example_dags/example_branch_operator_decorator.py
[2023-08-23T00:51:46.421+0000] {processor.py:836} INFO - DAG(s) dict_keys(['example_branch_python_operator_decorator']) retrieved from /home/airflow/.local/lib/python3.7/site-packages/airflow/example_dags/example_branch_operator_decorator.py
[2023-08-23T00:51:46.448+0000] {logging_mixin.py:150} INFO - [2023-08-23T00:51:46.447+0000] {dag.py:2742} INFO - Sync 1 DAGs
[2023-08-23T00:51:46.474+0000] {logging_mixin.py:150} INFO - [2023-08-23T00:51:46.473+0000] {dag.py:3508} INFO - Setting next_dagrun for example_branch_python_operator_decorator to 2023-08-22T00:00:00+00:00, run_after=2023-08-23T00:00:00+00:00
[2023-08-23T00:51:46.513+0000] {processor.py:179} INFO - Processing /home/airflow/.local/lib/python3.7/site-packages/airflow/example_dags/example_branch_operator_decorator.py took 0.107 seconds
