[2023-08-23T00:21:11.324+0000] {processor.py:157} INFO - Started process (PID=74) to work on /home/airflow/.local/lib/python3.7/site-packages/airflow/example_dags/example_branch_labels.py
[2023-08-23T00:21:11.325+0000] {processor.py:826} INFO - Processing file /home/airflow/.local/lib/python3.7/site-packages/airflow/example_dags/example_branch_labels.py for tasks to queue
[2023-08-23T00:21:11.326+0000] {logging_mixin.py:150} INFO - [2023-08-23T00:21:11.326+0000] {dagbag.py:541} INFO - Filling up the DagBag from /home/airflow/.local/lib/python3.7/site-packages/airflow/example_dags/example_branch_labels.py
[2023-08-23T00:21:11.335+0000] {processor.py:836} INFO - DAG(s) dict_keys(['example_branch_labels']) retrieved from /home/airflow/.local/lib/python3.7/site-packages/airflow/example_dags/example_branch_labels.py
[2023-08-23T00:21:11.347+0000] {logging_mixin.py:150} INFO - [2023-08-23T00:21:11.347+0000] {dag.py:2742} INFO - Sync 1 DAGs
[2023-08-23T00:21:11.452+0000] {logging_mixin.py:150} INFO - [2023-08-23T00:21:11.452+0000] {dag.py:3508} INFO - Setting next_dagrun for example_branch_labels to 2023-08-22T00:00:00+00:00, run_after=2023-08-23T00:00:00+00:00
[2023-08-23T00:21:11.506+0000] {processor.py:179} INFO - Processing /home/airflow/.local/lib/python3.7/site-packages/airflow/example_dags/example_branch_labels.py took 0.185 seconds
[2023-08-23T00:21:42.177+0000] {processor.py:157} INFO - Started process (PID=149) to work on /home/airflow/.local/lib/python3.7/site-packages/airflow/example_dags/example_branch_labels.py
[2023-08-23T00:21:42.179+0000] {processor.py:826} INFO - Processing file /home/airflow/.local/lib/python3.7/site-packages/airflow/example_dags/example_branch_labels.py for tasks to queue
[2023-08-23T00:21:42.181+0000] {logging_mixin.py:150} INFO - [2023-08-23T00:21:42.180+0000] {dagbag.py:541} INFO - Filling up the DagBag from /home/airflow/.local/lib/python3.7/site-packages/airflow/example_dags/example_branch_labels.py
[2023-08-23T00:21:42.192+0000] {processor.py:836} INFO - DAG(s) dict_keys(['example_branch_labels']) retrieved from /home/airflow/.local/lib/python3.7/site-packages/airflow/example_dags/example_branch_labels.py
[2023-08-23T00:21:42.228+0000] {logging_mixin.py:150} INFO - [2023-08-23T00:21:42.228+0000] {dag.py:2742} INFO - Sync 1 DAGs
[2023-08-23T00:21:42.262+0000] {logging_mixin.py:150} INFO - [2023-08-23T00:21:42.262+0000] {dag.py:3508} INFO - Setting next_dagrun for example_branch_labels to 2023-08-22T00:00:00+00:00, run_after=2023-08-23T00:00:00+00:00
[2023-08-23T00:21:42.285+0000] {processor.py:179} INFO - Processing /home/airflow/.local/lib/python3.7/site-packages/airflow/example_dags/example_branch_labels.py took 0.110 seconds
[2023-08-23T00:22:12.531+0000] {processor.py:157} INFO - Started process (PID=224) to work on /home/airflow/.local/lib/python3.7/site-packages/airflow/example_dags/example_branch_labels.py
[2023-08-23T00:22:12.532+0000] {processor.py:826} INFO - Processing file /home/airflow/.local/lib/python3.7/site-packages/airflow/example_dags/example_branch_labels.py for tasks to queue
[2023-08-23T00:22:12.533+0000] {logging_mixin.py:150} INFO - [2023-08-23T00:22:12.533+0000] {dagbag.py:541} INFO - Filling up the DagBag from /home/airflow/.local/lib/python3.7/site-packages/airflow/example_dags/example_branch_labels.py
[2023-08-23T00:22:12.540+0000] {processor.py:836} INFO - DAG(s) dict_keys(['example_branch_labels']) retrieved from /home/airflow/.local/lib/python3.7/site-packages/airflow/example_dags/example_branch_labels.py
[2023-08-23T00:22:12.565+0000] {logging_mixin.py:150} INFO - [2023-08-23T00:22:12.565+0000] {dag.py:2742} INFO - Sync 1 DAGs
[2023-08-23T00:22:12.593+0000] {logging_mixin.py:150} INFO - [2023-08-23T00:22:12.592+0000] {dag.py:3508} INFO - Setting next_dagrun for example_branch_labels to 2023-08-22T00:00:00+00:00, run_after=2023-08-23T00:00:00+00:00
[2023-08-23T00:22:12.629+0000] {processor.py:179} INFO - Processing /home/airflow/.local/lib/python3.7/site-packages/airflow/example_dags/example_branch_labels.py took 0.102 seconds
[2023-08-23T00:22:42.994+0000] {processor.py:157} INFO - Started process (PID=299) to work on /home/airflow/.local/lib/python3.7/site-packages/airflow/example_dags/example_branch_labels.py
[2023-08-23T00:22:42.995+0000] {processor.py:826} INFO - Processing file /home/airflow/.local/lib/python3.7/site-packages/airflow/example_dags/example_branch_labels.py for tasks to queue
[2023-08-23T00:22:42.996+0000] {logging_mixin.py:150} INFO - [2023-08-23T00:22:42.996+0000] {dagbag.py:541} INFO - Filling up the DagBag from /home/airflow/.local/lib/python3.7/site-packages/airflow/example_dags/example_branch_labels.py
[2023-08-23T00:22:43.003+0000] {processor.py:836} INFO - DAG(s) dict_keys(['example_branch_labels']) retrieved from /home/airflow/.local/lib/python3.7/site-packages/airflow/example_dags/example_branch_labels.py
[2023-08-23T00:22:43.027+0000] {logging_mixin.py:150} INFO - [2023-08-23T00:22:43.027+0000] {dag.py:2742} INFO - Sync 1 DAGs
[2023-08-23T00:22:43.053+0000] {logging_mixin.py:150} INFO - [2023-08-23T00:22:43.053+0000] {dag.py:3508} INFO - Setting next_dagrun for example_branch_labels to 2023-08-22T00:00:00+00:00, run_after=2023-08-23T00:00:00+00:00
[2023-08-23T00:22:43.143+0000] {processor.py:179} INFO - Processing /home/airflow/.local/lib/python3.7/site-packages/airflow/example_dags/example_branch_labels.py took 0.151 seconds
[2023-08-23T00:23:13.779+0000] {processor.py:157} INFO - Started process (PID=374) to work on /home/airflow/.local/lib/python3.7/site-packages/airflow/example_dags/example_branch_labels.py
[2023-08-23T00:23:13.780+0000] {processor.py:826} INFO - Processing file /home/airflow/.local/lib/python3.7/site-packages/airflow/example_dags/example_branch_labels.py for tasks to queue
[2023-08-23T00:23:13.782+0000] {logging_mixin.py:150} INFO - [2023-08-23T00:23:13.781+0000] {dagbag.py:541} INFO - Filling up the DagBag from /home/airflow/.local/lib/python3.7/site-packages/airflow/example_dags/example_branch_labels.py
[2023-08-23T00:23:13.791+0000] {processor.py:836} INFO - DAG(s) dict_keys(['example_branch_labels']) retrieved from /home/airflow/.local/lib/python3.7/site-packages/airflow/example_dags/example_branch_labels.py
[2023-08-23T00:23:13.820+0000] {logging_mixin.py:150} INFO - [2023-08-23T00:23:13.820+0000] {dag.py:2742} INFO - Sync 1 DAGs
[2023-08-23T00:23:13.850+0000] {logging_mixin.py:150} INFO - [2023-08-23T00:23:13.849+0000] {dag.py:3508} INFO - Setting next_dagrun for example_branch_labels to 2023-08-22T00:00:00+00:00, run_after=2023-08-23T00:00:00+00:00
[2023-08-23T00:23:13.901+0000] {processor.py:179} INFO - Processing /home/airflow/.local/lib/python3.7/site-packages/airflow/example_dags/example_branch_labels.py took 0.126 seconds
[2023-08-23T00:23:44.221+0000] {processor.py:157} INFO - Started process (PID=449) to work on /home/airflow/.local/lib/python3.7/site-packages/airflow/example_dags/example_branch_labels.py
[2023-08-23T00:23:44.222+0000] {processor.py:826} INFO - Processing file /home/airflow/.local/lib/python3.7/site-packages/airflow/example_dags/example_branch_labels.py for tasks to queue
[2023-08-23T00:23:44.223+0000] {logging_mixin.py:150} INFO - [2023-08-23T00:23:44.223+0000] {dagbag.py:541} INFO - Filling up the DagBag from /home/airflow/.local/lib/python3.7/site-packages/airflow/example_dags/example_branch_labels.py
[2023-08-23T00:23:44.229+0000] {processor.py:836} INFO - DAG(s) dict_keys(['example_branch_labels']) retrieved from /home/airflow/.local/lib/python3.7/site-packages/airflow/example_dags/example_branch_labels.py
[2023-08-23T00:23:44.253+0000] {logging_mixin.py:150} INFO - [2023-08-23T00:23:44.253+0000] {dag.py:2742} INFO - Sync 1 DAGs
[2023-08-23T00:23:44.278+0000] {logging_mixin.py:150} INFO - [2023-08-23T00:23:44.277+0000] {dag.py:3508} INFO - Setting next_dagrun for example_branch_labels to 2023-08-22T00:00:00+00:00, run_after=2023-08-23T00:00:00+00:00
[2023-08-23T00:23:44.322+0000] {processor.py:179} INFO - Processing /home/airflow/.local/lib/python3.7/site-packages/airflow/example_dags/example_branch_labels.py took 0.104 seconds
[2023-08-23T00:24:14.589+0000] {processor.py:157} INFO - Started process (PID=524) to work on /home/airflow/.local/lib/python3.7/site-packages/airflow/example_dags/example_branch_labels.py
[2023-08-23T00:24:14.590+0000] {processor.py:826} INFO - Processing file /home/airflow/.local/lib/python3.7/site-packages/airflow/example_dags/example_branch_labels.py for tasks to queue
[2023-08-23T00:24:14.591+0000] {logging_mixin.py:150} INFO - [2023-08-23T00:24:14.591+0000] {dagbag.py:541} INFO - Filling up the DagBag from /home/airflow/.local/lib/python3.7/site-packages/airflow/example_dags/example_branch_labels.py
[2023-08-23T00:24:14.598+0000] {processor.py:836} INFO - DAG(s) dict_keys(['example_branch_labels']) retrieved from /home/airflow/.local/lib/python3.7/site-packages/airflow/example_dags/example_branch_labels.py
[2023-08-23T00:24:14.620+0000] {logging_mixin.py:150} INFO - [2023-08-23T00:24:14.620+0000] {dag.py:2742} INFO - Sync 1 DAGs
[2023-08-23T00:24:14.644+0000] {logging_mixin.py:150} INFO - [2023-08-23T00:24:14.644+0000] {dag.py:3508} INFO - Setting next_dagrun for example_branch_labels to 2023-08-22T00:00:00+00:00, run_after=2023-08-23T00:00:00+00:00
[2023-08-23T00:24:14.696+0000] {processor.py:179} INFO - Processing /home/airflow/.local/lib/python3.7/site-packages/airflow/example_dags/example_branch_labels.py took 0.110 seconds
[2023-08-23T00:24:44.933+0000] {processor.py:157} INFO - Started process (PID=599) to work on /home/airflow/.local/lib/python3.7/site-packages/airflow/example_dags/example_branch_labels.py
[2023-08-23T00:24:44.934+0000] {processor.py:826} INFO - Processing file /home/airflow/.local/lib/python3.7/site-packages/airflow/example_dags/example_branch_labels.py for tasks to queue
[2023-08-23T00:24:44.935+0000] {logging_mixin.py:150} INFO - [2023-08-23T00:24:44.934+0000] {dagbag.py:541} INFO - Filling up the DagBag from /home/airflow/.local/lib/python3.7/site-packages/airflow/example_dags/example_branch_labels.py
[2023-08-23T00:24:44.942+0000] {processor.py:836} INFO - DAG(s) dict_keys(['example_branch_labels']) retrieved from /home/airflow/.local/lib/python3.7/site-packages/airflow/example_dags/example_branch_labels.py
[2023-08-23T00:24:44.965+0000] {logging_mixin.py:150} INFO - [2023-08-23T00:24:44.965+0000] {dag.py:2742} INFO - Sync 1 DAGs
[2023-08-23T00:24:44.991+0000] {logging_mixin.py:150} INFO - [2023-08-23T00:24:44.991+0000] {dag.py:3508} INFO - Setting next_dagrun for example_branch_labels to 2023-08-22T00:00:00+00:00, run_after=2023-08-23T00:00:00+00:00
[2023-08-23T00:24:45.027+0000] {processor.py:179} INFO - Processing /home/airflow/.local/lib/python3.7/site-packages/airflow/example_dags/example_branch_labels.py took 0.098 seconds
[2023-08-23T00:25:15.065+0000] {processor.py:157} INFO - Started process (PID=673) to work on /home/airflow/.local/lib/python3.7/site-packages/airflow/example_dags/example_branch_labels.py
[2023-08-23T00:25:15.066+0000] {processor.py:826} INFO - Processing file /home/airflow/.local/lib/python3.7/site-packages/airflow/example_dags/example_branch_labels.py for tasks to queue
[2023-08-23T00:25:15.067+0000] {logging_mixin.py:150} INFO - [2023-08-23T00:25:15.067+0000] {dagbag.py:541} INFO - Filling up the DagBag from /home/airflow/.local/lib/python3.7/site-packages/airflow/example_dags/example_branch_labels.py
[2023-08-23T00:25:15.074+0000] {processor.py:836} INFO - DAG(s) dict_keys(['example_branch_labels']) retrieved from /home/airflow/.local/lib/python3.7/site-packages/airflow/example_dags/example_branch_labels.py
[2023-08-23T00:25:15.100+0000] {logging_mixin.py:150} INFO - [2023-08-23T00:25:15.100+0000] {dag.py:2742} INFO - Sync 1 DAGs
[2023-08-23T00:25:15.126+0000] {logging_mixin.py:150} INFO - [2023-08-23T00:25:15.126+0000] {dag.py:3508} INFO - Setting next_dagrun for example_branch_labels to 2023-08-22T00:00:00+00:00, run_after=2023-08-23T00:00:00+00:00
[2023-08-23T00:25:15.162+0000] {processor.py:179} INFO - Processing /home/airflow/.local/lib/python3.7/site-packages/airflow/example_dags/example_branch_labels.py took 0.100 seconds
[2023-08-23T00:25:45.925+0000] {processor.py:157} INFO - Started process (PID=749) to work on /home/airflow/.local/lib/python3.7/site-packages/airflow/example_dags/example_branch_labels.py
[2023-08-23T00:25:45.926+0000] {processor.py:826} INFO - Processing file /home/airflow/.local/lib/python3.7/site-packages/airflow/example_dags/example_branch_labels.py for tasks to queue
[2023-08-23T00:25:45.927+0000] {logging_mixin.py:150} INFO - [2023-08-23T00:25:45.927+0000] {dagbag.py:541} INFO - Filling up the DagBag from /home/airflow/.local/lib/python3.7/site-packages/airflow/example_dags/example_branch_labels.py
[2023-08-23T00:25:45.934+0000] {processor.py:836} INFO - DAG(s) dict_keys(['example_branch_labels']) retrieved from /home/airflow/.local/lib/python3.7/site-packages/airflow/example_dags/example_branch_labels.py
[2023-08-23T00:25:45.955+0000] {logging_mixin.py:150} INFO - [2023-08-23T00:25:45.955+0000] {dag.py:2742} INFO - Sync 1 DAGs
[2023-08-23T00:25:45.984+0000] {logging_mixin.py:150} INFO - [2023-08-23T00:25:45.984+0000] {dag.py:3508} INFO - Setting next_dagrun for example_branch_labels to 2023-08-22T00:00:00+00:00, run_after=2023-08-23T00:00:00+00:00
[2023-08-23T00:25:46.016+0000] {processor.py:179} INFO - Processing /home/airflow/.local/lib/python3.7/site-packages/airflow/example_dags/example_branch_labels.py took 0.093 seconds
[2023-08-23T00:26:16.556+0000] {processor.py:157} INFO - Started process (PID=824) to work on /home/airflow/.local/lib/python3.7/site-packages/airflow/example_dags/example_branch_labels.py
[2023-08-23T00:26:16.557+0000] {processor.py:826} INFO - Processing file /home/airflow/.local/lib/python3.7/site-packages/airflow/example_dags/example_branch_labels.py for tasks to queue
[2023-08-23T00:26:16.557+0000] {logging_mixin.py:150} INFO - [2023-08-23T00:26:16.557+0000] {dagbag.py:541} INFO - Filling up the DagBag from /home/airflow/.local/lib/python3.7/site-packages/airflow/example_dags/example_branch_labels.py
[2023-08-23T00:26:16.564+0000] {processor.py:836} INFO - DAG(s) dict_keys(['example_branch_labels']) retrieved from /home/airflow/.local/lib/python3.7/site-packages/airflow/example_dags/example_branch_labels.py
[2023-08-23T00:26:16.586+0000] {logging_mixin.py:150} INFO - [2023-08-23T00:26:16.585+0000] {dag.py:2742} INFO - Sync 1 DAGs
[2023-08-23T00:26:16.610+0000] {logging_mixin.py:150} INFO - [2023-08-23T00:26:16.609+0000] {dag.py:3508} INFO - Setting next_dagrun for example_branch_labels to 2023-08-22T00:00:00+00:00, run_after=2023-08-23T00:00:00+00:00
[2023-08-23T00:26:16.645+0000] {processor.py:179} INFO - Processing /home/airflow/.local/lib/python3.7/site-packages/airflow/example_dags/example_branch_labels.py took 0.091 seconds
[2023-08-23T00:26:47.066+0000] {processor.py:157} INFO - Started process (PID=899) to work on /home/airflow/.local/lib/python3.7/site-packages/airflow/example_dags/example_branch_labels.py
[2023-08-23T00:26:47.067+0000] {processor.py:826} INFO - Processing file /home/airflow/.local/lib/python3.7/site-packages/airflow/example_dags/example_branch_labels.py for tasks to queue
[2023-08-23T00:26:47.068+0000] {logging_mixin.py:150} INFO - [2023-08-23T00:26:47.068+0000] {dagbag.py:541} INFO - Filling up the DagBag from /home/airflow/.local/lib/python3.7/site-packages/airflow/example_dags/example_branch_labels.py
[2023-08-23T00:26:47.076+0000] {processor.py:836} INFO - DAG(s) dict_keys(['example_branch_labels']) retrieved from /home/airflow/.local/lib/python3.7/site-packages/airflow/example_dags/example_branch_labels.py
[2023-08-23T00:26:47.097+0000] {logging_mixin.py:150} INFO - [2023-08-23T00:26:47.097+0000] {dag.py:2742} INFO - Sync 1 DAGs
[2023-08-23T00:26:47.121+0000] {logging_mixin.py:150} INFO - [2023-08-23T00:26:47.121+0000] {dag.py:3508} INFO - Setting next_dagrun for example_branch_labels to 2023-08-22T00:00:00+00:00, run_after=2023-08-23T00:00:00+00:00
[2023-08-23T00:26:47.156+0000] {processor.py:179} INFO - Processing /home/airflow/.local/lib/python3.7/site-packages/airflow/example_dags/example_branch_labels.py took 0.092 seconds
[2023-08-23T00:27:17.905+0000] {processor.py:157} INFO - Started process (PID=974) to work on /home/airflow/.local/lib/python3.7/site-packages/airflow/example_dags/example_branch_labels.py
[2023-08-23T00:27:17.906+0000] {processor.py:826} INFO - Processing file /home/airflow/.local/lib/python3.7/site-packages/airflow/example_dags/example_branch_labels.py for tasks to queue
[2023-08-23T00:27:17.907+0000] {logging_mixin.py:150} INFO - [2023-08-23T00:27:17.907+0000] {dagbag.py:541} INFO - Filling up the DagBag from /home/airflow/.local/lib/python3.7/site-packages/airflow/example_dags/example_branch_labels.py
[2023-08-23T00:27:17.914+0000] {processor.py:836} INFO - DAG(s) dict_keys(['example_branch_labels']) retrieved from /home/airflow/.local/lib/python3.7/site-packages/airflow/example_dags/example_branch_labels.py
[2023-08-23T00:27:17.935+0000] {logging_mixin.py:150} INFO - [2023-08-23T00:27:17.935+0000] {dag.py:2742} INFO - Sync 1 DAGs
[2023-08-23T00:27:17.964+0000] {logging_mixin.py:150} INFO - [2023-08-23T00:27:17.963+0000] {dag.py:3508} INFO - Setting next_dagrun for example_branch_labels to 2023-08-22T00:00:00+00:00, run_after=2023-08-23T00:00:00+00:00
[2023-08-23T00:27:17.998+0000] {processor.py:179} INFO - Processing /home/airflow/.local/lib/python3.7/site-packages/airflow/example_dags/example_branch_labels.py took 0.096 seconds
[2023-08-23T00:27:48.245+0000] {processor.py:157} INFO - Started process (PID=1049) to work on /home/airflow/.local/lib/python3.7/site-packages/airflow/example_dags/example_branch_labels.py
[2023-08-23T00:27:48.246+0000] {processor.py:826} INFO - Processing file /home/airflow/.local/lib/python3.7/site-packages/airflow/example_dags/example_branch_labels.py for tasks to queue
[2023-08-23T00:27:48.247+0000] {logging_mixin.py:150} INFO - [2023-08-23T00:27:48.247+0000] {dagbag.py:541} INFO - Filling up the DagBag from /home/airflow/.local/lib/python3.7/site-packages/airflow/example_dags/example_branch_labels.py
[2023-08-23T00:27:48.254+0000] {processor.py:836} INFO - DAG(s) dict_keys(['example_branch_labels']) retrieved from /home/airflow/.local/lib/python3.7/site-packages/airflow/example_dags/example_branch_labels.py
[2023-08-23T00:27:48.275+0000] {logging_mixin.py:150} INFO - [2023-08-23T00:27:48.275+0000] {dag.py:2742} INFO - Sync 1 DAGs
[2023-08-23T00:27:48.304+0000] {logging_mixin.py:150} INFO - [2023-08-23T00:27:48.304+0000] {dag.py:3508} INFO - Setting next_dagrun for example_branch_labels to 2023-08-22T00:00:00+00:00, run_after=2023-08-23T00:00:00+00:00
[2023-08-23T00:27:48.338+0000] {processor.py:179} INFO - Processing /home/airflow/.local/lib/python3.7/site-packages/airflow/example_dags/example_branch_labels.py took 0.095 seconds
[2023-08-23T00:28:19.352+0000] {processor.py:157} INFO - Started process (PID=1125) to work on /home/airflow/.local/lib/python3.7/site-packages/airflow/example_dags/example_branch_labels.py
[2023-08-23T00:28:19.353+0000] {processor.py:826} INFO - Processing file /home/airflow/.local/lib/python3.7/site-packages/airflow/example_dags/example_branch_labels.py for tasks to queue
[2023-08-23T00:28:19.354+0000] {logging_mixin.py:150} INFO - [2023-08-23T00:28:19.354+0000] {dagbag.py:541} INFO - Filling up the DagBag from /home/airflow/.local/lib/python3.7/site-packages/airflow/example_dags/example_branch_labels.py
[2023-08-23T00:28:19.362+0000] {processor.py:836} INFO - DAG(s) dict_keys(['example_branch_labels']) retrieved from /home/airflow/.local/lib/python3.7/site-packages/airflow/example_dags/example_branch_labels.py
[2023-08-23T00:28:19.384+0000] {logging_mixin.py:150} INFO - [2023-08-23T00:28:19.384+0000] {dag.py:2742} INFO - Sync 1 DAGs
[2023-08-23T00:28:19.408+0000] {logging_mixin.py:150} INFO - [2023-08-23T00:28:19.408+0000] {dag.py:3508} INFO - Setting next_dagrun for example_branch_labels to 2023-08-22T00:00:00+00:00, run_after=2023-08-23T00:00:00+00:00
[2023-08-23T00:28:19.443+0000] {processor.py:179} INFO - Processing /home/airflow/.local/lib/python3.7/site-packages/airflow/example_dags/example_branch_labels.py took 0.093 seconds
[2023-08-23T00:28:50.148+0000] {processor.py:157} INFO - Started process (PID=1200) to work on /home/airflow/.local/lib/python3.7/site-packages/airflow/example_dags/example_branch_labels.py
[2023-08-23T00:28:50.149+0000] {processor.py:826} INFO - Processing file /home/airflow/.local/lib/python3.7/site-packages/airflow/example_dags/example_branch_labels.py for tasks to queue
[2023-08-23T00:28:50.150+0000] {logging_mixin.py:150} INFO - [2023-08-23T00:28:50.150+0000] {dagbag.py:541} INFO - Filling up the DagBag from /home/airflow/.local/lib/python3.7/site-packages/airflow/example_dags/example_branch_labels.py
[2023-08-23T00:28:50.156+0000] {processor.py:836} INFO - DAG(s) dict_keys(['example_branch_labels']) retrieved from /home/airflow/.local/lib/python3.7/site-packages/airflow/example_dags/example_branch_labels.py
[2023-08-23T00:28:50.178+0000] {logging_mixin.py:150} INFO - [2023-08-23T00:28:50.178+0000] {dag.py:2742} INFO - Sync 1 DAGs
[2023-08-23T00:28:50.202+0000] {logging_mixin.py:150} INFO - [2023-08-23T00:28:50.202+0000] {dag.py:3508} INFO - Setting next_dagrun for example_branch_labels to 2023-08-22T00:00:00+00:00, run_after=2023-08-23T00:00:00+00:00
[2023-08-23T00:28:50.269+0000] {processor.py:179} INFO - Processing /home/airflow/.local/lib/python3.7/site-packages/airflow/example_dags/example_branch_labels.py took 0.124 seconds
[2023-08-23T00:29:20.557+0000] {processor.py:157} INFO - Started process (PID=1275) to work on /home/airflow/.local/lib/python3.7/site-packages/airflow/example_dags/example_branch_labels.py
[2023-08-23T00:29:20.558+0000] {processor.py:826} INFO - Processing file /home/airflow/.local/lib/python3.7/site-packages/airflow/example_dags/example_branch_labels.py for tasks to queue
[2023-08-23T00:29:20.559+0000] {logging_mixin.py:150} INFO - [2023-08-23T00:29:20.559+0000] {dagbag.py:541} INFO - Filling up the DagBag from /home/airflow/.local/lib/python3.7/site-packages/airflow/example_dags/example_branch_labels.py
[2023-08-23T00:29:20.566+0000] {processor.py:836} INFO - DAG(s) dict_keys(['example_branch_labels']) retrieved from /home/airflow/.local/lib/python3.7/site-packages/airflow/example_dags/example_branch_labels.py
[2023-08-23T00:29:20.588+0000] {logging_mixin.py:150} INFO - [2023-08-23T00:29:20.588+0000] {dag.py:2742} INFO - Sync 1 DAGs
[2023-08-23T00:29:20.614+0000] {logging_mixin.py:150} INFO - [2023-08-23T00:29:20.614+0000] {dag.py:3508} INFO - Setting next_dagrun for example_branch_labels to 2023-08-22T00:00:00+00:00, run_after=2023-08-23T00:00:00+00:00
[2023-08-23T00:29:20.649+0000] {processor.py:179} INFO - Processing /home/airflow/.local/lib/python3.7/site-packages/airflow/example_dags/example_branch_labels.py took 0.095 seconds
[2023-08-23T00:29:51.114+0000] {processor.py:157} INFO - Started process (PID=1350) to work on /home/airflow/.local/lib/python3.7/site-packages/airflow/example_dags/example_branch_labels.py
[2023-08-23T00:29:51.115+0000] {processor.py:826} INFO - Processing file /home/airflow/.local/lib/python3.7/site-packages/airflow/example_dags/example_branch_labels.py for tasks to queue
[2023-08-23T00:29:51.116+0000] {logging_mixin.py:150} INFO - [2023-08-23T00:29:51.116+0000] {dagbag.py:541} INFO - Filling up the DagBag from /home/airflow/.local/lib/python3.7/site-packages/airflow/example_dags/example_branch_labels.py
[2023-08-23T00:29:51.123+0000] {processor.py:836} INFO - DAG(s) dict_keys(['example_branch_labels']) retrieved from /home/airflow/.local/lib/python3.7/site-packages/airflow/example_dags/example_branch_labels.py
[2023-08-23T00:29:51.149+0000] {logging_mixin.py:150} INFO - [2023-08-23T00:29:51.149+0000] {dag.py:2742} INFO - Sync 1 DAGs
[2023-08-23T00:29:51.175+0000] {logging_mixin.py:150} INFO - [2023-08-23T00:29:51.174+0000] {dag.py:3508} INFO - Setting next_dagrun for example_branch_labels to 2023-08-22T00:00:00+00:00, run_after=2023-08-23T00:00:00+00:00
[2023-08-23T00:29:51.210+0000] {processor.py:179} INFO - Processing /home/airflow/.local/lib/python3.7/site-packages/airflow/example_dags/example_branch_labels.py took 0.099 seconds
[2023-08-23T00:30:21.620+0000] {processor.py:157} INFO - Started process (PID=1425) to work on /home/airflow/.local/lib/python3.7/site-packages/airflow/example_dags/example_branch_labels.py
[2023-08-23T00:30:21.621+0000] {processor.py:826} INFO - Processing file /home/airflow/.local/lib/python3.7/site-packages/airflow/example_dags/example_branch_labels.py for tasks to queue
[2023-08-23T00:30:21.622+0000] {logging_mixin.py:150} INFO - [2023-08-23T00:30:21.622+0000] {dagbag.py:541} INFO - Filling up the DagBag from /home/airflow/.local/lib/python3.7/site-packages/airflow/example_dags/example_branch_labels.py
[2023-08-23T00:30:21.629+0000] {processor.py:836} INFO - DAG(s) dict_keys(['example_branch_labels']) retrieved from /home/airflow/.local/lib/python3.7/site-packages/airflow/example_dags/example_branch_labels.py
[2023-08-23T00:30:21.652+0000] {logging_mixin.py:150} INFO - [2023-08-23T00:30:21.651+0000] {dag.py:2742} INFO - Sync 1 DAGs
[2023-08-23T00:30:21.678+0000] {logging_mixin.py:150} INFO - [2023-08-23T00:30:21.678+0000] {dag.py:3508} INFO - Setting next_dagrun for example_branch_labels to 2023-08-22T00:00:00+00:00, run_after=2023-08-23T00:00:00+00:00
[2023-08-23T00:30:21.714+0000] {processor.py:179} INFO - Processing /home/airflow/.local/lib/python3.7/site-packages/airflow/example_dags/example_branch_labels.py took 0.096 seconds
[2023-08-23T00:30:52.001+0000] {processor.py:157} INFO - Started process (PID=1500) to work on /home/airflow/.local/lib/python3.7/site-packages/airflow/example_dags/example_branch_labels.py
[2023-08-23T00:30:52.002+0000] {processor.py:826} INFO - Processing file /home/airflow/.local/lib/python3.7/site-packages/airflow/example_dags/example_branch_labels.py for tasks to queue
[2023-08-23T00:30:52.003+0000] {logging_mixin.py:150} INFO - [2023-08-23T00:30:52.003+0000] {dagbag.py:541} INFO - Filling up the DagBag from /home/airflow/.local/lib/python3.7/site-packages/airflow/example_dags/example_branch_labels.py
[2023-08-23T00:30:52.010+0000] {processor.py:836} INFO - DAG(s) dict_keys(['example_branch_labels']) retrieved from /home/airflow/.local/lib/python3.7/site-packages/airflow/example_dags/example_branch_labels.py
[2023-08-23T00:30:52.033+0000] {logging_mixin.py:150} INFO - [2023-08-23T00:30:52.033+0000] {dag.py:2742} INFO - Sync 1 DAGs
[2023-08-23T00:30:52.059+0000] {logging_mixin.py:150} INFO - [2023-08-23T00:30:52.059+0000] {dag.py:3508} INFO - Setting next_dagrun for example_branch_labels to 2023-08-22T00:00:00+00:00, run_after=2023-08-23T00:00:00+00:00
[2023-08-23T00:30:52.108+0000] {processor.py:179} INFO - Processing /home/airflow/.local/lib/python3.7/site-packages/airflow/example_dags/example_branch_labels.py took 0.110 seconds
[2023-08-23T00:31:22.677+0000] {processor.py:157} INFO - Started process (PID=1575) to work on /home/airflow/.local/lib/python3.7/site-packages/airflow/example_dags/example_branch_labels.py
[2023-08-23T00:31:22.678+0000] {processor.py:826} INFO - Processing file /home/airflow/.local/lib/python3.7/site-packages/airflow/example_dags/example_branch_labels.py for tasks to queue
[2023-08-23T00:31:22.680+0000] {logging_mixin.py:150} INFO - [2023-08-23T00:31:22.679+0000] {dagbag.py:541} INFO - Filling up the DagBag from /home/airflow/.local/lib/python3.7/site-packages/airflow/example_dags/example_branch_labels.py
[2023-08-23T00:31:22.686+0000] {processor.py:836} INFO - DAG(s) dict_keys(['example_branch_labels']) retrieved from /home/airflow/.local/lib/python3.7/site-packages/airflow/example_dags/example_branch_labels.py
[2023-08-23T00:31:22.712+0000] {logging_mixin.py:150} INFO - [2023-08-23T00:31:22.712+0000] {dag.py:2742} INFO - Sync 1 DAGs
[2023-08-23T00:31:22.737+0000] {logging_mixin.py:150} INFO - [2023-08-23T00:31:22.737+0000] {dag.py:3508} INFO - Setting next_dagrun for example_branch_labels to 2023-08-22T00:00:00+00:00, run_after=2023-08-23T00:00:00+00:00
[2023-08-23T00:31:22.771+0000] {processor.py:179} INFO - Processing /home/airflow/.local/lib/python3.7/site-packages/airflow/example_dags/example_branch_labels.py took 0.096 seconds
[2023-08-23T00:31:53.181+0000] {processor.py:157} INFO - Started process (PID=1650) to work on /home/airflow/.local/lib/python3.7/site-packages/airflow/example_dags/example_branch_labels.py
[2023-08-23T00:31:53.182+0000] {processor.py:826} INFO - Processing file /home/airflow/.local/lib/python3.7/site-packages/airflow/example_dags/example_branch_labels.py for tasks to queue
[2023-08-23T00:31:53.183+0000] {logging_mixin.py:150} INFO - [2023-08-23T00:31:53.183+0000] {dagbag.py:541} INFO - Filling up the DagBag from /home/airflow/.local/lib/python3.7/site-packages/airflow/example_dags/example_branch_labels.py
[2023-08-23T00:31:53.192+0000] {processor.py:836} INFO - DAG(s) dict_keys(['example_branch_labels']) retrieved from /home/airflow/.local/lib/python3.7/site-packages/airflow/example_dags/example_branch_labels.py
[2023-08-23T00:31:53.227+0000] {logging_mixin.py:150} INFO - [2023-08-23T00:31:53.226+0000] {dag.py:2742} INFO - Sync 1 DAGs
[2023-08-23T00:31:53.260+0000] {logging_mixin.py:150} INFO - [2023-08-23T00:31:53.260+0000] {dag.py:3508} INFO - Setting next_dagrun for example_branch_labels to 2023-08-22T00:00:00+00:00, run_after=2023-08-23T00:00:00+00:00
[2023-08-23T00:31:53.305+0000] {processor.py:179} INFO - Processing /home/airflow/.local/lib/python3.7/site-packages/airflow/example_dags/example_branch_labels.py took 0.128 seconds
[2023-08-23T00:32:23.857+0000] {processor.py:157} INFO - Started process (PID=1725) to work on /home/airflow/.local/lib/python3.7/site-packages/airflow/example_dags/example_branch_labels.py
[2023-08-23T00:32:23.858+0000] {processor.py:826} INFO - Processing file /home/airflow/.local/lib/python3.7/site-packages/airflow/example_dags/example_branch_labels.py for tasks to queue
[2023-08-23T00:32:23.859+0000] {logging_mixin.py:150} INFO - [2023-08-23T00:32:23.859+0000] {dagbag.py:541} INFO - Filling up the DagBag from /home/airflow/.local/lib/python3.7/site-packages/airflow/example_dags/example_branch_labels.py
[2023-08-23T00:32:23.866+0000] {processor.py:836} INFO - DAG(s) dict_keys(['example_branch_labels']) retrieved from /home/airflow/.local/lib/python3.7/site-packages/airflow/example_dags/example_branch_labels.py
[2023-08-23T00:32:23.890+0000] {logging_mixin.py:150} INFO - [2023-08-23T00:32:23.890+0000] {dag.py:2742} INFO - Sync 1 DAGs
[2023-08-23T00:32:23.918+0000] {logging_mixin.py:150} INFO - [2023-08-23T00:32:23.918+0000] {dag.py:3508} INFO - Setting next_dagrun for example_branch_labels to 2023-08-22T00:00:00+00:00, run_after=2023-08-23T00:00:00+00:00
[2023-08-23T00:32:23.953+0000] {processor.py:179} INFO - Processing /home/airflow/.local/lib/python3.7/site-packages/airflow/example_dags/example_branch_labels.py took 0.099 seconds
[2023-08-23T00:32:54.375+0000] {processor.py:157} INFO - Started process (PID=1800) to work on /home/airflow/.local/lib/python3.7/site-packages/airflow/example_dags/example_branch_labels.py
[2023-08-23T00:32:54.376+0000] {processor.py:826} INFO - Processing file /home/airflow/.local/lib/python3.7/site-packages/airflow/example_dags/example_branch_labels.py for tasks to queue
[2023-08-23T00:32:54.378+0000] {logging_mixin.py:150} INFO - [2023-08-23T00:32:54.377+0000] {dagbag.py:541} INFO - Filling up the DagBag from /home/airflow/.local/lib/python3.7/site-packages/airflow/example_dags/example_branch_labels.py
[2023-08-23T00:32:54.386+0000] {processor.py:836} INFO - DAG(s) dict_keys(['example_branch_labels']) retrieved from /home/airflow/.local/lib/python3.7/site-packages/airflow/example_dags/example_branch_labels.py
[2023-08-23T00:32:54.416+0000] {logging_mixin.py:150} INFO - [2023-08-23T00:32:54.416+0000] {dag.py:2742} INFO - Sync 1 DAGs
[2023-08-23T00:32:54.442+0000] {logging_mixin.py:150} INFO - [2023-08-23T00:32:54.442+0000] {dag.py:3508} INFO - Setting next_dagrun for example_branch_labels to 2023-08-22T00:00:00+00:00, run_after=2023-08-23T00:00:00+00:00
[2023-08-23T00:32:54.479+0000] {processor.py:179} INFO - Processing /home/airflow/.local/lib/python3.7/site-packages/airflow/example_dags/example_branch_labels.py took 0.108 seconds
[2023-08-23T00:33:24.635+0000] {processor.py:157} INFO - Started process (PID=1875) to work on /home/airflow/.local/lib/python3.7/site-packages/airflow/example_dags/example_branch_labels.py
[2023-08-23T00:33:24.636+0000] {processor.py:826} INFO - Processing file /home/airflow/.local/lib/python3.7/site-packages/airflow/example_dags/example_branch_labels.py for tasks to queue
[2023-08-23T00:33:24.638+0000] {logging_mixin.py:150} INFO - [2023-08-23T00:33:24.637+0000] {dagbag.py:541} INFO - Filling up the DagBag from /home/airflow/.local/lib/python3.7/site-packages/airflow/example_dags/example_branch_labels.py
[2023-08-23T00:33:24.645+0000] {processor.py:836} INFO - DAG(s) dict_keys(['example_branch_labels']) retrieved from /home/airflow/.local/lib/python3.7/site-packages/airflow/example_dags/example_branch_labels.py
[2023-08-23T00:33:24.667+0000] {logging_mixin.py:150} INFO - [2023-08-23T00:33:24.667+0000] {dag.py:2742} INFO - Sync 1 DAGs
[2023-08-23T00:33:24.694+0000] {logging_mixin.py:150} INFO - [2023-08-23T00:33:24.693+0000] {dag.py:3508} INFO - Setting next_dagrun for example_branch_labels to 2023-08-22T00:00:00+00:00, run_after=2023-08-23T00:00:00+00:00
[2023-08-23T00:33:24.728+0000] {processor.py:179} INFO - Processing /home/airflow/.local/lib/python3.7/site-packages/airflow/example_dags/example_branch_labels.py took 0.095 seconds
[2023-08-23T00:33:55.547+0000] {processor.py:157} INFO - Started process (PID=1950) to work on /home/airflow/.local/lib/python3.7/site-packages/airflow/example_dags/example_branch_labels.py
[2023-08-23T00:33:55.548+0000] {processor.py:826} INFO - Processing file /home/airflow/.local/lib/python3.7/site-packages/airflow/example_dags/example_branch_labels.py for tasks to queue
[2023-08-23T00:33:55.549+0000] {logging_mixin.py:150} INFO - [2023-08-23T00:33:55.549+0000] {dagbag.py:541} INFO - Filling up the DagBag from /home/airflow/.local/lib/python3.7/site-packages/airflow/example_dags/example_branch_labels.py
[2023-08-23T00:33:55.556+0000] {processor.py:836} INFO - DAG(s) dict_keys(['example_branch_labels']) retrieved from /home/airflow/.local/lib/python3.7/site-packages/airflow/example_dags/example_branch_labels.py
[2023-08-23T00:33:55.581+0000] {logging_mixin.py:150} INFO - [2023-08-23T00:33:55.581+0000] {dag.py:2742} INFO - Sync 1 DAGs
[2023-08-23T00:33:55.606+0000] {logging_mixin.py:150} INFO - [2023-08-23T00:33:55.606+0000] {dag.py:3508} INFO - Setting next_dagrun for example_branch_labels to 2023-08-22T00:00:00+00:00, run_after=2023-08-23T00:00:00+00:00
[2023-08-23T00:33:55.642+0000] {processor.py:179} INFO - Processing /home/airflow/.local/lib/python3.7/site-packages/airflow/example_dags/example_branch_labels.py took 0.098 seconds
[2023-08-23T00:34:25.693+0000] {processor.py:157} INFO - Started process (PID=2025) to work on /home/airflow/.local/lib/python3.7/site-packages/airflow/example_dags/example_branch_labels.py
[2023-08-23T00:34:25.693+0000] {processor.py:826} INFO - Processing file /home/airflow/.local/lib/python3.7/site-packages/airflow/example_dags/example_branch_labels.py for tasks to queue
[2023-08-23T00:34:25.694+0000] {logging_mixin.py:150} INFO - [2023-08-23T00:34:25.694+0000] {dagbag.py:541} INFO - Filling up the DagBag from /home/airflow/.local/lib/python3.7/site-packages/airflow/example_dags/example_branch_labels.py
[2023-08-23T00:34:25.702+0000] {processor.py:836} INFO - DAG(s) dict_keys(['example_branch_labels']) retrieved from /home/airflow/.local/lib/python3.7/site-packages/airflow/example_dags/example_branch_labels.py
[2023-08-23T00:34:25.725+0000] {logging_mixin.py:150} INFO - [2023-08-23T00:34:25.725+0000] {dag.py:2742} INFO - Sync 1 DAGs
[2023-08-23T00:34:25.751+0000] {logging_mixin.py:150} INFO - [2023-08-23T00:34:25.751+0000] {dag.py:3508} INFO - Setting next_dagrun for example_branch_labels to 2023-08-22T00:00:00+00:00, run_after=2023-08-23T00:00:00+00:00
[2023-08-23T00:34:25.795+0000] {processor.py:179} INFO - Processing /home/airflow/.local/lib/python3.7/site-packages/airflow/example_dags/example_branch_labels.py took 0.105 seconds
[2023-08-23T00:34:56.162+0000] {processor.py:157} INFO - Started process (PID=2100) to work on /home/airflow/.local/lib/python3.7/site-packages/airflow/example_dags/example_branch_labels.py
[2023-08-23T00:34:56.163+0000] {processor.py:826} INFO - Processing file /home/airflow/.local/lib/python3.7/site-packages/airflow/example_dags/example_branch_labels.py for tasks to queue
[2023-08-23T00:34:56.164+0000] {logging_mixin.py:150} INFO - [2023-08-23T00:34:56.164+0000] {dagbag.py:541} INFO - Filling up the DagBag from /home/airflow/.local/lib/python3.7/site-packages/airflow/example_dags/example_branch_labels.py
[2023-08-23T00:34:56.171+0000] {processor.py:836} INFO - DAG(s) dict_keys(['example_branch_labels']) retrieved from /home/airflow/.local/lib/python3.7/site-packages/airflow/example_dags/example_branch_labels.py
[2023-08-23T00:34:56.195+0000] {logging_mixin.py:150} INFO - [2023-08-23T00:34:56.195+0000] {dag.py:2742} INFO - Sync 1 DAGs
[2023-08-23T00:34:56.221+0000] {logging_mixin.py:150} INFO - [2023-08-23T00:34:56.221+0000] {dag.py:3508} INFO - Setting next_dagrun for example_branch_labels to 2023-08-22T00:00:00+00:00, run_after=2023-08-23T00:00:00+00:00
[2023-08-23T00:34:56.264+0000] {processor.py:179} INFO - Processing /home/airflow/.local/lib/python3.7/site-packages/airflow/example_dags/example_branch_labels.py took 0.104 seconds
[2023-08-23T00:35:26.921+0000] {processor.py:157} INFO - Started process (PID=2175) to work on /home/airflow/.local/lib/python3.7/site-packages/airflow/example_dags/example_branch_labels.py
[2023-08-23T00:35:26.922+0000] {processor.py:826} INFO - Processing file /home/airflow/.local/lib/python3.7/site-packages/airflow/example_dags/example_branch_labels.py for tasks to queue
[2023-08-23T00:35:26.923+0000] {logging_mixin.py:150} INFO - [2023-08-23T00:35:26.923+0000] {dagbag.py:541} INFO - Filling up the DagBag from /home/airflow/.local/lib/python3.7/site-packages/airflow/example_dags/example_branch_labels.py
[2023-08-23T00:35:26.930+0000] {processor.py:836} INFO - DAG(s) dict_keys(['example_branch_labels']) retrieved from /home/airflow/.local/lib/python3.7/site-packages/airflow/example_dags/example_branch_labels.py
[2023-08-23T00:35:26.957+0000] {logging_mixin.py:150} INFO - [2023-08-23T00:35:26.957+0000] {dag.py:2742} INFO - Sync 1 DAGs
[2023-08-23T00:35:26.984+0000] {logging_mixin.py:150} INFO - [2023-08-23T00:35:26.984+0000] {dag.py:3508} INFO - Setting next_dagrun for example_branch_labels to 2023-08-22T00:00:00+00:00, run_after=2023-08-23T00:00:00+00:00
[2023-08-23T00:35:27.019+0000] {processor.py:179} INFO - Processing /home/airflow/.local/lib/python3.7/site-packages/airflow/example_dags/example_branch_labels.py took 0.101 seconds
[2023-08-23T00:35:57.296+0000] {processor.py:157} INFO - Started process (PID=2250) to work on /home/airflow/.local/lib/python3.7/site-packages/airflow/example_dags/example_branch_labels.py
[2023-08-23T00:35:57.296+0000] {processor.py:826} INFO - Processing file /home/airflow/.local/lib/python3.7/site-packages/airflow/example_dags/example_branch_labels.py for tasks to queue
[2023-08-23T00:35:57.297+0000] {logging_mixin.py:150} INFO - [2023-08-23T00:35:57.297+0000] {dagbag.py:541} INFO - Filling up the DagBag from /home/airflow/.local/lib/python3.7/site-packages/airflow/example_dags/example_branch_labels.py
[2023-08-23T00:35:57.306+0000] {processor.py:836} INFO - DAG(s) dict_keys(['example_branch_labels']) retrieved from /home/airflow/.local/lib/python3.7/site-packages/airflow/example_dags/example_branch_labels.py
[2023-08-23T00:35:57.329+0000] {logging_mixin.py:150} INFO - [2023-08-23T00:35:57.329+0000] {dag.py:2742} INFO - Sync 1 DAGs
[2023-08-23T00:35:57.354+0000] {logging_mixin.py:150} INFO - [2023-08-23T00:35:57.354+0000] {dag.py:3508} INFO - Setting next_dagrun for example_branch_labels to 2023-08-22T00:00:00+00:00, run_after=2023-08-23T00:00:00+00:00
[2023-08-23T00:35:57.387+0000] {processor.py:179} INFO - Processing /home/airflow/.local/lib/python3.7/site-packages/airflow/example_dags/example_branch_labels.py took 0.094 seconds
[2023-08-23T00:36:28.198+0000] {processor.py:157} INFO - Started process (PID=2325) to work on /home/airflow/.local/lib/python3.7/site-packages/airflow/example_dags/example_branch_labels.py
[2023-08-23T00:36:28.200+0000] {processor.py:826} INFO - Processing file /home/airflow/.local/lib/python3.7/site-packages/airflow/example_dags/example_branch_labels.py for tasks to queue
[2023-08-23T00:36:28.201+0000] {logging_mixin.py:150} INFO - [2023-08-23T00:36:28.201+0000] {dagbag.py:541} INFO - Filling up the DagBag from /home/airflow/.local/lib/python3.7/site-packages/airflow/example_dags/example_branch_labels.py
[2023-08-23T00:36:28.210+0000] {processor.py:836} INFO - DAG(s) dict_keys(['example_branch_labels']) retrieved from /home/airflow/.local/lib/python3.7/site-packages/airflow/example_dags/example_branch_labels.py
[2023-08-23T00:36:28.239+0000] {logging_mixin.py:150} INFO - [2023-08-23T00:36:28.239+0000] {dag.py:2742} INFO - Sync 1 DAGs
[2023-08-23T00:36:28.282+0000] {logging_mixin.py:150} INFO - [2023-08-23T00:36:28.282+0000] {dag.py:3508} INFO - Setting next_dagrun for example_branch_labels to 2023-08-22T00:00:00+00:00, run_after=2023-08-23T00:00:00+00:00
[2023-08-23T00:36:28.323+0000] {processor.py:179} INFO - Processing /home/airflow/.local/lib/python3.7/site-packages/airflow/example_dags/example_branch_labels.py took 0.127 seconds
[2023-08-23T00:36:58.453+0000] {processor.py:157} INFO - Started process (PID=2400) to work on /home/airflow/.local/lib/python3.7/site-packages/airflow/example_dags/example_branch_labels.py
[2023-08-23T00:36:58.454+0000] {processor.py:826} INFO - Processing file /home/airflow/.local/lib/python3.7/site-packages/airflow/example_dags/example_branch_labels.py for tasks to queue
[2023-08-23T00:36:58.455+0000] {logging_mixin.py:150} INFO - [2023-08-23T00:36:58.455+0000] {dagbag.py:541} INFO - Filling up the DagBag from /home/airflow/.local/lib/python3.7/site-packages/airflow/example_dags/example_branch_labels.py
[2023-08-23T00:36:58.462+0000] {processor.py:836} INFO - DAG(s) dict_keys(['example_branch_labels']) retrieved from /home/airflow/.local/lib/python3.7/site-packages/airflow/example_dags/example_branch_labels.py
[2023-08-23T00:36:58.484+0000] {logging_mixin.py:150} INFO - [2023-08-23T00:36:58.484+0000] {dag.py:2742} INFO - Sync 1 DAGs
[2023-08-23T00:36:58.508+0000] {logging_mixin.py:150} INFO - [2023-08-23T00:36:58.508+0000] {dag.py:3508} INFO - Setting next_dagrun for example_branch_labels to 2023-08-22T00:00:00+00:00, run_after=2023-08-23T00:00:00+00:00
[2023-08-23T00:36:58.545+0000] {processor.py:179} INFO - Processing /home/airflow/.local/lib/python3.7/site-packages/airflow/example_dags/example_branch_labels.py took 0.095 seconds
[2023-08-23T00:37:28.726+0000] {processor.py:157} INFO - Started process (PID=2475) to work on /home/airflow/.local/lib/python3.7/site-packages/airflow/example_dags/example_branch_labels.py
[2023-08-23T00:37:28.727+0000] {processor.py:826} INFO - Processing file /home/airflow/.local/lib/python3.7/site-packages/airflow/example_dags/example_branch_labels.py for tasks to queue
[2023-08-23T00:37:28.728+0000] {logging_mixin.py:150} INFO - [2023-08-23T00:37:28.728+0000] {dagbag.py:541} INFO - Filling up the DagBag from /home/airflow/.local/lib/python3.7/site-packages/airflow/example_dags/example_branch_labels.py
[2023-08-23T00:37:28.736+0000] {processor.py:836} INFO - DAG(s) dict_keys(['example_branch_labels']) retrieved from /home/airflow/.local/lib/python3.7/site-packages/airflow/example_dags/example_branch_labels.py
[2023-08-23T00:37:28.759+0000] {logging_mixin.py:150} INFO - [2023-08-23T00:37:28.759+0000] {dag.py:2742} INFO - Sync 1 DAGs
[2023-08-23T00:37:28.789+0000] {logging_mixin.py:150} INFO - [2023-08-23T00:37:28.789+0000] {dag.py:3508} INFO - Setting next_dagrun for example_branch_labels to 2023-08-22T00:00:00+00:00, run_after=2023-08-23T00:00:00+00:00
[2023-08-23T00:37:28.824+0000] {processor.py:179} INFO - Processing /home/airflow/.local/lib/python3.7/site-packages/airflow/example_dags/example_branch_labels.py took 0.101 seconds
[2023-08-23T00:37:59.075+0000] {processor.py:157} INFO - Started process (PID=2550) to work on /home/airflow/.local/lib/python3.7/site-packages/airflow/example_dags/example_branch_labels.py
[2023-08-23T00:37:59.076+0000] {processor.py:826} INFO - Processing file /home/airflow/.local/lib/python3.7/site-packages/airflow/example_dags/example_branch_labels.py for tasks to queue
[2023-08-23T00:37:59.077+0000] {logging_mixin.py:150} INFO - [2023-08-23T00:37:59.077+0000] {dagbag.py:541} INFO - Filling up the DagBag from /home/airflow/.local/lib/python3.7/site-packages/airflow/example_dags/example_branch_labels.py
[2023-08-23T00:37:59.085+0000] {processor.py:836} INFO - DAG(s) dict_keys(['example_branch_labels']) retrieved from /home/airflow/.local/lib/python3.7/site-packages/airflow/example_dags/example_branch_labels.py
[2023-08-23T00:37:59.110+0000] {logging_mixin.py:150} INFO - [2023-08-23T00:37:59.110+0000] {dag.py:2742} INFO - Sync 1 DAGs
[2023-08-23T00:37:59.136+0000] {logging_mixin.py:150} INFO - [2023-08-23T00:37:59.136+0000] {dag.py:3508} INFO - Setting next_dagrun for example_branch_labels to 2023-08-22T00:00:00+00:00, run_after=2023-08-23T00:00:00+00:00
[2023-08-23T00:37:59.177+0000] {processor.py:179} INFO - Processing /home/airflow/.local/lib/python3.7/site-packages/airflow/example_dags/example_branch_labels.py took 0.106 seconds
[2023-08-23T00:38:29.408+0000] {processor.py:157} INFO - Started process (PID=2625) to work on /home/airflow/.local/lib/python3.7/site-packages/airflow/example_dags/example_branch_labels.py
[2023-08-23T00:38:29.409+0000] {processor.py:826} INFO - Processing file /home/airflow/.local/lib/python3.7/site-packages/airflow/example_dags/example_branch_labels.py for tasks to queue
[2023-08-23T00:38:29.410+0000] {logging_mixin.py:150} INFO - [2023-08-23T00:38:29.410+0000] {dagbag.py:541} INFO - Filling up the DagBag from /home/airflow/.local/lib/python3.7/site-packages/airflow/example_dags/example_branch_labels.py
[2023-08-23T00:38:29.416+0000] {processor.py:836} INFO - DAG(s) dict_keys(['example_branch_labels']) retrieved from /home/airflow/.local/lib/python3.7/site-packages/airflow/example_dags/example_branch_labels.py
[2023-08-23T00:38:29.438+0000] {logging_mixin.py:150} INFO - [2023-08-23T00:38:29.437+0000] {dag.py:2742} INFO - Sync 1 DAGs
[2023-08-23T00:38:29.463+0000] {logging_mixin.py:150} INFO - [2023-08-23T00:38:29.463+0000] {dag.py:3508} INFO - Setting next_dagrun for example_branch_labels to 2023-08-22T00:00:00+00:00, run_after=2023-08-23T00:00:00+00:00
[2023-08-23T00:38:29.499+0000] {processor.py:179} INFO - Processing /home/airflow/.local/lib/python3.7/site-packages/airflow/example_dags/example_branch_labels.py took 0.093 seconds
[2023-08-23T00:39:00.010+0000] {processor.py:157} INFO - Started process (PID=2700) to work on /home/airflow/.local/lib/python3.7/site-packages/airflow/example_dags/example_branch_labels.py
[2023-08-23T00:39:00.011+0000] {processor.py:826} INFO - Processing file /home/airflow/.local/lib/python3.7/site-packages/airflow/example_dags/example_branch_labels.py for tasks to queue
[2023-08-23T00:39:00.012+0000] {logging_mixin.py:150} INFO - [2023-08-23T00:39:00.012+0000] {dagbag.py:541} INFO - Filling up the DagBag from /home/airflow/.local/lib/python3.7/site-packages/airflow/example_dags/example_branch_labels.py
[2023-08-23T00:39:00.020+0000] {processor.py:836} INFO - DAG(s) dict_keys(['example_branch_labels']) retrieved from /home/airflow/.local/lib/python3.7/site-packages/airflow/example_dags/example_branch_labels.py
[2023-08-23T00:39:00.043+0000] {logging_mixin.py:150} INFO - [2023-08-23T00:39:00.043+0000] {dag.py:2742} INFO - Sync 1 DAGs
[2023-08-23T00:39:00.069+0000] {logging_mixin.py:150} INFO - [2023-08-23T00:39:00.068+0000] {dag.py:3508} INFO - Setting next_dagrun for example_branch_labels to 2023-08-22T00:00:00+00:00, run_after=2023-08-23T00:00:00+00:00
[2023-08-23T00:39:00.102+0000] {processor.py:179} INFO - Processing /home/airflow/.local/lib/python3.7/site-packages/airflow/example_dags/example_branch_labels.py took 0.095 seconds
[2023-08-23T00:39:30.431+0000] {processor.py:157} INFO - Started process (PID=2775) to work on /home/airflow/.local/lib/python3.7/site-packages/airflow/example_dags/example_branch_labels.py
[2023-08-23T00:39:30.432+0000] {processor.py:826} INFO - Processing file /home/airflow/.local/lib/python3.7/site-packages/airflow/example_dags/example_branch_labels.py for tasks to queue
[2023-08-23T00:39:30.433+0000] {logging_mixin.py:150} INFO - [2023-08-23T00:39:30.433+0000] {dagbag.py:541} INFO - Filling up the DagBag from /home/airflow/.local/lib/python3.7/site-packages/airflow/example_dags/example_branch_labels.py
[2023-08-23T00:39:30.440+0000] {processor.py:836} INFO - DAG(s) dict_keys(['example_branch_labels']) retrieved from /home/airflow/.local/lib/python3.7/site-packages/airflow/example_dags/example_branch_labels.py
[2023-08-23T00:39:30.461+0000] {logging_mixin.py:150} INFO - [2023-08-23T00:39:30.461+0000] {dag.py:2742} INFO - Sync 1 DAGs
[2023-08-23T00:39:30.490+0000] {logging_mixin.py:150} INFO - [2023-08-23T00:39:30.490+0000] {dag.py:3508} INFO - Setting next_dagrun for example_branch_labels to 2023-08-22T00:00:00+00:00, run_after=2023-08-23T00:00:00+00:00
[2023-08-23T00:39:30.523+0000] {processor.py:179} INFO - Processing /home/airflow/.local/lib/python3.7/site-packages/airflow/example_dags/example_branch_labels.py took 0.095 seconds
[2023-08-23T00:40:01.106+0000] {processor.py:157} INFO - Started process (PID=2850) to work on /home/airflow/.local/lib/python3.7/site-packages/airflow/example_dags/example_branch_labels.py
[2023-08-23T00:40:01.107+0000] {processor.py:826} INFO - Processing file /home/airflow/.local/lib/python3.7/site-packages/airflow/example_dags/example_branch_labels.py for tasks to queue
[2023-08-23T00:40:01.108+0000] {logging_mixin.py:150} INFO - [2023-08-23T00:40:01.108+0000] {dagbag.py:541} INFO - Filling up the DagBag from /home/airflow/.local/lib/python3.7/site-packages/airflow/example_dags/example_branch_labels.py
[2023-08-23T00:40:01.115+0000] {processor.py:836} INFO - DAG(s) dict_keys(['example_branch_labels']) retrieved from /home/airflow/.local/lib/python3.7/site-packages/airflow/example_dags/example_branch_labels.py
[2023-08-23T00:40:01.139+0000] {logging_mixin.py:150} INFO - [2023-08-23T00:40:01.139+0000] {dag.py:2742} INFO - Sync 1 DAGs
[2023-08-23T00:40:01.164+0000] {logging_mixin.py:150} INFO - [2023-08-23T00:40:01.164+0000] {dag.py:3508} INFO - Setting next_dagrun for example_branch_labels to 2023-08-22T00:00:00+00:00, run_after=2023-08-23T00:00:00+00:00
[2023-08-23T00:40:01.201+0000] {processor.py:179} INFO - Processing /home/airflow/.local/lib/python3.7/site-packages/airflow/example_dags/example_branch_labels.py took 0.098 seconds
[2023-08-23T00:40:31.746+0000] {processor.py:157} INFO - Started process (PID=2926) to work on /home/airflow/.local/lib/python3.7/site-packages/airflow/example_dags/example_branch_labels.py
[2023-08-23T00:40:31.747+0000] {processor.py:826} INFO - Processing file /home/airflow/.local/lib/python3.7/site-packages/airflow/example_dags/example_branch_labels.py for tasks to queue
[2023-08-23T00:40:31.748+0000] {logging_mixin.py:150} INFO - [2023-08-23T00:40:31.748+0000] {dagbag.py:541} INFO - Filling up the DagBag from /home/airflow/.local/lib/python3.7/site-packages/airflow/example_dags/example_branch_labels.py
[2023-08-23T00:40:31.755+0000] {processor.py:836} INFO - DAG(s) dict_keys(['example_branch_labels']) retrieved from /home/airflow/.local/lib/python3.7/site-packages/airflow/example_dags/example_branch_labels.py
[2023-08-23T00:40:31.780+0000] {logging_mixin.py:150} INFO - [2023-08-23T00:40:31.780+0000] {dag.py:2742} INFO - Sync 1 DAGs
[2023-08-23T00:40:31.807+0000] {logging_mixin.py:150} INFO - [2023-08-23T00:40:31.806+0000] {dag.py:3508} INFO - Setting next_dagrun for example_branch_labels to 2023-08-22T00:00:00+00:00, run_after=2023-08-23T00:00:00+00:00
[2023-08-23T00:40:31.843+0000] {processor.py:179} INFO - Processing /home/airflow/.local/lib/python3.7/site-packages/airflow/example_dags/example_branch_labels.py took 0.100 seconds
[2023-08-23T00:41:02.167+0000] {processor.py:157} INFO - Started process (PID=3001) to work on /home/airflow/.local/lib/python3.7/site-packages/airflow/example_dags/example_branch_labels.py
[2023-08-23T00:41:02.168+0000] {processor.py:826} INFO - Processing file /home/airflow/.local/lib/python3.7/site-packages/airflow/example_dags/example_branch_labels.py for tasks to queue
[2023-08-23T00:41:02.170+0000] {logging_mixin.py:150} INFO - [2023-08-23T00:41:02.169+0000] {dagbag.py:541} INFO - Filling up the DagBag from /home/airflow/.local/lib/python3.7/site-packages/airflow/example_dags/example_branch_labels.py
[2023-08-23T00:41:02.176+0000] {processor.py:836} INFO - DAG(s) dict_keys(['example_branch_labels']) retrieved from /home/airflow/.local/lib/python3.7/site-packages/airflow/example_dags/example_branch_labels.py
[2023-08-23T00:41:02.202+0000] {logging_mixin.py:150} INFO - [2023-08-23T00:41:02.202+0000] {dag.py:2742} INFO - Sync 1 DAGs
[2023-08-23T00:41:02.226+0000] {logging_mixin.py:150} INFO - [2023-08-23T00:41:02.226+0000] {dag.py:3508} INFO - Setting next_dagrun for example_branch_labels to 2023-08-22T00:00:00+00:00, run_after=2023-08-23T00:00:00+00:00
[2023-08-23T00:41:02.267+0000] {processor.py:179} INFO - Processing /home/airflow/.local/lib/python3.7/site-packages/airflow/example_dags/example_branch_labels.py took 0.103 seconds
[2023-08-23T00:41:32.968+0000] {processor.py:157} INFO - Started process (PID=3077) to work on /home/airflow/.local/lib/python3.7/site-packages/airflow/example_dags/example_branch_labels.py
[2023-08-23T00:41:32.969+0000] {processor.py:826} INFO - Processing file /home/airflow/.local/lib/python3.7/site-packages/airflow/example_dags/example_branch_labels.py for tasks to queue
[2023-08-23T00:41:32.970+0000] {logging_mixin.py:150} INFO - [2023-08-23T00:41:32.970+0000] {dagbag.py:541} INFO - Filling up the DagBag from /home/airflow/.local/lib/python3.7/site-packages/airflow/example_dags/example_branch_labels.py
[2023-08-23T00:41:32.978+0000] {processor.py:836} INFO - DAG(s) dict_keys(['example_branch_labels']) retrieved from /home/airflow/.local/lib/python3.7/site-packages/airflow/example_dags/example_branch_labels.py
[2023-08-23T00:41:33.004+0000] {logging_mixin.py:150} INFO - [2023-08-23T00:41:33.004+0000] {dag.py:2742} INFO - Sync 1 DAGs
[2023-08-23T00:41:33.030+0000] {logging_mixin.py:150} INFO - [2023-08-23T00:41:33.030+0000] {dag.py:3508} INFO - Setting next_dagrun for example_branch_labels to 2023-08-22T00:00:00+00:00, run_after=2023-08-23T00:00:00+00:00
[2023-08-23T00:41:33.066+0000] {processor.py:179} INFO - Processing /home/airflow/.local/lib/python3.7/site-packages/airflow/example_dags/example_branch_labels.py took 0.100 seconds
[2023-08-23T00:42:03.498+0000] {processor.py:157} INFO - Started process (PID=3152) to work on /home/airflow/.local/lib/python3.7/site-packages/airflow/example_dags/example_branch_labels.py
[2023-08-23T00:42:03.499+0000] {processor.py:826} INFO - Processing file /home/airflow/.local/lib/python3.7/site-packages/airflow/example_dags/example_branch_labels.py for tasks to queue
[2023-08-23T00:42:03.500+0000] {logging_mixin.py:150} INFO - [2023-08-23T00:42:03.500+0000] {dagbag.py:541} INFO - Filling up the DagBag from /home/airflow/.local/lib/python3.7/site-packages/airflow/example_dags/example_branch_labels.py
[2023-08-23T00:42:03.506+0000] {processor.py:836} INFO - DAG(s) dict_keys(['example_branch_labels']) retrieved from /home/airflow/.local/lib/python3.7/site-packages/airflow/example_dags/example_branch_labels.py
[2023-08-23T00:42:03.532+0000] {logging_mixin.py:150} INFO - [2023-08-23T00:42:03.532+0000] {dag.py:2742} INFO - Sync 1 DAGs
[2023-08-23T00:42:03.557+0000] {logging_mixin.py:150} INFO - [2023-08-23T00:42:03.556+0000] {dag.py:3508} INFO - Setting next_dagrun for example_branch_labels to 2023-08-22T00:00:00+00:00, run_after=2023-08-23T00:00:00+00:00
[2023-08-23T00:42:03.596+0000] {processor.py:179} INFO - Processing /home/airflow/.local/lib/python3.7/site-packages/airflow/example_dags/example_branch_labels.py took 0.101 seconds
[2023-08-23T00:42:34.189+0000] {processor.py:157} INFO - Started process (PID=3227) to work on /home/airflow/.local/lib/python3.7/site-packages/airflow/example_dags/example_branch_labels.py
[2023-08-23T00:42:34.190+0000] {processor.py:826} INFO - Processing file /home/airflow/.local/lib/python3.7/site-packages/airflow/example_dags/example_branch_labels.py for tasks to queue
[2023-08-23T00:42:34.191+0000] {logging_mixin.py:150} INFO - [2023-08-23T00:42:34.191+0000] {dagbag.py:541} INFO - Filling up the DagBag from /home/airflow/.local/lib/python3.7/site-packages/airflow/example_dags/example_branch_labels.py
[2023-08-23T00:42:34.200+0000] {processor.py:836} INFO - DAG(s) dict_keys(['example_branch_labels']) retrieved from /home/airflow/.local/lib/python3.7/site-packages/airflow/example_dags/example_branch_labels.py
[2023-08-23T00:42:34.228+0000] {logging_mixin.py:150} INFO - [2023-08-23T00:42:34.228+0000] {dag.py:2742} INFO - Sync 1 DAGs
[2023-08-23T00:42:34.261+0000] {logging_mixin.py:150} INFO - [2023-08-23T00:42:34.261+0000] {dag.py:3508} INFO - Setting next_dagrun for example_branch_labels to 2023-08-22T00:00:00+00:00, run_after=2023-08-23T00:00:00+00:00
[2023-08-23T00:42:34.300+0000] {processor.py:179} INFO - Processing /home/airflow/.local/lib/python3.7/site-packages/airflow/example_dags/example_branch_labels.py took 0.114 seconds
[2023-08-23T00:43:04.786+0000] {processor.py:157} INFO - Started process (PID=3302) to work on /home/airflow/.local/lib/python3.7/site-packages/airflow/example_dags/example_branch_labels.py
[2023-08-23T00:43:04.787+0000] {processor.py:826} INFO - Processing file /home/airflow/.local/lib/python3.7/site-packages/airflow/example_dags/example_branch_labels.py for tasks to queue
[2023-08-23T00:43:04.788+0000] {logging_mixin.py:150} INFO - [2023-08-23T00:43:04.788+0000] {dagbag.py:541} INFO - Filling up the DagBag from /home/airflow/.local/lib/python3.7/site-packages/airflow/example_dags/example_branch_labels.py
[2023-08-23T00:43:04.796+0000] {processor.py:836} INFO - DAG(s) dict_keys(['example_branch_labels']) retrieved from /home/airflow/.local/lib/python3.7/site-packages/airflow/example_dags/example_branch_labels.py
[2023-08-23T00:43:04.823+0000] {logging_mixin.py:150} INFO - [2023-08-23T00:43:04.823+0000] {dag.py:2742} INFO - Sync 1 DAGs
[2023-08-23T00:43:04.853+0000] {logging_mixin.py:150} INFO - [2023-08-23T00:43:04.853+0000] {dag.py:3508} INFO - Setting next_dagrun for example_branch_labels to 2023-08-22T00:00:00+00:00, run_after=2023-08-23T00:00:00+00:00
[2023-08-23T00:43:04.905+0000] {processor.py:179} INFO - Processing /home/airflow/.local/lib/python3.7/site-packages/airflow/example_dags/example_branch_labels.py took 0.123 seconds
[2023-08-23T00:43:35.126+0000] {processor.py:157} INFO - Started process (PID=3377) to work on /home/airflow/.local/lib/python3.7/site-packages/airflow/example_dags/example_branch_labels.py
[2023-08-23T00:43:35.127+0000] {processor.py:826} INFO - Processing file /home/airflow/.local/lib/python3.7/site-packages/airflow/example_dags/example_branch_labels.py for tasks to queue
[2023-08-23T00:43:35.128+0000] {logging_mixin.py:150} INFO - [2023-08-23T00:43:35.127+0000] {dagbag.py:541} INFO - Filling up the DagBag from /home/airflow/.local/lib/python3.7/site-packages/airflow/example_dags/example_branch_labels.py
[2023-08-23T00:43:35.134+0000] {processor.py:836} INFO - DAG(s) dict_keys(['example_branch_labels']) retrieved from /home/airflow/.local/lib/python3.7/site-packages/airflow/example_dags/example_branch_labels.py
[2023-08-23T00:43:35.163+0000] {logging_mixin.py:150} INFO - [2023-08-23T00:43:35.163+0000] {dag.py:2742} INFO - Sync 1 DAGs
[2023-08-23T00:43:35.189+0000] {logging_mixin.py:150} INFO - [2023-08-23T00:43:35.189+0000] {dag.py:3508} INFO - Setting next_dagrun for example_branch_labels to 2023-08-22T00:00:00+00:00, run_after=2023-08-23T00:00:00+00:00
[2023-08-23T00:43:35.226+0000] {processor.py:179} INFO - Processing /home/airflow/.local/lib/python3.7/site-packages/airflow/example_dags/example_branch_labels.py took 0.102 seconds
[2023-08-23T00:44:06.392+0000] {processor.py:157} INFO - Started process (PID=3452) to work on /home/airflow/.local/lib/python3.7/site-packages/airflow/example_dags/example_branch_labels.py
[2023-08-23T00:44:06.393+0000] {processor.py:826} INFO - Processing file /home/airflow/.local/lib/python3.7/site-packages/airflow/example_dags/example_branch_labels.py for tasks to queue
[2023-08-23T00:44:06.394+0000] {logging_mixin.py:150} INFO - [2023-08-23T00:44:06.393+0000] {dagbag.py:541} INFO - Filling up the DagBag from /home/airflow/.local/lib/python3.7/site-packages/airflow/example_dags/example_branch_labels.py
[2023-08-23T00:44:06.400+0000] {processor.py:836} INFO - DAG(s) dict_keys(['example_branch_labels']) retrieved from /home/airflow/.local/lib/python3.7/site-packages/airflow/example_dags/example_branch_labels.py
[2023-08-23T00:44:06.422+0000] {logging_mixin.py:150} INFO - [2023-08-23T00:44:06.422+0000] {dag.py:2742} INFO - Sync 1 DAGs
[2023-08-23T00:44:06.450+0000] {logging_mixin.py:150} INFO - [2023-08-23T00:44:06.449+0000] {dag.py:3508} INFO - Setting next_dagrun for example_branch_labels to 2023-08-22T00:00:00+00:00, run_after=2023-08-23T00:00:00+00:00
[2023-08-23T00:44:06.482+0000] {processor.py:179} INFO - Processing /home/airflow/.local/lib/python3.7/site-packages/airflow/example_dags/example_branch_labels.py took 0.093 seconds
[2023-08-23T00:44:36.951+0000] {processor.py:157} INFO - Started process (PID=3527) to work on /home/airflow/.local/lib/python3.7/site-packages/airflow/example_dags/example_branch_labels.py
[2023-08-23T00:44:36.952+0000] {processor.py:826} INFO - Processing file /home/airflow/.local/lib/python3.7/site-packages/airflow/example_dags/example_branch_labels.py for tasks to queue
[2023-08-23T00:44:36.953+0000] {logging_mixin.py:150} INFO - [2023-08-23T00:44:36.953+0000] {dagbag.py:541} INFO - Filling up the DagBag from /home/airflow/.local/lib/python3.7/site-packages/airflow/example_dags/example_branch_labels.py
[2023-08-23T00:44:36.960+0000] {processor.py:836} INFO - DAG(s) dict_keys(['example_branch_labels']) retrieved from /home/airflow/.local/lib/python3.7/site-packages/airflow/example_dags/example_branch_labels.py
[2023-08-23T00:44:36.982+0000] {logging_mixin.py:150} INFO - [2023-08-23T00:44:36.981+0000] {dag.py:2742} INFO - Sync 1 DAGs
[2023-08-23T00:44:37.008+0000] {logging_mixin.py:150} INFO - [2023-08-23T00:44:37.008+0000] {dag.py:3508} INFO - Setting next_dagrun for example_branch_labels to 2023-08-22T00:00:00+00:00, run_after=2023-08-23T00:00:00+00:00
[2023-08-23T00:44:37.043+0000] {processor.py:179} INFO - Processing /home/airflow/.local/lib/python3.7/site-packages/airflow/example_dags/example_branch_labels.py took 0.094 seconds
[2023-08-23T00:45:07.841+0000] {processor.py:157} INFO - Started process (PID=3602) to work on /home/airflow/.local/lib/python3.7/site-packages/airflow/example_dags/example_branch_labels.py
[2023-08-23T00:45:07.843+0000] {processor.py:826} INFO - Processing file /home/airflow/.local/lib/python3.7/site-packages/airflow/example_dags/example_branch_labels.py for tasks to queue
[2023-08-23T00:45:07.845+0000] {logging_mixin.py:150} INFO - [2023-08-23T00:45:07.844+0000] {dagbag.py:541} INFO - Filling up the DagBag from /home/airflow/.local/lib/python3.7/site-packages/airflow/example_dags/example_branch_labels.py
[2023-08-23T00:45:07.856+0000] {processor.py:836} INFO - DAG(s) dict_keys(['example_branch_labels']) retrieved from /home/airflow/.local/lib/python3.7/site-packages/airflow/example_dags/example_branch_labels.py
[2023-08-23T00:45:07.882+0000] {logging_mixin.py:150} INFO - [2023-08-23T00:45:07.882+0000] {dag.py:2742} INFO - Sync 1 DAGs
[2023-08-23T00:45:07.908+0000] {logging_mixin.py:150} INFO - [2023-08-23T00:45:07.908+0000] {dag.py:3508} INFO - Setting next_dagrun for example_branch_labels to 2023-08-22T00:00:00+00:00, run_after=2023-08-23T00:00:00+00:00
[2023-08-23T00:45:07.943+0000] {processor.py:179} INFO - Processing /home/airflow/.local/lib/python3.7/site-packages/airflow/example_dags/example_branch_labels.py took 0.105 seconds
[2023-08-23T00:45:38.716+0000] {processor.py:157} INFO - Started process (PID=3677) to work on /home/airflow/.local/lib/python3.7/site-packages/airflow/example_dags/example_branch_labels.py
[2023-08-23T00:45:38.717+0000] {processor.py:826} INFO - Processing file /home/airflow/.local/lib/python3.7/site-packages/airflow/example_dags/example_branch_labels.py for tasks to queue
[2023-08-23T00:45:38.718+0000] {logging_mixin.py:150} INFO - [2023-08-23T00:45:38.717+0000] {dagbag.py:541} INFO - Filling up the DagBag from /home/airflow/.local/lib/python3.7/site-packages/airflow/example_dags/example_branch_labels.py
[2023-08-23T00:45:38.724+0000] {processor.py:836} INFO - DAG(s) dict_keys(['example_branch_labels']) retrieved from /home/airflow/.local/lib/python3.7/site-packages/airflow/example_dags/example_branch_labels.py
[2023-08-23T00:45:38.750+0000] {logging_mixin.py:150} INFO - [2023-08-23T00:45:38.750+0000] {dag.py:2742} INFO - Sync 1 DAGs
[2023-08-23T00:45:38.779+0000] {logging_mixin.py:150} INFO - [2023-08-23T00:45:38.779+0000] {dag.py:3508} INFO - Setting next_dagrun for example_branch_labels to 2023-08-22T00:00:00+00:00, run_after=2023-08-23T00:00:00+00:00
[2023-08-23T00:45:38.815+0000] {processor.py:179} INFO - Processing /home/airflow/.local/lib/python3.7/site-packages/airflow/example_dags/example_branch_labels.py took 0.102 seconds
[2023-08-23T00:46:09.438+0000] {processor.py:157} INFO - Started process (PID=3752) to work on /home/airflow/.local/lib/python3.7/site-packages/airflow/example_dags/example_branch_labels.py
[2023-08-23T00:46:09.439+0000] {processor.py:826} INFO - Processing file /home/airflow/.local/lib/python3.7/site-packages/airflow/example_dags/example_branch_labels.py for tasks to queue
[2023-08-23T00:46:09.440+0000] {logging_mixin.py:150} INFO - [2023-08-23T00:46:09.440+0000] {dagbag.py:541} INFO - Filling up the DagBag from /home/airflow/.local/lib/python3.7/site-packages/airflow/example_dags/example_branch_labels.py
[2023-08-23T00:46:09.447+0000] {processor.py:836} INFO - DAG(s) dict_keys(['example_branch_labels']) retrieved from /home/airflow/.local/lib/python3.7/site-packages/airflow/example_dags/example_branch_labels.py
[2023-08-23T00:46:09.470+0000] {logging_mixin.py:150} INFO - [2023-08-23T00:46:09.470+0000] {dag.py:2742} INFO - Sync 1 DAGs
[2023-08-23T00:46:09.496+0000] {logging_mixin.py:150} INFO - [2023-08-23T00:46:09.496+0000] {dag.py:3508} INFO - Setting next_dagrun for example_branch_labels to 2023-08-22T00:00:00+00:00, run_after=2023-08-23T00:00:00+00:00
[2023-08-23T00:46:09.533+0000] {processor.py:179} INFO - Processing /home/airflow/.local/lib/python3.7/site-packages/airflow/example_dags/example_branch_labels.py took 0.097 seconds
[2023-08-23T00:46:39.921+0000] {processor.py:157} INFO - Started process (PID=3827) to work on /home/airflow/.local/lib/python3.7/site-packages/airflow/example_dags/example_branch_labels.py
[2023-08-23T00:46:39.922+0000] {processor.py:826} INFO - Processing file /home/airflow/.local/lib/python3.7/site-packages/airflow/example_dags/example_branch_labels.py for tasks to queue
[2023-08-23T00:46:39.923+0000] {logging_mixin.py:150} INFO - [2023-08-23T00:46:39.923+0000] {dagbag.py:541} INFO - Filling up the DagBag from /home/airflow/.local/lib/python3.7/site-packages/airflow/example_dags/example_branch_labels.py
[2023-08-23T00:46:39.931+0000] {processor.py:836} INFO - DAG(s) dict_keys(['example_branch_labels']) retrieved from /home/airflow/.local/lib/python3.7/site-packages/airflow/example_dags/example_branch_labels.py
[2023-08-23T00:46:39.953+0000] {logging_mixin.py:150} INFO - [2023-08-23T00:46:39.953+0000] {dag.py:2742} INFO - Sync 1 DAGs
[2023-08-23T00:46:39.979+0000] {logging_mixin.py:150} INFO - [2023-08-23T00:46:39.978+0000] {dag.py:3508} INFO - Setting next_dagrun for example_branch_labels to 2023-08-22T00:00:00+00:00, run_after=2023-08-23T00:00:00+00:00
[2023-08-23T00:46:40.034+0000] {processor.py:179} INFO - Processing /home/airflow/.local/lib/python3.7/site-packages/airflow/example_dags/example_branch_labels.py took 0.116 seconds
[2023-08-23T00:47:11.489+0000] {processor.py:157} INFO - Started process (PID=3909) to work on /home/airflow/.local/lib/python3.7/site-packages/airflow/example_dags/example_branch_labels.py
[2023-08-23T00:47:11.490+0000] {processor.py:826} INFO - Processing file /home/airflow/.local/lib/python3.7/site-packages/airflow/example_dags/example_branch_labels.py for tasks to queue
[2023-08-23T00:47:11.491+0000] {logging_mixin.py:150} INFO - [2023-08-23T00:47:11.491+0000] {dagbag.py:541} INFO - Filling up the DagBag from /home/airflow/.local/lib/python3.7/site-packages/airflow/example_dags/example_branch_labels.py
[2023-08-23T00:47:11.498+0000] {processor.py:836} INFO - DAG(s) dict_keys(['example_branch_labels']) retrieved from /home/airflow/.local/lib/python3.7/site-packages/airflow/example_dags/example_branch_labels.py
[2023-08-23T00:47:11.524+0000] {logging_mixin.py:150} INFO - [2023-08-23T00:47:11.524+0000] {dag.py:2742} INFO - Sync 1 DAGs
[2023-08-23T00:47:11.549+0000] {logging_mixin.py:150} INFO - [2023-08-23T00:47:11.549+0000] {dag.py:3508} INFO - Setting next_dagrun for example_branch_labels to 2023-08-22T00:00:00+00:00, run_after=2023-08-23T00:00:00+00:00
[2023-08-23T00:47:11.584+0000] {processor.py:179} INFO - Processing /home/airflow/.local/lib/python3.7/site-packages/airflow/example_dags/example_branch_labels.py took 0.097 seconds
[2023-08-23T00:47:42.105+0000] {processor.py:157} INFO - Started process (PID=3984) to work on /home/airflow/.local/lib/python3.7/site-packages/airflow/example_dags/example_branch_labels.py
[2023-08-23T00:47:42.106+0000] {processor.py:826} INFO - Processing file /home/airflow/.local/lib/python3.7/site-packages/airflow/example_dags/example_branch_labels.py for tasks to queue
[2023-08-23T00:47:42.107+0000] {logging_mixin.py:150} INFO - [2023-08-23T00:47:42.107+0000] {dagbag.py:541} INFO - Filling up the DagBag from /home/airflow/.local/lib/python3.7/site-packages/airflow/example_dags/example_branch_labels.py
[2023-08-23T00:47:42.114+0000] {processor.py:836} INFO - DAG(s) dict_keys(['example_branch_labels']) retrieved from /home/airflow/.local/lib/python3.7/site-packages/airflow/example_dags/example_branch_labels.py
[2023-08-23T00:47:42.138+0000] {logging_mixin.py:150} INFO - [2023-08-23T00:47:42.138+0000] {dag.py:2742} INFO - Sync 1 DAGs
[2023-08-23T00:47:42.164+0000] {logging_mixin.py:150} INFO - [2023-08-23T00:47:42.164+0000] {dag.py:3508} INFO - Setting next_dagrun for example_branch_labels to 2023-08-22T00:00:00+00:00, run_after=2023-08-23T00:00:00+00:00
[2023-08-23T00:47:42.200+0000] {processor.py:179} INFO - Processing /home/airflow/.local/lib/python3.7/site-packages/airflow/example_dags/example_branch_labels.py took 0.097 seconds
[2023-08-23T00:48:12.915+0000] {processor.py:157} INFO - Started process (PID=4059) to work on /home/airflow/.local/lib/python3.7/site-packages/airflow/example_dags/example_branch_labels.py
[2023-08-23T00:48:12.916+0000] {processor.py:826} INFO - Processing file /home/airflow/.local/lib/python3.7/site-packages/airflow/example_dags/example_branch_labels.py for tasks to queue
[2023-08-23T00:48:12.917+0000] {logging_mixin.py:150} INFO - [2023-08-23T00:48:12.917+0000] {dagbag.py:541} INFO - Filling up the DagBag from /home/airflow/.local/lib/python3.7/site-packages/airflow/example_dags/example_branch_labels.py
[2023-08-23T00:48:12.923+0000] {processor.py:836} INFO - DAG(s) dict_keys(['example_branch_labels']) retrieved from /home/airflow/.local/lib/python3.7/site-packages/airflow/example_dags/example_branch_labels.py
[2023-08-23T00:48:12.946+0000] {logging_mixin.py:150} INFO - [2023-08-23T00:48:12.946+0000] {dag.py:2742} INFO - Sync 1 DAGs
[2023-08-23T00:48:12.972+0000] {logging_mixin.py:150} INFO - [2023-08-23T00:48:12.971+0000] {dag.py:3508} INFO - Setting next_dagrun for example_branch_labels to 2023-08-22T00:00:00+00:00, run_after=2023-08-23T00:00:00+00:00
[2023-08-23T00:48:13.010+0000] {processor.py:179} INFO - Processing /home/airflow/.local/lib/python3.7/site-packages/airflow/example_dags/example_branch_labels.py took 0.097 seconds
[2023-08-23T00:48:43.781+0000] {processor.py:157} INFO - Started process (PID=4134) to work on /home/airflow/.local/lib/python3.7/site-packages/airflow/example_dags/example_branch_labels.py
[2023-08-23T00:48:43.782+0000] {processor.py:826} INFO - Processing file /home/airflow/.local/lib/python3.7/site-packages/airflow/example_dags/example_branch_labels.py for tasks to queue
[2023-08-23T00:48:43.783+0000] {logging_mixin.py:150} INFO - [2023-08-23T00:48:43.783+0000] {dagbag.py:541} INFO - Filling up the DagBag from /home/airflow/.local/lib/python3.7/site-packages/airflow/example_dags/example_branch_labels.py
[2023-08-23T00:48:43.790+0000] {processor.py:836} INFO - DAG(s) dict_keys(['example_branch_labels']) retrieved from /home/airflow/.local/lib/python3.7/site-packages/airflow/example_dags/example_branch_labels.py
[2023-08-23T00:48:43.815+0000] {logging_mixin.py:150} INFO - [2023-08-23T00:48:43.815+0000] {dag.py:2742} INFO - Sync 1 DAGs
[2023-08-23T00:48:43.841+0000] {logging_mixin.py:150} INFO - [2023-08-23T00:48:43.841+0000] {dag.py:3508} INFO - Setting next_dagrun for example_branch_labels to 2023-08-22T00:00:00+00:00, run_after=2023-08-23T00:00:00+00:00
[2023-08-23T00:48:43.879+0000] {processor.py:179} INFO - Processing /home/airflow/.local/lib/python3.7/site-packages/airflow/example_dags/example_branch_labels.py took 0.100 seconds
[2023-08-23T00:49:14.177+0000] {processor.py:157} INFO - Started process (PID=4209) to work on /home/airflow/.local/lib/python3.7/site-packages/airflow/example_dags/example_branch_labels.py
[2023-08-23T00:49:14.178+0000] {processor.py:826} INFO - Processing file /home/airflow/.local/lib/python3.7/site-packages/airflow/example_dags/example_branch_labels.py for tasks to queue
[2023-08-23T00:49:14.179+0000] {logging_mixin.py:150} INFO - [2023-08-23T00:49:14.179+0000] {dagbag.py:541} INFO - Filling up the DagBag from /home/airflow/.local/lib/python3.7/site-packages/airflow/example_dags/example_branch_labels.py
[2023-08-23T00:49:14.187+0000] {processor.py:836} INFO - DAG(s) dict_keys(['example_branch_labels']) retrieved from /home/airflow/.local/lib/python3.7/site-packages/airflow/example_dags/example_branch_labels.py
[2023-08-23T00:49:14.215+0000] {logging_mixin.py:150} INFO - [2023-08-23T00:49:14.215+0000] {dag.py:2742} INFO - Sync 1 DAGs
[2023-08-23T00:49:14.240+0000] {logging_mixin.py:150} INFO - [2023-08-23T00:49:14.240+0000] {dag.py:3508} INFO - Setting next_dagrun for example_branch_labels to 2023-08-22T00:00:00+00:00, run_after=2023-08-23T00:00:00+00:00
[2023-08-23T00:49:14.276+0000] {processor.py:179} INFO - Processing /home/airflow/.local/lib/python3.7/site-packages/airflow/example_dags/example_branch_labels.py took 0.102 seconds
[2023-08-23T00:49:44.584+0000] {processor.py:157} INFO - Started process (PID=4284) to work on /home/airflow/.local/lib/python3.7/site-packages/airflow/example_dags/example_branch_labels.py
[2023-08-23T00:49:44.585+0000] {processor.py:826} INFO - Processing file /home/airflow/.local/lib/python3.7/site-packages/airflow/example_dags/example_branch_labels.py for tasks to queue
[2023-08-23T00:49:44.585+0000] {logging_mixin.py:150} INFO - [2023-08-23T00:49:44.585+0000] {dagbag.py:541} INFO - Filling up the DagBag from /home/airflow/.local/lib/python3.7/site-packages/airflow/example_dags/example_branch_labels.py
[2023-08-23T00:49:44.593+0000] {processor.py:836} INFO - DAG(s) dict_keys(['example_branch_labels']) retrieved from /home/airflow/.local/lib/python3.7/site-packages/airflow/example_dags/example_branch_labels.py
[2023-08-23T00:49:44.618+0000] {logging_mixin.py:150} INFO - [2023-08-23T00:49:44.618+0000] {dag.py:2742} INFO - Sync 1 DAGs
[2023-08-23T00:49:44.644+0000] {logging_mixin.py:150} INFO - [2023-08-23T00:49:44.644+0000] {dag.py:3508} INFO - Setting next_dagrun for example_branch_labels to 2023-08-22T00:00:00+00:00, run_after=2023-08-23T00:00:00+00:00
[2023-08-23T00:49:44.692+0000] {processor.py:179} INFO - Processing /home/airflow/.local/lib/python3.7/site-packages/airflow/example_dags/example_branch_labels.py took 0.111 seconds
[2023-08-23T00:50:14.901+0000] {processor.py:157} INFO - Started process (PID=4359) to work on /home/airflow/.local/lib/python3.7/site-packages/airflow/example_dags/example_branch_labels.py
[2023-08-23T00:50:14.902+0000] {processor.py:826} INFO - Processing file /home/airflow/.local/lib/python3.7/site-packages/airflow/example_dags/example_branch_labels.py for tasks to queue
[2023-08-23T00:50:14.903+0000] {logging_mixin.py:150} INFO - [2023-08-23T00:50:14.903+0000] {dagbag.py:541} INFO - Filling up the DagBag from /home/airflow/.local/lib/python3.7/site-packages/airflow/example_dags/example_branch_labels.py
[2023-08-23T00:50:14.911+0000] {processor.py:836} INFO - DAG(s) dict_keys(['example_branch_labels']) retrieved from /home/airflow/.local/lib/python3.7/site-packages/airflow/example_dags/example_branch_labels.py
[2023-08-23T00:50:14.937+0000] {logging_mixin.py:150} INFO - [2023-08-23T00:50:14.937+0000] {dag.py:2742} INFO - Sync 1 DAGs
[2023-08-23T00:50:14.965+0000] {logging_mixin.py:150} INFO - [2023-08-23T00:50:14.965+0000] {dag.py:3508} INFO - Setting next_dagrun for example_branch_labels to 2023-08-22T00:00:00+00:00, run_after=2023-08-23T00:00:00+00:00
[2023-08-23T00:50:15.003+0000] {processor.py:179} INFO - Processing /home/airflow/.local/lib/python3.7/site-packages/airflow/example_dags/example_branch_labels.py took 0.104 seconds
[2023-08-23T00:50:45.772+0000] {processor.py:157} INFO - Started process (PID=4434) to work on /home/airflow/.local/lib/python3.7/site-packages/airflow/example_dags/example_branch_labels.py
[2023-08-23T00:50:45.773+0000] {processor.py:826} INFO - Processing file /home/airflow/.local/lib/python3.7/site-packages/airflow/example_dags/example_branch_labels.py for tasks to queue
[2023-08-23T00:50:45.775+0000] {logging_mixin.py:150} INFO - [2023-08-23T00:50:45.774+0000] {dagbag.py:541} INFO - Filling up the DagBag from /home/airflow/.local/lib/python3.7/site-packages/airflow/example_dags/example_branch_labels.py
[2023-08-23T00:50:45.782+0000] {processor.py:836} INFO - DAG(s) dict_keys(['example_branch_labels']) retrieved from /home/airflow/.local/lib/python3.7/site-packages/airflow/example_dags/example_branch_labels.py
[2023-08-23T00:50:45.806+0000] {logging_mixin.py:150} INFO - [2023-08-23T00:50:45.806+0000] {dag.py:2742} INFO - Sync 1 DAGs
[2023-08-23T00:50:45.834+0000] {logging_mixin.py:150} INFO - [2023-08-23T00:50:45.834+0000] {dag.py:3508} INFO - Setting next_dagrun for example_branch_labels to 2023-08-22T00:00:00+00:00, run_after=2023-08-23T00:00:00+00:00
[2023-08-23T00:50:45.869+0000] {processor.py:179} INFO - Processing /home/airflow/.local/lib/python3.7/site-packages/airflow/example_dags/example_branch_labels.py took 0.100 seconds
[2023-08-23T00:51:16.634+0000] {processor.py:157} INFO - Started process (PID=4509) to work on /home/airflow/.local/lib/python3.7/site-packages/airflow/example_dags/example_branch_labels.py
[2023-08-23T00:51:16.635+0000] {processor.py:826} INFO - Processing file /home/airflow/.local/lib/python3.7/site-packages/airflow/example_dags/example_branch_labels.py for tasks to queue
[2023-08-23T00:51:16.635+0000] {logging_mixin.py:150} INFO - [2023-08-23T00:51:16.635+0000] {dagbag.py:541} INFO - Filling up the DagBag from /home/airflow/.local/lib/python3.7/site-packages/airflow/example_dags/example_branch_labels.py
[2023-08-23T00:51:16.643+0000] {processor.py:836} INFO - DAG(s) dict_keys(['example_branch_labels']) retrieved from /home/airflow/.local/lib/python3.7/site-packages/airflow/example_dags/example_branch_labels.py
[2023-08-23T00:51:16.668+0000] {logging_mixin.py:150} INFO - [2023-08-23T00:51:16.667+0000] {dag.py:2742} INFO - Sync 1 DAGs
[2023-08-23T00:51:16.696+0000] {logging_mixin.py:150} INFO - [2023-08-23T00:51:16.696+0000] {dag.py:3508} INFO - Setting next_dagrun for example_branch_labels to 2023-08-22T00:00:00+00:00, run_after=2023-08-23T00:00:00+00:00
[2023-08-23T00:51:16.731+0000] {processor.py:179} INFO - Processing /home/airflow/.local/lib/python3.7/site-packages/airflow/example_dags/example_branch_labels.py took 0.100 seconds
[2023-08-23T00:51:47.693+0000] {processor.py:157} INFO - Started process (PID=4585) to work on /home/airflow/.local/lib/python3.7/site-packages/airflow/example_dags/example_branch_labels.py
[2023-08-23T00:51:47.694+0000] {processor.py:826} INFO - Processing file /home/airflow/.local/lib/python3.7/site-packages/airflow/example_dags/example_branch_labels.py for tasks to queue
[2023-08-23T00:51:47.696+0000] {logging_mixin.py:150} INFO - [2023-08-23T00:51:47.696+0000] {dagbag.py:541} INFO - Filling up the DagBag from /home/airflow/.local/lib/python3.7/site-packages/airflow/example_dags/example_branch_labels.py
[2023-08-23T00:51:47.702+0000] {processor.py:836} INFO - DAG(s) dict_keys(['example_branch_labels']) retrieved from /home/airflow/.local/lib/python3.7/site-packages/airflow/example_dags/example_branch_labels.py
[2023-08-23T00:51:47.729+0000] {logging_mixin.py:150} INFO - [2023-08-23T00:51:47.729+0000] {dag.py:2742} INFO - Sync 1 DAGs
[2023-08-23T00:51:47.761+0000] {logging_mixin.py:150} INFO - [2023-08-23T00:51:47.760+0000] {dag.py:3508} INFO - Setting next_dagrun for example_branch_labels to 2023-08-22T00:00:00+00:00, run_after=2023-08-23T00:00:00+00:00
[2023-08-23T00:51:47.795+0000] {processor.py:179} INFO - Processing /home/airflow/.local/lib/python3.7/site-packages/airflow/example_dags/example_branch_labels.py took 0.104 seconds
