[2023-08-23T00:21:10.354+0000] {processor.py:157} INFO - Started process (PID=65) to work on /home/airflow/.local/lib/python3.7/site-packages/airflow/example_dags/example_nested_branch_dag.py
[2023-08-23T00:21:10.356+0000] {processor.py:826} INFO - Processing file /home/airflow/.local/lib/python3.7/site-packages/airflow/example_dags/example_nested_branch_dag.py for tasks to queue
[2023-08-23T00:21:10.356+0000] {logging_mixin.py:150} INFO - [2023-08-23T00:21:10.356+0000] {dagbag.py:541} INFO - Filling up the DagBag from /home/airflow/.local/lib/python3.7/site-packages/airflow/example_dags/example_nested_branch_dag.py
[2023-08-23T00:21:10.367+0000] {processor.py:836} INFO - DAG(s) dict_keys(['example_nested_branch_dag']) retrieved from /home/airflow/.local/lib/python3.7/site-packages/airflow/example_dags/example_nested_branch_dag.py
[2023-08-23T00:21:10.379+0000] {logging_mixin.py:150} INFO - [2023-08-23T00:21:10.379+0000] {dag.py:2742} INFO - Sync 1 DAGs
[2023-08-23T00:21:10.493+0000] {logging_mixin.py:150} INFO - [2023-08-23T00:21:10.493+0000] {dag.py:3508} INFO - Setting next_dagrun for example_nested_branch_dag to 2023-08-22T00:00:00+00:00, run_after=2023-08-23T00:00:00+00:00
[2023-08-23T00:21:10.574+0000] {processor.py:179} INFO - Processing /home/airflow/.local/lib/python3.7/site-packages/airflow/example_dags/example_nested_branch_dag.py took 0.222 seconds
[2023-08-23T00:21:41.525+0000] {processor.py:157} INFO - Started process (PID=140) to work on /home/airflow/.local/lib/python3.7/site-packages/airflow/example_dags/example_nested_branch_dag.py
[2023-08-23T00:21:41.527+0000] {processor.py:826} INFO - Processing file /home/airflow/.local/lib/python3.7/site-packages/airflow/example_dags/example_nested_branch_dag.py for tasks to queue
[2023-08-23T00:21:41.528+0000] {logging_mixin.py:150} INFO - [2023-08-23T00:21:41.528+0000] {dagbag.py:541} INFO - Filling up the DagBag from /home/airflow/.local/lib/python3.7/site-packages/airflow/example_dags/example_nested_branch_dag.py
[2023-08-23T00:21:41.541+0000] {processor.py:836} INFO - DAG(s) dict_keys(['example_nested_branch_dag']) retrieved from /home/airflow/.local/lib/python3.7/site-packages/airflow/example_dags/example_nested_branch_dag.py
[2023-08-23T00:21:41.567+0000] {logging_mixin.py:150} INFO - [2023-08-23T00:21:41.567+0000] {dag.py:2742} INFO - Sync 1 DAGs
[2023-08-23T00:21:41.595+0000] {logging_mixin.py:150} INFO - [2023-08-23T00:21:41.595+0000] {dag.py:3508} INFO - Setting next_dagrun for example_nested_branch_dag to 2023-08-22T00:00:00+00:00, run_after=2023-08-23T00:00:00+00:00
[2023-08-23T00:21:41.633+0000] {processor.py:179} INFO - Processing /home/airflow/.local/lib/python3.7/site-packages/airflow/example_dags/example_nested_branch_dag.py took 0.113 seconds
[2023-08-23T00:22:11.905+0000] {processor.py:157} INFO - Started process (PID=215) to work on /home/airflow/.local/lib/python3.7/site-packages/airflow/example_dags/example_nested_branch_dag.py
[2023-08-23T00:22:11.906+0000] {processor.py:826} INFO - Processing file /home/airflow/.local/lib/python3.7/site-packages/airflow/example_dags/example_nested_branch_dag.py for tasks to queue
[2023-08-23T00:22:11.907+0000] {logging_mixin.py:150} INFO - [2023-08-23T00:22:11.907+0000] {dagbag.py:541} INFO - Filling up the DagBag from /home/airflow/.local/lib/python3.7/site-packages/airflow/example_dags/example_nested_branch_dag.py
[2023-08-23T00:22:11.916+0000] {processor.py:836} INFO - DAG(s) dict_keys(['example_nested_branch_dag']) retrieved from /home/airflow/.local/lib/python3.7/site-packages/airflow/example_dags/example_nested_branch_dag.py
[2023-08-23T00:22:11.939+0000] {logging_mixin.py:150} INFO - [2023-08-23T00:22:11.939+0000] {dag.py:2742} INFO - Sync 1 DAGs
[2023-08-23T00:22:11.966+0000] {logging_mixin.py:150} INFO - [2023-08-23T00:22:11.965+0000] {dag.py:3508} INFO - Setting next_dagrun for example_nested_branch_dag to 2023-08-22T00:00:00+00:00, run_after=2023-08-23T00:00:00+00:00
[2023-08-23T00:22:12.005+0000] {processor.py:179} INFO - Processing /home/airflow/.local/lib/python3.7/site-packages/airflow/example_dags/example_nested_branch_dag.py took 0.102 seconds
[2023-08-23T00:22:42.299+0000] {processor.py:157} INFO - Started process (PID=290) to work on /home/airflow/.local/lib/python3.7/site-packages/airflow/example_dags/example_nested_branch_dag.py
[2023-08-23T00:22:42.300+0000] {processor.py:826} INFO - Processing file /home/airflow/.local/lib/python3.7/site-packages/airflow/example_dags/example_nested_branch_dag.py for tasks to queue
[2023-08-23T00:22:42.302+0000] {logging_mixin.py:150} INFO - [2023-08-23T00:22:42.302+0000] {dagbag.py:541} INFO - Filling up the DagBag from /home/airflow/.local/lib/python3.7/site-packages/airflow/example_dags/example_nested_branch_dag.py
[2023-08-23T00:22:42.322+0000] {processor.py:836} INFO - DAG(s) dict_keys(['example_nested_branch_dag']) retrieved from /home/airflow/.local/lib/python3.7/site-packages/airflow/example_dags/example_nested_branch_dag.py
[2023-08-23T00:22:42.353+0000] {logging_mixin.py:150} INFO - [2023-08-23T00:22:42.353+0000] {dag.py:2742} INFO - Sync 1 DAGs
[2023-08-23T00:22:42.379+0000] {logging_mixin.py:150} INFO - [2023-08-23T00:22:42.379+0000] {dag.py:3508} INFO - Setting next_dagrun for example_nested_branch_dag to 2023-08-22T00:00:00+00:00, run_after=2023-08-23T00:00:00+00:00
[2023-08-23T00:22:42.418+0000] {processor.py:179} INFO - Processing /home/airflow/.local/lib/python3.7/site-packages/airflow/example_dags/example_nested_branch_dag.py took 0.124 seconds
[2023-08-23T00:23:13.076+0000] {processor.py:157} INFO - Started process (PID=365) to work on /home/airflow/.local/lib/python3.7/site-packages/airflow/example_dags/example_nested_branch_dag.py
[2023-08-23T00:23:13.077+0000] {processor.py:826} INFO - Processing file /home/airflow/.local/lib/python3.7/site-packages/airflow/example_dags/example_nested_branch_dag.py for tasks to queue
[2023-08-23T00:23:13.079+0000] {logging_mixin.py:150} INFO - [2023-08-23T00:23:13.078+0000] {dagbag.py:541} INFO - Filling up the DagBag from /home/airflow/.local/lib/python3.7/site-packages/airflow/example_dags/example_nested_branch_dag.py
[2023-08-23T00:23:13.091+0000] {processor.py:836} INFO - DAG(s) dict_keys(['example_nested_branch_dag']) retrieved from /home/airflow/.local/lib/python3.7/site-packages/airflow/example_dags/example_nested_branch_dag.py
[2023-08-23T00:23:13.116+0000] {logging_mixin.py:150} INFO - [2023-08-23T00:23:13.116+0000] {dag.py:2742} INFO - Sync 1 DAGs
[2023-08-23T00:23:13.144+0000] {logging_mixin.py:150} INFO - [2023-08-23T00:23:13.143+0000] {dag.py:3508} INFO - Setting next_dagrun for example_nested_branch_dag to 2023-08-22T00:00:00+00:00, run_after=2023-08-23T00:00:00+00:00
[2023-08-23T00:23:13.194+0000] {processor.py:179} INFO - Processing /home/airflow/.local/lib/python3.7/site-packages/airflow/example_dags/example_nested_branch_dag.py took 0.121 seconds
[2023-08-23T00:23:43.601+0000] {processor.py:157} INFO - Started process (PID=440) to work on /home/airflow/.local/lib/python3.7/site-packages/airflow/example_dags/example_nested_branch_dag.py
[2023-08-23T00:23:43.603+0000] {processor.py:826} INFO - Processing file /home/airflow/.local/lib/python3.7/site-packages/airflow/example_dags/example_nested_branch_dag.py for tasks to queue
[2023-08-23T00:23:43.604+0000] {logging_mixin.py:150} INFO - [2023-08-23T00:23:43.604+0000] {dagbag.py:541} INFO - Filling up the DagBag from /home/airflow/.local/lib/python3.7/site-packages/airflow/example_dags/example_nested_branch_dag.py
[2023-08-23T00:23:43.613+0000] {processor.py:836} INFO - DAG(s) dict_keys(['example_nested_branch_dag']) retrieved from /home/airflow/.local/lib/python3.7/site-packages/airflow/example_dags/example_nested_branch_dag.py
[2023-08-23T00:23:43.641+0000] {logging_mixin.py:150} INFO - [2023-08-23T00:23:43.641+0000] {dag.py:2742} INFO - Sync 1 DAGs
[2023-08-23T00:23:43.668+0000] {logging_mixin.py:150} INFO - [2023-08-23T00:23:43.668+0000] {dag.py:3508} INFO - Setting next_dagrun for example_nested_branch_dag to 2023-08-22T00:00:00+00:00, run_after=2023-08-23T00:00:00+00:00
[2023-08-23T00:23:43.705+0000] {processor.py:179} INFO - Processing /home/airflow/.local/lib/python3.7/site-packages/airflow/example_dags/example_nested_branch_dag.py took 0.106 seconds
[2023-08-23T00:24:14.006+0000] {processor.py:157} INFO - Started process (PID=515) to work on /home/airflow/.local/lib/python3.7/site-packages/airflow/example_dags/example_nested_branch_dag.py
[2023-08-23T00:24:14.007+0000] {processor.py:826} INFO - Processing file /home/airflow/.local/lib/python3.7/site-packages/airflow/example_dags/example_nested_branch_dag.py for tasks to queue
[2023-08-23T00:24:14.008+0000] {logging_mixin.py:150} INFO - [2023-08-23T00:24:14.008+0000] {dagbag.py:541} INFO - Filling up the DagBag from /home/airflow/.local/lib/python3.7/site-packages/airflow/example_dags/example_nested_branch_dag.py
[2023-08-23T00:24:14.018+0000] {processor.py:836} INFO - DAG(s) dict_keys(['example_nested_branch_dag']) retrieved from /home/airflow/.local/lib/python3.7/site-packages/airflow/example_dags/example_nested_branch_dag.py
[2023-08-23T00:24:14.041+0000] {logging_mixin.py:150} INFO - [2023-08-23T00:24:14.041+0000] {dag.py:2742} INFO - Sync 1 DAGs
[2023-08-23T00:24:14.068+0000] {logging_mixin.py:150} INFO - [2023-08-23T00:24:14.068+0000] {dag.py:3508} INFO - Setting next_dagrun for example_nested_branch_dag to 2023-08-22T00:00:00+00:00, run_after=2023-08-23T00:00:00+00:00
[2023-08-23T00:24:14.144+0000] {processor.py:179} INFO - Processing /home/airflow/.local/lib/python3.7/site-packages/airflow/example_dags/example_nested_branch_dag.py took 0.140 seconds
[2023-08-23T00:24:44.314+0000] {processor.py:157} INFO - Started process (PID=590) to work on /home/airflow/.local/lib/python3.7/site-packages/airflow/example_dags/example_nested_branch_dag.py
[2023-08-23T00:24:44.315+0000] {processor.py:826} INFO - Processing file /home/airflow/.local/lib/python3.7/site-packages/airflow/example_dags/example_nested_branch_dag.py for tasks to queue
[2023-08-23T00:24:44.316+0000] {logging_mixin.py:150} INFO - [2023-08-23T00:24:44.316+0000] {dagbag.py:541} INFO - Filling up the DagBag from /home/airflow/.local/lib/python3.7/site-packages/airflow/example_dags/example_nested_branch_dag.py
[2023-08-23T00:24:44.326+0000] {processor.py:836} INFO - DAG(s) dict_keys(['example_nested_branch_dag']) retrieved from /home/airflow/.local/lib/python3.7/site-packages/airflow/example_dags/example_nested_branch_dag.py
[2023-08-23T00:24:44.359+0000] {logging_mixin.py:150} INFO - [2023-08-23T00:24:44.359+0000] {dag.py:2742} INFO - Sync 1 DAGs
[2023-08-23T00:24:44.386+0000] {logging_mixin.py:150} INFO - [2023-08-23T00:24:44.386+0000] {dag.py:3508} INFO - Setting next_dagrun for example_nested_branch_dag to 2023-08-22T00:00:00+00:00, run_after=2023-08-23T00:00:00+00:00
[2023-08-23T00:24:44.424+0000] {processor.py:179} INFO - Processing /home/airflow/.local/lib/python3.7/site-packages/airflow/example_dags/example_nested_branch_dag.py took 0.113 seconds
[2023-08-23T00:25:14.529+0000] {processor.py:157} INFO - Started process (PID=665) to work on /home/airflow/.local/lib/python3.7/site-packages/airflow/example_dags/example_nested_branch_dag.py
[2023-08-23T00:25:14.529+0000] {processor.py:826} INFO - Processing file /home/airflow/.local/lib/python3.7/site-packages/airflow/example_dags/example_nested_branch_dag.py for tasks to queue
[2023-08-23T00:25:14.530+0000] {logging_mixin.py:150} INFO - [2023-08-23T00:25:14.530+0000] {dagbag.py:541} INFO - Filling up the DagBag from /home/airflow/.local/lib/python3.7/site-packages/airflow/example_dags/example_nested_branch_dag.py
[2023-08-23T00:25:14.539+0000] {processor.py:836} INFO - DAG(s) dict_keys(['example_nested_branch_dag']) retrieved from /home/airflow/.local/lib/python3.7/site-packages/airflow/example_dags/example_nested_branch_dag.py
[2023-08-23T00:25:14.563+0000] {logging_mixin.py:150} INFO - [2023-08-23T00:25:14.563+0000] {dag.py:2742} INFO - Sync 1 DAGs
[2023-08-23T00:25:14.591+0000] {logging_mixin.py:150} INFO - [2023-08-23T00:25:14.591+0000] {dag.py:3508} INFO - Setting next_dagrun for example_nested_branch_dag to 2023-08-22T00:00:00+00:00, run_after=2023-08-23T00:00:00+00:00
[2023-08-23T00:25:14.629+0000] {processor.py:179} INFO - Processing /home/airflow/.local/lib/python3.7/site-packages/airflow/example_dags/example_nested_branch_dag.py took 0.103 seconds
[2023-08-23T00:25:45.267+0000] {processor.py:157} INFO - Started process (PID=740) to work on /home/airflow/.local/lib/python3.7/site-packages/airflow/example_dags/example_nested_branch_dag.py
[2023-08-23T00:25:45.268+0000] {processor.py:826} INFO - Processing file /home/airflow/.local/lib/python3.7/site-packages/airflow/example_dags/example_nested_branch_dag.py for tasks to queue
[2023-08-23T00:25:45.269+0000] {logging_mixin.py:150} INFO - [2023-08-23T00:25:45.269+0000] {dagbag.py:541} INFO - Filling up the DagBag from /home/airflow/.local/lib/python3.7/site-packages/airflow/example_dags/example_nested_branch_dag.py
[2023-08-23T00:25:45.280+0000] {processor.py:836} INFO - DAG(s) dict_keys(['example_nested_branch_dag']) retrieved from /home/airflow/.local/lib/python3.7/site-packages/airflow/example_dags/example_nested_branch_dag.py
[2023-08-23T00:25:45.303+0000] {logging_mixin.py:150} INFO - [2023-08-23T00:25:45.303+0000] {dag.py:2742} INFO - Sync 1 DAGs
[2023-08-23T00:25:45.330+0000] {logging_mixin.py:150} INFO - [2023-08-23T00:25:45.329+0000] {dag.py:3508} INFO - Setting next_dagrun for example_nested_branch_dag to 2023-08-22T00:00:00+00:00, run_after=2023-08-23T00:00:00+00:00
[2023-08-23T00:25:45.365+0000] {processor.py:179} INFO - Processing /home/airflow/.local/lib/python3.7/site-packages/airflow/example_dags/example_nested_branch_dag.py took 0.101 seconds
[2023-08-23T00:26:15.995+0000] {processor.py:157} INFO - Started process (PID=815) to work on /home/airflow/.local/lib/python3.7/site-packages/airflow/example_dags/example_nested_branch_dag.py
[2023-08-23T00:26:15.996+0000] {processor.py:826} INFO - Processing file /home/airflow/.local/lib/python3.7/site-packages/airflow/example_dags/example_nested_branch_dag.py for tasks to queue
[2023-08-23T00:26:15.997+0000] {logging_mixin.py:150} INFO - [2023-08-23T00:26:15.997+0000] {dagbag.py:541} INFO - Filling up the DagBag from /home/airflow/.local/lib/python3.7/site-packages/airflow/example_dags/example_nested_branch_dag.py
[2023-08-23T00:26:16.009+0000] {processor.py:836} INFO - DAG(s) dict_keys(['example_nested_branch_dag']) retrieved from /home/airflow/.local/lib/python3.7/site-packages/airflow/example_dags/example_nested_branch_dag.py
[2023-08-23T00:26:16.032+0000] {logging_mixin.py:150} INFO - [2023-08-23T00:26:16.032+0000] {dag.py:2742} INFO - Sync 1 DAGs
[2023-08-23T00:26:16.057+0000] {logging_mixin.py:150} INFO - [2023-08-23T00:26:16.056+0000] {dag.py:3508} INFO - Setting next_dagrun for example_nested_branch_dag to 2023-08-22T00:00:00+00:00, run_after=2023-08-23T00:00:00+00:00
[2023-08-23T00:26:16.116+0000] {processor.py:179} INFO - Processing /home/airflow/.local/lib/python3.7/site-packages/airflow/example_dags/example_nested_branch_dag.py took 0.124 seconds
[2023-08-23T00:26:46.512+0000] {processor.py:157} INFO - Started process (PID=890) to work on /home/airflow/.local/lib/python3.7/site-packages/airflow/example_dags/example_nested_branch_dag.py
[2023-08-23T00:26:46.513+0000] {processor.py:826} INFO - Processing file /home/airflow/.local/lib/python3.7/site-packages/airflow/example_dags/example_nested_branch_dag.py for tasks to queue
[2023-08-23T00:26:46.514+0000] {logging_mixin.py:150} INFO - [2023-08-23T00:26:46.514+0000] {dagbag.py:541} INFO - Filling up the DagBag from /home/airflow/.local/lib/python3.7/site-packages/airflow/example_dags/example_nested_branch_dag.py
[2023-08-23T00:26:46.523+0000] {processor.py:836} INFO - DAG(s) dict_keys(['example_nested_branch_dag']) retrieved from /home/airflow/.local/lib/python3.7/site-packages/airflow/example_dags/example_nested_branch_dag.py
[2023-08-23T00:26:46.545+0000] {logging_mixin.py:150} INFO - [2023-08-23T00:26:46.545+0000] {dag.py:2742} INFO - Sync 1 DAGs
[2023-08-23T00:26:46.571+0000] {logging_mixin.py:150} INFO - [2023-08-23T00:26:46.570+0000] {dag.py:3508} INFO - Setting next_dagrun for example_nested_branch_dag to 2023-08-22T00:00:00+00:00, run_after=2023-08-23T00:00:00+00:00
[2023-08-23T00:26:46.606+0000] {processor.py:179} INFO - Processing /home/airflow/.local/lib/python3.7/site-packages/airflow/example_dags/example_nested_branch_dag.py took 0.096 seconds
[2023-08-23T00:27:17.285+0000] {processor.py:157} INFO - Started process (PID=965) to work on /home/airflow/.local/lib/python3.7/site-packages/airflow/example_dags/example_nested_branch_dag.py
[2023-08-23T00:27:17.286+0000] {processor.py:826} INFO - Processing file /home/airflow/.local/lib/python3.7/site-packages/airflow/example_dags/example_nested_branch_dag.py for tasks to queue
[2023-08-23T00:27:17.287+0000] {logging_mixin.py:150} INFO - [2023-08-23T00:27:17.287+0000] {dagbag.py:541} INFO - Filling up the DagBag from /home/airflow/.local/lib/python3.7/site-packages/airflow/example_dags/example_nested_branch_dag.py
[2023-08-23T00:27:17.295+0000] {processor.py:836} INFO - DAG(s) dict_keys(['example_nested_branch_dag']) retrieved from /home/airflow/.local/lib/python3.7/site-packages/airflow/example_dags/example_nested_branch_dag.py
[2023-08-23T00:27:17.319+0000] {logging_mixin.py:150} INFO - [2023-08-23T00:27:17.319+0000] {dag.py:2742} INFO - Sync 1 DAGs
[2023-08-23T00:27:17.346+0000] {logging_mixin.py:150} INFO - [2023-08-23T00:27:17.346+0000] {dag.py:3508} INFO - Setting next_dagrun for example_nested_branch_dag to 2023-08-22T00:00:00+00:00, run_after=2023-08-23T00:00:00+00:00
[2023-08-23T00:27:17.382+0000] {processor.py:179} INFO - Processing /home/airflow/.local/lib/python3.7/site-packages/airflow/example_dags/example_nested_branch_dag.py took 0.100 seconds
[2023-08-23T00:27:47.657+0000] {processor.py:157} INFO - Started process (PID=1040) to work on /home/airflow/.local/lib/python3.7/site-packages/airflow/example_dags/example_nested_branch_dag.py
[2023-08-23T00:27:47.658+0000] {processor.py:826} INFO - Processing file /home/airflow/.local/lib/python3.7/site-packages/airflow/example_dags/example_nested_branch_dag.py for tasks to queue
[2023-08-23T00:27:47.659+0000] {logging_mixin.py:150} INFO - [2023-08-23T00:27:47.659+0000] {dagbag.py:541} INFO - Filling up the DagBag from /home/airflow/.local/lib/python3.7/site-packages/airflow/example_dags/example_nested_branch_dag.py
[2023-08-23T00:27:47.668+0000] {processor.py:836} INFO - DAG(s) dict_keys(['example_nested_branch_dag']) retrieved from /home/airflow/.local/lib/python3.7/site-packages/airflow/example_dags/example_nested_branch_dag.py
[2023-08-23T00:27:47.690+0000] {logging_mixin.py:150} INFO - [2023-08-23T00:27:47.690+0000] {dag.py:2742} INFO - Sync 1 DAGs
[2023-08-23T00:27:47.717+0000] {logging_mixin.py:150} INFO - [2023-08-23T00:27:47.717+0000] {dag.py:3508} INFO - Setting next_dagrun for example_nested_branch_dag to 2023-08-22T00:00:00+00:00, run_after=2023-08-23T00:00:00+00:00
[2023-08-23T00:27:47.751+0000] {processor.py:179} INFO - Processing /home/airflow/.local/lib/python3.7/site-packages/airflow/example_dags/example_nested_branch_dag.py took 0.097 seconds
[2023-08-23T00:28:18.818+0000] {processor.py:157} INFO - Started process (PID=1116) to work on /home/airflow/.local/lib/python3.7/site-packages/airflow/example_dags/example_nested_branch_dag.py
[2023-08-23T00:28:18.819+0000] {processor.py:826} INFO - Processing file /home/airflow/.local/lib/python3.7/site-packages/airflow/example_dags/example_nested_branch_dag.py for tasks to queue
[2023-08-23T00:28:18.820+0000] {logging_mixin.py:150} INFO - [2023-08-23T00:28:18.819+0000] {dagbag.py:541} INFO - Filling up the DagBag from /home/airflow/.local/lib/python3.7/site-packages/airflow/example_dags/example_nested_branch_dag.py
[2023-08-23T00:28:18.828+0000] {processor.py:836} INFO - DAG(s) dict_keys(['example_nested_branch_dag']) retrieved from /home/airflow/.local/lib/python3.7/site-packages/airflow/example_dags/example_nested_branch_dag.py
[2023-08-23T00:28:18.851+0000] {logging_mixin.py:150} INFO - [2023-08-23T00:28:18.851+0000] {dag.py:2742} INFO - Sync 1 DAGs
[2023-08-23T00:28:18.876+0000] {logging_mixin.py:150} INFO - [2023-08-23T00:28:18.876+0000] {dag.py:3508} INFO - Setting next_dagrun for example_nested_branch_dag to 2023-08-22T00:00:00+00:00, run_after=2023-08-23T00:00:00+00:00
[2023-08-23T00:28:18.911+0000] {processor.py:179} INFO - Processing /home/airflow/.local/lib/python3.7/site-packages/airflow/example_dags/example_nested_branch_dag.py took 0.096 seconds
[2023-08-23T00:28:49.487+0000] {processor.py:157} INFO - Started process (PID=1191) to work on /home/airflow/.local/lib/python3.7/site-packages/airflow/example_dags/example_nested_branch_dag.py
[2023-08-23T00:28:49.488+0000] {processor.py:826} INFO - Processing file /home/airflow/.local/lib/python3.7/site-packages/airflow/example_dags/example_nested_branch_dag.py for tasks to queue
[2023-08-23T00:28:49.489+0000] {logging_mixin.py:150} INFO - [2023-08-23T00:28:49.488+0000] {dagbag.py:541} INFO - Filling up the DagBag from /home/airflow/.local/lib/python3.7/site-packages/airflow/example_dags/example_nested_branch_dag.py
[2023-08-23T00:28:49.498+0000] {processor.py:836} INFO - DAG(s) dict_keys(['example_nested_branch_dag']) retrieved from /home/airflow/.local/lib/python3.7/site-packages/airflow/example_dags/example_nested_branch_dag.py
[2023-08-23T00:28:49.521+0000] {logging_mixin.py:150} INFO - [2023-08-23T00:28:49.521+0000] {dag.py:2742} INFO - Sync 1 DAGs
[2023-08-23T00:28:49.546+0000] {logging_mixin.py:150} INFO - [2023-08-23T00:28:49.546+0000] {dag.py:3508} INFO - Setting next_dagrun for example_nested_branch_dag to 2023-08-22T00:00:00+00:00, run_after=2023-08-23T00:00:00+00:00
[2023-08-23T00:28:49.582+0000] {processor.py:179} INFO - Processing /home/airflow/.local/lib/python3.7/site-packages/airflow/example_dags/example_nested_branch_dag.py took 0.098 seconds
[2023-08-23T00:29:19.960+0000] {processor.py:157} INFO - Started process (PID=1266) to work on /home/airflow/.local/lib/python3.7/site-packages/airflow/example_dags/example_nested_branch_dag.py
[2023-08-23T00:29:19.961+0000] {processor.py:826} INFO - Processing file /home/airflow/.local/lib/python3.7/site-packages/airflow/example_dags/example_nested_branch_dag.py for tasks to queue
[2023-08-23T00:29:19.963+0000] {logging_mixin.py:150} INFO - [2023-08-23T00:29:19.962+0000] {dagbag.py:541} INFO - Filling up the DagBag from /home/airflow/.local/lib/python3.7/site-packages/airflow/example_dags/example_nested_branch_dag.py
[2023-08-23T00:29:19.973+0000] {processor.py:836} INFO - DAG(s) dict_keys(['example_nested_branch_dag']) retrieved from /home/airflow/.local/lib/python3.7/site-packages/airflow/example_dags/example_nested_branch_dag.py
[2023-08-23T00:29:19.997+0000] {logging_mixin.py:150} INFO - [2023-08-23T00:29:19.996+0000] {dag.py:2742} INFO - Sync 1 DAGs
[2023-08-23T00:29:20.022+0000] {logging_mixin.py:150} INFO - [2023-08-23T00:29:20.022+0000] {dag.py:3508} INFO - Setting next_dagrun for example_nested_branch_dag to 2023-08-22T00:00:00+00:00, run_after=2023-08-23T00:00:00+00:00
[2023-08-23T00:29:20.059+0000] {processor.py:179} INFO - Processing /home/airflow/.local/lib/python3.7/site-packages/airflow/example_dags/example_nested_branch_dag.py took 0.102 seconds
[2023-08-23T00:29:50.456+0000] {processor.py:157} INFO - Started process (PID=1341) to work on /home/airflow/.local/lib/python3.7/site-packages/airflow/example_dags/example_nested_branch_dag.py
[2023-08-23T00:29:50.458+0000] {processor.py:826} INFO - Processing file /home/airflow/.local/lib/python3.7/site-packages/airflow/example_dags/example_nested_branch_dag.py for tasks to queue
[2023-08-23T00:29:50.459+0000] {logging_mixin.py:150} INFO - [2023-08-23T00:29:50.459+0000] {dagbag.py:541} INFO - Filling up the DagBag from /home/airflow/.local/lib/python3.7/site-packages/airflow/example_dags/example_nested_branch_dag.py
[2023-08-23T00:29:50.468+0000] {processor.py:836} INFO - DAG(s) dict_keys(['example_nested_branch_dag']) retrieved from /home/airflow/.local/lib/python3.7/site-packages/airflow/example_dags/example_nested_branch_dag.py
[2023-08-23T00:29:50.491+0000] {logging_mixin.py:150} INFO - [2023-08-23T00:29:50.491+0000] {dag.py:2742} INFO - Sync 1 DAGs
[2023-08-23T00:29:50.516+0000] {logging_mixin.py:150} INFO - [2023-08-23T00:29:50.516+0000] {dag.py:3508} INFO - Setting next_dagrun for example_nested_branch_dag to 2023-08-22T00:00:00+00:00, run_after=2023-08-23T00:00:00+00:00
[2023-08-23T00:29:50.553+0000] {processor.py:179} INFO - Processing /home/airflow/.local/lib/python3.7/site-packages/airflow/example_dags/example_nested_branch_dag.py took 0.099 seconds
[2023-08-23T00:30:21.064+0000] {processor.py:157} INFO - Started process (PID=1416) to work on /home/airflow/.local/lib/python3.7/site-packages/airflow/example_dags/example_nested_branch_dag.py
[2023-08-23T00:30:21.065+0000] {processor.py:826} INFO - Processing file /home/airflow/.local/lib/python3.7/site-packages/airflow/example_dags/example_nested_branch_dag.py for tasks to queue
[2023-08-23T00:30:21.066+0000] {logging_mixin.py:150} INFO - [2023-08-23T00:30:21.066+0000] {dagbag.py:541} INFO - Filling up the DagBag from /home/airflow/.local/lib/python3.7/site-packages/airflow/example_dags/example_nested_branch_dag.py
[2023-08-23T00:30:21.076+0000] {processor.py:836} INFO - DAG(s) dict_keys(['example_nested_branch_dag']) retrieved from /home/airflow/.local/lib/python3.7/site-packages/airflow/example_dags/example_nested_branch_dag.py
[2023-08-23T00:30:21.100+0000] {logging_mixin.py:150} INFO - [2023-08-23T00:30:21.100+0000] {dag.py:2742} INFO - Sync 1 DAGs
[2023-08-23T00:30:21.127+0000] {logging_mixin.py:150} INFO - [2023-08-23T00:30:21.127+0000] {dag.py:3508} INFO - Setting next_dagrun for example_nested_branch_dag to 2023-08-22T00:00:00+00:00, run_after=2023-08-23T00:00:00+00:00
[2023-08-23T00:30:21.163+0000] {processor.py:179} INFO - Processing /home/airflow/.local/lib/python3.7/site-packages/airflow/example_dags/example_nested_branch_dag.py took 0.102 seconds
[2023-08-23T00:30:51.452+0000] {processor.py:157} INFO - Started process (PID=1491) to work on /home/airflow/.local/lib/python3.7/site-packages/airflow/example_dags/example_nested_branch_dag.py
[2023-08-23T00:30:51.453+0000] {processor.py:826} INFO - Processing file /home/airflow/.local/lib/python3.7/site-packages/airflow/example_dags/example_nested_branch_dag.py for tasks to queue
[2023-08-23T00:30:51.454+0000] {logging_mixin.py:150} INFO - [2023-08-23T00:30:51.454+0000] {dagbag.py:541} INFO - Filling up the DagBag from /home/airflow/.local/lib/python3.7/site-packages/airflow/example_dags/example_nested_branch_dag.py
[2023-08-23T00:30:51.463+0000] {processor.py:836} INFO - DAG(s) dict_keys(['example_nested_branch_dag']) retrieved from /home/airflow/.local/lib/python3.7/site-packages/airflow/example_dags/example_nested_branch_dag.py
[2023-08-23T00:30:51.487+0000] {logging_mixin.py:150} INFO - [2023-08-23T00:30:51.487+0000] {dag.py:2742} INFO - Sync 1 DAGs
[2023-08-23T00:30:51.513+0000] {logging_mixin.py:150} INFO - [2023-08-23T00:30:51.513+0000] {dag.py:3508} INFO - Setting next_dagrun for example_nested_branch_dag to 2023-08-22T00:00:00+00:00, run_after=2023-08-23T00:00:00+00:00
[2023-08-23T00:30:51.551+0000] {processor.py:179} INFO - Processing /home/airflow/.local/lib/python3.7/site-packages/airflow/example_dags/example_nested_branch_dag.py took 0.102 seconds
[2023-08-23T00:31:22.011+0000] {processor.py:157} INFO - Started process (PID=1566) to work on /home/airflow/.local/lib/python3.7/site-packages/airflow/example_dags/example_nested_branch_dag.py
[2023-08-23T00:31:22.012+0000] {processor.py:826} INFO - Processing file /home/airflow/.local/lib/python3.7/site-packages/airflow/example_dags/example_nested_branch_dag.py for tasks to queue
[2023-08-23T00:31:22.013+0000] {logging_mixin.py:150} INFO - [2023-08-23T00:31:22.013+0000] {dagbag.py:541} INFO - Filling up the DagBag from /home/airflow/.local/lib/python3.7/site-packages/airflow/example_dags/example_nested_branch_dag.py
[2023-08-23T00:31:22.022+0000] {processor.py:836} INFO - DAG(s) dict_keys(['example_nested_branch_dag']) retrieved from /home/airflow/.local/lib/python3.7/site-packages/airflow/example_dags/example_nested_branch_dag.py
[2023-08-23T00:31:22.046+0000] {logging_mixin.py:150} INFO - [2023-08-23T00:31:22.046+0000] {dag.py:2742} INFO - Sync 1 DAGs
[2023-08-23T00:31:22.070+0000] {logging_mixin.py:150} INFO - [2023-08-23T00:31:22.070+0000] {dag.py:3508} INFO - Setting next_dagrun for example_nested_branch_dag to 2023-08-22T00:00:00+00:00, run_after=2023-08-23T00:00:00+00:00
[2023-08-23T00:31:22.150+0000] {processor.py:179} INFO - Processing /home/airflow/.local/lib/python3.7/site-packages/airflow/example_dags/example_nested_branch_dag.py took 0.143 seconds
[2023-08-23T00:31:52.501+0000] {processor.py:157} INFO - Started process (PID=1641) to work on /home/airflow/.local/lib/python3.7/site-packages/airflow/example_dags/example_nested_branch_dag.py
[2023-08-23T00:31:52.502+0000] {processor.py:826} INFO - Processing file /home/airflow/.local/lib/python3.7/site-packages/airflow/example_dags/example_nested_branch_dag.py for tasks to queue
[2023-08-23T00:31:52.503+0000] {logging_mixin.py:150} INFO - [2023-08-23T00:31:52.503+0000] {dagbag.py:541} INFO - Filling up the DagBag from /home/airflow/.local/lib/python3.7/site-packages/airflow/example_dags/example_nested_branch_dag.py
[2023-08-23T00:31:52.512+0000] {processor.py:836} INFO - DAG(s) dict_keys(['example_nested_branch_dag']) retrieved from /home/airflow/.local/lib/python3.7/site-packages/airflow/example_dags/example_nested_branch_dag.py
[2023-08-23T00:31:52.534+0000] {logging_mixin.py:150} INFO - [2023-08-23T00:31:52.534+0000] {dag.py:2742} INFO - Sync 1 DAGs
[2023-08-23T00:31:52.558+0000] {logging_mixin.py:150} INFO - [2023-08-23T00:31:52.558+0000] {dag.py:3508} INFO - Setting next_dagrun for example_nested_branch_dag to 2023-08-22T00:00:00+00:00, run_after=2023-08-23T00:00:00+00:00
[2023-08-23T00:31:52.593+0000] {processor.py:179} INFO - Processing /home/airflow/.local/lib/python3.7/site-packages/airflow/example_dags/example_nested_branch_dag.py took 0.095 seconds
[2023-08-23T00:32:23.242+0000] {processor.py:157} INFO - Started process (PID=1716) to work on /home/airflow/.local/lib/python3.7/site-packages/airflow/example_dags/example_nested_branch_dag.py
[2023-08-23T00:32:23.244+0000] {processor.py:826} INFO - Processing file /home/airflow/.local/lib/python3.7/site-packages/airflow/example_dags/example_nested_branch_dag.py for tasks to queue
[2023-08-23T00:32:23.245+0000] {logging_mixin.py:150} INFO - [2023-08-23T00:32:23.245+0000] {dagbag.py:541} INFO - Filling up the DagBag from /home/airflow/.local/lib/python3.7/site-packages/airflow/example_dags/example_nested_branch_dag.py
[2023-08-23T00:32:23.254+0000] {processor.py:836} INFO - DAG(s) dict_keys(['example_nested_branch_dag']) retrieved from /home/airflow/.local/lib/python3.7/site-packages/airflow/example_dags/example_nested_branch_dag.py
[2023-08-23T00:32:23.276+0000] {logging_mixin.py:150} INFO - [2023-08-23T00:32:23.276+0000] {dag.py:2742} INFO - Sync 1 DAGs
[2023-08-23T00:32:23.307+0000] {logging_mixin.py:150} INFO - [2023-08-23T00:32:23.307+0000] {dag.py:3508} INFO - Setting next_dagrun for example_nested_branch_dag to 2023-08-22T00:00:00+00:00, run_after=2023-08-23T00:00:00+00:00
[2023-08-23T00:32:23.364+0000] {processor.py:179} INFO - Processing /home/airflow/.local/lib/python3.7/site-packages/airflow/example_dags/example_nested_branch_dag.py took 0.125 seconds
[2023-08-23T00:32:53.700+0000] {processor.py:157} INFO - Started process (PID=1791) to work on /home/airflow/.local/lib/python3.7/site-packages/airflow/example_dags/example_nested_branch_dag.py
[2023-08-23T00:32:53.701+0000] {processor.py:826} INFO - Processing file /home/airflow/.local/lib/python3.7/site-packages/airflow/example_dags/example_nested_branch_dag.py for tasks to queue
[2023-08-23T00:32:53.701+0000] {logging_mixin.py:150} INFO - [2023-08-23T00:32:53.701+0000] {dagbag.py:541} INFO - Filling up the DagBag from /home/airflow/.local/lib/python3.7/site-packages/airflow/example_dags/example_nested_branch_dag.py
[2023-08-23T00:32:53.712+0000] {processor.py:836} INFO - DAG(s) dict_keys(['example_nested_branch_dag']) retrieved from /home/airflow/.local/lib/python3.7/site-packages/airflow/example_dags/example_nested_branch_dag.py
[2023-08-23T00:32:53.737+0000] {logging_mixin.py:150} INFO - [2023-08-23T00:32:53.736+0000] {dag.py:2742} INFO - Sync 1 DAGs
[2023-08-23T00:32:53.764+0000] {logging_mixin.py:150} INFO - [2023-08-23T00:32:53.764+0000] {dag.py:3508} INFO - Setting next_dagrun for example_nested_branch_dag to 2023-08-22T00:00:00+00:00, run_after=2023-08-23T00:00:00+00:00
[2023-08-23T00:32:53.812+0000] {processor.py:179} INFO - Processing /home/airflow/.local/lib/python3.7/site-packages/airflow/example_dags/example_nested_branch_dag.py took 0.116 seconds
[2023-08-23T00:33:23.906+0000] {processor.py:157} INFO - Started process (PID=1866) to work on /home/airflow/.local/lib/python3.7/site-packages/airflow/example_dags/example_nested_branch_dag.py
[2023-08-23T00:33:23.907+0000] {processor.py:826} INFO - Processing file /home/airflow/.local/lib/python3.7/site-packages/airflow/example_dags/example_nested_branch_dag.py for tasks to queue
[2023-08-23T00:33:23.908+0000] {logging_mixin.py:150} INFO - [2023-08-23T00:33:23.908+0000] {dagbag.py:541} INFO - Filling up the DagBag from /home/airflow/.local/lib/python3.7/site-packages/airflow/example_dags/example_nested_branch_dag.py
[2023-08-23T00:33:23.917+0000] {processor.py:836} INFO - DAG(s) dict_keys(['example_nested_branch_dag']) retrieved from /home/airflow/.local/lib/python3.7/site-packages/airflow/example_dags/example_nested_branch_dag.py
[2023-08-23T00:33:23.939+0000] {logging_mixin.py:150} INFO - [2023-08-23T00:33:23.939+0000] {dag.py:2742} INFO - Sync 1 DAGs
[2023-08-23T00:33:23.963+0000] {logging_mixin.py:150} INFO - [2023-08-23T00:33:23.963+0000] {dag.py:3508} INFO - Setting next_dagrun for example_nested_branch_dag to 2023-08-22T00:00:00+00:00, run_after=2023-08-23T00:00:00+00:00
[2023-08-23T00:33:24.011+0000] {processor.py:179} INFO - Processing /home/airflow/.local/lib/python3.7/site-packages/airflow/example_dags/example_nested_branch_dag.py took 0.107 seconds
[2023-08-23T00:33:54.770+0000] {processor.py:157} INFO - Started process (PID=1941) to work on /home/airflow/.local/lib/python3.7/site-packages/airflow/example_dags/example_nested_branch_dag.py
[2023-08-23T00:33:54.771+0000] {processor.py:826} INFO - Processing file /home/airflow/.local/lib/python3.7/site-packages/airflow/example_dags/example_nested_branch_dag.py for tasks to queue
[2023-08-23T00:33:54.772+0000] {logging_mixin.py:150} INFO - [2023-08-23T00:33:54.772+0000] {dagbag.py:541} INFO - Filling up the DagBag from /home/airflow/.local/lib/python3.7/site-packages/airflow/example_dags/example_nested_branch_dag.py
[2023-08-23T00:33:54.781+0000] {processor.py:836} INFO - DAG(s) dict_keys(['example_nested_branch_dag']) retrieved from /home/airflow/.local/lib/python3.7/site-packages/airflow/example_dags/example_nested_branch_dag.py
[2023-08-23T00:33:54.807+0000] {logging_mixin.py:150} INFO - [2023-08-23T00:33:54.807+0000] {dag.py:2742} INFO - Sync 1 DAGs
[2023-08-23T00:33:54.837+0000] {logging_mixin.py:150} INFO - [2023-08-23T00:33:54.837+0000] {dag.py:3508} INFO - Setting next_dagrun for example_nested_branch_dag to 2023-08-22T00:00:00+00:00, run_after=2023-08-23T00:00:00+00:00
[2023-08-23T00:33:54.878+0000] {processor.py:179} INFO - Processing /home/airflow/.local/lib/python3.7/site-packages/airflow/example_dags/example_nested_branch_dag.py took 0.111 seconds
[2023-08-23T00:34:25.072+0000] {processor.py:157} INFO - Started process (PID=2016) to work on /home/airflow/.local/lib/python3.7/site-packages/airflow/example_dags/example_nested_branch_dag.py
[2023-08-23T00:34:25.073+0000] {processor.py:826} INFO - Processing file /home/airflow/.local/lib/python3.7/site-packages/airflow/example_dags/example_nested_branch_dag.py for tasks to queue
[2023-08-23T00:34:25.074+0000] {logging_mixin.py:150} INFO - [2023-08-23T00:34:25.074+0000] {dagbag.py:541} INFO - Filling up the DagBag from /home/airflow/.local/lib/python3.7/site-packages/airflow/example_dags/example_nested_branch_dag.py
[2023-08-23T00:34:25.083+0000] {processor.py:836} INFO - DAG(s) dict_keys(['example_nested_branch_dag']) retrieved from /home/airflow/.local/lib/python3.7/site-packages/airflow/example_dags/example_nested_branch_dag.py
[2023-08-23T00:34:25.106+0000] {logging_mixin.py:150} INFO - [2023-08-23T00:34:25.106+0000] {dag.py:2742} INFO - Sync 1 DAGs
[2023-08-23T00:34:25.132+0000] {logging_mixin.py:150} INFO - [2023-08-23T00:34:25.132+0000] {dag.py:3508} INFO - Setting next_dagrun for example_nested_branch_dag to 2023-08-22T00:00:00+00:00, run_after=2023-08-23T00:00:00+00:00
[2023-08-23T00:34:25.168+0000] {processor.py:179} INFO - Processing /home/airflow/.local/lib/python3.7/site-packages/airflow/example_dags/example_nested_branch_dag.py took 0.098 seconds
[2023-08-23T00:34:55.542+0000] {processor.py:157} INFO - Started process (PID=2091) to work on /home/airflow/.local/lib/python3.7/site-packages/airflow/example_dags/example_nested_branch_dag.py
[2023-08-23T00:34:55.543+0000] {processor.py:826} INFO - Processing file /home/airflow/.local/lib/python3.7/site-packages/airflow/example_dags/example_nested_branch_dag.py for tasks to queue
[2023-08-23T00:34:55.544+0000] {logging_mixin.py:150} INFO - [2023-08-23T00:34:55.544+0000] {dagbag.py:541} INFO - Filling up the DagBag from /home/airflow/.local/lib/python3.7/site-packages/airflow/example_dags/example_nested_branch_dag.py
[2023-08-23T00:34:55.553+0000] {processor.py:836} INFO - DAG(s) dict_keys(['example_nested_branch_dag']) retrieved from /home/airflow/.local/lib/python3.7/site-packages/airflow/example_dags/example_nested_branch_dag.py
[2023-08-23T00:34:55.576+0000] {logging_mixin.py:150} INFO - [2023-08-23T00:34:55.576+0000] {dag.py:2742} INFO - Sync 1 DAGs
[2023-08-23T00:34:55.601+0000] {logging_mixin.py:150} INFO - [2023-08-23T00:34:55.601+0000] {dag.py:3508} INFO - Setting next_dagrun for example_nested_branch_dag to 2023-08-22T00:00:00+00:00, run_after=2023-08-23T00:00:00+00:00
[2023-08-23T00:34:55.640+0000] {processor.py:179} INFO - Processing /home/airflow/.local/lib/python3.7/site-packages/airflow/example_dags/example_nested_branch_dag.py took 0.101 seconds
[2023-08-23T00:35:26.248+0000] {processor.py:157} INFO - Started process (PID=2166) to work on /home/airflow/.local/lib/python3.7/site-packages/airflow/example_dags/example_nested_branch_dag.py
[2023-08-23T00:35:26.249+0000] {processor.py:826} INFO - Processing file /home/airflow/.local/lib/python3.7/site-packages/airflow/example_dags/example_nested_branch_dag.py for tasks to queue
[2023-08-23T00:35:26.250+0000] {logging_mixin.py:150} INFO - [2023-08-23T00:35:26.250+0000] {dagbag.py:541} INFO - Filling up the DagBag from /home/airflow/.local/lib/python3.7/site-packages/airflow/example_dags/example_nested_branch_dag.py
[2023-08-23T00:35:26.261+0000] {processor.py:836} INFO - DAG(s) dict_keys(['example_nested_branch_dag']) retrieved from /home/airflow/.local/lib/python3.7/site-packages/airflow/example_dags/example_nested_branch_dag.py
[2023-08-23T00:35:26.285+0000] {logging_mixin.py:150} INFO - [2023-08-23T00:35:26.285+0000] {dag.py:2742} INFO - Sync 1 DAGs
[2023-08-23T00:35:26.313+0000] {logging_mixin.py:150} INFO - [2023-08-23T00:35:26.313+0000] {dag.py:3508} INFO - Setting next_dagrun for example_nested_branch_dag to 2023-08-22T00:00:00+00:00, run_after=2023-08-23T00:00:00+00:00
[2023-08-23T00:35:26.351+0000] {processor.py:179} INFO - Processing /home/airflow/.local/lib/python3.7/site-packages/airflow/example_dags/example_nested_branch_dag.py took 0.106 seconds
[2023-08-23T00:35:56.676+0000] {processor.py:157} INFO - Started process (PID=2241) to work on /home/airflow/.local/lib/python3.7/site-packages/airflow/example_dags/example_nested_branch_dag.py
[2023-08-23T00:35:56.677+0000] {processor.py:826} INFO - Processing file /home/airflow/.local/lib/python3.7/site-packages/airflow/example_dags/example_nested_branch_dag.py for tasks to queue
[2023-08-23T00:35:56.678+0000] {logging_mixin.py:150} INFO - [2023-08-23T00:35:56.677+0000] {dagbag.py:541} INFO - Filling up the DagBag from /home/airflow/.local/lib/python3.7/site-packages/airflow/example_dags/example_nested_branch_dag.py
[2023-08-23T00:35:56.686+0000] {processor.py:836} INFO - DAG(s) dict_keys(['example_nested_branch_dag']) retrieved from /home/airflow/.local/lib/python3.7/site-packages/airflow/example_dags/example_nested_branch_dag.py
[2023-08-23T00:35:56.710+0000] {logging_mixin.py:150} INFO - [2023-08-23T00:35:56.709+0000] {dag.py:2742} INFO - Sync 1 DAGs
[2023-08-23T00:35:56.735+0000] {logging_mixin.py:150} INFO - [2023-08-23T00:35:56.734+0000] {dag.py:3508} INFO - Setting next_dagrun for example_nested_branch_dag to 2023-08-22T00:00:00+00:00, run_after=2023-08-23T00:00:00+00:00
[2023-08-23T00:35:56.771+0000] {processor.py:179} INFO - Processing /home/airflow/.local/lib/python3.7/site-packages/airflow/example_dags/example_nested_branch_dag.py took 0.098 seconds
[2023-08-23T00:36:27.384+0000] {processor.py:157} INFO - Started process (PID=2316) to work on /home/airflow/.local/lib/python3.7/site-packages/airflow/example_dags/example_nested_branch_dag.py
[2023-08-23T00:36:27.386+0000] {processor.py:826} INFO - Processing file /home/airflow/.local/lib/python3.7/site-packages/airflow/example_dags/example_nested_branch_dag.py for tasks to queue
[2023-08-23T00:36:27.387+0000] {logging_mixin.py:150} INFO - [2023-08-23T00:36:27.387+0000] {dagbag.py:541} INFO - Filling up the DagBag from /home/airflow/.local/lib/python3.7/site-packages/airflow/example_dags/example_nested_branch_dag.py
[2023-08-23T00:36:27.398+0000] {processor.py:836} INFO - DAG(s) dict_keys(['example_nested_branch_dag']) retrieved from /home/airflow/.local/lib/python3.7/site-packages/airflow/example_dags/example_nested_branch_dag.py
[2023-08-23T00:36:27.426+0000] {logging_mixin.py:150} INFO - [2023-08-23T00:36:27.426+0000] {dag.py:2742} INFO - Sync 1 DAGs
[2023-08-23T00:36:27.458+0000] {logging_mixin.py:150} INFO - [2023-08-23T00:36:27.458+0000] {dag.py:3508} INFO - Setting next_dagrun for example_nested_branch_dag to 2023-08-22T00:00:00+00:00, run_after=2023-08-23T00:00:00+00:00
[2023-08-23T00:36:27.500+0000] {processor.py:179} INFO - Processing /home/airflow/.local/lib/python3.7/site-packages/airflow/example_dags/example_nested_branch_dag.py took 0.119 seconds
[2023-08-23T00:36:57.636+0000] {processor.py:157} INFO - Started process (PID=2391) to work on /home/airflow/.local/lib/python3.7/site-packages/airflow/example_dags/example_nested_branch_dag.py
[2023-08-23T00:36:57.637+0000] {processor.py:826} INFO - Processing file /home/airflow/.local/lib/python3.7/site-packages/airflow/example_dags/example_nested_branch_dag.py for tasks to queue
[2023-08-23T00:36:57.638+0000] {logging_mixin.py:150} INFO - [2023-08-23T00:36:57.638+0000] {dagbag.py:541} INFO - Filling up the DagBag from /home/airflow/.local/lib/python3.7/site-packages/airflow/example_dags/example_nested_branch_dag.py
[2023-08-23T00:36:57.649+0000] {processor.py:836} INFO - DAG(s) dict_keys(['example_nested_branch_dag']) retrieved from /home/airflow/.local/lib/python3.7/site-packages/airflow/example_dags/example_nested_branch_dag.py
[2023-08-23T00:36:57.671+0000] {logging_mixin.py:150} INFO - [2023-08-23T00:36:57.671+0000] {dag.py:2742} INFO - Sync 1 DAGs
[2023-08-23T00:36:57.695+0000] {logging_mixin.py:150} INFO - [2023-08-23T00:36:57.695+0000] {dag.py:3508} INFO - Setting next_dagrun for example_nested_branch_dag to 2023-08-22T00:00:00+00:00, run_after=2023-08-23T00:00:00+00:00
[2023-08-23T00:36:57.729+0000] {processor.py:179} INFO - Processing /home/airflow/.local/lib/python3.7/site-packages/airflow/example_dags/example_nested_branch_dag.py took 0.096 seconds
[2023-08-23T00:37:27.984+0000] {processor.py:157} INFO - Started process (PID=2466) to work on /home/airflow/.local/lib/python3.7/site-packages/airflow/example_dags/example_nested_branch_dag.py
[2023-08-23T00:37:27.985+0000] {processor.py:826} INFO - Processing file /home/airflow/.local/lib/python3.7/site-packages/airflow/example_dags/example_nested_branch_dag.py for tasks to queue
[2023-08-23T00:37:27.986+0000] {logging_mixin.py:150} INFO - [2023-08-23T00:37:27.986+0000] {dagbag.py:541} INFO - Filling up the DagBag from /home/airflow/.local/lib/python3.7/site-packages/airflow/example_dags/example_nested_branch_dag.py
[2023-08-23T00:37:27.995+0000] {processor.py:836} INFO - DAG(s) dict_keys(['example_nested_branch_dag']) retrieved from /home/airflow/.local/lib/python3.7/site-packages/airflow/example_dags/example_nested_branch_dag.py
[2023-08-23T00:37:28.018+0000] {logging_mixin.py:150} INFO - [2023-08-23T00:37:28.018+0000] {dag.py:2742} INFO - Sync 1 DAGs
[2023-08-23T00:37:28.045+0000] {logging_mixin.py:150} INFO - [2023-08-23T00:37:28.045+0000] {dag.py:3508} INFO - Setting next_dagrun for example_nested_branch_dag to 2023-08-22T00:00:00+00:00, run_after=2023-08-23T00:00:00+00:00
[2023-08-23T00:37:28.084+0000] {processor.py:179} INFO - Processing /home/airflow/.local/lib/python3.7/site-packages/airflow/example_dags/example_nested_branch_dag.py took 0.103 seconds
[2023-08-23T00:37:58.433+0000] {processor.py:157} INFO - Started process (PID=2541) to work on /home/airflow/.local/lib/python3.7/site-packages/airflow/example_dags/example_nested_branch_dag.py
[2023-08-23T00:37:58.434+0000] {processor.py:826} INFO - Processing file /home/airflow/.local/lib/python3.7/site-packages/airflow/example_dags/example_nested_branch_dag.py for tasks to queue
[2023-08-23T00:37:58.435+0000] {logging_mixin.py:150} INFO - [2023-08-23T00:37:58.435+0000] {dagbag.py:541} INFO - Filling up the DagBag from /home/airflow/.local/lib/python3.7/site-packages/airflow/example_dags/example_nested_branch_dag.py
[2023-08-23T00:37:58.444+0000] {processor.py:836} INFO - DAG(s) dict_keys(['example_nested_branch_dag']) retrieved from /home/airflow/.local/lib/python3.7/site-packages/airflow/example_dags/example_nested_branch_dag.py
[2023-08-23T00:37:58.465+0000] {logging_mixin.py:150} INFO - [2023-08-23T00:37:58.465+0000] {dag.py:2742} INFO - Sync 1 DAGs
[2023-08-23T00:37:58.496+0000] {logging_mixin.py:150} INFO - [2023-08-23T00:37:58.496+0000] {dag.py:3508} INFO - Setting next_dagrun for example_nested_branch_dag to 2023-08-22T00:00:00+00:00, run_after=2023-08-23T00:00:00+00:00
[2023-08-23T00:37:58.557+0000] {processor.py:179} INFO - Processing /home/airflow/.local/lib/python3.7/site-packages/airflow/example_dags/example_nested_branch_dag.py took 0.126 seconds
[2023-08-23T00:38:28.820+0000] {processor.py:157} INFO - Started process (PID=2616) to work on /home/airflow/.local/lib/python3.7/site-packages/airflow/example_dags/example_nested_branch_dag.py
[2023-08-23T00:38:28.821+0000] {processor.py:826} INFO - Processing file /home/airflow/.local/lib/python3.7/site-packages/airflow/example_dags/example_nested_branch_dag.py for tasks to queue
[2023-08-23T00:38:28.822+0000] {logging_mixin.py:150} INFO - [2023-08-23T00:38:28.821+0000] {dagbag.py:541} INFO - Filling up the DagBag from /home/airflow/.local/lib/python3.7/site-packages/airflow/example_dags/example_nested_branch_dag.py
[2023-08-23T00:38:28.830+0000] {processor.py:836} INFO - DAG(s) dict_keys(['example_nested_branch_dag']) retrieved from /home/airflow/.local/lib/python3.7/site-packages/airflow/example_dags/example_nested_branch_dag.py
[2023-08-23T00:38:28.852+0000] {logging_mixin.py:150} INFO - [2023-08-23T00:38:28.852+0000] {dag.py:2742} INFO - Sync 1 DAGs
[2023-08-23T00:38:28.878+0000] {logging_mixin.py:150} INFO - [2023-08-23T00:38:28.878+0000] {dag.py:3508} INFO - Setting next_dagrun for example_nested_branch_dag to 2023-08-22T00:00:00+00:00, run_after=2023-08-23T00:00:00+00:00
[2023-08-23T00:38:28.915+0000] {processor.py:179} INFO - Processing /home/airflow/.local/lib/python3.7/site-packages/airflow/example_dags/example_nested_branch_dag.py took 0.098 seconds
[2023-08-23T00:38:59.292+0000] {processor.py:157} INFO - Started process (PID=2691) to work on /home/airflow/.local/lib/python3.7/site-packages/airflow/example_dags/example_nested_branch_dag.py
[2023-08-23T00:38:59.293+0000] {processor.py:826} INFO - Processing file /home/airflow/.local/lib/python3.7/site-packages/airflow/example_dags/example_nested_branch_dag.py for tasks to queue
[2023-08-23T00:38:59.294+0000] {logging_mixin.py:150} INFO - [2023-08-23T00:38:59.294+0000] {dagbag.py:541} INFO - Filling up the DagBag from /home/airflow/.local/lib/python3.7/site-packages/airflow/example_dags/example_nested_branch_dag.py
[2023-08-23T00:38:59.304+0000] {processor.py:836} INFO - DAG(s) dict_keys(['example_nested_branch_dag']) retrieved from /home/airflow/.local/lib/python3.7/site-packages/airflow/example_dags/example_nested_branch_dag.py
[2023-08-23T00:38:59.328+0000] {logging_mixin.py:150} INFO - [2023-08-23T00:38:59.328+0000] {dag.py:2742} INFO - Sync 1 DAGs
[2023-08-23T00:38:59.353+0000] {logging_mixin.py:150} INFO - [2023-08-23T00:38:59.352+0000] {dag.py:3508} INFO - Setting next_dagrun for example_nested_branch_dag to 2023-08-22T00:00:00+00:00, run_after=2023-08-23T00:00:00+00:00
[2023-08-23T00:38:59.388+0000] {processor.py:179} INFO - Processing /home/airflow/.local/lib/python3.7/site-packages/airflow/example_dags/example_nested_branch_dag.py took 0.100 seconds
[2023-08-23T00:39:29.835+0000] {processor.py:157} INFO - Started process (PID=2766) to work on /home/airflow/.local/lib/python3.7/site-packages/airflow/example_dags/example_nested_branch_dag.py
[2023-08-23T00:39:29.836+0000] {processor.py:826} INFO - Processing file /home/airflow/.local/lib/python3.7/site-packages/airflow/example_dags/example_nested_branch_dag.py for tasks to queue
[2023-08-23T00:39:29.837+0000] {logging_mixin.py:150} INFO - [2023-08-23T00:39:29.837+0000] {dagbag.py:541} INFO - Filling up the DagBag from /home/airflow/.local/lib/python3.7/site-packages/airflow/example_dags/example_nested_branch_dag.py
[2023-08-23T00:39:29.846+0000] {processor.py:836} INFO - DAG(s) dict_keys(['example_nested_branch_dag']) retrieved from /home/airflow/.local/lib/python3.7/site-packages/airflow/example_dags/example_nested_branch_dag.py
[2023-08-23T00:39:29.867+0000] {logging_mixin.py:150} INFO - [2023-08-23T00:39:29.867+0000] {dag.py:2742} INFO - Sync 1 DAGs
[2023-08-23T00:39:29.892+0000] {logging_mixin.py:150} INFO - [2023-08-23T00:39:29.892+0000] {dag.py:3508} INFO - Setting next_dagrun for example_nested_branch_dag to 2023-08-22T00:00:00+00:00, run_after=2023-08-23T00:00:00+00:00
[2023-08-23T00:39:29.926+0000] {processor.py:179} INFO - Processing /home/airflow/.local/lib/python3.7/site-packages/airflow/example_dags/example_nested_branch_dag.py took 0.094 seconds
[2023-08-23T00:40:00.466+0000] {processor.py:157} INFO - Started process (PID=2841) to work on /home/airflow/.local/lib/python3.7/site-packages/airflow/example_dags/example_nested_branch_dag.py
[2023-08-23T00:40:00.467+0000] {processor.py:826} INFO - Processing file /home/airflow/.local/lib/python3.7/site-packages/airflow/example_dags/example_nested_branch_dag.py for tasks to queue
[2023-08-23T00:40:00.468+0000] {logging_mixin.py:150} INFO - [2023-08-23T00:40:00.468+0000] {dagbag.py:541} INFO - Filling up the DagBag from /home/airflow/.local/lib/python3.7/site-packages/airflow/example_dags/example_nested_branch_dag.py
[2023-08-23T00:40:00.477+0000] {processor.py:836} INFO - DAG(s) dict_keys(['example_nested_branch_dag']) retrieved from /home/airflow/.local/lib/python3.7/site-packages/airflow/example_dags/example_nested_branch_dag.py
[2023-08-23T00:40:00.502+0000] {logging_mixin.py:150} INFO - [2023-08-23T00:40:00.502+0000] {dag.py:2742} INFO - Sync 1 DAGs
[2023-08-23T00:40:00.529+0000] {logging_mixin.py:150} INFO - [2023-08-23T00:40:00.528+0000] {dag.py:3508} INFO - Setting next_dagrun for example_nested_branch_dag to 2023-08-22T00:00:00+00:00, run_after=2023-08-23T00:00:00+00:00
[2023-08-23T00:40:00.565+0000] {processor.py:179} INFO - Processing /home/airflow/.local/lib/python3.7/site-packages/airflow/example_dags/example_nested_branch_dag.py took 0.101 seconds
[2023-08-23T00:40:31.158+0000] {processor.py:157} INFO - Started process (PID=2917) to work on /home/airflow/.local/lib/python3.7/site-packages/airflow/example_dags/example_nested_branch_dag.py
[2023-08-23T00:40:31.159+0000] {processor.py:826} INFO - Processing file /home/airflow/.local/lib/python3.7/site-packages/airflow/example_dags/example_nested_branch_dag.py for tasks to queue
[2023-08-23T00:40:31.160+0000] {logging_mixin.py:150} INFO - [2023-08-23T00:40:31.160+0000] {dagbag.py:541} INFO - Filling up the DagBag from /home/airflow/.local/lib/python3.7/site-packages/airflow/example_dags/example_nested_branch_dag.py
[2023-08-23T00:40:31.169+0000] {processor.py:836} INFO - DAG(s) dict_keys(['example_nested_branch_dag']) retrieved from /home/airflow/.local/lib/python3.7/site-packages/airflow/example_dags/example_nested_branch_dag.py
[2023-08-23T00:40:31.194+0000] {logging_mixin.py:150} INFO - [2023-08-23T00:40:31.194+0000] {dag.py:2742} INFO - Sync 1 DAGs
[2023-08-23T00:40:31.219+0000] {logging_mixin.py:150} INFO - [2023-08-23T00:40:31.219+0000] {dag.py:3508} INFO - Setting next_dagrun for example_nested_branch_dag to 2023-08-22T00:00:00+00:00, run_after=2023-08-23T00:00:00+00:00
[2023-08-23T00:40:31.257+0000] {processor.py:179} INFO - Processing /home/airflow/.local/lib/python3.7/site-packages/airflow/example_dags/example_nested_branch_dag.py took 0.101 seconds
[2023-08-23T00:41:01.548+0000] {processor.py:157} INFO - Started process (PID=2992) to work on /home/airflow/.local/lib/python3.7/site-packages/airflow/example_dags/example_nested_branch_dag.py
[2023-08-23T00:41:01.549+0000] {processor.py:826} INFO - Processing file /home/airflow/.local/lib/python3.7/site-packages/airflow/example_dags/example_nested_branch_dag.py for tasks to queue
[2023-08-23T00:41:01.550+0000] {logging_mixin.py:150} INFO - [2023-08-23T00:41:01.550+0000] {dagbag.py:541} INFO - Filling up the DagBag from /home/airflow/.local/lib/python3.7/site-packages/airflow/example_dags/example_nested_branch_dag.py
[2023-08-23T00:41:01.559+0000] {processor.py:836} INFO - DAG(s) dict_keys(['example_nested_branch_dag']) retrieved from /home/airflow/.local/lib/python3.7/site-packages/airflow/example_dags/example_nested_branch_dag.py
[2023-08-23T00:41:01.581+0000] {logging_mixin.py:150} INFO - [2023-08-23T00:41:01.581+0000] {dag.py:2742} INFO - Sync 1 DAGs
[2023-08-23T00:41:01.604+0000] {logging_mixin.py:150} INFO - [2023-08-23T00:41:01.604+0000] {dag.py:3508} INFO - Setting next_dagrun for example_nested_branch_dag to 2023-08-22T00:00:00+00:00, run_after=2023-08-23T00:00:00+00:00
[2023-08-23T00:41:01.639+0000] {processor.py:179} INFO - Processing /home/airflow/.local/lib/python3.7/site-packages/airflow/example_dags/example_nested_branch_dag.py took 0.094 seconds
[2023-08-23T00:41:32.380+0000] {processor.py:157} INFO - Started process (PID=3068) to work on /home/airflow/.local/lib/python3.7/site-packages/airflow/example_dags/example_nested_branch_dag.py
[2023-08-23T00:41:32.381+0000] {processor.py:826} INFO - Processing file /home/airflow/.local/lib/python3.7/site-packages/airflow/example_dags/example_nested_branch_dag.py for tasks to queue
[2023-08-23T00:41:32.382+0000] {logging_mixin.py:150} INFO - [2023-08-23T00:41:32.382+0000] {dagbag.py:541} INFO - Filling up the DagBag from /home/airflow/.local/lib/python3.7/site-packages/airflow/example_dags/example_nested_branch_dag.py
[2023-08-23T00:41:32.391+0000] {processor.py:836} INFO - DAG(s) dict_keys(['example_nested_branch_dag']) retrieved from /home/airflow/.local/lib/python3.7/site-packages/airflow/example_dags/example_nested_branch_dag.py
[2023-08-23T00:41:32.415+0000] {logging_mixin.py:150} INFO - [2023-08-23T00:41:32.415+0000] {dag.py:2742} INFO - Sync 1 DAGs
[2023-08-23T00:41:32.440+0000] {logging_mixin.py:150} INFO - [2023-08-23T00:41:32.440+0000] {dag.py:3508} INFO - Setting next_dagrun for example_nested_branch_dag to 2023-08-22T00:00:00+00:00, run_after=2023-08-23T00:00:00+00:00
[2023-08-23T00:41:32.478+0000] {processor.py:179} INFO - Processing /home/airflow/.local/lib/python3.7/site-packages/airflow/example_dags/example_nested_branch_dag.py took 0.100 seconds
[2023-08-23T00:42:02.885+0000] {processor.py:157} INFO - Started process (PID=3143) to work on /home/airflow/.local/lib/python3.7/site-packages/airflow/example_dags/example_nested_branch_dag.py
[2023-08-23T00:42:02.886+0000] {processor.py:826} INFO - Processing file /home/airflow/.local/lib/python3.7/site-packages/airflow/example_dags/example_nested_branch_dag.py for tasks to queue
[2023-08-23T00:42:02.887+0000] {logging_mixin.py:150} INFO - [2023-08-23T00:42:02.887+0000] {dagbag.py:541} INFO - Filling up the DagBag from /home/airflow/.local/lib/python3.7/site-packages/airflow/example_dags/example_nested_branch_dag.py
[2023-08-23T00:42:02.897+0000] {processor.py:836} INFO - DAG(s) dict_keys(['example_nested_branch_dag']) retrieved from /home/airflow/.local/lib/python3.7/site-packages/airflow/example_dags/example_nested_branch_dag.py
[2023-08-23T00:42:02.922+0000] {logging_mixin.py:150} INFO - [2023-08-23T00:42:02.922+0000] {dag.py:2742} INFO - Sync 1 DAGs
[2023-08-23T00:42:02.950+0000] {logging_mixin.py:150} INFO - [2023-08-23T00:42:02.950+0000] {dag.py:3508} INFO - Setting next_dagrun for example_nested_branch_dag to 2023-08-22T00:00:00+00:00, run_after=2023-08-23T00:00:00+00:00
[2023-08-23T00:42:02.987+0000] {processor.py:179} INFO - Processing /home/airflow/.local/lib/python3.7/site-packages/airflow/example_dags/example_nested_branch_dag.py took 0.104 seconds
[2023-08-23T00:42:33.477+0000] {processor.py:157} INFO - Started process (PID=3218) to work on /home/airflow/.local/lib/python3.7/site-packages/airflow/example_dags/example_nested_branch_dag.py
[2023-08-23T00:42:33.479+0000] {processor.py:826} INFO - Processing file /home/airflow/.local/lib/python3.7/site-packages/airflow/example_dags/example_nested_branch_dag.py for tasks to queue
[2023-08-23T00:42:33.480+0000] {logging_mixin.py:150} INFO - [2023-08-23T00:42:33.480+0000] {dagbag.py:541} INFO - Filling up the DagBag from /home/airflow/.local/lib/python3.7/site-packages/airflow/example_dags/example_nested_branch_dag.py
[2023-08-23T00:42:33.489+0000] {processor.py:836} INFO - DAG(s) dict_keys(['example_nested_branch_dag']) retrieved from /home/airflow/.local/lib/python3.7/site-packages/airflow/example_dags/example_nested_branch_dag.py
[2023-08-23T00:42:33.519+0000] {logging_mixin.py:150} INFO - [2023-08-23T00:42:33.519+0000] {dag.py:2742} INFO - Sync 1 DAGs
[2023-08-23T00:42:33.550+0000] {logging_mixin.py:150} INFO - [2023-08-23T00:42:33.550+0000] {dag.py:3508} INFO - Setting next_dagrun for example_nested_branch_dag to 2023-08-22T00:00:00+00:00, run_after=2023-08-23T00:00:00+00:00
[2023-08-23T00:42:33.591+0000] {processor.py:179} INFO - Processing /home/airflow/.local/lib/python3.7/site-packages/airflow/example_dags/example_nested_branch_dag.py took 0.117 seconds
[2023-08-23T00:43:04.061+0000] {processor.py:157} INFO - Started process (PID=3293) to work on /home/airflow/.local/lib/python3.7/site-packages/airflow/example_dags/example_nested_branch_dag.py
[2023-08-23T00:43:04.062+0000] {processor.py:826} INFO - Processing file /home/airflow/.local/lib/python3.7/site-packages/airflow/example_dags/example_nested_branch_dag.py for tasks to queue
[2023-08-23T00:43:04.063+0000] {logging_mixin.py:150} INFO - [2023-08-23T00:43:04.063+0000] {dagbag.py:541} INFO - Filling up the DagBag from /home/airflow/.local/lib/python3.7/site-packages/airflow/example_dags/example_nested_branch_dag.py
[2023-08-23T00:43:04.072+0000] {processor.py:836} INFO - DAG(s) dict_keys(['example_nested_branch_dag']) retrieved from /home/airflow/.local/lib/python3.7/site-packages/airflow/example_dags/example_nested_branch_dag.py
[2023-08-23T00:43:04.095+0000] {logging_mixin.py:150} INFO - [2023-08-23T00:43:04.095+0000] {dag.py:2742} INFO - Sync 1 DAGs
[2023-08-23T00:43:04.122+0000] {logging_mixin.py:150} INFO - [2023-08-23T00:43:04.122+0000] {dag.py:3508} INFO - Setting next_dagrun for example_nested_branch_dag to 2023-08-22T00:00:00+00:00, run_after=2023-08-23T00:00:00+00:00
[2023-08-23T00:43:04.159+0000] {processor.py:179} INFO - Processing /home/airflow/.local/lib/python3.7/site-packages/airflow/example_dags/example_nested_branch_dag.py took 0.101 seconds
[2023-08-23T00:43:34.477+0000] {processor.py:157} INFO - Started process (PID=3368) to work on /home/airflow/.local/lib/python3.7/site-packages/airflow/example_dags/example_nested_branch_dag.py
[2023-08-23T00:43:34.478+0000] {processor.py:826} INFO - Processing file /home/airflow/.local/lib/python3.7/site-packages/airflow/example_dags/example_nested_branch_dag.py for tasks to queue
[2023-08-23T00:43:34.479+0000] {logging_mixin.py:150} INFO - [2023-08-23T00:43:34.479+0000] {dagbag.py:541} INFO - Filling up the DagBag from /home/airflow/.local/lib/python3.7/site-packages/airflow/example_dags/example_nested_branch_dag.py
[2023-08-23T00:43:34.488+0000] {processor.py:836} INFO - DAG(s) dict_keys(['example_nested_branch_dag']) retrieved from /home/airflow/.local/lib/python3.7/site-packages/airflow/example_dags/example_nested_branch_dag.py
[2023-08-23T00:43:34.512+0000] {logging_mixin.py:150} INFO - [2023-08-23T00:43:34.512+0000] {dag.py:2742} INFO - Sync 1 DAGs
[2023-08-23T00:43:34.538+0000] {logging_mixin.py:150} INFO - [2023-08-23T00:43:34.538+0000] {dag.py:3508} INFO - Setting next_dagrun for example_nested_branch_dag to 2023-08-22T00:00:00+00:00, run_after=2023-08-23T00:00:00+00:00
[2023-08-23T00:43:34.613+0000] {processor.py:179} INFO - Processing /home/airflow/.local/lib/python3.7/site-packages/airflow/example_dags/example_nested_branch_dag.py took 0.139 seconds
[2023-08-23T00:44:05.803+0000] {processor.py:157} INFO - Started process (PID=3443) to work on /home/airflow/.local/lib/python3.7/site-packages/airflow/example_dags/example_nested_branch_dag.py
[2023-08-23T00:44:05.804+0000] {processor.py:826} INFO - Processing file /home/airflow/.local/lib/python3.7/site-packages/airflow/example_dags/example_nested_branch_dag.py for tasks to queue
[2023-08-23T00:44:05.804+0000] {logging_mixin.py:150} INFO - [2023-08-23T00:44:05.804+0000] {dagbag.py:541} INFO - Filling up the DagBag from /home/airflow/.local/lib/python3.7/site-packages/airflow/example_dags/example_nested_branch_dag.py
[2023-08-23T00:44:05.813+0000] {processor.py:836} INFO - DAG(s) dict_keys(['example_nested_branch_dag']) retrieved from /home/airflow/.local/lib/python3.7/site-packages/airflow/example_dags/example_nested_branch_dag.py
[2023-08-23T00:44:05.836+0000] {logging_mixin.py:150} INFO - [2023-08-23T00:44:05.835+0000] {dag.py:2742} INFO - Sync 1 DAGs
[2023-08-23T00:44:05.860+0000] {logging_mixin.py:150} INFO - [2023-08-23T00:44:05.860+0000] {dag.py:3508} INFO - Setting next_dagrun for example_nested_branch_dag to 2023-08-22T00:00:00+00:00, run_after=2023-08-23T00:00:00+00:00
[2023-08-23T00:44:05.896+0000] {processor.py:179} INFO - Processing /home/airflow/.local/lib/python3.7/site-packages/airflow/example_dags/example_nested_branch_dag.py took 0.096 seconds
[2023-08-23T00:44:36.353+0000] {processor.py:157} INFO - Started process (PID=3518) to work on /home/airflow/.local/lib/python3.7/site-packages/airflow/example_dags/example_nested_branch_dag.py
[2023-08-23T00:44:36.354+0000] {processor.py:826} INFO - Processing file /home/airflow/.local/lib/python3.7/site-packages/airflow/example_dags/example_nested_branch_dag.py for tasks to queue
[2023-08-23T00:44:36.355+0000] {logging_mixin.py:150} INFO - [2023-08-23T00:44:36.355+0000] {dagbag.py:541} INFO - Filling up the DagBag from /home/airflow/.local/lib/python3.7/site-packages/airflow/example_dags/example_nested_branch_dag.py
[2023-08-23T00:44:36.364+0000] {processor.py:836} INFO - DAG(s) dict_keys(['example_nested_branch_dag']) retrieved from /home/airflow/.local/lib/python3.7/site-packages/airflow/example_dags/example_nested_branch_dag.py
[2023-08-23T00:44:36.386+0000] {logging_mixin.py:150} INFO - [2023-08-23T00:44:36.385+0000] {dag.py:2742} INFO - Sync 1 DAGs
[2023-08-23T00:44:36.411+0000] {logging_mixin.py:150} INFO - [2023-08-23T00:44:36.411+0000] {dag.py:3508} INFO - Setting next_dagrun for example_nested_branch_dag to 2023-08-22T00:00:00+00:00, run_after=2023-08-23T00:00:00+00:00
[2023-08-23T00:44:36.465+0000] {processor.py:179} INFO - Processing /home/airflow/.local/lib/python3.7/site-packages/airflow/example_dags/example_nested_branch_dag.py took 0.114 seconds
[2023-08-23T00:45:07.199+0000] {processor.py:157} INFO - Started process (PID=3593) to work on /home/airflow/.local/lib/python3.7/site-packages/airflow/example_dags/example_nested_branch_dag.py
[2023-08-23T00:45:07.200+0000] {processor.py:826} INFO - Processing file /home/airflow/.local/lib/python3.7/site-packages/airflow/example_dags/example_nested_branch_dag.py for tasks to queue
[2023-08-23T00:45:07.201+0000] {logging_mixin.py:150} INFO - [2023-08-23T00:45:07.201+0000] {dagbag.py:541} INFO - Filling up the DagBag from /home/airflow/.local/lib/python3.7/site-packages/airflow/example_dags/example_nested_branch_dag.py
[2023-08-23T00:45:07.210+0000] {processor.py:836} INFO - DAG(s) dict_keys(['example_nested_branch_dag']) retrieved from /home/airflow/.local/lib/python3.7/site-packages/airflow/example_dags/example_nested_branch_dag.py
[2023-08-23T00:45:07.236+0000] {logging_mixin.py:150} INFO - [2023-08-23T00:45:07.236+0000] {dag.py:2742} INFO - Sync 1 DAGs
[2023-08-23T00:45:07.261+0000] {logging_mixin.py:150} INFO - [2023-08-23T00:45:07.261+0000] {dag.py:3508} INFO - Setting next_dagrun for example_nested_branch_dag to 2023-08-22T00:00:00+00:00, run_after=2023-08-23T00:00:00+00:00
[2023-08-23T00:45:07.295+0000] {processor.py:179} INFO - Processing /home/airflow/.local/lib/python3.7/site-packages/airflow/example_dags/example_nested_branch_dag.py took 0.099 seconds
[2023-08-23T00:45:38.146+0000] {processor.py:157} INFO - Started process (PID=3668) to work on /home/airflow/.local/lib/python3.7/site-packages/airflow/example_dags/example_nested_branch_dag.py
[2023-08-23T00:45:38.147+0000] {processor.py:826} INFO - Processing file /home/airflow/.local/lib/python3.7/site-packages/airflow/example_dags/example_nested_branch_dag.py for tasks to queue
[2023-08-23T00:45:38.148+0000] {logging_mixin.py:150} INFO - [2023-08-23T00:45:38.147+0000] {dagbag.py:541} INFO - Filling up the DagBag from /home/airflow/.local/lib/python3.7/site-packages/airflow/example_dags/example_nested_branch_dag.py
[2023-08-23T00:45:38.158+0000] {processor.py:836} INFO - DAG(s) dict_keys(['example_nested_branch_dag']) retrieved from /home/airflow/.local/lib/python3.7/site-packages/airflow/example_dags/example_nested_branch_dag.py
[2023-08-23T00:45:38.180+0000] {logging_mixin.py:150} INFO - [2023-08-23T00:45:38.180+0000] {dag.py:2742} INFO - Sync 1 DAGs
[2023-08-23T00:45:38.207+0000] {logging_mixin.py:150} INFO - [2023-08-23T00:45:38.207+0000] {dag.py:3508} INFO - Setting next_dagrun for example_nested_branch_dag to 2023-08-22T00:00:00+00:00, run_after=2023-08-23T00:00:00+00:00
[2023-08-23T00:45:38.243+0000] {processor.py:179} INFO - Processing /home/airflow/.local/lib/python3.7/site-packages/airflow/example_dags/example_nested_branch_dag.py took 0.100 seconds
[2023-08-23T00:46:08.875+0000] {processor.py:157} INFO - Started process (PID=3743) to work on /home/airflow/.local/lib/python3.7/site-packages/airflow/example_dags/example_nested_branch_dag.py
[2023-08-23T00:46:08.875+0000] {processor.py:826} INFO - Processing file /home/airflow/.local/lib/python3.7/site-packages/airflow/example_dags/example_nested_branch_dag.py for tasks to queue
[2023-08-23T00:46:08.876+0000] {logging_mixin.py:150} INFO - [2023-08-23T00:46:08.876+0000] {dagbag.py:541} INFO - Filling up the DagBag from /home/airflow/.local/lib/python3.7/site-packages/airflow/example_dags/example_nested_branch_dag.py
[2023-08-23T00:46:08.886+0000] {processor.py:836} INFO - DAG(s) dict_keys(['example_nested_branch_dag']) retrieved from /home/airflow/.local/lib/python3.7/site-packages/airflow/example_dags/example_nested_branch_dag.py
[2023-08-23T00:46:08.912+0000] {logging_mixin.py:150} INFO - [2023-08-23T00:46:08.912+0000] {dag.py:2742} INFO - Sync 1 DAGs
[2023-08-23T00:46:08.938+0000] {logging_mixin.py:150} INFO - [2023-08-23T00:46:08.937+0000] {dag.py:3508} INFO - Setting next_dagrun for example_nested_branch_dag to 2023-08-22T00:00:00+00:00, run_after=2023-08-23T00:00:00+00:00
[2023-08-23T00:46:08.975+0000] {processor.py:179} INFO - Processing /home/airflow/.local/lib/python3.7/site-packages/airflow/example_dags/example_nested_branch_dag.py took 0.104 seconds
[2023-08-23T00:46:39.280+0000] {processor.py:157} INFO - Started process (PID=3818) to work on /home/airflow/.local/lib/python3.7/site-packages/airflow/example_dags/example_nested_branch_dag.py
[2023-08-23T00:46:39.281+0000] {processor.py:826} INFO - Processing file /home/airflow/.local/lib/python3.7/site-packages/airflow/example_dags/example_nested_branch_dag.py for tasks to queue
[2023-08-23T00:46:39.282+0000] {logging_mixin.py:150} INFO - [2023-08-23T00:46:39.282+0000] {dagbag.py:541} INFO - Filling up the DagBag from /home/airflow/.local/lib/python3.7/site-packages/airflow/example_dags/example_nested_branch_dag.py
[2023-08-23T00:46:39.294+0000] {processor.py:836} INFO - DAG(s) dict_keys(['example_nested_branch_dag']) retrieved from /home/airflow/.local/lib/python3.7/site-packages/airflow/example_dags/example_nested_branch_dag.py
[2023-08-23T00:46:39.319+0000] {logging_mixin.py:150} INFO - [2023-08-23T00:46:39.318+0000] {dag.py:2742} INFO - Sync 1 DAGs
[2023-08-23T00:46:39.345+0000] {logging_mixin.py:150} INFO - [2023-08-23T00:46:39.345+0000] {dag.py:3508} INFO - Setting next_dagrun for example_nested_branch_dag to 2023-08-22T00:00:00+00:00, run_after=2023-08-23T00:00:00+00:00
[2023-08-23T00:46:39.381+0000] {processor.py:179} INFO - Processing /home/airflow/.local/lib/python3.7/site-packages/airflow/example_dags/example_nested_branch_dag.py took 0.104 seconds
[2023-08-23T00:47:10.775+0000] {processor.py:157} INFO - Started process (PID=3900) to work on /home/airflow/.local/lib/python3.7/site-packages/airflow/example_dags/example_nested_branch_dag.py
[2023-08-23T00:47:10.777+0000] {processor.py:826} INFO - Processing file /home/airflow/.local/lib/python3.7/site-packages/airflow/example_dags/example_nested_branch_dag.py for tasks to queue
[2023-08-23T00:47:10.778+0000] {logging_mixin.py:150} INFO - [2023-08-23T00:47:10.778+0000] {dagbag.py:541} INFO - Filling up the DagBag from /home/airflow/.local/lib/python3.7/site-packages/airflow/example_dags/example_nested_branch_dag.py
[2023-08-23T00:47:10.786+0000] {processor.py:836} INFO - DAG(s) dict_keys(['example_nested_branch_dag']) retrieved from /home/airflow/.local/lib/python3.7/site-packages/airflow/example_dags/example_nested_branch_dag.py
[2023-08-23T00:47:10.809+0000] {logging_mixin.py:150} INFO - [2023-08-23T00:47:10.809+0000] {dag.py:2742} INFO - Sync 1 DAGs
[2023-08-23T00:47:10.834+0000] {logging_mixin.py:150} INFO - [2023-08-23T00:47:10.834+0000] {dag.py:3508} INFO - Setting next_dagrun for example_nested_branch_dag to 2023-08-22T00:00:00+00:00, run_after=2023-08-23T00:00:00+00:00
[2023-08-23T00:47:10.885+0000] {processor.py:179} INFO - Processing /home/airflow/.local/lib/python3.7/site-packages/airflow/example_dags/example_nested_branch_dag.py took 0.112 seconds
[2023-08-23T00:47:41.493+0000] {processor.py:157} INFO - Started process (PID=3975) to work on /home/airflow/.local/lib/python3.7/site-packages/airflow/example_dags/example_nested_branch_dag.py
[2023-08-23T00:47:41.494+0000] {processor.py:826} INFO - Processing file /home/airflow/.local/lib/python3.7/site-packages/airflow/example_dags/example_nested_branch_dag.py for tasks to queue
[2023-08-23T00:47:41.495+0000] {logging_mixin.py:150} INFO - [2023-08-23T00:47:41.495+0000] {dagbag.py:541} INFO - Filling up the DagBag from /home/airflow/.local/lib/python3.7/site-packages/airflow/example_dags/example_nested_branch_dag.py
[2023-08-23T00:47:41.504+0000] {processor.py:836} INFO - DAG(s) dict_keys(['example_nested_branch_dag']) retrieved from /home/airflow/.local/lib/python3.7/site-packages/airflow/example_dags/example_nested_branch_dag.py
[2023-08-23T00:47:41.526+0000] {logging_mixin.py:150} INFO - [2023-08-23T00:47:41.526+0000] {dag.py:2742} INFO - Sync 1 DAGs
[2023-08-23T00:47:41.551+0000] {logging_mixin.py:150} INFO - [2023-08-23T00:47:41.551+0000] {dag.py:3508} INFO - Setting next_dagrun for example_nested_branch_dag to 2023-08-22T00:00:00+00:00, run_after=2023-08-23T00:00:00+00:00
[2023-08-23T00:47:41.588+0000] {processor.py:179} INFO - Processing /home/airflow/.local/lib/python3.7/site-packages/airflow/example_dags/example_nested_branch_dag.py took 0.098 seconds
[2023-08-23T00:48:12.281+0000] {processor.py:157} INFO - Started process (PID=4050) to work on /home/airflow/.local/lib/python3.7/site-packages/airflow/example_dags/example_nested_branch_dag.py
[2023-08-23T00:48:12.282+0000] {processor.py:826} INFO - Processing file /home/airflow/.local/lib/python3.7/site-packages/airflow/example_dags/example_nested_branch_dag.py for tasks to queue
[2023-08-23T00:48:12.283+0000] {logging_mixin.py:150} INFO - [2023-08-23T00:48:12.282+0000] {dagbag.py:541} INFO - Filling up the DagBag from /home/airflow/.local/lib/python3.7/site-packages/airflow/example_dags/example_nested_branch_dag.py
[2023-08-23T00:48:12.292+0000] {processor.py:836} INFO - DAG(s) dict_keys(['example_nested_branch_dag']) retrieved from /home/airflow/.local/lib/python3.7/site-packages/airflow/example_dags/example_nested_branch_dag.py
[2023-08-23T00:48:12.313+0000] {logging_mixin.py:150} INFO - [2023-08-23T00:48:12.313+0000] {dag.py:2742} INFO - Sync 1 DAGs
[2023-08-23T00:48:12.338+0000] {logging_mixin.py:150} INFO - [2023-08-23T00:48:12.338+0000] {dag.py:3508} INFO - Setting next_dagrun for example_nested_branch_dag to 2023-08-22T00:00:00+00:00, run_after=2023-08-23T00:00:00+00:00
[2023-08-23T00:48:12.373+0000] {processor.py:179} INFO - Processing /home/airflow/.local/lib/python3.7/site-packages/airflow/example_dags/example_nested_branch_dag.py took 0.095 seconds
[2023-08-23T00:48:43.175+0000] {processor.py:157} INFO - Started process (PID=4125) to work on /home/airflow/.local/lib/python3.7/site-packages/airflow/example_dags/example_nested_branch_dag.py
[2023-08-23T00:48:43.176+0000] {processor.py:826} INFO - Processing file /home/airflow/.local/lib/python3.7/site-packages/airflow/example_dags/example_nested_branch_dag.py for tasks to queue
[2023-08-23T00:48:43.177+0000] {logging_mixin.py:150} INFO - [2023-08-23T00:48:43.177+0000] {dagbag.py:541} INFO - Filling up the DagBag from /home/airflow/.local/lib/python3.7/site-packages/airflow/example_dags/example_nested_branch_dag.py
[2023-08-23T00:48:43.186+0000] {processor.py:836} INFO - DAG(s) dict_keys(['example_nested_branch_dag']) retrieved from /home/airflow/.local/lib/python3.7/site-packages/airflow/example_dags/example_nested_branch_dag.py
[2023-08-23T00:48:43.210+0000] {logging_mixin.py:150} INFO - [2023-08-23T00:48:43.210+0000] {dag.py:2742} INFO - Sync 1 DAGs
[2023-08-23T00:48:43.238+0000] {logging_mixin.py:150} INFO - [2023-08-23T00:48:43.237+0000] {dag.py:3508} INFO - Setting next_dagrun for example_nested_branch_dag to 2023-08-22T00:00:00+00:00, run_after=2023-08-23T00:00:00+00:00
[2023-08-23T00:48:43.274+0000] {processor.py:179} INFO - Processing /home/airflow/.local/lib/python3.7/site-packages/airflow/example_dags/example_nested_branch_dag.py took 0.102 seconds
[2023-08-23T00:49:13.477+0000] {processor.py:157} INFO - Started process (PID=4200) to work on /home/airflow/.local/lib/python3.7/site-packages/airflow/example_dags/example_nested_branch_dag.py
[2023-08-23T00:49:13.478+0000] {processor.py:826} INFO - Processing file /home/airflow/.local/lib/python3.7/site-packages/airflow/example_dags/example_nested_branch_dag.py for tasks to queue
[2023-08-23T00:49:13.479+0000] {logging_mixin.py:150} INFO - [2023-08-23T00:49:13.479+0000] {dagbag.py:541} INFO - Filling up the DagBag from /home/airflow/.local/lib/python3.7/site-packages/airflow/example_dags/example_nested_branch_dag.py
[2023-08-23T00:49:13.490+0000] {processor.py:836} INFO - DAG(s) dict_keys(['example_nested_branch_dag']) retrieved from /home/airflow/.local/lib/python3.7/site-packages/airflow/example_dags/example_nested_branch_dag.py
[2023-08-23T00:49:13.519+0000] {logging_mixin.py:150} INFO - [2023-08-23T00:49:13.519+0000] {dag.py:2742} INFO - Sync 1 DAGs
[2023-08-23T00:49:13.547+0000] {logging_mixin.py:150} INFO - [2023-08-23T00:49:13.547+0000] {dag.py:3508} INFO - Setting next_dagrun for example_nested_branch_dag to 2023-08-22T00:00:00+00:00, run_after=2023-08-23T00:00:00+00:00
[2023-08-23T00:49:13.635+0000] {processor.py:179} INFO - Processing /home/airflow/.local/lib/python3.7/site-packages/airflow/example_dags/example_nested_branch_dag.py took 0.162 seconds
[2023-08-23T00:49:43.927+0000] {processor.py:157} INFO - Started process (PID=4275) to work on /home/airflow/.local/lib/python3.7/site-packages/airflow/example_dags/example_nested_branch_dag.py
[2023-08-23T00:49:43.928+0000] {processor.py:826} INFO - Processing file /home/airflow/.local/lib/python3.7/site-packages/airflow/example_dags/example_nested_branch_dag.py for tasks to queue
[2023-08-23T00:49:43.930+0000] {logging_mixin.py:150} INFO - [2023-08-23T00:49:43.930+0000] {dagbag.py:541} INFO - Filling up the DagBag from /home/airflow/.local/lib/python3.7/site-packages/airflow/example_dags/example_nested_branch_dag.py
[2023-08-23T00:49:43.938+0000] {processor.py:836} INFO - DAG(s) dict_keys(['example_nested_branch_dag']) retrieved from /home/airflow/.local/lib/python3.7/site-packages/airflow/example_dags/example_nested_branch_dag.py
[2023-08-23T00:49:43.963+0000] {logging_mixin.py:150} INFO - [2023-08-23T00:49:43.963+0000] {dag.py:2742} INFO - Sync 1 DAGs
[2023-08-23T00:49:43.989+0000] {logging_mixin.py:150} INFO - [2023-08-23T00:49:43.988+0000] {dag.py:3508} INFO - Setting next_dagrun for example_nested_branch_dag to 2023-08-22T00:00:00+00:00, run_after=2023-08-23T00:00:00+00:00
[2023-08-23T00:49:44.026+0000] {processor.py:179} INFO - Processing /home/airflow/.local/lib/python3.7/site-packages/airflow/example_dags/example_nested_branch_dag.py took 0.103 seconds
[2023-08-23T00:50:14.267+0000] {processor.py:157} INFO - Started process (PID=4350) to work on /home/airflow/.local/lib/python3.7/site-packages/airflow/example_dags/example_nested_branch_dag.py
[2023-08-23T00:50:14.268+0000] {processor.py:826} INFO - Processing file /home/airflow/.local/lib/python3.7/site-packages/airflow/example_dags/example_nested_branch_dag.py for tasks to queue
[2023-08-23T00:50:14.269+0000] {logging_mixin.py:150} INFO - [2023-08-23T00:50:14.269+0000] {dagbag.py:541} INFO - Filling up the DagBag from /home/airflow/.local/lib/python3.7/site-packages/airflow/example_dags/example_nested_branch_dag.py
[2023-08-23T00:50:14.278+0000] {processor.py:836} INFO - DAG(s) dict_keys(['example_nested_branch_dag']) retrieved from /home/airflow/.local/lib/python3.7/site-packages/airflow/example_dags/example_nested_branch_dag.py
[2023-08-23T00:50:14.300+0000] {logging_mixin.py:150} INFO - [2023-08-23T00:50:14.300+0000] {dag.py:2742} INFO - Sync 1 DAGs
[2023-08-23T00:50:14.328+0000] {logging_mixin.py:150} INFO - [2023-08-23T00:50:14.328+0000] {dag.py:3508} INFO - Setting next_dagrun for example_nested_branch_dag to 2023-08-22T00:00:00+00:00, run_after=2023-08-23T00:00:00+00:00
[2023-08-23T00:50:14.363+0000] {processor.py:179} INFO - Processing /home/airflow/.local/lib/python3.7/site-packages/airflow/example_dags/example_nested_branch_dag.py took 0.099 seconds
[2023-08-23T00:50:45.139+0000] {processor.py:157} INFO - Started process (PID=4425) to work on /home/airflow/.local/lib/python3.7/site-packages/airflow/example_dags/example_nested_branch_dag.py
[2023-08-23T00:50:45.141+0000] {processor.py:826} INFO - Processing file /home/airflow/.local/lib/python3.7/site-packages/airflow/example_dags/example_nested_branch_dag.py for tasks to queue
[2023-08-23T00:50:45.142+0000] {logging_mixin.py:150} INFO - [2023-08-23T00:50:45.142+0000] {dagbag.py:541} INFO - Filling up the DagBag from /home/airflow/.local/lib/python3.7/site-packages/airflow/example_dags/example_nested_branch_dag.py
[2023-08-23T00:50:45.151+0000] {processor.py:836} INFO - DAG(s) dict_keys(['example_nested_branch_dag']) retrieved from /home/airflow/.local/lib/python3.7/site-packages/airflow/example_dags/example_nested_branch_dag.py
[2023-08-23T00:50:45.175+0000] {logging_mixin.py:150} INFO - [2023-08-23T00:50:45.174+0000] {dag.py:2742} INFO - Sync 1 DAGs
[2023-08-23T00:50:45.204+0000] {logging_mixin.py:150} INFO - [2023-08-23T00:50:45.204+0000] {dag.py:3508} INFO - Setting next_dagrun for example_nested_branch_dag to 2023-08-22T00:00:00+00:00, run_after=2023-08-23T00:00:00+00:00
[2023-08-23T00:50:45.243+0000] {processor.py:179} INFO - Processing /home/airflow/.local/lib/python3.7/site-packages/airflow/example_dags/example_nested_branch_dag.py took 0.106 seconds
[2023-08-23T00:51:16.009+0000] {processor.py:157} INFO - Started process (PID=4500) to work on /home/airflow/.local/lib/python3.7/site-packages/airflow/example_dags/example_nested_branch_dag.py
[2023-08-23T00:51:16.011+0000] {processor.py:826} INFO - Processing file /home/airflow/.local/lib/python3.7/site-packages/airflow/example_dags/example_nested_branch_dag.py for tasks to queue
[2023-08-23T00:51:16.013+0000] {logging_mixin.py:150} INFO - [2023-08-23T00:51:16.012+0000] {dagbag.py:541} INFO - Filling up the DagBag from /home/airflow/.local/lib/python3.7/site-packages/airflow/example_dags/example_nested_branch_dag.py
[2023-08-23T00:51:16.023+0000] {processor.py:836} INFO - DAG(s) dict_keys(['example_nested_branch_dag']) retrieved from /home/airflow/.local/lib/python3.7/site-packages/airflow/example_dags/example_nested_branch_dag.py
[2023-08-23T00:51:16.053+0000] {logging_mixin.py:150} INFO - [2023-08-23T00:51:16.052+0000] {dag.py:2742} INFO - Sync 1 DAGs
[2023-08-23T00:51:16.082+0000] {logging_mixin.py:150} INFO - [2023-08-23T00:51:16.082+0000] {dag.py:3508} INFO - Setting next_dagrun for example_nested_branch_dag to 2023-08-22T00:00:00+00:00, run_after=2023-08-23T00:00:00+00:00
[2023-08-23T00:51:16.124+0000] {processor.py:179} INFO - Processing /home/airflow/.local/lib/python3.7/site-packages/airflow/example_dags/example_nested_branch_dag.py took 0.118 seconds
[2023-08-23T00:51:47.051+0000] {processor.py:157} INFO - Started process (PID=4576) to work on /home/airflow/.local/lib/python3.7/site-packages/airflow/example_dags/example_nested_branch_dag.py
[2023-08-23T00:51:47.052+0000] {processor.py:826} INFO - Processing file /home/airflow/.local/lib/python3.7/site-packages/airflow/example_dags/example_nested_branch_dag.py for tasks to queue
[2023-08-23T00:51:47.053+0000] {logging_mixin.py:150} INFO - [2023-08-23T00:51:47.053+0000] {dagbag.py:541} INFO - Filling up the DagBag from /home/airflow/.local/lib/python3.7/site-packages/airflow/example_dags/example_nested_branch_dag.py
[2023-08-23T00:51:47.063+0000] {processor.py:836} INFO - DAG(s) dict_keys(['example_nested_branch_dag']) retrieved from /home/airflow/.local/lib/python3.7/site-packages/airflow/example_dags/example_nested_branch_dag.py
[2023-08-23T00:51:47.085+0000] {logging_mixin.py:150} INFO - [2023-08-23T00:51:47.085+0000] {dag.py:2742} INFO - Sync 1 DAGs
[2023-08-23T00:51:47.110+0000] {logging_mixin.py:150} INFO - [2023-08-23T00:51:47.110+0000] {dag.py:3508} INFO - Setting next_dagrun for example_nested_branch_dag to 2023-08-22T00:00:00+00:00, run_after=2023-08-23T00:00:00+00:00
[2023-08-23T00:51:47.156+0000] {processor.py:179} INFO - Processing /home/airflow/.local/lib/python3.7/site-packages/airflow/example_dags/example_nested_branch_dag.py took 0.108 seconds
