[2023-08-23T00:21:08.735+0000] {processor.py:157} INFO - Started process (PID=51) to work on /home/airflow/.local/lib/python3.7/site-packages/airflow/example_dags/example_sensor_decorator.py
[2023-08-23T00:21:08.736+0000] {processor.py:826} INFO - Processing file /home/airflow/.local/lib/python3.7/site-packages/airflow/example_dags/example_sensor_decorator.py for tasks to queue
[2023-08-23T00:21:08.737+0000] {logging_mixin.py:150} INFO - [2023-08-23T00:21:08.737+0000] {dagbag.py:541} INFO - Filling up the DagBag from /home/airflow/.local/lib/python3.7/site-packages/airflow/example_dags/example_sensor_decorator.py
[2023-08-23T00:21:08.745+0000] {processor.py:836} INFO - DAG(s) dict_keys(['example_sensor_decorator']) retrieved from /home/airflow/.local/lib/python3.7/site-packages/airflow/example_dags/example_sensor_decorator.py
[2023-08-23T00:21:08.760+0000] {logging_mixin.py:150} INFO - [2023-08-23T00:21:08.760+0000] {dag.py:2742} INFO - Sync 1 DAGs
[2023-08-23T00:21:08.899+0000] {logging_mixin.py:150} INFO - [2023-08-23T00:21:08.899+0000] {dag.py:3508} INFO - Setting next_dagrun for example_sensor_decorator to None, run_after=None
[2023-08-23T00:21:08.940+0000] {processor.py:179} INFO - Processing /home/airflow/.local/lib/python3.7/site-packages/airflow/example_dags/example_sensor_decorator.py took 0.208 seconds
[2023-08-23T00:21:39.545+0000] {processor.py:157} INFO - Started process (PID=126) to work on /home/airflow/.local/lib/python3.7/site-packages/airflow/example_dags/example_sensor_decorator.py
[2023-08-23T00:21:39.546+0000] {processor.py:826} INFO - Processing file /home/airflow/.local/lib/python3.7/site-packages/airflow/example_dags/example_sensor_decorator.py for tasks to queue
[2023-08-23T00:21:39.548+0000] {logging_mixin.py:150} INFO - [2023-08-23T00:21:39.548+0000] {dagbag.py:541} INFO - Filling up the DagBag from /home/airflow/.local/lib/python3.7/site-packages/airflow/example_dags/example_sensor_decorator.py
[2023-08-23T00:21:39.553+0000] {processor.py:836} INFO - DAG(s) dict_keys(['example_sensor_decorator']) retrieved from /home/airflow/.local/lib/python3.7/site-packages/airflow/example_dags/example_sensor_decorator.py
[2023-08-23T00:21:39.573+0000] {logging_mixin.py:150} INFO - [2023-08-23T00:21:39.573+0000] {dag.py:2742} INFO - Sync 1 DAGs
[2023-08-23T00:21:39.601+0000] {logging_mixin.py:150} INFO - [2023-08-23T00:21:39.600+0000] {dag.py:3508} INFO - Setting next_dagrun for example_sensor_decorator to None, run_after=None
[2023-08-23T00:21:39.636+0000] {processor.py:179} INFO - Processing /home/airflow/.local/lib/python3.7/site-packages/airflow/example_dags/example_sensor_decorator.py took 0.094 seconds
[2023-08-23T00:22:09.944+0000] {processor.py:157} INFO - Started process (PID=201) to work on /home/airflow/.local/lib/python3.7/site-packages/airflow/example_dags/example_sensor_decorator.py
[2023-08-23T00:22:09.945+0000] {processor.py:826} INFO - Processing file /home/airflow/.local/lib/python3.7/site-packages/airflow/example_dags/example_sensor_decorator.py for tasks to queue
[2023-08-23T00:22:09.946+0000] {logging_mixin.py:150} INFO - [2023-08-23T00:22:09.946+0000] {dagbag.py:541} INFO - Filling up the DagBag from /home/airflow/.local/lib/python3.7/site-packages/airflow/example_dags/example_sensor_decorator.py
[2023-08-23T00:22:09.952+0000] {processor.py:836} INFO - DAG(s) dict_keys(['example_sensor_decorator']) retrieved from /home/airflow/.local/lib/python3.7/site-packages/airflow/example_dags/example_sensor_decorator.py
[2023-08-23T00:22:09.974+0000] {logging_mixin.py:150} INFO - [2023-08-23T00:22:09.974+0000] {dag.py:2742} INFO - Sync 1 DAGs
[2023-08-23T00:22:10.000+0000] {logging_mixin.py:150} INFO - [2023-08-23T00:22:09.999+0000] {dag.py:3508} INFO - Setting next_dagrun for example_sensor_decorator to None, run_after=None
[2023-08-23T00:22:10.038+0000] {processor.py:179} INFO - Processing /home/airflow/.local/lib/python3.7/site-packages/airflow/example_dags/example_sensor_decorator.py took 0.096 seconds
[2023-08-23T00:22:40.448+0000] {processor.py:157} INFO - Started process (PID=276) to work on /home/airflow/.local/lib/python3.7/site-packages/airflow/example_dags/example_sensor_decorator.py
[2023-08-23T00:22:40.449+0000] {processor.py:826} INFO - Processing file /home/airflow/.local/lib/python3.7/site-packages/airflow/example_dags/example_sensor_decorator.py for tasks to queue
[2023-08-23T00:22:40.450+0000] {logging_mixin.py:150} INFO - [2023-08-23T00:22:40.450+0000] {dagbag.py:541} INFO - Filling up the DagBag from /home/airflow/.local/lib/python3.7/site-packages/airflow/example_dags/example_sensor_decorator.py
[2023-08-23T00:22:40.455+0000] {processor.py:836} INFO - DAG(s) dict_keys(['example_sensor_decorator']) retrieved from /home/airflow/.local/lib/python3.7/site-packages/airflow/example_dags/example_sensor_decorator.py
[2023-08-23T00:22:40.479+0000] {logging_mixin.py:150} INFO - [2023-08-23T00:22:40.479+0000] {dag.py:2742} INFO - Sync 1 DAGs
[2023-08-23T00:22:40.505+0000] {logging_mixin.py:150} INFO - [2023-08-23T00:22:40.504+0000] {dag.py:3508} INFO - Setting next_dagrun for example_sensor_decorator to None, run_after=None
[2023-08-23T00:22:40.545+0000] {processor.py:179} INFO - Processing /home/airflow/.local/lib/python3.7/site-packages/airflow/example_dags/example_sensor_decorator.py took 0.099 seconds
[2023-08-23T00:23:11.154+0000] {processor.py:157} INFO - Started process (PID=351) to work on /home/airflow/.local/lib/python3.7/site-packages/airflow/example_dags/example_sensor_decorator.py
[2023-08-23T00:23:11.155+0000] {processor.py:826} INFO - Processing file /home/airflow/.local/lib/python3.7/site-packages/airflow/example_dags/example_sensor_decorator.py for tasks to queue
[2023-08-23T00:23:11.157+0000] {logging_mixin.py:150} INFO - [2023-08-23T00:23:11.156+0000] {dagbag.py:541} INFO - Filling up the DagBag from /home/airflow/.local/lib/python3.7/site-packages/airflow/example_dags/example_sensor_decorator.py
[2023-08-23T00:23:11.164+0000] {processor.py:836} INFO - DAG(s) dict_keys(['example_sensor_decorator']) retrieved from /home/airflow/.local/lib/python3.7/site-packages/airflow/example_dags/example_sensor_decorator.py
[2023-08-23T00:23:11.187+0000] {logging_mixin.py:150} INFO - [2023-08-23T00:23:11.187+0000] {dag.py:2742} INFO - Sync 1 DAGs
[2023-08-23T00:23:11.216+0000] {logging_mixin.py:150} INFO - [2023-08-23T00:23:11.216+0000] {dag.py:3508} INFO - Setting next_dagrun for example_sensor_decorator to None, run_after=None
[2023-08-23T00:23:11.255+0000] {processor.py:179} INFO - Processing /home/airflow/.local/lib/python3.7/site-packages/airflow/example_dags/example_sensor_decorator.py took 0.105 seconds
[2023-08-23T00:23:41.682+0000] {processor.py:157} INFO - Started process (PID=426) to work on /home/airflow/.local/lib/python3.7/site-packages/airflow/example_dags/example_sensor_decorator.py
[2023-08-23T00:23:41.683+0000] {processor.py:826} INFO - Processing file /home/airflow/.local/lib/python3.7/site-packages/airflow/example_dags/example_sensor_decorator.py for tasks to queue
[2023-08-23T00:23:41.684+0000] {logging_mixin.py:150} INFO - [2023-08-23T00:23:41.684+0000] {dagbag.py:541} INFO - Filling up the DagBag from /home/airflow/.local/lib/python3.7/site-packages/airflow/example_dags/example_sensor_decorator.py
[2023-08-23T00:23:41.689+0000] {processor.py:836} INFO - DAG(s) dict_keys(['example_sensor_decorator']) retrieved from /home/airflow/.local/lib/python3.7/site-packages/airflow/example_dags/example_sensor_decorator.py
[2023-08-23T00:23:41.710+0000] {logging_mixin.py:150} INFO - [2023-08-23T00:23:41.710+0000] {dag.py:2742} INFO - Sync 1 DAGs
[2023-08-23T00:23:41.735+0000] {logging_mixin.py:150} INFO - [2023-08-23T00:23:41.735+0000] {dag.py:3508} INFO - Setting next_dagrun for example_sensor_decorator to None, run_after=None
[2023-08-23T00:23:41.803+0000] {processor.py:179} INFO - Processing /home/airflow/.local/lib/python3.7/site-packages/airflow/example_dags/example_sensor_decorator.py took 0.124 seconds
[2023-08-23T00:24:12.128+0000] {processor.py:157} INFO - Started process (PID=501) to work on /home/airflow/.local/lib/python3.7/site-packages/airflow/example_dags/example_sensor_decorator.py
[2023-08-23T00:24:12.129+0000] {processor.py:826} INFO - Processing file /home/airflow/.local/lib/python3.7/site-packages/airflow/example_dags/example_sensor_decorator.py for tasks to queue
[2023-08-23T00:24:12.130+0000] {logging_mixin.py:150} INFO - [2023-08-23T00:24:12.130+0000] {dagbag.py:541} INFO - Filling up the DagBag from /home/airflow/.local/lib/python3.7/site-packages/airflow/example_dags/example_sensor_decorator.py
[2023-08-23T00:24:12.135+0000] {processor.py:836} INFO - DAG(s) dict_keys(['example_sensor_decorator']) retrieved from /home/airflow/.local/lib/python3.7/site-packages/airflow/example_dags/example_sensor_decorator.py
[2023-08-23T00:24:12.157+0000] {logging_mixin.py:150} INFO - [2023-08-23T00:24:12.157+0000] {dag.py:2742} INFO - Sync 1 DAGs
[2023-08-23T00:24:12.182+0000] {logging_mixin.py:150} INFO - [2023-08-23T00:24:12.182+0000] {dag.py:3508} INFO - Setting next_dagrun for example_sensor_decorator to None, run_after=None
[2023-08-23T00:24:12.218+0000] {processor.py:179} INFO - Processing /home/airflow/.local/lib/python3.7/site-packages/airflow/example_dags/example_sensor_decorator.py took 0.094 seconds
[2023-08-23T00:24:42.548+0000] {processor.py:157} INFO - Started process (PID=577) to work on /home/airflow/.local/lib/python3.7/site-packages/airflow/example_dags/example_sensor_decorator.py
[2023-08-23T00:24:42.549+0000] {processor.py:826} INFO - Processing file /home/airflow/.local/lib/python3.7/site-packages/airflow/example_dags/example_sensor_decorator.py for tasks to queue
[2023-08-23T00:24:42.550+0000] {logging_mixin.py:150} INFO - [2023-08-23T00:24:42.550+0000] {dagbag.py:541} INFO - Filling up the DagBag from /home/airflow/.local/lib/python3.7/site-packages/airflow/example_dags/example_sensor_decorator.py
[2023-08-23T00:24:42.555+0000] {processor.py:836} INFO - DAG(s) dict_keys(['example_sensor_decorator']) retrieved from /home/airflow/.local/lib/python3.7/site-packages/airflow/example_dags/example_sensor_decorator.py
[2023-08-23T00:24:42.576+0000] {logging_mixin.py:150} INFO - [2023-08-23T00:24:42.576+0000] {dag.py:2742} INFO - Sync 1 DAGs
[2023-08-23T00:24:42.603+0000] {logging_mixin.py:150} INFO - [2023-08-23T00:24:42.602+0000] {dag.py:3508} INFO - Setting next_dagrun for example_sensor_decorator to None, run_after=None
[2023-08-23T00:24:42.642+0000] {processor.py:179} INFO - Processing /home/airflow/.local/lib/python3.7/site-packages/airflow/example_dags/example_sensor_decorator.py took 0.096 seconds
[2023-08-23T00:25:13.715+0000] {processor.py:157} INFO - Started process (PID=651) to work on /home/airflow/.local/lib/python3.7/site-packages/airflow/example_dags/example_sensor_decorator.py
[2023-08-23T00:25:13.716+0000] {processor.py:826} INFO - Processing file /home/airflow/.local/lib/python3.7/site-packages/airflow/example_dags/example_sensor_decorator.py for tasks to queue
[2023-08-23T00:25:13.717+0000] {logging_mixin.py:150} INFO - [2023-08-23T00:25:13.717+0000] {dagbag.py:541} INFO - Filling up the DagBag from /home/airflow/.local/lib/python3.7/site-packages/airflow/example_dags/example_sensor_decorator.py
[2023-08-23T00:25:13.722+0000] {processor.py:836} INFO - DAG(s) dict_keys(['example_sensor_decorator']) retrieved from /home/airflow/.local/lib/python3.7/site-packages/airflow/example_dags/example_sensor_decorator.py
[2023-08-23T00:25:13.742+0000] {logging_mixin.py:150} INFO - [2023-08-23T00:25:13.742+0000] {dag.py:2742} INFO - Sync 1 DAGs
[2023-08-23T00:25:13.764+0000] {logging_mixin.py:150} INFO - [2023-08-23T00:25:13.764+0000] {dag.py:3508} INFO - Setting next_dagrun for example_sensor_decorator to None, run_after=None
[2023-08-23T00:25:13.799+0000] {processor.py:179} INFO - Processing /home/airflow/.local/lib/python3.7/site-packages/airflow/example_dags/example_sensor_decorator.py took 0.086 seconds
[2023-08-23T00:25:44.269+0000] {processor.py:157} INFO - Started process (PID=726) to work on /home/airflow/.local/lib/python3.7/site-packages/airflow/example_dags/example_sensor_decorator.py
[2023-08-23T00:25:44.270+0000] {processor.py:826} INFO - Processing file /home/airflow/.local/lib/python3.7/site-packages/airflow/example_dags/example_sensor_decorator.py for tasks to queue
[2023-08-23T00:25:44.271+0000] {logging_mixin.py:150} INFO - [2023-08-23T00:25:44.270+0000] {dagbag.py:541} INFO - Filling up the DagBag from /home/airflow/.local/lib/python3.7/site-packages/airflow/example_dags/example_sensor_decorator.py
[2023-08-23T00:25:44.276+0000] {processor.py:836} INFO - DAG(s) dict_keys(['example_sensor_decorator']) retrieved from /home/airflow/.local/lib/python3.7/site-packages/airflow/example_dags/example_sensor_decorator.py
[2023-08-23T00:25:44.296+0000] {logging_mixin.py:150} INFO - [2023-08-23T00:25:44.296+0000] {dag.py:2742} INFO - Sync 1 DAGs
[2023-08-23T00:25:44.318+0000] {logging_mixin.py:150} INFO - [2023-08-23T00:25:44.318+0000] {dag.py:3508} INFO - Setting next_dagrun for example_sensor_decorator to None, run_after=None
[2023-08-23T00:25:44.354+0000] {processor.py:179} INFO - Processing /home/airflow/.local/lib/python3.7/site-packages/airflow/example_dags/example_sensor_decorator.py took 0.088 seconds
[2023-08-23T00:26:15.090+0000] {processor.py:157} INFO - Started process (PID=801) to work on /home/airflow/.local/lib/python3.7/site-packages/airflow/example_dags/example_sensor_decorator.py
[2023-08-23T00:26:15.091+0000] {processor.py:826} INFO - Processing file /home/airflow/.local/lib/python3.7/site-packages/airflow/example_dags/example_sensor_decorator.py for tasks to queue
[2023-08-23T00:26:15.092+0000] {logging_mixin.py:150} INFO - [2023-08-23T00:26:15.092+0000] {dagbag.py:541} INFO - Filling up the DagBag from /home/airflow/.local/lib/python3.7/site-packages/airflow/example_dags/example_sensor_decorator.py
[2023-08-23T00:26:15.098+0000] {processor.py:836} INFO - DAG(s) dict_keys(['example_sensor_decorator']) retrieved from /home/airflow/.local/lib/python3.7/site-packages/airflow/example_dags/example_sensor_decorator.py
[2023-08-23T00:26:15.118+0000] {logging_mixin.py:150} INFO - [2023-08-23T00:26:15.118+0000] {dag.py:2742} INFO - Sync 1 DAGs
[2023-08-23T00:26:15.141+0000] {logging_mixin.py:150} INFO - [2023-08-23T00:26:15.141+0000] {dag.py:3508} INFO - Setting next_dagrun for example_sensor_decorator to None, run_after=None
[2023-08-23T00:26:15.191+0000] {processor.py:179} INFO - Processing /home/airflow/.local/lib/python3.7/site-packages/airflow/example_dags/example_sensor_decorator.py took 0.104 seconds
[2023-08-23T00:26:45.656+0000] {processor.py:157} INFO - Started process (PID=876) to work on /home/airflow/.local/lib/python3.7/site-packages/airflow/example_dags/example_sensor_decorator.py
[2023-08-23T00:26:45.657+0000] {processor.py:826} INFO - Processing file /home/airflow/.local/lib/python3.7/site-packages/airflow/example_dags/example_sensor_decorator.py for tasks to queue
[2023-08-23T00:26:45.658+0000] {logging_mixin.py:150} INFO - [2023-08-23T00:26:45.658+0000] {dagbag.py:541} INFO - Filling up the DagBag from /home/airflow/.local/lib/python3.7/site-packages/airflow/example_dags/example_sensor_decorator.py
[2023-08-23T00:26:45.663+0000] {processor.py:836} INFO - DAG(s) dict_keys(['example_sensor_decorator']) retrieved from /home/airflow/.local/lib/python3.7/site-packages/airflow/example_dags/example_sensor_decorator.py
[2023-08-23T00:26:45.687+0000] {logging_mixin.py:150} INFO - [2023-08-23T00:26:45.687+0000] {dag.py:2742} INFO - Sync 1 DAGs
[2023-08-23T00:26:45.711+0000] {logging_mixin.py:150} INFO - [2023-08-23T00:26:45.710+0000] {dag.py:3508} INFO - Setting next_dagrun for example_sensor_decorator to None, run_after=None
[2023-08-23T00:26:45.750+0000] {processor.py:179} INFO - Processing /home/airflow/.local/lib/python3.7/site-packages/airflow/example_dags/example_sensor_decorator.py took 0.097 seconds
[2023-08-23T00:27:16.509+0000] {processor.py:157} INFO - Started process (PID=951) to work on /home/airflow/.local/lib/python3.7/site-packages/airflow/example_dags/example_sensor_decorator.py
[2023-08-23T00:27:16.510+0000] {processor.py:826} INFO - Processing file /home/airflow/.local/lib/python3.7/site-packages/airflow/example_dags/example_sensor_decorator.py for tasks to queue
[2023-08-23T00:27:16.511+0000] {logging_mixin.py:150} INFO - [2023-08-23T00:27:16.511+0000] {dagbag.py:541} INFO - Filling up the DagBag from /home/airflow/.local/lib/python3.7/site-packages/airflow/example_dags/example_sensor_decorator.py
[2023-08-23T00:27:16.517+0000] {processor.py:836} INFO - DAG(s) dict_keys(['example_sensor_decorator']) retrieved from /home/airflow/.local/lib/python3.7/site-packages/airflow/example_dags/example_sensor_decorator.py
[2023-08-23T00:27:16.538+0000] {logging_mixin.py:150} INFO - [2023-08-23T00:27:16.537+0000] {dag.py:2742} INFO - Sync 1 DAGs
[2023-08-23T00:27:16.564+0000] {logging_mixin.py:150} INFO - [2023-08-23T00:27:16.564+0000] {dag.py:3508} INFO - Setting next_dagrun for example_sensor_decorator to None, run_after=None
[2023-08-23T00:27:16.601+0000] {processor.py:179} INFO - Processing /home/airflow/.local/lib/python3.7/site-packages/airflow/example_dags/example_sensor_decorator.py took 0.095 seconds
[2023-08-23T00:27:46.880+0000] {processor.py:157} INFO - Started process (PID=1026) to work on /home/airflow/.local/lib/python3.7/site-packages/airflow/example_dags/example_sensor_decorator.py
[2023-08-23T00:27:46.881+0000] {processor.py:826} INFO - Processing file /home/airflow/.local/lib/python3.7/site-packages/airflow/example_dags/example_sensor_decorator.py for tasks to queue
[2023-08-23T00:27:46.882+0000] {logging_mixin.py:150} INFO - [2023-08-23T00:27:46.882+0000] {dagbag.py:541} INFO - Filling up the DagBag from /home/airflow/.local/lib/python3.7/site-packages/airflow/example_dags/example_sensor_decorator.py
[2023-08-23T00:27:46.887+0000] {processor.py:836} INFO - DAG(s) dict_keys(['example_sensor_decorator']) retrieved from /home/airflow/.local/lib/python3.7/site-packages/airflow/example_dags/example_sensor_decorator.py
[2023-08-23T00:27:46.907+0000] {logging_mixin.py:150} INFO - [2023-08-23T00:27:46.907+0000] {dag.py:2742} INFO - Sync 1 DAGs
[2023-08-23T00:27:46.933+0000] {logging_mixin.py:150} INFO - [2023-08-23T00:27:46.933+0000] {dag.py:3508} INFO - Setting next_dagrun for example_sensor_decorator to None, run_after=None
[2023-08-23T00:27:46.970+0000] {processor.py:179} INFO - Processing /home/airflow/.local/lib/python3.7/site-packages/airflow/example_dags/example_sensor_decorator.py took 0.092 seconds
[2023-08-23T00:28:18.002+0000] {processor.py:157} INFO - Started process (PID=1102) to work on /home/airflow/.local/lib/python3.7/site-packages/airflow/example_dags/example_sensor_decorator.py
[2023-08-23T00:28:18.002+0000] {processor.py:826} INFO - Processing file /home/airflow/.local/lib/python3.7/site-packages/airflow/example_dags/example_sensor_decorator.py for tasks to queue
[2023-08-23T00:28:18.003+0000] {logging_mixin.py:150} INFO - [2023-08-23T00:28:18.003+0000] {dagbag.py:541} INFO - Filling up the DagBag from /home/airflow/.local/lib/python3.7/site-packages/airflow/example_dags/example_sensor_decorator.py
[2023-08-23T00:28:18.008+0000] {processor.py:836} INFO - DAG(s) dict_keys(['example_sensor_decorator']) retrieved from /home/airflow/.local/lib/python3.7/site-packages/airflow/example_dags/example_sensor_decorator.py
[2023-08-23T00:28:18.029+0000] {logging_mixin.py:150} INFO - [2023-08-23T00:28:18.028+0000] {dag.py:2742} INFO - Sync 1 DAGs
[2023-08-23T00:28:18.051+0000] {logging_mixin.py:150} INFO - [2023-08-23T00:28:18.051+0000] {dag.py:3508} INFO - Setting next_dagrun for example_sensor_decorator to None, run_after=None
[2023-08-23T00:28:18.087+0000] {processor.py:179} INFO - Processing /home/airflow/.local/lib/python3.7/site-packages/airflow/example_dags/example_sensor_decorator.py took 0.088 seconds
[2023-08-23T00:28:48.539+0000] {processor.py:157} INFO - Started process (PID=1177) to work on /home/airflow/.local/lib/python3.7/site-packages/airflow/example_dags/example_sensor_decorator.py
[2023-08-23T00:28:48.540+0000] {processor.py:826} INFO - Processing file /home/airflow/.local/lib/python3.7/site-packages/airflow/example_dags/example_sensor_decorator.py for tasks to queue
[2023-08-23T00:28:48.542+0000] {logging_mixin.py:150} INFO - [2023-08-23T00:28:48.542+0000] {dagbag.py:541} INFO - Filling up the DagBag from /home/airflow/.local/lib/python3.7/site-packages/airflow/example_dags/example_sensor_decorator.py
[2023-08-23T00:28:48.547+0000] {processor.py:836} INFO - DAG(s) dict_keys(['example_sensor_decorator']) retrieved from /home/airflow/.local/lib/python3.7/site-packages/airflow/example_dags/example_sensor_decorator.py
[2023-08-23T00:28:48.567+0000] {logging_mixin.py:150} INFO - [2023-08-23T00:28:48.567+0000] {dag.py:2742} INFO - Sync 1 DAGs
[2023-08-23T00:28:48.595+0000] {logging_mixin.py:150} INFO - [2023-08-23T00:28:48.594+0000] {dag.py:3508} INFO - Setting next_dagrun for example_sensor_decorator to None, run_after=None
[2023-08-23T00:28:48.646+0000] {processor.py:179} INFO - Processing /home/airflow/.local/lib/python3.7/site-packages/airflow/example_dags/example_sensor_decorator.py took 0.110 seconds
[2023-08-23T00:29:19.065+0000] {processor.py:157} INFO - Started process (PID=1252) to work on /home/airflow/.local/lib/python3.7/site-packages/airflow/example_dags/example_sensor_decorator.py
[2023-08-23T00:29:19.066+0000] {processor.py:826} INFO - Processing file /home/airflow/.local/lib/python3.7/site-packages/airflow/example_dags/example_sensor_decorator.py for tasks to queue
[2023-08-23T00:29:19.067+0000] {logging_mixin.py:150} INFO - [2023-08-23T00:29:19.067+0000] {dagbag.py:541} INFO - Filling up the DagBag from /home/airflow/.local/lib/python3.7/site-packages/airflow/example_dags/example_sensor_decorator.py
[2023-08-23T00:29:19.073+0000] {processor.py:836} INFO - DAG(s) dict_keys(['example_sensor_decorator']) retrieved from /home/airflow/.local/lib/python3.7/site-packages/airflow/example_dags/example_sensor_decorator.py
[2023-08-23T00:29:19.093+0000] {logging_mixin.py:150} INFO - [2023-08-23T00:29:19.093+0000] {dag.py:2742} INFO - Sync 1 DAGs
[2023-08-23T00:29:19.117+0000] {logging_mixin.py:150} INFO - [2023-08-23T00:29:19.117+0000] {dag.py:3508} INFO - Setting next_dagrun for example_sensor_decorator to None, run_after=None
[2023-08-23T00:29:19.156+0000] {processor.py:179} INFO - Processing /home/airflow/.local/lib/python3.7/site-packages/airflow/example_dags/example_sensor_decorator.py took 0.093 seconds
[2023-08-23T00:29:49.654+0000] {processor.py:157} INFO - Started process (PID=1327) to work on /home/airflow/.local/lib/python3.7/site-packages/airflow/example_dags/example_sensor_decorator.py
[2023-08-23T00:29:49.655+0000] {processor.py:826} INFO - Processing file /home/airflow/.local/lib/python3.7/site-packages/airflow/example_dags/example_sensor_decorator.py for tasks to queue
[2023-08-23T00:29:49.656+0000] {logging_mixin.py:150} INFO - [2023-08-23T00:29:49.656+0000] {dagbag.py:541} INFO - Filling up the DagBag from /home/airflow/.local/lib/python3.7/site-packages/airflow/example_dags/example_sensor_decorator.py
[2023-08-23T00:29:49.662+0000] {processor.py:836} INFO - DAG(s) dict_keys(['example_sensor_decorator']) retrieved from /home/airflow/.local/lib/python3.7/site-packages/airflow/example_dags/example_sensor_decorator.py
[2023-08-23T00:29:49.684+0000] {logging_mixin.py:150} INFO - [2023-08-23T00:29:49.684+0000] {dag.py:2742} INFO - Sync 1 DAGs
[2023-08-23T00:29:49.711+0000] {logging_mixin.py:150} INFO - [2023-08-23T00:29:49.710+0000] {dag.py:3508} INFO - Setting next_dagrun for example_sensor_decorator to None, run_after=None
[2023-08-23T00:29:49.748+0000] {processor.py:179} INFO - Processing /home/airflow/.local/lib/python3.7/site-packages/airflow/example_dags/example_sensor_decorator.py took 0.096 seconds
[2023-08-23T00:30:20.266+0000] {processor.py:157} INFO - Started process (PID=1402) to work on /home/airflow/.local/lib/python3.7/site-packages/airflow/example_dags/example_sensor_decorator.py
[2023-08-23T00:30:20.268+0000] {processor.py:826} INFO - Processing file /home/airflow/.local/lib/python3.7/site-packages/airflow/example_dags/example_sensor_decorator.py for tasks to queue
[2023-08-23T00:30:20.269+0000] {logging_mixin.py:150} INFO - [2023-08-23T00:30:20.269+0000] {dagbag.py:541} INFO - Filling up the DagBag from /home/airflow/.local/lib/python3.7/site-packages/airflow/example_dags/example_sensor_decorator.py
[2023-08-23T00:30:20.274+0000] {processor.py:836} INFO - DAG(s) dict_keys(['example_sensor_decorator']) retrieved from /home/airflow/.local/lib/python3.7/site-packages/airflow/example_dags/example_sensor_decorator.py
[2023-08-23T00:30:20.295+0000] {logging_mixin.py:150} INFO - [2023-08-23T00:30:20.295+0000] {dag.py:2742} INFO - Sync 1 DAGs
[2023-08-23T00:30:20.322+0000] {logging_mixin.py:150} INFO - [2023-08-23T00:30:20.322+0000] {dag.py:3508} INFO - Setting next_dagrun for example_sensor_decorator to None, run_after=None
[2023-08-23T00:30:20.358+0000] {processor.py:179} INFO - Processing /home/airflow/.local/lib/python3.7/site-packages/airflow/example_dags/example_sensor_decorator.py took 0.094 seconds
[2023-08-23T00:30:50.597+0000] {processor.py:157} INFO - Started process (PID=1477) to work on /home/airflow/.local/lib/python3.7/site-packages/airflow/example_dags/example_sensor_decorator.py
[2023-08-23T00:30:50.598+0000] {processor.py:826} INFO - Processing file /home/airflow/.local/lib/python3.7/site-packages/airflow/example_dags/example_sensor_decorator.py for tasks to queue
[2023-08-23T00:30:50.599+0000] {logging_mixin.py:150} INFO - [2023-08-23T00:30:50.599+0000] {dagbag.py:541} INFO - Filling up the DagBag from /home/airflow/.local/lib/python3.7/site-packages/airflow/example_dags/example_sensor_decorator.py
[2023-08-23T00:30:50.604+0000] {processor.py:836} INFO - DAG(s) dict_keys(['example_sensor_decorator']) retrieved from /home/airflow/.local/lib/python3.7/site-packages/airflow/example_dags/example_sensor_decorator.py
[2023-08-23T00:30:50.625+0000] {logging_mixin.py:150} INFO - [2023-08-23T00:30:50.625+0000] {dag.py:2742} INFO - Sync 1 DAGs
[2023-08-23T00:30:50.648+0000] {logging_mixin.py:150} INFO - [2023-08-23T00:30:50.647+0000] {dag.py:3508} INFO - Setting next_dagrun for example_sensor_decorator to None, run_after=None
[2023-08-23T00:30:50.711+0000] {processor.py:179} INFO - Processing /home/airflow/.local/lib/python3.7/site-packages/airflow/example_dags/example_sensor_decorator.py took 0.116 seconds
[2023-08-23T00:31:20.984+0000] {processor.py:157} INFO - Started process (PID=1552) to work on /home/airflow/.local/lib/python3.7/site-packages/airflow/example_dags/example_sensor_decorator.py
[2023-08-23T00:31:20.985+0000] {processor.py:826} INFO - Processing file /home/airflow/.local/lib/python3.7/site-packages/airflow/example_dags/example_sensor_decorator.py for tasks to queue
[2023-08-23T00:31:20.986+0000] {logging_mixin.py:150} INFO - [2023-08-23T00:31:20.986+0000] {dagbag.py:541} INFO - Filling up the DagBag from /home/airflow/.local/lib/python3.7/site-packages/airflow/example_dags/example_sensor_decorator.py
[2023-08-23T00:31:20.993+0000] {processor.py:836} INFO - DAG(s) dict_keys(['example_sensor_decorator']) retrieved from /home/airflow/.local/lib/python3.7/site-packages/airflow/example_dags/example_sensor_decorator.py
[2023-08-23T00:31:21.014+0000] {logging_mixin.py:150} INFO - [2023-08-23T00:31:21.014+0000] {dag.py:2742} INFO - Sync 1 DAGs
[2023-08-23T00:31:21.038+0000] {logging_mixin.py:150} INFO - [2023-08-23T00:31:21.038+0000] {dag.py:3508} INFO - Setting next_dagrun for example_sensor_decorator to None, run_after=None
[2023-08-23T00:31:21.082+0000] {processor.py:179} INFO - Processing /home/airflow/.local/lib/python3.7/site-packages/airflow/example_dags/example_sensor_decorator.py took 0.101 seconds
[2023-08-23T00:31:51.601+0000] {processor.py:157} INFO - Started process (PID=1627) to work on /home/airflow/.local/lib/python3.7/site-packages/airflow/example_dags/example_sensor_decorator.py
[2023-08-23T00:31:51.602+0000] {processor.py:826} INFO - Processing file /home/airflow/.local/lib/python3.7/site-packages/airflow/example_dags/example_sensor_decorator.py for tasks to queue
[2023-08-23T00:31:51.603+0000] {logging_mixin.py:150} INFO - [2023-08-23T00:31:51.603+0000] {dagbag.py:541} INFO - Filling up the DagBag from /home/airflow/.local/lib/python3.7/site-packages/airflow/example_dags/example_sensor_decorator.py
[2023-08-23T00:31:51.610+0000] {processor.py:836} INFO - DAG(s) dict_keys(['example_sensor_decorator']) retrieved from /home/airflow/.local/lib/python3.7/site-packages/airflow/example_dags/example_sensor_decorator.py
[2023-08-23T00:31:51.629+0000] {logging_mixin.py:150} INFO - [2023-08-23T00:31:51.628+0000] {dag.py:2742} INFO - Sync 1 DAGs
[2023-08-23T00:31:51.652+0000] {logging_mixin.py:150} INFO - [2023-08-23T00:31:51.652+0000] {dag.py:3508} INFO - Setting next_dagrun for example_sensor_decorator to None, run_after=None
[2023-08-23T00:31:51.694+0000] {processor.py:179} INFO - Processing /home/airflow/.local/lib/python3.7/site-packages/airflow/example_dags/example_sensor_decorator.py took 0.096 seconds
[2023-08-23T00:32:22.390+0000] {processor.py:157} INFO - Started process (PID=1702) to work on /home/airflow/.local/lib/python3.7/site-packages/airflow/example_dags/example_sensor_decorator.py
[2023-08-23T00:32:22.391+0000] {processor.py:826} INFO - Processing file /home/airflow/.local/lib/python3.7/site-packages/airflow/example_dags/example_sensor_decorator.py for tasks to queue
[2023-08-23T00:32:22.392+0000] {logging_mixin.py:150} INFO - [2023-08-23T00:32:22.392+0000] {dagbag.py:541} INFO - Filling up the DagBag from /home/airflow/.local/lib/python3.7/site-packages/airflow/example_dags/example_sensor_decorator.py
[2023-08-23T00:32:22.397+0000] {processor.py:836} INFO - DAG(s) dict_keys(['example_sensor_decorator']) retrieved from /home/airflow/.local/lib/python3.7/site-packages/airflow/example_dags/example_sensor_decorator.py
[2023-08-23T00:32:22.420+0000] {logging_mixin.py:150} INFO - [2023-08-23T00:32:22.419+0000] {dag.py:2742} INFO - Sync 1 DAGs
[2023-08-23T00:32:22.445+0000] {logging_mixin.py:150} INFO - [2023-08-23T00:32:22.445+0000] {dag.py:3508} INFO - Setting next_dagrun for example_sensor_decorator to None, run_after=None
[2023-08-23T00:32:22.483+0000] {processor.py:179} INFO - Processing /home/airflow/.local/lib/python3.7/site-packages/airflow/example_dags/example_sensor_decorator.py took 0.096 seconds
[2023-08-23T00:32:52.661+0000] {processor.py:157} INFO - Started process (PID=1777) to work on /home/airflow/.local/lib/python3.7/site-packages/airflow/example_dags/example_sensor_decorator.py
[2023-08-23T00:32:52.662+0000] {processor.py:826} INFO - Processing file /home/airflow/.local/lib/python3.7/site-packages/airflow/example_dags/example_sensor_decorator.py for tasks to queue
[2023-08-23T00:32:52.663+0000] {logging_mixin.py:150} INFO - [2023-08-23T00:32:52.663+0000] {dagbag.py:541} INFO - Filling up the DagBag from /home/airflow/.local/lib/python3.7/site-packages/airflow/example_dags/example_sensor_decorator.py
[2023-08-23T00:32:52.671+0000] {processor.py:836} INFO - DAG(s) dict_keys(['example_sensor_decorator']) retrieved from /home/airflow/.local/lib/python3.7/site-packages/airflow/example_dags/example_sensor_decorator.py
[2023-08-23T00:32:52.699+0000] {logging_mixin.py:150} INFO - [2023-08-23T00:32:52.699+0000] {dag.py:2742} INFO - Sync 1 DAGs
[2023-08-23T00:32:52.727+0000] {logging_mixin.py:150} INFO - [2023-08-23T00:32:52.727+0000] {dag.py:3508} INFO - Setting next_dagrun for example_sensor_decorator to None, run_after=None
[2023-08-23T00:32:52.762+0000] {processor.py:179} INFO - Processing /home/airflow/.local/lib/python3.7/site-packages/airflow/example_dags/example_sensor_decorator.py took 0.105 seconds
[2023-08-23T00:33:23.028+0000] {processor.py:157} INFO - Started process (PID=1852) to work on /home/airflow/.local/lib/python3.7/site-packages/airflow/example_dags/example_sensor_decorator.py
[2023-08-23T00:33:23.029+0000] {processor.py:826} INFO - Processing file /home/airflow/.local/lib/python3.7/site-packages/airflow/example_dags/example_sensor_decorator.py for tasks to queue
[2023-08-23T00:33:23.029+0000] {logging_mixin.py:150} INFO - [2023-08-23T00:33:23.029+0000] {dagbag.py:541} INFO - Filling up the DagBag from /home/airflow/.local/lib/python3.7/site-packages/airflow/example_dags/example_sensor_decorator.py
[2023-08-23T00:33:23.035+0000] {processor.py:836} INFO - DAG(s) dict_keys(['example_sensor_decorator']) retrieved from /home/airflow/.local/lib/python3.7/site-packages/airflow/example_dags/example_sensor_decorator.py
[2023-08-23T00:33:23.056+0000] {logging_mixin.py:150} INFO - [2023-08-23T00:33:23.056+0000] {dag.py:2742} INFO - Sync 1 DAGs
[2023-08-23T00:33:23.080+0000] {logging_mixin.py:150} INFO - [2023-08-23T00:33:23.080+0000] {dag.py:3508} INFO - Setting next_dagrun for example_sensor_decorator to None, run_after=None
[2023-08-23T00:33:23.118+0000] {processor.py:179} INFO - Processing /home/airflow/.local/lib/python3.7/site-packages/airflow/example_dags/example_sensor_decorator.py took 0.093 seconds
[2023-08-23T00:33:53.865+0000] {processor.py:157} INFO - Started process (PID=1927) to work on /home/airflow/.local/lib/python3.7/site-packages/airflow/example_dags/example_sensor_decorator.py
[2023-08-23T00:33:53.866+0000] {processor.py:826} INFO - Processing file /home/airflow/.local/lib/python3.7/site-packages/airflow/example_dags/example_sensor_decorator.py for tasks to queue
[2023-08-23T00:33:53.868+0000] {logging_mixin.py:150} INFO - [2023-08-23T00:33:53.868+0000] {dagbag.py:541} INFO - Filling up the DagBag from /home/airflow/.local/lib/python3.7/site-packages/airflow/example_dags/example_sensor_decorator.py
[2023-08-23T00:33:53.875+0000] {processor.py:836} INFO - DAG(s) dict_keys(['example_sensor_decorator']) retrieved from /home/airflow/.local/lib/python3.7/site-packages/airflow/example_dags/example_sensor_decorator.py
[2023-08-23T00:33:53.897+0000] {logging_mixin.py:150} INFO - [2023-08-23T00:33:53.897+0000] {dag.py:2742} INFO - Sync 1 DAGs
[2023-08-23T00:33:53.926+0000] {logging_mixin.py:150} INFO - [2023-08-23T00:33:53.925+0000] {dag.py:3508} INFO - Setting next_dagrun for example_sensor_decorator to None, run_after=None
[2023-08-23T00:33:54.000+0000] {processor.py:179} INFO - Processing /home/airflow/.local/lib/python3.7/site-packages/airflow/example_dags/example_sensor_decorator.py took 0.140 seconds
[2023-08-23T00:34:24.285+0000] {processor.py:157} INFO - Started process (PID=2002) to work on /home/airflow/.local/lib/python3.7/site-packages/airflow/example_dags/example_sensor_decorator.py
[2023-08-23T00:34:24.287+0000] {processor.py:826} INFO - Processing file /home/airflow/.local/lib/python3.7/site-packages/airflow/example_dags/example_sensor_decorator.py for tasks to queue
[2023-08-23T00:34:24.288+0000] {logging_mixin.py:150} INFO - [2023-08-23T00:34:24.288+0000] {dagbag.py:541} INFO - Filling up the DagBag from /home/airflow/.local/lib/python3.7/site-packages/airflow/example_dags/example_sensor_decorator.py
[2023-08-23T00:34:24.293+0000] {processor.py:836} INFO - DAG(s) dict_keys(['example_sensor_decorator']) retrieved from /home/airflow/.local/lib/python3.7/site-packages/airflow/example_dags/example_sensor_decorator.py
[2023-08-23T00:34:24.314+0000] {logging_mixin.py:150} INFO - [2023-08-23T00:34:24.314+0000] {dag.py:2742} INFO - Sync 1 DAGs
[2023-08-23T00:34:24.341+0000] {logging_mixin.py:150} INFO - [2023-08-23T00:34:24.341+0000] {dag.py:3508} INFO - Setting next_dagrun for example_sensor_decorator to None, run_after=None
[2023-08-23T00:34:24.378+0000] {processor.py:179} INFO - Processing /home/airflow/.local/lib/python3.7/site-packages/airflow/example_dags/example_sensor_decorator.py took 0.095 seconds
[2023-08-23T00:34:54.743+0000] {processor.py:157} INFO - Started process (PID=2077) to work on /home/airflow/.local/lib/python3.7/site-packages/airflow/example_dags/example_sensor_decorator.py
[2023-08-23T00:34:54.744+0000] {processor.py:826} INFO - Processing file /home/airflow/.local/lib/python3.7/site-packages/airflow/example_dags/example_sensor_decorator.py for tasks to queue
[2023-08-23T00:34:54.745+0000] {logging_mixin.py:150} INFO - [2023-08-23T00:34:54.745+0000] {dagbag.py:541} INFO - Filling up the DagBag from /home/airflow/.local/lib/python3.7/site-packages/airflow/example_dags/example_sensor_decorator.py
[2023-08-23T00:34:54.751+0000] {processor.py:836} INFO - DAG(s) dict_keys(['example_sensor_decorator']) retrieved from /home/airflow/.local/lib/python3.7/site-packages/airflow/example_dags/example_sensor_decorator.py
[2023-08-23T00:34:54.772+0000] {logging_mixin.py:150} INFO - [2023-08-23T00:34:54.772+0000] {dag.py:2742} INFO - Sync 1 DAGs
[2023-08-23T00:34:54.797+0000] {logging_mixin.py:150} INFO - [2023-08-23T00:34:54.796+0000] {dag.py:3508} INFO - Setting next_dagrun for example_sensor_decorator to None, run_after=None
[2023-08-23T00:34:54.833+0000] {processor.py:179} INFO - Processing /home/airflow/.local/lib/python3.7/site-packages/airflow/example_dags/example_sensor_decorator.py took 0.092 seconds
[2023-08-23T00:35:25.263+0000] {processor.py:157} INFO - Started process (PID=2152) to work on /home/airflow/.local/lib/python3.7/site-packages/airflow/example_dags/example_sensor_decorator.py
[2023-08-23T00:35:25.264+0000] {processor.py:826} INFO - Processing file /home/airflow/.local/lib/python3.7/site-packages/airflow/example_dags/example_sensor_decorator.py for tasks to queue
[2023-08-23T00:35:25.265+0000] {logging_mixin.py:150} INFO - [2023-08-23T00:35:25.264+0000] {dagbag.py:541} INFO - Filling up the DagBag from /home/airflow/.local/lib/python3.7/site-packages/airflow/example_dags/example_sensor_decorator.py
[2023-08-23T00:35:25.270+0000] {processor.py:836} INFO - DAG(s) dict_keys(['example_sensor_decorator']) retrieved from /home/airflow/.local/lib/python3.7/site-packages/airflow/example_dags/example_sensor_decorator.py
[2023-08-23T00:35:25.292+0000] {logging_mixin.py:150} INFO - [2023-08-23T00:35:25.292+0000] {dag.py:2742} INFO - Sync 1 DAGs
[2023-08-23T00:35:25.316+0000] {logging_mixin.py:150} INFO - [2023-08-23T00:35:25.316+0000] {dag.py:3508} INFO - Setting next_dagrun for example_sensor_decorator to None, run_after=None
[2023-08-23T00:35:25.379+0000] {processor.py:179} INFO - Processing /home/airflow/.local/lib/python3.7/site-packages/airflow/example_dags/example_sensor_decorator.py took 0.120 seconds
[2023-08-23T00:35:55.866+0000] {processor.py:157} INFO - Started process (PID=2227) to work on /home/airflow/.local/lib/python3.7/site-packages/airflow/example_dags/example_sensor_decorator.py
[2023-08-23T00:35:55.867+0000] {processor.py:826} INFO - Processing file /home/airflow/.local/lib/python3.7/site-packages/airflow/example_dags/example_sensor_decorator.py for tasks to queue
[2023-08-23T00:35:55.868+0000] {logging_mixin.py:150} INFO - [2023-08-23T00:35:55.868+0000] {dagbag.py:541} INFO - Filling up the DagBag from /home/airflow/.local/lib/python3.7/site-packages/airflow/example_dags/example_sensor_decorator.py
[2023-08-23T00:35:55.875+0000] {processor.py:836} INFO - DAG(s) dict_keys(['example_sensor_decorator']) retrieved from /home/airflow/.local/lib/python3.7/site-packages/airflow/example_dags/example_sensor_decorator.py
[2023-08-23T00:35:55.899+0000] {logging_mixin.py:150} INFO - [2023-08-23T00:35:55.899+0000] {dag.py:2742} INFO - Sync 1 DAGs
[2023-08-23T00:35:55.928+0000] {logging_mixin.py:150} INFO - [2023-08-23T00:35:55.928+0000] {dag.py:3508} INFO - Setting next_dagrun for example_sensor_decorator to None, run_after=None
[2023-08-23T00:35:55.965+0000] {processor.py:179} INFO - Processing /home/airflow/.local/lib/python3.7/site-packages/airflow/example_dags/example_sensor_decorator.py took 0.102 seconds
[2023-08-23T00:36:26.392+0000] {processor.py:157} INFO - Started process (PID=2302) to work on /home/airflow/.local/lib/python3.7/site-packages/airflow/example_dags/example_sensor_decorator.py
[2023-08-23T00:36:26.393+0000] {processor.py:826} INFO - Processing file /home/airflow/.local/lib/python3.7/site-packages/airflow/example_dags/example_sensor_decorator.py for tasks to queue
[2023-08-23T00:36:26.395+0000] {logging_mixin.py:150} INFO - [2023-08-23T00:36:26.394+0000] {dagbag.py:541} INFO - Filling up the DagBag from /home/airflow/.local/lib/python3.7/site-packages/airflow/example_dags/example_sensor_decorator.py
[2023-08-23T00:36:26.404+0000] {processor.py:836} INFO - DAG(s) dict_keys(['example_sensor_decorator']) retrieved from /home/airflow/.local/lib/python3.7/site-packages/airflow/example_dags/example_sensor_decorator.py
[2023-08-23T00:36:26.433+0000] {logging_mixin.py:150} INFO - [2023-08-23T00:36:26.433+0000] {dag.py:2742} INFO - Sync 1 DAGs
[2023-08-23T00:36:26.466+0000] {logging_mixin.py:150} INFO - [2023-08-23T00:36:26.466+0000] {dag.py:3508} INFO - Setting next_dagrun for example_sensor_decorator to None, run_after=None
[2023-08-23T00:36:26.511+0000] {processor.py:179} INFO - Processing /home/airflow/.local/lib/python3.7/site-packages/airflow/example_dags/example_sensor_decorator.py took 0.124 seconds
[2023-08-23T00:36:56.697+0000] {processor.py:157} INFO - Started process (PID=2377) to work on /home/airflow/.local/lib/python3.7/site-packages/airflow/example_dags/example_sensor_decorator.py
[2023-08-23T00:36:56.698+0000] {processor.py:826} INFO - Processing file /home/airflow/.local/lib/python3.7/site-packages/airflow/example_dags/example_sensor_decorator.py for tasks to queue
[2023-08-23T00:36:56.698+0000] {logging_mixin.py:150} INFO - [2023-08-23T00:36:56.698+0000] {dagbag.py:541} INFO - Filling up the DagBag from /home/airflow/.local/lib/python3.7/site-packages/airflow/example_dags/example_sensor_decorator.py
[2023-08-23T00:36:56.704+0000] {processor.py:836} INFO - DAG(s) dict_keys(['example_sensor_decorator']) retrieved from /home/airflow/.local/lib/python3.7/site-packages/airflow/example_dags/example_sensor_decorator.py
[2023-08-23T00:36:56.724+0000] {logging_mixin.py:150} INFO - [2023-08-23T00:36:56.724+0000] {dag.py:2742} INFO - Sync 1 DAGs
[2023-08-23T00:36:56.750+0000] {logging_mixin.py:150} INFO - [2023-08-23T00:36:56.750+0000] {dag.py:3508} INFO - Setting next_dagrun for example_sensor_decorator to None, run_after=None
[2023-08-23T00:36:56.785+0000] {processor.py:179} INFO - Processing /home/airflow/.local/lib/python3.7/site-packages/airflow/example_dags/example_sensor_decorator.py took 0.091 seconds
[2023-08-23T00:37:27.128+0000] {processor.py:157} INFO - Started process (PID=2452) to work on /home/airflow/.local/lib/python3.7/site-packages/airflow/example_dags/example_sensor_decorator.py
[2023-08-23T00:37:27.129+0000] {processor.py:826} INFO - Processing file /home/airflow/.local/lib/python3.7/site-packages/airflow/example_dags/example_sensor_decorator.py for tasks to queue
[2023-08-23T00:37:27.130+0000] {logging_mixin.py:150} INFO - [2023-08-23T00:37:27.130+0000] {dagbag.py:541} INFO - Filling up the DagBag from /home/airflow/.local/lib/python3.7/site-packages/airflow/example_dags/example_sensor_decorator.py
[2023-08-23T00:37:27.137+0000] {processor.py:836} INFO - DAG(s) dict_keys(['example_sensor_decorator']) retrieved from /home/airflow/.local/lib/python3.7/site-packages/airflow/example_dags/example_sensor_decorator.py
[2023-08-23T00:37:27.162+0000] {logging_mixin.py:150} INFO - [2023-08-23T00:37:27.162+0000] {dag.py:2742} INFO - Sync 1 DAGs
[2023-08-23T00:37:27.191+0000] {logging_mixin.py:150} INFO - [2023-08-23T00:37:27.191+0000] {dag.py:3508} INFO - Setting next_dagrun for example_sensor_decorator to None, run_after=None
[2023-08-23T00:37:27.227+0000] {processor.py:179} INFO - Processing /home/airflow/.local/lib/python3.7/site-packages/airflow/example_dags/example_sensor_decorator.py took 0.102 seconds
[2023-08-23T00:37:57.601+0000] {processor.py:157} INFO - Started process (PID=2527) to work on /home/airflow/.local/lib/python3.7/site-packages/airflow/example_dags/example_sensor_decorator.py
[2023-08-23T00:37:57.602+0000] {processor.py:826} INFO - Processing file /home/airflow/.local/lib/python3.7/site-packages/airflow/example_dags/example_sensor_decorator.py for tasks to queue
[2023-08-23T00:37:57.603+0000] {logging_mixin.py:150} INFO - [2023-08-23T00:37:57.603+0000] {dagbag.py:541} INFO - Filling up the DagBag from /home/airflow/.local/lib/python3.7/site-packages/airflow/example_dags/example_sensor_decorator.py
[2023-08-23T00:37:57.609+0000] {processor.py:836} INFO - DAG(s) dict_keys(['example_sensor_decorator']) retrieved from /home/airflow/.local/lib/python3.7/site-packages/airflow/example_dags/example_sensor_decorator.py
[2023-08-23T00:37:57.632+0000] {logging_mixin.py:150} INFO - [2023-08-23T00:37:57.632+0000] {dag.py:2742} INFO - Sync 1 DAGs
[2023-08-23T00:37:57.664+0000] {logging_mixin.py:150} INFO - [2023-08-23T00:37:57.664+0000] {dag.py:3508} INFO - Setting next_dagrun for example_sensor_decorator to None, run_after=None
[2023-08-23T00:37:57.727+0000] {processor.py:179} INFO - Processing /home/airflow/.local/lib/python3.7/site-packages/airflow/example_dags/example_sensor_decorator.py took 0.129 seconds
[2023-08-23T00:38:28.030+0000] {processor.py:157} INFO - Started process (PID=2602) to work on /home/airflow/.local/lib/python3.7/site-packages/airflow/example_dags/example_sensor_decorator.py
[2023-08-23T00:38:28.031+0000] {processor.py:826} INFO - Processing file /home/airflow/.local/lib/python3.7/site-packages/airflow/example_dags/example_sensor_decorator.py for tasks to queue
[2023-08-23T00:38:28.032+0000] {logging_mixin.py:150} INFO - [2023-08-23T00:38:28.032+0000] {dagbag.py:541} INFO - Filling up the DagBag from /home/airflow/.local/lib/python3.7/site-packages/airflow/example_dags/example_sensor_decorator.py
[2023-08-23T00:38:28.038+0000] {processor.py:836} INFO - DAG(s) dict_keys(['example_sensor_decorator']) retrieved from /home/airflow/.local/lib/python3.7/site-packages/airflow/example_dags/example_sensor_decorator.py
[2023-08-23T00:38:28.058+0000] {logging_mixin.py:150} INFO - [2023-08-23T00:38:28.058+0000] {dag.py:2742} INFO - Sync 1 DAGs
[2023-08-23T00:38:28.084+0000] {logging_mixin.py:150} INFO - [2023-08-23T00:38:28.084+0000] {dag.py:3508} INFO - Setting next_dagrun for example_sensor_decorator to None, run_after=None
[2023-08-23T00:38:28.121+0000] {processor.py:179} INFO - Processing /home/airflow/.local/lib/python3.7/site-packages/airflow/example_dags/example_sensor_decorator.py took 0.094 seconds
[2023-08-23T00:38:58.501+0000] {processor.py:157} INFO - Started process (PID=2677) to work on /home/airflow/.local/lib/python3.7/site-packages/airflow/example_dags/example_sensor_decorator.py
[2023-08-23T00:38:58.502+0000] {processor.py:826} INFO - Processing file /home/airflow/.local/lib/python3.7/site-packages/airflow/example_dags/example_sensor_decorator.py for tasks to queue
[2023-08-23T00:38:58.503+0000] {logging_mixin.py:150} INFO - [2023-08-23T00:38:58.503+0000] {dagbag.py:541} INFO - Filling up the DagBag from /home/airflow/.local/lib/python3.7/site-packages/airflow/example_dags/example_sensor_decorator.py
[2023-08-23T00:38:58.508+0000] {processor.py:836} INFO - DAG(s) dict_keys(['example_sensor_decorator']) retrieved from /home/airflow/.local/lib/python3.7/site-packages/airflow/example_dags/example_sensor_decorator.py
[2023-08-23T00:38:58.531+0000] {logging_mixin.py:150} INFO - [2023-08-23T00:38:58.531+0000] {dag.py:2742} INFO - Sync 1 DAGs
[2023-08-23T00:38:58.558+0000] {logging_mixin.py:150} INFO - [2023-08-23T00:38:58.558+0000] {dag.py:3508} INFO - Setting next_dagrun for example_sensor_decorator to None, run_after=None
[2023-08-23T00:38:58.597+0000] {processor.py:179} INFO - Processing /home/airflow/.local/lib/python3.7/site-packages/airflow/example_dags/example_sensor_decorator.py took 0.099 seconds
[2023-08-23T00:39:29.063+0000] {processor.py:157} INFO - Started process (PID=2752) to work on /home/airflow/.local/lib/python3.7/site-packages/airflow/example_dags/example_sensor_decorator.py
[2023-08-23T00:39:29.064+0000] {processor.py:826} INFO - Processing file /home/airflow/.local/lib/python3.7/site-packages/airflow/example_dags/example_sensor_decorator.py for tasks to queue
[2023-08-23T00:39:29.066+0000] {logging_mixin.py:150} INFO - [2023-08-23T00:39:29.066+0000] {dagbag.py:541} INFO - Filling up the DagBag from /home/airflow/.local/lib/python3.7/site-packages/airflow/example_dags/example_sensor_decorator.py
[2023-08-23T00:39:29.071+0000] {processor.py:836} INFO - DAG(s) dict_keys(['example_sensor_decorator']) retrieved from /home/airflow/.local/lib/python3.7/site-packages/airflow/example_dags/example_sensor_decorator.py
[2023-08-23T00:39:29.092+0000] {logging_mixin.py:150} INFO - [2023-08-23T00:39:29.092+0000] {dag.py:2742} INFO - Sync 1 DAGs
[2023-08-23T00:39:29.116+0000] {logging_mixin.py:150} INFO - [2023-08-23T00:39:29.116+0000] {dag.py:3508} INFO - Setting next_dagrun for example_sensor_decorator to None, run_after=None
[2023-08-23T00:39:29.153+0000] {processor.py:179} INFO - Processing /home/airflow/.local/lib/python3.7/site-packages/airflow/example_dags/example_sensor_decorator.py took 0.092 seconds
[2023-08-23T00:39:59.574+0000] {processor.py:157} INFO - Started process (PID=2827) to work on /home/airflow/.local/lib/python3.7/site-packages/airflow/example_dags/example_sensor_decorator.py
[2023-08-23T00:39:59.575+0000] {processor.py:826} INFO - Processing file /home/airflow/.local/lib/python3.7/site-packages/airflow/example_dags/example_sensor_decorator.py for tasks to queue
[2023-08-23T00:39:59.576+0000] {logging_mixin.py:150} INFO - [2023-08-23T00:39:59.576+0000] {dagbag.py:541} INFO - Filling up the DagBag from /home/airflow/.local/lib/python3.7/site-packages/airflow/example_dags/example_sensor_decorator.py
[2023-08-23T00:39:59.581+0000] {processor.py:836} INFO - DAG(s) dict_keys(['example_sensor_decorator']) retrieved from /home/airflow/.local/lib/python3.7/site-packages/airflow/example_dags/example_sensor_decorator.py
[2023-08-23T00:39:59.601+0000] {logging_mixin.py:150} INFO - [2023-08-23T00:39:59.601+0000] {dag.py:2742} INFO - Sync 1 DAGs
[2023-08-23T00:39:59.626+0000] {logging_mixin.py:150} INFO - [2023-08-23T00:39:59.626+0000] {dag.py:3508} INFO - Setting next_dagrun for example_sensor_decorator to None, run_after=None
[2023-08-23T00:39:59.663+0000] {processor.py:179} INFO - Processing /home/airflow/.local/lib/python3.7/site-packages/airflow/example_dags/example_sensor_decorator.py took 0.091 seconds
[2023-08-23T00:40:30.288+0000] {processor.py:157} INFO - Started process (PID=2903) to work on /home/airflow/.local/lib/python3.7/site-packages/airflow/example_dags/example_sensor_decorator.py
[2023-08-23T00:40:30.289+0000] {processor.py:826} INFO - Processing file /home/airflow/.local/lib/python3.7/site-packages/airflow/example_dags/example_sensor_decorator.py for tasks to queue
[2023-08-23T00:40:30.290+0000] {logging_mixin.py:150} INFO - [2023-08-23T00:40:30.289+0000] {dagbag.py:541} INFO - Filling up the DagBag from /home/airflow/.local/lib/python3.7/site-packages/airflow/example_dags/example_sensor_decorator.py
[2023-08-23T00:40:30.295+0000] {processor.py:836} INFO - DAG(s) dict_keys(['example_sensor_decorator']) retrieved from /home/airflow/.local/lib/python3.7/site-packages/airflow/example_dags/example_sensor_decorator.py
[2023-08-23T00:40:30.322+0000] {logging_mixin.py:150} INFO - [2023-08-23T00:40:30.321+0000] {dag.py:2742} INFO - Sync 1 DAGs
[2023-08-23T00:40:30.347+0000] {logging_mixin.py:150} INFO - [2023-08-23T00:40:30.347+0000] {dag.py:3508} INFO - Setting next_dagrun for example_sensor_decorator to None, run_after=None
[2023-08-23T00:40:30.387+0000] {processor.py:179} INFO - Processing /home/airflow/.local/lib/python3.7/site-packages/airflow/example_dags/example_sensor_decorator.py took 0.102 seconds
[2023-08-23T00:41:00.725+0000] {processor.py:157} INFO - Started process (PID=2979) to work on /home/airflow/.local/lib/python3.7/site-packages/airflow/example_dags/example_sensor_decorator.py
[2023-08-23T00:41:00.726+0000] {processor.py:826} INFO - Processing file /home/airflow/.local/lib/python3.7/site-packages/airflow/example_dags/example_sensor_decorator.py for tasks to queue
[2023-08-23T00:41:00.727+0000] {logging_mixin.py:150} INFO - [2023-08-23T00:41:00.727+0000] {dagbag.py:541} INFO - Filling up the DagBag from /home/airflow/.local/lib/python3.7/site-packages/airflow/example_dags/example_sensor_decorator.py
[2023-08-23T00:41:00.732+0000] {processor.py:836} INFO - DAG(s) dict_keys(['example_sensor_decorator']) retrieved from /home/airflow/.local/lib/python3.7/site-packages/airflow/example_dags/example_sensor_decorator.py
[2023-08-23T00:41:00.755+0000] {logging_mixin.py:150} INFO - [2023-08-23T00:41:00.755+0000] {dag.py:2742} INFO - Sync 1 DAGs
[2023-08-23T00:41:00.778+0000] {logging_mixin.py:150} INFO - [2023-08-23T00:41:00.778+0000] {dag.py:3508} INFO - Setting next_dagrun for example_sensor_decorator to None, run_after=None
[2023-08-23T00:41:00.873+0000] {processor.py:179} INFO - Processing /home/airflow/.local/lib/python3.7/site-packages/airflow/example_dags/example_sensor_decorator.py took 0.150 seconds
[2023-08-23T00:41:31.432+0000] {processor.py:157} INFO - Started process (PID=3055) to work on /home/airflow/.local/lib/python3.7/site-packages/airflow/example_dags/example_sensor_decorator.py
[2023-08-23T00:41:31.433+0000] {processor.py:826} INFO - Processing file /home/airflow/.local/lib/python3.7/site-packages/airflow/example_dags/example_sensor_decorator.py for tasks to queue
[2023-08-23T00:41:31.434+0000] {logging_mixin.py:150} INFO - [2023-08-23T00:41:31.434+0000] {dagbag.py:541} INFO - Filling up the DagBag from /home/airflow/.local/lib/python3.7/site-packages/airflow/example_dags/example_sensor_decorator.py
[2023-08-23T00:41:31.439+0000] {processor.py:836} INFO - DAG(s) dict_keys(['example_sensor_decorator']) retrieved from /home/airflow/.local/lib/python3.7/site-packages/airflow/example_dags/example_sensor_decorator.py
[2023-08-23T00:41:31.505+0000] {logging_mixin.py:150} INFO - [2023-08-23T00:41:31.505+0000] {dag.py:2742} INFO - Sync 1 DAGs
[2023-08-23T00:41:31.531+0000] {logging_mixin.py:150} INFO - [2023-08-23T00:41:31.531+0000] {dag.py:3508} INFO - Setting next_dagrun for example_sensor_decorator to None, run_after=None
[2023-08-23T00:41:31.614+0000] {processor.py:179} INFO - Processing /home/airflow/.local/lib/python3.7/site-packages/airflow/example_dags/example_sensor_decorator.py took 0.185 seconds
[2023-08-23T00:42:01.791+0000] {processor.py:157} INFO - Started process (PID=3129) to work on /home/airflow/.local/lib/python3.7/site-packages/airflow/example_dags/example_sensor_decorator.py
[2023-08-23T00:42:01.792+0000] {processor.py:826} INFO - Processing file /home/airflow/.local/lib/python3.7/site-packages/airflow/example_dags/example_sensor_decorator.py for tasks to queue
[2023-08-23T00:42:01.793+0000] {logging_mixin.py:150} INFO - [2023-08-23T00:42:01.793+0000] {dagbag.py:541} INFO - Filling up the DagBag from /home/airflow/.local/lib/python3.7/site-packages/airflow/example_dags/example_sensor_decorator.py
[2023-08-23T00:42:01.799+0000] {processor.py:836} INFO - DAG(s) dict_keys(['example_sensor_decorator']) retrieved from /home/airflow/.local/lib/python3.7/site-packages/airflow/example_dags/example_sensor_decorator.py
[2023-08-23T00:42:01.821+0000] {logging_mixin.py:150} INFO - [2023-08-23T00:42:01.820+0000] {dag.py:2742} INFO - Sync 1 DAGs
[2023-08-23T00:42:01.847+0000] {logging_mixin.py:150} INFO - [2023-08-23T00:42:01.847+0000] {dag.py:3508} INFO - Setting next_dagrun for example_sensor_decorator to None, run_after=None
[2023-08-23T00:42:01.887+0000] {processor.py:179} INFO - Processing /home/airflow/.local/lib/python3.7/site-packages/airflow/example_dags/example_sensor_decorator.py took 0.099 seconds
[2023-08-23T00:42:32.493+0000] {processor.py:157} INFO - Started process (PID=3204) to work on /home/airflow/.local/lib/python3.7/site-packages/airflow/example_dags/example_sensor_decorator.py
[2023-08-23T00:42:32.494+0000] {processor.py:826} INFO - Processing file /home/airflow/.local/lib/python3.7/site-packages/airflow/example_dags/example_sensor_decorator.py for tasks to queue
[2023-08-23T00:42:32.495+0000] {logging_mixin.py:150} INFO - [2023-08-23T00:42:32.494+0000] {dagbag.py:541} INFO - Filling up the DagBag from /home/airflow/.local/lib/python3.7/site-packages/airflow/example_dags/example_sensor_decorator.py
[2023-08-23T00:42:32.502+0000] {processor.py:836} INFO - DAG(s) dict_keys(['example_sensor_decorator']) retrieved from /home/airflow/.local/lib/python3.7/site-packages/airflow/example_dags/example_sensor_decorator.py
[2023-08-23T00:42:32.527+0000] {logging_mixin.py:150} INFO - [2023-08-23T00:42:32.527+0000] {dag.py:2742} INFO - Sync 1 DAGs
[2023-08-23T00:42:32.558+0000] {logging_mixin.py:150} INFO - [2023-08-23T00:42:32.558+0000] {dag.py:3508} INFO - Setting next_dagrun for example_sensor_decorator to None, run_after=None
[2023-08-23T00:42:32.640+0000] {processor.py:179} INFO - Processing /home/airflow/.local/lib/python3.7/site-packages/airflow/example_dags/example_sensor_decorator.py took 0.150 seconds
[2023-08-23T00:43:02.976+0000] {processor.py:157} INFO - Started process (PID=3279) to work on /home/airflow/.local/lib/python3.7/site-packages/airflow/example_dags/example_sensor_decorator.py
[2023-08-23T00:43:02.977+0000] {processor.py:826} INFO - Processing file /home/airflow/.local/lib/python3.7/site-packages/airflow/example_dags/example_sensor_decorator.py for tasks to queue
[2023-08-23T00:43:02.978+0000] {logging_mixin.py:150} INFO - [2023-08-23T00:43:02.978+0000] {dagbag.py:541} INFO - Filling up the DagBag from /home/airflow/.local/lib/python3.7/site-packages/airflow/example_dags/example_sensor_decorator.py
[2023-08-23T00:43:02.985+0000] {processor.py:836} INFO - DAG(s) dict_keys(['example_sensor_decorator']) retrieved from /home/airflow/.local/lib/python3.7/site-packages/airflow/example_dags/example_sensor_decorator.py
[2023-08-23T00:43:03.006+0000] {logging_mixin.py:150} INFO - [2023-08-23T00:43:03.006+0000] {dag.py:2742} INFO - Sync 1 DAGs
[2023-08-23T00:43:03.036+0000] {logging_mixin.py:150} INFO - [2023-08-23T00:43:03.036+0000] {dag.py:3508} INFO - Setting next_dagrun for example_sensor_decorator to None, run_after=None
[2023-08-23T00:43:03.059+0000] {processor.py:179} INFO - Processing /home/airflow/.local/lib/python3.7/site-packages/airflow/example_dags/example_sensor_decorator.py took 0.086 seconds
[2023-08-23T00:43:33.594+0000] {processor.py:157} INFO - Started process (PID=3354) to work on /home/airflow/.local/lib/python3.7/site-packages/airflow/example_dags/example_sensor_decorator.py
[2023-08-23T00:43:33.595+0000] {processor.py:826} INFO - Processing file /home/airflow/.local/lib/python3.7/site-packages/airflow/example_dags/example_sensor_decorator.py for tasks to queue
[2023-08-23T00:43:33.596+0000] {logging_mixin.py:150} INFO - [2023-08-23T00:43:33.596+0000] {dagbag.py:541} INFO - Filling up the DagBag from /home/airflow/.local/lib/python3.7/site-packages/airflow/example_dags/example_sensor_decorator.py
[2023-08-23T00:43:33.601+0000] {processor.py:836} INFO - DAG(s) dict_keys(['example_sensor_decorator']) retrieved from /home/airflow/.local/lib/python3.7/site-packages/airflow/example_dags/example_sensor_decorator.py
[2023-08-23T00:43:33.621+0000] {logging_mixin.py:150} INFO - [2023-08-23T00:43:33.621+0000] {dag.py:2742} INFO - Sync 1 DAGs
[2023-08-23T00:43:33.645+0000] {logging_mixin.py:150} INFO - [2023-08-23T00:43:33.645+0000] {dag.py:3508} INFO - Setting next_dagrun for example_sensor_decorator to None, run_after=None
[2023-08-23T00:43:33.688+0000] {processor.py:179} INFO - Processing /home/airflow/.local/lib/python3.7/site-packages/airflow/example_dags/example_sensor_decorator.py took 0.096 seconds
[2023-08-23T00:44:04.933+0000] {processor.py:157} INFO - Started process (PID=3429) to work on /home/airflow/.local/lib/python3.7/site-packages/airflow/example_dags/example_sensor_decorator.py
[2023-08-23T00:44:04.934+0000] {processor.py:826} INFO - Processing file /home/airflow/.local/lib/python3.7/site-packages/airflow/example_dags/example_sensor_decorator.py for tasks to queue
[2023-08-23T00:44:04.935+0000] {logging_mixin.py:150} INFO - [2023-08-23T00:44:04.934+0000] {dagbag.py:541} INFO - Filling up the DagBag from /home/airflow/.local/lib/python3.7/site-packages/airflow/example_dags/example_sensor_decorator.py
[2023-08-23T00:44:04.940+0000] {processor.py:836} INFO - DAG(s) dict_keys(['example_sensor_decorator']) retrieved from /home/airflow/.local/lib/python3.7/site-packages/airflow/example_dags/example_sensor_decorator.py
[2023-08-23T00:44:04.959+0000] {logging_mixin.py:150} INFO - [2023-08-23T00:44:04.959+0000] {dag.py:2742} INFO - Sync 1 DAGs
[2023-08-23T00:44:04.982+0000] {logging_mixin.py:150} INFO - [2023-08-23T00:44:04.982+0000] {dag.py:3508} INFO - Setting next_dagrun for example_sensor_decorator to None, run_after=None
[2023-08-23T00:44:05.024+0000] {processor.py:179} INFO - Processing /home/airflow/.local/lib/python3.7/site-packages/airflow/example_dags/example_sensor_decorator.py took 0.094 seconds
[2023-08-23T00:44:35.375+0000] {processor.py:157} INFO - Started process (PID=3504) to work on /home/airflow/.local/lib/python3.7/site-packages/airflow/example_dags/example_sensor_decorator.py
[2023-08-23T00:44:35.376+0000] {processor.py:826} INFO - Processing file /home/airflow/.local/lib/python3.7/site-packages/airflow/example_dags/example_sensor_decorator.py for tasks to queue
[2023-08-23T00:44:35.377+0000] {logging_mixin.py:150} INFO - [2023-08-23T00:44:35.377+0000] {dagbag.py:541} INFO - Filling up the DagBag from /home/airflow/.local/lib/python3.7/site-packages/airflow/example_dags/example_sensor_decorator.py
[2023-08-23T00:44:35.382+0000] {processor.py:836} INFO - DAG(s) dict_keys(['example_sensor_decorator']) retrieved from /home/airflow/.local/lib/python3.7/site-packages/airflow/example_dags/example_sensor_decorator.py
[2023-08-23T00:44:35.403+0000] {logging_mixin.py:150} INFO - [2023-08-23T00:44:35.403+0000] {dag.py:2742} INFO - Sync 1 DAGs
[2023-08-23T00:44:35.427+0000] {logging_mixin.py:150} INFO - [2023-08-23T00:44:35.427+0000] {dag.py:3508} INFO - Setting next_dagrun for example_sensor_decorator to None, run_after=None
[2023-08-23T00:44:35.474+0000] {processor.py:179} INFO - Processing /home/airflow/.local/lib/python3.7/site-packages/airflow/example_dags/example_sensor_decorator.py took 0.103 seconds
[2023-08-23T00:45:05.828+0000] {processor.py:157} INFO - Started process (PID=3579) to work on /home/airflow/.local/lib/python3.7/site-packages/airflow/example_dags/example_sensor_decorator.py
[2023-08-23T00:45:05.830+0000] {processor.py:826} INFO - Processing file /home/airflow/.local/lib/python3.7/site-packages/airflow/example_dags/example_sensor_decorator.py for tasks to queue
[2023-08-23T00:45:05.831+0000] {logging_mixin.py:150} INFO - [2023-08-23T00:45:05.831+0000] {dagbag.py:541} INFO - Filling up the DagBag from /home/airflow/.local/lib/python3.7/site-packages/airflow/example_dags/example_sensor_decorator.py
[2023-08-23T00:45:05.836+0000] {processor.py:836} INFO - DAG(s) dict_keys(['example_sensor_decorator']) retrieved from /home/airflow/.local/lib/python3.7/site-packages/airflow/example_dags/example_sensor_decorator.py
[2023-08-23T00:45:05.857+0000] {logging_mixin.py:150} INFO - [2023-08-23T00:45:05.857+0000] {dag.py:2742} INFO - Sync 1 DAGs
[2023-08-23T00:45:05.880+0000] {logging_mixin.py:150} INFO - [2023-08-23T00:45:05.880+0000] {dag.py:3508} INFO - Setting next_dagrun for example_sensor_decorator to None, run_after=None
[2023-08-23T00:45:05.936+0000] {processor.py:179} INFO - Processing /home/airflow/.local/lib/python3.7/site-packages/airflow/example_dags/example_sensor_decorator.py took 0.110 seconds
[2023-08-23T00:45:37.141+0000] {processor.py:157} INFO - Started process (PID=3654) to work on /home/airflow/.local/lib/python3.7/site-packages/airflow/example_dags/example_sensor_decorator.py
[2023-08-23T00:45:37.142+0000] {processor.py:826} INFO - Processing file /home/airflow/.local/lib/python3.7/site-packages/airflow/example_dags/example_sensor_decorator.py for tasks to queue
[2023-08-23T00:45:37.142+0000] {logging_mixin.py:150} INFO - [2023-08-23T00:45:37.142+0000] {dagbag.py:541} INFO - Filling up the DagBag from /home/airflow/.local/lib/python3.7/site-packages/airflow/example_dags/example_sensor_decorator.py
[2023-08-23T00:45:37.148+0000] {processor.py:836} INFO - DAG(s) dict_keys(['example_sensor_decorator']) retrieved from /home/airflow/.local/lib/python3.7/site-packages/airflow/example_dags/example_sensor_decorator.py
[2023-08-23T00:45:37.167+0000] {logging_mixin.py:150} INFO - [2023-08-23T00:45:37.167+0000] {dag.py:2742} INFO - Sync 1 DAGs
[2023-08-23T00:45:37.191+0000] {logging_mixin.py:150} INFO - [2023-08-23T00:45:37.191+0000] {dag.py:3508} INFO - Setting next_dagrun for example_sensor_decorator to None, run_after=None
[2023-08-23T00:45:37.227+0000] {processor.py:179} INFO - Processing /home/airflow/.local/lib/python3.7/site-packages/airflow/example_dags/example_sensor_decorator.py took 0.089 seconds
[2023-08-23T00:46:07.947+0000] {processor.py:157} INFO - Started process (PID=3729) to work on /home/airflow/.local/lib/python3.7/site-packages/airflow/example_dags/example_sensor_decorator.py
[2023-08-23T00:46:07.948+0000] {processor.py:826} INFO - Processing file /home/airflow/.local/lib/python3.7/site-packages/airflow/example_dags/example_sensor_decorator.py for tasks to queue
[2023-08-23T00:46:07.949+0000] {logging_mixin.py:150} INFO - [2023-08-23T00:46:07.949+0000] {dagbag.py:541} INFO - Filling up the DagBag from /home/airflow/.local/lib/python3.7/site-packages/airflow/example_dags/example_sensor_decorator.py
[2023-08-23T00:46:07.954+0000] {processor.py:836} INFO - DAG(s) dict_keys(['example_sensor_decorator']) retrieved from /home/airflow/.local/lib/python3.7/site-packages/airflow/example_dags/example_sensor_decorator.py
[2023-08-23T00:46:07.974+0000] {logging_mixin.py:150} INFO - [2023-08-23T00:46:07.974+0000] {dag.py:2742} INFO - Sync 1 DAGs
[2023-08-23T00:46:08.002+0000] {logging_mixin.py:150} INFO - [2023-08-23T00:46:08.002+0000] {dag.py:3508} INFO - Setting next_dagrun for example_sensor_decorator to None, run_after=None
[2023-08-23T00:46:08.050+0000] {processor.py:179} INFO - Processing /home/airflow/.local/lib/python3.7/site-packages/airflow/example_dags/example_sensor_decorator.py took 0.106 seconds
[2023-08-23T00:46:38.406+0000] {processor.py:157} INFO - Started process (PID=3804) to work on /home/airflow/.local/lib/python3.7/site-packages/airflow/example_dags/example_sensor_decorator.py
[2023-08-23T00:46:38.407+0000] {processor.py:826} INFO - Processing file /home/airflow/.local/lib/python3.7/site-packages/airflow/example_dags/example_sensor_decorator.py for tasks to queue
[2023-08-23T00:46:38.408+0000] {logging_mixin.py:150} INFO - [2023-08-23T00:46:38.408+0000] {dagbag.py:541} INFO - Filling up the DagBag from /home/airflow/.local/lib/python3.7/site-packages/airflow/example_dags/example_sensor_decorator.py
[2023-08-23T00:46:38.414+0000] {processor.py:836} INFO - DAG(s) dict_keys(['example_sensor_decorator']) retrieved from /home/airflow/.local/lib/python3.7/site-packages/airflow/example_dags/example_sensor_decorator.py
[2023-08-23T00:46:38.435+0000] {logging_mixin.py:150} INFO - [2023-08-23T00:46:38.434+0000] {dag.py:2742} INFO - Sync 1 DAGs
[2023-08-23T00:46:38.457+0000] {logging_mixin.py:150} INFO - [2023-08-23T00:46:38.457+0000] {dag.py:3508} INFO - Setting next_dagrun for example_sensor_decorator to None, run_after=None
[2023-08-23T00:46:38.513+0000] {processor.py:179} INFO - Processing /home/airflow/.local/lib/python3.7/site-packages/airflow/example_dags/example_sensor_decorator.py took 0.110 seconds
[2023-08-23T00:47:09.881+0000] {processor.py:157} INFO - Started process (PID=3879) to work on /home/airflow/.local/lib/python3.7/site-packages/airflow/example_dags/example_sensor_decorator.py
[2023-08-23T00:47:09.882+0000] {processor.py:826} INFO - Processing file /home/airflow/.local/lib/python3.7/site-packages/airflow/example_dags/example_sensor_decorator.py for tasks to queue
[2023-08-23T00:47:09.883+0000] {logging_mixin.py:150} INFO - [2023-08-23T00:47:09.883+0000] {dagbag.py:541} INFO - Filling up the DagBag from /home/airflow/.local/lib/python3.7/site-packages/airflow/example_dags/example_sensor_decorator.py
[2023-08-23T00:47:09.888+0000] {processor.py:836} INFO - DAG(s) dict_keys(['example_sensor_decorator']) retrieved from /home/airflow/.local/lib/python3.7/site-packages/airflow/example_dags/example_sensor_decorator.py
[2023-08-23T00:47:09.910+0000] {logging_mixin.py:150} INFO - [2023-08-23T00:47:09.910+0000] {dag.py:2742} INFO - Sync 1 DAGs
[2023-08-23T00:47:09.935+0000] {logging_mixin.py:150} INFO - [2023-08-23T00:47:09.935+0000] {dag.py:3508} INFO - Setting next_dagrun for example_sensor_decorator to None, run_after=None
[2023-08-23T00:47:09.973+0000] {processor.py:179} INFO - Processing /home/airflow/.local/lib/python3.7/site-packages/airflow/example_dags/example_sensor_decorator.py took 0.095 seconds
[2023-08-23T00:47:40.514+0000] {processor.py:157} INFO - Started process (PID=3954) to work on /home/airflow/.local/lib/python3.7/site-packages/airflow/example_dags/example_sensor_decorator.py
[2023-08-23T00:47:40.515+0000] {processor.py:826} INFO - Processing file /home/airflow/.local/lib/python3.7/site-packages/airflow/example_dags/example_sensor_decorator.py for tasks to queue
[2023-08-23T00:47:40.516+0000] {logging_mixin.py:150} INFO - [2023-08-23T00:47:40.516+0000] {dagbag.py:541} INFO - Filling up the DagBag from /home/airflow/.local/lib/python3.7/site-packages/airflow/example_dags/example_sensor_decorator.py
[2023-08-23T00:47:40.522+0000] {processor.py:836} INFO - DAG(s) dict_keys(['example_sensor_decorator']) retrieved from /home/airflow/.local/lib/python3.7/site-packages/airflow/example_dags/example_sensor_decorator.py
[2023-08-23T00:47:40.544+0000] {logging_mixin.py:150} INFO - [2023-08-23T00:47:40.544+0000] {dag.py:2742} INFO - Sync 1 DAGs
[2023-08-23T00:47:40.569+0000] {logging_mixin.py:150} INFO - [2023-08-23T00:47:40.569+0000] {dag.py:3508} INFO - Setting next_dagrun for example_sensor_decorator to None, run_after=None
[2023-08-23T00:47:40.606+0000] {processor.py:179} INFO - Processing /home/airflow/.local/lib/python3.7/site-packages/airflow/example_dags/example_sensor_decorator.py took 0.095 seconds
[2023-08-23T00:48:11.203+0000] {processor.py:157} INFO - Started process (PID=4036) to work on /home/airflow/.local/lib/python3.7/site-packages/airflow/example_dags/example_sensor_decorator.py
[2023-08-23T00:48:11.204+0000] {processor.py:826} INFO - Processing file /home/airflow/.local/lib/python3.7/site-packages/airflow/example_dags/example_sensor_decorator.py for tasks to queue
[2023-08-23T00:48:11.205+0000] {logging_mixin.py:150} INFO - [2023-08-23T00:48:11.205+0000] {dagbag.py:541} INFO - Filling up the DagBag from /home/airflow/.local/lib/python3.7/site-packages/airflow/example_dags/example_sensor_decorator.py
[2023-08-23T00:48:11.210+0000] {processor.py:836} INFO - DAG(s) dict_keys(['example_sensor_decorator']) retrieved from /home/airflow/.local/lib/python3.7/site-packages/airflow/example_dags/example_sensor_decorator.py
[2023-08-23T00:48:11.231+0000] {logging_mixin.py:150} INFO - [2023-08-23T00:48:11.230+0000] {dag.py:2742} INFO - Sync 1 DAGs
[2023-08-23T00:48:11.253+0000] {logging_mixin.py:150} INFO - [2023-08-23T00:48:11.253+0000] {dag.py:3508} INFO - Setting next_dagrun for example_sensor_decorator to None, run_after=None
[2023-08-23T00:48:11.337+0000] {processor.py:179} INFO - Processing /home/airflow/.local/lib/python3.7/site-packages/airflow/example_dags/example_sensor_decorator.py took 0.136 seconds
[2023-08-23T00:48:42.185+0000] {processor.py:157} INFO - Started process (PID=4111) to work on /home/airflow/.local/lib/python3.7/site-packages/airflow/example_dags/example_sensor_decorator.py
[2023-08-23T00:48:42.186+0000] {processor.py:826} INFO - Processing file /home/airflow/.local/lib/python3.7/site-packages/airflow/example_dags/example_sensor_decorator.py for tasks to queue
[2023-08-23T00:48:42.187+0000] {logging_mixin.py:150} INFO - [2023-08-23T00:48:42.187+0000] {dagbag.py:541} INFO - Filling up the DagBag from /home/airflow/.local/lib/python3.7/site-packages/airflow/example_dags/example_sensor_decorator.py
[2023-08-23T00:48:42.194+0000] {processor.py:836} INFO - DAG(s) dict_keys(['example_sensor_decorator']) retrieved from /home/airflow/.local/lib/python3.7/site-packages/airflow/example_dags/example_sensor_decorator.py
[2023-08-23T00:48:42.215+0000] {logging_mixin.py:150} INFO - [2023-08-23T00:48:42.215+0000] {dag.py:2742} INFO - Sync 1 DAGs
[2023-08-23T00:48:42.243+0000] {logging_mixin.py:150} INFO - [2023-08-23T00:48:42.242+0000] {dag.py:3508} INFO - Setting next_dagrun for example_sensor_decorator to None, run_after=None
[2023-08-23T00:48:42.281+0000] {processor.py:179} INFO - Processing /home/airflow/.local/lib/python3.7/site-packages/airflow/example_dags/example_sensor_decorator.py took 0.098 seconds
[2023-08-23T00:49:12.427+0000] {processor.py:157} INFO - Started process (PID=4186) to work on /home/airflow/.local/lib/python3.7/site-packages/airflow/example_dags/example_sensor_decorator.py
[2023-08-23T00:49:12.428+0000] {processor.py:826} INFO - Processing file /home/airflow/.local/lib/python3.7/site-packages/airflow/example_dags/example_sensor_decorator.py for tasks to queue
[2023-08-23T00:49:12.429+0000] {logging_mixin.py:150} INFO - [2023-08-23T00:49:12.429+0000] {dagbag.py:541} INFO - Filling up the DagBag from /home/airflow/.local/lib/python3.7/site-packages/airflow/example_dags/example_sensor_decorator.py
[2023-08-23T00:49:12.435+0000] {processor.py:836} INFO - DAG(s) dict_keys(['example_sensor_decorator']) retrieved from /home/airflow/.local/lib/python3.7/site-packages/airflow/example_dags/example_sensor_decorator.py
[2023-08-23T00:49:12.456+0000] {logging_mixin.py:150} INFO - [2023-08-23T00:49:12.456+0000] {dag.py:2742} INFO - Sync 1 DAGs
[2023-08-23T00:49:12.481+0000] {logging_mixin.py:150} INFO - [2023-08-23T00:49:12.481+0000] {dag.py:3508} INFO - Setting next_dagrun for example_sensor_decorator to None, run_after=None
[2023-08-23T00:49:12.518+0000] {processor.py:179} INFO - Processing /home/airflow/.local/lib/python3.7/site-packages/airflow/example_dags/example_sensor_decorator.py took 0.094 seconds
[2023-08-23T00:49:42.770+0000] {processor.py:157} INFO - Started process (PID=4261) to work on /home/airflow/.local/lib/python3.7/site-packages/airflow/example_dags/example_sensor_decorator.py
[2023-08-23T00:49:42.771+0000] {processor.py:826} INFO - Processing file /home/airflow/.local/lib/python3.7/site-packages/airflow/example_dags/example_sensor_decorator.py for tasks to queue
[2023-08-23T00:49:42.772+0000] {logging_mixin.py:150} INFO - [2023-08-23T00:49:42.771+0000] {dagbag.py:541} INFO - Filling up the DagBag from /home/airflow/.local/lib/python3.7/site-packages/airflow/example_dags/example_sensor_decorator.py
[2023-08-23T00:49:42.777+0000] {processor.py:836} INFO - DAG(s) dict_keys(['example_sensor_decorator']) retrieved from /home/airflow/.local/lib/python3.7/site-packages/airflow/example_dags/example_sensor_decorator.py
[2023-08-23T00:49:42.797+0000] {logging_mixin.py:150} INFO - [2023-08-23T00:49:42.797+0000] {dag.py:2742} INFO - Sync 1 DAGs
[2023-08-23T00:49:42.820+0000] {logging_mixin.py:150} INFO - [2023-08-23T00:49:42.820+0000] {dag.py:3508} INFO - Setting next_dagrun for example_sensor_decorator to None, run_after=None
[2023-08-23T00:49:42.855+0000] {processor.py:179} INFO - Processing /home/airflow/.local/lib/python3.7/site-packages/airflow/example_dags/example_sensor_decorator.py took 0.088 seconds
[2023-08-23T00:50:13.060+0000] {processor.py:157} INFO - Started process (PID=4336) to work on /home/airflow/.local/lib/python3.7/site-packages/airflow/example_dags/example_sensor_decorator.py
[2023-08-23T00:50:13.061+0000] {processor.py:826} INFO - Processing file /home/airflow/.local/lib/python3.7/site-packages/airflow/example_dags/example_sensor_decorator.py for tasks to queue
[2023-08-23T00:50:13.062+0000] {logging_mixin.py:150} INFO - [2023-08-23T00:50:13.062+0000] {dagbag.py:541} INFO - Filling up the DagBag from /home/airflow/.local/lib/python3.7/site-packages/airflow/example_dags/example_sensor_decorator.py
[2023-08-23T00:50:13.067+0000] {processor.py:836} INFO - DAG(s) dict_keys(['example_sensor_decorator']) retrieved from /home/airflow/.local/lib/python3.7/site-packages/airflow/example_dags/example_sensor_decorator.py
[2023-08-23T00:50:13.090+0000] {logging_mixin.py:150} INFO - [2023-08-23T00:50:13.089+0000] {dag.py:2742} INFO - Sync 1 DAGs
[2023-08-23T00:50:13.115+0000] {logging_mixin.py:150} INFO - [2023-08-23T00:50:13.114+0000] {dag.py:3508} INFO - Setting next_dagrun for example_sensor_decorator to None, run_after=None
[2023-08-23T00:50:13.152+0000] {processor.py:179} INFO - Processing /home/airflow/.local/lib/python3.7/site-packages/airflow/example_dags/example_sensor_decorator.py took 0.095 seconds
[2023-08-23T00:50:44.225+0000] {processor.py:157} INFO - Started process (PID=4411) to work on /home/airflow/.local/lib/python3.7/site-packages/airflow/example_dags/example_sensor_decorator.py
[2023-08-23T00:50:44.226+0000] {processor.py:826} INFO - Processing file /home/airflow/.local/lib/python3.7/site-packages/airflow/example_dags/example_sensor_decorator.py for tasks to queue
[2023-08-23T00:50:44.227+0000] {logging_mixin.py:150} INFO - [2023-08-23T00:50:44.227+0000] {dagbag.py:541} INFO - Filling up the DagBag from /home/airflow/.local/lib/python3.7/site-packages/airflow/example_dags/example_sensor_decorator.py
[2023-08-23T00:50:44.232+0000] {processor.py:836} INFO - DAG(s) dict_keys(['example_sensor_decorator']) retrieved from /home/airflow/.local/lib/python3.7/site-packages/airflow/example_dags/example_sensor_decorator.py
[2023-08-23T00:50:44.256+0000] {logging_mixin.py:150} INFO - [2023-08-23T00:50:44.256+0000] {dag.py:2742} INFO - Sync 1 DAGs
[2023-08-23T00:50:44.280+0000] {logging_mixin.py:150} INFO - [2023-08-23T00:50:44.280+0000] {dag.py:3508} INFO - Setting next_dagrun for example_sensor_decorator to None, run_after=None
[2023-08-23T00:50:44.325+0000] {processor.py:179} INFO - Processing /home/airflow/.local/lib/python3.7/site-packages/airflow/example_dags/example_sensor_decorator.py took 0.103 seconds
[2023-08-23T00:51:14.801+0000] {processor.py:157} INFO - Started process (PID=4486) to work on /home/airflow/.local/lib/python3.7/site-packages/airflow/example_dags/example_sensor_decorator.py
[2023-08-23T00:51:14.802+0000] {processor.py:826} INFO - Processing file /home/airflow/.local/lib/python3.7/site-packages/airflow/example_dags/example_sensor_decorator.py for tasks to queue
[2023-08-23T00:51:14.803+0000] {logging_mixin.py:150} INFO - [2023-08-23T00:51:14.803+0000] {dagbag.py:541} INFO - Filling up the DagBag from /home/airflow/.local/lib/python3.7/site-packages/airflow/example_dags/example_sensor_decorator.py
[2023-08-23T00:51:14.809+0000] {processor.py:836} INFO - DAG(s) dict_keys(['example_sensor_decorator']) retrieved from /home/airflow/.local/lib/python3.7/site-packages/airflow/example_dags/example_sensor_decorator.py
[2023-08-23T00:51:14.838+0000] {logging_mixin.py:150} INFO - [2023-08-23T00:51:14.838+0000] {dag.py:2742} INFO - Sync 1 DAGs
[2023-08-23T00:51:14.871+0000] {logging_mixin.py:150} INFO - [2023-08-23T00:51:14.870+0000] {dag.py:3508} INFO - Setting next_dagrun for example_sensor_decorator to None, run_after=None
[2023-08-23T00:51:14.912+0000] {processor.py:179} INFO - Processing /home/airflow/.local/lib/python3.7/site-packages/airflow/example_dags/example_sensor_decorator.py took 0.117 seconds
[2023-08-23T00:51:46.030+0000] {processor.py:157} INFO - Started process (PID=4562) to work on /home/airflow/.local/lib/python3.7/site-packages/airflow/example_dags/example_sensor_decorator.py
[2023-08-23T00:51:46.031+0000] {processor.py:826} INFO - Processing file /home/airflow/.local/lib/python3.7/site-packages/airflow/example_dags/example_sensor_decorator.py for tasks to queue
[2023-08-23T00:51:46.032+0000] {logging_mixin.py:150} INFO - [2023-08-23T00:51:46.032+0000] {dagbag.py:541} INFO - Filling up the DagBag from /home/airflow/.local/lib/python3.7/site-packages/airflow/example_dags/example_sensor_decorator.py
[2023-08-23T00:51:46.038+0000] {processor.py:836} INFO - DAG(s) dict_keys(['example_sensor_decorator']) retrieved from /home/airflow/.local/lib/python3.7/site-packages/airflow/example_dags/example_sensor_decorator.py
[2023-08-23T00:51:46.065+0000] {logging_mixin.py:150} INFO - [2023-08-23T00:51:46.065+0000] {dag.py:2742} INFO - Sync 1 DAGs
[2023-08-23T00:51:46.088+0000] {logging_mixin.py:150} INFO - [2023-08-23T00:51:46.088+0000] {dag.py:3508} INFO - Setting next_dagrun for example_sensor_decorator to None, run_after=None
[2023-08-23T00:51:46.181+0000] {processor.py:179} INFO - Processing /home/airflow/.local/lib/python3.7/site-packages/airflow/example_dags/example_sensor_decorator.py took 0.153 seconds
