[2023-08-23T00:21:08.509+0000] {processor.py:157} INFO - Started process (PID=48) to work on /home/airflow/.local/lib/python3.7/site-packages/airflow/example_dags/tutorial.py
[2023-08-23T00:21:08.510+0000] {processor.py:826} INFO - Processing file /home/airflow/.local/lib/python3.7/site-packages/airflow/example_dags/tutorial.py for tasks to queue
[2023-08-23T00:21:08.511+0000] {logging_mixin.py:150} INFO - [2023-08-23T00:21:08.511+0000] {dagbag.py:541} INFO - Filling up the DagBag from /home/airflow/.local/lib/python3.7/site-packages/airflow/example_dags/tutorial.py
[2023-08-23T00:21:08.521+0000] {processor.py:836} INFO - DAG(s) dict_keys(['tutorial']) retrieved from /home/airflow/.local/lib/python3.7/site-packages/airflow/example_dags/tutorial.py
[2023-08-23T00:21:08.535+0000] {logging_mixin.py:150} INFO - [2023-08-23T00:21:08.535+0000] {dag.py:2742} INFO - Sync 1 DAGs
[2023-08-23T00:21:08.648+0000] {logging_mixin.py:150} INFO - [2023-08-23T00:21:08.648+0000] {dag.py:3508} INFO - Setting next_dagrun for tutorial to 2023-08-22T00:21:08.648197+00:00, run_after=2023-08-23T00:21:08.648197+00:00
[2023-08-23T00:21:08.685+0000] {processor.py:179} INFO - Processing /home/airflow/.local/lib/python3.7/site-packages/airflow/example_dags/tutorial.py took 0.178 seconds
[2023-08-23T00:21:39.393+0000] {processor.py:157} INFO - Started process (PID=123) to work on /home/airflow/.local/lib/python3.7/site-packages/airflow/example_dags/tutorial.py
[2023-08-23T00:21:39.394+0000] {processor.py:826} INFO - Processing file /home/airflow/.local/lib/python3.7/site-packages/airflow/example_dags/tutorial.py for tasks to queue
[2023-08-23T00:21:39.395+0000] {logging_mixin.py:150} INFO - [2023-08-23T00:21:39.395+0000] {dagbag.py:541} INFO - Filling up the DagBag from /home/airflow/.local/lib/python3.7/site-packages/airflow/example_dags/tutorial.py
[2023-08-23T00:21:39.403+0000] {processor.py:836} INFO - DAG(s) dict_keys(['tutorial']) retrieved from /home/airflow/.local/lib/python3.7/site-packages/airflow/example_dags/tutorial.py
[2023-08-23T00:21:39.427+0000] {logging_mixin.py:150} INFO - [2023-08-23T00:21:39.427+0000] {dag.py:2742} INFO - Sync 1 DAGs
[2023-08-23T00:21:39.452+0000] {logging_mixin.py:150} INFO - [2023-08-23T00:21:39.452+0000] {dag.py:3508} INFO - Setting next_dagrun for tutorial to 2023-08-22T00:21:39.452260+00:00, run_after=2023-08-23T00:21:39.452260+00:00
[2023-08-23T00:21:39.488+0000] {processor.py:179} INFO - Processing /home/airflow/.local/lib/python3.7/site-packages/airflow/example_dags/tutorial.py took 0.099 seconds
[2023-08-23T00:22:09.787+0000] {processor.py:157} INFO - Started process (PID=198) to work on /home/airflow/.local/lib/python3.7/site-packages/airflow/example_dags/tutorial.py
[2023-08-23T00:22:09.788+0000] {processor.py:826} INFO - Processing file /home/airflow/.local/lib/python3.7/site-packages/airflow/example_dags/tutorial.py for tasks to queue
[2023-08-23T00:22:09.789+0000] {logging_mixin.py:150} INFO - [2023-08-23T00:22:09.789+0000] {dagbag.py:541} INFO - Filling up the DagBag from /home/airflow/.local/lib/python3.7/site-packages/airflow/example_dags/tutorial.py
[2023-08-23T00:22:09.796+0000] {processor.py:836} INFO - DAG(s) dict_keys(['tutorial']) retrieved from /home/airflow/.local/lib/python3.7/site-packages/airflow/example_dags/tutorial.py
[2023-08-23T00:22:09.819+0000] {logging_mixin.py:150} INFO - [2023-08-23T00:22:09.819+0000] {dag.py:2742} INFO - Sync 1 DAGs
[2023-08-23T00:22:09.845+0000] {logging_mixin.py:150} INFO - [2023-08-23T00:22:09.845+0000] {dag.py:3508} INFO - Setting next_dagrun for tutorial to 2023-08-22T00:22:09.845386+00:00, run_after=2023-08-23T00:22:09.845386+00:00
[2023-08-23T00:22:09.882+0000] {processor.py:179} INFO - Processing /home/airflow/.local/lib/python3.7/site-packages/airflow/example_dags/tutorial.py took 0.098 seconds
[2023-08-23T00:22:40.252+0000] {processor.py:157} INFO - Started process (PID=273) to work on /home/airflow/.local/lib/python3.7/site-packages/airflow/example_dags/tutorial.py
[2023-08-23T00:22:40.253+0000] {processor.py:826} INFO - Processing file /home/airflow/.local/lib/python3.7/site-packages/airflow/example_dags/tutorial.py for tasks to queue
[2023-08-23T00:22:40.254+0000] {logging_mixin.py:150} INFO - [2023-08-23T00:22:40.254+0000] {dagbag.py:541} INFO - Filling up the DagBag from /home/airflow/.local/lib/python3.7/site-packages/airflow/example_dags/tutorial.py
[2023-08-23T00:22:40.260+0000] {processor.py:836} INFO - DAG(s) dict_keys(['tutorial']) retrieved from /home/airflow/.local/lib/python3.7/site-packages/airflow/example_dags/tutorial.py
[2023-08-23T00:22:40.280+0000] {logging_mixin.py:150} INFO - [2023-08-23T00:22:40.280+0000] {dag.py:2742} INFO - Sync 1 DAGs
[2023-08-23T00:22:40.307+0000] {logging_mixin.py:150} INFO - [2023-08-23T00:22:40.307+0000] {dag.py:3508} INFO - Setting next_dagrun for tutorial to 2023-08-22T00:22:40.306878+00:00, run_after=2023-08-23T00:22:40.306878+00:00
[2023-08-23T00:22:40.344+0000] {processor.py:179} INFO - Processing /home/airflow/.local/lib/python3.7/site-packages/airflow/example_dags/tutorial.py took 0.094 seconds
[2023-08-23T00:23:10.937+0000] {processor.py:157} INFO - Started process (PID=348) to work on /home/airflow/.local/lib/python3.7/site-packages/airflow/example_dags/tutorial.py
[2023-08-23T00:23:10.939+0000] {processor.py:826} INFO - Processing file /home/airflow/.local/lib/python3.7/site-packages/airflow/example_dags/tutorial.py for tasks to queue
[2023-08-23T00:23:10.940+0000] {logging_mixin.py:150} INFO - [2023-08-23T00:23:10.940+0000] {dagbag.py:541} INFO - Filling up the DagBag from /home/airflow/.local/lib/python3.7/site-packages/airflow/example_dags/tutorial.py
[2023-08-23T00:23:10.949+0000] {processor.py:836} INFO - DAG(s) dict_keys(['tutorial']) retrieved from /home/airflow/.local/lib/python3.7/site-packages/airflow/example_dags/tutorial.py
[2023-08-23T00:23:10.976+0000] {logging_mixin.py:150} INFO - [2023-08-23T00:23:10.976+0000] {dag.py:2742} INFO - Sync 1 DAGs
[2023-08-23T00:23:11.008+0000] {logging_mixin.py:150} INFO - [2023-08-23T00:23:11.007+0000] {dag.py:3508} INFO - Setting next_dagrun for tutorial to 2023-08-22T00:23:11.007636+00:00, run_after=2023-08-23T00:23:11.007636+00:00
[2023-08-23T00:23:11.054+0000] {processor.py:179} INFO - Processing /home/airflow/.local/lib/python3.7/site-packages/airflow/example_dags/tutorial.py took 0.121 seconds
[2023-08-23T00:23:41.490+0000] {processor.py:157} INFO - Started process (PID=423) to work on /home/airflow/.local/lib/python3.7/site-packages/airflow/example_dags/tutorial.py
[2023-08-23T00:23:41.491+0000] {processor.py:826} INFO - Processing file /home/airflow/.local/lib/python3.7/site-packages/airflow/example_dags/tutorial.py for tasks to queue
[2023-08-23T00:23:41.492+0000] {logging_mixin.py:150} INFO - [2023-08-23T00:23:41.492+0000] {dagbag.py:541} INFO - Filling up the DagBag from /home/airflow/.local/lib/python3.7/site-packages/airflow/example_dags/tutorial.py
[2023-08-23T00:23:41.499+0000] {processor.py:836} INFO - DAG(s) dict_keys(['tutorial']) retrieved from /home/airflow/.local/lib/python3.7/site-packages/airflow/example_dags/tutorial.py
[2023-08-23T00:23:41.523+0000] {logging_mixin.py:150} INFO - [2023-08-23T00:23:41.523+0000] {dag.py:2742} INFO - Sync 1 DAGs
[2023-08-23T00:23:41.549+0000] {logging_mixin.py:150} INFO - [2023-08-23T00:23:41.549+0000] {dag.py:3508} INFO - Setting next_dagrun for tutorial to 2023-08-22T00:23:41.548831+00:00, run_after=2023-08-23T00:23:41.548831+00:00
[2023-08-23T00:23:41.586+0000] {processor.py:179} INFO - Processing /home/airflow/.local/lib/python3.7/site-packages/airflow/example_dags/tutorial.py took 0.098 seconds
[2023-08-23T00:24:11.922+0000] {processor.py:157} INFO - Started process (PID=498) to work on /home/airflow/.local/lib/python3.7/site-packages/airflow/example_dags/tutorial.py
[2023-08-23T00:24:11.923+0000] {processor.py:826} INFO - Processing file /home/airflow/.local/lib/python3.7/site-packages/airflow/example_dags/tutorial.py for tasks to queue
[2023-08-23T00:24:11.924+0000] {logging_mixin.py:150} INFO - [2023-08-23T00:24:11.924+0000] {dagbag.py:541} INFO - Filling up the DagBag from /home/airflow/.local/lib/python3.7/site-packages/airflow/example_dags/tutorial.py
[2023-08-23T00:24:11.930+0000] {processor.py:836} INFO - DAG(s) dict_keys(['tutorial']) retrieved from /home/airflow/.local/lib/python3.7/site-packages/airflow/example_dags/tutorial.py
[2023-08-23T00:24:11.952+0000] {logging_mixin.py:150} INFO - [2023-08-23T00:24:11.951+0000] {dag.py:2742} INFO - Sync 1 DAGs
[2023-08-23T00:24:11.976+0000] {logging_mixin.py:150} INFO - [2023-08-23T00:24:11.976+0000] {dag.py:3508} INFO - Setting next_dagrun for tutorial to 2023-08-22T00:24:11.976167+00:00, run_after=2023-08-23T00:24:11.976167+00:00
[2023-08-23T00:24:12.012+0000] {processor.py:179} INFO - Processing /home/airflow/.local/lib/python3.7/site-packages/airflow/example_dags/tutorial.py took 0.092 seconds
[2023-08-23T00:24:42.356+0000] {processor.py:157} INFO - Started process (PID=573) to work on /home/airflow/.local/lib/python3.7/site-packages/airflow/example_dags/tutorial.py
[2023-08-23T00:24:42.357+0000] {processor.py:826} INFO - Processing file /home/airflow/.local/lib/python3.7/site-packages/airflow/example_dags/tutorial.py for tasks to queue
[2023-08-23T00:24:42.357+0000] {logging_mixin.py:150} INFO - [2023-08-23T00:24:42.357+0000] {dagbag.py:541} INFO - Filling up the DagBag from /home/airflow/.local/lib/python3.7/site-packages/airflow/example_dags/tutorial.py
[2023-08-23T00:24:42.364+0000] {processor.py:836} INFO - DAG(s) dict_keys(['tutorial']) retrieved from /home/airflow/.local/lib/python3.7/site-packages/airflow/example_dags/tutorial.py
[2023-08-23T00:24:42.385+0000] {logging_mixin.py:150} INFO - [2023-08-23T00:24:42.385+0000] {dag.py:2742} INFO - Sync 1 DAGs
[2023-08-23T00:24:42.408+0000] {logging_mixin.py:150} INFO - [2023-08-23T00:24:42.408+0000] {dag.py:3508} INFO - Setting next_dagrun for tutorial to 2023-08-22T00:24:42.408392+00:00, run_after=2023-08-23T00:24:42.408392+00:00
[2023-08-23T00:24:42.444+0000] {processor.py:179} INFO - Processing /home/airflow/.local/lib/python3.7/site-packages/airflow/example_dags/tutorial.py took 0.091 seconds
[2023-08-23T00:25:13.577+0000] {processor.py:157} INFO - Started process (PID=648) to work on /home/airflow/.local/lib/python3.7/site-packages/airflow/example_dags/tutorial.py
[2023-08-23T00:25:13.578+0000] {processor.py:826} INFO - Processing file /home/airflow/.local/lib/python3.7/site-packages/airflow/example_dags/tutorial.py for tasks to queue
[2023-08-23T00:25:13.579+0000] {logging_mixin.py:150} INFO - [2023-08-23T00:25:13.579+0000] {dagbag.py:541} INFO - Filling up the DagBag from /home/airflow/.local/lib/python3.7/site-packages/airflow/example_dags/tutorial.py
[2023-08-23T00:25:13.586+0000] {processor.py:836} INFO - DAG(s) dict_keys(['tutorial']) retrieved from /home/airflow/.local/lib/python3.7/site-packages/airflow/example_dags/tutorial.py
[2023-08-23T00:25:13.607+0000] {logging_mixin.py:150} INFO - [2023-08-23T00:25:13.607+0000] {dag.py:2742} INFO - Sync 1 DAGs
[2023-08-23T00:25:13.631+0000] {logging_mixin.py:150} INFO - [2023-08-23T00:25:13.631+0000] {dag.py:3508} INFO - Setting next_dagrun for tutorial to 2023-08-22T00:25:13.631530+00:00, run_after=2023-08-23T00:25:13.631530+00:00
[2023-08-23T00:25:13.667+0000] {processor.py:179} INFO - Processing /home/airflow/.local/lib/python3.7/site-packages/airflow/example_dags/tutorial.py took 0.093 seconds
[2023-08-23T00:25:44.112+0000] {processor.py:157} INFO - Started process (PID=723) to work on /home/airflow/.local/lib/python3.7/site-packages/airflow/example_dags/tutorial.py
[2023-08-23T00:25:44.113+0000] {processor.py:826} INFO - Processing file /home/airflow/.local/lib/python3.7/site-packages/airflow/example_dags/tutorial.py for tasks to queue
[2023-08-23T00:25:44.114+0000] {logging_mixin.py:150} INFO - [2023-08-23T00:25:44.114+0000] {dagbag.py:541} INFO - Filling up the DagBag from /home/airflow/.local/lib/python3.7/site-packages/airflow/example_dags/tutorial.py
[2023-08-23T00:25:44.121+0000] {processor.py:836} INFO - DAG(s) dict_keys(['tutorial']) retrieved from /home/airflow/.local/lib/python3.7/site-packages/airflow/example_dags/tutorial.py
[2023-08-23T00:25:44.141+0000] {logging_mixin.py:150} INFO - [2023-08-23T00:25:44.141+0000] {dag.py:2742} INFO - Sync 1 DAGs
[2023-08-23T00:25:44.164+0000] {logging_mixin.py:150} INFO - [2023-08-23T00:25:44.164+0000] {dag.py:3508} INFO - Setting next_dagrun for tutorial to 2023-08-22T00:25:44.164328+00:00, run_after=2023-08-23T00:25:44.164328+00:00
[2023-08-23T00:25:44.201+0000] {processor.py:179} INFO - Processing /home/airflow/.local/lib/python3.7/site-packages/airflow/example_dags/tutorial.py took 0.092 seconds
[2023-08-23T00:26:14.932+0000] {processor.py:157} INFO - Started process (PID=798) to work on /home/airflow/.local/lib/python3.7/site-packages/airflow/example_dags/tutorial.py
[2023-08-23T00:26:14.934+0000] {processor.py:826} INFO - Processing file /home/airflow/.local/lib/python3.7/site-packages/airflow/example_dags/tutorial.py for tasks to queue
[2023-08-23T00:26:14.935+0000] {logging_mixin.py:150} INFO - [2023-08-23T00:26:14.935+0000] {dagbag.py:541} INFO - Filling up the DagBag from /home/airflow/.local/lib/python3.7/site-packages/airflow/example_dags/tutorial.py
[2023-08-23T00:26:14.945+0000] {processor.py:836} INFO - DAG(s) dict_keys(['tutorial']) retrieved from /home/airflow/.local/lib/python3.7/site-packages/airflow/example_dags/tutorial.py
[2023-08-23T00:26:14.972+0000] {logging_mixin.py:150} INFO - [2023-08-23T00:26:14.972+0000] {dag.py:2742} INFO - Sync 1 DAGs
[2023-08-23T00:26:15.006+0000] {logging_mixin.py:150} INFO - [2023-08-23T00:26:15.006+0000] {dag.py:3508} INFO - Setting next_dagrun for tutorial to 2023-08-22T00:26:15.006223+00:00, run_after=2023-08-23T00:26:15.006223+00:00
[2023-08-23T00:26:15.045+0000] {processor.py:179} INFO - Processing /home/airflow/.local/lib/python3.7/site-packages/airflow/example_dags/tutorial.py took 0.117 seconds
[2023-08-23T00:26:45.518+0000] {processor.py:157} INFO - Started process (PID=873) to work on /home/airflow/.local/lib/python3.7/site-packages/airflow/example_dags/tutorial.py
[2023-08-23T00:26:45.519+0000] {processor.py:826} INFO - Processing file /home/airflow/.local/lib/python3.7/site-packages/airflow/example_dags/tutorial.py for tasks to queue
[2023-08-23T00:26:45.520+0000] {logging_mixin.py:150} INFO - [2023-08-23T00:26:45.520+0000] {dagbag.py:541} INFO - Filling up the DagBag from /home/airflow/.local/lib/python3.7/site-packages/airflow/example_dags/tutorial.py
[2023-08-23T00:26:45.526+0000] {processor.py:836} INFO - DAG(s) dict_keys(['tutorial']) retrieved from /home/airflow/.local/lib/python3.7/site-packages/airflow/example_dags/tutorial.py
[2023-08-23T00:26:45.552+0000] {logging_mixin.py:150} INFO - [2023-08-23T00:26:45.552+0000] {dag.py:2742} INFO - Sync 1 DAGs
[2023-08-23T00:26:45.576+0000] {logging_mixin.py:150} INFO - [2023-08-23T00:26:45.575+0000] {dag.py:3508} INFO - Setting next_dagrun for tutorial to 2023-08-22T00:26:45.575732+00:00, run_after=2023-08-23T00:26:45.575732+00:00
[2023-08-23T00:26:45.613+0000] {processor.py:179} INFO - Processing /home/airflow/.local/lib/python3.7/site-packages/airflow/example_dags/tutorial.py took 0.097 seconds
[2023-08-23T00:27:16.247+0000] {processor.py:157} INFO - Started process (PID=948) to work on /home/airflow/.local/lib/python3.7/site-packages/airflow/example_dags/tutorial.py
[2023-08-23T00:27:16.248+0000] {processor.py:826} INFO - Processing file /home/airflow/.local/lib/python3.7/site-packages/airflow/example_dags/tutorial.py for tasks to queue
[2023-08-23T00:27:16.249+0000] {logging_mixin.py:150} INFO - [2023-08-23T00:27:16.249+0000] {dagbag.py:541} INFO - Filling up the DagBag from /home/airflow/.local/lib/python3.7/site-packages/airflow/example_dags/tutorial.py
[2023-08-23T00:27:16.256+0000] {processor.py:836} INFO - DAG(s) dict_keys(['tutorial']) retrieved from /home/airflow/.local/lib/python3.7/site-packages/airflow/example_dags/tutorial.py
[2023-08-23T00:27:16.278+0000] {logging_mixin.py:150} INFO - [2023-08-23T00:27:16.278+0000] {dag.py:2742} INFO - Sync 1 DAGs
[2023-08-23T00:27:16.307+0000] {logging_mixin.py:150} INFO - [2023-08-23T00:27:16.307+0000] {dag.py:3508} INFO - Setting next_dagrun for tutorial to 2023-08-22T00:27:16.307149+00:00, run_after=2023-08-23T00:27:16.307149+00:00
[2023-08-23T00:27:16.357+0000] {processor.py:179} INFO - Processing /home/airflow/.local/lib/python3.7/site-packages/airflow/example_dags/tutorial.py took 0.114 seconds
[2023-08-23T00:27:46.696+0000] {processor.py:157} INFO - Started process (PID=1023) to work on /home/airflow/.local/lib/python3.7/site-packages/airflow/example_dags/tutorial.py
[2023-08-23T00:27:46.697+0000] {processor.py:826} INFO - Processing file /home/airflow/.local/lib/python3.7/site-packages/airflow/example_dags/tutorial.py for tasks to queue
[2023-08-23T00:27:46.697+0000] {logging_mixin.py:150} INFO - [2023-08-23T00:27:46.697+0000] {dagbag.py:541} INFO - Filling up the DagBag from /home/airflow/.local/lib/python3.7/site-packages/airflow/example_dags/tutorial.py
[2023-08-23T00:27:46.703+0000] {processor.py:836} INFO - DAG(s) dict_keys(['tutorial']) retrieved from /home/airflow/.local/lib/python3.7/site-packages/airflow/example_dags/tutorial.py
[2023-08-23T00:27:46.721+0000] {logging_mixin.py:150} INFO - [2023-08-23T00:27:46.721+0000] {dag.py:2742} INFO - Sync 1 DAGs
[2023-08-23T00:27:46.746+0000] {logging_mixin.py:150} INFO - [2023-08-23T00:27:46.745+0000] {dag.py:3508} INFO - Setting next_dagrun for tutorial to 2023-08-22T00:27:46.745774+00:00, run_after=2023-08-23T00:27:46.745774+00:00
[2023-08-23T00:27:46.782+0000] {processor.py:179} INFO - Processing /home/airflow/.local/lib/python3.7/site-packages/airflow/example_dags/tutorial.py took 0.089 seconds
[2023-08-23T00:28:17.865+0000] {processor.py:157} INFO - Started process (PID=1099) to work on /home/airflow/.local/lib/python3.7/site-packages/airflow/example_dags/tutorial.py
[2023-08-23T00:28:17.866+0000] {processor.py:826} INFO - Processing file /home/airflow/.local/lib/python3.7/site-packages/airflow/example_dags/tutorial.py for tasks to queue
[2023-08-23T00:28:17.867+0000] {logging_mixin.py:150} INFO - [2023-08-23T00:28:17.867+0000] {dagbag.py:541} INFO - Filling up the DagBag from /home/airflow/.local/lib/python3.7/site-packages/airflow/example_dags/tutorial.py
[2023-08-23T00:28:17.873+0000] {processor.py:836} INFO - DAG(s) dict_keys(['tutorial']) retrieved from /home/airflow/.local/lib/python3.7/site-packages/airflow/example_dags/tutorial.py
[2023-08-23T00:28:17.894+0000] {logging_mixin.py:150} INFO - [2023-08-23T00:28:17.894+0000] {dag.py:2742} INFO - Sync 1 DAGs
[2023-08-23T00:28:17.918+0000] {logging_mixin.py:150} INFO - [2023-08-23T00:28:17.918+0000] {dag.py:3508} INFO - Setting next_dagrun for tutorial to 2023-08-22T00:28:17.917958+00:00, run_after=2023-08-23T00:28:17.917958+00:00
[2023-08-23T00:28:17.955+0000] {processor.py:179} INFO - Processing /home/airflow/.local/lib/python3.7/site-packages/airflow/example_dags/tutorial.py took 0.093 seconds
[2023-08-23T00:28:48.387+0000] {processor.py:157} INFO - Started process (PID=1174) to work on /home/airflow/.local/lib/python3.7/site-packages/airflow/example_dags/tutorial.py
[2023-08-23T00:28:48.388+0000] {processor.py:826} INFO - Processing file /home/airflow/.local/lib/python3.7/site-packages/airflow/example_dags/tutorial.py for tasks to queue
[2023-08-23T00:28:48.390+0000] {logging_mixin.py:150} INFO - [2023-08-23T00:28:48.390+0000] {dagbag.py:541} INFO - Filling up the DagBag from /home/airflow/.local/lib/python3.7/site-packages/airflow/example_dags/tutorial.py
[2023-08-23T00:28:48.399+0000] {processor.py:836} INFO - DAG(s) dict_keys(['tutorial']) retrieved from /home/airflow/.local/lib/python3.7/site-packages/airflow/example_dags/tutorial.py
[2023-08-23T00:28:48.423+0000] {logging_mixin.py:150} INFO - [2023-08-23T00:28:48.423+0000] {dag.py:2742} INFO - Sync 1 DAGs
[2023-08-23T00:28:48.447+0000] {logging_mixin.py:150} INFO - [2023-08-23T00:28:48.447+0000] {dag.py:3508} INFO - Setting next_dagrun for tutorial to 2023-08-22T00:28:48.446920+00:00, run_after=2023-08-23T00:28:48.446920+00:00
[2023-08-23T00:28:48.484+0000] {processor.py:179} INFO - Processing /home/airflow/.local/lib/python3.7/site-packages/airflow/example_dags/tutorial.py took 0.102 seconds
[2023-08-23T00:29:18.925+0000] {processor.py:157} INFO - Started process (PID=1249) to work on /home/airflow/.local/lib/python3.7/site-packages/airflow/example_dags/tutorial.py
[2023-08-23T00:29:18.926+0000] {processor.py:826} INFO - Processing file /home/airflow/.local/lib/python3.7/site-packages/airflow/example_dags/tutorial.py for tasks to queue
[2023-08-23T00:29:18.928+0000] {logging_mixin.py:150} INFO - [2023-08-23T00:29:18.927+0000] {dagbag.py:541} INFO - Filling up the DagBag from /home/airflow/.local/lib/python3.7/site-packages/airflow/example_dags/tutorial.py
[2023-08-23T00:29:18.935+0000] {processor.py:836} INFO - DAG(s) dict_keys(['tutorial']) retrieved from /home/airflow/.local/lib/python3.7/site-packages/airflow/example_dags/tutorial.py
[2023-08-23T00:29:18.955+0000] {logging_mixin.py:150} INFO - [2023-08-23T00:29:18.954+0000] {dag.py:2742} INFO - Sync 1 DAGs
[2023-08-23T00:29:18.980+0000] {logging_mixin.py:150} INFO - [2023-08-23T00:29:18.980+0000] {dag.py:3508} INFO - Setting next_dagrun for tutorial to 2023-08-22T00:29:18.979877+00:00, run_after=2023-08-23T00:29:18.979877+00:00
[2023-08-23T00:29:19.015+0000] {processor.py:179} INFO - Processing /home/airflow/.local/lib/python3.7/site-packages/airflow/example_dags/tutorial.py took 0.093 seconds
[2023-08-23T00:29:49.460+0000] {processor.py:157} INFO - Started process (PID=1324) to work on /home/airflow/.local/lib/python3.7/site-packages/airflow/example_dags/tutorial.py
[2023-08-23T00:29:49.461+0000] {processor.py:826} INFO - Processing file /home/airflow/.local/lib/python3.7/site-packages/airflow/example_dags/tutorial.py for tasks to queue
[2023-08-23T00:29:49.462+0000] {logging_mixin.py:150} INFO - [2023-08-23T00:29:49.462+0000] {dagbag.py:541} INFO - Filling up the DagBag from /home/airflow/.local/lib/python3.7/site-packages/airflow/example_dags/tutorial.py
[2023-08-23T00:29:49.467+0000] {processor.py:836} INFO - DAG(s) dict_keys(['tutorial']) retrieved from /home/airflow/.local/lib/python3.7/site-packages/airflow/example_dags/tutorial.py
[2023-08-23T00:29:49.488+0000] {logging_mixin.py:150} INFO - [2023-08-23T00:29:49.488+0000] {dag.py:2742} INFO - Sync 1 DAGs
[2023-08-23T00:29:49.511+0000] {logging_mixin.py:150} INFO - [2023-08-23T00:29:49.511+0000] {dag.py:3508} INFO - Setting next_dagrun for tutorial to 2023-08-22T00:29:49.511158+00:00, run_after=2023-08-23T00:29:49.511158+00:00
[2023-08-23T00:29:49.547+0000] {processor.py:179} INFO - Processing /home/airflow/.local/lib/python3.7/site-packages/airflow/example_dags/tutorial.py took 0.089 seconds
[2023-08-23T00:30:20.022+0000] {processor.py:157} INFO - Started process (PID=1399) to work on /home/airflow/.local/lib/python3.7/site-packages/airflow/example_dags/tutorial.py
[2023-08-23T00:30:20.023+0000] {processor.py:826} INFO - Processing file /home/airflow/.local/lib/python3.7/site-packages/airflow/example_dags/tutorial.py for tasks to queue
[2023-08-23T00:30:20.025+0000] {logging_mixin.py:150} INFO - [2023-08-23T00:30:20.024+0000] {dagbag.py:541} INFO - Filling up the DagBag from /home/airflow/.local/lib/python3.7/site-packages/airflow/example_dags/tutorial.py
[2023-08-23T00:30:20.031+0000] {processor.py:836} INFO - DAG(s) dict_keys(['tutorial']) retrieved from /home/airflow/.local/lib/python3.7/site-packages/airflow/example_dags/tutorial.py
[2023-08-23T00:30:20.051+0000] {logging_mixin.py:150} INFO - [2023-08-23T00:30:20.051+0000] {dag.py:2742} INFO - Sync 1 DAGs
[2023-08-23T00:30:20.074+0000] {logging_mixin.py:150} INFO - [2023-08-23T00:30:20.074+0000] {dag.py:3508} INFO - Setting next_dagrun for tutorial to 2023-08-22T00:30:20.074501+00:00, run_after=2023-08-23T00:30:20.074501+00:00
[2023-08-23T00:30:20.141+0000] {processor.py:179} INFO - Processing /home/airflow/.local/lib/python3.7/site-packages/airflow/example_dags/tutorial.py took 0.122 seconds
[2023-08-23T00:30:50.353+0000] {processor.py:157} INFO - Started process (PID=1474) to work on /home/airflow/.local/lib/python3.7/site-packages/airflow/example_dags/tutorial.py
[2023-08-23T00:30:50.354+0000] {processor.py:826} INFO - Processing file /home/airflow/.local/lib/python3.7/site-packages/airflow/example_dags/tutorial.py for tasks to queue
[2023-08-23T00:30:50.355+0000] {logging_mixin.py:150} INFO - [2023-08-23T00:30:50.354+0000] {dagbag.py:541} INFO - Filling up the DagBag from /home/airflow/.local/lib/python3.7/site-packages/airflow/example_dags/tutorial.py
[2023-08-23T00:30:50.360+0000] {processor.py:836} INFO - DAG(s) dict_keys(['tutorial']) retrieved from /home/airflow/.local/lib/python3.7/site-packages/airflow/example_dags/tutorial.py
[2023-08-23T00:30:50.385+0000] {logging_mixin.py:150} INFO - [2023-08-23T00:30:50.385+0000] {dag.py:2742} INFO - Sync 1 DAGs
[2023-08-23T00:30:50.410+0000] {logging_mixin.py:150} INFO - [2023-08-23T00:30:50.410+0000] {dag.py:3508} INFO - Setting next_dagrun for tutorial to 2023-08-22T00:30:50.410165+00:00, run_after=2023-08-23T00:30:50.410165+00:00
[2023-08-23T00:30:50.501+0000] {processor.py:179} INFO - Processing /home/airflow/.local/lib/python3.7/site-packages/airflow/example_dags/tutorial.py took 0.151 seconds
[2023-08-23T00:31:20.840+0000] {processor.py:157} INFO - Started process (PID=1549) to work on /home/airflow/.local/lib/python3.7/site-packages/airflow/example_dags/tutorial.py
[2023-08-23T00:31:20.841+0000] {processor.py:826} INFO - Processing file /home/airflow/.local/lib/python3.7/site-packages/airflow/example_dags/tutorial.py for tasks to queue
[2023-08-23T00:31:20.842+0000] {logging_mixin.py:150} INFO - [2023-08-23T00:31:20.842+0000] {dagbag.py:541} INFO - Filling up the DagBag from /home/airflow/.local/lib/python3.7/site-packages/airflow/example_dags/tutorial.py
[2023-08-23T00:31:20.848+0000] {processor.py:836} INFO - DAG(s) dict_keys(['tutorial']) retrieved from /home/airflow/.local/lib/python3.7/site-packages/airflow/example_dags/tutorial.py
[2023-08-23T00:31:20.873+0000] {logging_mixin.py:150} INFO - [2023-08-23T00:31:20.873+0000] {dag.py:2742} INFO - Sync 1 DAGs
[2023-08-23T00:31:20.903+0000] {logging_mixin.py:150} INFO - [2023-08-23T00:31:20.902+0000] {dag.py:3508} INFO - Setting next_dagrun for tutorial to 2023-08-22T00:31:20.902572+00:00, run_after=2023-08-23T00:31:20.902572+00:00
[2023-08-23T00:31:20.937+0000] {processor.py:179} INFO - Processing /home/airflow/.local/lib/python3.7/site-packages/airflow/example_dags/tutorial.py took 0.101 seconds
[2023-08-23T00:31:51.435+0000] {processor.py:157} INFO - Started process (PID=1624) to work on /home/airflow/.local/lib/python3.7/site-packages/airflow/example_dags/tutorial.py
[2023-08-23T00:31:51.436+0000] {processor.py:826} INFO - Processing file /home/airflow/.local/lib/python3.7/site-packages/airflow/example_dags/tutorial.py for tasks to queue
[2023-08-23T00:31:51.437+0000] {logging_mixin.py:150} INFO - [2023-08-23T00:31:51.437+0000] {dagbag.py:541} INFO - Filling up the DagBag from /home/airflow/.local/lib/python3.7/site-packages/airflow/example_dags/tutorial.py
[2023-08-23T00:31:51.443+0000] {processor.py:836} INFO - DAG(s) dict_keys(['tutorial']) retrieved from /home/airflow/.local/lib/python3.7/site-packages/airflow/example_dags/tutorial.py
[2023-08-23T00:31:51.462+0000] {logging_mixin.py:150} INFO - [2023-08-23T00:31:51.462+0000] {dag.py:2742} INFO - Sync 1 DAGs
[2023-08-23T00:31:51.488+0000] {logging_mixin.py:150} INFO - [2023-08-23T00:31:51.488+0000] {dag.py:3508} INFO - Setting next_dagrun for tutorial to 2023-08-22T00:31:51.488323+00:00, run_after=2023-08-23T00:31:51.488323+00:00
[2023-08-23T00:31:51.524+0000] {processor.py:179} INFO - Processing /home/airflow/.local/lib/python3.7/site-packages/airflow/example_dags/tutorial.py took 0.091 seconds
[2023-08-23T00:32:22.183+0000] {processor.py:157} INFO - Started process (PID=1699) to work on /home/airflow/.local/lib/python3.7/site-packages/airflow/example_dags/tutorial.py
[2023-08-23T00:32:22.184+0000] {processor.py:826} INFO - Processing file /home/airflow/.local/lib/python3.7/site-packages/airflow/example_dags/tutorial.py for tasks to queue
[2023-08-23T00:32:22.185+0000] {logging_mixin.py:150} INFO - [2023-08-23T00:32:22.185+0000] {dagbag.py:541} INFO - Filling up the DagBag from /home/airflow/.local/lib/python3.7/site-packages/airflow/example_dags/tutorial.py
[2023-08-23T00:32:22.191+0000] {processor.py:836} INFO - DAG(s) dict_keys(['tutorial']) retrieved from /home/airflow/.local/lib/python3.7/site-packages/airflow/example_dags/tutorial.py
[2023-08-23T00:32:22.212+0000] {logging_mixin.py:150} INFO - [2023-08-23T00:32:22.212+0000] {dag.py:2742} INFO - Sync 1 DAGs
[2023-08-23T00:32:22.236+0000] {logging_mixin.py:150} INFO - [2023-08-23T00:32:22.236+0000] {dag.py:3508} INFO - Setting next_dagrun for tutorial to 2023-08-22T00:32:22.236033+00:00, run_after=2023-08-23T00:32:22.236033+00:00
[2023-08-23T00:32:22.286+0000] {processor.py:179} INFO - Processing /home/airflow/.local/lib/python3.7/site-packages/airflow/example_dags/tutorial.py took 0.106 seconds
[2023-08-23T00:32:52.470+0000] {processor.py:157} INFO - Started process (PID=1774) to work on /home/airflow/.local/lib/python3.7/site-packages/airflow/example_dags/tutorial.py
[2023-08-23T00:32:52.471+0000] {processor.py:826} INFO - Processing file /home/airflow/.local/lib/python3.7/site-packages/airflow/example_dags/tutorial.py for tasks to queue
[2023-08-23T00:32:52.473+0000] {logging_mixin.py:150} INFO - [2023-08-23T00:32:52.472+0000] {dagbag.py:541} INFO - Filling up the DagBag from /home/airflow/.local/lib/python3.7/site-packages/airflow/example_dags/tutorial.py
[2023-08-23T00:32:52.479+0000] {processor.py:836} INFO - DAG(s) dict_keys(['tutorial']) retrieved from /home/airflow/.local/lib/python3.7/site-packages/airflow/example_dags/tutorial.py
[2023-08-23T00:32:52.499+0000] {logging_mixin.py:150} INFO - [2023-08-23T00:32:52.499+0000] {dag.py:2742} INFO - Sync 1 DAGs
[2023-08-23T00:32:52.524+0000] {logging_mixin.py:150} INFO - [2023-08-23T00:32:52.524+0000] {dag.py:3508} INFO - Setting next_dagrun for tutorial to 2023-08-22T00:32:52.523994+00:00, run_after=2023-08-23T00:32:52.523994+00:00
[2023-08-23T00:32:52.546+0000] {processor.py:179} INFO - Processing /home/airflow/.local/lib/python3.7/site-packages/airflow/example_dags/tutorial.py took 0.078 seconds
[2023-08-23T00:33:22.881+0000] {processor.py:157} INFO - Started process (PID=1849) to work on /home/airflow/.local/lib/python3.7/site-packages/airflow/example_dags/tutorial.py
[2023-08-23T00:33:22.882+0000] {processor.py:826} INFO - Processing file /home/airflow/.local/lib/python3.7/site-packages/airflow/example_dags/tutorial.py for tasks to queue
[2023-08-23T00:33:22.883+0000] {logging_mixin.py:150} INFO - [2023-08-23T00:33:22.883+0000] {dagbag.py:541} INFO - Filling up the DagBag from /home/airflow/.local/lib/python3.7/site-packages/airflow/example_dags/tutorial.py
[2023-08-23T00:33:22.889+0000] {processor.py:836} INFO - DAG(s) dict_keys(['tutorial']) retrieved from /home/airflow/.local/lib/python3.7/site-packages/airflow/example_dags/tutorial.py
[2023-08-23T00:33:22.911+0000] {logging_mixin.py:150} INFO - [2023-08-23T00:33:22.911+0000] {dag.py:2742} INFO - Sync 1 DAGs
[2023-08-23T00:33:22.936+0000] {logging_mixin.py:150} INFO - [2023-08-23T00:33:22.936+0000] {dag.py:3508} INFO - Setting next_dagrun for tutorial to 2023-08-22T00:33:22.936063+00:00, run_after=2023-08-23T00:33:22.936063+00:00
[2023-08-23T00:33:22.973+0000] {processor.py:179} INFO - Processing /home/airflow/.local/lib/python3.7/site-packages/airflow/example_dags/tutorial.py took 0.095 seconds
[2023-08-23T00:33:53.618+0000] {processor.py:157} INFO - Started process (PID=1924) to work on /home/airflow/.local/lib/python3.7/site-packages/airflow/example_dags/tutorial.py
[2023-08-23T00:33:53.619+0000] {processor.py:826} INFO - Processing file /home/airflow/.local/lib/python3.7/site-packages/airflow/example_dags/tutorial.py for tasks to queue
[2023-08-23T00:33:53.620+0000] {logging_mixin.py:150} INFO - [2023-08-23T00:33:53.620+0000] {dagbag.py:541} INFO - Filling up the DagBag from /home/airflow/.local/lib/python3.7/site-packages/airflow/example_dags/tutorial.py
[2023-08-23T00:33:53.626+0000] {processor.py:836} INFO - DAG(s) dict_keys(['tutorial']) retrieved from /home/airflow/.local/lib/python3.7/site-packages/airflow/example_dags/tutorial.py
[2023-08-23T00:33:53.646+0000] {logging_mixin.py:150} INFO - [2023-08-23T00:33:53.646+0000] {dag.py:2742} INFO - Sync 1 DAGs
[2023-08-23T00:33:53.670+0000] {logging_mixin.py:150} INFO - [2023-08-23T00:33:53.669+0000] {dag.py:3508} INFO - Setting next_dagrun for tutorial to 2023-08-22T00:33:53.669781+00:00, run_after=2023-08-23T00:33:53.669781+00:00
[2023-08-23T00:33:53.728+0000] {processor.py:179} INFO - Processing /home/airflow/.local/lib/python3.7/site-packages/airflow/example_dags/tutorial.py took 0.113 seconds
[2023-08-23T00:34:24.040+0000] {processor.py:157} INFO - Started process (PID=1999) to work on /home/airflow/.local/lib/python3.7/site-packages/airflow/example_dags/tutorial.py
[2023-08-23T00:34:24.041+0000] {processor.py:826} INFO - Processing file /home/airflow/.local/lib/python3.7/site-packages/airflow/example_dags/tutorial.py for tasks to queue
[2023-08-23T00:34:24.042+0000] {logging_mixin.py:150} INFO - [2023-08-23T00:34:24.042+0000] {dagbag.py:541} INFO - Filling up the DagBag from /home/airflow/.local/lib/python3.7/site-packages/airflow/example_dags/tutorial.py
[2023-08-23T00:34:24.048+0000] {processor.py:836} INFO - DAG(s) dict_keys(['tutorial']) retrieved from /home/airflow/.local/lib/python3.7/site-packages/airflow/example_dags/tutorial.py
[2023-08-23T00:34:24.069+0000] {logging_mixin.py:150} INFO - [2023-08-23T00:34:24.068+0000] {dag.py:2742} INFO - Sync 1 DAGs
[2023-08-23T00:34:24.092+0000] {logging_mixin.py:150} INFO - [2023-08-23T00:34:24.092+0000] {dag.py:3508} INFO - Setting next_dagrun for tutorial to 2023-08-22T00:34:24.092201+00:00, run_after=2023-08-23T00:34:24.092201+00:00
[2023-08-23T00:34:24.128+0000] {processor.py:179} INFO - Processing /home/airflow/.local/lib/python3.7/site-packages/airflow/example_dags/tutorial.py took 0.091 seconds
[2023-08-23T00:34:54.487+0000] {processor.py:157} INFO - Started process (PID=2074) to work on /home/airflow/.local/lib/python3.7/site-packages/airflow/example_dags/tutorial.py
[2023-08-23T00:34:54.488+0000] {processor.py:826} INFO - Processing file /home/airflow/.local/lib/python3.7/site-packages/airflow/example_dags/tutorial.py for tasks to queue
[2023-08-23T00:34:54.489+0000] {logging_mixin.py:150} INFO - [2023-08-23T00:34:54.489+0000] {dagbag.py:541} INFO - Filling up the DagBag from /home/airflow/.local/lib/python3.7/site-packages/airflow/example_dags/tutorial.py
[2023-08-23T00:34:54.494+0000] {processor.py:836} INFO - DAG(s) dict_keys(['tutorial']) retrieved from /home/airflow/.local/lib/python3.7/site-packages/airflow/example_dags/tutorial.py
[2023-08-23T00:34:54.516+0000] {logging_mixin.py:150} INFO - [2023-08-23T00:34:54.516+0000] {dag.py:2742} INFO - Sync 1 DAGs
[2023-08-23T00:34:54.540+0000] {logging_mixin.py:150} INFO - [2023-08-23T00:34:54.540+0000] {dag.py:3508} INFO - Setting next_dagrun for tutorial to 2023-08-22T00:34:54.540069+00:00, run_after=2023-08-23T00:34:54.540069+00:00
[2023-08-23T00:34:54.596+0000] {processor.py:179} INFO - Processing /home/airflow/.local/lib/python3.7/site-packages/airflow/example_dags/tutorial.py took 0.111 seconds
[2023-08-23T00:35:25.101+0000] {processor.py:157} INFO - Started process (PID=2149) to work on /home/airflow/.local/lib/python3.7/site-packages/airflow/example_dags/tutorial.py
[2023-08-23T00:35:25.102+0000] {processor.py:826} INFO - Processing file /home/airflow/.local/lib/python3.7/site-packages/airflow/example_dags/tutorial.py for tasks to queue
[2023-08-23T00:35:25.103+0000] {logging_mixin.py:150} INFO - [2023-08-23T00:35:25.103+0000] {dagbag.py:541} INFO - Filling up the DagBag from /home/airflow/.local/lib/python3.7/site-packages/airflow/example_dags/tutorial.py
[2023-08-23T00:35:25.110+0000] {processor.py:836} INFO - DAG(s) dict_keys(['tutorial']) retrieved from /home/airflow/.local/lib/python3.7/site-packages/airflow/example_dags/tutorial.py
[2023-08-23T00:35:25.134+0000] {logging_mixin.py:150} INFO - [2023-08-23T00:35:25.133+0000] {dag.py:2742} INFO - Sync 1 DAGs
[2023-08-23T00:35:25.161+0000] {logging_mixin.py:150} INFO - [2023-08-23T00:35:25.161+0000] {dag.py:3508} INFO - Setting next_dagrun for tutorial to 2023-08-22T00:35:25.160913+00:00, run_after=2023-08-23T00:35:25.160913+00:00
[2023-08-23T00:35:25.198+0000] {processor.py:179} INFO - Processing /home/airflow/.local/lib/python3.7/site-packages/airflow/example_dags/tutorial.py took 0.100 seconds
[2023-08-23T00:35:55.607+0000] {processor.py:157} INFO - Started process (PID=2224) to work on /home/airflow/.local/lib/python3.7/site-packages/airflow/example_dags/tutorial.py
[2023-08-23T00:35:55.608+0000] {processor.py:826} INFO - Processing file /home/airflow/.local/lib/python3.7/site-packages/airflow/example_dags/tutorial.py for tasks to queue
[2023-08-23T00:35:55.609+0000] {logging_mixin.py:150} INFO - [2023-08-23T00:35:55.609+0000] {dagbag.py:541} INFO - Filling up the DagBag from /home/airflow/.local/lib/python3.7/site-packages/airflow/example_dags/tutorial.py
[2023-08-23T00:35:55.614+0000] {processor.py:836} INFO - DAG(s) dict_keys(['tutorial']) retrieved from /home/airflow/.local/lib/python3.7/site-packages/airflow/example_dags/tutorial.py
[2023-08-23T00:35:55.635+0000] {logging_mixin.py:150} INFO - [2023-08-23T00:35:55.635+0000] {dag.py:2742} INFO - Sync 1 DAGs
[2023-08-23T00:35:55.658+0000] {logging_mixin.py:150} INFO - [2023-08-23T00:35:55.658+0000] {dag.py:3508} INFO - Setting next_dagrun for tutorial to 2023-08-22T00:35:55.658044+00:00, run_after=2023-08-23T00:35:55.658044+00:00
[2023-08-23T00:35:55.718+0000] {processor.py:179} INFO - Processing /home/airflow/.local/lib/python3.7/site-packages/airflow/example_dags/tutorial.py took 0.114 seconds
[2023-08-23T00:36:26.116+0000] {processor.py:157} INFO - Started process (PID=2299) to work on /home/airflow/.local/lib/python3.7/site-packages/airflow/example_dags/tutorial.py
[2023-08-23T00:36:26.116+0000] {processor.py:826} INFO - Processing file /home/airflow/.local/lib/python3.7/site-packages/airflow/example_dags/tutorial.py for tasks to queue
[2023-08-23T00:36:26.117+0000] {logging_mixin.py:150} INFO - [2023-08-23T00:36:26.117+0000] {dagbag.py:541} INFO - Filling up the DagBag from /home/airflow/.local/lib/python3.7/site-packages/airflow/example_dags/tutorial.py
[2023-08-23T00:36:26.123+0000] {processor.py:836} INFO - DAG(s) dict_keys(['tutorial']) retrieved from /home/airflow/.local/lib/python3.7/site-packages/airflow/example_dags/tutorial.py
[2023-08-23T00:36:26.146+0000] {logging_mixin.py:150} INFO - [2023-08-23T00:36:26.145+0000] {dag.py:2742} INFO - Sync 1 DAGs
[2023-08-23T00:36:26.170+0000] {logging_mixin.py:150} INFO - [2023-08-23T00:36:26.170+0000] {dag.py:3508} INFO - Setting next_dagrun for tutorial to 2023-08-22T00:36:26.170016+00:00, run_after=2023-08-23T00:36:26.170016+00:00
[2023-08-23T00:36:26.234+0000] {processor.py:179} INFO - Processing /home/airflow/.local/lib/python3.7/site-packages/airflow/example_dags/tutorial.py took 0.121 seconds
[2023-08-23T00:36:56.449+0000] {processor.py:157} INFO - Started process (PID=2374) to work on /home/airflow/.local/lib/python3.7/site-packages/airflow/example_dags/tutorial.py
[2023-08-23T00:36:56.450+0000] {processor.py:826} INFO - Processing file /home/airflow/.local/lib/python3.7/site-packages/airflow/example_dags/tutorial.py for tasks to queue
[2023-08-23T00:36:56.451+0000] {logging_mixin.py:150} INFO - [2023-08-23T00:36:56.451+0000] {dagbag.py:541} INFO - Filling up the DagBag from /home/airflow/.local/lib/python3.7/site-packages/airflow/example_dags/tutorial.py
[2023-08-23T00:36:56.457+0000] {processor.py:836} INFO - DAG(s) dict_keys(['tutorial']) retrieved from /home/airflow/.local/lib/python3.7/site-packages/airflow/example_dags/tutorial.py
[2023-08-23T00:36:56.478+0000] {logging_mixin.py:150} INFO - [2023-08-23T00:36:56.478+0000] {dag.py:2742} INFO - Sync 1 DAGs
[2023-08-23T00:36:56.504+0000] {logging_mixin.py:150} INFO - [2023-08-23T00:36:56.503+0000] {dag.py:3508} INFO - Setting next_dagrun for tutorial to 2023-08-22T00:36:56.503516+00:00, run_after=2023-08-23T00:36:56.503516+00:00
[2023-08-23T00:36:56.560+0000] {processor.py:179} INFO - Processing /home/airflow/.local/lib/python3.7/site-packages/airflow/example_dags/tutorial.py took 0.113 seconds
[2023-08-23T00:37:26.892+0000] {processor.py:157} INFO - Started process (PID=2449) to work on /home/airflow/.local/lib/python3.7/site-packages/airflow/example_dags/tutorial.py
[2023-08-23T00:37:26.893+0000] {processor.py:826} INFO - Processing file /home/airflow/.local/lib/python3.7/site-packages/airflow/example_dags/tutorial.py for tasks to queue
[2023-08-23T00:37:26.894+0000] {logging_mixin.py:150} INFO - [2023-08-23T00:37:26.893+0000] {dagbag.py:541} INFO - Filling up the DagBag from /home/airflow/.local/lib/python3.7/site-packages/airflow/example_dags/tutorial.py
[2023-08-23T00:37:26.899+0000] {processor.py:836} INFO - DAG(s) dict_keys(['tutorial']) retrieved from /home/airflow/.local/lib/python3.7/site-packages/airflow/example_dags/tutorial.py
[2023-08-23T00:37:26.921+0000] {logging_mixin.py:150} INFO - [2023-08-23T00:37:26.921+0000] {dag.py:2742} INFO - Sync 1 DAGs
[2023-08-23T00:37:26.945+0000] {logging_mixin.py:150} INFO - [2023-08-23T00:37:26.944+0000] {dag.py:3508} INFO - Setting next_dagrun for tutorial to 2023-08-22T00:37:26.944800+00:00, run_after=2023-08-23T00:37:26.944800+00:00
[2023-08-23T00:37:27.000+0000] {processor.py:179} INFO - Processing /home/airflow/.local/lib/python3.7/site-packages/airflow/example_dags/tutorial.py took 0.111 seconds
[2023-08-23T00:37:57.300+0000] {processor.py:157} INFO - Started process (PID=2524) to work on /home/airflow/.local/lib/python3.7/site-packages/airflow/example_dags/tutorial.py
[2023-08-23T00:37:57.301+0000] {processor.py:826} INFO - Processing file /home/airflow/.local/lib/python3.7/site-packages/airflow/example_dags/tutorial.py for tasks to queue
[2023-08-23T00:37:57.303+0000] {logging_mixin.py:150} INFO - [2023-08-23T00:37:57.302+0000] {dagbag.py:541} INFO - Filling up the DagBag from /home/airflow/.local/lib/python3.7/site-packages/airflow/example_dags/tutorial.py
[2023-08-23T00:37:57.308+0000] {processor.py:836} INFO - DAG(s) dict_keys(['tutorial']) retrieved from /home/airflow/.local/lib/python3.7/site-packages/airflow/example_dags/tutorial.py
[2023-08-23T00:37:57.328+0000] {logging_mixin.py:150} INFO - [2023-08-23T00:37:57.327+0000] {dag.py:2742} INFO - Sync 1 DAGs
[2023-08-23T00:37:57.354+0000] {logging_mixin.py:150} INFO - [2023-08-23T00:37:57.353+0000] {dag.py:3508} INFO - Setting next_dagrun for tutorial to 2023-08-22T00:37:57.353784+00:00, run_after=2023-08-23T00:37:57.353784+00:00
[2023-08-23T00:37:57.461+0000] {processor.py:179} INFO - Processing /home/airflow/.local/lib/python3.7/site-packages/airflow/example_dags/tutorial.py took 0.163 seconds
[2023-08-23T00:38:27.805+0000] {processor.py:157} INFO - Started process (PID=2599) to work on /home/airflow/.local/lib/python3.7/site-packages/airflow/example_dags/tutorial.py
[2023-08-23T00:38:27.806+0000] {processor.py:826} INFO - Processing file /home/airflow/.local/lib/python3.7/site-packages/airflow/example_dags/tutorial.py for tasks to queue
[2023-08-23T00:38:27.807+0000] {logging_mixin.py:150} INFO - [2023-08-23T00:38:27.806+0000] {dagbag.py:541} INFO - Filling up the DagBag from /home/airflow/.local/lib/python3.7/site-packages/airflow/example_dags/tutorial.py
[2023-08-23T00:38:27.812+0000] {processor.py:836} INFO - DAG(s) dict_keys(['tutorial']) retrieved from /home/airflow/.local/lib/python3.7/site-packages/airflow/example_dags/tutorial.py
[2023-08-23T00:38:27.832+0000] {logging_mixin.py:150} INFO - [2023-08-23T00:38:27.831+0000] {dag.py:2742} INFO - Sync 1 DAGs
[2023-08-23T00:38:27.855+0000] {logging_mixin.py:150} INFO - [2023-08-23T00:38:27.855+0000] {dag.py:3508} INFO - Setting next_dagrun for tutorial to 2023-08-22T00:38:27.854849+00:00, run_after=2023-08-23T00:38:27.854849+00:00
[2023-08-23T00:38:27.906+0000] {processor.py:179} INFO - Processing /home/airflow/.local/lib/python3.7/site-packages/airflow/example_dags/tutorial.py took 0.104 seconds
[2023-08-23T00:38:58.266+0000] {processor.py:157} INFO - Started process (PID=2674) to work on /home/airflow/.local/lib/python3.7/site-packages/airflow/example_dags/tutorial.py
[2023-08-23T00:38:58.267+0000] {processor.py:826} INFO - Processing file /home/airflow/.local/lib/python3.7/site-packages/airflow/example_dags/tutorial.py for tasks to queue
[2023-08-23T00:38:58.268+0000] {logging_mixin.py:150} INFO - [2023-08-23T00:38:58.268+0000] {dagbag.py:541} INFO - Filling up the DagBag from /home/airflow/.local/lib/python3.7/site-packages/airflow/example_dags/tutorial.py
[2023-08-23T00:38:58.274+0000] {processor.py:836} INFO - DAG(s) dict_keys(['tutorial']) retrieved from /home/airflow/.local/lib/python3.7/site-packages/airflow/example_dags/tutorial.py
[2023-08-23T00:38:58.296+0000] {logging_mixin.py:150} INFO - [2023-08-23T00:38:58.296+0000] {dag.py:2742} INFO - Sync 1 DAGs
[2023-08-23T00:38:58.319+0000] {logging_mixin.py:150} INFO - [2023-08-23T00:38:58.319+0000] {dag.py:3508} INFO - Setting next_dagrun for tutorial to 2023-08-22T00:38:58.319017+00:00, run_after=2023-08-23T00:38:58.319017+00:00
[2023-08-23T00:38:58.355+0000] {processor.py:179} INFO - Processing /home/airflow/.local/lib/python3.7/site-packages/airflow/example_dags/tutorial.py took 0.092 seconds
[2023-08-23T00:39:28.831+0000] {processor.py:157} INFO - Started process (PID=2749) to work on /home/airflow/.local/lib/python3.7/site-packages/airflow/example_dags/tutorial.py
[2023-08-23T00:39:28.832+0000] {processor.py:826} INFO - Processing file /home/airflow/.local/lib/python3.7/site-packages/airflow/example_dags/tutorial.py for tasks to queue
[2023-08-23T00:39:28.833+0000] {logging_mixin.py:150} INFO - [2023-08-23T00:39:28.833+0000] {dagbag.py:541} INFO - Filling up the DagBag from /home/airflow/.local/lib/python3.7/site-packages/airflow/example_dags/tutorial.py
[2023-08-23T00:39:28.838+0000] {processor.py:836} INFO - DAG(s) dict_keys(['tutorial']) retrieved from /home/airflow/.local/lib/python3.7/site-packages/airflow/example_dags/tutorial.py
[2023-08-23T00:39:28.858+0000] {logging_mixin.py:150} INFO - [2023-08-23T00:39:28.858+0000] {dag.py:2742} INFO - Sync 1 DAGs
[2023-08-23T00:39:28.881+0000] {logging_mixin.py:150} INFO - [2023-08-23T00:39:28.880+0000] {dag.py:3508} INFO - Setting next_dagrun for tutorial to 2023-08-22T00:39:28.880805+00:00, run_after=2023-08-23T00:39:28.880805+00:00
[2023-08-23T00:39:28.936+0000] {processor.py:179} INFO - Processing /home/airflow/.local/lib/python3.7/site-packages/airflow/example_dags/tutorial.py took 0.108 seconds
[2023-08-23T00:39:59.272+0000] {processor.py:157} INFO - Started process (PID=2824) to work on /home/airflow/.local/lib/python3.7/site-packages/airflow/example_dags/tutorial.py
[2023-08-23T00:39:59.273+0000] {processor.py:826} INFO - Processing file /home/airflow/.local/lib/python3.7/site-packages/airflow/example_dags/tutorial.py for tasks to queue
[2023-08-23T00:39:59.275+0000] {logging_mixin.py:150} INFO - [2023-08-23T00:39:59.275+0000] {dagbag.py:541} INFO - Filling up the DagBag from /home/airflow/.local/lib/python3.7/site-packages/airflow/example_dags/tutorial.py
[2023-08-23T00:39:59.286+0000] {processor.py:836} INFO - DAG(s) dict_keys(['tutorial']) retrieved from /home/airflow/.local/lib/python3.7/site-packages/airflow/example_dags/tutorial.py
[2023-08-23T00:39:59.310+0000] {logging_mixin.py:150} INFO - [2023-08-23T00:39:59.310+0000] {dag.py:2742} INFO - Sync 1 DAGs
[2023-08-23T00:39:59.333+0000] {logging_mixin.py:150} INFO - [2023-08-23T00:39:59.333+0000] {dag.py:3508} INFO - Setting next_dagrun for tutorial to 2023-08-22T00:39:59.333342+00:00, run_after=2023-08-23T00:39:59.333342+00:00
[2023-08-23T00:39:59.400+0000] {processor.py:179} INFO - Processing /home/airflow/.local/lib/python3.7/site-packages/airflow/example_dags/tutorial.py took 0.133 seconds
[2023-08-23T00:40:29.888+0000] {processor.py:157} INFO - Started process (PID=2900) to work on /home/airflow/.local/lib/python3.7/site-packages/airflow/example_dags/tutorial.py
[2023-08-23T00:40:29.889+0000] {processor.py:826} INFO - Processing file /home/airflow/.local/lib/python3.7/site-packages/airflow/example_dags/tutorial.py for tasks to queue
[2023-08-23T00:40:29.891+0000] {logging_mixin.py:150} INFO - [2023-08-23T00:40:29.890+0000] {dagbag.py:541} INFO - Filling up the DagBag from /home/airflow/.local/lib/python3.7/site-packages/airflow/example_dags/tutorial.py
[2023-08-23T00:40:29.899+0000] {processor.py:836} INFO - DAG(s) dict_keys(['tutorial']) retrieved from /home/airflow/.local/lib/python3.7/site-packages/airflow/example_dags/tutorial.py
[2023-08-23T00:40:30.016+0000] {logging_mixin.py:150} INFO - [2023-08-23T00:40:30.016+0000] {dag.py:2742} INFO - Sync 1 DAGs
[2023-08-23T00:40:30.042+0000] {logging_mixin.py:150} INFO - [2023-08-23T00:40:30.042+0000] {dag.py:3508} INFO - Setting next_dagrun for tutorial to 2023-08-22T00:40:30.041905+00:00, run_after=2023-08-23T00:40:30.041905+00:00
[2023-08-23T00:40:30.175+0000] {processor.py:179} INFO - Processing /home/airflow/.local/lib/python3.7/site-packages/airflow/example_dags/tutorial.py took 0.291 seconds
[2023-08-23T00:41:00.390+0000] {processor.py:157} INFO - Started process (PID=2975) to work on /home/airflow/.local/lib/python3.7/site-packages/airflow/example_dags/tutorial.py
[2023-08-23T00:41:00.391+0000] {processor.py:826} INFO - Processing file /home/airflow/.local/lib/python3.7/site-packages/airflow/example_dags/tutorial.py for tasks to queue
[2023-08-23T00:41:00.392+0000] {logging_mixin.py:150} INFO - [2023-08-23T00:41:00.392+0000] {dagbag.py:541} INFO - Filling up the DagBag from /home/airflow/.local/lib/python3.7/site-packages/airflow/example_dags/tutorial.py
[2023-08-23T00:41:00.398+0000] {processor.py:836} INFO - DAG(s) dict_keys(['tutorial']) retrieved from /home/airflow/.local/lib/python3.7/site-packages/airflow/example_dags/tutorial.py
[2023-08-23T00:41:00.419+0000] {logging_mixin.py:150} INFO - [2023-08-23T00:41:00.419+0000] {dag.py:2742} INFO - Sync 1 DAGs
[2023-08-23T00:41:00.443+0000] {logging_mixin.py:150} INFO - [2023-08-23T00:41:00.443+0000] {dag.py:3508} INFO - Setting next_dagrun for tutorial to 2023-08-22T00:41:00.442860+00:00, run_after=2023-08-23T00:41:00.442860+00:00
[2023-08-23T00:41:00.503+0000] {processor.py:179} INFO - Processing /home/airflow/.local/lib/python3.7/site-packages/airflow/example_dags/tutorial.py took 0.115 seconds
[2023-08-23T00:41:31.062+0000] {processor.py:157} INFO - Started process (PID=3051) to work on /home/airflow/.local/lib/python3.7/site-packages/airflow/example_dags/tutorial.py
[2023-08-23T00:41:31.064+0000] {processor.py:826} INFO - Processing file /home/airflow/.local/lib/python3.7/site-packages/airflow/example_dags/tutorial.py for tasks to queue
[2023-08-23T00:41:31.066+0000] {logging_mixin.py:150} INFO - [2023-08-23T00:41:31.065+0000] {dagbag.py:541} INFO - Filling up the DagBag from /home/airflow/.local/lib/python3.7/site-packages/airflow/example_dags/tutorial.py
[2023-08-23T00:41:31.076+0000] {processor.py:836} INFO - DAG(s) dict_keys(['tutorial']) retrieved from /home/airflow/.local/lib/python3.7/site-packages/airflow/example_dags/tutorial.py
[2023-08-23T00:41:31.113+0000] {logging_mixin.py:150} INFO - [2023-08-23T00:41:31.113+0000] {dag.py:2742} INFO - Sync 1 DAGs
[2023-08-23T00:41:31.149+0000] {logging_mixin.py:150} INFO - [2023-08-23T00:41:31.149+0000] {dag.py:3508} INFO - Setting next_dagrun for tutorial to 2023-08-22T00:41:31.149232+00:00, run_after=2023-08-23T00:41:31.149232+00:00
[2023-08-23T00:41:31.191+0000] {processor.py:179} INFO - Processing /home/airflow/.local/lib/python3.7/site-packages/airflow/example_dags/tutorial.py took 0.133 seconds
[2023-08-23T00:42:01.526+0000] {processor.py:157} INFO - Started process (PID=3126) to work on /home/airflow/.local/lib/python3.7/site-packages/airflow/example_dags/tutorial.py
[2023-08-23T00:42:01.527+0000] {processor.py:826} INFO - Processing file /home/airflow/.local/lib/python3.7/site-packages/airflow/example_dags/tutorial.py for tasks to queue
[2023-08-23T00:42:01.528+0000] {logging_mixin.py:150} INFO - [2023-08-23T00:42:01.528+0000] {dagbag.py:541} INFO - Filling up the DagBag from /home/airflow/.local/lib/python3.7/site-packages/airflow/example_dags/tutorial.py
[2023-08-23T00:42:01.535+0000] {processor.py:836} INFO - DAG(s) dict_keys(['tutorial']) retrieved from /home/airflow/.local/lib/python3.7/site-packages/airflow/example_dags/tutorial.py
[2023-08-23T00:42:01.558+0000] {logging_mixin.py:150} INFO - [2023-08-23T00:42:01.557+0000] {dag.py:2742} INFO - Sync 1 DAGs
[2023-08-23T00:42:01.585+0000] {logging_mixin.py:150} INFO - [2023-08-23T00:42:01.585+0000] {dag.py:3508} INFO - Setting next_dagrun for tutorial to 2023-08-22T00:42:01.585526+00:00, run_after=2023-08-23T00:42:01.585526+00:00
[2023-08-23T00:42:01.645+0000] {processor.py:179} INFO - Processing /home/airflow/.local/lib/python3.7/site-packages/airflow/example_dags/tutorial.py took 0.121 seconds
[2023-08-23T00:42:32.143+0000] {processor.py:157} INFO - Started process (PID=3201) to work on /home/airflow/.local/lib/python3.7/site-packages/airflow/example_dags/tutorial.py
[2023-08-23T00:42:32.144+0000] {processor.py:826} INFO - Processing file /home/airflow/.local/lib/python3.7/site-packages/airflow/example_dags/tutorial.py for tasks to queue
[2023-08-23T00:42:32.145+0000] {logging_mixin.py:150} INFO - [2023-08-23T00:42:32.145+0000] {dagbag.py:541} INFO - Filling up the DagBag from /home/airflow/.local/lib/python3.7/site-packages/airflow/example_dags/tutorial.py
[2023-08-23T00:42:32.151+0000] {processor.py:836} INFO - DAG(s) dict_keys(['tutorial']) retrieved from /home/airflow/.local/lib/python3.7/site-packages/airflow/example_dags/tutorial.py
[2023-08-23T00:42:32.175+0000] {logging_mixin.py:150} INFO - [2023-08-23T00:42:32.175+0000] {dag.py:2742} INFO - Sync 1 DAGs
[2023-08-23T00:42:32.204+0000] {logging_mixin.py:150} INFO - [2023-08-23T00:42:32.203+0000] {dag.py:3508} INFO - Setting next_dagrun for tutorial to 2023-08-22T00:42:32.203676+00:00, run_after=2023-08-23T00:42:32.203676+00:00
[2023-08-23T00:42:32.262+0000] {processor.py:179} INFO - Processing /home/airflow/.local/lib/python3.7/site-packages/airflow/example_dags/tutorial.py took 0.122 seconds
[2023-08-23T00:43:02.785+0000] {processor.py:157} INFO - Started process (PID=3276) to work on /home/airflow/.local/lib/python3.7/site-packages/airflow/example_dags/tutorial.py
[2023-08-23T00:43:02.786+0000] {processor.py:826} INFO - Processing file /home/airflow/.local/lib/python3.7/site-packages/airflow/example_dags/tutorial.py for tasks to queue
[2023-08-23T00:43:02.787+0000] {logging_mixin.py:150} INFO - [2023-08-23T00:43:02.787+0000] {dagbag.py:541} INFO - Filling up the DagBag from /home/airflow/.local/lib/python3.7/site-packages/airflow/example_dags/tutorial.py
[2023-08-23T00:43:02.794+0000] {processor.py:836} INFO - DAG(s) dict_keys(['tutorial']) retrieved from /home/airflow/.local/lib/python3.7/site-packages/airflow/example_dags/tutorial.py
[2023-08-23T00:43:02.816+0000] {logging_mixin.py:150} INFO - [2023-08-23T00:43:02.816+0000] {dag.py:2742} INFO - Sync 1 DAGs
[2023-08-23T00:43:02.843+0000] {logging_mixin.py:150} INFO - [2023-08-23T00:43:02.843+0000] {dag.py:3508} INFO - Setting next_dagrun for tutorial to 2023-08-22T00:43:02.843136+00:00, run_after=2023-08-23T00:43:02.843136+00:00
[2023-08-23T00:43:02.879+0000] {processor.py:179} INFO - Processing /home/airflow/.local/lib/python3.7/site-packages/airflow/example_dags/tutorial.py took 0.097 seconds
[2023-08-23T00:43:33.460+0000] {processor.py:157} INFO - Started process (PID=3351) to work on /home/airflow/.local/lib/python3.7/site-packages/airflow/example_dags/tutorial.py
[2023-08-23T00:43:33.461+0000] {processor.py:826} INFO - Processing file /home/airflow/.local/lib/python3.7/site-packages/airflow/example_dags/tutorial.py for tasks to queue
[2023-08-23T00:43:33.462+0000] {logging_mixin.py:150} INFO - [2023-08-23T00:43:33.462+0000] {dagbag.py:541} INFO - Filling up the DagBag from /home/airflow/.local/lib/python3.7/site-packages/airflow/example_dags/tutorial.py
[2023-08-23T00:43:33.468+0000] {processor.py:836} INFO - DAG(s) dict_keys(['tutorial']) retrieved from /home/airflow/.local/lib/python3.7/site-packages/airflow/example_dags/tutorial.py
[2023-08-23T00:43:33.490+0000] {logging_mixin.py:150} INFO - [2023-08-23T00:43:33.490+0000] {dag.py:2742} INFO - Sync 1 DAGs
[2023-08-23T00:43:33.514+0000] {logging_mixin.py:150} INFO - [2023-08-23T00:43:33.514+0000] {dag.py:3508} INFO - Setting next_dagrun for tutorial to 2023-08-22T00:43:33.513762+00:00, run_after=2023-08-23T00:43:33.513762+00:00
[2023-08-23T00:43:33.550+0000] {processor.py:179} INFO - Processing /home/airflow/.local/lib/python3.7/site-packages/airflow/example_dags/tutorial.py took 0.092 seconds
[2023-08-23T00:44:04.803+0000] {processor.py:157} INFO - Started process (PID=3426) to work on /home/airflow/.local/lib/python3.7/site-packages/airflow/example_dags/tutorial.py
[2023-08-23T00:44:04.804+0000] {processor.py:826} INFO - Processing file /home/airflow/.local/lib/python3.7/site-packages/airflow/example_dags/tutorial.py for tasks to queue
[2023-08-23T00:44:04.805+0000] {logging_mixin.py:150} INFO - [2023-08-23T00:44:04.805+0000] {dagbag.py:541} INFO - Filling up the DagBag from /home/airflow/.local/lib/python3.7/site-packages/airflow/example_dags/tutorial.py
[2023-08-23T00:44:04.811+0000] {processor.py:836} INFO - DAG(s) dict_keys(['tutorial']) retrieved from /home/airflow/.local/lib/python3.7/site-packages/airflow/example_dags/tutorial.py
[2023-08-23T00:44:04.831+0000] {logging_mixin.py:150} INFO - [2023-08-23T00:44:04.830+0000] {dag.py:2742} INFO - Sync 1 DAGs
[2023-08-23T00:44:04.854+0000] {logging_mixin.py:150} INFO - [2023-08-23T00:44:04.854+0000] {dag.py:3508} INFO - Setting next_dagrun for tutorial to 2023-08-22T00:44:04.854214+00:00, run_after=2023-08-23T00:44:04.854214+00:00
[2023-08-23T00:44:04.888+0000] {processor.py:179} INFO - Processing /home/airflow/.local/lib/python3.7/site-packages/airflow/example_dags/tutorial.py took 0.087 seconds
[2023-08-23T00:44:35.230+0000] {processor.py:157} INFO - Started process (PID=3501) to work on /home/airflow/.local/lib/python3.7/site-packages/airflow/example_dags/tutorial.py
[2023-08-23T00:44:35.231+0000] {processor.py:826} INFO - Processing file /home/airflow/.local/lib/python3.7/site-packages/airflow/example_dags/tutorial.py for tasks to queue
[2023-08-23T00:44:35.233+0000] {logging_mixin.py:150} INFO - [2023-08-23T00:44:35.232+0000] {dagbag.py:541} INFO - Filling up the DagBag from /home/airflow/.local/lib/python3.7/site-packages/airflow/example_dags/tutorial.py
[2023-08-23T00:44:35.239+0000] {processor.py:836} INFO - DAG(s) dict_keys(['tutorial']) retrieved from /home/airflow/.local/lib/python3.7/site-packages/airflow/example_dags/tutorial.py
[2023-08-23T00:44:35.261+0000] {logging_mixin.py:150} INFO - [2023-08-23T00:44:35.261+0000] {dag.py:2742} INFO - Sync 1 DAGs
[2023-08-23T00:44:35.291+0000] {logging_mixin.py:150} INFO - [2023-08-23T00:44:35.291+0000] {dag.py:3508} INFO - Setting next_dagrun for tutorial to 2023-08-22T00:44:35.290623+00:00, run_after=2023-08-23T00:44:35.290623+00:00
[2023-08-23T00:44:35.330+0000] {processor.py:179} INFO - Processing /home/airflow/.local/lib/python3.7/site-packages/airflow/example_dags/tutorial.py took 0.102 seconds
[2023-08-23T00:45:05.691+0000] {processor.py:157} INFO - Started process (PID=3576) to work on /home/airflow/.local/lib/python3.7/site-packages/airflow/example_dags/tutorial.py
[2023-08-23T00:45:05.692+0000] {processor.py:826} INFO - Processing file /home/airflow/.local/lib/python3.7/site-packages/airflow/example_dags/tutorial.py for tasks to queue
[2023-08-23T00:45:05.693+0000] {logging_mixin.py:150} INFO - [2023-08-23T00:45:05.693+0000] {dagbag.py:541} INFO - Filling up the DagBag from /home/airflow/.local/lib/python3.7/site-packages/airflow/example_dags/tutorial.py
[2023-08-23T00:45:05.698+0000] {processor.py:836} INFO - DAG(s) dict_keys(['tutorial']) retrieved from /home/airflow/.local/lib/python3.7/site-packages/airflow/example_dags/tutorial.py
[2023-08-23T00:45:05.721+0000] {logging_mixin.py:150} INFO - [2023-08-23T00:45:05.721+0000] {dag.py:2742} INFO - Sync 1 DAGs
[2023-08-23T00:45:05.748+0000] {logging_mixin.py:150} INFO - [2023-08-23T00:45:05.748+0000] {dag.py:3508} INFO - Setting next_dagrun for tutorial to 2023-08-22T00:45:05.748038+00:00, run_after=2023-08-23T00:45:05.748038+00:00
[2023-08-23T00:45:05.785+0000] {processor.py:179} INFO - Processing /home/airflow/.local/lib/python3.7/site-packages/airflow/example_dags/tutorial.py took 0.096 seconds
[2023-08-23T00:45:36.976+0000] {processor.py:157} INFO - Started process (PID=3651) to work on /home/airflow/.local/lib/python3.7/site-packages/airflow/example_dags/tutorial.py
[2023-08-23T00:45:36.977+0000] {processor.py:826} INFO - Processing file /home/airflow/.local/lib/python3.7/site-packages/airflow/example_dags/tutorial.py for tasks to queue
[2023-08-23T00:45:36.978+0000] {logging_mixin.py:150} INFO - [2023-08-23T00:45:36.978+0000] {dagbag.py:541} INFO - Filling up the DagBag from /home/airflow/.local/lib/python3.7/site-packages/airflow/example_dags/tutorial.py
[2023-08-23T00:45:36.984+0000] {processor.py:836} INFO - DAG(s) dict_keys(['tutorial']) retrieved from /home/airflow/.local/lib/python3.7/site-packages/airflow/example_dags/tutorial.py
[2023-08-23T00:45:37.007+0000] {logging_mixin.py:150} INFO - [2023-08-23T00:45:37.007+0000] {dag.py:2742} INFO - Sync 1 DAGs
[2023-08-23T00:45:37.033+0000] {logging_mixin.py:150} INFO - [2023-08-23T00:45:37.032+0000] {dag.py:3508} INFO - Setting next_dagrun for tutorial to 2023-08-22T00:45:37.032628+00:00, run_after=2023-08-23T00:45:37.032628+00:00
[2023-08-23T00:45:37.068+0000] {processor.py:179} INFO - Processing /home/airflow/.local/lib/python3.7/site-packages/airflow/example_dags/tutorial.py took 0.095 seconds
[2023-08-23T00:46:07.777+0000] {processor.py:157} INFO - Started process (PID=3726) to work on /home/airflow/.local/lib/python3.7/site-packages/airflow/example_dags/tutorial.py
[2023-08-23T00:46:07.778+0000] {processor.py:826} INFO - Processing file /home/airflow/.local/lib/python3.7/site-packages/airflow/example_dags/tutorial.py for tasks to queue
[2023-08-23T00:46:07.779+0000] {logging_mixin.py:150} INFO - [2023-08-23T00:46:07.779+0000] {dagbag.py:541} INFO - Filling up the DagBag from /home/airflow/.local/lib/python3.7/site-packages/airflow/example_dags/tutorial.py
[2023-08-23T00:46:07.785+0000] {processor.py:836} INFO - DAG(s) dict_keys(['tutorial']) retrieved from /home/airflow/.local/lib/python3.7/site-packages/airflow/example_dags/tutorial.py
[2023-08-23T00:46:07.805+0000] {logging_mixin.py:150} INFO - [2023-08-23T00:46:07.805+0000] {dag.py:2742} INFO - Sync 1 DAGs
[2023-08-23T00:46:07.829+0000] {logging_mixin.py:150} INFO - [2023-08-23T00:46:07.829+0000] {dag.py:3508} INFO - Setting next_dagrun for tutorial to 2023-08-22T00:46:07.828906+00:00, run_after=2023-08-23T00:46:07.828906+00:00
[2023-08-23T00:46:07.899+0000] {processor.py:179} INFO - Processing /home/airflow/.local/lib/python3.7/site-packages/airflow/example_dags/tutorial.py took 0.125 seconds
[2023-08-23T00:46:38.256+0000] {processor.py:157} INFO - Started process (PID=3801) to work on /home/airflow/.local/lib/python3.7/site-packages/airflow/example_dags/tutorial.py
[2023-08-23T00:46:38.257+0000] {processor.py:826} INFO - Processing file /home/airflow/.local/lib/python3.7/site-packages/airflow/example_dags/tutorial.py for tasks to queue
[2023-08-23T00:46:38.258+0000] {logging_mixin.py:150} INFO - [2023-08-23T00:46:38.258+0000] {dagbag.py:541} INFO - Filling up the DagBag from /home/airflow/.local/lib/python3.7/site-packages/airflow/example_dags/tutorial.py
[2023-08-23T00:46:38.264+0000] {processor.py:836} INFO - DAG(s) dict_keys(['tutorial']) retrieved from /home/airflow/.local/lib/python3.7/site-packages/airflow/example_dags/tutorial.py
[2023-08-23T00:46:38.286+0000] {logging_mixin.py:150} INFO - [2023-08-23T00:46:38.285+0000] {dag.py:2742} INFO - Sync 1 DAGs
[2023-08-23T00:46:38.310+0000] {logging_mixin.py:150} INFO - [2023-08-23T00:46:38.310+0000] {dag.py:3508} INFO - Setting next_dagrun for tutorial to 2023-08-22T00:46:38.310061+00:00, run_after=2023-08-23T00:46:38.310061+00:00
[2023-08-23T00:46:38.348+0000] {processor.py:179} INFO - Processing /home/airflow/.local/lib/python3.7/site-packages/airflow/example_dags/tutorial.py took 0.095 seconds
[2023-08-23T00:47:09.647+0000] {processor.py:157} INFO - Started process (PID=3876) to work on /home/airflow/.local/lib/python3.7/site-packages/airflow/example_dags/tutorial.py
[2023-08-23T00:47:09.649+0000] {processor.py:826} INFO - Processing file /home/airflow/.local/lib/python3.7/site-packages/airflow/example_dags/tutorial.py for tasks to queue
[2023-08-23T00:47:09.650+0000] {logging_mixin.py:150} INFO - [2023-08-23T00:47:09.650+0000] {dagbag.py:541} INFO - Filling up the DagBag from /home/airflow/.local/lib/python3.7/site-packages/airflow/example_dags/tutorial.py
[2023-08-23T00:47:09.655+0000] {processor.py:836} INFO - DAG(s) dict_keys(['tutorial']) retrieved from /home/airflow/.local/lib/python3.7/site-packages/airflow/example_dags/tutorial.py
[2023-08-23T00:47:09.675+0000] {logging_mixin.py:150} INFO - [2023-08-23T00:47:09.675+0000] {dag.py:2742} INFO - Sync 1 DAGs
[2023-08-23T00:47:09.701+0000] {logging_mixin.py:150} INFO - [2023-08-23T00:47:09.701+0000] {dag.py:3508} INFO - Setting next_dagrun for tutorial to 2023-08-22T00:47:09.701558+00:00, run_after=2023-08-23T00:47:09.701558+00:00
[2023-08-23T00:47:09.737+0000] {processor.py:179} INFO - Processing /home/airflow/.local/lib/python3.7/site-packages/airflow/example_dags/tutorial.py took 0.092 seconds
[2023-08-23T00:47:40.272+0000] {processor.py:157} INFO - Started process (PID=3951) to work on /home/airflow/.local/lib/python3.7/site-packages/airflow/example_dags/tutorial.py
[2023-08-23T00:47:40.273+0000] {processor.py:826} INFO - Processing file /home/airflow/.local/lib/python3.7/site-packages/airflow/example_dags/tutorial.py for tasks to queue
[2023-08-23T00:47:40.274+0000] {logging_mixin.py:150} INFO - [2023-08-23T00:47:40.274+0000] {dagbag.py:541} INFO - Filling up the DagBag from /home/airflow/.local/lib/python3.7/site-packages/airflow/example_dags/tutorial.py
[2023-08-23T00:47:40.280+0000] {processor.py:836} INFO - DAG(s) dict_keys(['tutorial']) retrieved from /home/airflow/.local/lib/python3.7/site-packages/airflow/example_dags/tutorial.py
[2023-08-23T00:47:40.301+0000] {logging_mixin.py:150} INFO - [2023-08-23T00:47:40.300+0000] {dag.py:2742} INFO - Sync 1 DAGs
[2023-08-23T00:47:40.322+0000] {logging_mixin.py:150} INFO - [2023-08-23T00:47:40.322+0000] {dag.py:3508} INFO - Setting next_dagrun for tutorial to 2023-08-22T00:47:40.322602+00:00, run_after=2023-08-23T00:47:40.322602+00:00
[2023-08-23T00:47:40.360+0000] {processor.py:179} INFO - Processing /home/airflow/.local/lib/python3.7/site-packages/airflow/example_dags/tutorial.py took 0.091 seconds
[2023-08-23T00:48:10.953+0000] {processor.py:157} INFO - Started process (PID=4026) to work on /home/airflow/.local/lib/python3.7/site-packages/airflow/example_dags/tutorial.py
[2023-08-23T00:48:10.955+0000] {processor.py:826} INFO - Processing file /home/airflow/.local/lib/python3.7/site-packages/airflow/example_dags/tutorial.py for tasks to queue
[2023-08-23T00:48:10.956+0000] {logging_mixin.py:150} INFO - [2023-08-23T00:48:10.956+0000] {dagbag.py:541} INFO - Filling up the DagBag from /home/airflow/.local/lib/python3.7/site-packages/airflow/example_dags/tutorial.py
[2023-08-23T00:48:10.965+0000] {processor.py:836} INFO - DAG(s) dict_keys(['tutorial']) retrieved from /home/airflow/.local/lib/python3.7/site-packages/airflow/example_dags/tutorial.py
[2023-08-23T00:48:10.988+0000] {logging_mixin.py:150} INFO - [2023-08-23T00:48:10.988+0000] {dag.py:2742} INFO - Sync 1 DAGs
[2023-08-23T00:48:11.012+0000] {logging_mixin.py:150} INFO - [2023-08-23T00:48:11.012+0000] {dag.py:3508} INFO - Setting next_dagrun for tutorial to 2023-08-22T00:48:11.012265+00:00, run_after=2023-08-23T00:48:11.012265+00:00
[2023-08-23T00:48:11.114+0000] {processor.py:179} INFO - Processing /home/airflow/.local/lib/python3.7/site-packages/airflow/example_dags/tutorial.py took 0.164 seconds
[2023-08-23T00:48:42.021+0000] {processor.py:157} INFO - Started process (PID=4108) to work on /home/airflow/.local/lib/python3.7/site-packages/airflow/example_dags/tutorial.py
[2023-08-23T00:48:42.022+0000] {processor.py:826} INFO - Processing file /home/airflow/.local/lib/python3.7/site-packages/airflow/example_dags/tutorial.py for tasks to queue
[2023-08-23T00:48:42.023+0000] {logging_mixin.py:150} INFO - [2023-08-23T00:48:42.023+0000] {dagbag.py:541} INFO - Filling up the DagBag from /home/airflow/.local/lib/python3.7/site-packages/airflow/example_dags/tutorial.py
[2023-08-23T00:48:42.029+0000] {processor.py:836} INFO - DAG(s) dict_keys(['tutorial']) retrieved from /home/airflow/.local/lib/python3.7/site-packages/airflow/example_dags/tutorial.py
[2023-08-23T00:48:42.054+0000] {logging_mixin.py:150} INFO - [2023-08-23T00:48:42.054+0000] {dag.py:2742} INFO - Sync 1 DAGs
[2023-08-23T00:48:42.080+0000] {logging_mixin.py:150} INFO - [2023-08-23T00:48:42.080+0000] {dag.py:3508} INFO - Setting next_dagrun for tutorial to 2023-08-22T00:48:42.080382+00:00, run_after=2023-08-23T00:48:42.080382+00:00
[2023-08-23T00:48:42.118+0000] {processor.py:179} INFO - Processing /home/airflow/.local/lib/python3.7/site-packages/airflow/example_dags/tutorial.py took 0.099 seconds
[2023-08-23T00:49:12.191+0000] {processor.py:157} INFO - Started process (PID=4183) to work on /home/airflow/.local/lib/python3.7/site-packages/airflow/example_dags/tutorial.py
[2023-08-23T00:49:12.193+0000] {processor.py:826} INFO - Processing file /home/airflow/.local/lib/python3.7/site-packages/airflow/example_dags/tutorial.py for tasks to queue
[2023-08-23T00:49:12.194+0000] {logging_mixin.py:150} INFO - [2023-08-23T00:49:12.194+0000] {dagbag.py:541} INFO - Filling up the DagBag from /home/airflow/.local/lib/python3.7/site-packages/airflow/example_dags/tutorial.py
[2023-08-23T00:49:12.202+0000] {processor.py:836} INFO - DAG(s) dict_keys(['tutorial']) retrieved from /home/airflow/.local/lib/python3.7/site-packages/airflow/example_dags/tutorial.py
[2023-08-23T00:49:12.221+0000] {logging_mixin.py:150} INFO - [2023-08-23T00:49:12.221+0000] {dag.py:2742} INFO - Sync 1 DAGs
[2023-08-23T00:49:12.245+0000] {logging_mixin.py:150} INFO - [2023-08-23T00:49:12.245+0000] {dag.py:3508} INFO - Setting next_dagrun for tutorial to 2023-08-22T00:49:12.245206+00:00, run_after=2023-08-23T00:49:12.245206+00:00
[2023-08-23T00:49:12.281+0000] {processor.py:179} INFO - Processing /home/airflow/.local/lib/python3.7/site-packages/airflow/example_dags/tutorial.py took 0.093 seconds
[2023-08-23T00:49:42.613+0000] {processor.py:157} INFO - Started process (PID=4258) to work on /home/airflow/.local/lib/python3.7/site-packages/airflow/example_dags/tutorial.py
[2023-08-23T00:49:42.614+0000] {processor.py:826} INFO - Processing file /home/airflow/.local/lib/python3.7/site-packages/airflow/example_dags/tutorial.py for tasks to queue
[2023-08-23T00:49:42.615+0000] {logging_mixin.py:150} INFO - [2023-08-23T00:49:42.615+0000] {dagbag.py:541} INFO - Filling up the DagBag from /home/airflow/.local/lib/python3.7/site-packages/airflow/example_dags/tutorial.py
[2023-08-23T00:49:42.621+0000] {processor.py:836} INFO - DAG(s) dict_keys(['tutorial']) retrieved from /home/airflow/.local/lib/python3.7/site-packages/airflow/example_dags/tutorial.py
[2023-08-23T00:49:42.641+0000] {logging_mixin.py:150} INFO - [2023-08-23T00:49:42.641+0000] {dag.py:2742} INFO - Sync 1 DAGs
[2023-08-23T00:49:42.664+0000] {logging_mixin.py:150} INFO - [2023-08-23T00:49:42.664+0000] {dag.py:3508} INFO - Setting next_dagrun for tutorial to 2023-08-22T00:49:42.664371+00:00, run_after=2023-08-23T00:49:42.664371+00:00
[2023-08-23T00:49:42.703+0000] {processor.py:179} INFO - Processing /home/airflow/.local/lib/python3.7/site-packages/airflow/example_dags/tutorial.py took 0.093 seconds
[2023-08-23T00:50:12.893+0000] {processor.py:157} INFO - Started process (PID=4333) to work on /home/airflow/.local/lib/python3.7/site-packages/airflow/example_dags/tutorial.py
[2023-08-23T00:50:12.894+0000] {processor.py:826} INFO - Processing file /home/airflow/.local/lib/python3.7/site-packages/airflow/example_dags/tutorial.py for tasks to queue
[2023-08-23T00:50:12.895+0000] {logging_mixin.py:150} INFO - [2023-08-23T00:50:12.894+0000] {dagbag.py:541} INFO - Filling up the DagBag from /home/airflow/.local/lib/python3.7/site-packages/airflow/example_dags/tutorial.py
[2023-08-23T00:50:12.900+0000] {processor.py:836} INFO - DAG(s) dict_keys(['tutorial']) retrieved from /home/airflow/.local/lib/python3.7/site-packages/airflow/example_dags/tutorial.py
[2023-08-23T00:50:12.921+0000] {logging_mixin.py:150} INFO - [2023-08-23T00:50:12.920+0000] {dag.py:2742} INFO - Sync 1 DAGs
[2023-08-23T00:50:12.945+0000] {logging_mixin.py:150} INFO - [2023-08-23T00:50:12.945+0000] {dag.py:3508} INFO - Setting next_dagrun for tutorial to 2023-08-22T00:50:12.945457+00:00, run_after=2023-08-23T00:50:12.945457+00:00
[2023-08-23T00:50:12.981+0000] {processor.py:179} INFO - Processing /home/airflow/.local/lib/python3.7/site-packages/airflow/example_dags/tutorial.py took 0.091 seconds
[2023-08-23T00:50:43.978+0000] {processor.py:157} INFO - Started process (PID=4408) to work on /home/airflow/.local/lib/python3.7/site-packages/airflow/example_dags/tutorial.py
[2023-08-23T00:50:43.979+0000] {processor.py:826} INFO - Processing file /home/airflow/.local/lib/python3.7/site-packages/airflow/example_dags/tutorial.py for tasks to queue
[2023-08-23T00:50:43.980+0000] {logging_mixin.py:150} INFO - [2023-08-23T00:50:43.979+0000] {dagbag.py:541} INFO - Filling up the DagBag from /home/airflow/.local/lib/python3.7/site-packages/airflow/example_dags/tutorial.py
[2023-08-23T00:50:43.986+0000] {processor.py:836} INFO - DAG(s) dict_keys(['tutorial']) retrieved from /home/airflow/.local/lib/python3.7/site-packages/airflow/example_dags/tutorial.py
[2023-08-23T00:50:44.006+0000] {logging_mixin.py:150} INFO - [2023-08-23T00:50:44.006+0000] {dag.py:2742} INFO - Sync 1 DAGs
[2023-08-23T00:50:44.030+0000] {logging_mixin.py:150} INFO - [2023-08-23T00:50:44.030+0000] {dag.py:3508} INFO - Setting next_dagrun for tutorial to 2023-08-22T00:50:44.030107+00:00, run_after=2023-08-23T00:50:44.030107+00:00
[2023-08-23T00:50:44.132+0000] {processor.py:179} INFO - Processing /home/airflow/.local/lib/python3.7/site-packages/airflow/example_dags/tutorial.py took 0.157 seconds
[2023-08-23T00:51:14.657+0000] {processor.py:157} INFO - Started process (PID=4483) to work on /home/airflow/.local/lib/python3.7/site-packages/airflow/example_dags/tutorial.py
[2023-08-23T00:51:14.658+0000] {processor.py:826} INFO - Processing file /home/airflow/.local/lib/python3.7/site-packages/airflow/example_dags/tutorial.py for tasks to queue
[2023-08-23T00:51:14.659+0000] {logging_mixin.py:150} INFO - [2023-08-23T00:51:14.659+0000] {dagbag.py:541} INFO - Filling up the DagBag from /home/airflow/.local/lib/python3.7/site-packages/airflow/example_dags/tutorial.py
[2023-08-23T00:51:14.665+0000] {processor.py:836} INFO - DAG(s) dict_keys(['tutorial']) retrieved from /home/airflow/.local/lib/python3.7/site-packages/airflow/example_dags/tutorial.py
[2023-08-23T00:51:14.687+0000] {logging_mixin.py:150} INFO - [2023-08-23T00:51:14.687+0000] {dag.py:2742} INFO - Sync 1 DAGs
[2023-08-23T00:51:14.712+0000] {logging_mixin.py:150} INFO - [2023-08-23T00:51:14.712+0000] {dag.py:3508} INFO - Setting next_dagrun for tutorial to 2023-08-22T00:51:14.712438+00:00, run_after=2023-08-23T00:51:14.712438+00:00
[2023-08-23T00:51:14.750+0000] {processor.py:179} INFO - Processing /home/airflow/.local/lib/python3.7/site-packages/airflow/example_dags/tutorial.py took 0.096 seconds
[2023-08-23T00:51:45.879+0000] {processor.py:157} INFO - Started process (PID=4559) to work on /home/airflow/.local/lib/python3.7/site-packages/airflow/example_dags/tutorial.py
[2023-08-23T00:51:45.881+0000] {processor.py:826} INFO - Processing file /home/airflow/.local/lib/python3.7/site-packages/airflow/example_dags/tutorial.py for tasks to queue
[2023-08-23T00:51:45.882+0000] {logging_mixin.py:150} INFO - [2023-08-23T00:51:45.882+0000] {dagbag.py:541} INFO - Filling up the DagBag from /home/airflow/.local/lib/python3.7/site-packages/airflow/example_dags/tutorial.py
[2023-08-23T00:51:45.888+0000] {processor.py:836} INFO - DAG(s) dict_keys(['tutorial']) retrieved from /home/airflow/.local/lib/python3.7/site-packages/airflow/example_dags/tutorial.py
[2023-08-23T00:51:45.913+0000] {logging_mixin.py:150} INFO - [2023-08-23T00:51:45.913+0000] {dag.py:2742} INFO - Sync 1 DAGs
[2023-08-23T00:51:45.939+0000] {logging_mixin.py:150} INFO - [2023-08-23T00:51:45.938+0000] {dag.py:3508} INFO - Setting next_dagrun for tutorial to 2023-08-22T00:51:45.938690+00:00, run_after=2023-08-23T00:51:45.938690+00:00
[2023-08-23T00:51:45.977+0000] {processor.py:179} INFO - Processing /home/airflow/.local/lib/python3.7/site-packages/airflow/example_dags/tutorial.py took 0.101 seconds
