[2023-08-27T06:19:22.090+0000] {processor.py:157} INFO - Started process (PID=45) to work on /opt/airflow/dags/dags_bash_operator.py
[2023-08-27T06:19:22.091+0000] {processor.py:826} INFO - Processing file /opt/airflow/dags/dags_bash_operator.py for tasks to queue
[2023-08-27T06:19:22.092+0000] {logging_mixin.py:150} INFO - [2023-08-27T06:19:22.092+0000] {dagbag.py:541} INFO - Filling up the DagBag from /opt/airflow/dags/dags_bash_operator.py
[2023-08-27T06:19:22.127+0000] {processor.py:836} INFO - DAG(s) dict_keys(['dags_bash_operator']) retrieved from /opt/airflow/dags/dags_bash_operator.py
[2023-08-27T06:19:22.157+0000] {logging_mixin.py:150} INFO - [2023-08-27T06:19:22.157+0000] {dag.py:2742} INFO - Sync 1 DAGs
[2023-08-27T06:19:22.288+0000] {logging_mixin.py:150} INFO - [2023-08-27T06:19:22.288+0000] {dag.py:3508} INFO - Setting next_dagrun for dags_bash_operator to 2023-08-26T00:00:00+00:00, run_after=2023-08-27T00:00:00+00:00
[2023-08-27T06:19:22.346+0000] {processor.py:179} INFO - Processing /opt/airflow/dags/dags_bash_operator.py took 0.258 seconds
[2023-08-27T06:19:52.558+0000] {processor.py:157} INFO - Started process (PID=125) to work on /opt/airflow/dags/dags_bash_operator.py
[2023-08-27T06:19:52.559+0000] {processor.py:826} INFO - Processing file /opt/airflow/dags/dags_bash_operator.py for tasks to queue
[2023-08-27T06:19:52.561+0000] {logging_mixin.py:150} INFO - [2023-08-27T06:19:52.560+0000] {dagbag.py:541} INFO - Filling up the DagBag from /opt/airflow/dags/dags_bash_operator.py
[2023-08-27T06:19:52.611+0000] {processor.py:836} INFO - DAG(s) dict_keys(['dags_bash_operator']) retrieved from /opt/airflow/dags/dags_bash_operator.py
[2023-08-27T06:19:52.740+0000] {logging_mixin.py:150} INFO - [2023-08-27T06:19:52.740+0000] {dag.py:2742} INFO - Sync 1 DAGs
[2023-08-27T06:19:52.772+0000] {logging_mixin.py:150} INFO - [2023-08-27T06:19:52.771+0000] {dag.py:3508} INFO - Setting next_dagrun for dags_bash_operator to 2023-08-26T00:00:00+00:00, run_after=2023-08-27T00:00:00+00:00
[2023-08-27T06:19:52.814+0000] {processor.py:179} INFO - Processing /opt/airflow/dags/dags_bash_operator.py took 0.260 seconds
[2023-08-27T06:20:23.473+0000] {processor.py:157} INFO - Started process (PID=205) to work on /opt/airflow/dags/dags_bash_operator.py
[2023-08-27T06:20:23.474+0000] {processor.py:826} INFO - Processing file /opt/airflow/dags/dags_bash_operator.py for tasks to queue
[2023-08-27T06:20:23.475+0000] {logging_mixin.py:150} INFO - [2023-08-27T06:20:23.475+0000] {dagbag.py:541} INFO - Filling up the DagBag from /opt/airflow/dags/dags_bash_operator.py
[2023-08-27T06:20:23.506+0000] {processor.py:836} INFO - DAG(s) dict_keys(['dags_bash_operator']) retrieved from /opt/airflow/dags/dags_bash_operator.py
[2023-08-27T06:20:23.530+0000] {logging_mixin.py:150} INFO - [2023-08-27T06:20:23.530+0000] {dag.py:2742} INFO - Sync 1 DAGs
[2023-08-27T06:20:23.556+0000] {logging_mixin.py:150} INFO - [2023-08-27T06:20:23.556+0000] {dag.py:3508} INFO - Setting next_dagrun for dags_bash_operator to 2023-08-26T00:00:00+00:00, run_after=2023-08-27T00:00:00+00:00
[2023-08-27T06:20:23.594+0000] {processor.py:179} INFO - Processing /opt/airflow/dags/dags_bash_operator.py took 0.124 seconds
[2023-08-27T06:20:53.814+0000] {processor.py:157} INFO - Started process (PID=286) to work on /opt/airflow/dags/dags_bash_operator.py
[2023-08-27T06:20:53.815+0000] {processor.py:826} INFO - Processing file /opt/airflow/dags/dags_bash_operator.py for tasks to queue
[2023-08-27T06:20:53.816+0000] {logging_mixin.py:150} INFO - [2023-08-27T06:20:53.816+0000] {dagbag.py:541} INFO - Filling up the DagBag from /opt/airflow/dags/dags_bash_operator.py
[2023-08-27T06:20:53.846+0000] {processor.py:836} INFO - DAG(s) dict_keys(['dags_bash_operator']) retrieved from /opt/airflow/dags/dags_bash_operator.py
[2023-08-27T06:20:53.869+0000] {logging_mixin.py:150} INFO - [2023-08-27T06:20:53.869+0000] {dag.py:2742} INFO - Sync 1 DAGs
[2023-08-27T06:20:53.894+0000] {logging_mixin.py:150} INFO - [2023-08-27T06:20:53.894+0000] {dag.py:3508} INFO - Setting next_dagrun for dags_bash_operator to 2023-08-26T00:00:00+00:00, run_after=2023-08-27T00:00:00+00:00
[2023-08-27T06:20:53.936+0000] {processor.py:179} INFO - Processing /opt/airflow/dags/dags_bash_operator.py took 0.125 seconds
[2023-08-27T06:21:24.347+0000] {processor.py:157} INFO - Started process (PID=366) to work on /opt/airflow/dags/dags_bash_operator.py
[2023-08-27T06:21:24.348+0000] {processor.py:826} INFO - Processing file /opt/airflow/dags/dags_bash_operator.py for tasks to queue
[2023-08-27T06:21:24.349+0000] {logging_mixin.py:150} INFO - [2023-08-27T06:21:24.349+0000] {dagbag.py:541} INFO - Filling up the DagBag from /opt/airflow/dags/dags_bash_operator.py
[2023-08-27T06:21:24.382+0000] {processor.py:836} INFO - DAG(s) dict_keys(['dags_bash_operator']) retrieved from /opt/airflow/dags/dags_bash_operator.py
[2023-08-27T06:21:24.405+0000] {logging_mixin.py:150} INFO - [2023-08-27T06:21:24.405+0000] {dag.py:2742} INFO - Sync 1 DAGs
[2023-08-27T06:21:24.432+0000] {logging_mixin.py:150} INFO - [2023-08-27T06:21:24.431+0000] {dag.py:3508} INFO - Setting next_dagrun for dags_bash_operator to 2023-08-26T00:00:00+00:00, run_after=2023-08-27T00:00:00+00:00
[2023-08-27T06:21:24.482+0000] {processor.py:179} INFO - Processing /opt/airflow/dags/dags_bash_operator.py took 0.138 seconds
[2023-08-27T06:21:54.621+0000] {processor.py:157} INFO - Started process (PID=446) to work on /opt/airflow/dags/dags_bash_operator.py
[2023-08-27T06:21:54.622+0000] {processor.py:826} INFO - Processing file /opt/airflow/dags/dags_bash_operator.py for tasks to queue
[2023-08-27T06:21:54.623+0000] {logging_mixin.py:150} INFO - [2023-08-27T06:21:54.623+0000] {dagbag.py:541} INFO - Filling up the DagBag from /opt/airflow/dags/dags_bash_operator.py
[2023-08-27T06:21:54.652+0000] {processor.py:836} INFO - DAG(s) dict_keys(['dags_bash_operator']) retrieved from /opt/airflow/dags/dags_bash_operator.py
[2023-08-27T06:21:54.676+0000] {logging_mixin.py:150} INFO - [2023-08-27T06:21:54.676+0000] {dag.py:2742} INFO - Sync 1 DAGs
[2023-08-27T06:21:54.702+0000] {logging_mixin.py:150} INFO - [2023-08-27T06:21:54.701+0000] {dag.py:3508} INFO - Setting next_dagrun for dags_bash_operator to 2023-08-26T00:00:00+00:00, run_after=2023-08-27T00:00:00+00:00
[2023-08-27T06:21:54.741+0000] {processor.py:179} INFO - Processing /opt/airflow/dags/dags_bash_operator.py took 0.122 seconds
[2023-08-27T06:22:24.981+0000] {processor.py:157} INFO - Started process (PID=526) to work on /opt/airflow/dags/dags_bash_operator.py
[2023-08-27T06:22:24.982+0000] {processor.py:826} INFO - Processing file /opt/airflow/dags/dags_bash_operator.py for tasks to queue
[2023-08-27T06:22:24.983+0000] {logging_mixin.py:150} INFO - [2023-08-27T06:22:24.983+0000] {dagbag.py:541} INFO - Filling up the DagBag from /opt/airflow/dags/dags_bash_operator.py
[2023-08-27T06:22:25.012+0000] {processor.py:836} INFO - DAG(s) dict_keys(['dags_bash_operator']) retrieved from /opt/airflow/dags/dags_bash_operator.py
[2023-08-27T06:22:25.033+0000] {logging_mixin.py:150} INFO - [2023-08-27T06:22:25.033+0000] {dag.py:2742} INFO - Sync 1 DAGs
[2023-08-27T06:22:25.058+0000] {logging_mixin.py:150} INFO - [2023-08-27T06:22:25.058+0000] {dag.py:3508} INFO - Setting next_dagrun for dags_bash_operator to 2023-08-26T00:00:00+00:00, run_after=2023-08-27T00:00:00+00:00
[2023-08-27T06:22:25.095+0000] {processor.py:179} INFO - Processing /opt/airflow/dags/dags_bash_operator.py took 0.118 seconds
[2023-08-27T06:22:55.440+0000] {processor.py:157} INFO - Started process (PID=607) to work on /opt/airflow/dags/dags_bash_operator.py
[2023-08-27T06:22:55.442+0000] {processor.py:826} INFO - Processing file /opt/airflow/dags/dags_bash_operator.py for tasks to queue
[2023-08-27T06:22:55.444+0000] {logging_mixin.py:150} INFO - [2023-08-27T06:22:55.443+0000] {dagbag.py:541} INFO - Filling up the DagBag from /opt/airflow/dags/dags_bash_operator.py
[2023-08-27T06:22:55.486+0000] {processor.py:836} INFO - DAG(s) dict_keys(['dags_bash_operator']) retrieved from /opt/airflow/dags/dags_bash_operator.py
[2023-08-27T06:22:55.521+0000] {logging_mixin.py:150} INFO - [2023-08-27T06:22:55.521+0000] {dag.py:2742} INFO - Sync 1 DAGs
[2023-08-27T06:22:55.553+0000] {logging_mixin.py:150} INFO - [2023-08-27T06:22:55.553+0000] {dag.py:3508} INFO - Setting next_dagrun for dags_bash_operator to 2023-08-26T00:00:00+00:00, run_after=2023-08-27T00:00:00+00:00
[2023-08-27T06:22:55.642+0000] {processor.py:179} INFO - Processing /opt/airflow/dags/dags_bash_operator.py took 0.207 seconds
[2023-08-27T06:23:26.177+0000] {processor.py:157} INFO - Started process (PID=687) to work on /opt/airflow/dags/dags_bash_operator.py
[2023-08-27T06:23:26.178+0000] {processor.py:826} INFO - Processing file /opt/airflow/dags/dags_bash_operator.py for tasks to queue
[2023-08-27T06:23:26.179+0000] {logging_mixin.py:150} INFO - [2023-08-27T06:23:26.179+0000] {dagbag.py:541} INFO - Filling up the DagBag from /opt/airflow/dags/dags_bash_operator.py
[2023-08-27T06:23:26.208+0000] {processor.py:836} INFO - DAG(s) dict_keys(['dags_bash_operator']) retrieved from /opt/airflow/dags/dags_bash_operator.py
[2023-08-27T06:23:26.230+0000] {logging_mixin.py:150} INFO - [2023-08-27T06:23:26.229+0000] {dag.py:2742} INFO - Sync 1 DAGs
[2023-08-27T06:23:26.256+0000] {logging_mixin.py:150} INFO - [2023-08-27T06:23:26.255+0000] {dag.py:3508} INFO - Setting next_dagrun for dags_bash_operator to 2023-08-26T00:00:00+00:00, run_after=2023-08-27T00:00:00+00:00
[2023-08-27T06:23:26.293+0000] {processor.py:179} INFO - Processing /opt/airflow/dags/dags_bash_operator.py took 0.119 seconds
[2023-08-27T06:23:56.740+0000] {processor.py:157} INFO - Started process (PID=767) to work on /opt/airflow/dags/dags_bash_operator.py
[2023-08-27T06:23:56.741+0000] {processor.py:826} INFO - Processing file /opt/airflow/dags/dags_bash_operator.py for tasks to queue
[2023-08-27T06:23:56.742+0000] {logging_mixin.py:150} INFO - [2023-08-27T06:23:56.742+0000] {dagbag.py:541} INFO - Filling up the DagBag from /opt/airflow/dags/dags_bash_operator.py
[2023-08-27T06:23:56.775+0000] {processor.py:836} INFO - DAG(s) dict_keys(['dags_bash_operator']) retrieved from /opt/airflow/dags/dags_bash_operator.py
[2023-08-27T06:23:56.798+0000] {logging_mixin.py:150} INFO - [2023-08-27T06:23:56.798+0000] {dag.py:2742} INFO - Sync 1 DAGs
[2023-08-27T06:23:56.827+0000] {logging_mixin.py:150} INFO - [2023-08-27T06:23:56.827+0000] {dag.py:3508} INFO - Setting next_dagrun for dags_bash_operator to 2023-08-26T00:00:00+00:00, run_after=2023-08-27T00:00:00+00:00
[2023-08-27T06:23:56.867+0000] {processor.py:179} INFO - Processing /opt/airflow/dags/dags_bash_operator.py took 0.130 seconds
[2023-08-27T06:24:27.114+0000] {processor.py:157} INFO - Started process (PID=847) to work on /opt/airflow/dags/dags_bash_operator.py
[2023-08-27T06:24:27.115+0000] {processor.py:826} INFO - Processing file /opt/airflow/dags/dags_bash_operator.py for tasks to queue
[2023-08-27T06:24:27.117+0000] {logging_mixin.py:150} INFO - [2023-08-27T06:24:27.116+0000] {dagbag.py:541} INFO - Filling up the DagBag from /opt/airflow/dags/dags_bash_operator.py
[2023-08-27T06:24:27.143+0000] {processor.py:836} INFO - DAG(s) dict_keys(['dags_bash_operator']) retrieved from /opt/airflow/dags/dags_bash_operator.py
[2023-08-27T06:24:27.172+0000] {logging_mixin.py:150} INFO - [2023-08-27T06:24:27.171+0000] {dag.py:2742} INFO - Sync 1 DAGs
[2023-08-27T06:24:27.197+0000] {logging_mixin.py:150} INFO - [2023-08-27T06:24:27.197+0000] {dag.py:3508} INFO - Setting next_dagrun for dags_bash_operator to 2023-08-26T00:00:00+00:00, run_after=2023-08-27T00:00:00+00:00
[2023-08-27T06:24:27.237+0000] {processor.py:179} INFO - Processing /opt/airflow/dags/dags_bash_operator.py took 0.125 seconds
[2023-08-27T06:24:57.897+0000] {processor.py:157} INFO - Started process (PID=927) to work on /opt/airflow/dags/dags_bash_operator.py
[2023-08-27T06:24:57.898+0000] {processor.py:826} INFO - Processing file /opt/airflow/dags/dags_bash_operator.py for tasks to queue
[2023-08-27T06:24:57.899+0000] {logging_mixin.py:150} INFO - [2023-08-27T06:24:57.899+0000] {dagbag.py:541} INFO - Filling up the DagBag from /opt/airflow/dags/dags_bash_operator.py
[2023-08-27T06:24:57.929+0000] {processor.py:836} INFO - DAG(s) dict_keys(['dags_bash_operator']) retrieved from /opt/airflow/dags/dags_bash_operator.py
[2023-08-27T06:24:58.007+0000] {logging_mixin.py:150} INFO - [2023-08-27T06:24:58.007+0000] {dag.py:2742} INFO - Sync 1 DAGs
[2023-08-27T06:24:58.038+0000] {logging_mixin.py:150} INFO - [2023-08-27T06:24:58.037+0000] {dag.py:3508} INFO - Setting next_dagrun for dags_bash_operator to 2023-08-26T00:00:00+00:00, run_after=2023-08-27T00:00:00+00:00
[2023-08-27T06:24:58.124+0000] {processor.py:179} INFO - Processing /opt/airflow/dags/dags_bash_operator.py took 0.230 seconds
[2023-08-27T06:25:28.497+0000] {processor.py:157} INFO - Started process (PID=1007) to work on /opt/airflow/dags/dags_bash_operator.py
[2023-08-27T06:25:28.498+0000] {processor.py:826} INFO - Processing file /opt/airflow/dags/dags_bash_operator.py for tasks to queue
[2023-08-27T06:25:28.499+0000] {logging_mixin.py:150} INFO - [2023-08-27T06:25:28.499+0000] {dagbag.py:541} INFO - Filling up the DagBag from /opt/airflow/dags/dags_bash_operator.py
[2023-08-27T06:25:28.531+0000] {processor.py:836} INFO - DAG(s) dict_keys(['dags_bash_operator']) retrieved from /opt/airflow/dags/dags_bash_operator.py
[2023-08-27T06:25:28.555+0000] {logging_mixin.py:150} INFO - [2023-08-27T06:25:28.555+0000] {dag.py:2742} INFO - Sync 1 DAGs
[2023-08-27T06:25:28.583+0000] {logging_mixin.py:150} INFO - [2023-08-27T06:25:28.583+0000] {dag.py:3508} INFO - Setting next_dagrun for dags_bash_operator to 2023-08-26T00:00:00+00:00, run_after=2023-08-27T00:00:00+00:00
[2023-08-27T06:25:28.643+0000] {processor.py:179} INFO - Processing /opt/airflow/dags/dags_bash_operator.py took 0.148 seconds
[2023-08-27T06:25:58.903+0000] {processor.py:157} INFO - Started process (PID=1087) to work on /opt/airflow/dags/dags_bash_operator.py
[2023-08-27T06:25:58.904+0000] {processor.py:826} INFO - Processing file /opt/airflow/dags/dags_bash_operator.py for tasks to queue
[2023-08-27T06:25:58.906+0000] {logging_mixin.py:150} INFO - [2023-08-27T06:25:58.905+0000] {dagbag.py:541} INFO - Filling up the DagBag from /opt/airflow/dags/dags_bash_operator.py
[2023-08-27T06:25:58.941+0000] {processor.py:836} INFO - DAG(s) dict_keys(['dags_bash_operator']) retrieved from /opt/airflow/dags/dags_bash_operator.py
[2023-08-27T06:25:58.966+0000] {logging_mixin.py:150} INFO - [2023-08-27T06:25:58.965+0000] {dag.py:2742} INFO - Sync 1 DAGs
[2023-08-27T06:25:58.994+0000] {logging_mixin.py:150} INFO - [2023-08-27T06:25:58.994+0000] {dag.py:3508} INFO - Setting next_dagrun for dags_bash_operator to 2023-08-26T00:00:00+00:00, run_after=2023-08-27T00:00:00+00:00
[2023-08-27T06:25:59.034+0000] {processor.py:179} INFO - Processing /opt/airflow/dags/dags_bash_operator.py took 0.135 seconds
[2023-08-27T06:26:29.413+0000] {processor.py:157} INFO - Started process (PID=1167) to work on /opt/airflow/dags/dags_bash_operator.py
[2023-08-27T06:26:29.414+0000] {processor.py:826} INFO - Processing file /opt/airflow/dags/dags_bash_operator.py for tasks to queue
[2023-08-27T06:26:29.415+0000] {logging_mixin.py:150} INFO - [2023-08-27T06:26:29.415+0000] {dagbag.py:541} INFO - Filling up the DagBag from /opt/airflow/dags/dags_bash_operator.py
[2023-08-27T06:26:29.445+0000] {processor.py:836} INFO - DAG(s) dict_keys(['dags_bash_operator']) retrieved from /opt/airflow/dags/dags_bash_operator.py
[2023-08-27T06:26:29.468+0000] {logging_mixin.py:150} INFO - [2023-08-27T06:26:29.468+0000] {dag.py:2742} INFO - Sync 1 DAGs
[2023-08-27T06:26:29.494+0000] {logging_mixin.py:150} INFO - [2023-08-27T06:26:29.494+0000] {dag.py:3508} INFO - Setting next_dagrun for dags_bash_operator to 2023-08-26T00:00:00+00:00, run_after=2023-08-27T00:00:00+00:00
[2023-08-27T06:26:29.532+0000] {processor.py:179} INFO - Processing /opt/airflow/dags/dags_bash_operator.py took 0.123 seconds
[2023-08-27T06:26:59.698+0000] {processor.py:157} INFO - Started process (PID=1247) to work on /opt/airflow/dags/dags_bash_operator.py
[2023-08-27T06:26:59.699+0000] {processor.py:826} INFO - Processing file /opt/airflow/dags/dags_bash_operator.py for tasks to queue
[2023-08-27T06:26:59.700+0000] {logging_mixin.py:150} INFO - [2023-08-27T06:26:59.700+0000] {dagbag.py:541} INFO - Filling up the DagBag from /opt/airflow/dags/dags_bash_operator.py
[2023-08-27T06:26:59.729+0000] {processor.py:836} INFO - DAG(s) dict_keys(['dags_bash_operator']) retrieved from /opt/airflow/dags/dags_bash_operator.py
[2023-08-27T06:26:59.751+0000] {logging_mixin.py:150} INFO - [2023-08-27T06:26:59.751+0000] {dag.py:2742} INFO - Sync 1 DAGs
[2023-08-27T06:26:59.776+0000] {logging_mixin.py:150} INFO - [2023-08-27T06:26:59.776+0000] {dag.py:3508} INFO - Setting next_dagrun for dags_bash_operator to 2023-08-26T00:00:00+00:00, run_after=2023-08-27T00:00:00+00:00
[2023-08-27T06:26:59.815+0000] {processor.py:179} INFO - Processing /opt/airflow/dags/dags_bash_operator.py took 0.119 seconds
[2023-08-27T06:27:30.323+0000] {processor.py:157} INFO - Started process (PID=1327) to work on /opt/airflow/dags/dags_bash_operator.py
[2023-08-27T06:27:30.324+0000] {processor.py:826} INFO - Processing file /opt/airflow/dags/dags_bash_operator.py for tasks to queue
[2023-08-27T06:27:30.325+0000] {logging_mixin.py:150} INFO - [2023-08-27T06:27:30.325+0000] {dagbag.py:541} INFO - Filling up the DagBag from /opt/airflow/dags/dags_bash_operator.py
[2023-08-27T06:27:30.357+0000] {processor.py:836} INFO - DAG(s) dict_keys(['dags_bash_operator']) retrieved from /opt/airflow/dags/dags_bash_operator.py
[2023-08-27T06:27:30.384+0000] {logging_mixin.py:150} INFO - [2023-08-27T06:27:30.384+0000] {dag.py:2742} INFO - Sync 1 DAGs
[2023-08-27T06:27:30.416+0000] {logging_mixin.py:150} INFO - [2023-08-27T06:27:30.416+0000] {dag.py:3508} INFO - Setting next_dagrun for dags_bash_operator to 2023-08-26T00:00:00+00:00, run_after=2023-08-27T00:00:00+00:00
[2023-08-27T06:27:30.477+0000] {processor.py:179} INFO - Processing /opt/airflow/dags/dags_bash_operator.py took 0.157 seconds
[2023-08-27T06:28:00.793+0000] {processor.py:157} INFO - Started process (PID=1407) to work on /opt/airflow/dags/dags_bash_operator.py
[2023-08-27T06:28:00.795+0000] {processor.py:826} INFO - Processing file /opt/airflow/dags/dags_bash_operator.py for tasks to queue
[2023-08-27T06:28:00.796+0000] {logging_mixin.py:150} INFO - [2023-08-27T06:28:00.795+0000] {dagbag.py:541} INFO - Filling up the DagBag from /opt/airflow/dags/dags_bash_operator.py
[2023-08-27T06:28:00.832+0000] {processor.py:836} INFO - DAG(s) dict_keys(['dags_bash_operator']) retrieved from /opt/airflow/dags/dags_bash_operator.py
[2023-08-27T06:28:00.861+0000] {logging_mixin.py:150} INFO - [2023-08-27T06:28:00.861+0000] {dag.py:2742} INFO - Sync 1 DAGs
[2023-08-27T06:28:00.891+0000] {logging_mixin.py:150} INFO - [2023-08-27T06:28:00.890+0000] {dag.py:3508} INFO - Setting next_dagrun for dags_bash_operator to 2023-08-26T00:00:00+00:00, run_after=2023-08-27T00:00:00+00:00
[2023-08-27T06:28:00.930+0000] {processor.py:179} INFO - Processing /opt/airflow/dags/dags_bash_operator.py took 0.140 seconds
[2023-08-27T06:28:31.106+0000] {processor.py:157} INFO - Started process (PID=1487) to work on /opt/airflow/dags/dags_bash_operator.py
[2023-08-27T06:28:31.107+0000] {processor.py:826} INFO - Processing file /opt/airflow/dags/dags_bash_operator.py for tasks to queue
[2023-08-27T06:28:31.109+0000] {logging_mixin.py:150} INFO - [2023-08-27T06:28:31.108+0000] {dagbag.py:541} INFO - Filling up the DagBag from /opt/airflow/dags/dags_bash_operator.py
[2023-08-27T06:28:31.141+0000] {processor.py:836} INFO - DAG(s) dict_keys(['dags_bash_operator']) retrieved from /opt/airflow/dags/dags_bash_operator.py
[2023-08-27T06:28:31.165+0000] {logging_mixin.py:150} INFO - [2023-08-27T06:28:31.165+0000] {dag.py:2742} INFO - Sync 1 DAGs
[2023-08-27T06:28:31.195+0000] {logging_mixin.py:150} INFO - [2023-08-27T06:28:31.194+0000] {dag.py:3508} INFO - Setting next_dagrun for dags_bash_operator to 2023-08-26T00:00:00+00:00, run_after=2023-08-27T00:00:00+00:00
[2023-08-27T06:28:31.234+0000] {processor.py:179} INFO - Processing /opt/airflow/dags/dags_bash_operator.py took 0.130 seconds
[2023-08-27T06:29:01.836+0000] {processor.py:157} INFO - Started process (PID=1567) to work on /opt/airflow/dags/dags_bash_operator.py
[2023-08-27T06:29:01.837+0000] {processor.py:826} INFO - Processing file /opt/airflow/dags/dags_bash_operator.py for tasks to queue
[2023-08-27T06:29:01.838+0000] {logging_mixin.py:150} INFO - [2023-08-27T06:29:01.838+0000] {dagbag.py:541} INFO - Filling up the DagBag from /opt/airflow/dags/dags_bash_operator.py
[2023-08-27T06:29:01.869+0000] {processor.py:836} INFO - DAG(s) dict_keys(['dags_bash_operator']) retrieved from /opt/airflow/dags/dags_bash_operator.py
[2023-08-27T06:29:01.894+0000] {logging_mixin.py:150} INFO - [2023-08-27T06:29:01.894+0000] {dag.py:2742} INFO - Sync 1 DAGs
[2023-08-27T06:29:01.925+0000] {logging_mixin.py:150} INFO - [2023-08-27T06:29:01.925+0000] {dag.py:3508} INFO - Setting next_dagrun for dags_bash_operator to 2023-08-26T00:00:00+00:00, run_after=2023-08-27T00:00:00+00:00
[2023-08-27T06:29:01.966+0000] {processor.py:179} INFO - Processing /opt/airflow/dags/dags_bash_operator.py took 0.132 seconds
[2023-08-27T06:29:32.398+0000] {processor.py:157} INFO - Started process (PID=1647) to work on /opt/airflow/dags/dags_bash_operator.py
[2023-08-27T06:29:32.399+0000] {processor.py:826} INFO - Processing file /opt/airflow/dags/dags_bash_operator.py for tasks to queue
[2023-08-27T06:29:32.400+0000] {logging_mixin.py:150} INFO - [2023-08-27T06:29:32.400+0000] {dagbag.py:541} INFO - Filling up the DagBag from /opt/airflow/dags/dags_bash_operator.py
[2023-08-27T06:29:32.432+0000] {processor.py:836} INFO - DAG(s) dict_keys(['dags_bash_operator']) retrieved from /opt/airflow/dags/dags_bash_operator.py
[2023-08-27T06:29:32.455+0000] {logging_mixin.py:150} INFO - [2023-08-27T06:29:32.455+0000] {dag.py:2742} INFO - Sync 1 DAGs
[2023-08-27T06:29:32.482+0000] {logging_mixin.py:150} INFO - [2023-08-27T06:29:32.482+0000] {dag.py:3508} INFO - Setting next_dagrun for dags_bash_operator to 2023-08-26T00:00:00+00:00, run_after=2023-08-27T00:00:00+00:00
[2023-08-27T06:29:32.540+0000] {processor.py:179} INFO - Processing /opt/airflow/dags/dags_bash_operator.py took 0.145 seconds
[2023-08-27T06:30:02.638+0000] {processor.py:157} INFO - Started process (PID=1731) to work on /opt/airflow/dags/dags_bash_operator.py
[2023-08-27T06:30:02.639+0000] {processor.py:826} INFO - Processing file /opt/airflow/dags/dags_bash_operator.py for tasks to queue
[2023-08-27T06:30:02.640+0000] {logging_mixin.py:150} INFO - [2023-08-27T06:30:02.640+0000] {dagbag.py:541} INFO - Filling up the DagBag from /opt/airflow/dags/dags_bash_operator.py
[2023-08-27T06:30:02.671+0000] {processor.py:836} INFO - DAG(s) dict_keys(['dags_bash_operator']) retrieved from /opt/airflow/dags/dags_bash_operator.py
[2023-08-27T06:30:02.693+0000] {logging_mixin.py:150} INFO - [2023-08-27T06:30:02.693+0000] {dag.py:2742} INFO - Sync 1 DAGs
[2023-08-27T06:30:02.718+0000] {logging_mixin.py:150} INFO - [2023-08-27T06:30:02.718+0000] {dag.py:3508} INFO - Setting next_dagrun for dags_bash_operator to 2023-08-26T00:00:00+00:00, run_after=2023-08-27T00:00:00+00:00
[2023-08-27T06:30:02.772+0000] {processor.py:179} INFO - Processing /opt/airflow/dags/dags_bash_operator.py took 0.137 seconds
[2023-08-27T06:30:33.042+0000] {processor.py:157} INFO - Started process (PID=1811) to work on /opt/airflow/dags/dags_bash_operator.py
[2023-08-27T06:30:33.043+0000] {processor.py:826} INFO - Processing file /opt/airflow/dags/dags_bash_operator.py for tasks to queue
[2023-08-27T06:30:33.044+0000] {logging_mixin.py:150} INFO - [2023-08-27T06:30:33.044+0000] {dagbag.py:541} INFO - Filling up the DagBag from /opt/airflow/dags/dags_bash_operator.py
[2023-08-27T06:30:33.074+0000] {processor.py:836} INFO - DAG(s) dict_keys(['dags_bash_operator']) retrieved from /opt/airflow/dags/dags_bash_operator.py
[2023-08-27T06:30:33.096+0000] {logging_mixin.py:150} INFO - [2023-08-27T06:30:33.096+0000] {dag.py:2742} INFO - Sync 1 DAGs
[2023-08-27T06:30:33.121+0000] {logging_mixin.py:150} INFO - [2023-08-27T06:30:33.121+0000] {dag.py:3508} INFO - Setting next_dagrun for dags_bash_operator to 2023-08-26T00:00:00+00:00, run_after=2023-08-27T00:00:00+00:00
[2023-08-27T06:30:33.273+0000] {processor.py:179} INFO - Processing /opt/airflow/dags/dags_bash_operator.py took 0.233 seconds
[2023-08-27T06:31:03.485+0000] {processor.py:157} INFO - Started process (PID=1891) to work on /opt/airflow/dags/dags_bash_operator.py
[2023-08-27T06:31:03.486+0000] {processor.py:826} INFO - Processing file /opt/airflow/dags/dags_bash_operator.py for tasks to queue
[2023-08-27T06:31:03.487+0000] {logging_mixin.py:150} INFO - [2023-08-27T06:31:03.487+0000] {dagbag.py:541} INFO - Filling up the DagBag from /opt/airflow/dags/dags_bash_operator.py
[2023-08-27T06:31:03.519+0000] {processor.py:836} INFO - DAG(s) dict_keys(['dags_bash_operator']) retrieved from /opt/airflow/dags/dags_bash_operator.py
[2023-08-27T06:31:03.542+0000] {logging_mixin.py:150} INFO - [2023-08-27T06:31:03.542+0000] {dag.py:2742} INFO - Sync 1 DAGs
[2023-08-27T06:31:03.572+0000] {logging_mixin.py:150} INFO - [2023-08-27T06:31:03.572+0000] {dag.py:3508} INFO - Setting next_dagrun for dags_bash_operator to 2023-08-26T00:00:00+00:00, run_after=2023-08-27T00:00:00+00:00
[2023-08-27T06:31:03.632+0000] {processor.py:179} INFO - Processing /opt/airflow/dags/dags_bash_operator.py took 0.150 seconds
[2023-08-27T06:31:33.930+0000] {processor.py:157} INFO - Started process (PID=1971) to work on /opt/airflow/dags/dags_bash_operator.py
[2023-08-27T06:31:33.931+0000] {processor.py:826} INFO - Processing file /opt/airflow/dags/dags_bash_operator.py for tasks to queue
[2023-08-27T06:31:33.932+0000] {logging_mixin.py:150} INFO - [2023-08-27T06:31:33.932+0000] {dagbag.py:541} INFO - Filling up the DagBag from /opt/airflow/dags/dags_bash_operator.py
[2023-08-27T06:31:33.967+0000] {processor.py:836} INFO - DAG(s) dict_keys(['dags_bash_operator']) retrieved from /opt/airflow/dags/dags_bash_operator.py
[2023-08-27T06:31:33.999+0000] {logging_mixin.py:150} INFO - [2023-08-27T06:31:33.999+0000] {dag.py:2742} INFO - Sync 1 DAGs
[2023-08-27T06:31:34.033+0000] {logging_mixin.py:150} INFO - [2023-08-27T06:31:34.033+0000] {dag.py:3508} INFO - Setting next_dagrun for dags_bash_operator to 2023-08-26T00:00:00+00:00, run_after=2023-08-27T00:00:00+00:00
[2023-08-27T06:31:34.079+0000] {processor.py:179} INFO - Processing /opt/airflow/dags/dags_bash_operator.py took 0.152 seconds
[2023-08-27T06:32:04.448+0000] {processor.py:157} INFO - Started process (PID=2051) to work on /opt/airflow/dags/dags_bash_operator.py
[2023-08-27T06:32:04.450+0000] {processor.py:826} INFO - Processing file /opt/airflow/dags/dags_bash_operator.py for tasks to queue
[2023-08-27T06:32:04.451+0000] {logging_mixin.py:150} INFO - [2023-08-27T06:32:04.451+0000] {dagbag.py:541} INFO - Filling up the DagBag from /opt/airflow/dags/dags_bash_operator.py
[2023-08-27T06:32:04.482+0000] {processor.py:836} INFO - DAG(s) dict_keys(['dags_bash_operator']) retrieved from /opt/airflow/dags/dags_bash_operator.py
[2023-08-27T06:32:04.512+0000] {logging_mixin.py:150} INFO - [2023-08-27T06:32:04.512+0000] {dag.py:2742} INFO - Sync 1 DAGs
[2023-08-27T06:32:04.543+0000] {logging_mixin.py:150} INFO - [2023-08-27T06:32:04.543+0000] {dag.py:3508} INFO - Setting next_dagrun for dags_bash_operator to 2023-08-26T00:00:00+00:00, run_after=2023-08-27T00:00:00+00:00
[2023-08-27T06:32:04.599+0000] {processor.py:179} INFO - Processing /opt/airflow/dags/dags_bash_operator.py took 0.155 seconds
[2023-08-27T06:32:35.141+0000] {processor.py:157} INFO - Started process (PID=2132) to work on /opt/airflow/dags/dags_bash_operator.py
[2023-08-27T06:32:35.142+0000] {processor.py:826} INFO - Processing file /opt/airflow/dags/dags_bash_operator.py for tasks to queue
[2023-08-27T06:32:35.142+0000] {logging_mixin.py:150} INFO - [2023-08-27T06:32:35.142+0000] {dagbag.py:541} INFO - Filling up the DagBag from /opt/airflow/dags/dags_bash_operator.py
[2023-08-27T06:32:35.171+0000] {processor.py:836} INFO - DAG(s) dict_keys(['dags_bash_operator']) retrieved from /opt/airflow/dags/dags_bash_operator.py
[2023-08-27T06:32:35.197+0000] {logging_mixin.py:150} INFO - [2023-08-27T06:32:35.197+0000] {dag.py:2742} INFO - Sync 1 DAGs
[2023-08-27T06:32:35.225+0000] {logging_mixin.py:150} INFO - [2023-08-27T06:32:35.225+0000] {dag.py:3508} INFO - Setting next_dagrun for dags_bash_operator to 2023-08-26T00:00:00+00:00, run_after=2023-08-27T00:00:00+00:00
[2023-08-27T06:32:35.306+0000] {processor.py:179} INFO - Processing /opt/airflow/dags/dags_bash_operator.py took 0.170 seconds
[2023-08-27T06:33:05.502+0000] {processor.py:157} INFO - Started process (PID=2213) to work on /opt/airflow/dags/dags_bash_operator.py
[2023-08-27T06:33:05.504+0000] {processor.py:826} INFO - Processing file /opt/airflow/dags/dags_bash_operator.py for tasks to queue
[2023-08-27T06:33:05.506+0000] {logging_mixin.py:150} INFO - [2023-08-27T06:33:05.505+0000] {dagbag.py:541} INFO - Filling up the DagBag from /opt/airflow/dags/dags_bash_operator.py
[2023-08-27T06:33:05.548+0000] {processor.py:836} INFO - DAG(s) dict_keys(['dags_bash_operator']) retrieved from /opt/airflow/dags/dags_bash_operator.py
[2023-08-27T06:33:05.588+0000] {logging_mixin.py:150} INFO - [2023-08-27T06:33:05.588+0000] {dag.py:2742} INFO - Sync 1 DAGs
[2023-08-27T06:33:05.621+0000] {logging_mixin.py:150} INFO - [2023-08-27T06:33:05.621+0000] {dag.py:3508} INFO - Setting next_dagrun for dags_bash_operator to 2023-08-26T00:00:00+00:00, run_after=2023-08-27T00:00:00+00:00
[2023-08-27T06:33:05.659+0000] {processor.py:179} INFO - Processing /opt/airflow/dags/dags_bash_operator.py took 0.162 seconds
[2023-08-27T06:33:35.864+0000] {processor.py:157} INFO - Started process (PID=2293) to work on /opt/airflow/dags/dags_bash_operator.py
[2023-08-27T06:33:35.865+0000] {processor.py:826} INFO - Processing file /opt/airflow/dags/dags_bash_operator.py for tasks to queue
[2023-08-27T06:33:35.866+0000] {logging_mixin.py:150} INFO - [2023-08-27T06:33:35.866+0000] {dagbag.py:541} INFO - Filling up the DagBag from /opt/airflow/dags/dags_bash_operator.py
[2023-08-27T06:33:35.897+0000] {processor.py:836} INFO - DAG(s) dict_keys(['dags_bash_operator']) retrieved from /opt/airflow/dags/dags_bash_operator.py
[2023-08-27T06:33:35.920+0000] {logging_mixin.py:150} INFO - [2023-08-27T06:33:35.920+0000] {dag.py:2742} INFO - Sync 1 DAGs
[2023-08-27T06:33:35.944+0000] {logging_mixin.py:150} INFO - [2023-08-27T06:33:35.944+0000] {dag.py:3508} INFO - Setting next_dagrun for dags_bash_operator to 2023-08-26T00:00:00+00:00, run_after=2023-08-27T00:00:00+00:00
[2023-08-27T06:33:35.982+0000] {processor.py:179} INFO - Processing /opt/airflow/dags/dags_bash_operator.py took 0.120 seconds
[2023-08-27T06:34:06.327+0000] {processor.py:157} INFO - Started process (PID=2373) to work on /opt/airflow/dags/dags_bash_operator.py
[2023-08-27T06:34:06.328+0000] {processor.py:826} INFO - Processing file /opt/airflow/dags/dags_bash_operator.py for tasks to queue
[2023-08-27T06:34:06.328+0000] {logging_mixin.py:150} INFO - [2023-08-27T06:34:06.328+0000] {dagbag.py:541} INFO - Filling up the DagBag from /opt/airflow/dags/dags_bash_operator.py
[2023-08-27T06:34:06.360+0000] {processor.py:836} INFO - DAG(s) dict_keys(['dags_bash_operator']) retrieved from /opt/airflow/dags/dags_bash_operator.py
[2023-08-27T06:34:06.390+0000] {logging_mixin.py:150} INFO - [2023-08-27T06:34:06.390+0000] {dag.py:2742} INFO - Sync 1 DAGs
[2023-08-27T06:34:06.422+0000] {logging_mixin.py:150} INFO - [2023-08-27T06:34:06.422+0000] {dag.py:3508} INFO - Setting next_dagrun for dags_bash_operator to 2023-08-26T00:00:00+00:00, run_after=2023-08-27T00:00:00+00:00
[2023-08-27T06:34:06.462+0000] {processor.py:179} INFO - Processing /opt/airflow/dags/dags_bash_operator.py took 0.137 seconds
[2023-08-27T06:34:36.945+0000] {processor.py:157} INFO - Started process (PID=2452) to work on /opt/airflow/dags/dags_bash_operator.py
[2023-08-27T06:34:36.946+0000] {processor.py:826} INFO - Processing file /opt/airflow/dags/dags_bash_operator.py for tasks to queue
[2023-08-27T06:34:36.947+0000] {logging_mixin.py:150} INFO - [2023-08-27T06:34:36.947+0000] {dagbag.py:541} INFO - Filling up the DagBag from /opt/airflow/dags/dags_bash_operator.py
[2023-08-27T06:34:36.976+0000] {processor.py:836} INFO - DAG(s) dict_keys(['dags_bash_operator']) retrieved from /opt/airflow/dags/dags_bash_operator.py
[2023-08-27T06:34:36.997+0000] {logging_mixin.py:150} INFO - [2023-08-27T06:34:36.997+0000] {dag.py:2742} INFO - Sync 1 DAGs
[2023-08-27T06:34:37.025+0000] {logging_mixin.py:150} INFO - [2023-08-27T06:34:37.025+0000] {dag.py:3508} INFO - Setting next_dagrun for dags_bash_operator to 2023-08-26T00:00:00+00:00, run_after=2023-08-27T00:00:00+00:00
[2023-08-27T06:34:37.119+0000] {processor.py:179} INFO - Processing /opt/airflow/dags/dags_bash_operator.py took 0.176 seconds
[2023-08-27T06:35:07.403+0000] {processor.py:157} INFO - Started process (PID=2532) to work on /opt/airflow/dags/dags_bash_operator.py
[2023-08-27T06:35:07.405+0000] {processor.py:826} INFO - Processing file /opt/airflow/dags/dags_bash_operator.py for tasks to queue
[2023-08-27T06:35:07.406+0000] {logging_mixin.py:150} INFO - [2023-08-27T06:35:07.406+0000] {dagbag.py:541} INFO - Filling up the DagBag from /opt/airflow/dags/dags_bash_operator.py
[2023-08-27T06:35:07.436+0000] {processor.py:836} INFO - DAG(s) dict_keys(['dags_bash_operator']) retrieved from /opt/airflow/dags/dags_bash_operator.py
[2023-08-27T06:35:07.461+0000] {logging_mixin.py:150} INFO - [2023-08-27T06:35:07.461+0000] {dag.py:2742} INFO - Sync 1 DAGs
[2023-08-27T06:35:07.487+0000] {logging_mixin.py:150} INFO - [2023-08-27T06:35:07.487+0000] {dag.py:3508} INFO - Setting next_dagrun for dags_bash_operator to 2023-08-26T00:00:00+00:00, run_after=2023-08-27T00:00:00+00:00
[2023-08-27T06:35:07.528+0000] {processor.py:179} INFO - Processing /opt/airflow/dags/dags_bash_operator.py took 0.128 seconds
[2023-08-27T06:35:37.790+0000] {processor.py:157} INFO - Started process (PID=2612) to work on /opt/airflow/dags/dags_bash_operator.py
[2023-08-27T06:35:37.791+0000] {processor.py:826} INFO - Processing file /opt/airflow/dags/dags_bash_operator.py for tasks to queue
[2023-08-27T06:35:37.792+0000] {logging_mixin.py:150} INFO - [2023-08-27T06:35:37.792+0000] {dagbag.py:541} INFO - Filling up the DagBag from /opt/airflow/dags/dags_bash_operator.py
[2023-08-27T06:35:37.824+0000] {processor.py:836} INFO - DAG(s) dict_keys(['dags_bash_operator']) retrieved from /opt/airflow/dags/dags_bash_operator.py
[2023-08-27T06:35:37.847+0000] {logging_mixin.py:150} INFO - [2023-08-27T06:35:37.847+0000] {dag.py:2742} INFO - Sync 1 DAGs
[2023-08-27T06:35:37.873+0000] {logging_mixin.py:150} INFO - [2023-08-27T06:35:37.873+0000] {dag.py:3508} INFO - Setting next_dagrun for dags_bash_operator to 2023-08-26T00:00:00+00:00, run_after=2023-08-27T00:00:00+00:00
[2023-08-27T06:35:37.932+0000] {processor.py:179} INFO - Processing /opt/airflow/dags/dags_bash_operator.py took 0.144 seconds
[2023-08-27T06:36:08.215+0000] {processor.py:157} INFO - Started process (PID=2692) to work on /opt/airflow/dags/dags_bash_operator.py
[2023-08-27T06:36:08.216+0000] {processor.py:826} INFO - Processing file /opt/airflow/dags/dags_bash_operator.py for tasks to queue
[2023-08-27T06:36:08.217+0000] {logging_mixin.py:150} INFO - [2023-08-27T06:36:08.217+0000] {dagbag.py:541} INFO - Filling up the DagBag from /opt/airflow/dags/dags_bash_operator.py
[2023-08-27T06:36:08.247+0000] {processor.py:836} INFO - DAG(s) dict_keys(['dags_bash_operator']) retrieved from /opt/airflow/dags/dags_bash_operator.py
[2023-08-27T06:36:08.270+0000] {logging_mixin.py:150} INFO - [2023-08-27T06:36:08.270+0000] {dag.py:2742} INFO - Sync 1 DAGs
[2023-08-27T06:36:08.294+0000] {logging_mixin.py:150} INFO - [2023-08-27T06:36:08.294+0000] {dag.py:3508} INFO - Setting next_dagrun for dags_bash_operator to 2023-08-26T00:00:00+00:00, run_after=2023-08-27T00:00:00+00:00
[2023-08-27T06:36:08.351+0000] {processor.py:179} INFO - Processing /opt/airflow/dags/dags_bash_operator.py took 0.139 seconds
[2023-08-27T06:36:38.589+0000] {processor.py:157} INFO - Started process (PID=2772) to work on /opt/airflow/dags/dags_bash_operator.py
[2023-08-27T06:36:38.590+0000] {processor.py:826} INFO - Processing file /opt/airflow/dags/dags_bash_operator.py for tasks to queue
[2023-08-27T06:36:38.591+0000] {logging_mixin.py:150} INFO - [2023-08-27T06:36:38.591+0000] {dagbag.py:541} INFO - Filling up the DagBag from /opt/airflow/dags/dags_bash_operator.py
[2023-08-27T06:36:38.624+0000] {processor.py:836} INFO - DAG(s) dict_keys(['dags_bash_operator']) retrieved from /opt/airflow/dags/dags_bash_operator.py
[2023-08-27T06:36:38.648+0000] {logging_mixin.py:150} INFO - [2023-08-27T06:36:38.648+0000] {dag.py:2742} INFO - Sync 1 DAGs
[2023-08-27T06:36:38.676+0000] {logging_mixin.py:150} INFO - [2023-08-27T06:36:38.676+0000] {dag.py:3508} INFO - Setting next_dagrun for dags_bash_operator to 2023-08-26T00:00:00+00:00, run_after=2023-08-27T00:00:00+00:00
[2023-08-27T06:36:38.725+0000] {processor.py:179} INFO - Processing /opt/airflow/dags/dags_bash_operator.py took 0.138 seconds
[2023-08-27T06:37:09.005+0000] {processor.py:157} INFO - Started process (PID=2852) to work on /opt/airflow/dags/dags_bash_operator.py
[2023-08-27T06:37:09.006+0000] {processor.py:826} INFO - Processing file /opt/airflow/dags/dags_bash_operator.py for tasks to queue
[2023-08-27T06:37:09.007+0000] {logging_mixin.py:150} INFO - [2023-08-27T06:37:09.007+0000] {dagbag.py:541} INFO - Filling up the DagBag from /opt/airflow/dags/dags_bash_operator.py
[2023-08-27T06:37:09.034+0000] {processor.py:836} INFO - DAG(s) dict_keys(['dags_bash_operator']) retrieved from /opt/airflow/dags/dags_bash_operator.py
[2023-08-27T06:37:09.058+0000] {logging_mixin.py:150} INFO - [2023-08-27T06:37:09.058+0000] {dag.py:2742} INFO - Sync 1 DAGs
[2023-08-27T06:37:09.084+0000] {logging_mixin.py:150} INFO - [2023-08-27T06:37:09.084+0000] {dag.py:3508} INFO - Setting next_dagrun for dags_bash_operator to 2023-08-26T00:00:00+00:00, run_after=2023-08-27T00:00:00+00:00
[2023-08-27T06:37:09.123+0000] {processor.py:179} INFO - Processing /opt/airflow/dags/dags_bash_operator.py took 0.121 seconds
