[2023-08-27T06:19:21.075+0000] {processor.py:157} INFO - Started process (PID=39) to work on /opt/airflow/dags/dags_python_with_op_args.py
[2023-08-27T06:19:21.076+0000] {processor.py:826} INFO - Processing file /opt/airflow/dags/dags_python_with_op_args.py for tasks to queue
[2023-08-27T06:19:21.078+0000] {logging_mixin.py:150} INFO - [2023-08-27T06:19:21.077+0000] {dagbag.py:541} INFO - Filling up the DagBag from /opt/airflow/dags/dags_python_with_op_args.py
[2023-08-27T06:19:21.139+0000] {processor.py:836} INFO - DAG(s) dict_keys(['dags_python_with_op_args']) retrieved from /opt/airflow/dags/dags_python_with_op_args.py
[2023-08-27T06:19:21.169+0000] {logging_mixin.py:150} INFO - [2023-08-27T06:19:21.168+0000] {dag.py:2742} INFO - Sync 1 DAGs
[2023-08-27T06:19:21.292+0000] {logging_mixin.py:150} INFO - [2023-08-27T06:19:21.292+0000] {dag.py:3508} INFO - Setting next_dagrun for dags_python_with_op_args to 2023-08-26T06:30:00+00:00, run_after=2023-08-27T06:30:00+00:00
[2023-08-27T06:19:21.415+0000] {processor.py:179} INFO - Processing /opt/airflow/dags/dags_python_with_op_args.py took 0.343 seconds
[2023-08-27T06:19:51.736+0000] {processor.py:157} INFO - Started process (PID=119) to work on /opt/airflow/dags/dags_python_with_op_args.py
[2023-08-27T06:19:51.737+0000] {processor.py:826} INFO - Processing file /opt/airflow/dags/dags_python_with_op_args.py for tasks to queue
[2023-08-27T06:19:51.738+0000] {logging_mixin.py:150} INFO - [2023-08-27T06:19:51.738+0000] {dagbag.py:541} INFO - Filling up the DagBag from /opt/airflow/dags/dags_python_with_op_args.py
[2023-08-27T06:19:51.786+0000] {processor.py:836} INFO - DAG(s) dict_keys(['dags_python_with_op_args']) retrieved from /opt/airflow/dags/dags_python_with_op_args.py
[2023-08-27T06:19:51.892+0000] {logging_mixin.py:150} INFO - [2023-08-27T06:19:51.891+0000] {dag.py:2742} INFO - Sync 1 DAGs
[2023-08-27T06:19:51.917+0000] {logging_mixin.py:150} INFO - [2023-08-27T06:19:51.916+0000] {dag.py:3508} INFO - Setting next_dagrun for dags_python_with_op_args to 2023-08-26T06:30:00+00:00, run_after=2023-08-27T06:30:00+00:00
[2023-08-27T06:19:51.954+0000] {processor.py:179} INFO - Processing /opt/airflow/dags/dags_python_with_op_args.py took 0.221 seconds
[2023-08-27T06:20:22.070+0000] {processor.py:157} INFO - Started process (PID=199) to work on /opt/airflow/dags/dags_python_with_op_args.py
[2023-08-27T06:20:22.071+0000] {processor.py:826} INFO - Processing file /opt/airflow/dags/dags_python_with_op_args.py for tasks to queue
[2023-08-27T06:20:22.072+0000] {logging_mixin.py:150} INFO - [2023-08-27T06:20:22.072+0000] {dagbag.py:541} INFO - Filling up the DagBag from /opt/airflow/dags/dags_python_with_op_args.py
[2023-08-27T06:20:22.122+0000] {processor.py:836} INFO - DAG(s) dict_keys(['dags_python_with_op_args']) retrieved from /opt/airflow/dags/dags_python_with_op_args.py
[2023-08-27T06:20:22.141+0000] {logging_mixin.py:150} INFO - [2023-08-27T06:20:22.140+0000] {dag.py:2742} INFO - Sync 1 DAGs
[2023-08-27T06:20:22.167+0000] {logging_mixin.py:150} INFO - [2023-08-27T06:20:22.167+0000] {dag.py:3508} INFO - Setting next_dagrun for dags_python_with_op_args to 2023-08-26T06:30:00+00:00, run_after=2023-08-27T06:30:00+00:00
[2023-08-27T06:20:22.203+0000] {processor.py:179} INFO - Processing /opt/airflow/dags/dags_python_with_op_args.py took 0.136 seconds
[2023-08-27T06:20:52.369+0000] {processor.py:157} INFO - Started process (PID=280) to work on /opt/airflow/dags/dags_python_with_op_args.py
[2023-08-27T06:20:52.370+0000] {processor.py:826} INFO - Processing file /opt/airflow/dags/dags_python_with_op_args.py for tasks to queue
[2023-08-27T06:20:52.371+0000] {logging_mixin.py:150} INFO - [2023-08-27T06:20:52.371+0000] {dagbag.py:541} INFO - Filling up the DagBag from /opt/airflow/dags/dags_python_with_op_args.py
[2023-08-27T06:20:52.428+0000] {processor.py:836} INFO - DAG(s) dict_keys(['dags_python_with_op_args']) retrieved from /opt/airflow/dags/dags_python_with_op_args.py
[2023-08-27T06:20:52.452+0000] {logging_mixin.py:150} INFO - [2023-08-27T06:20:52.452+0000] {dag.py:2742} INFO - Sync 1 DAGs
[2023-08-27T06:20:52.482+0000] {logging_mixin.py:150} INFO - [2023-08-27T06:20:52.482+0000] {dag.py:3508} INFO - Setting next_dagrun for dags_python_with_op_args to 2023-08-26T06:30:00+00:00, run_after=2023-08-27T06:30:00+00:00
[2023-08-27T06:20:52.542+0000] {processor.py:179} INFO - Processing /opt/airflow/dags/dags_python_with_op_args.py took 0.177 seconds
[2023-08-27T06:21:22.654+0000] {processor.py:157} INFO - Started process (PID=360) to work on /opt/airflow/dags/dags_python_with_op_args.py
[2023-08-27T06:21:22.655+0000] {processor.py:826} INFO - Processing file /opt/airflow/dags/dags_python_with_op_args.py for tasks to queue
[2023-08-27T06:21:22.656+0000] {logging_mixin.py:150} INFO - [2023-08-27T06:21:22.655+0000] {dagbag.py:541} INFO - Filling up the DagBag from /opt/airflow/dags/dags_python_with_op_args.py
[2023-08-27T06:21:22.714+0000] {processor.py:836} INFO - DAG(s) dict_keys(['dags_python_with_op_args']) retrieved from /opt/airflow/dags/dags_python_with_op_args.py
[2023-08-27T06:21:22.787+0000] {logging_mixin.py:150} INFO - [2023-08-27T06:21:22.787+0000] {dag.py:2742} INFO - Sync 1 DAGs
[2023-08-27T06:21:22.814+0000] {logging_mixin.py:150} INFO - [2023-08-27T06:21:22.814+0000] {dag.py:3508} INFO - Setting next_dagrun for dags_python_with_op_args to 2023-08-26T06:30:00+00:00, run_after=2023-08-27T06:30:00+00:00
[2023-08-27T06:21:22.906+0000] {processor.py:179} INFO - Processing /opt/airflow/dags/dags_python_with_op_args.py took 0.254 seconds
[2023-08-27T06:21:53.049+0000] {processor.py:157} INFO - Started process (PID=440) to work on /opt/airflow/dags/dags_python_with_op_args.py
[2023-08-27T06:21:53.050+0000] {processor.py:826} INFO - Processing file /opt/airflow/dags/dags_python_with_op_args.py for tasks to queue
[2023-08-27T06:21:53.052+0000] {logging_mixin.py:150} INFO - [2023-08-27T06:21:53.052+0000] {dagbag.py:541} INFO - Filling up the DagBag from /opt/airflow/dags/dags_python_with_op_args.py
[2023-08-27T06:21:53.122+0000] {processor.py:836} INFO - DAG(s) dict_keys(['dags_python_with_op_args']) retrieved from /opt/airflow/dags/dags_python_with_op_args.py
[2023-08-27T06:21:53.141+0000] {logging_mixin.py:150} INFO - [2023-08-27T06:21:53.141+0000] {dag.py:2742} INFO - Sync 1 DAGs
[2023-08-27T06:21:53.168+0000] {logging_mixin.py:150} INFO - [2023-08-27T06:21:53.168+0000] {dag.py:3508} INFO - Setting next_dagrun for dags_python_with_op_args to 2023-08-26T06:30:00+00:00, run_after=2023-08-27T06:30:00+00:00
[2023-08-27T06:21:53.204+0000] {processor.py:179} INFO - Processing /opt/airflow/dags/dags_python_with_op_args.py took 0.160 seconds
[2023-08-27T06:22:23.442+0000] {processor.py:157} INFO - Started process (PID=520) to work on /opt/airflow/dags/dags_python_with_op_args.py
[2023-08-27T06:22:23.443+0000] {processor.py:826} INFO - Processing file /opt/airflow/dags/dags_python_with_op_args.py for tasks to queue
[2023-08-27T06:22:23.444+0000] {logging_mixin.py:150} INFO - [2023-08-27T06:22:23.443+0000] {dagbag.py:541} INFO - Filling up the DagBag from /opt/airflow/dags/dags_python_with_op_args.py
[2023-08-27T06:22:23.496+0000] {processor.py:836} INFO - DAG(s) dict_keys(['dags_python_with_op_args']) retrieved from /opt/airflow/dags/dags_python_with_op_args.py
[2023-08-27T06:22:23.516+0000] {logging_mixin.py:150} INFO - [2023-08-27T06:22:23.516+0000] {dag.py:2742} INFO - Sync 1 DAGs
[2023-08-27T06:22:23.544+0000] {logging_mixin.py:150} INFO - [2023-08-27T06:22:23.544+0000] {dag.py:3508} INFO - Setting next_dagrun for dags_python_with_op_args to 2023-08-26T06:30:00+00:00, run_after=2023-08-27T06:30:00+00:00
[2023-08-27T06:22:23.592+0000] {processor.py:179} INFO - Processing /opt/airflow/dags/dags_python_with_op_args.py took 0.153 seconds
[2023-08-27T06:22:53.886+0000] {processor.py:157} INFO - Started process (PID=601) to work on /opt/airflow/dags/dags_python_with_op_args.py
[2023-08-27T06:22:53.887+0000] {processor.py:826} INFO - Processing file /opt/airflow/dags/dags_python_with_op_args.py for tasks to queue
[2023-08-27T06:22:53.888+0000] {logging_mixin.py:150} INFO - [2023-08-27T06:22:53.888+0000] {dagbag.py:541} INFO - Filling up the DagBag from /opt/airflow/dags/dags_python_with_op_args.py
[2023-08-27T06:22:53.934+0000] {processor.py:836} INFO - DAG(s) dict_keys(['dags_python_with_op_args']) retrieved from /opt/airflow/dags/dags_python_with_op_args.py
[2023-08-27T06:22:53.954+0000] {logging_mixin.py:150} INFO - [2023-08-27T06:22:53.954+0000] {dag.py:2742} INFO - Sync 1 DAGs
[2023-08-27T06:22:53.982+0000] {logging_mixin.py:150} INFO - [2023-08-27T06:22:53.981+0000] {dag.py:3508} INFO - Setting next_dagrun for dags_python_with_op_args to 2023-08-26T06:30:00+00:00, run_after=2023-08-27T06:30:00+00:00
[2023-08-27T06:22:54.029+0000] {processor.py:179} INFO - Processing /opt/airflow/dags/dags_python_with_op_args.py took 0.145 seconds
[2023-08-27T06:23:24.563+0000] {processor.py:157} INFO - Started process (PID=681) to work on /opt/airflow/dags/dags_python_with_op_args.py
[2023-08-27T06:23:24.564+0000] {processor.py:826} INFO - Processing file /opt/airflow/dags/dags_python_with_op_args.py for tasks to queue
[2023-08-27T06:23:24.565+0000] {logging_mixin.py:150} INFO - [2023-08-27T06:23:24.565+0000] {dagbag.py:541} INFO - Filling up the DagBag from /opt/airflow/dags/dags_python_with_op_args.py
[2023-08-27T06:23:24.608+0000] {processor.py:836} INFO - DAG(s) dict_keys(['dags_python_with_op_args']) retrieved from /opt/airflow/dags/dags_python_with_op_args.py
[2023-08-27T06:23:24.628+0000] {logging_mixin.py:150} INFO - [2023-08-27T06:23:24.628+0000] {dag.py:2742} INFO - Sync 1 DAGs
[2023-08-27T06:23:24.653+0000] {logging_mixin.py:150} INFO - [2023-08-27T06:23:24.653+0000] {dag.py:3508} INFO - Setting next_dagrun for dags_python_with_op_args to 2023-08-26T06:30:00+00:00, run_after=2023-08-27T06:30:00+00:00
[2023-08-27T06:23:24.700+0000] {processor.py:179} INFO - Processing /opt/airflow/dags/dags_python_with_op_args.py took 0.140 seconds
[2023-08-27T06:23:55.046+0000] {processor.py:157} INFO - Started process (PID=761) to work on /opt/airflow/dags/dags_python_with_op_args.py
[2023-08-27T06:23:55.048+0000] {processor.py:826} INFO - Processing file /opt/airflow/dags/dags_python_with_op_args.py for tasks to queue
[2023-08-27T06:23:55.050+0000] {logging_mixin.py:150} INFO - [2023-08-27T06:23:55.049+0000] {dagbag.py:541} INFO - Filling up the DagBag from /opt/airflow/dags/dags_python_with_op_args.py
[2023-08-27T06:23:55.114+0000] {processor.py:836} INFO - DAG(s) dict_keys(['dags_python_with_op_args']) retrieved from /opt/airflow/dags/dags_python_with_op_args.py
[2023-08-27T06:23:55.142+0000] {logging_mixin.py:150} INFO - [2023-08-27T06:23:55.142+0000] {dag.py:2742} INFO - Sync 1 DAGs
[2023-08-27T06:23:55.170+0000] {logging_mixin.py:150} INFO - [2023-08-27T06:23:55.170+0000] {dag.py:3508} INFO - Setting next_dagrun for dags_python_with_op_args to 2023-08-26T06:30:00+00:00, run_after=2023-08-27T06:30:00+00:00
[2023-08-27T06:23:55.208+0000] {processor.py:179} INFO - Processing /opt/airflow/dags/dags_python_with_op_args.py took 0.166 seconds
[2023-08-27T06:24:25.538+0000] {processor.py:157} INFO - Started process (PID=841) to work on /opt/airflow/dags/dags_python_with_op_args.py
[2023-08-27T06:24:25.540+0000] {processor.py:826} INFO - Processing file /opt/airflow/dags/dags_python_with_op_args.py for tasks to queue
[2023-08-27T06:24:25.541+0000] {logging_mixin.py:150} INFO - [2023-08-27T06:24:25.541+0000] {dagbag.py:541} INFO - Filling up the DagBag from /opt/airflow/dags/dags_python_with_op_args.py
[2023-08-27T06:24:25.594+0000] {processor.py:836} INFO - DAG(s) dict_keys(['dags_python_with_op_args']) retrieved from /opt/airflow/dags/dags_python_with_op_args.py
[2023-08-27T06:24:25.613+0000] {logging_mixin.py:150} INFO - [2023-08-27T06:24:25.613+0000] {dag.py:2742} INFO - Sync 1 DAGs
[2023-08-27T06:24:25.640+0000] {logging_mixin.py:150} INFO - [2023-08-27T06:24:25.640+0000] {dag.py:3508} INFO - Setting next_dagrun for dags_python_with_op_args to 2023-08-26T06:30:00+00:00, run_after=2023-08-27T06:30:00+00:00
[2023-08-27T06:24:25.679+0000] {processor.py:179} INFO - Processing /opt/airflow/dags/dags_python_with_op_args.py took 0.143 seconds
[2023-08-27T06:24:56.176+0000] {processor.py:157} INFO - Started process (PID=921) to work on /opt/airflow/dags/dags_python_with_op_args.py
[2023-08-27T06:24:56.177+0000] {processor.py:826} INFO - Processing file /opt/airflow/dags/dags_python_with_op_args.py for tasks to queue
[2023-08-27T06:24:56.178+0000] {logging_mixin.py:150} INFO - [2023-08-27T06:24:56.178+0000] {dagbag.py:541} INFO - Filling up the DagBag from /opt/airflow/dags/dags_python_with_op_args.py
[2023-08-27T06:24:56.226+0000] {processor.py:836} INFO - DAG(s) dict_keys(['dags_python_with_op_args']) retrieved from /opt/airflow/dags/dags_python_with_op_args.py
[2023-08-27T06:24:56.247+0000] {logging_mixin.py:150} INFO - [2023-08-27T06:24:56.247+0000] {dag.py:2742} INFO - Sync 1 DAGs
[2023-08-27T06:24:56.276+0000] {logging_mixin.py:150} INFO - [2023-08-27T06:24:56.276+0000] {dag.py:3508} INFO - Setting next_dagrun for dags_python_with_op_args to 2023-08-26T06:30:00+00:00, run_after=2023-08-27T06:30:00+00:00
[2023-08-27T06:24:56.316+0000] {processor.py:179} INFO - Processing /opt/airflow/dags/dags_python_with_op_args.py took 0.143 seconds
[2023-08-27T06:25:26.840+0000] {processor.py:157} INFO - Started process (PID=1001) to work on /opt/airflow/dags/dags_python_with_op_args.py
[2023-08-27T06:25:26.841+0000] {processor.py:826} INFO - Processing file /opt/airflow/dags/dags_python_with_op_args.py for tasks to queue
[2023-08-27T06:25:26.842+0000] {logging_mixin.py:150} INFO - [2023-08-27T06:25:26.842+0000] {dagbag.py:541} INFO - Filling up the DagBag from /opt/airflow/dags/dags_python_with_op_args.py
[2023-08-27T06:25:26.897+0000] {processor.py:836} INFO - DAG(s) dict_keys(['dags_python_with_op_args']) retrieved from /opt/airflow/dags/dags_python_with_op_args.py
[2023-08-27T06:25:26.918+0000] {logging_mixin.py:150} INFO - [2023-08-27T06:25:26.917+0000] {dag.py:2742} INFO - Sync 1 DAGs
[2023-08-27T06:25:26.950+0000] {logging_mixin.py:150} INFO - [2023-08-27T06:25:26.950+0000] {dag.py:3508} INFO - Setting next_dagrun for dags_python_with_op_args to 2023-08-26T06:30:00+00:00, run_after=2023-08-27T06:30:00+00:00
[2023-08-27T06:25:26.989+0000] {processor.py:179} INFO - Processing /opt/airflow/dags/dags_python_with_op_args.py took 0.151 seconds
[2023-08-27T06:25:57.278+0000] {processor.py:157} INFO - Started process (PID=1081) to work on /opt/airflow/dags/dags_python_with_op_args.py
[2023-08-27T06:25:57.279+0000] {processor.py:826} INFO - Processing file /opt/airflow/dags/dags_python_with_op_args.py for tasks to queue
[2023-08-27T06:25:57.280+0000] {logging_mixin.py:150} INFO - [2023-08-27T06:25:57.280+0000] {dagbag.py:541} INFO - Filling up the DagBag from /opt/airflow/dags/dags_python_with_op_args.py
[2023-08-27T06:25:57.336+0000] {processor.py:836} INFO - DAG(s) dict_keys(['dags_python_with_op_args']) retrieved from /opt/airflow/dags/dags_python_with_op_args.py
[2023-08-27T06:25:57.357+0000] {logging_mixin.py:150} INFO - [2023-08-27T06:25:57.357+0000] {dag.py:2742} INFO - Sync 1 DAGs
[2023-08-27T06:25:57.391+0000] {logging_mixin.py:150} INFO - [2023-08-27T06:25:57.391+0000] {dag.py:3508} INFO - Setting next_dagrun for dags_python_with_op_args to 2023-08-26T06:30:00+00:00, run_after=2023-08-27T06:30:00+00:00
[2023-08-27T06:25:57.439+0000] {processor.py:179} INFO - Processing /opt/airflow/dags/dags_python_with_op_args.py took 0.165 seconds
[2023-08-27T06:26:27.772+0000] {processor.py:157} INFO - Started process (PID=1161) to work on /opt/airflow/dags/dags_python_with_op_args.py
[2023-08-27T06:26:27.773+0000] {processor.py:826} INFO - Processing file /opt/airflow/dags/dags_python_with_op_args.py for tasks to queue
[2023-08-27T06:26:27.775+0000] {logging_mixin.py:150} INFO - [2023-08-27T06:26:27.774+0000] {dagbag.py:541} INFO - Filling up the DagBag from /opt/airflow/dags/dags_python_with_op_args.py
[2023-08-27T06:26:27.827+0000] {processor.py:836} INFO - DAG(s) dict_keys(['dags_python_with_op_args']) retrieved from /opt/airflow/dags/dags_python_with_op_args.py
[2023-08-27T06:26:27.847+0000] {logging_mixin.py:150} INFO - [2023-08-27T06:26:27.847+0000] {dag.py:2742} INFO - Sync 1 DAGs
[2023-08-27T06:26:27.874+0000] {logging_mixin.py:150} INFO - [2023-08-27T06:26:27.874+0000] {dag.py:3508} INFO - Setting next_dagrun for dags_python_with_op_args to 2023-08-26T06:30:00+00:00, run_after=2023-08-27T06:30:00+00:00
[2023-08-27T06:26:27.915+0000] {processor.py:179} INFO - Processing /opt/airflow/dags/dags_python_with_op_args.py took 0.145 seconds
[2023-08-27T06:26:58.276+0000] {processor.py:157} INFO - Started process (PID=1241) to work on /opt/airflow/dags/dags_python_with_op_args.py
[2023-08-27T06:26:58.277+0000] {processor.py:826} INFO - Processing file /opt/airflow/dags/dags_python_with_op_args.py for tasks to queue
[2023-08-27T06:26:58.278+0000] {logging_mixin.py:150} INFO - [2023-08-27T06:26:58.278+0000] {dagbag.py:541} INFO - Filling up the DagBag from /opt/airflow/dags/dags_python_with_op_args.py
[2023-08-27T06:26:58.328+0000] {processor.py:836} INFO - DAG(s) dict_keys(['dags_python_with_op_args']) retrieved from /opt/airflow/dags/dags_python_with_op_args.py
[2023-08-27T06:26:58.347+0000] {logging_mixin.py:150} INFO - [2023-08-27T06:26:58.347+0000] {dag.py:2742} INFO - Sync 1 DAGs
[2023-08-27T06:26:58.371+0000] {logging_mixin.py:150} INFO - [2023-08-27T06:26:58.371+0000] {dag.py:3508} INFO - Setting next_dagrun for dags_python_with_op_args to 2023-08-26T06:30:00+00:00, run_after=2023-08-27T06:30:00+00:00
[2023-08-27T06:26:58.412+0000] {processor.py:179} INFO - Processing /opt/airflow/dags/dags_python_with_op_args.py took 0.139 seconds
[2023-08-27T06:27:28.664+0000] {processor.py:157} INFO - Started process (PID=1321) to work on /opt/airflow/dags/dags_python_with_op_args.py
[2023-08-27T06:27:28.665+0000] {processor.py:826} INFO - Processing file /opt/airflow/dags/dags_python_with_op_args.py for tasks to queue
[2023-08-27T06:27:28.666+0000] {logging_mixin.py:150} INFO - [2023-08-27T06:27:28.666+0000] {dagbag.py:541} INFO - Filling up the DagBag from /opt/airflow/dags/dags_python_with_op_args.py
[2023-08-27T06:27:28.716+0000] {processor.py:836} INFO - DAG(s) dict_keys(['dags_python_with_op_args']) retrieved from /opt/airflow/dags/dags_python_with_op_args.py
[2023-08-27T06:27:28.736+0000] {logging_mixin.py:150} INFO - [2023-08-27T06:27:28.735+0000] {dag.py:2742} INFO - Sync 1 DAGs
[2023-08-27T06:27:28.761+0000] {logging_mixin.py:150} INFO - [2023-08-27T06:27:28.761+0000] {dag.py:3508} INFO - Setting next_dagrun for dags_python_with_op_args to 2023-08-26T06:30:00+00:00, run_after=2023-08-27T06:30:00+00:00
[2023-08-27T06:27:28.799+0000] {processor.py:179} INFO - Processing /opt/airflow/dags/dags_python_with_op_args.py took 0.137 seconds
[2023-08-27T06:27:58.963+0000] {processor.py:157} INFO - Started process (PID=1401) to work on /opt/airflow/dags/dags_python_with_op_args.py
[2023-08-27T06:27:58.964+0000] {processor.py:826} INFO - Processing file /opt/airflow/dags/dags_python_with_op_args.py for tasks to queue
[2023-08-27T06:27:58.965+0000] {logging_mixin.py:150} INFO - [2023-08-27T06:27:58.965+0000] {dagbag.py:541} INFO - Filling up the DagBag from /opt/airflow/dags/dags_python_with_op_args.py
[2023-08-27T06:27:59.008+0000] {processor.py:836} INFO - DAG(s) dict_keys(['dags_python_with_op_args']) retrieved from /opt/airflow/dags/dags_python_with_op_args.py
[2023-08-27T06:27:59.029+0000] {logging_mixin.py:150} INFO - [2023-08-27T06:27:59.029+0000] {dag.py:2742} INFO - Sync 1 DAGs
[2023-08-27T06:27:59.056+0000] {logging_mixin.py:150} INFO - [2023-08-27T06:27:59.056+0000] {dag.py:3508} INFO - Setting next_dagrun for dags_python_with_op_args to 2023-08-26T06:30:00+00:00, run_after=2023-08-27T06:30:00+00:00
[2023-08-27T06:27:59.095+0000] {processor.py:179} INFO - Processing /opt/airflow/dags/dags_python_with_op_args.py took 0.134 seconds
[2023-08-27T06:28:29.488+0000] {processor.py:157} INFO - Started process (PID=1481) to work on /opt/airflow/dags/dags_python_with_op_args.py
[2023-08-27T06:28:29.489+0000] {processor.py:826} INFO - Processing file /opt/airflow/dags/dags_python_with_op_args.py for tasks to queue
[2023-08-27T06:28:29.490+0000] {logging_mixin.py:150} INFO - [2023-08-27T06:28:29.490+0000] {dagbag.py:541} INFO - Filling up the DagBag from /opt/airflow/dags/dags_python_with_op_args.py
[2023-08-27T06:28:29.545+0000] {processor.py:836} INFO - DAG(s) dict_keys(['dags_python_with_op_args']) retrieved from /opt/airflow/dags/dags_python_with_op_args.py
[2023-08-27T06:28:29.564+0000] {logging_mixin.py:150} INFO - [2023-08-27T06:28:29.564+0000] {dag.py:2742} INFO - Sync 1 DAGs
[2023-08-27T06:28:29.589+0000] {logging_mixin.py:150} INFO - [2023-08-27T06:28:29.589+0000] {dag.py:3508} INFO - Setting next_dagrun for dags_python_with_op_args to 2023-08-26T06:30:00+00:00, run_after=2023-08-27T06:30:00+00:00
[2023-08-27T06:28:29.627+0000] {processor.py:179} INFO - Processing /opt/airflow/dags/dags_python_with_op_args.py took 0.141 seconds
[2023-08-27T06:29:00.274+0000] {processor.py:157} INFO - Started process (PID=1561) to work on /opt/airflow/dags/dags_python_with_op_args.py
[2023-08-27T06:29:00.275+0000] {processor.py:826} INFO - Processing file /opt/airflow/dags/dags_python_with_op_args.py for tasks to queue
[2023-08-27T06:29:00.275+0000] {logging_mixin.py:150} INFO - [2023-08-27T06:29:00.275+0000] {dagbag.py:541} INFO - Filling up the DagBag from /opt/airflow/dags/dags_python_with_op_args.py
[2023-08-27T06:29:00.329+0000] {processor.py:836} INFO - DAG(s) dict_keys(['dags_python_with_op_args']) retrieved from /opt/airflow/dags/dags_python_with_op_args.py
[2023-08-27T06:29:00.347+0000] {logging_mixin.py:150} INFO - [2023-08-27T06:29:00.346+0000] {dag.py:2742} INFO - Sync 1 DAGs
[2023-08-27T06:29:00.372+0000] {logging_mixin.py:150} INFO - [2023-08-27T06:29:00.371+0000] {dag.py:3508} INFO - Setting next_dagrun for dags_python_with_op_args to 2023-08-26T06:30:00+00:00, run_after=2023-08-27T06:30:00+00:00
[2023-08-27T06:29:00.409+0000] {processor.py:179} INFO - Processing /opt/airflow/dags/dags_python_with_op_args.py took 0.137 seconds
[2023-08-27T06:29:30.705+0000] {processor.py:157} INFO - Started process (PID=1641) to work on /opt/airflow/dags/dags_python_with_op_args.py
[2023-08-27T06:29:30.706+0000] {processor.py:826} INFO - Processing file /opt/airflow/dags/dags_python_with_op_args.py for tasks to queue
[2023-08-27T06:29:30.707+0000] {logging_mixin.py:150} INFO - [2023-08-27T06:29:30.707+0000] {dagbag.py:541} INFO - Filling up the DagBag from /opt/airflow/dags/dags_python_with_op_args.py
[2023-08-27T06:29:30.759+0000] {processor.py:836} INFO - DAG(s) dict_keys(['dags_python_with_op_args']) retrieved from /opt/airflow/dags/dags_python_with_op_args.py
[2023-08-27T06:29:30.776+0000] {logging_mixin.py:150} INFO - [2023-08-27T06:29:30.776+0000] {dag.py:2742} INFO - Sync 1 DAGs
[2023-08-27T06:29:30.802+0000] {logging_mixin.py:150} INFO - [2023-08-27T06:29:30.802+0000] {dag.py:3508} INFO - Setting next_dagrun for dags_python_with_op_args to 2023-08-26T06:30:00+00:00, run_after=2023-08-27T06:30:00+00:00
[2023-08-27T06:29:30.838+0000] {processor.py:179} INFO - Processing /opt/airflow/dags/dags_python_with_op_args.py took 0.137 seconds
[2023-08-27T06:30:01.011+0000] {processor.py:157} INFO - Started process (PID=1725) to work on /opt/airflow/dags/dags_python_with_op_args.py
[2023-08-27T06:30:01.012+0000] {processor.py:826} INFO - Processing file /opt/airflow/dags/dags_python_with_op_args.py for tasks to queue
[2023-08-27T06:30:01.013+0000] {logging_mixin.py:150} INFO - [2023-08-27T06:30:01.013+0000] {dagbag.py:541} INFO - Filling up the DagBag from /opt/airflow/dags/dags_python_with_op_args.py
[2023-08-27T06:30:01.071+0000] {processor.py:836} INFO - DAG(s) dict_keys(['dags_python_with_op_args']) retrieved from /opt/airflow/dags/dags_python_with_op_args.py
[2023-08-27T06:30:01.092+0000] {logging_mixin.py:150} INFO - [2023-08-27T06:30:01.092+0000] {dag.py:2742} INFO - Sync 1 DAGs
[2023-08-27T06:30:01.118+0000] {logging_mixin.py:150} INFO - [2023-08-27T06:30:01.118+0000] {dag.py:3508} INFO - Setting next_dagrun for dags_python_with_op_args to 2023-08-27T06:30:00+00:00, run_after=2023-08-28T06:30:00+00:00
[2023-08-27T06:30:01.157+0000] {processor.py:179} INFO - Processing /opt/airflow/dags/dags_python_with_op_args.py took 0.149 seconds
[2023-08-27T06:30:31.467+0000] {processor.py:157} INFO - Started process (PID=1805) to work on /opt/airflow/dags/dags_python_with_op_args.py
[2023-08-27T06:30:31.468+0000] {processor.py:826} INFO - Processing file /opt/airflow/dags/dags_python_with_op_args.py for tasks to queue
[2023-08-27T06:30:31.469+0000] {logging_mixin.py:150} INFO - [2023-08-27T06:30:31.469+0000] {dagbag.py:541} INFO - Filling up the DagBag from /opt/airflow/dags/dags_python_with_op_args.py
[2023-08-27T06:30:31.522+0000] {processor.py:836} INFO - DAG(s) dict_keys(['dags_python_with_op_args']) retrieved from /opt/airflow/dags/dags_python_with_op_args.py
[2023-08-27T06:30:31.542+0000] {logging_mixin.py:150} INFO - [2023-08-27T06:30:31.542+0000] {dag.py:2742} INFO - Sync 1 DAGs
[2023-08-27T06:30:31.568+0000] {logging_mixin.py:150} INFO - [2023-08-27T06:30:31.568+0000] {dag.py:3508} INFO - Setting next_dagrun for dags_python_with_op_args to 2023-08-27T06:30:00+00:00, run_after=2023-08-28T06:30:00+00:00
[2023-08-27T06:30:31.605+0000] {processor.py:179} INFO - Processing /opt/airflow/dags/dags_python_with_op_args.py took 0.141 seconds
[2023-08-27T06:31:01.983+0000] {processor.py:157} INFO - Started process (PID=1885) to work on /opt/airflow/dags/dags_python_with_op_args.py
[2023-08-27T06:31:01.984+0000] {processor.py:826} INFO - Processing file /opt/airflow/dags/dags_python_with_op_args.py for tasks to queue
[2023-08-27T06:31:01.985+0000] {logging_mixin.py:150} INFO - [2023-08-27T06:31:01.985+0000] {dagbag.py:541} INFO - Filling up the DagBag from /opt/airflow/dags/dags_python_with_op_args.py
[2023-08-27T06:31:02.041+0000] {processor.py:836} INFO - DAG(s) dict_keys(['dags_python_with_op_args']) retrieved from /opt/airflow/dags/dags_python_with_op_args.py
[2023-08-27T06:31:02.061+0000] {logging_mixin.py:150} INFO - [2023-08-27T06:31:02.061+0000] {dag.py:2742} INFO - Sync 1 DAGs
[2023-08-27T06:31:02.088+0000] {logging_mixin.py:150} INFO - [2023-08-27T06:31:02.088+0000] {dag.py:3508} INFO - Setting next_dagrun for dags_python_with_op_args to 2023-08-27T06:30:00+00:00, run_after=2023-08-28T06:30:00+00:00
[2023-08-27T06:31:02.127+0000] {processor.py:179} INFO - Processing /opt/airflow/dags/dags_python_with_op_args.py took 0.148 seconds
[2023-08-27T06:31:32.244+0000] {processor.py:157} INFO - Started process (PID=1965) to work on /opt/airflow/dags/dags_python_with_op_args.py
[2023-08-27T06:31:32.245+0000] {processor.py:826} INFO - Processing file /opt/airflow/dags/dags_python_with_op_args.py for tasks to queue
[2023-08-27T06:31:32.246+0000] {logging_mixin.py:150} INFO - [2023-08-27T06:31:32.246+0000] {dagbag.py:541} INFO - Filling up the DagBag from /opt/airflow/dags/dags_python_with_op_args.py
[2023-08-27T06:31:32.301+0000] {processor.py:836} INFO - DAG(s) dict_keys(['dags_python_with_op_args']) retrieved from /opt/airflow/dags/dags_python_with_op_args.py
[2023-08-27T06:31:32.321+0000] {logging_mixin.py:150} INFO - [2023-08-27T06:31:32.321+0000] {dag.py:2742} INFO - Sync 1 DAGs
[2023-08-27T06:31:32.348+0000] {logging_mixin.py:150} INFO - [2023-08-27T06:31:32.348+0000] {dag.py:3508} INFO - Setting next_dagrun for dags_python_with_op_args to 2023-08-27T06:30:00+00:00, run_after=2023-08-28T06:30:00+00:00
[2023-08-27T06:31:32.395+0000] {processor.py:179} INFO - Processing /opt/airflow/dags/dags_python_with_op_args.py took 0.153 seconds
[2023-08-27T06:32:02.460+0000] {processor.py:157} INFO - Started process (PID=2045) to work on /opt/airflow/dags/dags_python_with_op_args.py
[2023-08-27T06:32:02.461+0000] {processor.py:826} INFO - Processing file /opt/airflow/dags/dags_python_with_op_args.py for tasks to queue
[2023-08-27T06:32:02.461+0000] {logging_mixin.py:150} INFO - [2023-08-27T06:32:02.461+0000] {dagbag.py:541} INFO - Filling up the DagBag from /opt/airflow/dags/dags_python_with_op_args.py
[2023-08-27T06:32:02.508+0000] {processor.py:836} INFO - DAG(s) dict_keys(['dags_python_with_op_args']) retrieved from /opt/airflow/dags/dags_python_with_op_args.py
[2023-08-27T06:32:02.528+0000] {logging_mixin.py:150} INFO - [2023-08-27T06:32:02.528+0000] {dag.py:2742} INFO - Sync 1 DAGs
[2023-08-27T06:32:02.556+0000] {logging_mixin.py:150} INFO - [2023-08-27T06:32:02.556+0000] {dag.py:3508} INFO - Setting next_dagrun for dags_python_with_op_args to 2023-08-27T06:30:00+00:00, run_after=2023-08-28T06:30:00+00:00
[2023-08-27T06:32:02.599+0000] {processor.py:179} INFO - Processing /opt/airflow/dags/dags_python_with_op_args.py took 0.142 seconds
[2023-08-27T06:32:33.023+0000] {processor.py:157} INFO - Started process (PID=2125) to work on /opt/airflow/dags/dags_python_with_op_args.py
[2023-08-27T06:32:33.024+0000] {processor.py:826} INFO - Processing file /opt/airflow/dags/dags_python_with_op_args.py for tasks to queue
[2023-08-27T06:32:33.025+0000] {logging_mixin.py:150} INFO - [2023-08-27T06:32:33.025+0000] {dagbag.py:541} INFO - Filling up the DagBag from /opt/airflow/dags/dags_python_with_op_args.py
[2023-08-27T06:32:33.074+0000] {processor.py:836} INFO - DAG(s) dict_keys(['dags_python_with_op_args']) retrieved from /opt/airflow/dags/dags_python_with_op_args.py
[2023-08-27T06:32:33.093+0000] {logging_mixin.py:150} INFO - [2023-08-27T06:32:33.093+0000] {dag.py:2742} INFO - Sync 1 DAGs
[2023-08-27T06:32:33.118+0000] {logging_mixin.py:150} INFO - [2023-08-27T06:32:33.118+0000] {dag.py:3508} INFO - Setting next_dagrun for dags_python_with_op_args to 2023-08-27T06:30:00+00:00, run_after=2023-08-28T06:30:00+00:00
[2023-08-27T06:32:33.153+0000] {processor.py:179} INFO - Processing /opt/airflow/dags/dags_python_with_op_args.py took 0.133 seconds
[2023-08-27T06:33:03.843+0000] {processor.py:157} INFO - Started process (PID=2205) to work on /opt/airflow/dags/dags_python_with_op_args.py
[2023-08-27T06:33:03.844+0000] {processor.py:826} INFO - Processing file /opt/airflow/dags/dags_python_with_op_args.py for tasks to queue
[2023-08-27T06:33:03.845+0000] {logging_mixin.py:150} INFO - [2023-08-27T06:33:03.845+0000] {dagbag.py:541} INFO - Filling up the DagBag from /opt/airflow/dags/dags_python_with_op_args.py
[2023-08-27T06:33:03.901+0000] {processor.py:836} INFO - DAG(s) dict_keys(['dags_python_with_op_args']) retrieved from /opt/airflow/dags/dags_python_with_op_args.py
[2023-08-27T06:33:03.922+0000] {logging_mixin.py:150} INFO - [2023-08-27T06:33:03.922+0000] {dag.py:2742} INFO - Sync 1 DAGs
[2023-08-27T06:33:03.948+0000] {logging_mixin.py:150} INFO - [2023-08-27T06:33:03.948+0000] {dag.py:3508} INFO - Setting next_dagrun for dags_python_with_op_args to 2023-08-27T06:30:00+00:00, run_after=2023-08-28T06:30:00+00:00
[2023-08-27T06:33:04.015+0000] {processor.py:179} INFO - Processing /opt/airflow/dags/dags_python_with_op_args.py took 0.174 seconds
[2023-08-27T06:33:34.135+0000] {processor.py:157} INFO - Started process (PID=2285) to work on /opt/airflow/dags/dags_python_with_op_args.py
[2023-08-27T06:33:34.136+0000] {processor.py:826} INFO - Processing file /opt/airflow/dags/dags_python_with_op_args.py for tasks to queue
[2023-08-27T06:33:34.137+0000] {logging_mixin.py:150} INFO - [2023-08-27T06:33:34.136+0000] {dagbag.py:541} INFO - Filling up the DagBag from /opt/airflow/dags/dags_python_with_op_args.py
[2023-08-27T06:33:34.215+0000] {processor.py:836} INFO - DAG(s) dict_keys(['dags_python_with_op_args']) retrieved from /opt/airflow/dags/dags_python_with_op_args.py
[2023-08-27T06:33:34.235+0000] {logging_mixin.py:150} INFO - [2023-08-27T06:33:34.235+0000] {dag.py:2742} INFO - Sync 1 DAGs
[2023-08-27T06:33:34.261+0000] {logging_mixin.py:150} INFO - [2023-08-27T06:33:34.261+0000] {dag.py:3508} INFO - Setting next_dagrun for dags_python_with_op_args to 2023-08-27T06:30:00+00:00, run_after=2023-08-28T06:30:00+00:00
[2023-08-27T06:33:34.301+0000] {processor.py:179} INFO - Processing /opt/airflow/dags/dags_python_with_op_args.py took 0.170 seconds
[2023-08-27T06:34:04.660+0000] {processor.py:157} INFO - Started process (PID=2365) to work on /opt/airflow/dags/dags_python_with_op_args.py
[2023-08-27T06:34:04.661+0000] {processor.py:826} INFO - Processing file /opt/airflow/dags/dags_python_with_op_args.py for tasks to queue
[2023-08-27T06:34:04.662+0000] {logging_mixin.py:150} INFO - [2023-08-27T06:34:04.662+0000] {dagbag.py:541} INFO - Filling up the DagBag from /opt/airflow/dags/dags_python_with_op_args.py
[2023-08-27T06:34:04.725+0000] {processor.py:836} INFO - DAG(s) dict_keys(['dags_python_with_op_args']) retrieved from /opt/airflow/dags/dags_python_with_op_args.py
[2023-08-27T06:34:04.745+0000] {logging_mixin.py:150} INFO - [2023-08-27T06:34:04.745+0000] {dag.py:2742} INFO - Sync 1 DAGs
[2023-08-27T06:34:04.774+0000] {logging_mixin.py:150} INFO - [2023-08-27T06:34:04.774+0000] {dag.py:3508} INFO - Setting next_dagrun for dags_python_with_op_args to 2023-08-27T06:30:00+00:00, run_after=2023-08-28T06:30:00+00:00
[2023-08-27T06:34:04.812+0000] {processor.py:179} INFO - Processing /opt/airflow/dags/dags_python_with_op_args.py took 0.156 seconds
[2023-08-27T06:34:35.450+0000] {processor.py:157} INFO - Started process (PID=2446) to work on /opt/airflow/dags/dags_python_with_op_args.py
[2023-08-27T06:34:35.451+0000] {processor.py:826} INFO - Processing file /opt/airflow/dags/dags_python_with_op_args.py for tasks to queue
[2023-08-27T06:34:35.453+0000] {logging_mixin.py:150} INFO - [2023-08-27T06:34:35.453+0000] {dagbag.py:541} INFO - Filling up the DagBag from /opt/airflow/dags/dags_python_with_op_args.py
[2023-08-27T06:34:35.512+0000] {processor.py:836} INFO - DAG(s) dict_keys(['dags_python_with_op_args']) retrieved from /opt/airflow/dags/dags_python_with_op_args.py
[2023-08-27T06:34:35.535+0000] {logging_mixin.py:150} INFO - [2023-08-27T06:34:35.535+0000] {dag.py:2742} INFO - Sync 1 DAGs
[2023-08-27T06:34:35.574+0000] {logging_mixin.py:150} INFO - [2023-08-27T06:34:35.574+0000] {dag.py:3508} INFO - Setting next_dagrun for dags_python_with_op_args to 2023-08-27T06:30:00+00:00, run_after=2023-08-28T06:30:00+00:00
[2023-08-27T06:34:35.625+0000] {processor.py:179} INFO - Processing /opt/airflow/dags/dags_python_with_op_args.py took 0.178 seconds
[2023-08-27T06:35:05.681+0000] {processor.py:157} INFO - Started process (PID=2526) to work on /opt/airflow/dags/dags_python_with_op_args.py
[2023-08-27T06:35:05.682+0000] {processor.py:826} INFO - Processing file /opt/airflow/dags/dags_python_with_op_args.py for tasks to queue
[2023-08-27T06:35:05.682+0000] {logging_mixin.py:150} INFO - [2023-08-27T06:35:05.682+0000] {dagbag.py:541} INFO - Filling up the DagBag from /opt/airflow/dags/dags_python_with_op_args.py
[2023-08-27T06:35:05.735+0000] {processor.py:836} INFO - DAG(s) dict_keys(['dags_python_with_op_args']) retrieved from /opt/airflow/dags/dags_python_with_op_args.py
[2023-08-27T06:35:05.754+0000] {logging_mixin.py:150} INFO - [2023-08-27T06:35:05.754+0000] {dag.py:2742} INFO - Sync 1 DAGs
[2023-08-27T06:35:05.784+0000] {logging_mixin.py:150} INFO - [2023-08-27T06:35:05.784+0000] {dag.py:3508} INFO - Setting next_dagrun for dags_python_with_op_args to 2023-08-27T06:30:00+00:00, run_after=2023-08-28T06:30:00+00:00
[2023-08-27T06:35:05.829+0000] {processor.py:179} INFO - Processing /opt/airflow/dags/dags_python_with_op_args.py took 0.151 seconds
[2023-08-27T06:35:36.052+0000] {processor.py:157} INFO - Started process (PID=2606) to work on /opt/airflow/dags/dags_python_with_op_args.py
[2023-08-27T06:35:36.053+0000] {processor.py:826} INFO - Processing file /opt/airflow/dags/dags_python_with_op_args.py for tasks to queue
[2023-08-27T06:35:36.054+0000] {logging_mixin.py:150} INFO - [2023-08-27T06:35:36.054+0000] {dagbag.py:541} INFO - Filling up the DagBag from /opt/airflow/dags/dags_python_with_op_args.py
[2023-08-27T06:35:36.107+0000] {processor.py:836} INFO - DAG(s) dict_keys(['dags_python_with_op_args']) retrieved from /opt/airflow/dags/dags_python_with_op_args.py
[2023-08-27T06:35:36.125+0000] {logging_mixin.py:150} INFO - [2023-08-27T06:35:36.125+0000] {dag.py:2742} INFO - Sync 1 DAGs
[2023-08-27T06:35:36.150+0000] {logging_mixin.py:150} INFO - [2023-08-27T06:35:36.150+0000] {dag.py:3508} INFO - Setting next_dagrun for dags_python_with_op_args to 2023-08-27T06:30:00+00:00, run_after=2023-08-28T06:30:00+00:00
[2023-08-27T06:35:36.223+0000] {processor.py:179} INFO - Processing /opt/airflow/dags/dags_python_with_op_args.py took 0.173 seconds
[2023-08-27T06:36:06.628+0000] {processor.py:157} INFO - Started process (PID=2686) to work on /opt/airflow/dags/dags_python_with_op_args.py
[2023-08-27T06:36:06.629+0000] {processor.py:826} INFO - Processing file /opt/airflow/dags/dags_python_with_op_args.py for tasks to queue
[2023-08-27T06:36:06.630+0000] {logging_mixin.py:150} INFO - [2023-08-27T06:36:06.630+0000] {dagbag.py:541} INFO - Filling up the DagBag from /opt/airflow/dags/dags_python_with_op_args.py
[2023-08-27T06:36:06.679+0000] {processor.py:836} INFO - DAG(s) dict_keys(['dags_python_with_op_args']) retrieved from /opt/airflow/dags/dags_python_with_op_args.py
[2023-08-27T06:36:06.697+0000] {logging_mixin.py:150} INFO - [2023-08-27T06:36:06.697+0000] {dag.py:2742} INFO - Sync 1 DAGs
[2023-08-27T06:36:06.724+0000] {logging_mixin.py:150} INFO - [2023-08-27T06:36:06.724+0000] {dag.py:3508} INFO - Setting next_dagrun for dags_python_with_op_args to 2023-08-27T06:30:00+00:00, run_after=2023-08-28T06:30:00+00:00
[2023-08-27T06:36:06.760+0000] {processor.py:179} INFO - Processing /opt/airflow/dags/dags_python_with_op_args.py took 0.135 seconds
[2023-08-27T06:36:37.150+0000] {processor.py:157} INFO - Started process (PID=2766) to work on /opt/airflow/dags/dags_python_with_op_args.py
[2023-08-27T06:36:37.151+0000] {processor.py:826} INFO - Processing file /opt/airflow/dags/dags_python_with_op_args.py for tasks to queue
[2023-08-27T06:36:37.152+0000] {logging_mixin.py:150} INFO - [2023-08-27T06:36:37.152+0000] {dagbag.py:541} INFO - Filling up the DagBag from /opt/airflow/dags/dags_python_with_op_args.py
[2023-08-27T06:36:37.213+0000] {processor.py:836} INFO - DAG(s) dict_keys(['dags_python_with_op_args']) retrieved from /opt/airflow/dags/dags_python_with_op_args.py
[2023-08-27T06:36:37.234+0000] {logging_mixin.py:150} INFO - [2023-08-27T06:36:37.234+0000] {dag.py:2742} INFO - Sync 1 DAGs
[2023-08-27T06:36:37.265+0000] {logging_mixin.py:150} INFO - [2023-08-27T06:36:37.265+0000] {dag.py:3508} INFO - Setting next_dagrun for dags_python_with_op_args to 2023-08-27T06:30:00+00:00, run_after=2023-08-28T06:30:00+00:00
[2023-08-27T06:36:37.308+0000] {processor.py:179} INFO - Processing /opt/airflow/dags/dags_python_with_op_args.py took 0.161 seconds
[2023-08-27T06:37:07.573+0000] {processor.py:157} INFO - Started process (PID=2846) to work on /opt/airflow/dags/dags_python_with_op_args.py
[2023-08-27T06:37:07.574+0000] {processor.py:826} INFO - Processing file /opt/airflow/dags/dags_python_with_op_args.py for tasks to queue
[2023-08-27T06:37:07.575+0000] {logging_mixin.py:150} INFO - [2023-08-27T06:37:07.575+0000] {dagbag.py:541} INFO - Filling up the DagBag from /opt/airflow/dags/dags_python_with_op_args.py
[2023-08-27T06:37:07.623+0000] {processor.py:836} INFO - DAG(s) dict_keys(['dags_python_with_op_args']) retrieved from /opt/airflow/dags/dags_python_with_op_args.py
[2023-08-27T06:37:07.643+0000] {logging_mixin.py:150} INFO - [2023-08-27T06:37:07.643+0000] {dag.py:2742} INFO - Sync 1 DAGs
[2023-08-27T06:37:07.669+0000] {logging_mixin.py:150} INFO - [2023-08-27T06:37:07.669+0000] {dag.py:3508} INFO - Setting next_dagrun for dags_python_with_op_args to 2023-08-27T06:30:00+00:00, run_after=2023-08-28T06:30:00+00:00
[2023-08-27T06:37:07.725+0000] {processor.py:179} INFO - Processing /opt/airflow/dags/dags_python_with_op_args.py took 0.154 seconds
