[2023-09-30T07:47:55.521+0000] {logging_mixin.py:150} INFO - Changing /opt/***/logs/dag_id=dags_python_show_templates/run_id=scheduled__2023-09-02T09:30:00+00:00/task_id=python_task permission to 509
[2023-09-30T07:47:55.526+0000] {logging_mixin.py:150} INFO - Failed to change /opt/***/logs/dag_id=dags_python_show_templates/run_id=scheduled__2023-09-02T09:30:00+00:00/task_id=python_task permission to 509: [Errno 1] Operation not permitted: '/opt/***/logs/dag_id=dags_python_show_templates/run_id=scheduled__2023-09-02T09:30:00+00:00/task_id=python_task'
[2023-09-30T07:47:55.741+0000] {logging_mixin.py:150} INFO - Changing /opt/***/logs/dag_id=dags_python_show_templates/run_id=scheduled__2023-09-02T09:30:00+00:00/task_id=python_task permission to 509
[2023-09-30T07:47:55.757+0000] {logging_mixin.py:150} INFO - Failed to change /opt/***/logs/dag_id=dags_python_show_templates/run_id=scheduled__2023-09-02T09:30:00+00:00/task_id=python_task permission to 509: [Errno 1] Operation not permitted: '/opt/***/logs/dag_id=dags_python_show_templates/run_id=scheduled__2023-09-02T09:30:00+00:00/task_id=python_task'
[2023-09-30T07:47:56.109+0000] {taskinstance.py:1103} INFO - Dependencies all met for dep_context=non-requeueable deps ti=<TaskInstance: dags_python_show_templates.python_task scheduled__2023-09-02T09:30:00+00:00 [queued]>
[2023-09-30T07:47:56.135+0000] {taskinstance.py:1103} INFO - Dependencies all met for dep_context=requeueable deps ti=<TaskInstance: dags_python_show_templates.python_task scheduled__2023-09-02T09:30:00+00:00 [queued]>
[2023-09-30T07:47:56.138+0000] {taskinstance.py:1308} INFO - Starting attempt 1 of 1
[2023-09-30T07:47:56.204+0000] {taskinstance.py:1327} INFO - Executing <Task(_PythonDecoratedOperator): python_task> on 2023-09-02 09:30:00+00:00
[2023-09-30T07:47:56.223+0000] {standard_task_runner.py:57} INFO - Started process 169 to run task
[2023-09-30T07:47:56.234+0000] {standard_task_runner.py:84} INFO - Running: ['***', 'tasks', 'run', 'dags_python_show_templates', 'python_task', 'scheduled__2023-09-02T09:30:00+00:00', '--job-id', '260', '--raw', '--subdir', 'DAGS_FOLDER/dags_python_show_templates.py', '--cfg-path', '/tmp/tmp6wbl7xbt']
[2023-09-30T07:47:56.240+0000] {standard_task_runner.py:85} INFO - Job 260: Subtask python_task
[2023-09-30T07:47:56.406+0000] {logging_mixin.py:150} INFO - Changing /opt/***/logs/dag_id=dags_python_show_templates/run_id=scheduled__2023-09-02T09:30:00+00:00/task_id=python_task permission to 509
[2023-09-30T07:47:56.418+0000] {logging_mixin.py:150} INFO - Failed to change /opt/***/logs/dag_id=dags_python_show_templates/run_id=scheduled__2023-09-02T09:30:00+00:00/task_id=python_task permission to 509: [Errno 1] Operation not permitted: '/opt/***/logs/dag_id=dags_python_show_templates/run_id=scheduled__2023-09-02T09:30:00+00:00/task_id=python_task'
[2023-09-30T07:47:56.463+0000] {task_command.py:410} INFO - Running <TaskInstance: dags_python_show_templates.python_task scheduled__2023-09-02T09:30:00+00:00 [running]> on host 07fcf706bef2
[2023-09-30T07:47:56.906+0000] {taskinstance.py:1547} INFO - Exporting env vars: AIRFLOW_CTX_DAG_OWNER='***' AIRFLOW_CTX_DAG_ID='dags_python_show_templates' AIRFLOW_CTX_TASK_ID='python_task' AIRFLOW_CTX_EXECUTION_DATE='2023-09-02T09:30:00+00:00' AIRFLOW_CTX_TRY_NUMBER='1' AIRFLOW_CTX_DAG_RUN_ID='scheduled__2023-09-02T09:30:00+00:00'
[2023-09-30T07:47:56.915+0000] {warnings.py:110} WARNING - /home/***/.local/lib/python3.7/site-packages/***/utils/context.py:313: AirflowContextDeprecationWarning: Accessing 'execution_date' from the template is deprecated and will be removed in a future version. Please use 'data_interval_start' or 'logical_date' instead.
  warnings.warn(_create_deprecation_warning(k, replacements))

[2023-09-30T07:47:56.917+0000] {warnings.py:110} WARNING - /home/***/.local/lib/python3.7/site-packages/***/utils/context.py:313: AirflowContextDeprecationWarning: Accessing 'next_ds' from the template is deprecated and will be removed in a future version. Please use '{{ data_interval_end | ds }}' instead.
  warnings.warn(_create_deprecation_warning(k, replacements))

[2023-09-30T07:47:56.920+0000] {warnings.py:110} WARNING - /home/***/.local/lib/python3.7/site-packages/***/utils/context.py:313: AirflowContextDeprecationWarning: Accessing 'next_ds_nodash' from the template is deprecated and will be removed in a future version. Please use '{{ data_interval_end | ds_nodash }}' instead.
  warnings.warn(_create_deprecation_warning(k, replacements))

[2023-09-30T07:47:56.924+0000] {warnings.py:110} WARNING - /home/***/.local/lib/python3.7/site-packages/***/utils/context.py:313: AirflowContextDeprecationWarning: Accessing 'next_execution_date' from the template is deprecated and will be removed in a future version. Please use 'data_interval_end' instead.
  warnings.warn(_create_deprecation_warning(k, replacements))

[2023-09-30T07:47:56.926+0000] {warnings.py:110} WARNING - /home/***/.local/lib/python3.7/site-packages/***/utils/context.py:313: AirflowContextDeprecationWarning: Accessing 'prev_ds' from the template is deprecated and will be removed in a future version.
  warnings.warn(_create_deprecation_warning(k, replacements))

[2023-09-30T07:47:56.927+0000] {warnings.py:110} WARNING - /home/***/.local/lib/python3.7/site-packages/***/utils/context.py:313: AirflowContextDeprecationWarning: Accessing 'prev_ds_nodash' from the template is deprecated and will be removed in a future version.
  warnings.warn(_create_deprecation_warning(k, replacements))

[2023-09-30T07:47:56.929+0000] {warnings.py:110} WARNING - /home/***/.local/lib/python3.7/site-packages/***/utils/context.py:313: AirflowContextDeprecationWarning: Accessing 'prev_execution_date' from the template is deprecated and will be removed in a future version.
  warnings.warn(_create_deprecation_warning(k, replacements))

[2023-09-30T07:47:56.930+0000] {warnings.py:110} WARNING - /home/***/.local/lib/python3.7/site-packages/***/utils/context.py:313: AirflowContextDeprecationWarning: Accessing 'prev_execution_date_success' from the template is deprecated and will be removed in a future version. Please use 'prev_data_interval_start_success' instead.
  warnings.warn(_create_deprecation_warning(k, replacements))

[2023-09-30T07:47:56.932+0000] {warnings.py:110} WARNING - /home/***/.local/lib/python3.7/site-packages/***/utils/context.py:313: AirflowContextDeprecationWarning: Accessing 'tomorrow_ds' from the template is deprecated and will be removed in a future version.
  warnings.warn(_create_deprecation_warning(k, replacements))

[2023-09-30T07:47:56.933+0000] {warnings.py:110} WARNING - /home/***/.local/lib/python3.7/site-packages/***/utils/context.py:313: AirflowContextDeprecationWarning: Accessing 'tomorrow_ds_nodash' from the template is deprecated and will be removed in a future version.
  warnings.warn(_create_deprecation_warning(k, replacements))

[2023-09-30T07:47:56.958+0000] {warnings.py:110} WARNING - /home/***/.local/lib/python3.7/site-packages/***/utils/context.py:313: AirflowContextDeprecationWarning: Accessing 'yesterday_ds' from the template is deprecated and will be removed in a future version.
  warnings.warn(_create_deprecation_warning(k, replacements))

[2023-09-30T07:47:56.959+0000] {warnings.py:110} WARNING - /home/***/.local/lib/python3.7/site-packages/***/utils/context.py:313: AirflowContextDeprecationWarning: Accessing 'yesterday_ds_nodash' from the template is deprecated and will be removed in a future version.
  warnings.warn(_create_deprecation_warning(k, replacements))

[2023-09-30T07:47:56.960+0000] {logging_mixin.py:150} INFO - {'conf': <***.configuration.AirflowConfigParser object at 0x7fb892775dd0>,
 'conn': None,
 'dag': <DAG: dags_python_show_templates>,
 'dag_run': <DagRun dags_python_show_templates @ 2023-09-02 09:30:00+00:00: scheduled__2023-09-02T09:30:00+00:00, state:running, queued_at: 2023-09-30 07:47:43.742040+00:00. externally triggered: False>,
 'data_interval_end': DateTime(2023, 9, 3, 9, 30, 0, tzinfo=Timezone('UTC')),
 'data_interval_start': DateTime(2023, 9, 2, 9, 30, 0, tzinfo=Timezone('UTC')),
 'ds': '2023-09-02',
 'ds_nodash': '20230902',
 'execution_date': <Proxy at 0x7fb874082b90 with factory functools.partial(<function lazy_mapping_from_context.<locals>._deprecated_proxy_factory at 0x7fb8740dc9e0>, 'execution_date', DateTime(2023, 9, 2, 9, 30, 0, tzinfo=Timezone('UTC')))>,
 'expanded_ti_count': None,
 'inlets': [],
 'logical_date': DateTime(2023, 9, 2, 9, 30, 0, tzinfo=Timezone('UTC')),
 'macros': <module '***.macros' from '/home/***/.local/lib/python3.7/site-packages/***/macros/__init__.py'>,
 'next_ds': <Proxy at 0x7fb874082c30 with factory functools.partial(<function lazy_mapping_from_context.<locals>._deprecated_proxy_factory at 0x7fb8740dc9e0>, 'next_ds', '2023-09-03')>,
 'next_ds_nodash': <Proxy at 0x7fb874082c80 with factory functools.partial(<function lazy_mapping_from_context.<locals>._deprecated_proxy_factory at 0x7fb8740dc9e0>, 'next_ds_nodash', '20230903')>,
 'next_execution_date': <Proxy at 0x7fb874082d20 with factory functools.partial(<function lazy_mapping_from_context.<locals>._deprecated_proxy_factory at 0x7fb8740dc9e0>, 'next_execution_date', DateTime(2023, 9, 3, 9, 30, 0, tzinfo=Timezone('UTC')))>,
 'outlets': [],
 'params': {},
 'prev_data_interval_end_success': DateTime(2023, 9, 2, 9, 30, 0, tzinfo=Timezone('UTC')),
 'prev_data_interval_start_success': DateTime(2023, 9, 1, 9, 30, 0, tzinfo=Timezone('UTC')),
 'prev_ds': <Proxy at 0x7fb874082d70 with factory functools.partial(<function lazy_mapping_from_context.<locals>._deprecated_proxy_factory at 0x7fb8740dc9e0>, 'prev_ds', '2023-09-01')>,
 'prev_ds_nodash': <Proxy at 0x7fb874082dc0 with factory functools.partial(<function lazy_mapping_from_context.<locals>._deprecated_proxy_factory at 0x7fb8740dc9e0>, 'prev_ds_nodash', '20230901')>,
 'prev_execution_date': <Proxy at 0x7fb874082e10 with factory functools.partial(<function lazy_mapping_from_context.<locals>._deprecated_proxy_factory at 0x7fb8740dc9e0>, 'prev_execution_date', DateTime(2023, 9, 1, 9, 30, 0, tzinfo=Timezone('UTC')))>,
 'prev_execution_date_success': <Proxy at 0x7fb874082e60 with factory functools.partial(<function lazy_mapping_from_context.<locals>._deprecated_proxy_factory at 0x7fb8740dc9e0>, 'prev_execution_date_success', DateTime(2023, 9, 1, 9, 30, 0, tzinfo=Timezone('UTC')))>,
 'prev_start_date_success': DateTime(2023, 9, 30, 7, 47, 43, 86656, tzinfo=Timezone('UTC')),
 'run_id': 'scheduled__2023-09-02T09:30:00+00:00',
 'task': <Task(_PythonDecoratedOperator): python_task>,
 'task_instance': <TaskInstance: dags_python_show_templates.python_task scheduled__2023-09-02T09:30:00+00:00 [running]>,
 'task_instance_key_str': 'dags_python_show_templates__python_task__20230902',
 'templates_dict': None,
 'test_mode': False,
 'ti': <TaskInstance: dags_python_show_templates.python_task scheduled__2023-09-02T09:30:00+00:00 [running]>,
 'tomorrow_ds': <Proxy at 0x7fb874082eb0 with factory functools.partial(<function lazy_mapping_from_context.<locals>._deprecated_proxy_factory at 0x7fb8740dc9e0>, 'tomorrow_ds', '2023-09-03')>,
 'tomorrow_ds_nodash': <Proxy at 0x7fb874082f00 with factory functools.partial(<function lazy_mapping_from_context.<locals>._deprecated_proxy_factory at 0x7fb8740dc9e0>, 'tomorrow_ds_nodash', '20230903')>,
 'triggering_dataset_events': {},
 'ts': '2023-09-02T09:30:00+00:00',
 'ts_nodash': '20230902T093000',
 'ts_nodash_with_tz': '20230902T093000+0000',
 'var': {'json': None, 'value': None},
 'yesterday_ds': <Proxy at 0x7fb874082f50 with factory functools.partial(<function lazy_mapping_from_context.<locals>._deprecated_proxy_factory at 0x7fb8740dc9e0>, 'yesterday_ds', '2023-09-01')>,
 'yesterday_ds_nodash': <Proxy at 0x7fb874082fa0 with factory functools.partial(<function lazy_mapping_from_context.<locals>._deprecated_proxy_factory at 0x7fb8740dc9e0>, 'yesterday_ds_nodash', '20230901')>}
[2023-09-30T07:47:56.962+0000] {python.py:183} INFO - Done. Returned value was: None
[2023-09-30T07:47:56.988+0000] {taskinstance.py:1350} INFO - Marking task as SUCCESS. dag_id=dags_python_show_templates, task_id=python_task, execution_date=20230902T093000, start_date=20230930T074756, end_date=20230930T074756
[2023-09-30T07:47:57.086+0000] {local_task_job_runner.py:225} INFO - Task exited with return code 0
[2023-09-30T07:47:57.654+0000] {taskinstance.py:2653} INFO - 0 downstream tasks scheduled from follow-on schedule check
