[2023-08-26T02:01:25.609+0000] {processor.py:157} INFO - Started process (PID=46) to work on /home/airflow/.local/lib/python3.7/site-packages/airflow/example_dags/example_params_trigger_ui.py
[2023-08-26T02:01:25.611+0000] {processor.py:826} INFO - Processing file /home/airflow/.local/lib/python3.7/site-packages/airflow/example_dags/example_params_trigger_ui.py for tasks to queue
[2023-08-26T02:01:25.612+0000] {logging_mixin.py:150} INFO - [2023-08-26T02:01:25.612+0000] {dagbag.py:541} INFO - Filling up the DagBag from /home/airflow/.local/lib/python3.7/site-packages/airflow/example_dags/example_params_trigger_ui.py
[2023-08-26T02:01:25.640+0000] {processor.py:836} INFO - DAG(s) dict_keys(['example_params_trigger_ui']) retrieved from /home/airflow/.local/lib/python3.7/site-packages/airflow/example_dags/example_params_trigger_ui.py
[2023-08-26T02:01:25.652+0000] {logging_mixin.py:150} INFO - [2023-08-26T02:01:25.652+0000] {dag.py:2742} INFO - Sync 1 DAGs
[2023-08-26T02:01:25.791+0000] {logging_mixin.py:150} INFO - [2023-08-26T02:01:25.791+0000] {dag.py:3508} INFO - Setting next_dagrun for example_params_trigger_ui to None, run_after=None
[2023-08-26T02:01:25.832+0000] {processor.py:179} INFO - Processing /home/airflow/.local/lib/python3.7/site-packages/airflow/example_dags/example_params_trigger_ui.py took 0.226 seconds
[2023-08-26T02:01:55.937+0000] {processor.py:157} INFO - Started process (PID=125) to work on /home/airflow/.local/lib/python3.7/site-packages/airflow/example_dags/example_params_trigger_ui.py
[2023-08-26T02:01:55.938+0000] {processor.py:826} INFO - Processing file /home/airflow/.local/lib/python3.7/site-packages/airflow/example_dags/example_params_trigger_ui.py for tasks to queue
[2023-08-26T02:01:55.939+0000] {logging_mixin.py:150} INFO - [2023-08-26T02:01:55.939+0000] {dagbag.py:541} INFO - Filling up the DagBag from /home/airflow/.local/lib/python3.7/site-packages/airflow/example_dags/example_params_trigger_ui.py
[2023-08-26T02:01:55.963+0000] {processor.py:836} INFO - DAG(s) dict_keys(['example_params_trigger_ui']) retrieved from /home/airflow/.local/lib/python3.7/site-packages/airflow/example_dags/example_params_trigger_ui.py
[2023-08-26T02:01:56.060+0000] {logging_mixin.py:150} INFO - [2023-08-26T02:01:56.060+0000] {dag.py:2742} INFO - Sync 1 DAGs
[2023-08-26T02:01:56.087+0000] {logging_mixin.py:150} INFO - [2023-08-26T02:01:56.087+0000] {dag.py:3508} INFO - Setting next_dagrun for example_params_trigger_ui to None, run_after=None
[2023-08-26T02:01:56.180+0000] {processor.py:179} INFO - Processing /home/airflow/.local/lib/python3.7/site-packages/airflow/example_dags/example_params_trigger_ui.py took 0.247 seconds
[2023-08-26T02:02:26.444+0000] {processor.py:157} INFO - Started process (PID=204) to work on /home/airflow/.local/lib/python3.7/site-packages/airflow/example_dags/example_params_trigger_ui.py
[2023-08-26T02:02:26.445+0000] {processor.py:826} INFO - Processing file /home/airflow/.local/lib/python3.7/site-packages/airflow/example_dags/example_params_trigger_ui.py for tasks to queue
[2023-08-26T02:02:26.447+0000] {logging_mixin.py:150} INFO - [2023-08-26T02:02:26.446+0000] {dagbag.py:541} INFO - Filling up the DagBag from /home/airflow/.local/lib/python3.7/site-packages/airflow/example_dags/example_params_trigger_ui.py
[2023-08-26T02:02:26.472+0000] {processor.py:836} INFO - DAG(s) dict_keys(['example_params_trigger_ui']) retrieved from /home/airflow/.local/lib/python3.7/site-packages/airflow/example_dags/example_params_trigger_ui.py
[2023-08-26T02:02:26.597+0000] {logging_mixin.py:150} INFO - [2023-08-26T02:02:26.597+0000] {dag.py:2742} INFO - Sync 1 DAGs
[2023-08-26T02:02:26.633+0000] {logging_mixin.py:150} INFO - [2023-08-26T02:02:26.633+0000] {dag.py:3508} INFO - Setting next_dagrun for example_params_trigger_ui to None, run_after=None
[2023-08-26T02:02:26.678+0000] {processor.py:179} INFO - Processing /home/airflow/.local/lib/python3.7/site-packages/airflow/example_dags/example_params_trigger_ui.py took 0.239 seconds
[2023-08-26T02:02:57.076+0000] {processor.py:157} INFO - Started process (PID=283) to work on /home/airflow/.local/lib/python3.7/site-packages/airflow/example_dags/example_params_trigger_ui.py
[2023-08-26T02:02:57.078+0000] {processor.py:826} INFO - Processing file /home/airflow/.local/lib/python3.7/site-packages/airflow/example_dags/example_params_trigger_ui.py for tasks to queue
[2023-08-26T02:02:57.079+0000] {logging_mixin.py:150} INFO - [2023-08-26T02:02:57.079+0000] {dagbag.py:541} INFO - Filling up the DagBag from /home/airflow/.local/lib/python3.7/site-packages/airflow/example_dags/example_params_trigger_ui.py
[2023-08-26T02:02:57.106+0000] {processor.py:836} INFO - DAG(s) dict_keys(['example_params_trigger_ui']) retrieved from /home/airflow/.local/lib/python3.7/site-packages/airflow/example_dags/example_params_trigger_ui.py
[2023-08-26T02:02:57.218+0000] {logging_mixin.py:150} INFO - [2023-08-26T02:02:57.217+0000] {dag.py:2742} INFO - Sync 1 DAGs
[2023-08-26T02:02:57.255+0000] {logging_mixin.py:150} INFO - [2023-08-26T02:02:57.255+0000] {dag.py:3508} INFO - Setting next_dagrun for example_params_trigger_ui to None, run_after=None
[2023-08-26T02:02:57.372+0000] {processor.py:179} INFO - Processing /home/airflow/.local/lib/python3.7/site-packages/airflow/example_dags/example_params_trigger_ui.py took 0.301 seconds
[2023-08-26T02:03:28.054+0000] {processor.py:157} INFO - Started process (PID=362) to work on /home/airflow/.local/lib/python3.7/site-packages/airflow/example_dags/example_params_trigger_ui.py
[2023-08-26T02:03:28.055+0000] {processor.py:826} INFO - Processing file /home/airflow/.local/lib/python3.7/site-packages/airflow/example_dags/example_params_trigger_ui.py for tasks to queue
[2023-08-26T02:03:28.056+0000] {logging_mixin.py:150} INFO - [2023-08-26T02:03:28.056+0000] {dagbag.py:541} INFO - Filling up the DagBag from /home/airflow/.local/lib/python3.7/site-packages/airflow/example_dags/example_params_trigger_ui.py
[2023-08-26T02:03:28.081+0000] {processor.py:836} INFO - DAG(s) dict_keys(['example_params_trigger_ui']) retrieved from /home/airflow/.local/lib/python3.7/site-packages/airflow/example_dags/example_params_trigger_ui.py
[2023-08-26T02:03:28.180+0000] {logging_mixin.py:150} INFO - [2023-08-26T02:03:28.180+0000] {dag.py:2742} INFO - Sync 1 DAGs
[2023-08-26T02:03:28.211+0000] {logging_mixin.py:150} INFO - [2023-08-26T02:03:28.211+0000] {dag.py:3508} INFO - Setting next_dagrun for example_params_trigger_ui to None, run_after=None
[2023-08-26T02:03:28.312+0000] {processor.py:179} INFO - Processing /home/airflow/.local/lib/python3.7/site-packages/airflow/example_dags/example_params_trigger_ui.py took 0.262 seconds
[2023-08-26T02:03:58.652+0000] {processor.py:157} INFO - Started process (PID=441) to work on /home/airflow/.local/lib/python3.7/site-packages/airflow/example_dags/example_params_trigger_ui.py
[2023-08-26T02:03:58.653+0000] {processor.py:826} INFO - Processing file /home/airflow/.local/lib/python3.7/site-packages/airflow/example_dags/example_params_trigger_ui.py for tasks to queue
[2023-08-26T02:03:58.654+0000] {logging_mixin.py:150} INFO - [2023-08-26T02:03:58.654+0000] {dagbag.py:541} INFO - Filling up the DagBag from /home/airflow/.local/lib/python3.7/site-packages/airflow/example_dags/example_params_trigger_ui.py
[2023-08-26T02:03:58.678+0000] {processor.py:836} INFO - DAG(s) dict_keys(['example_params_trigger_ui']) retrieved from /home/airflow/.local/lib/python3.7/site-packages/airflow/example_dags/example_params_trigger_ui.py
[2023-08-26T02:03:58.779+0000] {logging_mixin.py:150} INFO - [2023-08-26T02:03:58.779+0000] {dag.py:2742} INFO - Sync 1 DAGs
[2023-08-26T02:03:58.821+0000] {logging_mixin.py:150} INFO - [2023-08-26T02:03:58.821+0000] {dag.py:3508} INFO - Setting next_dagrun for example_params_trigger_ui to None, run_after=None
[2023-08-26T02:03:58.869+0000] {processor.py:179} INFO - Processing /home/airflow/.local/lib/python3.7/site-packages/airflow/example_dags/example_params_trigger_ui.py took 0.221 seconds
[2023-08-26T02:04:29.419+0000] {processor.py:157} INFO - Started process (PID=520) to work on /home/airflow/.local/lib/python3.7/site-packages/airflow/example_dags/example_params_trigger_ui.py
[2023-08-26T02:04:29.420+0000] {processor.py:826} INFO - Processing file /home/airflow/.local/lib/python3.7/site-packages/airflow/example_dags/example_params_trigger_ui.py for tasks to queue
[2023-08-26T02:04:29.421+0000] {logging_mixin.py:150} INFO - [2023-08-26T02:04:29.421+0000] {dagbag.py:541} INFO - Filling up the DagBag from /home/airflow/.local/lib/python3.7/site-packages/airflow/example_dags/example_params_trigger_ui.py
[2023-08-26T02:04:29.447+0000] {processor.py:836} INFO - DAG(s) dict_keys(['example_params_trigger_ui']) retrieved from /home/airflow/.local/lib/python3.7/site-packages/airflow/example_dags/example_params_trigger_ui.py
[2023-08-26T02:04:29.552+0000] {logging_mixin.py:150} INFO - [2023-08-26T02:04:29.552+0000] {dag.py:2742} INFO - Sync 1 DAGs
[2023-08-26T02:04:29.582+0000] {logging_mixin.py:150} INFO - [2023-08-26T02:04:29.582+0000] {dag.py:3508} INFO - Setting next_dagrun for example_params_trigger_ui to None, run_after=None
[2023-08-26T02:04:29.622+0000] {processor.py:179} INFO - Processing /home/airflow/.local/lib/python3.7/site-packages/airflow/example_dags/example_params_trigger_ui.py took 0.206 seconds
[2023-08-26T02:04:59.948+0000] {processor.py:157} INFO - Started process (PID=599) to work on /home/airflow/.local/lib/python3.7/site-packages/airflow/example_dags/example_params_trigger_ui.py
[2023-08-26T02:04:59.949+0000] {processor.py:826} INFO - Processing file /home/airflow/.local/lib/python3.7/site-packages/airflow/example_dags/example_params_trigger_ui.py for tasks to queue
[2023-08-26T02:04:59.950+0000] {logging_mixin.py:150} INFO - [2023-08-26T02:04:59.950+0000] {dagbag.py:541} INFO - Filling up the DagBag from /home/airflow/.local/lib/python3.7/site-packages/airflow/example_dags/example_params_trigger_ui.py
[2023-08-26T02:04:59.974+0000] {processor.py:836} INFO - DAG(s) dict_keys(['example_params_trigger_ui']) retrieved from /home/airflow/.local/lib/python3.7/site-packages/airflow/example_dags/example_params_trigger_ui.py
[2023-08-26T02:05:00.084+0000] {logging_mixin.py:150} INFO - [2023-08-26T02:05:00.084+0000] {dag.py:2742} INFO - Sync 1 DAGs
[2023-08-26T02:05:00.110+0000] {logging_mixin.py:150} INFO - [2023-08-26T02:05:00.110+0000] {dag.py:3508} INFO - Setting next_dagrun for example_params_trigger_ui to None, run_after=None
[2023-08-26T02:05:00.149+0000] {processor.py:179} INFO - Processing /home/airflow/.local/lib/python3.7/site-packages/airflow/example_dags/example_params_trigger_ui.py took 0.205 seconds
[2023-08-26T02:05:30.211+0000] {processor.py:157} INFO - Started process (PID=678) to work on /home/airflow/.local/lib/python3.7/site-packages/airflow/example_dags/example_params_trigger_ui.py
[2023-08-26T02:05:30.213+0000] {processor.py:826} INFO - Processing file /home/airflow/.local/lib/python3.7/site-packages/airflow/example_dags/example_params_trigger_ui.py for tasks to queue
[2023-08-26T02:05:30.214+0000] {logging_mixin.py:150} INFO - [2023-08-26T02:05:30.214+0000] {dagbag.py:541} INFO - Filling up the DagBag from /home/airflow/.local/lib/python3.7/site-packages/airflow/example_dags/example_params_trigger_ui.py
[2023-08-26T02:05:30.239+0000] {processor.py:836} INFO - DAG(s) dict_keys(['example_params_trigger_ui']) retrieved from /home/airflow/.local/lib/python3.7/site-packages/airflow/example_dags/example_params_trigger_ui.py
[2023-08-26T02:05:30.333+0000] {logging_mixin.py:150} INFO - [2023-08-26T02:05:30.333+0000] {dag.py:2742} INFO - Sync 1 DAGs
[2023-08-26T02:05:30.359+0000] {logging_mixin.py:150} INFO - [2023-08-26T02:05:30.359+0000] {dag.py:3508} INFO - Setting next_dagrun for example_params_trigger_ui to None, run_after=None
[2023-08-26T02:05:30.394+0000] {processor.py:179} INFO - Processing /home/airflow/.local/lib/python3.7/site-packages/airflow/example_dags/example_params_trigger_ui.py took 0.186 seconds
[2023-08-26T02:06:00.854+0000] {processor.py:157} INFO - Started process (PID=757) to work on /home/airflow/.local/lib/python3.7/site-packages/airflow/example_dags/example_params_trigger_ui.py
[2023-08-26T02:06:00.855+0000] {processor.py:826} INFO - Processing file /home/airflow/.local/lib/python3.7/site-packages/airflow/example_dags/example_params_trigger_ui.py for tasks to queue
[2023-08-26T02:06:00.856+0000] {logging_mixin.py:150} INFO - [2023-08-26T02:06:00.856+0000] {dagbag.py:541} INFO - Filling up the DagBag from /home/airflow/.local/lib/python3.7/site-packages/airflow/example_dags/example_params_trigger_ui.py
[2023-08-26T02:06:00.880+0000] {processor.py:836} INFO - DAG(s) dict_keys(['example_params_trigger_ui']) retrieved from /home/airflow/.local/lib/python3.7/site-packages/airflow/example_dags/example_params_trigger_ui.py
[2023-08-26T02:06:00.974+0000] {logging_mixin.py:150} INFO - [2023-08-26T02:06:00.974+0000] {dag.py:2742} INFO - Sync 1 DAGs
[2023-08-26T02:06:01.000+0000] {logging_mixin.py:150} INFO - [2023-08-26T02:06:00.999+0000] {dag.py:3508} INFO - Setting next_dagrun for example_params_trigger_ui to None, run_after=None
[2023-08-26T02:06:01.052+0000] {processor.py:179} INFO - Processing /home/airflow/.local/lib/python3.7/site-packages/airflow/example_dags/example_params_trigger_ui.py took 0.203 seconds
[2023-08-26T02:06:31.207+0000] {processor.py:157} INFO - Started process (PID=836) to work on /home/airflow/.local/lib/python3.7/site-packages/airflow/example_dags/example_params_trigger_ui.py
[2023-08-26T02:06:31.209+0000] {processor.py:826} INFO - Processing file /home/airflow/.local/lib/python3.7/site-packages/airflow/example_dags/example_params_trigger_ui.py for tasks to queue
[2023-08-26T02:06:31.211+0000] {logging_mixin.py:150} INFO - [2023-08-26T02:06:31.210+0000] {dagbag.py:541} INFO - Filling up the DagBag from /home/airflow/.local/lib/python3.7/site-packages/airflow/example_dags/example_params_trigger_ui.py
[2023-08-26T02:06:31.237+0000] {processor.py:836} INFO - DAG(s) dict_keys(['example_params_trigger_ui']) retrieved from /home/airflow/.local/lib/python3.7/site-packages/airflow/example_dags/example_params_trigger_ui.py
[2023-08-26T02:06:31.347+0000] {logging_mixin.py:150} INFO - [2023-08-26T02:06:31.347+0000] {dag.py:2742} INFO - Sync 1 DAGs
[2023-08-26T02:06:31.373+0000] {logging_mixin.py:150} INFO - [2023-08-26T02:06:31.373+0000] {dag.py:3508} INFO - Setting next_dagrun for example_params_trigger_ui to None, run_after=None
[2023-08-26T02:06:31.410+0000] {processor.py:179} INFO - Processing /home/airflow/.local/lib/python3.7/site-packages/airflow/example_dags/example_params_trigger_ui.py took 0.207 seconds
[2023-08-26T02:07:01.776+0000] {processor.py:157} INFO - Started process (PID=915) to work on /home/airflow/.local/lib/python3.7/site-packages/airflow/example_dags/example_params_trigger_ui.py
[2023-08-26T02:07:01.778+0000] {processor.py:826} INFO - Processing file /home/airflow/.local/lib/python3.7/site-packages/airflow/example_dags/example_params_trigger_ui.py for tasks to queue
[2023-08-26T02:07:01.779+0000] {logging_mixin.py:150} INFO - [2023-08-26T02:07:01.778+0000] {dagbag.py:541} INFO - Filling up the DagBag from /home/airflow/.local/lib/python3.7/site-packages/airflow/example_dags/example_params_trigger_ui.py
[2023-08-26T02:07:01.803+0000] {processor.py:836} INFO - DAG(s) dict_keys(['example_params_trigger_ui']) retrieved from /home/airflow/.local/lib/python3.7/site-packages/airflow/example_dags/example_params_trigger_ui.py
[2023-08-26T02:07:01.911+0000] {logging_mixin.py:150} INFO - [2023-08-26T02:07:01.911+0000] {dag.py:2742} INFO - Sync 1 DAGs
[2023-08-26T02:07:01.938+0000] {logging_mixin.py:150} INFO - [2023-08-26T02:07:01.938+0000] {dag.py:3508} INFO - Setting next_dagrun for example_params_trigger_ui to None, run_after=None
[2023-08-26T02:07:01.976+0000] {processor.py:179} INFO - Processing /home/airflow/.local/lib/python3.7/site-packages/airflow/example_dags/example_params_trigger_ui.py took 0.204 seconds
[2023-08-26T02:07:32.471+0000] {processor.py:157} INFO - Started process (PID=994) to work on /home/airflow/.local/lib/python3.7/site-packages/airflow/example_dags/example_params_trigger_ui.py
[2023-08-26T02:07:32.472+0000] {processor.py:826} INFO - Processing file /home/airflow/.local/lib/python3.7/site-packages/airflow/example_dags/example_params_trigger_ui.py for tasks to queue
[2023-08-26T02:07:32.473+0000] {logging_mixin.py:150} INFO - [2023-08-26T02:07:32.473+0000] {dagbag.py:541} INFO - Filling up the DagBag from /home/airflow/.local/lib/python3.7/site-packages/airflow/example_dags/example_params_trigger_ui.py
[2023-08-26T02:07:32.496+0000] {processor.py:836} INFO - DAG(s) dict_keys(['example_params_trigger_ui']) retrieved from /home/airflow/.local/lib/python3.7/site-packages/airflow/example_dags/example_params_trigger_ui.py
[2023-08-26T02:07:32.593+0000] {logging_mixin.py:150} INFO - [2023-08-26T02:07:32.592+0000] {dag.py:2742} INFO - Sync 1 DAGs
[2023-08-26T02:07:32.621+0000] {logging_mixin.py:150} INFO - [2023-08-26T02:07:32.621+0000] {dag.py:3508} INFO - Setting next_dagrun for example_params_trigger_ui to None, run_after=None
[2023-08-26T02:07:32.707+0000] {processor.py:179} INFO - Processing /home/airflow/.local/lib/python3.7/site-packages/airflow/example_dags/example_params_trigger_ui.py took 0.240 seconds
[2023-08-26T02:08:03.340+0000] {processor.py:157} INFO - Started process (PID=1073) to work on /home/airflow/.local/lib/python3.7/site-packages/airflow/example_dags/example_params_trigger_ui.py
[2023-08-26T02:08:03.341+0000] {processor.py:826} INFO - Processing file /home/airflow/.local/lib/python3.7/site-packages/airflow/example_dags/example_params_trigger_ui.py for tasks to queue
[2023-08-26T02:08:03.342+0000] {logging_mixin.py:150} INFO - [2023-08-26T02:08:03.341+0000] {dagbag.py:541} INFO - Filling up the DagBag from /home/airflow/.local/lib/python3.7/site-packages/airflow/example_dags/example_params_trigger_ui.py
[2023-08-26T02:08:03.364+0000] {processor.py:836} INFO - DAG(s) dict_keys(['example_params_trigger_ui']) retrieved from /home/airflow/.local/lib/python3.7/site-packages/airflow/example_dags/example_params_trigger_ui.py
[2023-08-26T02:08:03.462+0000] {logging_mixin.py:150} INFO - [2023-08-26T02:08:03.462+0000] {dag.py:2742} INFO - Sync 1 DAGs
[2023-08-26T02:08:03.490+0000] {logging_mixin.py:150} INFO - [2023-08-26T02:08:03.490+0000] {dag.py:3508} INFO - Setting next_dagrun for example_params_trigger_ui to None, run_after=None
[2023-08-26T02:08:03.530+0000] {processor.py:179} INFO - Processing /home/airflow/.local/lib/python3.7/site-packages/airflow/example_dags/example_params_trigger_ui.py took 0.195 seconds
[2023-08-26T02:08:34.256+0000] {processor.py:157} INFO - Started process (PID=1152) to work on /home/airflow/.local/lib/python3.7/site-packages/airflow/example_dags/example_params_trigger_ui.py
[2023-08-26T02:08:34.257+0000] {processor.py:826} INFO - Processing file /home/airflow/.local/lib/python3.7/site-packages/airflow/example_dags/example_params_trigger_ui.py for tasks to queue
[2023-08-26T02:08:34.258+0000] {logging_mixin.py:150} INFO - [2023-08-26T02:08:34.258+0000] {dagbag.py:541} INFO - Filling up the DagBag from /home/airflow/.local/lib/python3.7/site-packages/airflow/example_dags/example_params_trigger_ui.py
[2023-08-26T02:08:34.282+0000] {processor.py:836} INFO - DAG(s) dict_keys(['example_params_trigger_ui']) retrieved from /home/airflow/.local/lib/python3.7/site-packages/airflow/example_dags/example_params_trigger_ui.py
[2023-08-26T02:08:34.377+0000] {logging_mixin.py:150} INFO - [2023-08-26T02:08:34.377+0000] {dag.py:2742} INFO - Sync 1 DAGs
[2023-08-26T02:08:34.408+0000] {logging_mixin.py:150} INFO - [2023-08-26T02:08:34.408+0000] {dag.py:3508} INFO - Setting next_dagrun for example_params_trigger_ui to None, run_after=None
[2023-08-26T02:08:34.449+0000] {processor.py:179} INFO - Processing /home/airflow/.local/lib/python3.7/site-packages/airflow/example_dags/example_params_trigger_ui.py took 0.197 seconds
[2023-08-26T02:09:04.578+0000] {processor.py:157} INFO - Started process (PID=1231) to work on /home/airflow/.local/lib/python3.7/site-packages/airflow/example_dags/example_params_trigger_ui.py
[2023-08-26T02:09:04.579+0000] {processor.py:826} INFO - Processing file /home/airflow/.local/lib/python3.7/site-packages/airflow/example_dags/example_params_trigger_ui.py for tasks to queue
[2023-08-26T02:09:04.580+0000] {logging_mixin.py:150} INFO - [2023-08-26T02:09:04.580+0000] {dagbag.py:541} INFO - Filling up the DagBag from /home/airflow/.local/lib/python3.7/site-packages/airflow/example_dags/example_params_trigger_ui.py
[2023-08-26T02:09:04.603+0000] {processor.py:836} INFO - DAG(s) dict_keys(['example_params_trigger_ui']) retrieved from /home/airflow/.local/lib/python3.7/site-packages/airflow/example_dags/example_params_trigger_ui.py
[2023-08-26T02:09:04.698+0000] {logging_mixin.py:150} INFO - [2023-08-26T02:09:04.697+0000] {dag.py:2742} INFO - Sync 1 DAGs
[2023-08-26T02:09:04.724+0000] {logging_mixin.py:150} INFO - [2023-08-26T02:09:04.724+0000] {dag.py:3508} INFO - Setting next_dagrun for example_params_trigger_ui to None, run_after=None
[2023-08-26T02:09:04.764+0000] {processor.py:179} INFO - Processing /home/airflow/.local/lib/python3.7/site-packages/airflow/example_dags/example_params_trigger_ui.py took 0.189 seconds
[2023-08-26T02:09:35.121+0000] {processor.py:157} INFO - Started process (PID=1310) to work on /home/airflow/.local/lib/python3.7/site-packages/airflow/example_dags/example_params_trigger_ui.py
[2023-08-26T02:09:35.122+0000] {processor.py:826} INFO - Processing file /home/airflow/.local/lib/python3.7/site-packages/airflow/example_dags/example_params_trigger_ui.py for tasks to queue
[2023-08-26T02:09:35.123+0000] {logging_mixin.py:150} INFO - [2023-08-26T02:09:35.123+0000] {dagbag.py:541} INFO - Filling up the DagBag from /home/airflow/.local/lib/python3.7/site-packages/airflow/example_dags/example_params_trigger_ui.py
[2023-08-26T02:09:35.145+0000] {processor.py:836} INFO - DAG(s) dict_keys(['example_params_trigger_ui']) retrieved from /home/airflow/.local/lib/python3.7/site-packages/airflow/example_dags/example_params_trigger_ui.py
[2023-08-26T02:09:35.235+0000] {logging_mixin.py:150} INFO - [2023-08-26T02:09:35.235+0000] {dag.py:2742} INFO - Sync 1 DAGs
[2023-08-26T02:09:35.264+0000] {logging_mixin.py:150} INFO - [2023-08-26T02:09:35.264+0000] {dag.py:3508} INFO - Setting next_dagrun for example_params_trigger_ui to None, run_after=None
[2023-08-26T02:09:35.301+0000] {processor.py:179} INFO - Processing /home/airflow/.local/lib/python3.7/site-packages/airflow/example_dags/example_params_trigger_ui.py took 0.184 seconds
[2023-08-26T02:10:06.910+0000] {processor.py:157} INFO - Started process (PID=1389) to work on /home/airflow/.local/lib/python3.7/site-packages/airflow/example_dags/example_params_trigger_ui.py
[2023-08-26T02:10:06.914+0000] {processor.py:826} INFO - Processing file /home/airflow/.local/lib/python3.7/site-packages/airflow/example_dags/example_params_trigger_ui.py for tasks to queue
[2023-08-26T02:10:06.918+0000] {logging_mixin.py:150} INFO - [2023-08-26T02:10:06.917+0000] {dagbag.py:541} INFO - Filling up the DagBag from /home/airflow/.local/lib/python3.7/site-packages/airflow/example_dags/example_params_trigger_ui.py
[2023-08-26T02:10:06.983+0000] {processor.py:836} INFO - DAG(s) dict_keys(['example_params_trigger_ui']) retrieved from /home/airflow/.local/lib/python3.7/site-packages/airflow/example_dags/example_params_trigger_ui.py
[2023-08-26T02:10:07.125+0000] {logging_mixin.py:150} INFO - [2023-08-26T02:10:07.125+0000] {dag.py:2742} INFO - Sync 1 DAGs
[2023-08-26T02:10:07.153+0000] {logging_mixin.py:150} INFO - [2023-08-26T02:10:07.152+0000] {dag.py:3508} INFO - Setting next_dagrun for example_params_trigger_ui to None, run_after=None
[2023-08-26T02:10:07.191+0000] {processor.py:179} INFO - Processing /home/airflow/.local/lib/python3.7/site-packages/airflow/example_dags/example_params_trigger_ui.py took 0.296 seconds
[2023-08-26T02:10:37.463+0000] {processor.py:157} INFO - Started process (PID=1468) to work on /home/airflow/.local/lib/python3.7/site-packages/airflow/example_dags/example_params_trigger_ui.py
[2023-08-26T02:10:37.465+0000] {processor.py:826} INFO - Processing file /home/airflow/.local/lib/python3.7/site-packages/airflow/example_dags/example_params_trigger_ui.py for tasks to queue
[2023-08-26T02:10:37.466+0000] {logging_mixin.py:150} INFO - [2023-08-26T02:10:37.466+0000] {dagbag.py:541} INFO - Filling up the DagBag from /home/airflow/.local/lib/python3.7/site-packages/airflow/example_dags/example_params_trigger_ui.py
[2023-08-26T02:10:37.491+0000] {processor.py:836} INFO - DAG(s) dict_keys(['example_params_trigger_ui']) retrieved from /home/airflow/.local/lib/python3.7/site-packages/airflow/example_dags/example_params_trigger_ui.py
[2023-08-26T02:10:37.589+0000] {logging_mixin.py:150} INFO - [2023-08-26T02:10:37.589+0000] {dag.py:2742} INFO - Sync 1 DAGs
[2023-08-26T02:10:37.616+0000] {logging_mixin.py:150} INFO - [2023-08-26T02:10:37.616+0000] {dag.py:3508} INFO - Setting next_dagrun for example_params_trigger_ui to None, run_after=None
[2023-08-26T02:10:37.653+0000] {processor.py:179} INFO - Processing /home/airflow/.local/lib/python3.7/site-packages/airflow/example_dags/example_params_trigger_ui.py took 0.193 seconds
[2023-08-26T02:11:07.744+0000] {processor.py:157} INFO - Started process (PID=1547) to work on /home/airflow/.local/lib/python3.7/site-packages/airflow/example_dags/example_params_trigger_ui.py
[2023-08-26T02:11:07.745+0000] {processor.py:826} INFO - Processing file /home/airflow/.local/lib/python3.7/site-packages/airflow/example_dags/example_params_trigger_ui.py for tasks to queue
[2023-08-26T02:11:07.746+0000] {logging_mixin.py:150} INFO - [2023-08-26T02:11:07.746+0000] {dagbag.py:541} INFO - Filling up the DagBag from /home/airflow/.local/lib/python3.7/site-packages/airflow/example_dags/example_params_trigger_ui.py
[2023-08-26T02:11:07.773+0000] {processor.py:836} INFO - DAG(s) dict_keys(['example_params_trigger_ui']) retrieved from /home/airflow/.local/lib/python3.7/site-packages/airflow/example_dags/example_params_trigger_ui.py
[2023-08-26T02:11:07.873+0000] {logging_mixin.py:150} INFO - [2023-08-26T02:11:07.872+0000] {dag.py:2742} INFO - Sync 1 DAGs
[2023-08-26T02:11:07.900+0000] {logging_mixin.py:150} INFO - [2023-08-26T02:11:07.900+0000] {dag.py:3508} INFO - Setting next_dagrun for example_params_trigger_ui to None, run_after=None
[2023-08-26T02:11:07.940+0000] {processor.py:179} INFO - Processing /home/airflow/.local/lib/python3.7/site-packages/airflow/example_dags/example_params_trigger_ui.py took 0.200 seconds
[2023-08-26T02:11:39.843+0000] {processor.py:157} INFO - Started process (PID=1626) to work on /home/airflow/.local/lib/python3.7/site-packages/airflow/example_dags/example_params_trigger_ui.py
[2023-08-26T02:11:39.844+0000] {processor.py:826} INFO - Processing file /home/airflow/.local/lib/python3.7/site-packages/airflow/example_dags/example_params_trigger_ui.py for tasks to queue
[2023-08-26T02:11:39.846+0000] {logging_mixin.py:150} INFO - [2023-08-26T02:11:39.845+0000] {dagbag.py:541} INFO - Filling up the DagBag from /home/airflow/.local/lib/python3.7/site-packages/airflow/example_dags/example_params_trigger_ui.py
[2023-08-26T02:11:39.871+0000] {processor.py:836} INFO - DAG(s) dict_keys(['example_params_trigger_ui']) retrieved from /home/airflow/.local/lib/python3.7/site-packages/airflow/example_dags/example_params_trigger_ui.py
[2023-08-26T02:11:39.972+0000] {logging_mixin.py:150} INFO - [2023-08-26T02:11:39.972+0000] {dag.py:2742} INFO - Sync 1 DAGs
[2023-08-26T02:11:40.000+0000] {logging_mixin.py:150} INFO - [2023-08-26T02:11:40.000+0000] {dag.py:3508} INFO - Setting next_dagrun for example_params_trigger_ui to None, run_after=None
[2023-08-26T02:11:40.038+0000] {processor.py:179} INFO - Processing /home/airflow/.local/lib/python3.7/site-packages/airflow/example_dags/example_params_trigger_ui.py took 0.199 seconds
[2023-08-26T02:12:11.112+0000] {processor.py:157} INFO - Started process (PID=1705) to work on /home/airflow/.local/lib/python3.7/site-packages/airflow/example_dags/example_params_trigger_ui.py
[2023-08-26T02:12:11.116+0000] {processor.py:826} INFO - Processing file /home/airflow/.local/lib/python3.7/site-packages/airflow/example_dags/example_params_trigger_ui.py for tasks to queue
[2023-08-26T02:12:11.119+0000] {logging_mixin.py:150} INFO - [2023-08-26T02:12:11.118+0000] {dagbag.py:541} INFO - Filling up the DagBag from /home/airflow/.local/lib/python3.7/site-packages/airflow/example_dags/example_params_trigger_ui.py
[2023-08-26T02:12:11.166+0000] {processor.py:836} INFO - DAG(s) dict_keys(['example_params_trigger_ui']) retrieved from /home/airflow/.local/lib/python3.7/site-packages/airflow/example_dags/example_params_trigger_ui.py
[2023-08-26T02:12:11.267+0000] {logging_mixin.py:150} INFO - [2023-08-26T02:12:11.267+0000] {dag.py:2742} INFO - Sync 1 DAGs
[2023-08-26T02:12:11.297+0000] {logging_mixin.py:150} INFO - [2023-08-26T02:12:11.296+0000] {dag.py:3508} INFO - Setting next_dagrun for example_params_trigger_ui to None, run_after=None
[2023-08-26T02:12:11.336+0000] {processor.py:179} INFO - Processing /home/airflow/.local/lib/python3.7/site-packages/airflow/example_dags/example_params_trigger_ui.py took 0.242 seconds
[2023-08-26T02:12:41.518+0000] {processor.py:157} INFO - Started process (PID=1784) to work on /home/airflow/.local/lib/python3.7/site-packages/airflow/example_dags/example_params_trigger_ui.py
[2023-08-26T02:12:41.522+0000] {processor.py:826} INFO - Processing file /home/airflow/.local/lib/python3.7/site-packages/airflow/example_dags/example_params_trigger_ui.py for tasks to queue
[2023-08-26T02:12:41.526+0000] {logging_mixin.py:150} INFO - [2023-08-26T02:12:41.525+0000] {dagbag.py:541} INFO - Filling up the DagBag from /home/airflow/.local/lib/python3.7/site-packages/airflow/example_dags/example_params_trigger_ui.py
[2023-08-26T02:12:41.596+0000] {processor.py:836} INFO - DAG(s) dict_keys(['example_params_trigger_ui']) retrieved from /home/airflow/.local/lib/python3.7/site-packages/airflow/example_dags/example_params_trigger_ui.py
[2023-08-26T02:12:41.694+0000] {logging_mixin.py:150} INFO - [2023-08-26T02:12:41.694+0000] {dag.py:2742} INFO - Sync 1 DAGs
[2023-08-26T02:12:41.722+0000] {logging_mixin.py:150} INFO - [2023-08-26T02:12:41.722+0000] {dag.py:3508} INFO - Setting next_dagrun for example_params_trigger_ui to None, run_after=None
[2023-08-26T02:12:41.760+0000] {processor.py:179} INFO - Processing /home/airflow/.local/lib/python3.7/site-packages/airflow/example_dags/example_params_trigger_ui.py took 0.257 seconds
[2023-08-26T02:13:12.806+0000] {processor.py:157} INFO - Started process (PID=1863) to work on /home/airflow/.local/lib/python3.7/site-packages/airflow/example_dags/example_params_trigger_ui.py
[2023-08-26T02:13:12.807+0000] {processor.py:826} INFO - Processing file /home/airflow/.local/lib/python3.7/site-packages/airflow/example_dags/example_params_trigger_ui.py for tasks to queue
[2023-08-26T02:13:12.808+0000] {logging_mixin.py:150} INFO - [2023-08-26T02:13:12.808+0000] {dagbag.py:541} INFO - Filling up the DagBag from /home/airflow/.local/lib/python3.7/site-packages/airflow/example_dags/example_params_trigger_ui.py
[2023-08-26T02:13:12.841+0000] {processor.py:836} INFO - DAG(s) dict_keys(['example_params_trigger_ui']) retrieved from /home/airflow/.local/lib/python3.7/site-packages/airflow/example_dags/example_params_trigger_ui.py
[2023-08-26T02:13:12.942+0000] {logging_mixin.py:150} INFO - [2023-08-26T02:13:12.942+0000] {dag.py:2742} INFO - Sync 1 DAGs
[2023-08-26T02:13:12.971+0000] {logging_mixin.py:150} INFO - [2023-08-26T02:13:12.971+0000] {dag.py:3508} INFO - Setting next_dagrun for example_params_trigger_ui to None, run_after=None
[2023-08-26T02:13:13.013+0000] {processor.py:179} INFO - Processing /home/airflow/.local/lib/python3.7/site-packages/airflow/example_dags/example_params_trigger_ui.py took 0.210 seconds
[2023-08-26T02:13:43.758+0000] {processor.py:157} INFO - Started process (PID=1942) to work on /home/airflow/.local/lib/python3.7/site-packages/airflow/example_dags/example_params_trigger_ui.py
[2023-08-26T02:13:43.760+0000] {processor.py:826} INFO - Processing file /home/airflow/.local/lib/python3.7/site-packages/airflow/example_dags/example_params_trigger_ui.py for tasks to queue
[2023-08-26T02:13:43.761+0000] {logging_mixin.py:150} INFO - [2023-08-26T02:13:43.761+0000] {dagbag.py:541} INFO - Filling up the DagBag from /home/airflow/.local/lib/python3.7/site-packages/airflow/example_dags/example_params_trigger_ui.py
[2023-08-26T02:13:43.793+0000] {processor.py:836} INFO - DAG(s) dict_keys(['example_params_trigger_ui']) retrieved from /home/airflow/.local/lib/python3.7/site-packages/airflow/example_dags/example_params_trigger_ui.py
[2023-08-26T02:13:43.916+0000] {logging_mixin.py:150} INFO - [2023-08-26T02:13:43.916+0000] {dag.py:2742} INFO - Sync 1 DAGs
[2023-08-26T02:13:43.963+0000] {logging_mixin.py:150} INFO - [2023-08-26T02:13:43.963+0000] {dag.py:3508} INFO - Setting next_dagrun for example_params_trigger_ui to None, run_after=None
[2023-08-26T02:13:44.012+0000] {processor.py:179} INFO - Processing /home/airflow/.local/lib/python3.7/site-packages/airflow/example_dags/example_params_trigger_ui.py took 0.258 seconds
[2023-08-26T02:14:14.214+0000] {processor.py:157} INFO - Started process (PID=2021) to work on /home/airflow/.local/lib/python3.7/site-packages/airflow/example_dags/example_params_trigger_ui.py
[2023-08-26T02:14:14.215+0000] {processor.py:826} INFO - Processing file /home/airflow/.local/lib/python3.7/site-packages/airflow/example_dags/example_params_trigger_ui.py for tasks to queue
[2023-08-26T02:14:14.216+0000] {logging_mixin.py:150} INFO - [2023-08-26T02:14:14.216+0000] {dagbag.py:541} INFO - Filling up the DagBag from /home/airflow/.local/lib/python3.7/site-packages/airflow/example_dags/example_params_trigger_ui.py
[2023-08-26T02:14:14.240+0000] {processor.py:836} INFO - DAG(s) dict_keys(['example_params_trigger_ui']) retrieved from /home/airflow/.local/lib/python3.7/site-packages/airflow/example_dags/example_params_trigger_ui.py
[2023-08-26T02:14:14.338+0000] {logging_mixin.py:150} INFO - [2023-08-26T02:14:14.338+0000] {dag.py:2742} INFO - Sync 1 DAGs
[2023-08-26T02:14:14.366+0000] {logging_mixin.py:150} INFO - [2023-08-26T02:14:14.366+0000] {dag.py:3508} INFO - Setting next_dagrun for example_params_trigger_ui to None, run_after=None
[2023-08-26T02:14:14.405+0000] {processor.py:179} INFO - Processing /home/airflow/.local/lib/python3.7/site-packages/airflow/example_dags/example_params_trigger_ui.py took 0.194 seconds
[2023-08-26T02:14:44.634+0000] {processor.py:157} INFO - Started process (PID=2100) to work on /home/airflow/.local/lib/python3.7/site-packages/airflow/example_dags/example_params_trigger_ui.py
[2023-08-26T02:14:44.636+0000] {processor.py:826} INFO - Processing file /home/airflow/.local/lib/python3.7/site-packages/airflow/example_dags/example_params_trigger_ui.py for tasks to queue
[2023-08-26T02:14:44.637+0000] {logging_mixin.py:150} INFO - [2023-08-26T02:14:44.637+0000] {dagbag.py:541} INFO - Filling up the DagBag from /home/airflow/.local/lib/python3.7/site-packages/airflow/example_dags/example_params_trigger_ui.py
[2023-08-26T02:14:44.673+0000] {processor.py:836} INFO - DAG(s) dict_keys(['example_params_trigger_ui']) retrieved from /home/airflow/.local/lib/python3.7/site-packages/airflow/example_dags/example_params_trigger_ui.py
[2023-08-26T02:14:44.779+0000] {logging_mixin.py:150} INFO - [2023-08-26T02:14:44.779+0000] {dag.py:2742} INFO - Sync 1 DAGs
[2023-08-26T02:14:44.810+0000] {logging_mixin.py:150} INFO - [2023-08-26T02:14:44.809+0000] {dag.py:3508} INFO - Setting next_dagrun for example_params_trigger_ui to None, run_after=None
[2023-08-26T02:14:44.848+0000] {processor.py:179} INFO - Processing /home/airflow/.local/lib/python3.7/site-packages/airflow/example_dags/example_params_trigger_ui.py took 0.217 seconds
[2023-08-26T02:15:14.998+0000] {processor.py:157} INFO - Started process (PID=2179) to work on /home/airflow/.local/lib/python3.7/site-packages/airflow/example_dags/example_params_trigger_ui.py
[2023-08-26T02:15:15.000+0000] {processor.py:826} INFO - Processing file /home/airflow/.local/lib/python3.7/site-packages/airflow/example_dags/example_params_trigger_ui.py for tasks to queue
[2023-08-26T02:15:15.002+0000] {logging_mixin.py:150} INFO - [2023-08-26T02:15:15.001+0000] {dagbag.py:541} INFO - Filling up the DagBag from /home/airflow/.local/lib/python3.7/site-packages/airflow/example_dags/example_params_trigger_ui.py
[2023-08-26T02:15:15.035+0000] {processor.py:836} INFO - DAG(s) dict_keys(['example_params_trigger_ui']) retrieved from /home/airflow/.local/lib/python3.7/site-packages/airflow/example_dags/example_params_trigger_ui.py
[2023-08-26T02:15:15.132+0000] {logging_mixin.py:150} INFO - [2023-08-26T02:15:15.131+0000] {dag.py:2742} INFO - Sync 1 DAGs
[2023-08-26T02:15:15.162+0000] {logging_mixin.py:150} INFO - [2023-08-26T02:15:15.162+0000] {dag.py:3508} INFO - Setting next_dagrun for example_params_trigger_ui to None, run_after=None
[2023-08-26T02:15:15.202+0000] {processor.py:179} INFO - Processing /home/airflow/.local/lib/python3.7/site-packages/airflow/example_dags/example_params_trigger_ui.py took 0.207 seconds
[2023-08-26T02:15:45.438+0000] {processor.py:157} INFO - Started process (PID=2258) to work on /home/airflow/.local/lib/python3.7/site-packages/airflow/example_dags/example_params_trigger_ui.py
[2023-08-26T02:15:45.440+0000] {processor.py:826} INFO - Processing file /home/airflow/.local/lib/python3.7/site-packages/airflow/example_dags/example_params_trigger_ui.py for tasks to queue
[2023-08-26T02:15:45.441+0000] {logging_mixin.py:150} INFO - [2023-08-26T02:15:45.441+0000] {dagbag.py:541} INFO - Filling up the DagBag from /home/airflow/.local/lib/python3.7/site-packages/airflow/example_dags/example_params_trigger_ui.py
[2023-08-26T02:15:45.465+0000] {processor.py:836} INFO - DAG(s) dict_keys(['example_params_trigger_ui']) retrieved from /home/airflow/.local/lib/python3.7/site-packages/airflow/example_dags/example_params_trigger_ui.py
[2023-08-26T02:15:45.565+0000] {logging_mixin.py:150} INFO - [2023-08-26T02:15:45.565+0000] {dag.py:2742} INFO - Sync 1 DAGs
[2023-08-26T02:15:45.596+0000] {logging_mixin.py:150} INFO - [2023-08-26T02:15:45.595+0000] {dag.py:3508} INFO - Setting next_dagrun for example_params_trigger_ui to None, run_after=None
[2023-08-26T02:15:45.687+0000] {processor.py:179} INFO - Processing /home/airflow/.local/lib/python3.7/site-packages/airflow/example_dags/example_params_trigger_ui.py took 0.252 seconds
[2023-08-26T02:16:15.858+0000] {processor.py:157} INFO - Started process (PID=2338) to work on /home/airflow/.local/lib/python3.7/site-packages/airflow/example_dags/example_params_trigger_ui.py
[2023-08-26T02:16:15.860+0000] {processor.py:826} INFO - Processing file /home/airflow/.local/lib/python3.7/site-packages/airflow/example_dags/example_params_trigger_ui.py for tasks to queue
[2023-08-26T02:16:15.861+0000] {logging_mixin.py:150} INFO - [2023-08-26T02:16:15.861+0000] {dagbag.py:541} INFO - Filling up the DagBag from /home/airflow/.local/lib/python3.7/site-packages/airflow/example_dags/example_params_trigger_ui.py
[2023-08-26T02:16:15.887+0000] {processor.py:836} INFO - DAG(s) dict_keys(['example_params_trigger_ui']) retrieved from /home/airflow/.local/lib/python3.7/site-packages/airflow/example_dags/example_params_trigger_ui.py
[2023-08-26T02:16:15.991+0000] {logging_mixin.py:150} INFO - [2023-08-26T02:16:15.991+0000] {dag.py:2742} INFO - Sync 1 DAGs
[2023-08-26T02:16:16.020+0000] {logging_mixin.py:150} INFO - [2023-08-26T02:16:16.020+0000] {dag.py:3508} INFO - Setting next_dagrun for example_params_trigger_ui to None, run_after=None
[2023-08-26T02:16:16.062+0000] {processor.py:179} INFO - Processing /home/airflow/.local/lib/python3.7/site-packages/airflow/example_dags/example_params_trigger_ui.py took 0.207 seconds
[2023-08-26T02:16:46.298+0000] {processor.py:157} INFO - Started process (PID=2417) to work on /home/airflow/.local/lib/python3.7/site-packages/airflow/example_dags/example_params_trigger_ui.py
[2023-08-26T02:16:46.299+0000] {processor.py:826} INFO - Processing file /home/airflow/.local/lib/python3.7/site-packages/airflow/example_dags/example_params_trigger_ui.py for tasks to queue
[2023-08-26T02:16:46.301+0000] {logging_mixin.py:150} INFO - [2023-08-26T02:16:46.301+0000] {dagbag.py:541} INFO - Filling up the DagBag from /home/airflow/.local/lib/python3.7/site-packages/airflow/example_dags/example_params_trigger_ui.py
[2023-08-26T02:16:46.328+0000] {processor.py:836} INFO - DAG(s) dict_keys(['example_params_trigger_ui']) retrieved from /home/airflow/.local/lib/python3.7/site-packages/airflow/example_dags/example_params_trigger_ui.py
[2023-08-26T02:16:46.440+0000] {logging_mixin.py:150} INFO - [2023-08-26T02:16:46.439+0000] {dag.py:2742} INFO - Sync 1 DAGs
[2023-08-26T02:16:46.471+0000] {logging_mixin.py:150} INFO - [2023-08-26T02:16:46.470+0000] {dag.py:3508} INFO - Setting next_dagrun for example_params_trigger_ui to None, run_after=None
[2023-08-26T02:16:46.509+0000] {processor.py:179} INFO - Processing /home/airflow/.local/lib/python3.7/site-packages/airflow/example_dags/example_params_trigger_ui.py took 0.216 seconds
[2023-08-26T02:17:16.575+0000] {processor.py:157} INFO - Started process (PID=2496) to work on /home/airflow/.local/lib/python3.7/site-packages/airflow/example_dags/example_params_trigger_ui.py
[2023-08-26T02:17:16.576+0000] {processor.py:826} INFO - Processing file /home/airflow/.local/lib/python3.7/site-packages/airflow/example_dags/example_params_trigger_ui.py for tasks to queue
[2023-08-26T02:17:16.577+0000] {logging_mixin.py:150} INFO - [2023-08-26T02:17:16.577+0000] {dagbag.py:541} INFO - Filling up the DagBag from /home/airflow/.local/lib/python3.7/site-packages/airflow/example_dags/example_params_trigger_ui.py
[2023-08-26T02:17:16.604+0000] {processor.py:836} INFO - DAG(s) dict_keys(['example_params_trigger_ui']) retrieved from /home/airflow/.local/lib/python3.7/site-packages/airflow/example_dags/example_params_trigger_ui.py
[2023-08-26T02:17:16.707+0000] {logging_mixin.py:150} INFO - [2023-08-26T02:17:16.707+0000] {dag.py:2742} INFO - Sync 1 DAGs
[2023-08-26T02:17:16.736+0000] {logging_mixin.py:150} INFO - [2023-08-26T02:17:16.736+0000] {dag.py:3508} INFO - Setting next_dagrun for example_params_trigger_ui to None, run_after=None
[2023-08-26T02:17:16.774+0000] {processor.py:179} INFO - Processing /home/airflow/.local/lib/python3.7/site-packages/airflow/example_dags/example_params_trigger_ui.py took 0.202 seconds
[2023-08-26T02:17:46.945+0000] {processor.py:157} INFO - Started process (PID=2576) to work on /home/airflow/.local/lib/python3.7/site-packages/airflow/example_dags/example_params_trigger_ui.py
[2023-08-26T02:17:46.946+0000] {processor.py:826} INFO - Processing file /home/airflow/.local/lib/python3.7/site-packages/airflow/example_dags/example_params_trigger_ui.py for tasks to queue
[2023-08-26T02:17:46.947+0000] {logging_mixin.py:150} INFO - [2023-08-26T02:17:46.947+0000] {dagbag.py:541} INFO - Filling up the DagBag from /home/airflow/.local/lib/python3.7/site-packages/airflow/example_dags/example_params_trigger_ui.py
[2023-08-26T02:17:46.973+0000] {processor.py:836} INFO - DAG(s) dict_keys(['example_params_trigger_ui']) retrieved from /home/airflow/.local/lib/python3.7/site-packages/airflow/example_dags/example_params_trigger_ui.py
[2023-08-26T02:17:47.076+0000] {logging_mixin.py:150} INFO - [2023-08-26T02:17:47.076+0000] {dag.py:2742} INFO - Sync 1 DAGs
[2023-08-26T02:17:47.107+0000] {logging_mixin.py:150} INFO - [2023-08-26T02:17:47.107+0000] {dag.py:3508} INFO - Setting next_dagrun for example_params_trigger_ui to None, run_after=None
[2023-08-26T02:17:47.146+0000] {processor.py:179} INFO - Processing /home/airflow/.local/lib/python3.7/site-packages/airflow/example_dags/example_params_trigger_ui.py took 0.205 seconds
[2023-08-26T02:18:17.310+0000] {processor.py:157} INFO - Started process (PID=2653) to work on /home/airflow/.local/lib/python3.7/site-packages/airflow/example_dags/example_params_trigger_ui.py
[2023-08-26T02:18:17.312+0000] {processor.py:826} INFO - Processing file /home/airflow/.local/lib/python3.7/site-packages/airflow/example_dags/example_params_trigger_ui.py for tasks to queue
[2023-08-26T02:18:17.313+0000] {logging_mixin.py:150} INFO - [2023-08-26T02:18:17.313+0000] {dagbag.py:541} INFO - Filling up the DagBag from /home/airflow/.local/lib/python3.7/site-packages/airflow/example_dags/example_params_trigger_ui.py
[2023-08-26T02:18:17.341+0000] {processor.py:836} INFO - DAG(s) dict_keys(['example_params_trigger_ui']) retrieved from /home/airflow/.local/lib/python3.7/site-packages/airflow/example_dags/example_params_trigger_ui.py
[2023-08-26T02:18:17.443+0000] {logging_mixin.py:150} INFO - [2023-08-26T02:18:17.443+0000] {dag.py:2742} INFO - Sync 1 DAGs
[2023-08-26T02:18:17.474+0000] {logging_mixin.py:150} INFO - [2023-08-26T02:18:17.473+0000] {dag.py:3508} INFO - Setting next_dagrun for example_params_trigger_ui to None, run_after=None
[2023-08-26T02:18:17.511+0000] {processor.py:179} INFO - Processing /home/airflow/.local/lib/python3.7/site-packages/airflow/example_dags/example_params_trigger_ui.py took 0.204 seconds
[2023-08-26T02:18:47.816+0000] {processor.py:157} INFO - Started process (PID=2732) to work on /home/airflow/.local/lib/python3.7/site-packages/airflow/example_dags/example_params_trigger_ui.py
[2023-08-26T02:18:47.818+0000] {processor.py:826} INFO - Processing file /home/airflow/.local/lib/python3.7/site-packages/airflow/example_dags/example_params_trigger_ui.py for tasks to queue
[2023-08-26T02:18:47.819+0000] {logging_mixin.py:150} INFO - [2023-08-26T02:18:47.819+0000] {dagbag.py:541} INFO - Filling up the DagBag from /home/airflow/.local/lib/python3.7/site-packages/airflow/example_dags/example_params_trigger_ui.py
[2023-08-26T02:18:47.843+0000] {processor.py:836} INFO - DAG(s) dict_keys(['example_params_trigger_ui']) retrieved from /home/airflow/.local/lib/python3.7/site-packages/airflow/example_dags/example_params_trigger_ui.py
[2023-08-26T02:18:47.938+0000] {logging_mixin.py:150} INFO - [2023-08-26T02:18:47.938+0000] {dag.py:2742} INFO - Sync 1 DAGs
[2023-08-26T02:18:47.970+0000] {logging_mixin.py:150} INFO - [2023-08-26T02:18:47.970+0000] {dag.py:3508} INFO - Setting next_dagrun for example_params_trigger_ui to None, run_after=None
[2023-08-26T02:18:48.012+0000] {processor.py:179} INFO - Processing /home/airflow/.local/lib/python3.7/site-packages/airflow/example_dags/example_params_trigger_ui.py took 0.200 seconds
[2023-08-26T02:19:18.984+0000] {processor.py:157} INFO - Started process (PID=2811) to work on /home/airflow/.local/lib/python3.7/site-packages/airflow/example_dags/example_params_trigger_ui.py
[2023-08-26T02:19:18.985+0000] {processor.py:826} INFO - Processing file /home/airflow/.local/lib/python3.7/site-packages/airflow/example_dags/example_params_trigger_ui.py for tasks to queue
[2023-08-26T02:19:18.986+0000] {logging_mixin.py:150} INFO - [2023-08-26T02:19:18.986+0000] {dagbag.py:541} INFO - Filling up the DagBag from /home/airflow/.local/lib/python3.7/site-packages/airflow/example_dags/example_params_trigger_ui.py
[2023-08-26T02:19:19.009+0000] {processor.py:836} INFO - DAG(s) dict_keys(['example_params_trigger_ui']) retrieved from /home/airflow/.local/lib/python3.7/site-packages/airflow/example_dags/example_params_trigger_ui.py
[2023-08-26T02:19:19.104+0000] {logging_mixin.py:150} INFO - [2023-08-26T02:19:19.104+0000] {dag.py:2742} INFO - Sync 1 DAGs
[2023-08-26T02:19:19.133+0000] {logging_mixin.py:150} INFO - [2023-08-26T02:19:19.132+0000] {dag.py:3508} INFO - Setting next_dagrun for example_params_trigger_ui to None, run_after=None
[2023-08-26T02:19:19.176+0000] {processor.py:179} INFO - Processing /home/airflow/.local/lib/python3.7/site-packages/airflow/example_dags/example_params_trigger_ui.py took 0.195 seconds
[2023-08-26T02:19:49.427+0000] {processor.py:157} INFO - Started process (PID=2890) to work on /home/airflow/.local/lib/python3.7/site-packages/airflow/example_dags/example_params_trigger_ui.py
[2023-08-26T02:19:49.428+0000] {processor.py:826} INFO - Processing file /home/airflow/.local/lib/python3.7/site-packages/airflow/example_dags/example_params_trigger_ui.py for tasks to queue
[2023-08-26T02:19:49.430+0000] {logging_mixin.py:150} INFO - [2023-08-26T02:19:49.429+0000] {dagbag.py:541} INFO - Filling up the DagBag from /home/airflow/.local/lib/python3.7/site-packages/airflow/example_dags/example_params_trigger_ui.py
[2023-08-26T02:19:49.458+0000] {processor.py:836} INFO - DAG(s) dict_keys(['example_params_trigger_ui']) retrieved from /home/airflow/.local/lib/python3.7/site-packages/airflow/example_dags/example_params_trigger_ui.py
[2023-08-26T02:19:49.562+0000] {logging_mixin.py:150} INFO - [2023-08-26T02:19:49.562+0000] {dag.py:2742} INFO - Sync 1 DAGs
[2023-08-26T02:19:49.598+0000] {logging_mixin.py:150} INFO - [2023-08-26T02:19:49.597+0000] {dag.py:3508} INFO - Setting next_dagrun for example_params_trigger_ui to None, run_after=None
[2023-08-26T02:19:49.638+0000] {processor.py:179} INFO - Processing /home/airflow/.local/lib/python3.7/site-packages/airflow/example_dags/example_params_trigger_ui.py took 0.215 seconds
[2023-08-26T02:20:19.692+0000] {processor.py:157} INFO - Started process (PID=2969) to work on /home/airflow/.local/lib/python3.7/site-packages/airflow/example_dags/example_params_trigger_ui.py
[2023-08-26T02:20:19.693+0000] {processor.py:826} INFO - Processing file /home/airflow/.local/lib/python3.7/site-packages/airflow/example_dags/example_params_trigger_ui.py for tasks to queue
[2023-08-26T02:20:19.694+0000] {logging_mixin.py:150} INFO - [2023-08-26T02:20:19.694+0000] {dagbag.py:541} INFO - Filling up the DagBag from /home/airflow/.local/lib/python3.7/site-packages/airflow/example_dags/example_params_trigger_ui.py
[2023-08-26T02:20:19.719+0000] {processor.py:836} INFO - DAG(s) dict_keys(['example_params_trigger_ui']) retrieved from /home/airflow/.local/lib/python3.7/site-packages/airflow/example_dags/example_params_trigger_ui.py
[2023-08-26T02:20:19.821+0000] {logging_mixin.py:150} INFO - [2023-08-26T02:20:19.821+0000] {dag.py:2742} INFO - Sync 1 DAGs
[2023-08-26T02:20:19.854+0000] {logging_mixin.py:150} INFO - [2023-08-26T02:20:19.854+0000] {dag.py:3508} INFO - Setting next_dagrun for example_params_trigger_ui to None, run_after=None
[2023-08-26T02:20:19.893+0000] {processor.py:179} INFO - Processing /home/airflow/.local/lib/python3.7/site-packages/airflow/example_dags/example_params_trigger_ui.py took 0.205 seconds
[2023-08-26T02:20:50.481+0000] {processor.py:157} INFO - Started process (PID=3048) to work on /home/airflow/.local/lib/python3.7/site-packages/airflow/example_dags/example_params_trigger_ui.py
[2023-08-26T02:20:50.483+0000] {processor.py:826} INFO - Processing file /home/airflow/.local/lib/python3.7/site-packages/airflow/example_dags/example_params_trigger_ui.py for tasks to queue
[2023-08-26T02:20:50.485+0000] {logging_mixin.py:150} INFO - [2023-08-26T02:20:50.484+0000] {dagbag.py:541} INFO - Filling up the DagBag from /home/airflow/.local/lib/python3.7/site-packages/airflow/example_dags/example_params_trigger_ui.py
[2023-08-26T02:20:50.512+0000] {processor.py:836} INFO - DAG(s) dict_keys(['example_params_trigger_ui']) retrieved from /home/airflow/.local/lib/python3.7/site-packages/airflow/example_dags/example_params_trigger_ui.py
[2023-08-26T02:20:50.628+0000] {logging_mixin.py:150} INFO - [2023-08-26T02:20:50.628+0000] {dag.py:2742} INFO - Sync 1 DAGs
[2023-08-26T02:20:50.661+0000] {logging_mixin.py:150} INFO - [2023-08-26T02:20:50.661+0000] {dag.py:3508} INFO - Setting next_dagrun for example_params_trigger_ui to None, run_after=None
[2023-08-26T02:20:50.707+0000] {processor.py:179} INFO - Processing /home/airflow/.local/lib/python3.7/site-packages/airflow/example_dags/example_params_trigger_ui.py took 0.232 seconds
[2023-08-26T02:21:21.079+0000] {processor.py:157} INFO - Started process (PID=3127) to work on /home/airflow/.local/lib/python3.7/site-packages/airflow/example_dags/example_params_trigger_ui.py
[2023-08-26T02:21:21.080+0000] {processor.py:826} INFO - Processing file /home/airflow/.local/lib/python3.7/site-packages/airflow/example_dags/example_params_trigger_ui.py for tasks to queue
[2023-08-26T02:21:21.083+0000] {logging_mixin.py:150} INFO - [2023-08-26T02:21:21.082+0000] {dagbag.py:541} INFO - Filling up the DagBag from /home/airflow/.local/lib/python3.7/site-packages/airflow/example_dags/example_params_trigger_ui.py
[2023-08-26T02:21:21.107+0000] {processor.py:836} INFO - DAG(s) dict_keys(['example_params_trigger_ui']) retrieved from /home/airflow/.local/lib/python3.7/site-packages/airflow/example_dags/example_params_trigger_ui.py
[2023-08-26T02:21:21.206+0000] {logging_mixin.py:150} INFO - [2023-08-26T02:21:21.206+0000] {dag.py:2742} INFO - Sync 1 DAGs
[2023-08-26T02:21:21.236+0000] {logging_mixin.py:150} INFO - [2023-08-26T02:21:21.236+0000] {dag.py:3508} INFO - Setting next_dagrun for example_params_trigger_ui to None, run_after=None
[2023-08-26T02:21:21.276+0000] {processor.py:179} INFO - Processing /home/airflow/.local/lib/python3.7/site-packages/airflow/example_dags/example_params_trigger_ui.py took 0.201 seconds
[2023-08-26T02:21:51.630+0000] {processor.py:157} INFO - Started process (PID=3206) to work on /home/airflow/.local/lib/python3.7/site-packages/airflow/example_dags/example_params_trigger_ui.py
[2023-08-26T02:21:51.632+0000] {processor.py:826} INFO - Processing file /home/airflow/.local/lib/python3.7/site-packages/airflow/example_dags/example_params_trigger_ui.py for tasks to queue
[2023-08-26T02:21:51.633+0000] {logging_mixin.py:150} INFO - [2023-08-26T02:21:51.633+0000] {dagbag.py:541} INFO - Filling up the DagBag from /home/airflow/.local/lib/python3.7/site-packages/airflow/example_dags/example_params_trigger_ui.py
[2023-08-26T02:21:51.655+0000] {processor.py:836} INFO - DAG(s) dict_keys(['example_params_trigger_ui']) retrieved from /home/airflow/.local/lib/python3.7/site-packages/airflow/example_dags/example_params_trigger_ui.py
[2023-08-26T02:21:51.760+0000] {logging_mixin.py:150} INFO - [2023-08-26T02:21:51.760+0000] {dag.py:2742} INFO - Sync 1 DAGs
[2023-08-26T02:21:51.794+0000] {logging_mixin.py:150} INFO - [2023-08-26T02:21:51.794+0000] {dag.py:3508} INFO - Setting next_dagrun for example_params_trigger_ui to None, run_after=None
[2023-08-26T02:21:51.854+0000] {processor.py:179} INFO - Processing /home/airflow/.local/lib/python3.7/site-packages/airflow/example_dags/example_params_trigger_ui.py took 0.227 seconds
[2023-08-26T02:22:21.990+0000] {processor.py:157} INFO - Started process (PID=3285) to work on /home/airflow/.local/lib/python3.7/site-packages/airflow/example_dags/example_params_trigger_ui.py
[2023-08-26T02:22:21.991+0000] {processor.py:826} INFO - Processing file /home/airflow/.local/lib/python3.7/site-packages/airflow/example_dags/example_params_trigger_ui.py for tasks to queue
[2023-08-26T02:22:21.992+0000] {logging_mixin.py:150} INFO - [2023-08-26T02:22:21.992+0000] {dagbag.py:541} INFO - Filling up the DagBag from /home/airflow/.local/lib/python3.7/site-packages/airflow/example_dags/example_params_trigger_ui.py
[2023-08-26T02:22:22.017+0000] {processor.py:836} INFO - DAG(s) dict_keys(['example_params_trigger_ui']) retrieved from /home/airflow/.local/lib/python3.7/site-packages/airflow/example_dags/example_params_trigger_ui.py
[2023-08-26T02:22:22.118+0000] {logging_mixin.py:150} INFO - [2023-08-26T02:22:22.118+0000] {dag.py:2742} INFO - Sync 1 DAGs
[2023-08-26T02:22:22.148+0000] {logging_mixin.py:150} INFO - [2023-08-26T02:22:22.148+0000] {dag.py:3508} INFO - Setting next_dagrun for example_params_trigger_ui to None, run_after=None
[2023-08-26T02:22:22.187+0000] {processor.py:179} INFO - Processing /home/airflow/.local/lib/python3.7/site-packages/airflow/example_dags/example_params_trigger_ui.py took 0.200 seconds
[2023-08-26T02:22:52.627+0000] {processor.py:157} INFO - Started process (PID=3363) to work on /home/airflow/.local/lib/python3.7/site-packages/airflow/example_dags/example_params_trigger_ui.py
[2023-08-26T02:22:52.630+0000] {processor.py:826} INFO - Processing file /home/airflow/.local/lib/python3.7/site-packages/airflow/example_dags/example_params_trigger_ui.py for tasks to queue
[2023-08-26T02:22:52.633+0000] {logging_mixin.py:150} INFO - [2023-08-26T02:22:52.632+0000] {dagbag.py:541} INFO - Filling up the DagBag from /home/airflow/.local/lib/python3.7/site-packages/airflow/example_dags/example_params_trigger_ui.py
[2023-08-26T02:22:52.661+0000] {processor.py:836} INFO - DAG(s) dict_keys(['example_params_trigger_ui']) retrieved from /home/airflow/.local/lib/python3.7/site-packages/airflow/example_dags/example_params_trigger_ui.py
[2023-08-26T02:22:52.773+0000] {logging_mixin.py:150} INFO - [2023-08-26T02:22:52.773+0000] {dag.py:2742} INFO - Sync 1 DAGs
[2023-08-26T02:22:52.802+0000] {logging_mixin.py:150} INFO - [2023-08-26T02:22:52.802+0000] {dag.py:3508} INFO - Setting next_dagrun for example_params_trigger_ui to None, run_after=None
[2023-08-26T02:22:52.843+0000] {processor.py:179} INFO - Processing /home/airflow/.local/lib/python3.7/site-packages/airflow/example_dags/example_params_trigger_ui.py took 0.225 seconds
[2023-08-26T02:23:22.911+0000] {processor.py:157} INFO - Started process (PID=3443) to work on /home/airflow/.local/lib/python3.7/site-packages/airflow/example_dags/example_params_trigger_ui.py
[2023-08-26T02:23:22.913+0000] {processor.py:826} INFO - Processing file /home/airflow/.local/lib/python3.7/site-packages/airflow/example_dags/example_params_trigger_ui.py for tasks to queue
[2023-08-26T02:23:22.914+0000] {logging_mixin.py:150} INFO - [2023-08-26T02:23:22.914+0000] {dagbag.py:541} INFO - Filling up the DagBag from /home/airflow/.local/lib/python3.7/site-packages/airflow/example_dags/example_params_trigger_ui.py
[2023-08-26T02:23:22.936+0000] {processor.py:836} INFO - DAG(s) dict_keys(['example_params_trigger_ui']) retrieved from /home/airflow/.local/lib/python3.7/site-packages/airflow/example_dags/example_params_trigger_ui.py
[2023-08-26T02:23:23.028+0000] {logging_mixin.py:150} INFO - [2023-08-26T02:23:23.027+0000] {dag.py:2742} INFO - Sync 1 DAGs
[2023-08-26T02:23:23.056+0000] {logging_mixin.py:150} INFO - [2023-08-26T02:23:23.056+0000] {dag.py:3508} INFO - Setting next_dagrun for example_params_trigger_ui to None, run_after=None
[2023-08-26T02:23:23.093+0000] {processor.py:179} INFO - Processing /home/airflow/.local/lib/python3.7/site-packages/airflow/example_dags/example_params_trigger_ui.py took 0.186 seconds
[2023-08-26T02:23:53.212+0000] {processor.py:157} INFO - Started process (PID=3522) to work on /home/airflow/.local/lib/python3.7/site-packages/airflow/example_dags/example_params_trigger_ui.py
[2023-08-26T02:23:53.214+0000] {processor.py:826} INFO - Processing file /home/airflow/.local/lib/python3.7/site-packages/airflow/example_dags/example_params_trigger_ui.py for tasks to queue
[2023-08-26T02:23:53.215+0000] {logging_mixin.py:150} INFO - [2023-08-26T02:23:53.215+0000] {dagbag.py:541} INFO - Filling up the DagBag from /home/airflow/.local/lib/python3.7/site-packages/airflow/example_dags/example_params_trigger_ui.py
[2023-08-26T02:23:53.238+0000] {processor.py:836} INFO - DAG(s) dict_keys(['example_params_trigger_ui']) retrieved from /home/airflow/.local/lib/python3.7/site-packages/airflow/example_dags/example_params_trigger_ui.py
[2023-08-26T02:23:53.332+0000] {logging_mixin.py:150} INFO - [2023-08-26T02:23:53.332+0000] {dag.py:2742} INFO - Sync 1 DAGs
[2023-08-26T02:23:53.359+0000] {logging_mixin.py:150} INFO - [2023-08-26T02:23:53.359+0000] {dag.py:3508} INFO - Setting next_dagrun for example_params_trigger_ui to None, run_after=None
[2023-08-26T02:23:53.400+0000] {processor.py:179} INFO - Processing /home/airflow/.local/lib/python3.7/site-packages/airflow/example_dags/example_params_trigger_ui.py took 0.191 seconds
[2023-08-26T02:24:23.814+0000] {processor.py:157} INFO - Started process (PID=3601) to work on /home/airflow/.local/lib/python3.7/site-packages/airflow/example_dags/example_params_trigger_ui.py
[2023-08-26T02:24:23.816+0000] {processor.py:826} INFO - Processing file /home/airflow/.local/lib/python3.7/site-packages/airflow/example_dags/example_params_trigger_ui.py for tasks to queue
[2023-08-26T02:24:23.817+0000] {logging_mixin.py:150} INFO - [2023-08-26T02:24:23.817+0000] {dagbag.py:541} INFO - Filling up the DagBag from /home/airflow/.local/lib/python3.7/site-packages/airflow/example_dags/example_params_trigger_ui.py
[2023-08-26T02:24:23.850+0000] {processor.py:836} INFO - DAG(s) dict_keys(['example_params_trigger_ui']) retrieved from /home/airflow/.local/lib/python3.7/site-packages/airflow/example_dags/example_params_trigger_ui.py
[2023-08-26T02:24:23.967+0000] {logging_mixin.py:150} INFO - [2023-08-26T02:24:23.966+0000] {dag.py:2742} INFO - Sync 1 DAGs
[2023-08-26T02:24:23.999+0000] {logging_mixin.py:150} INFO - [2023-08-26T02:24:23.998+0000] {dag.py:3508} INFO - Setting next_dagrun for example_params_trigger_ui to None, run_after=None
[2023-08-26T02:24:24.045+0000] {processor.py:179} INFO - Processing /home/airflow/.local/lib/python3.7/site-packages/airflow/example_dags/example_params_trigger_ui.py took 0.234 seconds
[2023-08-26T02:24:54.175+0000] {processor.py:157} INFO - Started process (PID=3680) to work on /home/airflow/.local/lib/python3.7/site-packages/airflow/example_dags/example_params_trigger_ui.py
[2023-08-26T02:24:54.177+0000] {processor.py:826} INFO - Processing file /home/airflow/.local/lib/python3.7/site-packages/airflow/example_dags/example_params_trigger_ui.py for tasks to queue
[2023-08-26T02:24:54.178+0000] {logging_mixin.py:150} INFO - [2023-08-26T02:24:54.178+0000] {dagbag.py:541} INFO - Filling up the DagBag from /home/airflow/.local/lib/python3.7/site-packages/airflow/example_dags/example_params_trigger_ui.py
[2023-08-26T02:24:54.204+0000] {processor.py:836} INFO - DAG(s) dict_keys(['example_params_trigger_ui']) retrieved from /home/airflow/.local/lib/python3.7/site-packages/airflow/example_dags/example_params_trigger_ui.py
[2023-08-26T02:24:54.317+0000] {logging_mixin.py:150} INFO - [2023-08-26T02:24:54.317+0000] {dag.py:2742} INFO - Sync 1 DAGs
[2023-08-26T02:24:54.351+0000] {logging_mixin.py:150} INFO - [2023-08-26T02:24:54.351+0000] {dag.py:3508} INFO - Setting next_dagrun for example_params_trigger_ui to None, run_after=None
[2023-08-26T02:24:54.396+0000] {processor.py:179} INFO - Processing /home/airflow/.local/lib/python3.7/site-packages/airflow/example_dags/example_params_trigger_ui.py took 0.225 seconds
[2023-08-26T02:25:24.459+0000] {processor.py:157} INFO - Started process (PID=3759) to work on /home/airflow/.local/lib/python3.7/site-packages/airflow/example_dags/example_params_trigger_ui.py
[2023-08-26T02:25:24.461+0000] {processor.py:826} INFO - Processing file /home/airflow/.local/lib/python3.7/site-packages/airflow/example_dags/example_params_trigger_ui.py for tasks to queue
[2023-08-26T02:25:24.462+0000] {logging_mixin.py:150} INFO - [2023-08-26T02:25:24.462+0000] {dagbag.py:541} INFO - Filling up the DagBag from /home/airflow/.local/lib/python3.7/site-packages/airflow/example_dags/example_params_trigger_ui.py
[2023-08-26T02:25:24.485+0000] {processor.py:836} INFO - DAG(s) dict_keys(['example_params_trigger_ui']) retrieved from /home/airflow/.local/lib/python3.7/site-packages/airflow/example_dags/example_params_trigger_ui.py
[2023-08-26T02:25:24.585+0000] {logging_mixin.py:150} INFO - [2023-08-26T02:25:24.585+0000] {dag.py:2742} INFO - Sync 1 DAGs
[2023-08-26T02:25:24.618+0000] {logging_mixin.py:150} INFO - [2023-08-26T02:25:24.617+0000] {dag.py:3508} INFO - Setting next_dagrun for example_params_trigger_ui to None, run_after=None
[2023-08-26T02:25:24.657+0000] {processor.py:179} INFO - Processing /home/airflow/.local/lib/python3.7/site-packages/airflow/example_dags/example_params_trigger_ui.py took 0.200 seconds
[2023-08-26T02:25:54.866+0000] {processor.py:157} INFO - Started process (PID=3838) to work on /home/airflow/.local/lib/python3.7/site-packages/airflow/example_dags/example_params_trigger_ui.py
[2023-08-26T02:25:54.867+0000] {processor.py:826} INFO - Processing file /home/airflow/.local/lib/python3.7/site-packages/airflow/example_dags/example_params_trigger_ui.py for tasks to queue
[2023-08-26T02:25:54.869+0000] {logging_mixin.py:150} INFO - [2023-08-26T02:25:54.869+0000] {dagbag.py:541} INFO - Filling up the DagBag from /home/airflow/.local/lib/python3.7/site-packages/airflow/example_dags/example_params_trigger_ui.py
[2023-08-26T02:25:54.893+0000] {processor.py:836} INFO - DAG(s) dict_keys(['example_params_trigger_ui']) retrieved from /home/airflow/.local/lib/python3.7/site-packages/airflow/example_dags/example_params_trigger_ui.py
[2023-08-26T02:25:54.983+0000] {logging_mixin.py:150} INFO - [2023-08-26T02:25:54.982+0000] {dag.py:2742} INFO - Sync 1 DAGs
[2023-08-26T02:25:55.013+0000] {logging_mixin.py:150} INFO - [2023-08-26T02:25:55.013+0000] {dag.py:3508} INFO - Setting next_dagrun for example_params_trigger_ui to None, run_after=None
[2023-08-26T02:25:55.051+0000] {processor.py:179} INFO - Processing /home/airflow/.local/lib/python3.7/site-packages/airflow/example_dags/example_params_trigger_ui.py took 0.188 seconds
[2023-08-26T02:26:25.581+0000] {processor.py:157} INFO - Started process (PID=3917) to work on /home/airflow/.local/lib/python3.7/site-packages/airflow/example_dags/example_params_trigger_ui.py
[2023-08-26T02:26:25.582+0000] {processor.py:826} INFO - Processing file /home/airflow/.local/lib/python3.7/site-packages/airflow/example_dags/example_params_trigger_ui.py for tasks to queue
[2023-08-26T02:26:25.583+0000] {logging_mixin.py:150} INFO - [2023-08-26T02:26:25.583+0000] {dagbag.py:541} INFO - Filling up the DagBag from /home/airflow/.local/lib/python3.7/site-packages/airflow/example_dags/example_params_trigger_ui.py
[2023-08-26T02:26:25.607+0000] {processor.py:836} INFO - DAG(s) dict_keys(['example_params_trigger_ui']) retrieved from /home/airflow/.local/lib/python3.7/site-packages/airflow/example_dags/example_params_trigger_ui.py
[2023-08-26T02:26:25.707+0000] {logging_mixin.py:150} INFO - [2023-08-26T02:26:25.707+0000] {dag.py:2742} INFO - Sync 1 DAGs
[2023-08-26T02:26:25.740+0000] {logging_mixin.py:150} INFO - [2023-08-26T02:26:25.739+0000] {dag.py:3508} INFO - Setting next_dagrun for example_params_trigger_ui to None, run_after=None
[2023-08-26T02:26:25.798+0000] {processor.py:179} INFO - Processing /home/airflow/.local/lib/python3.7/site-packages/airflow/example_dags/example_params_trigger_ui.py took 0.220 seconds
[2023-08-26T02:26:56.172+0000] {processor.py:157} INFO - Started process (PID=3996) to work on /home/airflow/.local/lib/python3.7/site-packages/airflow/example_dags/example_params_trigger_ui.py
[2023-08-26T02:26:56.173+0000] {processor.py:826} INFO - Processing file /home/airflow/.local/lib/python3.7/site-packages/airflow/example_dags/example_params_trigger_ui.py for tasks to queue
[2023-08-26T02:26:56.175+0000] {logging_mixin.py:150} INFO - [2023-08-26T02:26:56.174+0000] {dagbag.py:541} INFO - Filling up the DagBag from /home/airflow/.local/lib/python3.7/site-packages/airflow/example_dags/example_params_trigger_ui.py
[2023-08-26T02:26:56.201+0000] {processor.py:836} INFO - DAG(s) dict_keys(['example_params_trigger_ui']) retrieved from /home/airflow/.local/lib/python3.7/site-packages/airflow/example_dags/example_params_trigger_ui.py
[2023-08-26T02:26:56.304+0000] {logging_mixin.py:150} INFO - [2023-08-26T02:26:56.304+0000] {dag.py:2742} INFO - Sync 1 DAGs
[2023-08-26T02:26:56.335+0000] {logging_mixin.py:150} INFO - [2023-08-26T02:26:56.334+0000] {dag.py:3508} INFO - Setting next_dagrun for example_params_trigger_ui to None, run_after=None
[2023-08-26T02:26:56.376+0000] {processor.py:179} INFO - Processing /home/airflow/.local/lib/python3.7/site-packages/airflow/example_dags/example_params_trigger_ui.py took 0.208 seconds
[2023-08-26T02:27:26.796+0000] {processor.py:157} INFO - Started process (PID=4077) to work on /home/airflow/.local/lib/python3.7/site-packages/airflow/example_dags/example_params_trigger_ui.py
[2023-08-26T02:27:26.797+0000] {processor.py:826} INFO - Processing file /home/airflow/.local/lib/python3.7/site-packages/airflow/example_dags/example_params_trigger_ui.py for tasks to queue
[2023-08-26T02:27:26.799+0000] {logging_mixin.py:150} INFO - [2023-08-26T02:27:26.798+0000] {dagbag.py:541} INFO - Filling up the DagBag from /home/airflow/.local/lib/python3.7/site-packages/airflow/example_dags/example_params_trigger_ui.py
[2023-08-26T02:27:26.825+0000] {processor.py:836} INFO - DAG(s) dict_keys(['example_params_trigger_ui']) retrieved from /home/airflow/.local/lib/python3.7/site-packages/airflow/example_dags/example_params_trigger_ui.py
[2023-08-26T02:27:26.920+0000] {logging_mixin.py:150} INFO - [2023-08-26T02:27:26.919+0000] {dag.py:2742} INFO - Sync 1 DAGs
[2023-08-26T02:27:26.949+0000] {logging_mixin.py:150} INFO - [2023-08-26T02:27:26.949+0000] {dag.py:3508} INFO - Setting next_dagrun for example_params_trigger_ui to None, run_after=None
[2023-08-26T02:27:26.987+0000] {processor.py:179} INFO - Processing /home/airflow/.local/lib/python3.7/site-packages/airflow/example_dags/example_params_trigger_ui.py took 0.194 seconds
[2023-08-26T02:27:57.136+0000] {processor.py:157} INFO - Started process (PID=4161) to work on /home/airflow/.local/lib/python3.7/site-packages/airflow/example_dags/example_params_trigger_ui.py
[2023-08-26T02:27:57.137+0000] {processor.py:826} INFO - Processing file /home/airflow/.local/lib/python3.7/site-packages/airflow/example_dags/example_params_trigger_ui.py for tasks to queue
[2023-08-26T02:27:57.138+0000] {logging_mixin.py:150} INFO - [2023-08-26T02:27:57.138+0000] {dagbag.py:541} INFO - Filling up the DagBag from /home/airflow/.local/lib/python3.7/site-packages/airflow/example_dags/example_params_trigger_ui.py
[2023-08-26T02:27:57.161+0000] {processor.py:836} INFO - DAG(s) dict_keys(['example_params_trigger_ui']) retrieved from /home/airflow/.local/lib/python3.7/site-packages/airflow/example_dags/example_params_trigger_ui.py
[2023-08-26T02:27:57.256+0000] {logging_mixin.py:150} INFO - [2023-08-26T02:27:57.256+0000] {dag.py:2742} INFO - Sync 1 DAGs
[2023-08-26T02:27:57.288+0000] {logging_mixin.py:150} INFO - [2023-08-26T02:27:57.288+0000] {dag.py:3508} INFO - Setting next_dagrun for example_params_trigger_ui to None, run_after=None
[2023-08-26T02:27:57.329+0000] {processor.py:179} INFO - Processing /home/airflow/.local/lib/python3.7/site-packages/airflow/example_dags/example_params_trigger_ui.py took 0.198 seconds
[2023-08-26T02:28:28.011+0000] {processor.py:157} INFO - Started process (PID=4240) to work on /home/airflow/.local/lib/python3.7/site-packages/airflow/example_dags/example_params_trigger_ui.py
[2023-08-26T02:28:28.013+0000] {processor.py:826} INFO - Processing file /home/airflow/.local/lib/python3.7/site-packages/airflow/example_dags/example_params_trigger_ui.py for tasks to queue
[2023-08-26T02:28:28.015+0000] {logging_mixin.py:150} INFO - [2023-08-26T02:28:28.014+0000] {dagbag.py:541} INFO - Filling up the DagBag from /home/airflow/.local/lib/python3.7/site-packages/airflow/example_dags/example_params_trigger_ui.py
[2023-08-26T02:28:28.040+0000] {processor.py:836} INFO - DAG(s) dict_keys(['example_params_trigger_ui']) retrieved from /home/airflow/.local/lib/python3.7/site-packages/airflow/example_dags/example_params_trigger_ui.py
[2023-08-26T02:28:28.146+0000] {logging_mixin.py:150} INFO - [2023-08-26T02:28:28.146+0000] {dag.py:2742} INFO - Sync 1 DAGs
[2023-08-26T02:28:28.174+0000] {logging_mixin.py:150} INFO - [2023-08-26T02:28:28.174+0000] {dag.py:3508} INFO - Setting next_dagrun for example_params_trigger_ui to None, run_after=None
[2023-08-26T02:28:28.259+0000] {processor.py:179} INFO - Processing /home/airflow/.local/lib/python3.7/site-packages/airflow/example_dags/example_params_trigger_ui.py took 0.254 seconds
[2023-08-26T02:28:58.733+0000] {processor.py:157} INFO - Started process (PID=4319) to work on /home/airflow/.local/lib/python3.7/site-packages/airflow/example_dags/example_params_trigger_ui.py
[2023-08-26T02:28:58.735+0000] {processor.py:826} INFO - Processing file /home/airflow/.local/lib/python3.7/site-packages/airflow/example_dags/example_params_trigger_ui.py for tasks to queue
[2023-08-26T02:28:58.736+0000] {logging_mixin.py:150} INFO - [2023-08-26T02:28:58.735+0000] {dagbag.py:541} INFO - Filling up the DagBag from /home/airflow/.local/lib/python3.7/site-packages/airflow/example_dags/example_params_trigger_ui.py
[2023-08-26T02:28:58.765+0000] {processor.py:836} INFO - DAG(s) dict_keys(['example_params_trigger_ui']) retrieved from /home/airflow/.local/lib/python3.7/site-packages/airflow/example_dags/example_params_trigger_ui.py
[2023-08-26T02:28:58.941+0000] {logging_mixin.py:150} INFO - [2023-08-26T02:28:58.941+0000] {dag.py:2742} INFO - Sync 1 DAGs
[2023-08-26T02:28:58.970+0000] {logging_mixin.py:150} INFO - [2023-08-26T02:28:58.969+0000] {dag.py:3508} INFO - Setting next_dagrun for example_params_trigger_ui to None, run_after=None
[2023-08-26T02:28:59.043+0000] {processor.py:179} INFO - Processing /home/airflow/.local/lib/python3.7/site-packages/airflow/example_dags/example_params_trigger_ui.py took 0.313 seconds
[2023-08-26T02:29:29.197+0000] {processor.py:157} INFO - Started process (PID=4399) to work on /home/airflow/.local/lib/python3.7/site-packages/airflow/example_dags/example_params_trigger_ui.py
[2023-08-26T02:29:29.198+0000] {processor.py:826} INFO - Processing file /home/airflow/.local/lib/python3.7/site-packages/airflow/example_dags/example_params_trigger_ui.py for tasks to queue
[2023-08-26T02:29:29.200+0000] {logging_mixin.py:150} INFO - [2023-08-26T02:29:29.199+0000] {dagbag.py:541} INFO - Filling up the DagBag from /home/airflow/.local/lib/python3.7/site-packages/airflow/example_dags/example_params_trigger_ui.py
[2023-08-26T02:29:29.227+0000] {processor.py:836} INFO - DAG(s) dict_keys(['example_params_trigger_ui']) retrieved from /home/airflow/.local/lib/python3.7/site-packages/airflow/example_dags/example_params_trigger_ui.py
[2023-08-26T02:29:29.325+0000] {logging_mixin.py:150} INFO - [2023-08-26T02:29:29.325+0000] {dag.py:2742} INFO - Sync 1 DAGs
[2023-08-26T02:29:29.353+0000] {logging_mixin.py:150} INFO - [2023-08-26T02:29:29.353+0000] {dag.py:3508} INFO - Setting next_dagrun for example_params_trigger_ui to None, run_after=None
[2023-08-26T02:29:29.392+0000] {processor.py:179} INFO - Processing /home/airflow/.local/lib/python3.7/site-packages/airflow/example_dags/example_params_trigger_ui.py took 0.200 seconds
[2023-08-26T02:29:59.738+0000] {processor.py:157} INFO - Started process (PID=4477) to work on /home/airflow/.local/lib/python3.7/site-packages/airflow/example_dags/example_params_trigger_ui.py
[2023-08-26T02:29:59.739+0000] {processor.py:826} INFO - Processing file /home/airflow/.local/lib/python3.7/site-packages/airflow/example_dags/example_params_trigger_ui.py for tasks to queue
[2023-08-26T02:29:59.740+0000] {logging_mixin.py:150} INFO - [2023-08-26T02:29:59.740+0000] {dagbag.py:541} INFO - Filling up the DagBag from /home/airflow/.local/lib/python3.7/site-packages/airflow/example_dags/example_params_trigger_ui.py
[2023-08-26T02:29:59.763+0000] {processor.py:836} INFO - DAG(s) dict_keys(['example_params_trigger_ui']) retrieved from /home/airflow/.local/lib/python3.7/site-packages/airflow/example_dags/example_params_trigger_ui.py
[2023-08-26T02:29:59.854+0000] {logging_mixin.py:150} INFO - [2023-08-26T02:29:59.854+0000] {dag.py:2742} INFO - Sync 1 DAGs
[2023-08-26T02:29:59.880+0000] {logging_mixin.py:150} INFO - [2023-08-26T02:29:59.880+0000] {dag.py:3508} INFO - Setting next_dagrun for example_params_trigger_ui to None, run_after=None
[2023-08-26T02:29:59.918+0000] {processor.py:179} INFO - Processing /home/airflow/.local/lib/python3.7/site-packages/airflow/example_dags/example_params_trigger_ui.py took 0.183 seconds
[2023-08-26T02:30:30.515+0000] {processor.py:157} INFO - Started process (PID=4556) to work on /home/airflow/.local/lib/python3.7/site-packages/airflow/example_dags/example_params_trigger_ui.py
[2023-08-26T02:30:30.516+0000] {processor.py:826} INFO - Processing file /home/airflow/.local/lib/python3.7/site-packages/airflow/example_dags/example_params_trigger_ui.py for tasks to queue
[2023-08-26T02:30:30.518+0000] {logging_mixin.py:150} INFO - [2023-08-26T02:30:30.517+0000] {dagbag.py:541} INFO - Filling up the DagBag from /home/airflow/.local/lib/python3.7/site-packages/airflow/example_dags/example_params_trigger_ui.py
[2023-08-26T02:30:30.546+0000] {processor.py:836} INFO - DAG(s) dict_keys(['example_params_trigger_ui']) retrieved from /home/airflow/.local/lib/python3.7/site-packages/airflow/example_dags/example_params_trigger_ui.py
[2023-08-26T02:30:30.688+0000] {logging_mixin.py:150} INFO - [2023-08-26T02:30:30.687+0000] {dag.py:2742} INFO - Sync 1 DAGs
[2023-08-26T02:30:30.718+0000] {logging_mixin.py:150} INFO - [2023-08-26T02:30:30.718+0000] {dag.py:3508} INFO - Setting next_dagrun for example_params_trigger_ui to None, run_after=None
[2023-08-26T02:30:30.758+0000] {processor.py:179} INFO - Processing /home/airflow/.local/lib/python3.7/site-packages/airflow/example_dags/example_params_trigger_ui.py took 0.247 seconds
[2023-08-26T02:31:01.076+0000] {processor.py:157} INFO - Started process (PID=4635) to work on /home/airflow/.local/lib/python3.7/site-packages/airflow/example_dags/example_params_trigger_ui.py
[2023-08-26T02:31:01.078+0000] {processor.py:826} INFO - Processing file /home/airflow/.local/lib/python3.7/site-packages/airflow/example_dags/example_params_trigger_ui.py for tasks to queue
[2023-08-26T02:31:01.079+0000] {logging_mixin.py:150} INFO - [2023-08-26T02:31:01.078+0000] {dagbag.py:541} INFO - Filling up the DagBag from /home/airflow/.local/lib/python3.7/site-packages/airflow/example_dags/example_params_trigger_ui.py
[2023-08-26T02:31:01.102+0000] {processor.py:836} INFO - DAG(s) dict_keys(['example_params_trigger_ui']) retrieved from /home/airflow/.local/lib/python3.7/site-packages/airflow/example_dags/example_params_trigger_ui.py
[2023-08-26T02:31:01.194+0000] {logging_mixin.py:150} INFO - [2023-08-26T02:31:01.194+0000] {dag.py:2742} INFO - Sync 1 DAGs
[2023-08-26T02:31:01.220+0000] {logging_mixin.py:150} INFO - [2023-08-26T02:31:01.220+0000] {dag.py:3508} INFO - Setting next_dagrun for example_params_trigger_ui to None, run_after=None
[2023-08-26T02:31:01.258+0000] {processor.py:179} INFO - Processing /home/airflow/.local/lib/python3.7/site-packages/airflow/example_dags/example_params_trigger_ui.py took 0.185 seconds
[2023-08-26T02:31:31.449+0000] {processor.py:157} INFO - Started process (PID=4715) to work on /home/airflow/.local/lib/python3.7/site-packages/airflow/example_dags/example_params_trigger_ui.py
[2023-08-26T02:31:31.450+0000] {processor.py:826} INFO - Processing file /home/airflow/.local/lib/python3.7/site-packages/airflow/example_dags/example_params_trigger_ui.py for tasks to queue
[2023-08-26T02:31:31.451+0000] {logging_mixin.py:150} INFO - [2023-08-26T02:31:31.451+0000] {dagbag.py:541} INFO - Filling up the DagBag from /home/airflow/.local/lib/python3.7/site-packages/airflow/example_dags/example_params_trigger_ui.py
[2023-08-26T02:31:31.475+0000] {processor.py:836} INFO - DAG(s) dict_keys(['example_params_trigger_ui']) retrieved from /home/airflow/.local/lib/python3.7/site-packages/airflow/example_dags/example_params_trigger_ui.py
[2023-08-26T02:31:31.578+0000] {logging_mixin.py:150} INFO - [2023-08-26T02:31:31.578+0000] {dag.py:2742} INFO - Sync 1 DAGs
[2023-08-26T02:31:31.605+0000] {logging_mixin.py:150} INFO - [2023-08-26T02:31:31.604+0000] {dag.py:3508} INFO - Setting next_dagrun for example_params_trigger_ui to None, run_after=None
[2023-08-26T02:31:31.644+0000] {processor.py:179} INFO - Processing /home/airflow/.local/lib/python3.7/site-packages/airflow/example_dags/example_params_trigger_ui.py took 0.199 seconds
[2023-08-26T02:32:02.072+0000] {processor.py:157} INFO - Started process (PID=4794) to work on /home/airflow/.local/lib/python3.7/site-packages/airflow/example_dags/example_params_trigger_ui.py
[2023-08-26T02:32:02.074+0000] {processor.py:826} INFO - Processing file /home/airflow/.local/lib/python3.7/site-packages/airflow/example_dags/example_params_trigger_ui.py for tasks to queue
[2023-08-26T02:32:02.075+0000] {logging_mixin.py:150} INFO - [2023-08-26T02:32:02.075+0000] {dagbag.py:541} INFO - Filling up the DagBag from /home/airflow/.local/lib/python3.7/site-packages/airflow/example_dags/example_params_trigger_ui.py
[2023-08-26T02:32:02.101+0000] {processor.py:836} INFO - DAG(s) dict_keys(['example_params_trigger_ui']) retrieved from /home/airflow/.local/lib/python3.7/site-packages/airflow/example_dags/example_params_trigger_ui.py
[2023-08-26T02:32:02.223+0000] {logging_mixin.py:150} INFO - [2023-08-26T02:32:02.223+0000] {dag.py:2742} INFO - Sync 1 DAGs
[2023-08-26T02:32:02.249+0000] {logging_mixin.py:150} INFO - [2023-08-26T02:32:02.249+0000] {dag.py:3508} INFO - Setting next_dagrun for example_params_trigger_ui to None, run_after=None
[2023-08-26T02:32:02.286+0000] {processor.py:179} INFO - Processing /home/airflow/.local/lib/python3.7/site-packages/airflow/example_dags/example_params_trigger_ui.py took 0.218 seconds
[2023-08-26T02:32:32.945+0000] {processor.py:157} INFO - Started process (PID=4873) to work on /home/airflow/.local/lib/python3.7/site-packages/airflow/example_dags/example_params_trigger_ui.py
[2023-08-26T02:32:32.946+0000] {processor.py:826} INFO - Processing file /home/airflow/.local/lib/python3.7/site-packages/airflow/example_dags/example_params_trigger_ui.py for tasks to queue
[2023-08-26T02:32:32.947+0000] {logging_mixin.py:150} INFO - [2023-08-26T02:32:32.946+0000] {dagbag.py:541} INFO - Filling up the DagBag from /home/airflow/.local/lib/python3.7/site-packages/airflow/example_dags/example_params_trigger_ui.py
[2023-08-26T02:32:32.970+0000] {processor.py:836} INFO - DAG(s) dict_keys(['example_params_trigger_ui']) retrieved from /home/airflow/.local/lib/python3.7/site-packages/airflow/example_dags/example_params_trigger_ui.py
[2023-08-26T02:32:33.068+0000] {logging_mixin.py:150} INFO - [2023-08-26T02:32:33.068+0000] {dag.py:2742} INFO - Sync 1 DAGs
[2023-08-26T02:32:33.097+0000] {logging_mixin.py:150} INFO - [2023-08-26T02:32:33.096+0000] {dag.py:3508} INFO - Setting next_dagrun for example_params_trigger_ui to None, run_after=None
[2023-08-26T02:32:33.156+0000] {processor.py:179} INFO - Processing /home/airflow/.local/lib/python3.7/site-packages/airflow/example_dags/example_params_trigger_ui.py took 0.216 seconds
[2023-08-26T02:33:03.631+0000] {processor.py:157} INFO - Started process (PID=4952) to work on /home/airflow/.local/lib/python3.7/site-packages/airflow/example_dags/example_params_trigger_ui.py
[2023-08-26T02:33:03.633+0000] {processor.py:826} INFO - Processing file /home/airflow/.local/lib/python3.7/site-packages/airflow/example_dags/example_params_trigger_ui.py for tasks to queue
[2023-08-26T02:33:03.634+0000] {logging_mixin.py:150} INFO - [2023-08-26T02:33:03.634+0000] {dagbag.py:541} INFO - Filling up the DagBag from /home/airflow/.local/lib/python3.7/site-packages/airflow/example_dags/example_params_trigger_ui.py
[2023-08-26T02:33:03.659+0000] {processor.py:836} INFO - DAG(s) dict_keys(['example_params_trigger_ui']) retrieved from /home/airflow/.local/lib/python3.7/site-packages/airflow/example_dags/example_params_trigger_ui.py
[2023-08-26T02:33:03.752+0000] {logging_mixin.py:150} INFO - [2023-08-26T02:33:03.752+0000] {dag.py:2742} INFO - Sync 1 DAGs
[2023-08-26T02:33:03.787+0000] {logging_mixin.py:150} INFO - [2023-08-26T02:33:03.787+0000] {dag.py:3508} INFO - Setting next_dagrun for example_params_trigger_ui to None, run_after=None
[2023-08-26T02:33:03.852+0000] {processor.py:179} INFO - Processing /home/airflow/.local/lib/python3.7/site-packages/airflow/example_dags/example_params_trigger_ui.py took 0.224 seconds
[2023-08-26T02:33:34.414+0000] {processor.py:157} INFO - Started process (PID=5031) to work on /home/airflow/.local/lib/python3.7/site-packages/airflow/example_dags/example_params_trigger_ui.py
[2023-08-26T02:33:34.415+0000] {processor.py:826} INFO - Processing file /home/airflow/.local/lib/python3.7/site-packages/airflow/example_dags/example_params_trigger_ui.py for tasks to queue
[2023-08-26T02:33:34.416+0000] {logging_mixin.py:150} INFO - [2023-08-26T02:33:34.416+0000] {dagbag.py:541} INFO - Filling up the DagBag from /home/airflow/.local/lib/python3.7/site-packages/airflow/example_dags/example_params_trigger_ui.py
[2023-08-26T02:33:34.439+0000] {processor.py:836} INFO - DAG(s) dict_keys(['example_params_trigger_ui']) retrieved from /home/airflow/.local/lib/python3.7/site-packages/airflow/example_dags/example_params_trigger_ui.py
[2023-08-26T02:33:34.534+0000] {logging_mixin.py:150} INFO - [2023-08-26T02:33:34.533+0000] {dag.py:2742} INFO - Sync 1 DAGs
[2023-08-26T02:33:34.562+0000] {logging_mixin.py:150} INFO - [2023-08-26T02:33:34.561+0000] {dag.py:3508} INFO - Setting next_dagrun for example_params_trigger_ui to None, run_after=None
[2023-08-26T02:33:34.602+0000] {processor.py:179} INFO - Processing /home/airflow/.local/lib/python3.7/site-packages/airflow/example_dags/example_params_trigger_ui.py took 0.191 seconds
[2023-08-26T02:34:04.826+0000] {processor.py:157} INFO - Started process (PID=5110) to work on /home/airflow/.local/lib/python3.7/site-packages/airflow/example_dags/example_params_trigger_ui.py
[2023-08-26T02:34:04.828+0000] {processor.py:826} INFO - Processing file /home/airflow/.local/lib/python3.7/site-packages/airflow/example_dags/example_params_trigger_ui.py for tasks to queue
[2023-08-26T02:34:04.829+0000] {logging_mixin.py:150} INFO - [2023-08-26T02:34:04.829+0000] {dagbag.py:541} INFO - Filling up the DagBag from /home/airflow/.local/lib/python3.7/site-packages/airflow/example_dags/example_params_trigger_ui.py
[2023-08-26T02:34:04.854+0000] {processor.py:836} INFO - DAG(s) dict_keys(['example_params_trigger_ui']) retrieved from /home/airflow/.local/lib/python3.7/site-packages/airflow/example_dags/example_params_trigger_ui.py
[2023-08-26T02:34:04.958+0000] {logging_mixin.py:150} INFO - [2023-08-26T02:34:04.958+0000] {dag.py:2742} INFO - Sync 1 DAGs
[2023-08-26T02:34:04.984+0000] {logging_mixin.py:150} INFO - [2023-08-26T02:34:04.984+0000] {dag.py:3508} INFO - Setting next_dagrun for example_params_trigger_ui to None, run_after=None
[2023-08-26T02:34:05.025+0000] {processor.py:179} INFO - Processing /home/airflow/.local/lib/python3.7/site-packages/airflow/example_dags/example_params_trigger_ui.py took 0.202 seconds
[2023-08-26T02:34:35.345+0000] {processor.py:157} INFO - Started process (PID=5189) to work on /home/airflow/.local/lib/python3.7/site-packages/airflow/example_dags/example_params_trigger_ui.py
[2023-08-26T02:34:35.346+0000] {processor.py:826} INFO - Processing file /home/airflow/.local/lib/python3.7/site-packages/airflow/example_dags/example_params_trigger_ui.py for tasks to queue
[2023-08-26T02:34:35.347+0000] {logging_mixin.py:150} INFO - [2023-08-26T02:34:35.347+0000] {dagbag.py:541} INFO - Filling up the DagBag from /home/airflow/.local/lib/python3.7/site-packages/airflow/example_dags/example_params_trigger_ui.py
[2023-08-26T02:34:35.371+0000] {processor.py:836} INFO - DAG(s) dict_keys(['example_params_trigger_ui']) retrieved from /home/airflow/.local/lib/python3.7/site-packages/airflow/example_dags/example_params_trigger_ui.py
[2023-08-26T02:34:35.464+0000] {logging_mixin.py:150} INFO - [2023-08-26T02:34:35.464+0000] {dag.py:2742} INFO - Sync 1 DAGs
[2023-08-26T02:34:35.496+0000] {logging_mixin.py:150} INFO - [2023-08-26T02:34:35.496+0000] {dag.py:3508} INFO - Setting next_dagrun for example_params_trigger_ui to None, run_after=None
[2023-08-26T02:34:35.535+0000] {processor.py:179} INFO - Processing /home/airflow/.local/lib/python3.7/site-packages/airflow/example_dags/example_params_trigger_ui.py took 0.193 seconds
[2023-08-26T02:35:05.835+0000] {processor.py:157} INFO - Started process (PID=5268) to work on /home/airflow/.local/lib/python3.7/site-packages/airflow/example_dags/example_params_trigger_ui.py
[2023-08-26T02:35:05.837+0000] {processor.py:826} INFO - Processing file /home/airflow/.local/lib/python3.7/site-packages/airflow/example_dags/example_params_trigger_ui.py for tasks to queue
[2023-08-26T02:35:05.838+0000] {logging_mixin.py:150} INFO - [2023-08-26T02:35:05.838+0000] {dagbag.py:541} INFO - Filling up the DagBag from /home/airflow/.local/lib/python3.7/site-packages/airflow/example_dags/example_params_trigger_ui.py
[2023-08-26T02:35:05.860+0000] {processor.py:836} INFO - DAG(s) dict_keys(['example_params_trigger_ui']) retrieved from /home/airflow/.local/lib/python3.7/site-packages/airflow/example_dags/example_params_trigger_ui.py
[2023-08-26T02:35:05.948+0000] {logging_mixin.py:150} INFO - [2023-08-26T02:35:05.948+0000] {dag.py:2742} INFO - Sync 1 DAGs
[2023-08-26T02:35:05.975+0000] {logging_mixin.py:150} INFO - [2023-08-26T02:35:05.975+0000] {dag.py:3508} INFO - Setting next_dagrun for example_params_trigger_ui to None, run_after=None
[2023-08-26T02:35:06.013+0000] {processor.py:179} INFO - Processing /home/airflow/.local/lib/python3.7/site-packages/airflow/example_dags/example_params_trigger_ui.py took 0.181 seconds
[2023-08-26T02:35:36.338+0000] {processor.py:157} INFO - Started process (PID=5347) to work on /home/airflow/.local/lib/python3.7/site-packages/airflow/example_dags/example_params_trigger_ui.py
[2023-08-26T02:35:36.341+0000] {processor.py:826} INFO - Processing file /home/airflow/.local/lib/python3.7/site-packages/airflow/example_dags/example_params_trigger_ui.py for tasks to queue
[2023-08-26T02:35:36.343+0000] {logging_mixin.py:150} INFO - [2023-08-26T02:35:36.343+0000] {dagbag.py:541} INFO - Filling up the DagBag from /home/airflow/.local/lib/python3.7/site-packages/airflow/example_dags/example_params_trigger_ui.py
[2023-08-26T02:35:36.370+0000] {processor.py:836} INFO - DAG(s) dict_keys(['example_params_trigger_ui']) retrieved from /home/airflow/.local/lib/python3.7/site-packages/airflow/example_dags/example_params_trigger_ui.py
[2023-08-26T02:35:36.484+0000] {logging_mixin.py:150} INFO - [2023-08-26T02:35:36.483+0000] {dag.py:2742} INFO - Sync 1 DAGs
[2023-08-26T02:35:36.523+0000] {logging_mixin.py:150} INFO - [2023-08-26T02:35:36.522+0000] {dag.py:3508} INFO - Setting next_dagrun for example_params_trigger_ui to None, run_after=None
[2023-08-26T02:35:36.563+0000] {processor.py:179} INFO - Processing /home/airflow/.local/lib/python3.7/site-packages/airflow/example_dags/example_params_trigger_ui.py took 0.237 seconds
