[2023-08-26T02:01:28.362+0000] {processor.py:157} INFO - Started process (PID=67) to work on /home/airflow/.local/lib/python3.7/site-packages/airflow/example_dags/example_xcom.py
[2023-08-26T02:01:28.363+0000] {processor.py:826} INFO - Processing file /home/airflow/.local/lib/python3.7/site-packages/airflow/example_dags/example_xcom.py for tasks to queue
[2023-08-26T02:01:28.364+0000] {logging_mixin.py:150} INFO - [2023-08-26T02:01:28.364+0000] {dagbag.py:541} INFO - Filling up the DagBag from /home/airflow/.local/lib/python3.7/site-packages/airflow/example_dags/example_xcom.py
[2023-08-26T02:01:28.374+0000] {processor.py:836} INFO - DAG(s) dict_keys(['example_xcom']) retrieved from /home/airflow/.local/lib/python3.7/site-packages/airflow/example_dags/example_xcom.py
[2023-08-26T02:01:28.401+0000] {logging_mixin.py:150} INFO - [2023-08-26T02:01:28.401+0000] {dag.py:2742} INFO - Sync 1 DAGs
[2023-08-26T02:01:28.541+0000] {logging_mixin.py:150} INFO - [2023-08-26T02:01:28.541+0000] {dag.py:3508} INFO - Setting next_dagrun for example_xcom to 2021-01-01T00:00:00+00:00, run_after=2021-01-01T00:00:00+00:00
[2023-08-26T02:01:28.602+0000] {processor.py:179} INFO - Processing /home/airflow/.local/lib/python3.7/site-packages/airflow/example_dags/example_xcom.py took 0.245 seconds
[2023-08-26T02:01:58.841+0000] {processor.py:157} INFO - Started process (PID=146) to work on /home/airflow/.local/lib/python3.7/site-packages/airflow/example_dags/example_xcom.py
[2023-08-26T02:01:58.842+0000] {processor.py:826} INFO - Processing file /home/airflow/.local/lib/python3.7/site-packages/airflow/example_dags/example_xcom.py for tasks to queue
[2023-08-26T02:01:58.844+0000] {logging_mixin.py:150} INFO - [2023-08-26T02:01:58.843+0000] {dagbag.py:541} INFO - Filling up the DagBag from /home/airflow/.local/lib/python3.7/site-packages/airflow/example_dags/example_xcom.py
[2023-08-26T02:01:58.854+0000] {processor.py:836} INFO - DAG(s) dict_keys(['example_xcom']) retrieved from /home/airflow/.local/lib/python3.7/site-packages/airflow/example_dags/example_xcom.py
[2023-08-26T02:01:58.889+0000] {logging_mixin.py:150} INFO - [2023-08-26T02:01:58.888+0000] {dag.py:2742} INFO - Sync 1 DAGs
[2023-08-26T02:01:58.931+0000] {logging_mixin.py:150} INFO - [2023-08-26T02:01:58.930+0000] {dag.py:3508} INFO - Setting next_dagrun for example_xcom to 2021-01-01T00:00:00+00:00, run_after=2021-01-01T00:00:00+00:00
[2023-08-26T02:01:58.977+0000] {processor.py:179} INFO - Processing /home/airflow/.local/lib/python3.7/site-packages/airflow/example_dags/example_xcom.py took 0.139 seconds
[2023-08-26T02:02:29.326+0000] {processor.py:157} INFO - Started process (PID=225) to work on /home/airflow/.local/lib/python3.7/site-packages/airflow/example_dags/example_xcom.py
[2023-08-26T02:02:29.327+0000] {processor.py:826} INFO - Processing file /home/airflow/.local/lib/python3.7/site-packages/airflow/example_dags/example_xcom.py for tasks to queue
[2023-08-26T02:02:29.329+0000] {logging_mixin.py:150} INFO - [2023-08-26T02:02:29.328+0000] {dagbag.py:541} INFO - Filling up the DagBag from /home/airflow/.local/lib/python3.7/site-packages/airflow/example_dags/example_xcom.py
[2023-08-26T02:02:29.337+0000] {processor.py:836} INFO - DAG(s) dict_keys(['example_xcom']) retrieved from /home/airflow/.local/lib/python3.7/site-packages/airflow/example_dags/example_xcom.py
[2023-08-26T02:02:29.362+0000] {logging_mixin.py:150} INFO - [2023-08-26T02:02:29.362+0000] {dag.py:2742} INFO - Sync 1 DAGs
[2023-08-26T02:02:29.394+0000] {logging_mixin.py:150} INFO - [2023-08-26T02:02:29.394+0000] {dag.py:3508} INFO - Setting next_dagrun for example_xcom to 2021-01-01T00:00:00+00:00, run_after=2021-01-01T00:00:00+00:00
[2023-08-26T02:02:29.451+0000] {processor.py:179} INFO - Processing /home/airflow/.local/lib/python3.7/site-packages/airflow/example_dags/example_xcom.py took 0.129 seconds
[2023-08-26T02:03:00.229+0000] {processor.py:157} INFO - Started process (PID=304) to work on /home/airflow/.local/lib/python3.7/site-packages/airflow/example_dags/example_xcom.py
[2023-08-26T02:03:00.230+0000] {processor.py:826} INFO - Processing file /home/airflow/.local/lib/python3.7/site-packages/airflow/example_dags/example_xcom.py for tasks to queue
[2023-08-26T02:03:00.231+0000] {logging_mixin.py:150} INFO - [2023-08-26T02:03:00.231+0000] {dagbag.py:541} INFO - Filling up the DagBag from /home/airflow/.local/lib/python3.7/site-packages/airflow/example_dags/example_xcom.py
[2023-08-26T02:03:00.240+0000] {processor.py:836} INFO - DAG(s) dict_keys(['example_xcom']) retrieved from /home/airflow/.local/lib/python3.7/site-packages/airflow/example_dags/example_xcom.py
[2023-08-26T02:03:00.271+0000] {logging_mixin.py:150} INFO - [2023-08-26T02:03:00.270+0000] {dag.py:2742} INFO - Sync 1 DAGs
[2023-08-26T02:03:00.302+0000] {logging_mixin.py:150} INFO - [2023-08-26T02:03:00.302+0000] {dag.py:3508} INFO - Setting next_dagrun for example_xcom to 2021-01-01T00:00:00+00:00, run_after=2021-01-01T00:00:00+00:00
[2023-08-26T02:03:00.342+0000] {processor.py:179} INFO - Processing /home/airflow/.local/lib/python3.7/site-packages/airflow/example_dags/example_xcom.py took 0.118 seconds
[2023-08-26T02:03:30.862+0000] {processor.py:157} INFO - Started process (PID=383) to work on /home/airflow/.local/lib/python3.7/site-packages/airflow/example_dags/example_xcom.py
[2023-08-26T02:03:30.864+0000] {processor.py:826} INFO - Processing file /home/airflow/.local/lib/python3.7/site-packages/airflow/example_dags/example_xcom.py for tasks to queue
[2023-08-26T02:03:30.865+0000] {logging_mixin.py:150} INFO - [2023-08-26T02:03:30.865+0000] {dagbag.py:541} INFO - Filling up the DagBag from /home/airflow/.local/lib/python3.7/site-packages/airflow/example_dags/example_xcom.py
[2023-08-26T02:03:30.873+0000] {processor.py:836} INFO - DAG(s) dict_keys(['example_xcom']) retrieved from /home/airflow/.local/lib/python3.7/site-packages/airflow/example_dags/example_xcom.py
[2023-08-26T02:03:30.901+0000] {logging_mixin.py:150} INFO - [2023-08-26T02:03:30.900+0000] {dag.py:2742} INFO - Sync 1 DAGs
[2023-08-26T02:03:30.931+0000] {logging_mixin.py:150} INFO - [2023-08-26T02:03:30.931+0000] {dag.py:3508} INFO - Setting next_dagrun for example_xcom to 2021-01-01T00:00:00+00:00, run_after=2021-01-01T00:00:00+00:00
[2023-08-26T02:03:30.987+0000] {processor.py:179} INFO - Processing /home/airflow/.local/lib/python3.7/site-packages/airflow/example_dags/example_xcom.py took 0.128 seconds
[2023-08-26T02:04:01.739+0000] {processor.py:157} INFO - Started process (PID=462) to work on /home/airflow/.local/lib/python3.7/site-packages/airflow/example_dags/example_xcom.py
[2023-08-26T02:04:01.740+0000] {processor.py:826} INFO - Processing file /home/airflow/.local/lib/python3.7/site-packages/airflow/example_dags/example_xcom.py for tasks to queue
[2023-08-26T02:04:01.741+0000] {logging_mixin.py:150} INFO - [2023-08-26T02:04:01.741+0000] {dagbag.py:541} INFO - Filling up the DagBag from /home/airflow/.local/lib/python3.7/site-packages/airflow/example_dags/example_xcom.py
[2023-08-26T02:04:01.749+0000] {processor.py:836} INFO - DAG(s) dict_keys(['example_xcom']) retrieved from /home/airflow/.local/lib/python3.7/site-packages/airflow/example_dags/example_xcom.py
[2023-08-26T02:04:01.778+0000] {logging_mixin.py:150} INFO - [2023-08-26T02:04:01.777+0000] {dag.py:2742} INFO - Sync 1 DAGs
[2023-08-26T02:04:01.807+0000] {logging_mixin.py:150} INFO - [2023-08-26T02:04:01.807+0000] {dag.py:3508} INFO - Setting next_dagrun for example_xcom to 2021-01-01T00:00:00+00:00, run_after=2021-01-01T00:00:00+00:00
[2023-08-26T02:04:01.847+0000] {processor.py:179} INFO - Processing /home/airflow/.local/lib/python3.7/site-packages/airflow/example_dags/example_xcom.py took 0.112 seconds
[2023-08-26T02:04:32.335+0000] {processor.py:157} INFO - Started process (PID=541) to work on /home/airflow/.local/lib/python3.7/site-packages/airflow/example_dags/example_xcom.py
[2023-08-26T02:04:32.336+0000] {processor.py:826} INFO - Processing file /home/airflow/.local/lib/python3.7/site-packages/airflow/example_dags/example_xcom.py for tasks to queue
[2023-08-26T02:04:32.337+0000] {logging_mixin.py:150} INFO - [2023-08-26T02:04:32.337+0000] {dagbag.py:541} INFO - Filling up the DagBag from /home/airflow/.local/lib/python3.7/site-packages/airflow/example_dags/example_xcom.py
[2023-08-26T02:04:32.346+0000] {processor.py:836} INFO - DAG(s) dict_keys(['example_xcom']) retrieved from /home/airflow/.local/lib/python3.7/site-packages/airflow/example_dags/example_xcom.py
[2023-08-26T02:04:32.378+0000] {logging_mixin.py:150} INFO - [2023-08-26T02:04:32.377+0000] {dag.py:2742} INFO - Sync 1 DAGs
[2023-08-26T02:04:32.415+0000] {logging_mixin.py:150} INFO - [2023-08-26T02:04:32.415+0000] {dag.py:3508} INFO - Setting next_dagrun for example_xcom to 2021-01-01T00:00:00+00:00, run_after=2021-01-01T00:00:00+00:00
[2023-08-26T02:04:32.457+0000] {processor.py:179} INFO - Processing /home/airflow/.local/lib/python3.7/site-packages/airflow/example_dags/example_xcom.py took 0.126 seconds
[2023-08-26T02:05:02.864+0000] {processor.py:157} INFO - Started process (PID=620) to work on /home/airflow/.local/lib/python3.7/site-packages/airflow/example_dags/example_xcom.py
[2023-08-26T02:05:02.866+0000] {processor.py:826} INFO - Processing file /home/airflow/.local/lib/python3.7/site-packages/airflow/example_dags/example_xcom.py for tasks to queue
[2023-08-26T02:05:02.867+0000] {logging_mixin.py:150} INFO - [2023-08-26T02:05:02.867+0000] {dagbag.py:541} INFO - Filling up the DagBag from /home/airflow/.local/lib/python3.7/site-packages/airflow/example_dags/example_xcom.py
[2023-08-26T02:05:02.876+0000] {processor.py:836} INFO - DAG(s) dict_keys(['example_xcom']) retrieved from /home/airflow/.local/lib/python3.7/site-packages/airflow/example_dags/example_xcom.py
[2023-08-26T02:05:02.903+0000] {logging_mixin.py:150} INFO - [2023-08-26T02:05:02.903+0000] {dag.py:2742} INFO - Sync 1 DAGs
[2023-08-26T02:05:02.930+0000] {logging_mixin.py:150} INFO - [2023-08-26T02:05:02.930+0000] {dag.py:3508} INFO - Setting next_dagrun for example_xcom to 2021-01-01T00:00:00+00:00, run_after=2021-01-01T00:00:00+00:00
[2023-08-26T02:05:02.968+0000] {processor.py:179} INFO - Processing /home/airflow/.local/lib/python3.7/site-packages/airflow/example_dags/example_xcom.py took 0.109 seconds
[2023-08-26T02:05:34.073+0000] {processor.py:157} INFO - Started process (PID=699) to work on /home/airflow/.local/lib/python3.7/site-packages/airflow/example_dags/example_xcom.py
[2023-08-26T02:05:34.074+0000] {processor.py:826} INFO - Processing file /home/airflow/.local/lib/python3.7/site-packages/airflow/example_dags/example_xcom.py for tasks to queue
[2023-08-26T02:05:34.076+0000] {logging_mixin.py:150} INFO - [2023-08-26T02:05:34.075+0000] {dagbag.py:541} INFO - Filling up the DagBag from /home/airflow/.local/lib/python3.7/site-packages/airflow/example_dags/example_xcom.py
[2023-08-26T02:05:34.083+0000] {processor.py:836} INFO - DAG(s) dict_keys(['example_xcom']) retrieved from /home/airflow/.local/lib/python3.7/site-packages/airflow/example_dags/example_xcom.py
[2023-08-26T02:05:34.109+0000] {logging_mixin.py:150} INFO - [2023-08-26T02:05:34.108+0000] {dag.py:2742} INFO - Sync 1 DAGs
[2023-08-26T02:05:34.136+0000] {logging_mixin.py:150} INFO - [2023-08-26T02:05:34.136+0000] {dag.py:3508} INFO - Setting next_dagrun for example_xcom to 2021-01-01T00:00:00+00:00, run_after=2021-01-01T00:00:00+00:00
[2023-08-26T02:05:34.174+0000] {processor.py:179} INFO - Processing /home/airflow/.local/lib/python3.7/site-packages/airflow/example_dags/example_xcom.py took 0.106 seconds
[2023-08-26T02:06:04.602+0000] {processor.py:157} INFO - Started process (PID=778) to work on /home/airflow/.local/lib/python3.7/site-packages/airflow/example_dags/example_xcom.py
[2023-08-26T02:06:04.603+0000] {processor.py:826} INFO - Processing file /home/airflow/.local/lib/python3.7/site-packages/airflow/example_dags/example_xcom.py for tasks to queue
[2023-08-26T02:06:04.604+0000] {logging_mixin.py:150} INFO - [2023-08-26T02:06:04.604+0000] {dagbag.py:541} INFO - Filling up the DagBag from /home/airflow/.local/lib/python3.7/site-packages/airflow/example_dags/example_xcom.py
[2023-08-26T02:06:04.613+0000] {processor.py:836} INFO - DAG(s) dict_keys(['example_xcom']) retrieved from /home/airflow/.local/lib/python3.7/site-packages/airflow/example_dags/example_xcom.py
[2023-08-26T02:06:04.636+0000] {logging_mixin.py:150} INFO - [2023-08-26T02:06:04.636+0000] {dag.py:2742} INFO - Sync 1 DAGs
[2023-08-26T02:06:04.664+0000] {logging_mixin.py:150} INFO - [2023-08-26T02:06:04.664+0000] {dag.py:3508} INFO - Setting next_dagrun for example_xcom to 2021-01-01T00:00:00+00:00, run_after=2021-01-01T00:00:00+00:00
[2023-08-26T02:06:04.702+0000] {processor.py:179} INFO - Processing /home/airflow/.local/lib/python3.7/site-packages/airflow/example_dags/example_xcom.py took 0.104 seconds
[2023-08-26T02:06:35.249+0000] {processor.py:157} INFO - Started process (PID=857) to work on /home/airflow/.local/lib/python3.7/site-packages/airflow/example_dags/example_xcom.py
[2023-08-26T02:06:35.250+0000] {processor.py:826} INFO - Processing file /home/airflow/.local/lib/python3.7/site-packages/airflow/example_dags/example_xcom.py for tasks to queue
[2023-08-26T02:06:35.251+0000] {logging_mixin.py:150} INFO - [2023-08-26T02:06:35.251+0000] {dagbag.py:541} INFO - Filling up the DagBag from /home/airflow/.local/lib/python3.7/site-packages/airflow/example_dags/example_xcom.py
[2023-08-26T02:06:35.259+0000] {processor.py:836} INFO - DAG(s) dict_keys(['example_xcom']) retrieved from /home/airflow/.local/lib/python3.7/site-packages/airflow/example_dags/example_xcom.py
[2023-08-26T02:06:35.285+0000] {logging_mixin.py:150} INFO - [2023-08-26T02:06:35.284+0000] {dag.py:2742} INFO - Sync 1 DAGs
[2023-08-26T02:06:35.310+0000] {logging_mixin.py:150} INFO - [2023-08-26T02:06:35.310+0000] {dag.py:3508} INFO - Setting next_dagrun for example_xcom to 2021-01-01T00:00:00+00:00, run_after=2021-01-01T00:00:00+00:00
[2023-08-26T02:06:35.349+0000] {processor.py:179} INFO - Processing /home/airflow/.local/lib/python3.7/site-packages/airflow/example_dags/example_xcom.py took 0.103 seconds
[2023-08-26T02:07:05.719+0000] {processor.py:157} INFO - Started process (PID=936) to work on /home/airflow/.local/lib/python3.7/site-packages/airflow/example_dags/example_xcom.py
[2023-08-26T02:07:05.720+0000] {processor.py:826} INFO - Processing file /home/airflow/.local/lib/python3.7/site-packages/airflow/example_dags/example_xcom.py for tasks to queue
[2023-08-26T02:07:05.722+0000] {logging_mixin.py:150} INFO - [2023-08-26T02:07:05.721+0000] {dagbag.py:541} INFO - Filling up the DagBag from /home/airflow/.local/lib/python3.7/site-packages/airflow/example_dags/example_xcom.py
[2023-08-26T02:07:05.733+0000] {processor.py:836} INFO - DAG(s) dict_keys(['example_xcom']) retrieved from /home/airflow/.local/lib/python3.7/site-packages/airflow/example_dags/example_xcom.py
[2023-08-26T02:07:05.764+0000] {logging_mixin.py:150} INFO - [2023-08-26T02:07:05.764+0000] {dag.py:2742} INFO - Sync 1 DAGs
[2023-08-26T02:07:05.793+0000] {logging_mixin.py:150} INFO - [2023-08-26T02:07:05.793+0000] {dag.py:3508} INFO - Setting next_dagrun for example_xcom to 2021-01-01T00:00:00+00:00, run_after=2021-01-01T00:00:00+00:00
[2023-08-26T02:07:05.833+0000] {processor.py:179} INFO - Processing /home/airflow/.local/lib/python3.7/site-packages/airflow/example_dags/example_xcom.py took 0.117 seconds
[2023-08-26T02:07:36.516+0000] {processor.py:157} INFO - Started process (PID=1015) to work on /home/airflow/.local/lib/python3.7/site-packages/airflow/example_dags/example_xcom.py
[2023-08-26T02:07:36.518+0000] {processor.py:826} INFO - Processing file /home/airflow/.local/lib/python3.7/site-packages/airflow/example_dags/example_xcom.py for tasks to queue
[2023-08-26T02:07:36.519+0000] {logging_mixin.py:150} INFO - [2023-08-26T02:07:36.519+0000] {dagbag.py:541} INFO - Filling up the DagBag from /home/airflow/.local/lib/python3.7/site-packages/airflow/example_dags/example_xcom.py
[2023-08-26T02:07:36.527+0000] {processor.py:836} INFO - DAG(s) dict_keys(['example_xcom']) retrieved from /home/airflow/.local/lib/python3.7/site-packages/airflow/example_dags/example_xcom.py
[2023-08-26T02:07:36.557+0000] {logging_mixin.py:150} INFO - [2023-08-26T02:07:36.557+0000] {dag.py:2742} INFO - Sync 1 DAGs
[2023-08-26T02:07:36.584+0000] {logging_mixin.py:150} INFO - [2023-08-26T02:07:36.584+0000] {dag.py:3508} INFO - Setting next_dagrun for example_xcom to 2021-01-01T00:00:00+00:00, run_after=2021-01-01T00:00:00+00:00
[2023-08-26T02:07:36.625+0000] {processor.py:179} INFO - Processing /home/airflow/.local/lib/python3.7/site-packages/airflow/example_dags/example_xcom.py took 0.112 seconds
[2023-08-26T02:08:06.962+0000] {processor.py:157} INFO - Started process (PID=1094) to work on /home/airflow/.local/lib/python3.7/site-packages/airflow/example_dags/example_xcom.py
[2023-08-26T02:08:06.963+0000] {processor.py:826} INFO - Processing file /home/airflow/.local/lib/python3.7/site-packages/airflow/example_dags/example_xcom.py for tasks to queue
[2023-08-26T02:08:06.964+0000] {logging_mixin.py:150} INFO - [2023-08-26T02:08:06.964+0000] {dagbag.py:541} INFO - Filling up the DagBag from /home/airflow/.local/lib/python3.7/site-packages/airflow/example_dags/example_xcom.py
[2023-08-26T02:08:06.972+0000] {processor.py:836} INFO - DAG(s) dict_keys(['example_xcom']) retrieved from /home/airflow/.local/lib/python3.7/site-packages/airflow/example_dags/example_xcom.py
[2023-08-26T02:08:06.996+0000] {logging_mixin.py:150} INFO - [2023-08-26T02:08:06.996+0000] {dag.py:2742} INFO - Sync 1 DAGs
[2023-08-26T02:08:07.022+0000] {logging_mixin.py:150} INFO - [2023-08-26T02:08:07.022+0000] {dag.py:3508} INFO - Setting next_dagrun for example_xcom to 2021-01-01T00:00:00+00:00, run_after=2021-01-01T00:00:00+00:00
[2023-08-26T02:08:07.058+0000] {processor.py:179} INFO - Processing /home/airflow/.local/lib/python3.7/site-packages/airflow/example_dags/example_xcom.py took 0.100 seconds
[2023-08-26T02:08:38.061+0000] {processor.py:157} INFO - Started process (PID=1173) to work on /home/airflow/.local/lib/python3.7/site-packages/airflow/example_dags/example_xcom.py
[2023-08-26T02:08:38.062+0000] {processor.py:826} INFO - Processing file /home/airflow/.local/lib/python3.7/site-packages/airflow/example_dags/example_xcom.py for tasks to queue
[2023-08-26T02:08:38.063+0000] {logging_mixin.py:150} INFO - [2023-08-26T02:08:38.063+0000] {dagbag.py:541} INFO - Filling up the DagBag from /home/airflow/.local/lib/python3.7/site-packages/airflow/example_dags/example_xcom.py
[2023-08-26T02:08:38.071+0000] {processor.py:836} INFO - DAG(s) dict_keys(['example_xcom']) retrieved from /home/airflow/.local/lib/python3.7/site-packages/airflow/example_dags/example_xcom.py
[2023-08-26T02:08:38.095+0000] {logging_mixin.py:150} INFO - [2023-08-26T02:08:38.095+0000] {dag.py:2742} INFO - Sync 1 DAGs
[2023-08-26T02:08:38.120+0000] {logging_mixin.py:150} INFO - [2023-08-26T02:08:38.120+0000] {dag.py:3508} INFO - Setting next_dagrun for example_xcom to 2021-01-01T00:00:00+00:00, run_after=2021-01-01T00:00:00+00:00
[2023-08-26T02:08:38.158+0000] {processor.py:179} INFO - Processing /home/airflow/.local/lib/python3.7/site-packages/airflow/example_dags/example_xcom.py took 0.101 seconds
[2023-08-26T02:09:09.295+0000] {processor.py:157} INFO - Started process (PID=1252) to work on /home/airflow/.local/lib/python3.7/site-packages/airflow/example_dags/example_xcom.py
[2023-08-26T02:09:09.297+0000] {processor.py:826} INFO - Processing file /home/airflow/.local/lib/python3.7/site-packages/airflow/example_dags/example_xcom.py for tasks to queue
[2023-08-26T02:09:09.298+0000] {logging_mixin.py:150} INFO - [2023-08-26T02:09:09.298+0000] {dagbag.py:541} INFO - Filling up the DagBag from /home/airflow/.local/lib/python3.7/site-packages/airflow/example_dags/example_xcom.py
[2023-08-26T02:09:09.307+0000] {processor.py:836} INFO - DAG(s) dict_keys(['example_xcom']) retrieved from /home/airflow/.local/lib/python3.7/site-packages/airflow/example_dags/example_xcom.py
[2023-08-26T02:09:09.332+0000] {logging_mixin.py:150} INFO - [2023-08-26T02:09:09.332+0000] {dag.py:2742} INFO - Sync 1 DAGs
[2023-08-26T02:09:09.358+0000] {logging_mixin.py:150} INFO - [2023-08-26T02:09:09.358+0000] {dag.py:3508} INFO - Setting next_dagrun for example_xcom to 2021-01-01T00:00:00+00:00, run_after=2021-01-01T00:00:00+00:00
[2023-08-26T02:09:09.395+0000] {processor.py:179} INFO - Processing /home/airflow/.local/lib/python3.7/site-packages/airflow/example_dags/example_xcom.py took 0.103 seconds
[2023-08-26T02:09:39.891+0000] {processor.py:157} INFO - Started process (PID=1331) to work on /home/airflow/.local/lib/python3.7/site-packages/airflow/example_dags/example_xcom.py
[2023-08-26T02:09:39.892+0000] {processor.py:826} INFO - Processing file /home/airflow/.local/lib/python3.7/site-packages/airflow/example_dags/example_xcom.py for tasks to queue
[2023-08-26T02:09:39.893+0000] {logging_mixin.py:150} INFO - [2023-08-26T02:09:39.892+0000] {dagbag.py:541} INFO - Filling up the DagBag from /home/airflow/.local/lib/python3.7/site-packages/airflow/example_dags/example_xcom.py
[2023-08-26T02:09:39.900+0000] {processor.py:836} INFO - DAG(s) dict_keys(['example_xcom']) retrieved from /home/airflow/.local/lib/python3.7/site-packages/airflow/example_dags/example_xcom.py
[2023-08-26T02:09:39.924+0000] {logging_mixin.py:150} INFO - [2023-08-26T02:09:39.924+0000] {dag.py:2742} INFO - Sync 1 DAGs
[2023-08-26T02:09:39.949+0000] {logging_mixin.py:150} INFO - [2023-08-26T02:09:39.949+0000] {dag.py:3508} INFO - Setting next_dagrun for example_xcom to 2021-01-01T00:00:00+00:00, run_after=2021-01-01T00:00:00+00:00
[2023-08-26T02:09:39.986+0000] {processor.py:179} INFO - Processing /home/airflow/.local/lib/python3.7/site-packages/airflow/example_dags/example_xcom.py took 0.099 seconds
[2023-08-26T02:10:11.601+0000] {processor.py:157} INFO - Started process (PID=1410) to work on /home/airflow/.local/lib/python3.7/site-packages/airflow/example_dags/example_xcom.py
[2023-08-26T02:10:11.602+0000] {processor.py:826} INFO - Processing file /home/airflow/.local/lib/python3.7/site-packages/airflow/example_dags/example_xcom.py for tasks to queue
[2023-08-26T02:10:11.604+0000] {logging_mixin.py:150} INFO - [2023-08-26T02:10:11.603+0000] {dagbag.py:541} INFO - Filling up the DagBag from /home/airflow/.local/lib/python3.7/site-packages/airflow/example_dags/example_xcom.py
[2023-08-26T02:10:11.613+0000] {processor.py:836} INFO - DAG(s) dict_keys(['example_xcom']) retrieved from /home/airflow/.local/lib/python3.7/site-packages/airflow/example_dags/example_xcom.py
[2023-08-26T02:10:11.641+0000] {logging_mixin.py:150} INFO - [2023-08-26T02:10:11.641+0000] {dag.py:2742} INFO - Sync 1 DAGs
[2023-08-26T02:10:11.670+0000] {logging_mixin.py:150} INFO - [2023-08-26T02:10:11.669+0000] {dag.py:3508} INFO - Setting next_dagrun for example_xcom to 2021-01-01T00:00:00+00:00, run_after=2021-01-01T00:00:00+00:00
[2023-08-26T02:10:11.709+0000] {processor.py:179} INFO - Processing /home/airflow/.local/lib/python3.7/site-packages/airflow/example_dags/example_xcom.py took 0.111 seconds
[2023-08-26T02:10:42.807+0000] {processor.py:157} INFO - Started process (PID=1489) to work on /home/airflow/.local/lib/python3.7/site-packages/airflow/example_dags/example_xcom.py
[2023-08-26T02:10:42.811+0000] {processor.py:826} INFO - Processing file /home/airflow/.local/lib/python3.7/site-packages/airflow/example_dags/example_xcom.py for tasks to queue
[2023-08-26T02:10:42.816+0000] {logging_mixin.py:150} INFO - [2023-08-26T02:10:42.815+0000] {dagbag.py:541} INFO - Filling up the DagBag from /home/airflow/.local/lib/python3.7/site-packages/airflow/example_dags/example_xcom.py
[2023-08-26T02:10:42.852+0000] {processor.py:836} INFO - DAG(s) dict_keys(['example_xcom']) retrieved from /home/airflow/.local/lib/python3.7/site-packages/airflow/example_dags/example_xcom.py
[2023-08-26T02:10:42.915+0000] {logging_mixin.py:150} INFO - [2023-08-26T02:10:42.915+0000] {dag.py:2742} INFO - Sync 1 DAGs
[2023-08-26T02:10:42.945+0000] {logging_mixin.py:150} INFO - [2023-08-26T02:10:42.945+0000] {dag.py:3508} INFO - Setting next_dagrun for example_xcom to 2021-01-01T00:00:00+00:00, run_after=2021-01-01T00:00:00+00:00
[2023-08-26T02:10:42.983+0000] {processor.py:179} INFO - Processing /home/airflow/.local/lib/python3.7/site-packages/airflow/example_dags/example_xcom.py took 0.192 seconds
[2023-08-26T02:11:13.083+0000] {processor.py:157} INFO - Started process (PID=1568) to work on /home/airflow/.local/lib/python3.7/site-packages/airflow/example_dags/example_xcom.py
[2023-08-26T02:11:13.086+0000] {processor.py:826} INFO - Processing file /home/airflow/.local/lib/python3.7/site-packages/airflow/example_dags/example_xcom.py for tasks to queue
[2023-08-26T02:11:13.090+0000] {logging_mixin.py:150} INFO - [2023-08-26T02:11:13.089+0000] {dagbag.py:541} INFO - Filling up the DagBag from /home/airflow/.local/lib/python3.7/site-packages/airflow/example_dags/example_xcom.py
[2023-08-26T02:11:13.104+0000] {processor.py:836} INFO - DAG(s) dict_keys(['example_xcom']) retrieved from /home/airflow/.local/lib/python3.7/site-packages/airflow/example_dags/example_xcom.py
[2023-08-26T02:11:13.145+0000] {logging_mixin.py:150} INFO - [2023-08-26T02:11:13.145+0000] {dag.py:2742} INFO - Sync 1 DAGs
[2023-08-26T02:11:13.178+0000] {logging_mixin.py:150} INFO - [2023-08-26T02:11:13.178+0000] {dag.py:3508} INFO - Setting next_dagrun for example_xcom to 2021-01-01T00:00:00+00:00, run_after=2021-01-01T00:00:00+00:00
[2023-08-26T02:11:13.218+0000] {processor.py:179} INFO - Processing /home/airflow/.local/lib/python3.7/site-packages/airflow/example_dags/example_xcom.py took 0.145 seconds
[2023-08-26T02:11:44.091+0000] {processor.py:157} INFO - Started process (PID=1647) to work on /home/airflow/.local/lib/python3.7/site-packages/airflow/example_dags/example_xcom.py
[2023-08-26T02:11:44.093+0000] {processor.py:826} INFO - Processing file /home/airflow/.local/lib/python3.7/site-packages/airflow/example_dags/example_xcom.py for tasks to queue
[2023-08-26T02:11:44.094+0000] {logging_mixin.py:150} INFO - [2023-08-26T02:11:44.094+0000] {dagbag.py:541} INFO - Filling up the DagBag from /home/airflow/.local/lib/python3.7/site-packages/airflow/example_dags/example_xcom.py
[2023-08-26T02:11:44.103+0000] {processor.py:836} INFO - DAG(s) dict_keys(['example_xcom']) retrieved from /home/airflow/.local/lib/python3.7/site-packages/airflow/example_dags/example_xcom.py
[2023-08-26T02:11:44.130+0000] {logging_mixin.py:150} INFO - [2023-08-26T02:11:44.130+0000] {dag.py:2742} INFO - Sync 1 DAGs
[2023-08-26T02:11:44.160+0000] {logging_mixin.py:150} INFO - [2023-08-26T02:11:44.160+0000] {dag.py:3508} INFO - Setting next_dagrun for example_xcom to 2021-01-01T00:00:00+00:00, run_after=2021-01-01T00:00:00+00:00
[2023-08-26T02:11:44.202+0000] {processor.py:179} INFO - Processing /home/airflow/.local/lib/python3.7/site-packages/airflow/example_dags/example_xcom.py took 0.115 seconds
[2023-08-26T02:12:16.425+0000] {processor.py:157} INFO - Started process (PID=1726) to work on /home/airflow/.local/lib/python3.7/site-packages/airflow/example_dags/example_xcom.py
[2023-08-26T02:12:16.426+0000] {processor.py:826} INFO - Processing file /home/airflow/.local/lib/python3.7/site-packages/airflow/example_dags/example_xcom.py for tasks to queue
[2023-08-26T02:12:16.428+0000] {logging_mixin.py:150} INFO - [2023-08-26T02:12:16.427+0000] {dagbag.py:541} INFO - Filling up the DagBag from /home/airflow/.local/lib/python3.7/site-packages/airflow/example_dags/example_xcom.py
[2023-08-26T02:12:16.437+0000] {processor.py:836} INFO - DAG(s) dict_keys(['example_xcom']) retrieved from /home/airflow/.local/lib/python3.7/site-packages/airflow/example_dags/example_xcom.py
[2023-08-26T02:12:16.464+0000] {logging_mixin.py:150} INFO - [2023-08-26T02:12:16.463+0000] {dag.py:2742} INFO - Sync 1 DAGs
[2023-08-26T02:12:16.492+0000] {logging_mixin.py:150} INFO - [2023-08-26T02:12:16.491+0000] {dag.py:3508} INFO - Setting next_dagrun for example_xcom to 2021-01-01T00:00:00+00:00, run_after=2021-01-01T00:00:00+00:00
[2023-08-26T02:12:16.530+0000] {processor.py:179} INFO - Processing /home/airflow/.local/lib/python3.7/site-packages/airflow/example_dags/example_xcom.py took 0.109 seconds
[2023-08-26T02:12:47.654+0000] {processor.py:157} INFO - Started process (PID=1805) to work on /home/airflow/.local/lib/python3.7/site-packages/airflow/example_dags/example_xcom.py
[2023-08-26T02:12:47.655+0000] {processor.py:826} INFO - Processing file /home/airflow/.local/lib/python3.7/site-packages/airflow/example_dags/example_xcom.py for tasks to queue
[2023-08-26T02:12:47.656+0000] {logging_mixin.py:150} INFO - [2023-08-26T02:12:47.656+0000] {dagbag.py:541} INFO - Filling up the DagBag from /home/airflow/.local/lib/python3.7/site-packages/airflow/example_dags/example_xcom.py
[2023-08-26T02:12:47.665+0000] {processor.py:836} INFO - DAG(s) dict_keys(['example_xcom']) retrieved from /home/airflow/.local/lib/python3.7/site-packages/airflow/example_dags/example_xcom.py
[2023-08-26T02:12:47.697+0000] {logging_mixin.py:150} INFO - [2023-08-26T02:12:47.697+0000] {dag.py:2742} INFO - Sync 1 DAGs
[2023-08-26T02:12:47.728+0000] {logging_mixin.py:150} INFO - [2023-08-26T02:12:47.727+0000] {dag.py:3508} INFO - Setting next_dagrun for example_xcom to 2021-01-01T00:00:00+00:00, run_after=2021-01-01T00:00:00+00:00
[2023-08-26T02:12:47.786+0000] {processor.py:179} INFO - Processing /home/airflow/.local/lib/python3.7/site-packages/airflow/example_dags/example_xcom.py took 0.136 seconds
[2023-08-26T02:13:18.041+0000] {processor.py:157} INFO - Started process (PID=1884) to work on /home/airflow/.local/lib/python3.7/site-packages/airflow/example_dags/example_xcom.py
[2023-08-26T02:13:18.043+0000] {processor.py:826} INFO - Processing file /home/airflow/.local/lib/python3.7/site-packages/airflow/example_dags/example_xcom.py for tasks to queue
[2023-08-26T02:13:18.045+0000] {logging_mixin.py:150} INFO - [2023-08-26T02:13:18.044+0000] {dagbag.py:541} INFO - Filling up the DagBag from /home/airflow/.local/lib/python3.7/site-packages/airflow/example_dags/example_xcom.py
[2023-08-26T02:13:18.057+0000] {processor.py:836} INFO - DAG(s) dict_keys(['example_xcom']) retrieved from /home/airflow/.local/lib/python3.7/site-packages/airflow/example_dags/example_xcom.py
[2023-08-26T02:13:18.088+0000] {logging_mixin.py:150} INFO - [2023-08-26T02:13:18.088+0000] {dag.py:2742} INFO - Sync 1 DAGs
[2023-08-26T02:13:18.114+0000] {logging_mixin.py:150} INFO - [2023-08-26T02:13:18.114+0000] {dag.py:3508} INFO - Setting next_dagrun for example_xcom to 2021-01-01T00:00:00+00:00, run_after=2021-01-01T00:00:00+00:00
[2023-08-26T02:13:18.170+0000] {processor.py:179} INFO - Processing /home/airflow/.local/lib/python3.7/site-packages/airflow/example_dags/example_xcom.py took 0.134 seconds
[2023-08-26T02:13:48.610+0000] {processor.py:157} INFO - Started process (PID=1963) to work on /home/airflow/.local/lib/python3.7/site-packages/airflow/example_dags/example_xcom.py
[2023-08-26T02:13:48.611+0000] {processor.py:826} INFO - Processing file /home/airflow/.local/lib/python3.7/site-packages/airflow/example_dags/example_xcom.py for tasks to queue
[2023-08-26T02:13:48.612+0000] {logging_mixin.py:150} INFO - [2023-08-26T02:13:48.612+0000] {dagbag.py:541} INFO - Filling up the DagBag from /home/airflow/.local/lib/python3.7/site-packages/airflow/example_dags/example_xcom.py
[2023-08-26T02:13:48.621+0000] {processor.py:836} INFO - DAG(s) dict_keys(['example_xcom']) retrieved from /home/airflow/.local/lib/python3.7/site-packages/airflow/example_dags/example_xcom.py
[2023-08-26T02:13:48.648+0000] {logging_mixin.py:150} INFO - [2023-08-26T02:13:48.648+0000] {dag.py:2742} INFO - Sync 1 DAGs
[2023-08-26T02:13:48.678+0000] {logging_mixin.py:150} INFO - [2023-08-26T02:13:48.677+0000] {dag.py:3508} INFO - Setting next_dagrun for example_xcom to 2021-01-01T00:00:00+00:00, run_after=2021-01-01T00:00:00+00:00
[2023-08-26T02:13:48.716+0000] {processor.py:179} INFO - Processing /home/airflow/.local/lib/python3.7/site-packages/airflow/example_dags/example_xcom.py took 0.109 seconds
[2023-08-26T02:14:18.962+0000] {processor.py:157} INFO - Started process (PID=2042) to work on /home/airflow/.local/lib/python3.7/site-packages/airflow/example_dags/example_xcom.py
[2023-08-26T02:14:18.963+0000] {processor.py:826} INFO - Processing file /home/airflow/.local/lib/python3.7/site-packages/airflow/example_dags/example_xcom.py for tasks to queue
[2023-08-26T02:14:18.964+0000] {logging_mixin.py:150} INFO - [2023-08-26T02:14:18.964+0000] {dagbag.py:541} INFO - Filling up the DagBag from /home/airflow/.local/lib/python3.7/site-packages/airflow/example_dags/example_xcom.py
[2023-08-26T02:14:18.973+0000] {processor.py:836} INFO - DAG(s) dict_keys(['example_xcom']) retrieved from /home/airflow/.local/lib/python3.7/site-packages/airflow/example_dags/example_xcom.py
[2023-08-26T02:14:18.998+0000] {logging_mixin.py:150} INFO - [2023-08-26T02:14:18.998+0000] {dag.py:2742} INFO - Sync 1 DAGs
[2023-08-26T02:14:19.027+0000] {logging_mixin.py:150} INFO - [2023-08-26T02:14:19.027+0000] {dag.py:3508} INFO - Setting next_dagrun for example_xcom to 2021-01-01T00:00:00+00:00, run_after=2021-01-01T00:00:00+00:00
[2023-08-26T02:14:19.067+0000] {processor.py:179} INFO - Processing /home/airflow/.local/lib/python3.7/site-packages/airflow/example_dags/example_xcom.py took 0.108 seconds
[2023-08-26T02:14:49.481+0000] {processor.py:157} INFO - Started process (PID=2121) to work on /home/airflow/.local/lib/python3.7/site-packages/airflow/example_dags/example_xcom.py
[2023-08-26T02:14:49.483+0000] {processor.py:826} INFO - Processing file /home/airflow/.local/lib/python3.7/site-packages/airflow/example_dags/example_xcom.py for tasks to queue
[2023-08-26T02:14:49.484+0000] {logging_mixin.py:150} INFO - [2023-08-26T02:14:49.484+0000] {dagbag.py:541} INFO - Filling up the DagBag from /home/airflow/.local/lib/python3.7/site-packages/airflow/example_dags/example_xcom.py
[2023-08-26T02:14:49.493+0000] {processor.py:836} INFO - DAG(s) dict_keys(['example_xcom']) retrieved from /home/airflow/.local/lib/python3.7/site-packages/airflow/example_dags/example_xcom.py
[2023-08-26T02:14:49.523+0000] {logging_mixin.py:150} INFO - [2023-08-26T02:14:49.523+0000] {dag.py:2742} INFO - Sync 1 DAGs
[2023-08-26T02:14:49.554+0000] {logging_mixin.py:150} INFO - [2023-08-26T02:14:49.553+0000] {dag.py:3508} INFO - Setting next_dagrun for example_xcom to 2021-01-01T00:00:00+00:00, run_after=2021-01-01T00:00:00+00:00
[2023-08-26T02:14:49.595+0000] {processor.py:179} INFO - Processing /home/airflow/.local/lib/python3.7/site-packages/airflow/example_dags/example_xcom.py took 0.117 seconds
[2023-08-26T02:15:20.072+0000] {processor.py:157} INFO - Started process (PID=2200) to work on /home/airflow/.local/lib/python3.7/site-packages/airflow/example_dags/example_xcom.py
[2023-08-26T02:15:20.074+0000] {processor.py:826} INFO - Processing file /home/airflow/.local/lib/python3.7/site-packages/airflow/example_dags/example_xcom.py for tasks to queue
[2023-08-26T02:15:20.075+0000] {logging_mixin.py:150} INFO - [2023-08-26T02:15:20.075+0000] {dagbag.py:541} INFO - Filling up the DagBag from /home/airflow/.local/lib/python3.7/site-packages/airflow/example_dags/example_xcom.py
[2023-08-26T02:15:20.084+0000] {processor.py:836} INFO - DAG(s) dict_keys(['example_xcom']) retrieved from /home/airflow/.local/lib/python3.7/site-packages/airflow/example_dags/example_xcom.py
[2023-08-26T02:15:20.110+0000] {logging_mixin.py:150} INFO - [2023-08-26T02:15:20.109+0000] {dag.py:2742} INFO - Sync 1 DAGs
[2023-08-26T02:15:20.137+0000] {logging_mixin.py:150} INFO - [2023-08-26T02:15:20.137+0000] {dag.py:3508} INFO - Setting next_dagrun for example_xcom to 2021-01-01T00:00:00+00:00, run_after=2021-01-01T00:00:00+00:00
[2023-08-26T02:15:20.177+0000] {processor.py:179} INFO - Processing /home/airflow/.local/lib/python3.7/site-packages/airflow/example_dags/example_xcom.py took 0.108 seconds
[2023-08-26T02:15:50.665+0000] {processor.py:157} INFO - Started process (PID=2279) to work on /home/airflow/.local/lib/python3.7/site-packages/airflow/example_dags/example_xcom.py
[2023-08-26T02:15:50.666+0000] {processor.py:826} INFO - Processing file /home/airflow/.local/lib/python3.7/site-packages/airflow/example_dags/example_xcom.py for tasks to queue
[2023-08-26T02:15:50.668+0000] {logging_mixin.py:150} INFO - [2023-08-26T02:15:50.668+0000] {dagbag.py:541} INFO - Filling up the DagBag from /home/airflow/.local/lib/python3.7/site-packages/airflow/example_dags/example_xcom.py
[2023-08-26T02:15:50.678+0000] {processor.py:836} INFO - DAG(s) dict_keys(['example_xcom']) retrieved from /home/airflow/.local/lib/python3.7/site-packages/airflow/example_dags/example_xcom.py
[2023-08-26T02:15:50.710+0000] {logging_mixin.py:150} INFO - [2023-08-26T02:15:50.710+0000] {dag.py:2742} INFO - Sync 1 DAGs
[2023-08-26T02:15:50.743+0000] {logging_mixin.py:150} INFO - [2023-08-26T02:15:50.743+0000] {dag.py:3508} INFO - Setting next_dagrun for example_xcom to 2021-01-01T00:00:00+00:00, run_after=2021-01-01T00:00:00+00:00
[2023-08-26T02:15:50.787+0000] {processor.py:179} INFO - Processing /home/airflow/.local/lib/python3.7/site-packages/airflow/example_dags/example_xcom.py took 0.126 seconds
[2023-08-26T02:16:21.168+0000] {processor.py:157} INFO - Started process (PID=2358) to work on /home/airflow/.local/lib/python3.7/site-packages/airflow/example_dags/example_xcom.py
[2023-08-26T02:16:21.170+0000] {processor.py:826} INFO - Processing file /home/airflow/.local/lib/python3.7/site-packages/airflow/example_dags/example_xcom.py for tasks to queue
[2023-08-26T02:16:21.171+0000] {logging_mixin.py:150} INFO - [2023-08-26T02:16:21.171+0000] {dagbag.py:541} INFO - Filling up the DagBag from /home/airflow/.local/lib/python3.7/site-packages/airflow/example_dags/example_xcom.py
[2023-08-26T02:16:21.180+0000] {processor.py:836} INFO - DAG(s) dict_keys(['example_xcom']) retrieved from /home/airflow/.local/lib/python3.7/site-packages/airflow/example_dags/example_xcom.py
[2023-08-26T02:16:21.208+0000] {logging_mixin.py:150} INFO - [2023-08-26T02:16:21.208+0000] {dag.py:2742} INFO - Sync 1 DAGs
[2023-08-26T02:16:21.236+0000] {logging_mixin.py:150} INFO - [2023-08-26T02:16:21.236+0000] {dag.py:3508} INFO - Setting next_dagrun for example_xcom to 2021-01-01T00:00:00+00:00, run_after=2021-01-01T00:00:00+00:00
[2023-08-26T02:16:21.276+0000] {processor.py:179} INFO - Processing /home/airflow/.local/lib/python3.7/site-packages/airflow/example_dags/example_xcom.py took 0.112 seconds
[2023-08-26T02:16:52.053+0000] {processor.py:157} INFO - Started process (PID=2444) to work on /home/airflow/.local/lib/python3.7/site-packages/airflow/example_dags/example_xcom.py
[2023-08-26T02:16:52.054+0000] {processor.py:826} INFO - Processing file /home/airflow/.local/lib/python3.7/site-packages/airflow/example_dags/example_xcom.py for tasks to queue
[2023-08-26T02:16:52.056+0000] {logging_mixin.py:150} INFO - [2023-08-26T02:16:52.055+0000] {dagbag.py:541} INFO - Filling up the DagBag from /home/airflow/.local/lib/python3.7/site-packages/airflow/example_dags/example_xcom.py
[2023-08-26T02:16:52.064+0000] {processor.py:836} INFO - DAG(s) dict_keys(['example_xcom']) retrieved from /home/airflow/.local/lib/python3.7/site-packages/airflow/example_dags/example_xcom.py
[2023-08-26T02:16:52.095+0000] {logging_mixin.py:150} INFO - [2023-08-26T02:16:52.095+0000] {dag.py:2742} INFO - Sync 1 DAGs
[2023-08-26T02:16:52.125+0000] {logging_mixin.py:150} INFO - [2023-08-26T02:16:52.125+0000] {dag.py:3508} INFO - Setting next_dagrun for example_xcom to 2021-01-01T00:00:00+00:00, run_after=2021-01-01T00:00:00+00:00
[2023-08-26T02:16:52.184+0000] {processor.py:179} INFO - Processing /home/airflow/.local/lib/python3.7/site-packages/airflow/example_dags/example_xcom.py took 0.134 seconds
[2023-08-26T02:17:22.650+0000] {processor.py:157} INFO - Started process (PID=2523) to work on /home/airflow/.local/lib/python3.7/site-packages/airflow/example_dags/example_xcom.py
[2023-08-26T02:17:22.651+0000] {processor.py:826} INFO - Processing file /home/airflow/.local/lib/python3.7/site-packages/airflow/example_dags/example_xcom.py for tasks to queue
[2023-08-26T02:17:22.652+0000] {logging_mixin.py:150} INFO - [2023-08-26T02:17:22.652+0000] {dagbag.py:541} INFO - Filling up the DagBag from /home/airflow/.local/lib/python3.7/site-packages/airflow/example_dags/example_xcom.py
[2023-08-26T02:17:22.661+0000] {processor.py:836} INFO - DAG(s) dict_keys(['example_xcom']) retrieved from /home/airflow/.local/lib/python3.7/site-packages/airflow/example_dags/example_xcom.py
[2023-08-26T02:17:22.691+0000] {logging_mixin.py:150} INFO - [2023-08-26T02:17:22.691+0000] {dag.py:2742} INFO - Sync 1 DAGs
[2023-08-26T02:17:22.728+0000] {logging_mixin.py:150} INFO - [2023-08-26T02:17:22.728+0000] {dag.py:3508} INFO - Setting next_dagrun for example_xcom to 2021-01-01T00:00:00+00:00, run_after=2021-01-01T00:00:00+00:00
[2023-08-26T02:17:22.788+0000] {processor.py:179} INFO - Processing /home/airflow/.local/lib/python3.7/site-packages/airflow/example_dags/example_xcom.py took 0.142 seconds
[2023-08-26T02:17:53.006+0000] {processor.py:157} INFO - Started process (PID=2602) to work on /home/airflow/.local/lib/python3.7/site-packages/airflow/example_dags/example_xcom.py
[2023-08-26T02:17:53.007+0000] {processor.py:826} INFO - Processing file /home/airflow/.local/lib/python3.7/site-packages/airflow/example_dags/example_xcom.py for tasks to queue
[2023-08-26T02:17:53.008+0000] {logging_mixin.py:150} INFO - [2023-08-26T02:17:53.008+0000] {dagbag.py:541} INFO - Filling up the DagBag from /home/airflow/.local/lib/python3.7/site-packages/airflow/example_dags/example_xcom.py
[2023-08-26T02:17:53.018+0000] {processor.py:836} INFO - DAG(s) dict_keys(['example_xcom']) retrieved from /home/airflow/.local/lib/python3.7/site-packages/airflow/example_dags/example_xcom.py
[2023-08-26T02:17:53.049+0000] {logging_mixin.py:150} INFO - [2023-08-26T02:17:53.048+0000] {dag.py:2742} INFO - Sync 1 DAGs
[2023-08-26T02:17:53.078+0000] {logging_mixin.py:150} INFO - [2023-08-26T02:17:53.078+0000] {dag.py:3508} INFO - Setting next_dagrun for example_xcom to 2021-01-01T00:00:00+00:00, run_after=2021-01-01T00:00:00+00:00
[2023-08-26T02:17:53.139+0000] {processor.py:179} INFO - Processing /home/airflow/.local/lib/python3.7/site-packages/airflow/example_dags/example_xcom.py took 0.139 seconds
[2023-08-26T02:18:24.282+0000] {processor.py:157} INFO - Started process (PID=2681) to work on /home/airflow/.local/lib/python3.7/site-packages/airflow/example_dags/example_xcom.py
[2023-08-26T02:18:24.284+0000] {processor.py:826} INFO - Processing file /home/airflow/.local/lib/python3.7/site-packages/airflow/example_dags/example_xcom.py for tasks to queue
[2023-08-26T02:18:24.285+0000] {logging_mixin.py:150} INFO - [2023-08-26T02:18:24.285+0000] {dagbag.py:541} INFO - Filling up the DagBag from /home/airflow/.local/lib/python3.7/site-packages/airflow/example_dags/example_xcom.py
[2023-08-26T02:18:24.293+0000] {processor.py:836} INFO - DAG(s) dict_keys(['example_xcom']) retrieved from /home/airflow/.local/lib/python3.7/site-packages/airflow/example_dags/example_xcom.py
[2023-08-26T02:18:24.319+0000] {logging_mixin.py:150} INFO - [2023-08-26T02:18:24.319+0000] {dag.py:2742} INFO - Sync 1 DAGs
[2023-08-26T02:18:24.346+0000] {logging_mixin.py:150} INFO - [2023-08-26T02:18:24.346+0000] {dag.py:3508} INFO - Setting next_dagrun for example_xcom to 2021-01-01T00:00:00+00:00, run_after=2021-01-01T00:00:00+00:00
[2023-08-26T02:18:24.387+0000] {processor.py:179} INFO - Processing /home/airflow/.local/lib/python3.7/site-packages/airflow/example_dags/example_xcom.py took 0.108 seconds
[2023-08-26T02:18:54.996+0000] {processor.py:157} INFO - Started process (PID=2760) to work on /home/airflow/.local/lib/python3.7/site-packages/airflow/example_dags/example_xcom.py
[2023-08-26T02:18:54.997+0000] {processor.py:826} INFO - Processing file /home/airflow/.local/lib/python3.7/site-packages/airflow/example_dags/example_xcom.py for tasks to queue
[2023-08-26T02:18:54.998+0000] {logging_mixin.py:150} INFO - [2023-08-26T02:18:54.998+0000] {dagbag.py:541} INFO - Filling up the DagBag from /home/airflow/.local/lib/python3.7/site-packages/airflow/example_dags/example_xcom.py
[2023-08-26T02:18:55.006+0000] {processor.py:836} INFO - DAG(s) dict_keys(['example_xcom']) retrieved from /home/airflow/.local/lib/python3.7/site-packages/airflow/example_dags/example_xcom.py
[2023-08-26T02:18:55.035+0000] {logging_mixin.py:150} INFO - [2023-08-26T02:18:55.035+0000] {dag.py:2742} INFO - Sync 1 DAGs
[2023-08-26T02:18:55.065+0000] {logging_mixin.py:150} INFO - [2023-08-26T02:18:55.065+0000] {dag.py:3508} INFO - Setting next_dagrun for example_xcom to 2021-01-01T00:00:00+00:00, run_after=2021-01-01T00:00:00+00:00
[2023-08-26T02:18:55.108+0000] {processor.py:179} INFO - Processing /home/airflow/.local/lib/python3.7/site-packages/airflow/example_dags/example_xcom.py took 0.116 seconds
[2023-08-26T02:19:25.958+0000] {processor.py:157} INFO - Started process (PID=2839) to work on /home/airflow/.local/lib/python3.7/site-packages/airflow/example_dags/example_xcom.py
[2023-08-26T02:19:25.959+0000] {processor.py:826} INFO - Processing file /home/airflow/.local/lib/python3.7/site-packages/airflow/example_dags/example_xcom.py for tasks to queue
[2023-08-26T02:19:25.960+0000] {logging_mixin.py:150} INFO - [2023-08-26T02:19:25.960+0000] {dagbag.py:541} INFO - Filling up the DagBag from /home/airflow/.local/lib/python3.7/site-packages/airflow/example_dags/example_xcom.py
[2023-08-26T02:19:25.969+0000] {processor.py:836} INFO - DAG(s) dict_keys(['example_xcom']) retrieved from /home/airflow/.local/lib/python3.7/site-packages/airflow/example_dags/example_xcom.py
[2023-08-26T02:19:25.995+0000] {logging_mixin.py:150} INFO - [2023-08-26T02:19:25.995+0000] {dag.py:2742} INFO - Sync 1 DAGs
[2023-08-26T02:19:26.023+0000] {logging_mixin.py:150} INFO - [2023-08-26T02:19:26.023+0000] {dag.py:3508} INFO - Setting next_dagrun for example_xcom to 2021-01-01T00:00:00+00:00, run_after=2021-01-01T00:00:00+00:00
[2023-08-26T02:19:26.147+0000] {processor.py:179} INFO - Processing /home/airflow/.local/lib/python3.7/site-packages/airflow/example_dags/example_xcom.py took 0.193 seconds
[2023-08-26T02:19:56.377+0000] {processor.py:157} INFO - Started process (PID=2918) to work on /home/airflow/.local/lib/python3.7/site-packages/airflow/example_dags/example_xcom.py
[2023-08-26T02:19:56.378+0000] {processor.py:826} INFO - Processing file /home/airflow/.local/lib/python3.7/site-packages/airflow/example_dags/example_xcom.py for tasks to queue
[2023-08-26T02:19:56.379+0000] {logging_mixin.py:150} INFO - [2023-08-26T02:19:56.379+0000] {dagbag.py:541} INFO - Filling up the DagBag from /home/airflow/.local/lib/python3.7/site-packages/airflow/example_dags/example_xcom.py
[2023-08-26T02:19:56.390+0000] {processor.py:836} INFO - DAG(s) dict_keys(['example_xcom']) retrieved from /home/airflow/.local/lib/python3.7/site-packages/airflow/example_dags/example_xcom.py
[2023-08-26T02:19:56.425+0000] {logging_mixin.py:150} INFO - [2023-08-26T02:19:56.424+0000] {dag.py:2742} INFO - Sync 1 DAGs
[2023-08-26T02:19:56.456+0000] {logging_mixin.py:150} INFO - [2023-08-26T02:19:56.456+0000] {dag.py:3508} INFO - Setting next_dagrun for example_xcom to 2021-01-01T00:00:00+00:00, run_after=2021-01-01T00:00:00+00:00
[2023-08-26T02:19:56.496+0000] {processor.py:179} INFO - Processing /home/airflow/.local/lib/python3.7/site-packages/airflow/example_dags/example_xcom.py took 0.123 seconds
[2023-08-26T02:20:27.655+0000] {processor.py:157} INFO - Started process (PID=2997) to work on /home/airflow/.local/lib/python3.7/site-packages/airflow/example_dags/example_xcom.py
[2023-08-26T02:20:27.656+0000] {processor.py:826} INFO - Processing file /home/airflow/.local/lib/python3.7/site-packages/airflow/example_dags/example_xcom.py for tasks to queue
[2023-08-26T02:20:27.658+0000] {logging_mixin.py:150} INFO - [2023-08-26T02:20:27.657+0000] {dagbag.py:541} INFO - Filling up the DagBag from /home/airflow/.local/lib/python3.7/site-packages/airflow/example_dags/example_xcom.py
[2023-08-26T02:20:27.667+0000] {processor.py:836} INFO - DAG(s) dict_keys(['example_xcom']) retrieved from /home/airflow/.local/lib/python3.7/site-packages/airflow/example_dags/example_xcom.py
[2023-08-26T02:20:27.694+0000] {logging_mixin.py:150} INFO - [2023-08-26T02:20:27.694+0000] {dag.py:2742} INFO - Sync 1 DAGs
[2023-08-26T02:20:27.723+0000] {logging_mixin.py:150} INFO - [2023-08-26T02:20:27.723+0000] {dag.py:3508} INFO - Setting next_dagrun for example_xcom to 2021-01-01T00:00:00+00:00, run_after=2021-01-01T00:00:00+00:00
[2023-08-26T02:20:27.769+0000] {processor.py:179} INFO - Processing /home/airflow/.local/lib/python3.7/site-packages/airflow/example_dags/example_xcom.py took 0.117 seconds
[2023-08-26T02:20:58.398+0000] {processor.py:157} INFO - Started process (PID=3076) to work on /home/airflow/.local/lib/python3.7/site-packages/airflow/example_dags/example_xcom.py
[2023-08-26T02:20:58.400+0000] {processor.py:826} INFO - Processing file /home/airflow/.local/lib/python3.7/site-packages/airflow/example_dags/example_xcom.py for tasks to queue
[2023-08-26T02:20:58.401+0000] {logging_mixin.py:150} INFO - [2023-08-26T02:20:58.401+0000] {dagbag.py:541} INFO - Filling up the DagBag from /home/airflow/.local/lib/python3.7/site-packages/airflow/example_dags/example_xcom.py
[2023-08-26T02:20:58.409+0000] {processor.py:836} INFO - DAG(s) dict_keys(['example_xcom']) retrieved from /home/airflow/.local/lib/python3.7/site-packages/airflow/example_dags/example_xcom.py
[2023-08-26T02:20:58.436+0000] {logging_mixin.py:150} INFO - [2023-08-26T02:20:58.436+0000] {dag.py:2742} INFO - Sync 1 DAGs
[2023-08-26T02:20:58.465+0000] {logging_mixin.py:150} INFO - [2023-08-26T02:20:58.465+0000] {dag.py:3508} INFO - Setting next_dagrun for example_xcom to 2021-01-01T00:00:00+00:00, run_after=2021-01-01T00:00:00+00:00
[2023-08-26T02:20:58.566+0000] {processor.py:179} INFO - Processing /home/airflow/.local/lib/python3.7/site-packages/airflow/example_dags/example_xcom.py took 0.172 seconds
[2023-08-26T02:21:29.346+0000] {processor.py:157} INFO - Started process (PID=3155) to work on /home/airflow/.local/lib/python3.7/site-packages/airflow/example_dags/example_xcom.py
[2023-08-26T02:21:29.347+0000] {processor.py:826} INFO - Processing file /home/airflow/.local/lib/python3.7/site-packages/airflow/example_dags/example_xcom.py for tasks to queue
[2023-08-26T02:21:29.348+0000] {logging_mixin.py:150} INFO - [2023-08-26T02:21:29.348+0000] {dagbag.py:541} INFO - Filling up the DagBag from /home/airflow/.local/lib/python3.7/site-packages/airflow/example_dags/example_xcom.py
[2023-08-26T02:21:29.363+0000] {processor.py:836} INFO - DAG(s) dict_keys(['example_xcom']) retrieved from /home/airflow/.local/lib/python3.7/site-packages/airflow/example_dags/example_xcom.py
[2023-08-26T02:21:29.408+0000] {logging_mixin.py:150} INFO - [2023-08-26T02:21:29.408+0000] {dag.py:2742} INFO - Sync 1 DAGs
[2023-08-26T02:21:29.439+0000] {logging_mixin.py:150} INFO - [2023-08-26T02:21:29.439+0000] {dag.py:3508} INFO - Setting next_dagrun for example_xcom to 2021-01-01T00:00:00+00:00, run_after=2021-01-01T00:00:00+00:00
[2023-08-26T02:21:29.480+0000] {processor.py:179} INFO - Processing /home/airflow/.local/lib/python3.7/site-packages/airflow/example_dags/example_xcom.py took 0.138 seconds
[2023-08-26T02:22:00.679+0000] {processor.py:157} INFO - Started process (PID=3234) to work on /home/airflow/.local/lib/python3.7/site-packages/airflow/example_dags/example_xcom.py
[2023-08-26T02:22:00.681+0000] {processor.py:826} INFO - Processing file /home/airflow/.local/lib/python3.7/site-packages/airflow/example_dags/example_xcom.py for tasks to queue
[2023-08-26T02:22:00.682+0000] {logging_mixin.py:150} INFO - [2023-08-26T02:22:00.681+0000] {dagbag.py:541} INFO - Filling up the DagBag from /home/airflow/.local/lib/python3.7/site-packages/airflow/example_dags/example_xcom.py
[2023-08-26T02:22:00.690+0000] {processor.py:836} INFO - DAG(s) dict_keys(['example_xcom']) retrieved from /home/airflow/.local/lib/python3.7/site-packages/airflow/example_dags/example_xcom.py
[2023-08-26T02:22:00.717+0000] {logging_mixin.py:150} INFO - [2023-08-26T02:22:00.717+0000] {dag.py:2742} INFO - Sync 1 DAGs
[2023-08-26T02:22:00.746+0000] {logging_mixin.py:150} INFO - [2023-08-26T02:22:00.746+0000] {dag.py:3508} INFO - Setting next_dagrun for example_xcom to 2021-01-01T00:00:00+00:00, run_after=2021-01-01T00:00:00+00:00
[2023-08-26T02:22:00.784+0000] {processor.py:179} INFO - Processing /home/airflow/.local/lib/python3.7/site-packages/airflow/example_dags/example_xcom.py took 0.109 seconds
[2023-08-26T02:22:31.933+0000] {processor.py:157} INFO - Started process (PID=3312) to work on /home/airflow/.local/lib/python3.7/site-packages/airflow/example_dags/example_xcom.py
[2023-08-26T02:22:31.934+0000] {processor.py:826} INFO - Processing file /home/airflow/.local/lib/python3.7/site-packages/airflow/example_dags/example_xcom.py for tasks to queue
[2023-08-26T02:22:31.935+0000] {logging_mixin.py:150} INFO - [2023-08-26T02:22:31.935+0000] {dagbag.py:541} INFO - Filling up the DagBag from /home/airflow/.local/lib/python3.7/site-packages/airflow/example_dags/example_xcom.py
[2023-08-26T02:22:31.943+0000] {processor.py:836} INFO - DAG(s) dict_keys(['example_xcom']) retrieved from /home/airflow/.local/lib/python3.7/site-packages/airflow/example_dags/example_xcom.py
[2023-08-26T02:22:31.970+0000] {logging_mixin.py:150} INFO - [2023-08-26T02:22:31.970+0000] {dag.py:2742} INFO - Sync 1 DAGs
[2023-08-26T02:22:31.995+0000] {logging_mixin.py:150} INFO - [2023-08-26T02:22:31.995+0000] {dag.py:3508} INFO - Setting next_dagrun for example_xcom to 2021-01-01T00:00:00+00:00, run_after=2021-01-01T00:00:00+00:00
[2023-08-26T02:22:32.035+0000] {processor.py:179} INFO - Processing /home/airflow/.local/lib/python3.7/site-packages/airflow/example_dags/example_xcom.py took 0.106 seconds
[2023-08-26T02:23:02.584+0000] {processor.py:157} INFO - Started process (PID=3392) to work on /home/airflow/.local/lib/python3.7/site-packages/airflow/example_dags/example_xcom.py
[2023-08-26T02:23:02.585+0000] {processor.py:826} INFO - Processing file /home/airflow/.local/lib/python3.7/site-packages/airflow/example_dags/example_xcom.py for tasks to queue
[2023-08-26T02:23:02.587+0000] {logging_mixin.py:150} INFO - [2023-08-26T02:23:02.586+0000] {dagbag.py:541} INFO - Filling up the DagBag from /home/airflow/.local/lib/python3.7/site-packages/airflow/example_dags/example_xcom.py
[2023-08-26T02:23:02.597+0000] {processor.py:836} INFO - DAG(s) dict_keys(['example_xcom']) retrieved from /home/airflow/.local/lib/python3.7/site-packages/airflow/example_dags/example_xcom.py
[2023-08-26T02:23:02.632+0000] {logging_mixin.py:150} INFO - [2023-08-26T02:23:02.632+0000] {dag.py:2742} INFO - Sync 1 DAGs
[2023-08-26T02:23:02.667+0000] {logging_mixin.py:150} INFO - [2023-08-26T02:23:02.667+0000] {dag.py:3508} INFO - Setting next_dagrun for example_xcom to 2021-01-01T00:00:00+00:00, run_after=2021-01-01T00:00:00+00:00
[2023-08-26T02:23:02.710+0000] {processor.py:179} INFO - Processing /home/airflow/.local/lib/python3.7/site-packages/airflow/example_dags/example_xcom.py took 0.129 seconds
[2023-08-26T02:23:34.046+0000] {processor.py:157} INFO - Started process (PID=3471) to work on /home/airflow/.local/lib/python3.7/site-packages/airflow/example_dags/example_xcom.py
[2023-08-26T02:23:34.048+0000] {processor.py:826} INFO - Processing file /home/airflow/.local/lib/python3.7/site-packages/airflow/example_dags/example_xcom.py for tasks to queue
[2023-08-26T02:23:34.049+0000] {logging_mixin.py:150} INFO - [2023-08-26T02:23:34.049+0000] {dagbag.py:541} INFO - Filling up the DagBag from /home/airflow/.local/lib/python3.7/site-packages/airflow/example_dags/example_xcom.py
[2023-08-26T02:23:34.057+0000] {processor.py:836} INFO - DAG(s) dict_keys(['example_xcom']) retrieved from /home/airflow/.local/lib/python3.7/site-packages/airflow/example_dags/example_xcom.py
[2023-08-26T02:23:34.090+0000] {logging_mixin.py:150} INFO - [2023-08-26T02:23:34.090+0000] {dag.py:2742} INFO - Sync 1 DAGs
[2023-08-26T02:23:34.133+0000] {logging_mixin.py:150} INFO - [2023-08-26T02:23:34.132+0000] {dag.py:3508} INFO - Setting next_dagrun for example_xcom to 2021-01-01T00:00:00+00:00, run_after=2021-01-01T00:00:00+00:00
[2023-08-26T02:23:34.179+0000] {processor.py:179} INFO - Processing /home/airflow/.local/lib/python3.7/site-packages/airflow/example_dags/example_xcom.py took 0.137 seconds
[2023-08-26T02:24:05.258+0000] {processor.py:157} INFO - Started process (PID=3550) to work on /home/airflow/.local/lib/python3.7/site-packages/airflow/example_dags/example_xcom.py
[2023-08-26T02:24:05.259+0000] {processor.py:826} INFO - Processing file /home/airflow/.local/lib/python3.7/site-packages/airflow/example_dags/example_xcom.py for tasks to queue
[2023-08-26T02:24:05.261+0000] {logging_mixin.py:150} INFO - [2023-08-26T02:24:05.260+0000] {dagbag.py:541} INFO - Filling up the DagBag from /home/airflow/.local/lib/python3.7/site-packages/airflow/example_dags/example_xcom.py
[2023-08-26T02:24:05.269+0000] {processor.py:836} INFO - DAG(s) dict_keys(['example_xcom']) retrieved from /home/airflow/.local/lib/python3.7/site-packages/airflow/example_dags/example_xcom.py
[2023-08-26T02:24:05.297+0000] {logging_mixin.py:150} INFO - [2023-08-26T02:24:05.297+0000] {dag.py:2742} INFO - Sync 1 DAGs
[2023-08-26T02:24:05.324+0000] {logging_mixin.py:150} INFO - [2023-08-26T02:24:05.323+0000] {dag.py:3508} INFO - Setting next_dagrun for example_xcom to 2021-01-01T00:00:00+00:00, run_after=2021-01-01T00:00:00+00:00
[2023-08-26T02:24:05.394+0000] {processor.py:179} INFO - Processing /home/airflow/.local/lib/python3.7/site-packages/airflow/example_dags/example_xcom.py took 0.140 seconds
[2023-08-26T02:24:35.996+0000] {processor.py:157} INFO - Started process (PID=3629) to work on /home/airflow/.local/lib/python3.7/site-packages/airflow/example_dags/example_xcom.py
[2023-08-26T02:24:35.997+0000] {processor.py:826} INFO - Processing file /home/airflow/.local/lib/python3.7/site-packages/airflow/example_dags/example_xcom.py for tasks to queue
[2023-08-26T02:24:35.998+0000] {logging_mixin.py:150} INFO - [2023-08-26T02:24:35.998+0000] {dagbag.py:541} INFO - Filling up the DagBag from /home/airflow/.local/lib/python3.7/site-packages/airflow/example_dags/example_xcom.py
[2023-08-26T02:24:36.006+0000] {processor.py:836} INFO - DAG(s) dict_keys(['example_xcom']) retrieved from /home/airflow/.local/lib/python3.7/site-packages/airflow/example_dags/example_xcom.py
[2023-08-26T02:24:36.034+0000] {logging_mixin.py:150} INFO - [2023-08-26T02:24:36.034+0000] {dag.py:2742} INFO - Sync 1 DAGs
[2023-08-26T02:24:36.060+0000] {logging_mixin.py:150} INFO - [2023-08-26T02:24:36.060+0000] {dag.py:3508} INFO - Setting next_dagrun for example_xcom to 2021-01-01T00:00:00+00:00, run_after=2021-01-01T00:00:00+00:00
[2023-08-26T02:24:36.099+0000] {processor.py:179} INFO - Processing /home/airflow/.local/lib/python3.7/site-packages/airflow/example_dags/example_xcom.py took 0.108 seconds
[2023-08-26T02:25:07.819+0000] {processor.py:157} INFO - Started process (PID=3708) to work on /home/airflow/.local/lib/python3.7/site-packages/airflow/example_dags/example_xcom.py
[2023-08-26T02:25:07.820+0000] {processor.py:826} INFO - Processing file /home/airflow/.local/lib/python3.7/site-packages/airflow/example_dags/example_xcom.py for tasks to queue
[2023-08-26T02:25:07.821+0000] {logging_mixin.py:150} INFO - [2023-08-26T02:25:07.821+0000] {dagbag.py:541} INFO - Filling up the DagBag from /home/airflow/.local/lib/python3.7/site-packages/airflow/example_dags/example_xcom.py
[2023-08-26T02:25:07.830+0000] {processor.py:836} INFO - DAG(s) dict_keys(['example_xcom']) retrieved from /home/airflow/.local/lib/python3.7/site-packages/airflow/example_dags/example_xcom.py
[2023-08-26T02:25:07.858+0000] {logging_mixin.py:150} INFO - [2023-08-26T02:25:07.858+0000] {dag.py:2742} INFO - Sync 1 DAGs
[2023-08-26T02:25:07.890+0000] {logging_mixin.py:150} INFO - [2023-08-26T02:25:07.889+0000] {dag.py:3508} INFO - Setting next_dagrun for example_xcom to 2021-01-01T00:00:00+00:00, run_after=2021-01-01T00:00:00+00:00
[2023-08-26T02:25:07.965+0000] {processor.py:179} INFO - Processing /home/airflow/.local/lib/python3.7/site-packages/airflow/example_dags/example_xcom.py took 0.149 seconds
[2023-08-26T02:25:38.256+0000] {processor.py:157} INFO - Started process (PID=3787) to work on /home/airflow/.local/lib/python3.7/site-packages/airflow/example_dags/example_xcom.py
[2023-08-26T02:25:38.257+0000] {processor.py:826} INFO - Processing file /home/airflow/.local/lib/python3.7/site-packages/airflow/example_dags/example_xcom.py for tasks to queue
[2023-08-26T02:25:38.258+0000] {logging_mixin.py:150} INFO - [2023-08-26T02:25:38.258+0000] {dagbag.py:541} INFO - Filling up the DagBag from /home/airflow/.local/lib/python3.7/site-packages/airflow/example_dags/example_xcom.py
[2023-08-26T02:25:38.269+0000] {processor.py:836} INFO - DAG(s) dict_keys(['example_xcom']) retrieved from /home/airflow/.local/lib/python3.7/site-packages/airflow/example_dags/example_xcom.py
[2023-08-26T02:25:38.295+0000] {logging_mixin.py:150} INFO - [2023-08-26T02:25:38.294+0000] {dag.py:2742} INFO - Sync 1 DAGs
[2023-08-26T02:25:38.322+0000] {logging_mixin.py:150} INFO - [2023-08-26T02:25:38.322+0000] {dag.py:3508} INFO - Setting next_dagrun for example_xcom to 2021-01-01T00:00:00+00:00, run_after=2021-01-01T00:00:00+00:00
[2023-08-26T02:25:38.385+0000] {processor.py:179} INFO - Processing /home/airflow/.local/lib/python3.7/site-packages/airflow/example_dags/example_xcom.py took 0.132 seconds
[2023-08-26T02:26:09.555+0000] {processor.py:157} INFO - Started process (PID=3866) to work on /home/airflow/.local/lib/python3.7/site-packages/airflow/example_dags/example_xcom.py
[2023-08-26T02:26:09.556+0000] {processor.py:826} INFO - Processing file /home/airflow/.local/lib/python3.7/site-packages/airflow/example_dags/example_xcom.py for tasks to queue
[2023-08-26T02:26:09.557+0000] {logging_mixin.py:150} INFO - [2023-08-26T02:26:09.557+0000] {dagbag.py:541} INFO - Filling up the DagBag from /home/airflow/.local/lib/python3.7/site-packages/airflow/example_dags/example_xcom.py
[2023-08-26T02:26:09.568+0000] {processor.py:836} INFO - DAG(s) dict_keys(['example_xcom']) retrieved from /home/airflow/.local/lib/python3.7/site-packages/airflow/example_dags/example_xcom.py
[2023-08-26T02:26:09.600+0000] {logging_mixin.py:150} INFO - [2023-08-26T02:26:09.600+0000] {dag.py:2742} INFO - Sync 1 DAGs
[2023-08-26T02:26:09.638+0000] {logging_mixin.py:150} INFO - [2023-08-26T02:26:09.637+0000] {dag.py:3508} INFO - Setting next_dagrun for example_xcom to 2021-01-01T00:00:00+00:00, run_after=2021-01-01T00:00:00+00:00
[2023-08-26T02:26:09.732+0000] {processor.py:179} INFO - Processing /home/airflow/.local/lib/python3.7/site-packages/airflow/example_dags/example_xcom.py took 0.180 seconds
[2023-08-26T02:26:39.935+0000] {processor.py:157} INFO - Started process (PID=3945) to work on /home/airflow/.local/lib/python3.7/site-packages/airflow/example_dags/example_xcom.py
[2023-08-26T02:26:39.937+0000] {processor.py:826} INFO - Processing file /home/airflow/.local/lib/python3.7/site-packages/airflow/example_dags/example_xcom.py for tasks to queue
[2023-08-26T02:26:39.939+0000] {logging_mixin.py:150} INFO - [2023-08-26T02:26:39.938+0000] {dagbag.py:541} INFO - Filling up the DagBag from /home/airflow/.local/lib/python3.7/site-packages/airflow/example_dags/example_xcom.py
[2023-08-26T02:26:39.950+0000] {processor.py:836} INFO - DAG(s) dict_keys(['example_xcom']) retrieved from /home/airflow/.local/lib/python3.7/site-packages/airflow/example_dags/example_xcom.py
[2023-08-26T02:26:39.983+0000] {logging_mixin.py:150} INFO - [2023-08-26T02:26:39.983+0000] {dag.py:2742} INFO - Sync 1 DAGs
[2023-08-26T02:26:40.016+0000] {logging_mixin.py:150} INFO - [2023-08-26T02:26:40.016+0000] {dag.py:3508} INFO - Setting next_dagrun for example_xcom to 2021-01-01T00:00:00+00:00, run_after=2021-01-01T00:00:00+00:00
[2023-08-26T02:26:40.057+0000] {processor.py:179} INFO - Processing /home/airflow/.local/lib/python3.7/site-packages/airflow/example_dags/example_xcom.py took 0.127 seconds
[2023-08-26T02:27:10.579+0000] {processor.py:157} INFO - Started process (PID=4024) to work on /home/airflow/.local/lib/python3.7/site-packages/airflow/example_dags/example_xcom.py
[2023-08-26T02:27:10.580+0000] {processor.py:826} INFO - Processing file /home/airflow/.local/lib/python3.7/site-packages/airflow/example_dags/example_xcom.py for tasks to queue
[2023-08-26T02:27:10.581+0000] {logging_mixin.py:150} INFO - [2023-08-26T02:27:10.581+0000] {dagbag.py:541} INFO - Filling up the DagBag from /home/airflow/.local/lib/python3.7/site-packages/airflow/example_dags/example_xcom.py
[2023-08-26T02:27:10.590+0000] {processor.py:836} INFO - DAG(s) dict_keys(['example_xcom']) retrieved from /home/airflow/.local/lib/python3.7/site-packages/airflow/example_dags/example_xcom.py
[2023-08-26T02:27:10.625+0000] {logging_mixin.py:150} INFO - [2023-08-26T02:27:10.625+0000] {dag.py:2742} INFO - Sync 1 DAGs
[2023-08-26T02:27:10.662+0000] {logging_mixin.py:150} INFO - [2023-08-26T02:27:10.662+0000] {dag.py:3508} INFO - Setting next_dagrun for example_xcom to 2021-01-01T00:00:00+00:00, run_after=2021-01-01T00:00:00+00:00
[2023-08-26T02:27:10.793+0000] {processor.py:179} INFO - Processing /home/airflow/.local/lib/python3.7/site-packages/airflow/example_dags/example_xcom.py took 0.218 seconds
[2023-08-26T02:27:41.113+0000] {processor.py:157} INFO - Started process (PID=4103) to work on /home/airflow/.local/lib/python3.7/site-packages/airflow/example_dags/example_xcom.py
[2023-08-26T02:27:41.114+0000] {processor.py:826} INFO - Processing file /home/airflow/.local/lib/python3.7/site-packages/airflow/example_dags/example_xcom.py for tasks to queue
[2023-08-26T02:27:41.115+0000] {logging_mixin.py:150} INFO - [2023-08-26T02:27:41.115+0000] {dagbag.py:541} INFO - Filling up the DagBag from /home/airflow/.local/lib/python3.7/site-packages/airflow/example_dags/example_xcom.py
[2023-08-26T02:27:41.124+0000] {processor.py:836} INFO - DAG(s) dict_keys(['example_xcom']) retrieved from /home/airflow/.local/lib/python3.7/site-packages/airflow/example_dags/example_xcom.py
[2023-08-26T02:27:41.155+0000] {logging_mixin.py:150} INFO - [2023-08-26T02:27:41.154+0000] {dag.py:2742} INFO - Sync 1 DAGs
[2023-08-26T02:27:41.186+0000] {logging_mixin.py:150} INFO - [2023-08-26T02:27:41.186+0000] {dag.py:3508} INFO - Setting next_dagrun for example_xcom to 2021-01-01T00:00:00+00:00, run_after=2021-01-01T00:00:00+00:00
[2023-08-26T02:27:41.227+0000] {processor.py:179} INFO - Processing /home/airflow/.local/lib/python3.7/site-packages/airflow/example_dags/example_xcom.py took 0.118 seconds
[2023-08-26T02:28:11.838+0000] {processor.py:157} INFO - Started process (PID=4182) to work on /home/airflow/.local/lib/python3.7/site-packages/airflow/example_dags/example_xcom.py
[2023-08-26T02:28:11.840+0000] {processor.py:826} INFO - Processing file /home/airflow/.local/lib/python3.7/site-packages/airflow/example_dags/example_xcom.py for tasks to queue
[2023-08-26T02:28:11.841+0000] {logging_mixin.py:150} INFO - [2023-08-26T02:28:11.841+0000] {dagbag.py:541} INFO - Filling up the DagBag from /home/airflow/.local/lib/python3.7/site-packages/airflow/example_dags/example_xcom.py
[2023-08-26T02:28:11.855+0000] {processor.py:836} INFO - DAG(s) dict_keys(['example_xcom']) retrieved from /home/airflow/.local/lib/python3.7/site-packages/airflow/example_dags/example_xcom.py
[2023-08-26T02:28:11.897+0000] {logging_mixin.py:150} INFO - [2023-08-26T02:28:11.897+0000] {dag.py:2742} INFO - Sync 1 DAGs
[2023-08-26T02:28:11.947+0000] {logging_mixin.py:150} INFO - [2023-08-26T02:28:11.947+0000] {dag.py:3508} INFO - Setting next_dagrun for example_xcom to 2021-01-01T00:00:00+00:00, run_after=2021-01-01T00:00:00+00:00
[2023-08-26T02:28:11.995+0000] {processor.py:179} INFO - Processing /home/airflow/.local/lib/python3.7/site-packages/airflow/example_dags/example_xcom.py took 0.163 seconds
[2023-08-26T02:28:42.319+0000] {processor.py:157} INFO - Started process (PID=4261) to work on /home/airflow/.local/lib/python3.7/site-packages/airflow/example_dags/example_xcom.py
[2023-08-26T02:28:42.321+0000] {processor.py:826} INFO - Processing file /home/airflow/.local/lib/python3.7/site-packages/airflow/example_dags/example_xcom.py for tasks to queue
[2023-08-26T02:28:42.322+0000] {logging_mixin.py:150} INFO - [2023-08-26T02:28:42.322+0000] {dagbag.py:541} INFO - Filling up the DagBag from /home/airflow/.local/lib/python3.7/site-packages/airflow/example_dags/example_xcom.py
[2023-08-26T02:28:42.332+0000] {processor.py:836} INFO - DAG(s) dict_keys(['example_xcom']) retrieved from /home/airflow/.local/lib/python3.7/site-packages/airflow/example_dags/example_xcom.py
[2023-08-26T02:28:42.361+0000] {logging_mixin.py:150} INFO - [2023-08-26T02:28:42.361+0000] {dag.py:2742} INFO - Sync 1 DAGs
[2023-08-26T02:28:42.393+0000] {logging_mixin.py:150} INFO - [2023-08-26T02:28:42.392+0000] {dag.py:3508} INFO - Setting next_dagrun for example_xcom to 2021-01-01T00:00:00+00:00, run_after=2021-01-01T00:00:00+00:00
[2023-08-26T02:28:42.433+0000] {processor.py:179} INFO - Processing /home/airflow/.local/lib/python3.7/site-packages/airflow/example_dags/example_xcom.py took 0.117 seconds
[2023-08-26T02:29:12.985+0000] {processor.py:157} INFO - Started process (PID=4340) to work on /home/airflow/.local/lib/python3.7/site-packages/airflow/example_dags/example_xcom.py
[2023-08-26T02:29:12.987+0000] {processor.py:826} INFO - Processing file /home/airflow/.local/lib/python3.7/site-packages/airflow/example_dags/example_xcom.py for tasks to queue
[2023-08-26T02:29:12.988+0000] {logging_mixin.py:150} INFO - [2023-08-26T02:29:12.988+0000] {dagbag.py:541} INFO - Filling up the DagBag from /home/airflow/.local/lib/python3.7/site-packages/airflow/example_dags/example_xcom.py
[2023-08-26T02:29:13.000+0000] {processor.py:836} INFO - DAG(s) dict_keys(['example_xcom']) retrieved from /home/airflow/.local/lib/python3.7/site-packages/airflow/example_dags/example_xcom.py
[2023-08-26T02:29:13.039+0000] {logging_mixin.py:150} INFO - [2023-08-26T02:29:13.039+0000] {dag.py:2742} INFO - Sync 1 DAGs
[2023-08-26T02:29:13.067+0000] {logging_mixin.py:150} INFO - [2023-08-26T02:29:13.067+0000] {dag.py:3508} INFO - Setting next_dagrun for example_xcom to 2021-01-01T00:00:00+00:00, run_after=2021-01-01T00:00:00+00:00
[2023-08-26T02:29:13.103+0000] {processor.py:179} INFO - Processing /home/airflow/.local/lib/python3.7/site-packages/airflow/example_dags/example_xcom.py took 0.121 seconds
[2023-08-26T02:29:44.398+0000] {processor.py:157} INFO - Started process (PID=4419) to work on /home/airflow/.local/lib/python3.7/site-packages/airflow/example_dags/example_xcom.py
[2023-08-26T02:29:44.399+0000] {processor.py:826} INFO - Processing file /home/airflow/.local/lib/python3.7/site-packages/airflow/example_dags/example_xcom.py for tasks to queue
[2023-08-26T02:29:44.400+0000] {logging_mixin.py:150} INFO - [2023-08-26T02:29:44.400+0000] {dagbag.py:541} INFO - Filling up the DagBag from /home/airflow/.local/lib/python3.7/site-packages/airflow/example_dags/example_xcom.py
[2023-08-26T02:29:44.410+0000] {processor.py:836} INFO - DAG(s) dict_keys(['example_xcom']) retrieved from /home/airflow/.local/lib/python3.7/site-packages/airflow/example_dags/example_xcom.py
[2023-08-26T02:29:44.434+0000] {logging_mixin.py:150} INFO - [2023-08-26T02:29:44.434+0000] {dag.py:2742} INFO - Sync 1 DAGs
[2023-08-26T02:29:44.463+0000] {logging_mixin.py:150} INFO - [2023-08-26T02:29:44.462+0000] {dag.py:3508} INFO - Setting next_dagrun for example_xcom to 2021-01-01T00:00:00+00:00, run_after=2021-01-01T00:00:00+00:00
[2023-08-26T02:29:44.507+0000] {processor.py:179} INFO - Processing /home/airflow/.local/lib/python3.7/site-packages/airflow/example_dags/example_xcom.py took 0.113 seconds
[2023-08-26T02:30:15.183+0000] {processor.py:157} INFO - Started process (PID=4498) to work on /home/airflow/.local/lib/python3.7/site-packages/airflow/example_dags/example_xcom.py
[2023-08-26T02:30:15.184+0000] {processor.py:826} INFO - Processing file /home/airflow/.local/lib/python3.7/site-packages/airflow/example_dags/example_xcom.py for tasks to queue
[2023-08-26T02:30:15.185+0000] {logging_mixin.py:150} INFO - [2023-08-26T02:30:15.185+0000] {dagbag.py:541} INFO - Filling up the DagBag from /home/airflow/.local/lib/python3.7/site-packages/airflow/example_dags/example_xcom.py
[2023-08-26T02:30:15.196+0000] {processor.py:836} INFO - DAG(s) dict_keys(['example_xcom']) retrieved from /home/airflow/.local/lib/python3.7/site-packages/airflow/example_dags/example_xcom.py
[2023-08-26T02:30:15.228+0000] {logging_mixin.py:150} INFO - [2023-08-26T02:30:15.227+0000] {dag.py:2742} INFO - Sync 1 DAGs
[2023-08-26T02:30:15.260+0000] {logging_mixin.py:150} INFO - [2023-08-26T02:30:15.259+0000] {dag.py:3508} INFO - Setting next_dagrun for example_xcom to 2021-01-01T00:00:00+00:00, run_after=2021-01-01T00:00:00+00:00
[2023-08-26T02:30:15.299+0000] {processor.py:179} INFO - Processing /home/airflow/.local/lib/python3.7/site-packages/airflow/example_dags/example_xcom.py took 0.120 seconds
[2023-08-26T02:30:45.590+0000] {processor.py:157} INFO - Started process (PID=4577) to work on /home/airflow/.local/lib/python3.7/site-packages/airflow/example_dags/example_xcom.py
[2023-08-26T02:30:45.591+0000] {processor.py:826} INFO - Processing file /home/airflow/.local/lib/python3.7/site-packages/airflow/example_dags/example_xcom.py for tasks to queue
[2023-08-26T02:30:45.592+0000] {logging_mixin.py:150} INFO - [2023-08-26T02:30:45.592+0000] {dagbag.py:541} INFO - Filling up the DagBag from /home/airflow/.local/lib/python3.7/site-packages/airflow/example_dags/example_xcom.py
[2023-08-26T02:30:45.600+0000] {processor.py:836} INFO - DAG(s) dict_keys(['example_xcom']) retrieved from /home/airflow/.local/lib/python3.7/site-packages/airflow/example_dags/example_xcom.py
[2023-08-26T02:30:45.628+0000] {logging_mixin.py:150} INFO - [2023-08-26T02:30:45.627+0000] {dag.py:2742} INFO - Sync 1 DAGs
[2023-08-26T02:30:45.658+0000] {logging_mixin.py:150} INFO - [2023-08-26T02:30:45.658+0000] {dag.py:3508} INFO - Setting next_dagrun for example_xcom to 2021-01-01T00:00:00+00:00, run_after=2021-01-01T00:00:00+00:00
[2023-08-26T02:30:45.713+0000] {processor.py:179} INFO - Processing /home/airflow/.local/lib/python3.7/site-packages/airflow/example_dags/example_xcom.py took 0.127 seconds
[2023-08-26T02:31:16.414+0000] {processor.py:157} INFO - Started process (PID=4656) to work on /home/airflow/.local/lib/python3.7/site-packages/airflow/example_dags/example_xcom.py
[2023-08-26T02:31:16.416+0000] {processor.py:826} INFO - Processing file /home/airflow/.local/lib/python3.7/site-packages/airflow/example_dags/example_xcom.py for tasks to queue
[2023-08-26T02:31:16.417+0000] {logging_mixin.py:150} INFO - [2023-08-26T02:31:16.417+0000] {dagbag.py:541} INFO - Filling up the DagBag from /home/airflow/.local/lib/python3.7/site-packages/airflow/example_dags/example_xcom.py
[2023-08-26T02:31:16.426+0000] {processor.py:836} INFO - DAG(s) dict_keys(['example_xcom']) retrieved from /home/airflow/.local/lib/python3.7/site-packages/airflow/example_dags/example_xcom.py
[2023-08-26T02:31:16.450+0000] {logging_mixin.py:150} INFO - [2023-08-26T02:31:16.450+0000] {dag.py:2742} INFO - Sync 1 DAGs
[2023-08-26T02:31:16.478+0000] {logging_mixin.py:150} INFO - [2023-08-26T02:31:16.477+0000] {dag.py:3508} INFO - Setting next_dagrun for example_xcom to 2021-01-01T00:00:00+00:00, run_after=2021-01-01T00:00:00+00:00
[2023-08-26T02:31:16.515+0000] {processor.py:179} INFO - Processing /home/airflow/.local/lib/python3.7/site-packages/airflow/example_dags/example_xcom.py took 0.104 seconds
[2023-08-26T02:31:47.006+0000] {processor.py:157} INFO - Started process (PID=4736) to work on /home/airflow/.local/lib/python3.7/site-packages/airflow/example_dags/example_xcom.py
[2023-08-26T02:31:47.007+0000] {processor.py:826} INFO - Processing file /home/airflow/.local/lib/python3.7/site-packages/airflow/example_dags/example_xcom.py for tasks to queue
[2023-08-26T02:31:47.008+0000] {logging_mixin.py:150} INFO - [2023-08-26T02:31:47.008+0000] {dagbag.py:541} INFO - Filling up the DagBag from /home/airflow/.local/lib/python3.7/site-packages/airflow/example_dags/example_xcom.py
[2023-08-26T02:31:47.018+0000] {processor.py:836} INFO - DAG(s) dict_keys(['example_xcom']) retrieved from /home/airflow/.local/lib/python3.7/site-packages/airflow/example_dags/example_xcom.py
[2023-08-26T02:31:47.044+0000] {logging_mixin.py:150} INFO - [2023-08-26T02:31:47.044+0000] {dag.py:2742} INFO - Sync 1 DAGs
[2023-08-26T02:31:47.071+0000] {logging_mixin.py:150} INFO - [2023-08-26T02:31:47.070+0000] {dag.py:3508} INFO - Setting next_dagrun for example_xcom to 2021-01-01T00:00:00+00:00, run_after=2021-01-01T00:00:00+00:00
[2023-08-26T02:31:47.109+0000] {processor.py:179} INFO - Processing /home/airflow/.local/lib/python3.7/site-packages/airflow/example_dags/example_xcom.py took 0.107 seconds
[2023-08-26T02:32:17.443+0000] {processor.py:157} INFO - Started process (PID=4815) to work on /home/airflow/.local/lib/python3.7/site-packages/airflow/example_dags/example_xcom.py
[2023-08-26T02:32:17.444+0000] {processor.py:826} INFO - Processing file /home/airflow/.local/lib/python3.7/site-packages/airflow/example_dags/example_xcom.py for tasks to queue
[2023-08-26T02:32:17.445+0000] {logging_mixin.py:150} INFO - [2023-08-26T02:32:17.445+0000] {dagbag.py:541} INFO - Filling up the DagBag from /home/airflow/.local/lib/python3.7/site-packages/airflow/example_dags/example_xcom.py
[2023-08-26T02:32:17.453+0000] {processor.py:836} INFO - DAG(s) dict_keys(['example_xcom']) retrieved from /home/airflow/.local/lib/python3.7/site-packages/airflow/example_dags/example_xcom.py
[2023-08-26T02:32:17.479+0000] {logging_mixin.py:150} INFO - [2023-08-26T02:32:17.479+0000] {dag.py:2742} INFO - Sync 1 DAGs
[2023-08-26T02:32:17.505+0000] {logging_mixin.py:150} INFO - [2023-08-26T02:32:17.505+0000] {dag.py:3508} INFO - Setting next_dagrun for example_xcom to 2021-01-01T00:00:00+00:00, run_after=2021-01-01T00:00:00+00:00
[2023-08-26T02:32:17.544+0000] {processor.py:179} INFO - Processing /home/airflow/.local/lib/python3.7/site-packages/airflow/example_dags/example_xcom.py took 0.105 seconds
[2023-08-26T02:32:48.266+0000] {processor.py:157} INFO - Started process (PID=4894) to work on /home/airflow/.local/lib/python3.7/site-packages/airflow/example_dags/example_xcom.py
[2023-08-26T02:32:48.268+0000] {processor.py:826} INFO - Processing file /home/airflow/.local/lib/python3.7/site-packages/airflow/example_dags/example_xcom.py for tasks to queue
[2023-08-26T02:32:48.269+0000] {logging_mixin.py:150} INFO - [2023-08-26T02:32:48.268+0000] {dagbag.py:541} INFO - Filling up the DagBag from /home/airflow/.local/lib/python3.7/site-packages/airflow/example_dags/example_xcom.py
[2023-08-26T02:32:48.278+0000] {processor.py:836} INFO - DAG(s) dict_keys(['example_xcom']) retrieved from /home/airflow/.local/lib/python3.7/site-packages/airflow/example_dags/example_xcom.py
[2023-08-26T02:32:48.306+0000] {logging_mixin.py:150} INFO - [2023-08-26T02:32:48.305+0000] {dag.py:2742} INFO - Sync 1 DAGs
[2023-08-26T02:32:48.334+0000] {logging_mixin.py:150} INFO - [2023-08-26T02:32:48.334+0000] {dag.py:3508} INFO - Setting next_dagrun for example_xcom to 2021-01-01T00:00:00+00:00, run_after=2021-01-01T00:00:00+00:00
[2023-08-26T02:32:48.474+0000] {processor.py:179} INFO - Processing /home/airflow/.local/lib/python3.7/site-packages/airflow/example_dags/example_xcom.py took 0.212 seconds
[2023-08-26T02:33:19.118+0000] {processor.py:157} INFO - Started process (PID=4973) to work on /home/airflow/.local/lib/python3.7/site-packages/airflow/example_dags/example_xcom.py
[2023-08-26T02:33:19.119+0000] {processor.py:826} INFO - Processing file /home/airflow/.local/lib/python3.7/site-packages/airflow/example_dags/example_xcom.py for tasks to queue
[2023-08-26T02:33:19.120+0000] {logging_mixin.py:150} INFO - [2023-08-26T02:33:19.120+0000] {dagbag.py:541} INFO - Filling up the DagBag from /home/airflow/.local/lib/python3.7/site-packages/airflow/example_dags/example_xcom.py
[2023-08-26T02:33:19.130+0000] {processor.py:836} INFO - DAG(s) dict_keys(['example_xcom']) retrieved from /home/airflow/.local/lib/python3.7/site-packages/airflow/example_dags/example_xcom.py
[2023-08-26T02:33:19.160+0000] {logging_mixin.py:150} INFO - [2023-08-26T02:33:19.159+0000] {dag.py:2742} INFO - Sync 1 DAGs
[2023-08-26T02:33:19.189+0000] {logging_mixin.py:150} INFO - [2023-08-26T02:33:19.189+0000] {dag.py:3508} INFO - Setting next_dagrun for example_xcom to 2021-01-01T00:00:00+00:00, run_after=2021-01-01T00:00:00+00:00
[2023-08-26T02:33:19.227+0000] {processor.py:179} INFO - Processing /home/airflow/.local/lib/python3.7/site-packages/airflow/example_dags/example_xcom.py took 0.114 seconds
[2023-08-26T02:33:49.623+0000] {processor.py:157} INFO - Started process (PID=5052) to work on /home/airflow/.local/lib/python3.7/site-packages/airflow/example_dags/example_xcom.py
[2023-08-26T02:33:49.624+0000] {processor.py:826} INFO - Processing file /home/airflow/.local/lib/python3.7/site-packages/airflow/example_dags/example_xcom.py for tasks to queue
[2023-08-26T02:33:49.625+0000] {logging_mixin.py:150} INFO - [2023-08-26T02:33:49.625+0000] {dagbag.py:541} INFO - Filling up the DagBag from /home/airflow/.local/lib/python3.7/site-packages/airflow/example_dags/example_xcom.py
[2023-08-26T02:33:49.634+0000] {processor.py:836} INFO - DAG(s) dict_keys(['example_xcom']) retrieved from /home/airflow/.local/lib/python3.7/site-packages/airflow/example_dags/example_xcom.py
[2023-08-26T02:33:49.660+0000] {logging_mixin.py:150} INFO - [2023-08-26T02:33:49.660+0000] {dag.py:2742} INFO - Sync 1 DAGs
[2023-08-26T02:33:49.688+0000] {logging_mixin.py:150} INFO - [2023-08-26T02:33:49.688+0000] {dag.py:3508} INFO - Setting next_dagrun for example_xcom to 2021-01-01T00:00:00+00:00, run_after=2021-01-01T00:00:00+00:00
[2023-08-26T02:33:49.729+0000] {processor.py:179} INFO - Processing /home/airflow/.local/lib/python3.7/site-packages/airflow/example_dags/example_xcom.py took 0.110 seconds
[2023-08-26T02:34:20.549+0000] {processor.py:157} INFO - Started process (PID=5131) to work on /home/airflow/.local/lib/python3.7/site-packages/airflow/example_dags/example_xcom.py
[2023-08-26T02:34:20.550+0000] {processor.py:826} INFO - Processing file /home/airflow/.local/lib/python3.7/site-packages/airflow/example_dags/example_xcom.py for tasks to queue
[2023-08-26T02:34:20.551+0000] {logging_mixin.py:150} INFO - [2023-08-26T02:34:20.551+0000] {dagbag.py:541} INFO - Filling up the DagBag from /home/airflow/.local/lib/python3.7/site-packages/airflow/example_dags/example_xcom.py
[2023-08-26T02:34:20.562+0000] {processor.py:836} INFO - DAG(s) dict_keys(['example_xcom']) retrieved from /home/airflow/.local/lib/python3.7/site-packages/airflow/example_dags/example_xcom.py
[2023-08-26T02:34:20.590+0000] {logging_mixin.py:150} INFO - [2023-08-26T02:34:20.590+0000] {dag.py:2742} INFO - Sync 1 DAGs
[2023-08-26T02:34:20.623+0000] {logging_mixin.py:150} INFO - [2023-08-26T02:34:20.622+0000] {dag.py:3508} INFO - Setting next_dagrun for example_xcom to 2021-01-01T00:00:00+00:00, run_after=2021-01-01T00:00:00+00:00
[2023-08-26T02:34:20.664+0000] {processor.py:179} INFO - Processing /home/airflow/.local/lib/python3.7/site-packages/airflow/example_dags/example_xcom.py took 0.119 seconds
[2023-08-26T02:34:50.743+0000] {processor.py:157} INFO - Started process (PID=5210) to work on /home/airflow/.local/lib/python3.7/site-packages/airflow/example_dags/example_xcom.py
[2023-08-26T02:34:50.744+0000] {processor.py:826} INFO - Processing file /home/airflow/.local/lib/python3.7/site-packages/airflow/example_dags/example_xcom.py for tasks to queue
[2023-08-26T02:34:50.746+0000] {logging_mixin.py:150} INFO - [2023-08-26T02:34:50.745+0000] {dagbag.py:541} INFO - Filling up the DagBag from /home/airflow/.local/lib/python3.7/site-packages/airflow/example_dags/example_xcom.py
[2023-08-26T02:34:50.754+0000] {processor.py:836} INFO - DAG(s) dict_keys(['example_xcom']) retrieved from /home/airflow/.local/lib/python3.7/site-packages/airflow/example_dags/example_xcom.py
[2023-08-26T02:34:50.778+0000] {logging_mixin.py:150} INFO - [2023-08-26T02:34:50.778+0000] {dag.py:2742} INFO - Sync 1 DAGs
[2023-08-26T02:34:50.804+0000] {logging_mixin.py:150} INFO - [2023-08-26T02:34:50.804+0000] {dag.py:3508} INFO - Setting next_dagrun for example_xcom to 2021-01-01T00:00:00+00:00, run_after=2021-01-01T00:00:00+00:00
[2023-08-26T02:34:50.843+0000] {processor.py:179} INFO - Processing /home/airflow/.local/lib/python3.7/site-packages/airflow/example_dags/example_xcom.py took 0.104 seconds
[2023-08-26T02:35:21.071+0000] {processor.py:157} INFO - Started process (PID=5289) to work on /home/airflow/.local/lib/python3.7/site-packages/airflow/example_dags/example_xcom.py
[2023-08-26T02:35:21.072+0000] {processor.py:826} INFO - Processing file /home/airflow/.local/lib/python3.7/site-packages/airflow/example_dags/example_xcom.py for tasks to queue
[2023-08-26T02:35:21.073+0000] {logging_mixin.py:150} INFO - [2023-08-26T02:35:21.073+0000] {dagbag.py:541} INFO - Filling up the DagBag from /home/airflow/.local/lib/python3.7/site-packages/airflow/example_dags/example_xcom.py
[2023-08-26T02:35:21.082+0000] {processor.py:836} INFO - DAG(s) dict_keys(['example_xcom']) retrieved from /home/airflow/.local/lib/python3.7/site-packages/airflow/example_dags/example_xcom.py
[2023-08-26T02:35:21.109+0000] {logging_mixin.py:150} INFO - [2023-08-26T02:35:21.109+0000] {dag.py:2742} INFO - Sync 1 DAGs
[2023-08-26T02:35:21.137+0000] {logging_mixin.py:150} INFO - [2023-08-26T02:35:21.137+0000] {dag.py:3508} INFO - Setting next_dagrun for example_xcom to 2021-01-01T00:00:00+00:00, run_after=2021-01-01T00:00:00+00:00
[2023-08-26T02:35:21.180+0000] {processor.py:179} INFO - Processing /home/airflow/.local/lib/python3.7/site-packages/airflow/example_dags/example_xcom.py took 0.113 seconds
