[2023-08-26T02:01:25.640+0000] {processor.py:157} INFO - Started process (PID=47) to work on /home/airflow/.local/lib/python3.7/site-packages/airflow/example_dags/example_bash_operator.py
[2023-08-26T02:01:25.642+0000] {processor.py:826} INFO - Processing file /home/airflow/.local/lib/python3.7/site-packages/airflow/example_dags/example_bash_operator.py for tasks to queue
[2023-08-26T02:01:25.643+0000] {logging_mixin.py:150} INFO - [2023-08-26T02:01:25.643+0000] {dagbag.py:541} INFO - Filling up the DagBag from /home/airflow/.local/lib/python3.7/site-packages/airflow/example_dags/example_bash_operator.py
[2023-08-26T02:01:25.661+0000] {processor.py:836} INFO - DAG(s) dict_keys(['example_bash_operator']) retrieved from /home/airflow/.local/lib/python3.7/site-packages/airflow/example_dags/example_bash_operator.py
[2023-08-26T02:01:25.677+0000] {logging_mixin.py:150} INFO - [2023-08-26T02:01:25.677+0000] {dag.py:2742} INFO - Sync 1 DAGs
[2023-08-26T02:01:25.832+0000] {logging_mixin.py:150} INFO - [2023-08-26T02:01:25.832+0000] {dag.py:3508} INFO - Setting next_dagrun for example_bash_operator to 2023-08-25T00:00:00+00:00, run_after=2023-08-26T00:00:00+00:00
[2023-08-26T02:01:25.874+0000] {processor.py:179} INFO - Processing /home/airflow/.local/lib/python3.7/site-packages/airflow/example_dags/example_bash_operator.py took 0.237 seconds
[2023-08-26T02:01:56.271+0000] {processor.py:157} INFO - Started process (PID=126) to work on /home/airflow/.local/lib/python3.7/site-packages/airflow/example_dags/example_bash_operator.py
[2023-08-26T02:01:56.273+0000] {processor.py:826} INFO - Processing file /home/airflow/.local/lib/python3.7/site-packages/airflow/example_dags/example_bash_operator.py for tasks to queue
[2023-08-26T02:01:56.276+0000] {logging_mixin.py:150} INFO - [2023-08-26T02:01:56.275+0000] {dagbag.py:541} INFO - Filling up the DagBag from /home/airflow/.local/lib/python3.7/site-packages/airflow/example_dags/example_bash_operator.py
[2023-08-26T02:01:56.305+0000] {processor.py:836} INFO - DAG(s) dict_keys(['example_bash_operator']) retrieved from /home/airflow/.local/lib/python3.7/site-packages/airflow/example_dags/example_bash_operator.py
[2023-08-26T02:01:56.345+0000] {logging_mixin.py:150} INFO - [2023-08-26T02:01:56.345+0000] {dag.py:2742} INFO - Sync 1 DAGs
[2023-08-26T02:01:56.374+0000] {logging_mixin.py:150} INFO - [2023-08-26T02:01:56.374+0000] {dag.py:3508} INFO - Setting next_dagrun for example_bash_operator to 2023-08-25T00:00:00+00:00, run_after=2023-08-26T00:00:00+00:00
[2023-08-26T02:01:56.415+0000] {processor.py:179} INFO - Processing /home/airflow/.local/lib/python3.7/site-packages/airflow/example_dags/example_bash_operator.py took 0.153 seconds
[2023-08-26T02:02:26.576+0000] {processor.py:157} INFO - Started process (PID=205) to work on /home/airflow/.local/lib/python3.7/site-packages/airflow/example_dags/example_bash_operator.py
[2023-08-26T02:02:26.578+0000] {processor.py:826} INFO - Processing file /home/airflow/.local/lib/python3.7/site-packages/airflow/example_dags/example_bash_operator.py for tasks to queue
[2023-08-26T02:02:26.579+0000] {logging_mixin.py:150} INFO - [2023-08-26T02:02:26.579+0000] {dagbag.py:541} INFO - Filling up the DagBag from /home/airflow/.local/lib/python3.7/site-packages/airflow/example_dags/example_bash_operator.py
[2023-08-26T02:02:26.604+0000] {processor.py:836} INFO - DAG(s) dict_keys(['example_bash_operator']) retrieved from /home/airflow/.local/lib/python3.7/site-packages/airflow/example_dags/example_bash_operator.py
[2023-08-26T02:02:26.654+0000] {logging_mixin.py:150} INFO - [2023-08-26T02:02:26.654+0000] {dag.py:2742} INFO - Sync 1 DAGs
[2023-08-26T02:02:26.697+0000] {logging_mixin.py:150} INFO - [2023-08-26T02:02:26.697+0000] {dag.py:3508} INFO - Setting next_dagrun for example_bash_operator to 2023-08-25T00:00:00+00:00, run_after=2023-08-26T00:00:00+00:00
[2023-08-26T02:02:26.743+0000] {processor.py:179} INFO - Processing /home/airflow/.local/lib/python3.7/site-packages/airflow/example_dags/example_bash_operator.py took 0.172 seconds
[2023-08-26T02:02:57.211+0000] {processor.py:157} INFO - Started process (PID=284) to work on /home/airflow/.local/lib/python3.7/site-packages/airflow/example_dags/example_bash_operator.py
[2023-08-26T02:02:57.212+0000] {processor.py:826} INFO - Processing file /home/airflow/.local/lib/python3.7/site-packages/airflow/example_dags/example_bash_operator.py for tasks to queue
[2023-08-26T02:02:57.214+0000] {logging_mixin.py:150} INFO - [2023-08-26T02:02:57.213+0000] {dagbag.py:541} INFO - Filling up the DagBag from /home/airflow/.local/lib/python3.7/site-packages/airflow/example_dags/example_bash_operator.py
[2023-08-26T02:02:57.235+0000] {processor.py:836} INFO - DAG(s) dict_keys(['example_bash_operator']) retrieved from /home/airflow/.local/lib/python3.7/site-packages/airflow/example_dags/example_bash_operator.py
[2023-08-26T02:02:57.290+0000] {logging_mixin.py:150} INFO - [2023-08-26T02:02:57.290+0000] {dag.py:2742} INFO - Sync 1 DAGs
[2023-08-26T02:02:57.327+0000] {logging_mixin.py:150} INFO - [2023-08-26T02:02:57.327+0000] {dag.py:3508} INFO - Setting next_dagrun for example_bash_operator to 2023-08-25T00:00:00+00:00, run_after=2023-08-26T00:00:00+00:00
[2023-08-26T02:02:57.409+0000] {processor.py:179} INFO - Processing /home/airflow/.local/lib/python3.7/site-packages/airflow/example_dags/example_bash_operator.py took 0.202 seconds
[2023-08-26T02:03:28.054+0000] {processor.py:157} INFO - Started process (PID=363) to work on /home/airflow/.local/lib/python3.7/site-packages/airflow/example_dags/example_bash_operator.py
[2023-08-26T02:03:28.055+0000] {processor.py:826} INFO - Processing file /home/airflow/.local/lib/python3.7/site-packages/airflow/example_dags/example_bash_operator.py for tasks to queue
[2023-08-26T02:03:28.056+0000] {logging_mixin.py:150} INFO - [2023-08-26T02:03:28.056+0000] {dagbag.py:541} INFO - Filling up the DagBag from /home/airflow/.local/lib/python3.7/site-packages/airflow/example_dags/example_bash_operator.py
[2023-08-26T02:03:28.072+0000] {processor.py:836} INFO - DAG(s) dict_keys(['example_bash_operator']) retrieved from /home/airflow/.local/lib/python3.7/site-packages/airflow/example_dags/example_bash_operator.py
[2023-08-26T02:03:28.114+0000] {logging_mixin.py:150} INFO - [2023-08-26T02:03:28.114+0000] {dag.py:2742} INFO - Sync 1 DAGs
[2023-08-26T02:03:28.142+0000] {logging_mixin.py:150} INFO - [2023-08-26T02:03:28.142+0000] {dag.py:3508} INFO - Setting next_dagrun for example_bash_operator to 2023-08-25T00:00:00+00:00, run_after=2023-08-26T00:00:00+00:00
[2023-08-26T02:03:28.288+0000] {processor.py:179} INFO - Processing /home/airflow/.local/lib/python3.7/site-packages/airflow/example_dags/example_bash_operator.py took 0.237 seconds
[2023-08-26T02:03:58.736+0000] {processor.py:157} INFO - Started process (PID=442) to work on /home/airflow/.local/lib/python3.7/site-packages/airflow/example_dags/example_bash_operator.py
[2023-08-26T02:03:58.737+0000] {processor.py:826} INFO - Processing file /home/airflow/.local/lib/python3.7/site-packages/airflow/example_dags/example_bash_operator.py for tasks to queue
[2023-08-26T02:03:58.738+0000] {logging_mixin.py:150} INFO - [2023-08-26T02:03:58.738+0000] {dagbag.py:541} INFO - Filling up the DagBag from /home/airflow/.local/lib/python3.7/site-packages/airflow/example_dags/example_bash_operator.py
[2023-08-26T02:03:58.758+0000] {processor.py:836} INFO - DAG(s) dict_keys(['example_bash_operator']) retrieved from /home/airflow/.local/lib/python3.7/site-packages/airflow/example_dags/example_bash_operator.py
[2023-08-26T02:03:58.813+0000] {logging_mixin.py:150} INFO - [2023-08-26T02:03:58.813+0000] {dag.py:2742} INFO - Sync 1 DAGs
[2023-08-26T02:03:58.854+0000] {logging_mixin.py:150} INFO - [2023-08-26T02:03:58.853+0000] {dag.py:3508} INFO - Setting next_dagrun for example_bash_operator to 2023-08-25T00:00:00+00:00, run_after=2023-08-26T00:00:00+00:00
[2023-08-26T02:03:58.904+0000] {processor.py:179} INFO - Processing /home/airflow/.local/lib/python3.7/site-packages/airflow/example_dags/example_bash_operator.py took 0.171 seconds
[2023-08-26T02:04:29.525+0000] {processor.py:157} INFO - Started process (PID=521) to work on /home/airflow/.local/lib/python3.7/site-packages/airflow/example_dags/example_bash_operator.py
[2023-08-26T02:04:29.527+0000] {processor.py:826} INFO - Processing file /home/airflow/.local/lib/python3.7/site-packages/airflow/example_dags/example_bash_operator.py for tasks to queue
[2023-08-26T02:04:29.528+0000] {logging_mixin.py:150} INFO - [2023-08-26T02:04:29.528+0000] {dagbag.py:541} INFO - Filling up the DagBag from /home/airflow/.local/lib/python3.7/site-packages/airflow/example_dags/example_bash_operator.py
[2023-08-26T02:04:29.545+0000] {processor.py:836} INFO - DAG(s) dict_keys(['example_bash_operator']) retrieved from /home/airflow/.local/lib/python3.7/site-packages/airflow/example_dags/example_bash_operator.py
[2023-08-26T02:04:29.589+0000] {logging_mixin.py:150} INFO - [2023-08-26T02:04:29.589+0000] {dag.py:2742} INFO - Sync 1 DAGs
[2023-08-26T02:04:29.618+0000] {logging_mixin.py:150} INFO - [2023-08-26T02:04:29.617+0000] {dag.py:3508} INFO - Setting next_dagrun for example_bash_operator to 2023-08-25T00:00:00+00:00, run_after=2023-08-26T00:00:00+00:00
[2023-08-26T02:04:29.657+0000] {processor.py:179} INFO - Processing /home/airflow/.local/lib/python3.7/site-packages/airflow/example_dags/example_bash_operator.py took 0.137 seconds
[2023-08-26T02:05:00.186+0000] {processor.py:157} INFO - Started process (PID=600) to work on /home/airflow/.local/lib/python3.7/site-packages/airflow/example_dags/example_bash_operator.py
[2023-08-26T02:05:00.188+0000] {processor.py:826} INFO - Processing file /home/airflow/.local/lib/python3.7/site-packages/airflow/example_dags/example_bash_operator.py for tasks to queue
[2023-08-26T02:05:00.189+0000] {logging_mixin.py:150} INFO - [2023-08-26T02:05:00.189+0000] {dagbag.py:541} INFO - Filling up the DagBag from /home/airflow/.local/lib/python3.7/site-packages/airflow/example_dags/example_bash_operator.py
[2023-08-26T02:05:00.205+0000] {processor.py:836} INFO - DAG(s) dict_keys(['example_bash_operator']) retrieved from /home/airflow/.local/lib/python3.7/site-packages/airflow/example_dags/example_bash_operator.py
[2023-08-26T02:05:00.253+0000] {logging_mixin.py:150} INFO - [2023-08-26T02:05:00.253+0000] {dag.py:2742} INFO - Sync 1 DAGs
[2023-08-26T02:05:00.284+0000] {logging_mixin.py:150} INFO - [2023-08-26T02:05:00.284+0000] {dag.py:3508} INFO - Setting next_dagrun for example_bash_operator to 2023-08-25T00:00:00+00:00, run_after=2023-08-26T00:00:00+00:00
[2023-08-26T02:05:00.322+0000] {processor.py:179} INFO - Processing /home/airflow/.local/lib/python3.7/site-packages/airflow/example_dags/example_bash_operator.py took 0.140 seconds
[2023-08-26T02:05:30.443+0000] {processor.py:157} INFO - Started process (PID=679) to work on /home/airflow/.local/lib/python3.7/site-packages/airflow/example_dags/example_bash_operator.py
[2023-08-26T02:05:30.444+0000] {processor.py:826} INFO - Processing file /home/airflow/.local/lib/python3.7/site-packages/airflow/example_dags/example_bash_operator.py for tasks to queue
[2023-08-26T02:05:30.446+0000] {logging_mixin.py:150} INFO - [2023-08-26T02:05:30.445+0000] {dagbag.py:541} INFO - Filling up the DagBag from /home/airflow/.local/lib/python3.7/site-packages/airflow/example_dags/example_bash_operator.py
[2023-08-26T02:05:30.461+0000] {processor.py:836} INFO - DAG(s) dict_keys(['example_bash_operator']) retrieved from /home/airflow/.local/lib/python3.7/site-packages/airflow/example_dags/example_bash_operator.py
[2023-08-26T02:05:30.501+0000] {logging_mixin.py:150} INFO - [2023-08-26T02:05:30.500+0000] {dag.py:2742} INFO - Sync 1 DAGs
[2023-08-26T02:05:30.528+0000] {logging_mixin.py:150} INFO - [2023-08-26T02:05:30.528+0000] {dag.py:3508} INFO - Setting next_dagrun for example_bash_operator to 2023-08-25T00:00:00+00:00, run_after=2023-08-26T00:00:00+00:00
[2023-08-26T02:05:30.569+0000] {processor.py:179} INFO - Processing /home/airflow/.local/lib/python3.7/site-packages/airflow/example_dags/example_bash_operator.py took 0.130 seconds
[2023-08-26T02:06:00.883+0000] {processor.py:157} INFO - Started process (PID=758) to work on /home/airflow/.local/lib/python3.7/site-packages/airflow/example_dags/example_bash_operator.py
[2023-08-26T02:06:00.884+0000] {processor.py:826} INFO - Processing file /home/airflow/.local/lib/python3.7/site-packages/airflow/example_dags/example_bash_operator.py for tasks to queue
[2023-08-26T02:06:00.885+0000] {logging_mixin.py:150} INFO - [2023-08-26T02:06:00.885+0000] {dagbag.py:541} INFO - Filling up the DagBag from /home/airflow/.local/lib/python3.7/site-packages/airflow/example_dags/example_bash_operator.py
[2023-08-26T02:06:00.901+0000] {processor.py:836} INFO - DAG(s) dict_keys(['example_bash_operator']) retrieved from /home/airflow/.local/lib/python3.7/site-packages/airflow/example_dags/example_bash_operator.py
[2023-08-26T02:06:00.942+0000] {logging_mixin.py:150} INFO - [2023-08-26T02:06:00.941+0000] {dag.py:2742} INFO - Sync 1 DAGs
[2023-08-26T02:06:00.970+0000] {logging_mixin.py:150} INFO - [2023-08-26T02:06:00.970+0000] {dag.py:3508} INFO - Setting next_dagrun for example_bash_operator to 2023-08-25T00:00:00+00:00, run_after=2023-08-26T00:00:00+00:00
[2023-08-26T02:06:01.020+0000] {processor.py:179} INFO - Processing /home/airflow/.local/lib/python3.7/site-packages/airflow/example_dags/example_bash_operator.py took 0.141 seconds
[2023-08-26T02:06:31.318+0000] {processor.py:157} INFO - Started process (PID=837) to work on /home/airflow/.local/lib/python3.7/site-packages/airflow/example_dags/example_bash_operator.py
[2023-08-26T02:06:31.319+0000] {processor.py:826} INFO - Processing file /home/airflow/.local/lib/python3.7/site-packages/airflow/example_dags/example_bash_operator.py for tasks to queue
[2023-08-26T02:06:31.320+0000] {logging_mixin.py:150} INFO - [2023-08-26T02:06:31.320+0000] {dagbag.py:541} INFO - Filling up the DagBag from /home/airflow/.local/lib/python3.7/site-packages/airflow/example_dags/example_bash_operator.py
[2023-08-26T02:06:31.339+0000] {processor.py:836} INFO - DAG(s) dict_keys(['example_bash_operator']) retrieved from /home/airflow/.local/lib/python3.7/site-packages/airflow/example_dags/example_bash_operator.py
[2023-08-26T02:06:31.379+0000] {logging_mixin.py:150} INFO - [2023-08-26T02:06:31.379+0000] {dag.py:2742} INFO - Sync 1 DAGs
[2023-08-26T02:06:31.407+0000] {logging_mixin.py:150} INFO - [2023-08-26T02:06:31.407+0000] {dag.py:3508} INFO - Setting next_dagrun for example_bash_operator to 2023-08-25T00:00:00+00:00, run_after=2023-08-26T00:00:00+00:00
[2023-08-26T02:06:31.444+0000] {processor.py:179} INFO - Processing /home/airflow/.local/lib/python3.7/site-packages/airflow/example_dags/example_bash_operator.py took 0.130 seconds
[2023-08-26T02:07:01.869+0000] {processor.py:157} INFO - Started process (PID=916) to work on /home/airflow/.local/lib/python3.7/site-packages/airflow/example_dags/example_bash_operator.py
[2023-08-26T02:07:01.871+0000] {processor.py:826} INFO - Processing file /home/airflow/.local/lib/python3.7/site-packages/airflow/example_dags/example_bash_operator.py for tasks to queue
[2023-08-26T02:07:01.872+0000] {logging_mixin.py:150} INFO - [2023-08-26T02:07:01.871+0000] {dagbag.py:541} INFO - Filling up the DagBag from /home/airflow/.local/lib/python3.7/site-packages/airflow/example_dags/example_bash_operator.py
[2023-08-26T02:07:01.890+0000] {processor.py:836} INFO - DAG(s) dict_keys(['example_bash_operator']) retrieved from /home/airflow/.local/lib/python3.7/site-packages/airflow/example_dags/example_bash_operator.py
[2023-08-26T02:07:01.933+0000] {logging_mixin.py:150} INFO - [2023-08-26T02:07:01.932+0000] {dag.py:2742} INFO - Sync 1 DAGs
[2023-08-26T02:07:01.961+0000] {logging_mixin.py:150} INFO - [2023-08-26T02:07:01.961+0000] {dag.py:3508} INFO - Setting next_dagrun for example_bash_operator to 2023-08-25T00:00:00+00:00, run_after=2023-08-26T00:00:00+00:00
[2023-08-26T02:07:02.003+0000] {processor.py:179} INFO - Processing /home/airflow/.local/lib/python3.7/site-packages/airflow/example_dags/example_bash_operator.py took 0.137 seconds
[2023-08-26T02:07:32.537+0000] {processor.py:157} INFO - Started process (PID=995) to work on /home/airflow/.local/lib/python3.7/site-packages/airflow/example_dags/example_bash_operator.py
[2023-08-26T02:07:32.539+0000] {processor.py:826} INFO - Processing file /home/airflow/.local/lib/python3.7/site-packages/airflow/example_dags/example_bash_operator.py for tasks to queue
[2023-08-26T02:07:32.540+0000] {logging_mixin.py:150} INFO - [2023-08-26T02:07:32.540+0000] {dagbag.py:541} INFO - Filling up the DagBag from /home/airflow/.local/lib/python3.7/site-packages/airflow/example_dags/example_bash_operator.py
[2023-08-26T02:07:32.555+0000] {processor.py:836} INFO - DAG(s) dict_keys(['example_bash_operator']) retrieved from /home/airflow/.local/lib/python3.7/site-packages/airflow/example_dags/example_bash_operator.py
[2023-08-26T02:07:32.597+0000] {logging_mixin.py:150} INFO - [2023-08-26T02:07:32.597+0000] {dag.py:2742} INFO - Sync 1 DAGs
[2023-08-26T02:07:32.628+0000] {logging_mixin.py:150} INFO - [2023-08-26T02:07:32.628+0000] {dag.py:3508} INFO - Setting next_dagrun for example_bash_operator to 2023-08-25T00:00:00+00:00, run_after=2023-08-26T00:00:00+00:00
[2023-08-26T02:07:32.759+0000] {processor.py:179} INFO - Processing /home/airflow/.local/lib/python3.7/site-packages/airflow/example_dags/example_bash_operator.py took 0.225 seconds
[2023-08-26T02:08:03.431+0000] {processor.py:157} INFO - Started process (PID=1074) to work on /home/airflow/.local/lib/python3.7/site-packages/airflow/example_dags/example_bash_operator.py
[2023-08-26T02:08:03.433+0000] {processor.py:826} INFO - Processing file /home/airflow/.local/lib/python3.7/site-packages/airflow/example_dags/example_bash_operator.py for tasks to queue
[2023-08-26T02:08:03.434+0000] {logging_mixin.py:150} INFO - [2023-08-26T02:08:03.434+0000] {dagbag.py:541} INFO - Filling up the DagBag from /home/airflow/.local/lib/python3.7/site-packages/airflow/example_dags/example_bash_operator.py
[2023-08-26T02:08:03.450+0000] {processor.py:836} INFO - DAG(s) dict_keys(['example_bash_operator']) retrieved from /home/airflow/.local/lib/python3.7/site-packages/airflow/example_dags/example_bash_operator.py
[2023-08-26T02:08:03.490+0000] {logging_mixin.py:150} INFO - [2023-08-26T02:08:03.490+0000] {dag.py:2742} INFO - Sync 1 DAGs
[2023-08-26T02:08:03.520+0000] {logging_mixin.py:150} INFO - [2023-08-26T02:08:03.520+0000] {dag.py:3508} INFO - Setting next_dagrun for example_bash_operator to 2023-08-25T00:00:00+00:00, run_after=2023-08-26T00:00:00+00:00
[2023-08-26T02:08:03.559+0000] {processor.py:179} INFO - Processing /home/airflow/.local/lib/python3.7/site-packages/airflow/example_dags/example_bash_operator.py took 0.131 seconds
[2023-08-26T02:08:34.377+0000] {processor.py:157} INFO - Started process (PID=1153) to work on /home/airflow/.local/lib/python3.7/site-packages/airflow/example_dags/example_bash_operator.py
[2023-08-26T02:08:34.379+0000] {processor.py:826} INFO - Processing file /home/airflow/.local/lib/python3.7/site-packages/airflow/example_dags/example_bash_operator.py for tasks to queue
[2023-08-26T02:08:34.380+0000] {logging_mixin.py:150} INFO - [2023-08-26T02:08:34.379+0000] {dagbag.py:541} INFO - Filling up the DagBag from /home/airflow/.local/lib/python3.7/site-packages/airflow/example_dags/example_bash_operator.py
[2023-08-26T02:08:34.395+0000] {processor.py:836} INFO - DAG(s) dict_keys(['example_bash_operator']) retrieved from /home/airflow/.local/lib/python3.7/site-packages/airflow/example_dags/example_bash_operator.py
[2023-08-26T02:08:34.438+0000] {logging_mixin.py:150} INFO - [2023-08-26T02:08:34.437+0000] {dag.py:2742} INFO - Sync 1 DAGs
[2023-08-26T02:08:34.468+0000] {logging_mixin.py:150} INFO - [2023-08-26T02:08:34.468+0000] {dag.py:3508} INFO - Setting next_dagrun for example_bash_operator to 2023-08-25T00:00:00+00:00, run_after=2023-08-26T00:00:00+00:00
[2023-08-26T02:08:34.508+0000] {processor.py:179} INFO - Processing /home/airflow/.local/lib/python3.7/site-packages/airflow/example_dags/example_bash_operator.py took 0.134 seconds
[2023-08-26T02:09:04.697+0000] {processor.py:157} INFO - Started process (PID=1232) to work on /home/airflow/.local/lib/python3.7/site-packages/airflow/example_dags/example_bash_operator.py
[2023-08-26T02:09:04.698+0000] {processor.py:826} INFO - Processing file /home/airflow/.local/lib/python3.7/site-packages/airflow/example_dags/example_bash_operator.py for tasks to queue
[2023-08-26T02:09:04.699+0000] {logging_mixin.py:150} INFO - [2023-08-26T02:09:04.699+0000] {dagbag.py:541} INFO - Filling up the DagBag from /home/airflow/.local/lib/python3.7/site-packages/airflow/example_dags/example_bash_operator.py
[2023-08-26T02:09:04.714+0000] {processor.py:836} INFO - DAG(s) dict_keys(['example_bash_operator']) retrieved from /home/airflow/.local/lib/python3.7/site-packages/airflow/example_dags/example_bash_operator.py
[2023-08-26T02:09:04.755+0000] {logging_mixin.py:150} INFO - [2023-08-26T02:09:04.755+0000] {dag.py:2742} INFO - Sync 1 DAGs
[2023-08-26T02:09:04.787+0000] {logging_mixin.py:150} INFO - [2023-08-26T02:09:04.786+0000] {dag.py:3508} INFO - Setting next_dagrun for example_bash_operator to 2023-08-25T00:00:00+00:00, run_after=2023-08-26T00:00:00+00:00
[2023-08-26T02:09:04.828+0000] {processor.py:179} INFO - Processing /home/airflow/.local/lib/python3.7/site-packages/airflow/example_dags/example_bash_operator.py took 0.135 seconds
[2023-08-26T02:09:35.332+0000] {processor.py:157} INFO - Started process (PID=1311) to work on /home/airflow/.local/lib/python3.7/site-packages/airflow/example_dags/example_bash_operator.py
[2023-08-26T02:09:35.333+0000] {processor.py:826} INFO - Processing file /home/airflow/.local/lib/python3.7/site-packages/airflow/example_dags/example_bash_operator.py for tasks to queue
[2023-08-26T02:09:35.334+0000] {logging_mixin.py:150} INFO - [2023-08-26T02:09:35.334+0000] {dagbag.py:541} INFO - Filling up the DagBag from /home/airflow/.local/lib/python3.7/site-packages/airflow/example_dags/example_bash_operator.py
[2023-08-26T02:09:35.350+0000] {processor.py:836} INFO - DAG(s) dict_keys(['example_bash_operator']) retrieved from /home/airflow/.local/lib/python3.7/site-packages/airflow/example_dags/example_bash_operator.py
[2023-08-26T02:09:35.389+0000] {logging_mixin.py:150} INFO - [2023-08-26T02:09:35.389+0000] {dag.py:2742} INFO - Sync 1 DAGs
[2023-08-26T02:09:35.418+0000] {logging_mixin.py:150} INFO - [2023-08-26T02:09:35.418+0000] {dag.py:3508} INFO - Setting next_dagrun for example_bash_operator to 2023-08-25T00:00:00+00:00, run_after=2023-08-26T00:00:00+00:00
[2023-08-26T02:09:35.457+0000] {processor.py:179} INFO - Processing /home/airflow/.local/lib/python3.7/site-packages/airflow/example_dags/example_bash_operator.py took 0.128 seconds
[2023-08-26T02:10:07.226+0000] {processor.py:157} INFO - Started process (PID=1390) to work on /home/airflow/.local/lib/python3.7/site-packages/airflow/example_dags/example_bash_operator.py
[2023-08-26T02:10:07.227+0000] {processor.py:826} INFO - Processing file /home/airflow/.local/lib/python3.7/site-packages/airflow/example_dags/example_bash_operator.py for tasks to queue
[2023-08-26T02:10:07.229+0000] {logging_mixin.py:150} INFO - [2023-08-26T02:10:07.228+0000] {dagbag.py:541} INFO - Filling up the DagBag from /home/airflow/.local/lib/python3.7/site-packages/airflow/example_dags/example_bash_operator.py
[2023-08-26T02:10:07.257+0000] {processor.py:836} INFO - DAG(s) dict_keys(['example_bash_operator']) retrieved from /home/airflow/.local/lib/python3.7/site-packages/airflow/example_dags/example_bash_operator.py
[2023-08-26T02:10:07.419+0000] {logging_mixin.py:150} INFO - [2023-08-26T02:10:07.418+0000] {dag.py:2742} INFO - Sync 1 DAGs
[2023-08-26T02:10:07.487+0000] {logging_mixin.py:150} INFO - [2023-08-26T02:10:07.487+0000] {dag.py:3508} INFO - Setting next_dagrun for example_bash_operator to 2023-08-25T00:00:00+00:00, run_after=2023-08-26T00:00:00+00:00
[2023-08-26T02:10:07.580+0000] {processor.py:179} INFO - Processing /home/airflow/.local/lib/python3.7/site-packages/airflow/example_dags/example_bash_operator.py took 0.358 seconds
[2023-08-26T02:10:37.726+0000] {processor.py:157} INFO - Started process (PID=1469) to work on /home/airflow/.local/lib/python3.7/site-packages/airflow/example_dags/example_bash_operator.py
[2023-08-26T02:10:37.730+0000] {processor.py:826} INFO - Processing file /home/airflow/.local/lib/python3.7/site-packages/airflow/example_dags/example_bash_operator.py for tasks to queue
[2023-08-26T02:10:37.735+0000] {logging_mixin.py:150} INFO - [2023-08-26T02:10:37.734+0000] {dagbag.py:541} INFO - Filling up the DagBag from /home/airflow/.local/lib/python3.7/site-packages/airflow/example_dags/example_bash_operator.py
[2023-08-26T02:10:37.801+0000] {processor.py:836} INFO - DAG(s) dict_keys(['example_bash_operator']) retrieved from /home/airflow/.local/lib/python3.7/site-packages/airflow/example_dags/example_bash_operator.py
[2023-08-26T02:10:37.933+0000] {logging_mixin.py:150} INFO - [2023-08-26T02:10:37.932+0000] {dag.py:2742} INFO - Sync 1 DAGs
[2023-08-26T02:10:37.970+0000] {logging_mixin.py:150} INFO - [2023-08-26T02:10:37.970+0000] {dag.py:3508} INFO - Setting next_dagrun for example_bash_operator to 2023-08-25T00:00:00+00:00, run_after=2023-08-26T00:00:00+00:00
[2023-08-26T02:10:38.009+0000] {processor.py:179} INFO - Processing /home/airflow/.local/lib/python3.7/site-packages/airflow/example_dags/example_bash_operator.py took 0.296 seconds
[2023-08-26T02:11:08.865+0000] {processor.py:157} INFO - Started process (PID=1548) to work on /home/airflow/.local/lib/python3.7/site-packages/airflow/example_dags/example_bash_operator.py
[2023-08-26T02:11:08.868+0000] {processor.py:826} INFO - Processing file /home/airflow/.local/lib/python3.7/site-packages/airflow/example_dags/example_bash_operator.py for tasks to queue
[2023-08-26T02:11:08.871+0000] {logging_mixin.py:150} INFO - [2023-08-26T02:11:08.871+0000] {dagbag.py:541} INFO - Filling up the DagBag from /home/airflow/.local/lib/python3.7/site-packages/airflow/example_dags/example_bash_operator.py
[2023-08-26T02:11:08.914+0000] {processor.py:836} INFO - DAG(s) dict_keys(['example_bash_operator']) retrieved from /home/airflow/.local/lib/python3.7/site-packages/airflow/example_dags/example_bash_operator.py
[2023-08-26T02:11:09.037+0000] {logging_mixin.py:150} INFO - [2023-08-26T02:11:09.036+0000] {dag.py:2742} INFO - Sync 1 DAGs
[2023-08-26T02:11:09.071+0000] {logging_mixin.py:150} INFO - [2023-08-26T02:11:09.071+0000] {dag.py:3508} INFO - Setting next_dagrun for example_bash_operator to 2023-08-25T00:00:00+00:00, run_after=2023-08-26T00:00:00+00:00
[2023-08-26T02:11:09.110+0000] {processor.py:179} INFO - Processing /home/airflow/.local/lib/python3.7/site-packages/airflow/example_dags/example_bash_operator.py took 0.260 seconds
[2023-08-26T02:11:39.951+0000] {processor.py:157} INFO - Started process (PID=1627) to work on /home/airflow/.local/lib/python3.7/site-packages/airflow/example_dags/example_bash_operator.py
[2023-08-26T02:11:39.952+0000] {processor.py:826} INFO - Processing file /home/airflow/.local/lib/python3.7/site-packages/airflow/example_dags/example_bash_operator.py for tasks to queue
[2023-08-26T02:11:39.954+0000] {logging_mixin.py:150} INFO - [2023-08-26T02:11:39.953+0000] {dagbag.py:541} INFO - Filling up the DagBag from /home/airflow/.local/lib/python3.7/site-packages/airflow/example_dags/example_bash_operator.py
[2023-08-26T02:11:39.970+0000] {processor.py:836} INFO - DAG(s) dict_keys(['example_bash_operator']) retrieved from /home/airflow/.local/lib/python3.7/site-packages/airflow/example_dags/example_bash_operator.py
[2023-08-26T02:11:40.011+0000] {logging_mixin.py:150} INFO - [2023-08-26T02:11:40.011+0000] {dag.py:2742} INFO - Sync 1 DAGs
[2023-08-26T02:11:40.040+0000] {logging_mixin.py:150} INFO - [2023-08-26T02:11:40.040+0000] {dag.py:3508} INFO - Setting next_dagrun for example_bash_operator to 2023-08-25T00:00:00+00:00, run_after=2023-08-26T00:00:00+00:00
[2023-08-26T02:11:40.078+0000] {processor.py:179} INFO - Processing /home/airflow/.local/lib/python3.7/site-packages/airflow/example_dags/example_bash_operator.py took 0.131 seconds
[2023-08-26T02:12:11.260+0000] {processor.py:157} INFO - Started process (PID=1706) to work on /home/airflow/.local/lib/python3.7/site-packages/airflow/example_dags/example_bash_operator.py
[2023-08-26T02:12:11.261+0000] {processor.py:826} INFO - Processing file /home/airflow/.local/lib/python3.7/site-packages/airflow/example_dags/example_bash_operator.py for tasks to queue
[2023-08-26T02:12:11.262+0000] {logging_mixin.py:150} INFO - [2023-08-26T02:12:11.262+0000] {dagbag.py:541} INFO - Filling up the DagBag from /home/airflow/.local/lib/python3.7/site-packages/airflow/example_dags/example_bash_operator.py
[2023-08-26T02:12:11.279+0000] {processor.py:836} INFO - DAG(s) dict_keys(['example_bash_operator']) retrieved from /home/airflow/.local/lib/python3.7/site-packages/airflow/example_dags/example_bash_operator.py
[2023-08-26T02:12:11.322+0000] {logging_mixin.py:150} INFO - [2023-08-26T02:12:11.321+0000] {dag.py:2742} INFO - Sync 1 DAGs
[2023-08-26T02:12:11.352+0000] {logging_mixin.py:150} INFO - [2023-08-26T02:12:11.352+0000] {dag.py:3508} INFO - Setting next_dagrun for example_bash_operator to 2023-08-25T00:00:00+00:00, run_after=2023-08-26T00:00:00+00:00
[2023-08-26T02:12:11.421+0000] {processor.py:179} INFO - Processing /home/airflow/.local/lib/python3.7/site-packages/airflow/example_dags/example_bash_operator.py took 0.165 seconds
[2023-08-26T02:12:41.834+0000] {processor.py:157} INFO - Started process (PID=1785) to work on /home/airflow/.local/lib/python3.7/site-packages/airflow/example_dags/example_bash_operator.py
[2023-08-26T02:12:41.838+0000] {processor.py:826} INFO - Processing file /home/airflow/.local/lib/python3.7/site-packages/airflow/example_dags/example_bash_operator.py for tasks to queue
[2023-08-26T02:12:41.843+0000] {logging_mixin.py:150} INFO - [2023-08-26T02:12:41.842+0000] {dagbag.py:541} INFO - Filling up the DagBag from /home/airflow/.local/lib/python3.7/site-packages/airflow/example_dags/example_bash_operator.py
[2023-08-26T02:12:41.904+0000] {processor.py:836} INFO - DAG(s) dict_keys(['example_bash_operator']) retrieved from /home/airflow/.local/lib/python3.7/site-packages/airflow/example_dags/example_bash_operator.py
[2023-08-26T02:12:42.013+0000] {logging_mixin.py:150} INFO - [2023-08-26T02:12:42.013+0000] {dag.py:2742} INFO - Sync 1 DAGs
[2023-08-26T02:12:42.049+0000] {logging_mixin.py:150} INFO - [2023-08-26T02:12:42.048+0000] {dag.py:3508} INFO - Setting next_dagrun for example_bash_operator to 2023-08-25T00:00:00+00:00, run_after=2023-08-26T00:00:00+00:00
[2023-08-26T02:12:42.088+0000] {processor.py:179} INFO - Processing /home/airflow/.local/lib/python3.7/site-packages/airflow/example_dags/example_bash_operator.py took 0.270 seconds
[2023-08-26T02:13:12.806+0000] {processor.py:157} INFO - Started process (PID=1864) to work on /home/airflow/.local/lib/python3.7/site-packages/airflow/example_dags/example_bash_operator.py
[2023-08-26T02:13:12.807+0000] {processor.py:826} INFO - Processing file /home/airflow/.local/lib/python3.7/site-packages/airflow/example_dags/example_bash_operator.py for tasks to queue
[2023-08-26T02:13:12.808+0000] {logging_mixin.py:150} INFO - [2023-08-26T02:13:12.808+0000] {dagbag.py:541} INFO - Filling up the DagBag from /home/airflow/.local/lib/python3.7/site-packages/airflow/example_dags/example_bash_operator.py
[2023-08-26T02:13:12.827+0000] {processor.py:836} INFO - DAG(s) dict_keys(['example_bash_operator']) retrieved from /home/airflow/.local/lib/python3.7/site-packages/airflow/example_dags/example_bash_operator.py
[2023-08-26T02:13:12.880+0000] {logging_mixin.py:150} INFO - [2023-08-26T02:13:12.880+0000] {dag.py:2742} INFO - Sync 1 DAGs
[2023-08-26T02:13:12.908+0000] {logging_mixin.py:150} INFO - [2023-08-26T02:13:12.908+0000] {dag.py:3508} INFO - Setting next_dagrun for example_bash_operator to 2023-08-25T00:00:00+00:00, run_after=2023-08-26T00:00:00+00:00
[2023-08-26T02:13:12.947+0000] {processor.py:179} INFO - Processing /home/airflow/.local/lib/python3.7/site-packages/airflow/example_dags/example_bash_operator.py took 0.145 seconds
[2023-08-26T02:13:43.758+0000] {processor.py:157} INFO - Started process (PID=1943) to work on /home/airflow/.local/lib/python3.7/site-packages/airflow/example_dags/example_bash_operator.py
[2023-08-26T02:13:43.760+0000] {processor.py:826} INFO - Processing file /home/airflow/.local/lib/python3.7/site-packages/airflow/example_dags/example_bash_operator.py for tasks to queue
[2023-08-26T02:13:43.761+0000] {logging_mixin.py:150} INFO - [2023-08-26T02:13:43.761+0000] {dagbag.py:541} INFO - Filling up the DagBag from /home/airflow/.local/lib/python3.7/site-packages/airflow/example_dags/example_bash_operator.py
[2023-08-26T02:13:43.784+0000] {processor.py:836} INFO - DAG(s) dict_keys(['example_bash_operator']) retrieved from /home/airflow/.local/lib/python3.7/site-packages/airflow/example_dags/example_bash_operator.py
[2023-08-26T02:13:43.829+0000] {logging_mixin.py:150} INFO - [2023-08-26T02:13:43.829+0000] {dag.py:2742} INFO - Sync 1 DAGs
[2023-08-26T02:13:43.860+0000] {logging_mixin.py:150} INFO - [2023-08-26T02:13:43.860+0000] {dag.py:3508} INFO - Setting next_dagrun for example_bash_operator to 2023-08-25T00:00:00+00:00, run_after=2023-08-26T00:00:00+00:00
[2023-08-26T02:13:43.910+0000] {processor.py:179} INFO - Processing /home/airflow/.local/lib/python3.7/site-packages/airflow/example_dags/example_bash_operator.py took 0.155 seconds
[2023-08-26T02:14:14.214+0000] {processor.py:157} INFO - Started process (PID=2022) to work on /home/airflow/.local/lib/python3.7/site-packages/airflow/example_dags/example_bash_operator.py
[2023-08-26T02:14:14.215+0000] {processor.py:826} INFO - Processing file /home/airflow/.local/lib/python3.7/site-packages/airflow/example_dags/example_bash_operator.py for tasks to queue
[2023-08-26T02:14:14.216+0000] {logging_mixin.py:150} INFO - [2023-08-26T02:14:14.216+0000] {dagbag.py:541} INFO - Filling up the DagBag from /home/airflow/.local/lib/python3.7/site-packages/airflow/example_dags/example_bash_operator.py
[2023-08-26T02:14:14.232+0000] {processor.py:836} INFO - DAG(s) dict_keys(['example_bash_operator']) retrieved from /home/airflow/.local/lib/python3.7/site-packages/airflow/example_dags/example_bash_operator.py
[2023-08-26T02:14:14.274+0000] {logging_mixin.py:150} INFO - [2023-08-26T02:14:14.273+0000] {dag.py:2742} INFO - Sync 1 DAGs
[2023-08-26T02:14:14.305+0000] {logging_mixin.py:150} INFO - [2023-08-26T02:14:14.305+0000] {dag.py:3508} INFO - Setting next_dagrun for example_bash_operator to 2023-08-25T00:00:00+00:00, run_after=2023-08-26T00:00:00+00:00
[2023-08-26T02:14:14.363+0000] {processor.py:179} INFO - Processing /home/airflow/.local/lib/python3.7/site-packages/airflow/example_dags/example_bash_operator.py took 0.151 seconds
[2023-08-26T02:14:44.637+0000] {processor.py:157} INFO - Started process (PID=2101) to work on /home/airflow/.local/lib/python3.7/site-packages/airflow/example_dags/example_bash_operator.py
[2023-08-26T02:14:44.638+0000] {processor.py:826} INFO - Processing file /home/airflow/.local/lib/python3.7/site-packages/airflow/example_dags/example_bash_operator.py for tasks to queue
[2023-08-26T02:14:44.639+0000] {logging_mixin.py:150} INFO - [2023-08-26T02:14:44.639+0000] {dagbag.py:541} INFO - Filling up the DagBag from /home/airflow/.local/lib/python3.7/site-packages/airflow/example_dags/example_bash_operator.py
[2023-08-26T02:14:44.659+0000] {processor.py:836} INFO - DAG(s) dict_keys(['example_bash_operator']) retrieved from /home/airflow/.local/lib/python3.7/site-packages/airflow/example_dags/example_bash_operator.py
[2023-08-26T02:14:44.716+0000] {logging_mixin.py:150} INFO - [2023-08-26T02:14:44.715+0000] {dag.py:2742} INFO - Sync 1 DAGs
[2023-08-26T02:14:44.747+0000] {logging_mixin.py:150} INFO - [2023-08-26T02:14:44.747+0000] {dag.py:3508} INFO - Setting next_dagrun for example_bash_operator to 2023-08-25T00:00:00+00:00, run_after=2023-08-26T00:00:00+00:00
[2023-08-26T02:14:44.787+0000] {processor.py:179} INFO - Processing /home/airflow/.local/lib/python3.7/site-packages/airflow/example_dags/example_bash_operator.py took 0.154 seconds
[2023-08-26T02:15:14.999+0000] {processor.py:157} INFO - Started process (PID=2180) to work on /home/airflow/.local/lib/python3.7/site-packages/airflow/example_dags/example_bash_operator.py
[2023-08-26T02:15:15.000+0000] {processor.py:826} INFO - Processing file /home/airflow/.local/lib/python3.7/site-packages/airflow/example_dags/example_bash_operator.py for tasks to queue
[2023-08-26T02:15:15.002+0000] {logging_mixin.py:150} INFO - [2023-08-26T02:15:15.002+0000] {dagbag.py:541} INFO - Filling up the DagBag from /home/airflow/.local/lib/python3.7/site-packages/airflow/example_dags/example_bash_operator.py
[2023-08-26T02:15:15.027+0000] {processor.py:836} INFO - DAG(s) dict_keys(['example_bash_operator']) retrieved from /home/airflow/.local/lib/python3.7/site-packages/airflow/example_dags/example_bash_operator.py
[2023-08-26T02:15:15.068+0000] {logging_mixin.py:150} INFO - [2023-08-26T02:15:15.068+0000] {dag.py:2742} INFO - Sync 1 DAGs
[2023-08-26T02:15:15.098+0000] {logging_mixin.py:150} INFO - [2023-08-26T02:15:15.098+0000] {dag.py:3508} INFO - Setting next_dagrun for example_bash_operator to 2023-08-25T00:00:00+00:00, run_after=2023-08-26T00:00:00+00:00
[2023-08-26T02:15:15.138+0000] {processor.py:179} INFO - Processing /home/airflow/.local/lib/python3.7/site-packages/airflow/example_dags/example_bash_operator.py took 0.143 seconds
[2023-08-26T02:15:45.438+0000] {processor.py:157} INFO - Started process (PID=2259) to work on /home/airflow/.local/lib/python3.7/site-packages/airflow/example_dags/example_bash_operator.py
[2023-08-26T02:15:45.439+0000] {processor.py:826} INFO - Processing file /home/airflow/.local/lib/python3.7/site-packages/airflow/example_dags/example_bash_operator.py for tasks to queue
[2023-08-26T02:15:45.441+0000] {logging_mixin.py:150} INFO - [2023-08-26T02:15:45.441+0000] {dagbag.py:541} INFO - Filling up the DagBag from /home/airflow/.local/lib/python3.7/site-packages/airflow/example_dags/example_bash_operator.py
[2023-08-26T02:15:45.457+0000] {processor.py:836} INFO - DAG(s) dict_keys(['example_bash_operator']) retrieved from /home/airflow/.local/lib/python3.7/site-packages/airflow/example_dags/example_bash_operator.py
[2023-08-26T02:15:45.499+0000] {logging_mixin.py:150} INFO - [2023-08-26T02:15:45.499+0000] {dag.py:2742} INFO - Sync 1 DAGs
[2023-08-26T02:15:45.531+0000] {logging_mixin.py:150} INFO - [2023-08-26T02:15:45.530+0000] {dag.py:3508} INFO - Setting next_dagrun for example_bash_operator to 2023-08-25T00:00:00+00:00, run_after=2023-08-26T00:00:00+00:00
[2023-08-26T02:15:45.613+0000] {processor.py:179} INFO - Processing /home/airflow/.local/lib/python3.7/site-packages/airflow/example_dags/example_bash_operator.py took 0.178 seconds
[2023-08-26T02:16:15.680+0000] {processor.py:157} INFO - Started process (PID=2337) to work on /home/airflow/.local/lib/python3.7/site-packages/airflow/example_dags/example_bash_operator.py
[2023-08-26T02:16:15.681+0000] {processor.py:826} INFO - Processing file /home/airflow/.local/lib/python3.7/site-packages/airflow/example_dags/example_bash_operator.py for tasks to queue
[2023-08-26T02:16:15.683+0000] {logging_mixin.py:150} INFO - [2023-08-26T02:16:15.682+0000] {dagbag.py:541} INFO - Filling up the DagBag from /home/airflow/.local/lib/python3.7/site-packages/airflow/example_dags/example_bash_operator.py
[2023-08-26T02:16:15.699+0000] {processor.py:836} INFO - DAG(s) dict_keys(['example_bash_operator']) retrieved from /home/airflow/.local/lib/python3.7/site-packages/airflow/example_dags/example_bash_operator.py
[2023-08-26T02:16:15.745+0000] {logging_mixin.py:150} INFO - [2023-08-26T02:16:15.745+0000] {dag.py:2742} INFO - Sync 1 DAGs
[2023-08-26T02:16:15.780+0000] {logging_mixin.py:150} INFO - [2023-08-26T02:16:15.780+0000] {dag.py:3508} INFO - Setting next_dagrun for example_bash_operator to 2023-08-25T00:00:00+00:00, run_after=2023-08-26T00:00:00+00:00
[2023-08-26T02:16:15.822+0000] {processor.py:179} INFO - Processing /home/airflow/.local/lib/python3.7/site-packages/airflow/example_dags/example_bash_operator.py took 0.145 seconds
[2023-08-26T02:16:46.072+0000] {processor.py:157} INFO - Started process (PID=2416) to work on /home/airflow/.local/lib/python3.7/site-packages/airflow/example_dags/example_bash_operator.py
[2023-08-26T02:16:46.073+0000] {processor.py:826} INFO - Processing file /home/airflow/.local/lib/python3.7/site-packages/airflow/example_dags/example_bash_operator.py for tasks to queue
[2023-08-26T02:16:46.074+0000] {logging_mixin.py:150} INFO - [2023-08-26T02:16:46.074+0000] {dagbag.py:541} INFO - Filling up the DagBag from /home/airflow/.local/lib/python3.7/site-packages/airflow/example_dags/example_bash_operator.py
[2023-08-26T02:16:46.091+0000] {processor.py:836} INFO - DAG(s) dict_keys(['example_bash_operator']) retrieved from /home/airflow/.local/lib/python3.7/site-packages/airflow/example_dags/example_bash_operator.py
[2023-08-26T02:16:46.133+0000] {logging_mixin.py:150} INFO - [2023-08-26T02:16:46.132+0000] {dag.py:2742} INFO - Sync 1 DAGs
[2023-08-26T02:16:46.174+0000] {logging_mixin.py:150} INFO - [2023-08-26T02:16:46.174+0000] {dag.py:3508} INFO - Setting next_dagrun for example_bash_operator to 2023-08-25T00:00:00+00:00, run_after=2023-08-26T00:00:00+00:00
[2023-08-26T02:16:46.240+0000] {processor.py:179} INFO - Processing /home/airflow/.local/lib/python3.7/site-packages/airflow/example_dags/example_bash_operator.py took 0.171 seconds
[2023-08-26T02:17:16.312+0000] {processor.py:157} INFO - Started process (PID=2495) to work on /home/airflow/.local/lib/python3.7/site-packages/airflow/example_dags/example_bash_operator.py
[2023-08-26T02:17:16.313+0000] {processor.py:826} INFO - Processing file /home/airflow/.local/lib/python3.7/site-packages/airflow/example_dags/example_bash_operator.py for tasks to queue
[2023-08-26T02:17:16.315+0000] {logging_mixin.py:150} INFO - [2023-08-26T02:17:16.314+0000] {dagbag.py:541} INFO - Filling up the DagBag from /home/airflow/.local/lib/python3.7/site-packages/airflow/example_dags/example_bash_operator.py
[2023-08-26T02:17:16.334+0000] {processor.py:836} INFO - DAG(s) dict_keys(['example_bash_operator']) retrieved from /home/airflow/.local/lib/python3.7/site-packages/airflow/example_dags/example_bash_operator.py
[2023-08-26T02:17:16.392+0000] {logging_mixin.py:150} INFO - [2023-08-26T02:17:16.392+0000] {dag.py:2742} INFO - Sync 1 DAGs
[2023-08-26T02:17:16.441+0000] {logging_mixin.py:150} INFO - [2023-08-26T02:17:16.441+0000] {dag.py:3508} INFO - Setting next_dagrun for example_bash_operator to 2023-08-25T00:00:00+00:00, run_after=2023-08-26T00:00:00+00:00
[2023-08-26T02:17:16.519+0000] {processor.py:179} INFO - Processing /home/airflow/.local/lib/python3.7/site-packages/airflow/example_dags/example_bash_operator.py took 0.210 seconds
[2023-08-26T02:17:46.768+0000] {processor.py:157} INFO - Started process (PID=2574) to work on /home/airflow/.local/lib/python3.7/site-packages/airflow/example_dags/example_bash_operator.py
[2023-08-26T02:17:46.770+0000] {processor.py:826} INFO - Processing file /home/airflow/.local/lib/python3.7/site-packages/airflow/example_dags/example_bash_operator.py for tasks to queue
[2023-08-26T02:17:46.771+0000] {logging_mixin.py:150} INFO - [2023-08-26T02:17:46.771+0000] {dagbag.py:541} INFO - Filling up the DagBag from /home/airflow/.local/lib/python3.7/site-packages/airflow/example_dags/example_bash_operator.py
[2023-08-26T02:17:46.787+0000] {processor.py:836} INFO - DAG(s) dict_keys(['example_bash_operator']) retrieved from /home/airflow/.local/lib/python3.7/site-packages/airflow/example_dags/example_bash_operator.py
[2023-08-26T02:17:46.829+0000] {logging_mixin.py:150} INFO - [2023-08-26T02:17:46.829+0000] {dag.py:2742} INFO - Sync 1 DAGs
[2023-08-26T02:17:46.860+0000] {logging_mixin.py:150} INFO - [2023-08-26T02:17:46.860+0000] {dag.py:3508} INFO - Setting next_dagrun for example_bash_operator to 2023-08-25T00:00:00+00:00, run_after=2023-08-26T00:00:00+00:00
[2023-08-26T02:17:46.904+0000] {processor.py:179} INFO - Processing /home/airflow/.local/lib/python3.7/site-packages/airflow/example_dags/example_bash_operator.py took 0.140 seconds
[2023-08-26T02:18:17.310+0000] {processor.py:157} INFO - Started process (PID=2654) to work on /home/airflow/.local/lib/python3.7/site-packages/airflow/example_dags/example_bash_operator.py
[2023-08-26T02:18:17.312+0000] {processor.py:826} INFO - Processing file /home/airflow/.local/lib/python3.7/site-packages/airflow/example_dags/example_bash_operator.py for tasks to queue
[2023-08-26T02:18:17.313+0000] {logging_mixin.py:150} INFO - [2023-08-26T02:18:17.313+0000] {dagbag.py:541} INFO - Filling up the DagBag from /home/airflow/.local/lib/python3.7/site-packages/airflow/example_dags/example_bash_operator.py
[2023-08-26T02:18:17.332+0000] {processor.py:836} INFO - DAG(s) dict_keys(['example_bash_operator']) retrieved from /home/airflow/.local/lib/python3.7/site-packages/airflow/example_dags/example_bash_operator.py
[2023-08-26T02:18:17.378+0000] {logging_mixin.py:150} INFO - [2023-08-26T02:18:17.378+0000] {dag.py:2742} INFO - Sync 1 DAGs
[2023-08-26T02:18:17.410+0000] {logging_mixin.py:150} INFO - [2023-08-26T02:18:17.410+0000] {dag.py:3508} INFO - Setting next_dagrun for example_bash_operator to 2023-08-25T00:00:00+00:00, run_after=2023-08-26T00:00:00+00:00
[2023-08-26T02:18:17.452+0000] {processor.py:179} INFO - Processing /home/airflow/.local/lib/python3.7/site-packages/airflow/example_dags/example_bash_operator.py took 0.145 seconds
[2023-08-26T02:18:47.816+0000] {processor.py:157} INFO - Started process (PID=2733) to work on /home/airflow/.local/lib/python3.7/site-packages/airflow/example_dags/example_bash_operator.py
[2023-08-26T02:18:47.818+0000] {processor.py:826} INFO - Processing file /home/airflow/.local/lib/python3.7/site-packages/airflow/example_dags/example_bash_operator.py for tasks to queue
[2023-08-26T02:18:47.819+0000] {logging_mixin.py:150} INFO - [2023-08-26T02:18:47.819+0000] {dagbag.py:541} INFO - Filling up the DagBag from /home/airflow/.local/lib/python3.7/site-packages/airflow/example_dags/example_bash_operator.py
[2023-08-26T02:18:47.835+0000] {processor.py:836} INFO - DAG(s) dict_keys(['example_bash_operator']) retrieved from /home/airflow/.local/lib/python3.7/site-packages/airflow/example_dags/example_bash_operator.py
[2023-08-26T02:18:47.877+0000] {logging_mixin.py:150} INFO - [2023-08-26T02:18:47.877+0000] {dag.py:2742} INFO - Sync 1 DAGs
[2023-08-26T02:18:47.906+0000] {logging_mixin.py:150} INFO - [2023-08-26T02:18:47.906+0000] {dag.py:3508} INFO - Setting next_dagrun for example_bash_operator to 2023-08-25T00:00:00+00:00, run_after=2023-08-26T00:00:00+00:00
[2023-08-26T02:18:47.946+0000] {processor.py:179} INFO - Processing /home/airflow/.local/lib/python3.7/site-packages/airflow/example_dags/example_bash_operator.py took 0.134 seconds
[2023-08-26T02:19:18.984+0000] {processor.py:157} INFO - Started process (PID=2812) to work on /home/airflow/.local/lib/python3.7/site-packages/airflow/example_dags/example_bash_operator.py
[2023-08-26T02:19:18.985+0000] {processor.py:826} INFO - Processing file /home/airflow/.local/lib/python3.7/site-packages/airflow/example_dags/example_bash_operator.py for tasks to queue
[2023-08-26T02:19:18.986+0000] {logging_mixin.py:150} INFO - [2023-08-26T02:19:18.986+0000] {dagbag.py:541} INFO - Filling up the DagBag from /home/airflow/.local/lib/python3.7/site-packages/airflow/example_dags/example_bash_operator.py
[2023-08-26T02:19:19.002+0000] {processor.py:836} INFO - DAG(s) dict_keys(['example_bash_operator']) retrieved from /home/airflow/.local/lib/python3.7/site-packages/airflow/example_dags/example_bash_operator.py
[2023-08-26T02:19:19.043+0000] {logging_mixin.py:150} INFO - [2023-08-26T02:19:19.043+0000] {dag.py:2742} INFO - Sync 1 DAGs
[2023-08-26T02:19:19.071+0000] {logging_mixin.py:150} INFO - [2023-08-26T02:19:19.070+0000] {dag.py:3508} INFO - Setting next_dagrun for example_bash_operator to 2023-08-25T00:00:00+00:00, run_after=2023-08-26T00:00:00+00:00
[2023-08-26T02:19:19.124+0000] {processor.py:179} INFO - Processing /home/airflow/.local/lib/python3.7/site-packages/airflow/example_dags/example_bash_operator.py took 0.143 seconds
[2023-08-26T02:19:49.427+0000] {processor.py:157} INFO - Started process (PID=2891) to work on /home/airflow/.local/lib/python3.7/site-packages/airflow/example_dags/example_bash_operator.py
[2023-08-26T02:19:49.428+0000] {processor.py:826} INFO - Processing file /home/airflow/.local/lib/python3.7/site-packages/airflow/example_dags/example_bash_operator.py for tasks to queue
[2023-08-26T02:19:49.430+0000] {logging_mixin.py:150} INFO - [2023-08-26T02:19:49.429+0000] {dagbag.py:541} INFO - Filling up the DagBag from /home/airflow/.local/lib/python3.7/site-packages/airflow/example_dags/example_bash_operator.py
[2023-08-26T02:19:49.448+0000] {processor.py:836} INFO - DAG(s) dict_keys(['example_bash_operator']) retrieved from /home/airflow/.local/lib/python3.7/site-packages/airflow/example_dags/example_bash_operator.py
[2023-08-26T02:19:49.495+0000] {logging_mixin.py:150} INFO - [2023-08-26T02:19:49.495+0000] {dag.py:2742} INFO - Sync 1 DAGs
[2023-08-26T02:19:49.528+0000] {logging_mixin.py:150} INFO - [2023-08-26T02:19:49.528+0000] {dag.py:3508} INFO - Setting next_dagrun for example_bash_operator to 2023-08-25T00:00:00+00:00, run_after=2023-08-26T00:00:00+00:00
[2023-08-26T02:19:49.569+0000] {processor.py:179} INFO - Processing /home/airflow/.local/lib/python3.7/site-packages/airflow/example_dags/example_bash_operator.py took 0.146 seconds
[2023-08-26T02:20:19.692+0000] {processor.py:157} INFO - Started process (PID=2970) to work on /home/airflow/.local/lib/python3.7/site-packages/airflow/example_dags/example_bash_operator.py
[2023-08-26T02:20:19.693+0000] {processor.py:826} INFO - Processing file /home/airflow/.local/lib/python3.7/site-packages/airflow/example_dags/example_bash_operator.py for tasks to queue
[2023-08-26T02:20:19.694+0000] {logging_mixin.py:150} INFO - [2023-08-26T02:20:19.694+0000] {dagbag.py:541} INFO - Filling up the DagBag from /home/airflow/.local/lib/python3.7/site-packages/airflow/example_dags/example_bash_operator.py
[2023-08-26T02:20:19.711+0000] {processor.py:836} INFO - DAG(s) dict_keys(['example_bash_operator']) retrieved from /home/airflow/.local/lib/python3.7/site-packages/airflow/example_dags/example_bash_operator.py
[2023-08-26T02:20:19.756+0000] {logging_mixin.py:150} INFO - [2023-08-26T02:20:19.755+0000] {dag.py:2742} INFO - Sync 1 DAGs
[2023-08-26T02:20:19.787+0000] {logging_mixin.py:150} INFO - [2023-08-26T02:20:19.786+0000] {dag.py:3508} INFO - Setting next_dagrun for example_bash_operator to 2023-08-25T00:00:00+00:00, run_after=2023-08-26T00:00:00+00:00
[2023-08-26T02:20:19.828+0000] {processor.py:179} INFO - Processing /home/airflow/.local/lib/python3.7/site-packages/airflow/example_dags/example_bash_operator.py took 0.140 seconds
[2023-08-26T02:20:50.481+0000] {processor.py:157} INFO - Started process (PID=3049) to work on /home/airflow/.local/lib/python3.7/site-packages/airflow/example_dags/example_bash_operator.py
[2023-08-26T02:20:50.483+0000] {processor.py:826} INFO - Processing file /home/airflow/.local/lib/python3.7/site-packages/airflow/example_dags/example_bash_operator.py for tasks to queue
[2023-08-26T02:20:50.485+0000] {logging_mixin.py:150} INFO - [2023-08-26T02:20:50.484+0000] {dagbag.py:541} INFO - Filling up the DagBag from /home/airflow/.local/lib/python3.7/site-packages/airflow/example_dags/example_bash_operator.py
[2023-08-26T02:20:50.503+0000] {processor.py:836} INFO - DAG(s) dict_keys(['example_bash_operator']) retrieved from /home/airflow/.local/lib/python3.7/site-packages/airflow/example_dags/example_bash_operator.py
[2023-08-26T02:20:50.551+0000] {logging_mixin.py:150} INFO - [2023-08-26T02:20:50.550+0000] {dag.py:2742} INFO - Sync 1 DAGs
[2023-08-26T02:20:50.588+0000] {logging_mixin.py:150} INFO - [2023-08-26T02:20:50.587+0000] {dag.py:3508} INFO - Setting next_dagrun for example_bash_operator to 2023-08-25T00:00:00+00:00, run_after=2023-08-26T00:00:00+00:00
[2023-08-26T02:20:50.669+0000] {processor.py:179} INFO - Processing /home/airflow/.local/lib/python3.7/site-packages/airflow/example_dags/example_bash_operator.py took 0.192 seconds
[2023-08-26T02:21:21.079+0000] {processor.py:157} INFO - Started process (PID=3128) to work on /home/airflow/.local/lib/python3.7/site-packages/airflow/example_dags/example_bash_operator.py
[2023-08-26T02:21:21.080+0000] {processor.py:826} INFO - Processing file /home/airflow/.local/lib/python3.7/site-packages/airflow/example_dags/example_bash_operator.py for tasks to queue
[2023-08-26T02:21:21.083+0000] {logging_mixin.py:150} INFO - [2023-08-26T02:21:21.082+0000] {dagbag.py:541} INFO - Filling up the DagBag from /home/airflow/.local/lib/python3.7/site-packages/airflow/example_dags/example_bash_operator.py
[2023-08-26T02:21:21.104+0000] {processor.py:836} INFO - DAG(s) dict_keys(['example_bash_operator']) retrieved from /home/airflow/.local/lib/python3.7/site-packages/airflow/example_dags/example_bash_operator.py
[2023-08-26T02:21:21.150+0000] {logging_mixin.py:150} INFO - [2023-08-26T02:21:21.149+0000] {dag.py:2742} INFO - Sync 1 DAGs
[2023-08-26T02:21:21.183+0000] {logging_mixin.py:150} INFO - [2023-08-26T02:21:21.182+0000] {dag.py:3508} INFO - Setting next_dagrun for example_bash_operator to 2023-08-25T00:00:00+00:00, run_after=2023-08-26T00:00:00+00:00
[2023-08-26T02:21:21.223+0000] {processor.py:179} INFO - Processing /home/airflow/.local/lib/python3.7/site-packages/airflow/example_dags/example_bash_operator.py took 0.147 seconds
[2023-08-26T02:21:51.630+0000] {processor.py:157} INFO - Started process (PID=3207) to work on /home/airflow/.local/lib/python3.7/site-packages/airflow/example_dags/example_bash_operator.py
[2023-08-26T02:21:51.632+0000] {processor.py:826} INFO - Processing file /home/airflow/.local/lib/python3.7/site-packages/airflow/example_dags/example_bash_operator.py for tasks to queue
[2023-08-26T02:21:51.633+0000] {logging_mixin.py:150} INFO - [2023-08-26T02:21:51.633+0000] {dagbag.py:541} INFO - Filling up the DagBag from /home/airflow/.local/lib/python3.7/site-packages/airflow/example_dags/example_bash_operator.py
[2023-08-26T02:21:51.647+0000] {processor.py:836} INFO - DAG(s) dict_keys(['example_bash_operator']) retrieved from /home/airflow/.local/lib/python3.7/site-packages/airflow/example_dags/example_bash_operator.py
[2023-08-26T02:21:51.688+0000] {logging_mixin.py:150} INFO - [2023-08-26T02:21:51.688+0000] {dag.py:2742} INFO - Sync 1 DAGs
[2023-08-26T02:21:51.721+0000] {logging_mixin.py:150} INFO - [2023-08-26T02:21:51.721+0000] {dag.py:3508} INFO - Setting next_dagrun for example_bash_operator to 2023-08-25T00:00:00+00:00, run_after=2023-08-26T00:00:00+00:00
[2023-08-26T02:21:51.766+0000] {processor.py:179} INFO - Processing /home/airflow/.local/lib/python3.7/site-packages/airflow/example_dags/example_bash_operator.py took 0.139 seconds
[2023-08-26T02:22:21.990+0000] {processor.py:157} INFO - Started process (PID=3286) to work on /home/airflow/.local/lib/python3.7/site-packages/airflow/example_dags/example_bash_operator.py
[2023-08-26T02:22:21.991+0000] {processor.py:826} INFO - Processing file /home/airflow/.local/lib/python3.7/site-packages/airflow/example_dags/example_bash_operator.py for tasks to queue
[2023-08-26T02:22:21.992+0000] {logging_mixin.py:150} INFO - [2023-08-26T02:22:21.992+0000] {dagbag.py:541} INFO - Filling up the DagBag from /home/airflow/.local/lib/python3.7/site-packages/airflow/example_dags/example_bash_operator.py
[2023-08-26T02:22:22.010+0000] {processor.py:836} INFO - DAG(s) dict_keys(['example_bash_operator']) retrieved from /home/airflow/.local/lib/python3.7/site-packages/airflow/example_dags/example_bash_operator.py
[2023-08-26T02:22:22.055+0000] {logging_mixin.py:150} INFO - [2023-08-26T02:22:22.055+0000] {dag.py:2742} INFO - Sync 1 DAGs
[2023-08-26T02:22:22.089+0000] {logging_mixin.py:150} INFO - [2023-08-26T02:22:22.088+0000] {dag.py:3508} INFO - Setting next_dagrun for example_bash_operator to 2023-08-25T00:00:00+00:00, run_after=2023-08-26T00:00:00+00:00
[2023-08-26T02:22:22.128+0000] {processor.py:179} INFO - Processing /home/airflow/.local/lib/python3.7/site-packages/airflow/example_dags/example_bash_operator.py took 0.141 seconds
[2023-08-26T02:22:52.627+0000] {processor.py:157} INFO - Started process (PID=3364) to work on /home/airflow/.local/lib/python3.7/site-packages/airflow/example_dags/example_bash_operator.py
[2023-08-26T02:22:52.630+0000] {processor.py:826} INFO - Processing file /home/airflow/.local/lib/python3.7/site-packages/airflow/example_dags/example_bash_operator.py for tasks to queue
[2023-08-26T02:22:52.633+0000] {logging_mixin.py:150} INFO - [2023-08-26T02:22:52.632+0000] {dagbag.py:541} INFO - Filling up the DagBag from /home/airflow/.local/lib/python3.7/site-packages/airflow/example_dags/example_bash_operator.py
[2023-08-26T02:22:52.652+0000] {processor.py:836} INFO - DAG(s) dict_keys(['example_bash_operator']) retrieved from /home/airflow/.local/lib/python3.7/site-packages/airflow/example_dags/example_bash_operator.py
[2023-08-26T02:22:52.711+0000] {logging_mixin.py:150} INFO - [2023-08-26T02:22:52.711+0000] {dag.py:2742} INFO - Sync 1 DAGs
[2023-08-26T02:22:52.741+0000] {logging_mixin.py:150} INFO - [2023-08-26T02:22:52.741+0000] {dag.py:3508} INFO - Setting next_dagrun for example_bash_operator to 2023-08-25T00:00:00+00:00, run_after=2023-08-26T00:00:00+00:00
[2023-08-26T02:22:52.781+0000] {processor.py:179} INFO - Processing /home/airflow/.local/lib/python3.7/site-packages/airflow/example_dags/example_bash_operator.py took 0.162 seconds
[2023-08-26T02:23:22.911+0000] {processor.py:157} INFO - Started process (PID=3444) to work on /home/airflow/.local/lib/python3.7/site-packages/airflow/example_dags/example_bash_operator.py
[2023-08-26T02:23:22.913+0000] {processor.py:826} INFO - Processing file /home/airflow/.local/lib/python3.7/site-packages/airflow/example_dags/example_bash_operator.py for tasks to queue
[2023-08-26T02:23:22.914+0000] {logging_mixin.py:150} INFO - [2023-08-26T02:23:22.914+0000] {dagbag.py:541} INFO - Filling up the DagBag from /home/airflow/.local/lib/python3.7/site-packages/airflow/example_dags/example_bash_operator.py
[2023-08-26T02:23:22.929+0000] {processor.py:836} INFO - DAG(s) dict_keys(['example_bash_operator']) retrieved from /home/airflow/.local/lib/python3.7/site-packages/airflow/example_dags/example_bash_operator.py
[2023-08-26T02:23:22.969+0000] {logging_mixin.py:150} INFO - [2023-08-26T02:23:22.969+0000] {dag.py:2742} INFO - Sync 1 DAGs
[2023-08-26T02:23:22.997+0000] {logging_mixin.py:150} INFO - [2023-08-26T02:23:22.996+0000] {dag.py:3508} INFO - Setting next_dagrun for example_bash_operator to 2023-08-25T00:00:00+00:00, run_after=2023-08-26T00:00:00+00:00
[2023-08-26T02:23:23.035+0000] {processor.py:179} INFO - Processing /home/airflow/.local/lib/python3.7/site-packages/airflow/example_dags/example_bash_operator.py took 0.127 seconds
[2023-08-26T02:23:53.211+0000] {processor.py:157} INFO - Started process (PID=3523) to work on /home/airflow/.local/lib/python3.7/site-packages/airflow/example_dags/example_bash_operator.py
[2023-08-26T02:23:53.213+0000] {processor.py:826} INFO - Processing file /home/airflow/.local/lib/python3.7/site-packages/airflow/example_dags/example_bash_operator.py for tasks to queue
[2023-08-26T02:23:53.214+0000] {logging_mixin.py:150} INFO - [2023-08-26T02:23:53.214+0000] {dagbag.py:541} INFO - Filling up the DagBag from /home/airflow/.local/lib/python3.7/site-packages/airflow/example_dags/example_bash_operator.py
[2023-08-26T02:23:53.229+0000] {processor.py:836} INFO - DAG(s) dict_keys(['example_bash_operator']) retrieved from /home/airflow/.local/lib/python3.7/site-packages/airflow/example_dags/example_bash_operator.py
[2023-08-26T02:23:53.272+0000] {logging_mixin.py:150} INFO - [2023-08-26T02:23:53.271+0000] {dag.py:2742} INFO - Sync 1 DAGs
[2023-08-26T02:23:53.300+0000] {logging_mixin.py:150} INFO - [2023-08-26T02:23:53.300+0000] {dag.py:3508} INFO - Setting next_dagrun for example_bash_operator to 2023-08-25T00:00:00+00:00, run_after=2023-08-26T00:00:00+00:00
[2023-08-26T02:23:53.340+0000] {processor.py:179} INFO - Processing /home/airflow/.local/lib/python3.7/site-packages/airflow/example_dags/example_bash_operator.py took 0.133 seconds
[2023-08-26T02:24:23.816+0000] {processor.py:157} INFO - Started process (PID=3602) to work on /home/airflow/.local/lib/python3.7/site-packages/airflow/example_dags/example_bash_operator.py
[2023-08-26T02:24:23.817+0000] {processor.py:826} INFO - Processing file /home/airflow/.local/lib/python3.7/site-packages/airflow/example_dags/example_bash_operator.py for tasks to queue
[2023-08-26T02:24:23.819+0000] {logging_mixin.py:150} INFO - [2023-08-26T02:24:23.819+0000] {dagbag.py:541} INFO - Filling up the DagBag from /home/airflow/.local/lib/python3.7/site-packages/airflow/example_dags/example_bash_operator.py
[2023-08-26T02:24:23.841+0000] {processor.py:836} INFO - DAG(s) dict_keys(['example_bash_operator']) retrieved from /home/airflow/.local/lib/python3.7/site-packages/airflow/example_dags/example_bash_operator.py
[2023-08-26T02:24:23.893+0000] {logging_mixin.py:150} INFO - [2023-08-26T02:24:23.893+0000] {dag.py:2742} INFO - Sync 1 DAGs
[2023-08-26T02:24:23.927+0000] {logging_mixin.py:150} INFO - [2023-08-26T02:24:23.927+0000] {dag.py:3508} INFO - Setting next_dagrun for example_bash_operator to 2023-08-25T00:00:00+00:00, run_after=2023-08-26T00:00:00+00:00
[2023-08-26T02:24:23.972+0000] {processor.py:179} INFO - Processing /home/airflow/.local/lib/python3.7/site-packages/airflow/example_dags/example_bash_operator.py took 0.161 seconds
[2023-08-26T02:24:54.175+0000] {processor.py:157} INFO - Started process (PID=3681) to work on /home/airflow/.local/lib/python3.7/site-packages/airflow/example_dags/example_bash_operator.py
[2023-08-26T02:24:54.177+0000] {processor.py:826} INFO - Processing file /home/airflow/.local/lib/python3.7/site-packages/airflow/example_dags/example_bash_operator.py for tasks to queue
[2023-08-26T02:24:54.178+0000] {logging_mixin.py:150} INFO - [2023-08-26T02:24:54.178+0000] {dagbag.py:541} INFO - Filling up the DagBag from /home/airflow/.local/lib/python3.7/site-packages/airflow/example_dags/example_bash_operator.py
[2023-08-26T02:24:54.195+0000] {processor.py:836} INFO - DAG(s) dict_keys(['example_bash_operator']) retrieved from /home/airflow/.local/lib/python3.7/site-packages/airflow/example_dags/example_bash_operator.py
[2023-08-26T02:24:54.239+0000] {logging_mixin.py:150} INFO - [2023-08-26T02:24:54.239+0000] {dag.py:2742} INFO - Sync 1 DAGs
[2023-08-26T02:24:54.280+0000] {logging_mixin.py:150} INFO - [2023-08-26T02:24:54.279+0000] {dag.py:3508} INFO - Setting next_dagrun for example_bash_operator to 2023-08-25T00:00:00+00:00, run_after=2023-08-26T00:00:00+00:00
[2023-08-26T02:24:54.328+0000] {processor.py:179} INFO - Processing /home/airflow/.local/lib/python3.7/site-packages/airflow/example_dags/example_bash_operator.py took 0.157 seconds
[2023-08-26T02:25:24.459+0000] {processor.py:157} INFO - Started process (PID=3760) to work on /home/airflow/.local/lib/python3.7/site-packages/airflow/example_dags/example_bash_operator.py
[2023-08-26T02:25:24.461+0000] {processor.py:826} INFO - Processing file /home/airflow/.local/lib/python3.7/site-packages/airflow/example_dags/example_bash_operator.py for tasks to queue
[2023-08-26T02:25:24.462+0000] {logging_mixin.py:150} INFO - [2023-08-26T02:25:24.462+0000] {dagbag.py:541} INFO - Filling up the DagBag from /home/airflow/.local/lib/python3.7/site-packages/airflow/example_dags/example_bash_operator.py
[2023-08-26T02:25:24.478+0000] {processor.py:836} INFO - DAG(s) dict_keys(['example_bash_operator']) retrieved from /home/airflow/.local/lib/python3.7/site-packages/airflow/example_dags/example_bash_operator.py
[2023-08-26T02:25:24.518+0000] {logging_mixin.py:150} INFO - [2023-08-26T02:25:24.518+0000] {dag.py:2742} INFO - Sync 1 DAGs
[2023-08-26T02:25:24.547+0000] {logging_mixin.py:150} INFO - [2023-08-26T02:25:24.546+0000] {dag.py:3508} INFO - Setting next_dagrun for example_bash_operator to 2023-08-25T00:00:00+00:00, run_after=2023-08-26T00:00:00+00:00
[2023-08-26T02:25:24.594+0000] {processor.py:179} INFO - Processing /home/airflow/.local/lib/python3.7/site-packages/airflow/example_dags/example_bash_operator.py took 0.138 seconds
[2023-08-26T02:25:54.866+0000] {processor.py:157} INFO - Started process (PID=3839) to work on /home/airflow/.local/lib/python3.7/site-packages/airflow/example_dags/example_bash_operator.py
[2023-08-26T02:25:54.867+0000] {processor.py:826} INFO - Processing file /home/airflow/.local/lib/python3.7/site-packages/airflow/example_dags/example_bash_operator.py for tasks to queue
[2023-08-26T02:25:54.869+0000] {logging_mixin.py:150} INFO - [2023-08-26T02:25:54.869+0000] {dagbag.py:541} INFO - Filling up the DagBag from /home/airflow/.local/lib/python3.7/site-packages/airflow/example_dags/example_bash_operator.py
[2023-08-26T02:25:54.885+0000] {processor.py:836} INFO - DAG(s) dict_keys(['example_bash_operator']) retrieved from /home/airflow/.local/lib/python3.7/site-packages/airflow/example_dags/example_bash_operator.py
[2023-08-26T02:25:54.924+0000] {logging_mixin.py:150} INFO - [2023-08-26T02:25:54.924+0000] {dag.py:2742} INFO - Sync 1 DAGs
[2023-08-26T02:25:54.951+0000] {logging_mixin.py:150} INFO - [2023-08-26T02:25:54.950+0000] {dag.py:3508} INFO - Setting next_dagrun for example_bash_operator to 2023-08-25T00:00:00+00:00, run_after=2023-08-26T00:00:00+00:00
[2023-08-26T02:25:54.988+0000] {processor.py:179} INFO - Processing /home/airflow/.local/lib/python3.7/site-packages/airflow/example_dags/example_bash_operator.py took 0.125 seconds
[2023-08-26T02:26:25.581+0000] {processor.py:157} INFO - Started process (PID=3918) to work on /home/airflow/.local/lib/python3.7/site-packages/airflow/example_dags/example_bash_operator.py
[2023-08-26T02:26:25.582+0000] {processor.py:826} INFO - Processing file /home/airflow/.local/lib/python3.7/site-packages/airflow/example_dags/example_bash_operator.py for tasks to queue
[2023-08-26T02:26:25.583+0000] {logging_mixin.py:150} INFO - [2023-08-26T02:26:25.583+0000] {dagbag.py:541} INFO - Filling up the DagBag from /home/airflow/.local/lib/python3.7/site-packages/airflow/example_dags/example_bash_operator.py
[2023-08-26T02:26:25.600+0000] {processor.py:836} INFO - DAG(s) dict_keys(['example_bash_operator']) retrieved from /home/airflow/.local/lib/python3.7/site-packages/airflow/example_dags/example_bash_operator.py
[2023-08-26T02:26:25.644+0000] {logging_mixin.py:150} INFO - [2023-08-26T02:26:25.644+0000] {dag.py:2742} INFO - Sync 1 DAGs
[2023-08-26T02:26:25.674+0000] {logging_mixin.py:150} INFO - [2023-08-26T02:26:25.674+0000] {dag.py:3508} INFO - Setting next_dagrun for example_bash_operator to 2023-08-25T00:00:00+00:00, run_after=2023-08-26T00:00:00+00:00
[2023-08-26T02:26:25.715+0000] {processor.py:179} INFO - Processing /home/airflow/.local/lib/python3.7/site-packages/airflow/example_dags/example_bash_operator.py took 0.137 seconds
[2023-08-26T02:26:56.172+0000] {processor.py:157} INFO - Started process (PID=3997) to work on /home/airflow/.local/lib/python3.7/site-packages/airflow/example_dags/example_bash_operator.py
[2023-08-26T02:26:56.173+0000] {processor.py:826} INFO - Processing file /home/airflow/.local/lib/python3.7/site-packages/airflow/example_dags/example_bash_operator.py for tasks to queue
[2023-08-26T02:26:56.175+0000] {logging_mixin.py:150} INFO - [2023-08-26T02:26:56.174+0000] {dagbag.py:541} INFO - Filling up the DagBag from /home/airflow/.local/lib/python3.7/site-packages/airflow/example_dags/example_bash_operator.py
[2023-08-26T02:26:56.192+0000] {processor.py:836} INFO - DAG(s) dict_keys(['example_bash_operator']) retrieved from /home/airflow/.local/lib/python3.7/site-packages/airflow/example_dags/example_bash_operator.py
[2023-08-26T02:26:56.237+0000] {logging_mixin.py:150} INFO - [2023-08-26T02:26:56.237+0000] {dag.py:2742} INFO - Sync 1 DAGs
[2023-08-26T02:26:56.270+0000] {logging_mixin.py:150} INFO - [2023-08-26T02:26:56.269+0000] {dag.py:3508} INFO - Setting next_dagrun for example_bash_operator to 2023-08-25T00:00:00+00:00, run_after=2023-08-26T00:00:00+00:00
[2023-08-26T02:26:56.311+0000] {processor.py:179} INFO - Processing /home/airflow/.local/lib/python3.7/site-packages/airflow/example_dags/example_bash_operator.py took 0.143 seconds
[2023-08-26T02:27:26.796+0000] {processor.py:157} INFO - Started process (PID=4082) to work on /home/airflow/.local/lib/python3.7/site-packages/airflow/example_dags/example_bash_operator.py
[2023-08-26T02:27:26.797+0000] {processor.py:826} INFO - Processing file /home/airflow/.local/lib/python3.7/site-packages/airflow/example_dags/example_bash_operator.py for tasks to queue
[2023-08-26T02:27:26.799+0000] {logging_mixin.py:150} INFO - [2023-08-26T02:27:26.798+0000] {dagbag.py:541} INFO - Filling up the DagBag from /home/airflow/.local/lib/python3.7/site-packages/airflow/example_dags/example_bash_operator.py
[2023-08-26T02:27:26.817+0000] {processor.py:836} INFO - DAG(s) dict_keys(['example_bash_operator']) retrieved from /home/airflow/.local/lib/python3.7/site-packages/airflow/example_dags/example_bash_operator.py
[2023-08-26T02:27:26.859+0000] {logging_mixin.py:150} INFO - [2023-08-26T02:27:26.858+0000] {dag.py:2742} INFO - Sync 1 DAGs
[2023-08-26T02:27:26.888+0000] {logging_mixin.py:150} INFO - [2023-08-26T02:27:26.888+0000] {dag.py:3508} INFO - Setting next_dagrun for example_bash_operator to 2023-08-25T00:00:00+00:00, run_after=2023-08-26T00:00:00+00:00
[2023-08-26T02:27:26.925+0000] {processor.py:179} INFO - Processing /home/airflow/.local/lib/python3.7/site-packages/airflow/example_dags/example_bash_operator.py took 0.132 seconds
[2023-08-26T02:27:57.136+0000] {processor.py:157} INFO - Started process (PID=4162) to work on /home/airflow/.local/lib/python3.7/site-packages/airflow/example_dags/example_bash_operator.py
[2023-08-26T02:27:57.137+0000] {processor.py:826} INFO - Processing file /home/airflow/.local/lib/python3.7/site-packages/airflow/example_dags/example_bash_operator.py for tasks to queue
[2023-08-26T02:27:57.138+0000] {logging_mixin.py:150} INFO - [2023-08-26T02:27:57.138+0000] {dagbag.py:541} INFO - Filling up the DagBag from /home/airflow/.local/lib/python3.7/site-packages/airflow/example_dags/example_bash_operator.py
[2023-08-26T02:27:57.154+0000] {processor.py:836} INFO - DAG(s) dict_keys(['example_bash_operator']) retrieved from /home/airflow/.local/lib/python3.7/site-packages/airflow/example_dags/example_bash_operator.py
[2023-08-26T02:27:57.195+0000] {logging_mixin.py:150} INFO - [2023-08-26T02:27:57.195+0000] {dag.py:2742} INFO - Sync 1 DAGs
[2023-08-26T02:27:57.225+0000] {logging_mixin.py:150} INFO - [2023-08-26T02:27:57.224+0000] {dag.py:3508} INFO - Setting next_dagrun for example_bash_operator to 2023-08-25T00:00:00+00:00, run_after=2023-08-26T00:00:00+00:00
[2023-08-26T02:27:57.266+0000] {processor.py:179} INFO - Processing /home/airflow/.local/lib/python3.7/site-packages/airflow/example_dags/example_bash_operator.py took 0.134 seconds
[2023-08-26T02:28:28.010+0000] {processor.py:157} INFO - Started process (PID=4241) to work on /home/airflow/.local/lib/python3.7/site-packages/airflow/example_dags/example_bash_operator.py
[2023-08-26T02:28:28.012+0000] {processor.py:826} INFO - Processing file /home/airflow/.local/lib/python3.7/site-packages/airflow/example_dags/example_bash_operator.py for tasks to queue
[2023-08-26T02:28:28.014+0000] {logging_mixin.py:150} INFO - [2023-08-26T02:28:28.013+0000] {dagbag.py:541} INFO - Filling up the DagBag from /home/airflow/.local/lib/python3.7/site-packages/airflow/example_dags/example_bash_operator.py
[2023-08-26T02:28:28.031+0000] {processor.py:836} INFO - DAG(s) dict_keys(['example_bash_operator']) retrieved from /home/airflow/.local/lib/python3.7/site-packages/airflow/example_dags/example_bash_operator.py
[2023-08-26T02:28:28.077+0000] {logging_mixin.py:150} INFO - [2023-08-26T02:28:28.077+0000] {dag.py:2742} INFO - Sync 1 DAGs
[2023-08-26T02:28:28.110+0000] {logging_mixin.py:150} INFO - [2023-08-26T02:28:28.110+0000] {dag.py:3508} INFO - Setting next_dagrun for example_bash_operator to 2023-08-25T00:00:00+00:00, run_after=2023-08-26T00:00:00+00:00
[2023-08-26T02:28:28.169+0000] {processor.py:179} INFO - Processing /home/airflow/.local/lib/python3.7/site-packages/airflow/example_dags/example_bash_operator.py took 0.163 seconds
[2023-08-26T02:28:58.735+0000] {processor.py:157} INFO - Started process (PID=4320) to work on /home/airflow/.local/lib/python3.7/site-packages/airflow/example_dags/example_bash_operator.py
[2023-08-26T02:28:58.736+0000] {processor.py:826} INFO - Processing file /home/airflow/.local/lib/python3.7/site-packages/airflow/example_dags/example_bash_operator.py for tasks to queue
[2023-08-26T02:28:58.737+0000] {logging_mixin.py:150} INFO - [2023-08-26T02:28:58.737+0000] {dagbag.py:541} INFO - Filling up the DagBag from /home/airflow/.local/lib/python3.7/site-packages/airflow/example_dags/example_bash_operator.py
[2023-08-26T02:28:58.758+0000] {processor.py:836} INFO - DAG(s) dict_keys(['example_bash_operator']) retrieved from /home/airflow/.local/lib/python3.7/site-packages/airflow/example_dags/example_bash_operator.py
[2023-08-26T02:28:58.815+0000] {logging_mixin.py:150} INFO - [2023-08-26T02:28:58.815+0000] {dag.py:2742} INFO - Sync 1 DAGs
[2023-08-26T02:28:58.849+0000] {logging_mixin.py:150} INFO - [2023-08-26T02:28:58.849+0000] {dag.py:3508} INFO - Setting next_dagrun for example_bash_operator to 2023-08-25T00:00:00+00:00, run_after=2023-08-26T00:00:00+00:00
[2023-08-26T02:28:58.912+0000] {processor.py:179} INFO - Processing /home/airflow/.local/lib/python3.7/site-packages/airflow/example_dags/example_bash_operator.py took 0.182 seconds
[2023-08-26T02:29:29.159+0000] {processor.py:157} INFO - Started process (PID=4398) to work on /home/airflow/.local/lib/python3.7/site-packages/airflow/example_dags/example_bash_operator.py
[2023-08-26T02:29:29.160+0000] {processor.py:826} INFO - Processing file /home/airflow/.local/lib/python3.7/site-packages/airflow/example_dags/example_bash_operator.py for tasks to queue
[2023-08-26T02:29:29.162+0000] {logging_mixin.py:150} INFO - [2023-08-26T02:29:29.161+0000] {dagbag.py:541} INFO - Filling up the DagBag from /home/airflow/.local/lib/python3.7/site-packages/airflow/example_dags/example_bash_operator.py
[2023-08-26T02:29:29.189+0000] {processor.py:836} INFO - DAG(s) dict_keys(['example_bash_operator']) retrieved from /home/airflow/.local/lib/python3.7/site-packages/airflow/example_dags/example_bash_operator.py
[2023-08-26T02:29:29.236+0000] {logging_mixin.py:150} INFO - [2023-08-26T02:29:29.236+0000] {dag.py:2742} INFO - Sync 1 DAGs
[2023-08-26T02:29:29.267+0000] {logging_mixin.py:150} INFO - [2023-08-26T02:29:29.267+0000] {dag.py:3508} INFO - Setting next_dagrun for example_bash_operator to 2023-08-25T00:00:00+00:00, run_after=2023-08-26T00:00:00+00:00
[2023-08-26T02:29:29.305+0000] {processor.py:179} INFO - Processing /home/airflow/.local/lib/python3.7/site-packages/airflow/example_dags/example_bash_operator.py took 0.151 seconds
[2023-08-26T02:29:59.952+0000] {processor.py:157} INFO - Started process (PID=4478) to work on /home/airflow/.local/lib/python3.7/site-packages/airflow/example_dags/example_bash_operator.py
[2023-08-26T02:29:59.953+0000] {processor.py:826} INFO - Processing file /home/airflow/.local/lib/python3.7/site-packages/airflow/example_dags/example_bash_operator.py for tasks to queue
[2023-08-26T02:29:59.954+0000] {logging_mixin.py:150} INFO - [2023-08-26T02:29:59.954+0000] {dagbag.py:541} INFO - Filling up the DagBag from /home/airflow/.local/lib/python3.7/site-packages/airflow/example_dags/example_bash_operator.py
[2023-08-26T02:29:59.969+0000] {processor.py:836} INFO - DAG(s) dict_keys(['example_bash_operator']) retrieved from /home/airflow/.local/lib/python3.7/site-packages/airflow/example_dags/example_bash_operator.py
[2023-08-26T02:30:00.010+0000] {logging_mixin.py:150} INFO - [2023-08-26T02:30:00.009+0000] {dag.py:2742} INFO - Sync 1 DAGs
[2023-08-26T02:30:00.039+0000] {logging_mixin.py:150} INFO - [2023-08-26T02:30:00.039+0000] {dag.py:3508} INFO - Setting next_dagrun for example_bash_operator to 2023-08-25T00:00:00+00:00, run_after=2023-08-26T00:00:00+00:00
[2023-08-26T02:30:00.080+0000] {processor.py:179} INFO - Processing /home/airflow/.local/lib/python3.7/site-packages/airflow/example_dags/example_bash_operator.py took 0.131 seconds
[2023-08-26T02:30:30.534+0000] {processor.py:157} INFO - Started process (PID=4557) to work on /home/airflow/.local/lib/python3.7/site-packages/airflow/example_dags/example_bash_operator.py
[2023-08-26T02:30:30.535+0000] {processor.py:826} INFO - Processing file /home/airflow/.local/lib/python3.7/site-packages/airflow/example_dags/example_bash_operator.py for tasks to queue
[2023-08-26T02:30:30.536+0000] {logging_mixin.py:150} INFO - [2023-08-26T02:30:30.536+0000] {dagbag.py:541} INFO - Filling up the DagBag from /home/airflow/.local/lib/python3.7/site-packages/airflow/example_dags/example_bash_operator.py
[2023-08-26T02:30:30.558+0000] {processor.py:836} INFO - DAG(s) dict_keys(['example_bash_operator']) retrieved from /home/airflow/.local/lib/python3.7/site-packages/airflow/example_dags/example_bash_operator.py
[2023-08-26T02:30:30.626+0000] {logging_mixin.py:150} INFO - [2023-08-26T02:30:30.626+0000] {dag.py:2742} INFO - Sync 1 DAGs
[2023-08-26T02:30:30.676+0000] {logging_mixin.py:150} INFO - [2023-08-26T02:30:30.675+0000] {dag.py:3508} INFO - Setting next_dagrun for example_bash_operator to 2023-08-25T00:00:00+00:00, run_after=2023-08-26T00:00:00+00:00
[2023-08-26T02:30:30.718+0000] {processor.py:179} INFO - Processing /home/airflow/.local/lib/python3.7/site-packages/airflow/example_dags/example_bash_operator.py took 0.189 seconds
[2023-08-26T02:31:01.291+0000] {processor.py:157} INFO - Started process (PID=4636) to work on /home/airflow/.local/lib/python3.7/site-packages/airflow/example_dags/example_bash_operator.py
[2023-08-26T02:31:01.293+0000] {processor.py:826} INFO - Processing file /home/airflow/.local/lib/python3.7/site-packages/airflow/example_dags/example_bash_operator.py for tasks to queue
[2023-08-26T02:31:01.294+0000] {logging_mixin.py:150} INFO - [2023-08-26T02:31:01.294+0000] {dagbag.py:541} INFO - Filling up the DagBag from /home/airflow/.local/lib/python3.7/site-packages/airflow/example_dags/example_bash_operator.py
[2023-08-26T02:31:01.309+0000] {processor.py:836} INFO - DAG(s) dict_keys(['example_bash_operator']) retrieved from /home/airflow/.local/lib/python3.7/site-packages/airflow/example_dags/example_bash_operator.py
[2023-08-26T02:31:01.351+0000] {logging_mixin.py:150} INFO - [2023-08-26T02:31:01.351+0000] {dag.py:2742} INFO - Sync 1 DAGs
[2023-08-26T02:31:01.380+0000] {logging_mixin.py:150} INFO - [2023-08-26T02:31:01.380+0000] {dag.py:3508} INFO - Setting next_dagrun for example_bash_operator to 2023-08-25T00:00:00+00:00, run_after=2023-08-26T00:00:00+00:00
[2023-08-26T02:31:01.419+0000] {processor.py:179} INFO - Processing /home/airflow/.local/lib/python3.7/site-packages/airflow/example_dags/example_bash_operator.py took 0.132 seconds
[2023-08-26T02:31:31.690+0000] {processor.py:157} INFO - Started process (PID=4716) to work on /home/airflow/.local/lib/python3.7/site-packages/airflow/example_dags/example_bash_operator.py
[2023-08-26T02:31:31.692+0000] {processor.py:826} INFO - Processing file /home/airflow/.local/lib/python3.7/site-packages/airflow/example_dags/example_bash_operator.py for tasks to queue
[2023-08-26T02:31:31.693+0000] {logging_mixin.py:150} INFO - [2023-08-26T02:31:31.692+0000] {dagbag.py:541} INFO - Filling up the DagBag from /home/airflow/.local/lib/python3.7/site-packages/airflow/example_dags/example_bash_operator.py
[2023-08-26T02:31:31.710+0000] {processor.py:836} INFO - DAG(s) dict_keys(['example_bash_operator']) retrieved from /home/airflow/.local/lib/python3.7/site-packages/airflow/example_dags/example_bash_operator.py
[2023-08-26T02:31:31.753+0000] {logging_mixin.py:150} INFO - [2023-08-26T02:31:31.753+0000] {dag.py:2742} INFO - Sync 1 DAGs
[2023-08-26T02:31:31.783+0000] {logging_mixin.py:150} INFO - [2023-08-26T02:31:31.783+0000] {dag.py:3508} INFO - Setting next_dagrun for example_bash_operator to 2023-08-25T00:00:00+00:00, run_after=2023-08-26T00:00:00+00:00
[2023-08-26T02:31:31.826+0000] {processor.py:179} INFO - Processing /home/airflow/.local/lib/python3.7/site-packages/airflow/example_dags/example_bash_operator.py took 0.139 seconds
[2023-08-26T02:32:02.102+0000] {processor.py:157} INFO - Started process (PID=4795) to work on /home/airflow/.local/lib/python3.7/site-packages/airflow/example_dags/example_bash_operator.py
[2023-08-26T02:32:02.103+0000] {processor.py:826} INFO - Processing file /home/airflow/.local/lib/python3.7/site-packages/airflow/example_dags/example_bash_operator.py for tasks to queue
[2023-08-26T02:32:02.104+0000] {logging_mixin.py:150} INFO - [2023-08-26T02:32:02.104+0000] {dagbag.py:541} INFO - Filling up the DagBag from /home/airflow/.local/lib/python3.7/site-packages/airflow/example_dags/example_bash_operator.py
[2023-08-26T02:32:02.120+0000] {processor.py:836} INFO - DAG(s) dict_keys(['example_bash_operator']) retrieved from /home/airflow/.local/lib/python3.7/site-packages/airflow/example_dags/example_bash_operator.py
[2023-08-26T02:32:02.180+0000] {logging_mixin.py:150} INFO - [2023-08-26T02:32:02.180+0000] {dag.py:2742} INFO - Sync 1 DAGs
[2023-08-26T02:32:02.213+0000] {logging_mixin.py:150} INFO - [2023-08-26T02:32:02.213+0000] {dag.py:3508} INFO - Setting next_dagrun for example_bash_operator to 2023-08-25T00:00:00+00:00, run_after=2023-08-26T00:00:00+00:00
[2023-08-26T02:32:02.252+0000] {processor.py:179} INFO - Processing /home/airflow/.local/lib/python3.7/site-packages/airflow/example_dags/example_bash_operator.py took 0.154 seconds
[2023-08-26T02:32:32.966+0000] {processor.py:157} INFO - Started process (PID=4874) to work on /home/airflow/.local/lib/python3.7/site-packages/airflow/example_dags/example_bash_operator.py
[2023-08-26T02:32:32.967+0000] {processor.py:826} INFO - Processing file /home/airflow/.local/lib/python3.7/site-packages/airflow/example_dags/example_bash_operator.py for tasks to queue
[2023-08-26T02:32:32.968+0000] {logging_mixin.py:150} INFO - [2023-08-26T02:32:32.967+0000] {dagbag.py:541} INFO - Filling up the DagBag from /home/airflow/.local/lib/python3.7/site-packages/airflow/example_dags/example_bash_operator.py
[2023-08-26T02:32:32.985+0000] {processor.py:836} INFO - DAG(s) dict_keys(['example_bash_operator']) retrieved from /home/airflow/.local/lib/python3.7/site-packages/airflow/example_dags/example_bash_operator.py
[2023-08-26T02:32:33.027+0000] {logging_mixin.py:150} INFO - [2023-08-26T02:32:33.026+0000] {dag.py:2742} INFO - Sync 1 DAGs
[2023-08-26T02:32:33.057+0000] {logging_mixin.py:150} INFO - [2023-08-26T02:32:33.056+0000] {dag.py:3508} INFO - Setting next_dagrun for example_bash_operator to 2023-08-25T00:00:00+00:00, run_after=2023-08-26T00:00:00+00:00
[2023-08-26T02:32:33.099+0000] {processor.py:179} INFO - Processing /home/airflow/.local/lib/python3.7/site-packages/airflow/example_dags/example_bash_operator.py took 0.136 seconds
[2023-08-26T02:33:03.653+0000] {processor.py:157} INFO - Started process (PID=4953) to work on /home/airflow/.local/lib/python3.7/site-packages/airflow/example_dags/example_bash_operator.py
[2023-08-26T02:33:03.654+0000] {processor.py:826} INFO - Processing file /home/airflow/.local/lib/python3.7/site-packages/airflow/example_dags/example_bash_operator.py for tasks to queue
[2023-08-26T02:33:03.655+0000] {logging_mixin.py:150} INFO - [2023-08-26T02:33:03.655+0000] {dagbag.py:541} INFO - Filling up the DagBag from /home/airflow/.local/lib/python3.7/site-packages/airflow/example_dags/example_bash_operator.py
[2023-08-26T02:33:03.671+0000] {processor.py:836} INFO - DAG(s) dict_keys(['example_bash_operator']) retrieved from /home/airflow/.local/lib/python3.7/site-packages/airflow/example_dags/example_bash_operator.py
[2023-08-26T02:33:03.712+0000] {logging_mixin.py:150} INFO - [2023-08-26T02:33:03.712+0000] {dag.py:2742} INFO - Sync 1 DAGs
[2023-08-26T02:33:03.741+0000] {logging_mixin.py:150} INFO - [2023-08-26T02:33:03.740+0000] {dag.py:3508} INFO - Setting next_dagrun for example_bash_operator to 2023-08-25T00:00:00+00:00, run_after=2023-08-26T00:00:00+00:00
[2023-08-26T02:33:03.786+0000] {processor.py:179} INFO - Processing /home/airflow/.local/lib/python3.7/site-packages/airflow/example_dags/example_bash_operator.py took 0.137 seconds
[2023-08-26T02:33:34.427+0000] {processor.py:157} INFO - Started process (PID=5032) to work on /home/airflow/.local/lib/python3.7/site-packages/airflow/example_dags/example_bash_operator.py
[2023-08-26T02:33:34.428+0000] {processor.py:826} INFO - Processing file /home/airflow/.local/lib/python3.7/site-packages/airflow/example_dags/example_bash_operator.py for tasks to queue
[2023-08-26T02:33:34.429+0000] {logging_mixin.py:150} INFO - [2023-08-26T02:33:34.429+0000] {dagbag.py:541} INFO - Filling up the DagBag from /home/airflow/.local/lib/python3.7/site-packages/airflow/example_dags/example_bash_operator.py
[2023-08-26T02:33:34.446+0000] {processor.py:836} INFO - DAG(s) dict_keys(['example_bash_operator']) retrieved from /home/airflow/.local/lib/python3.7/site-packages/airflow/example_dags/example_bash_operator.py
[2023-08-26T02:33:34.485+0000] {logging_mixin.py:150} INFO - [2023-08-26T02:33:34.485+0000] {dag.py:2742} INFO - Sync 1 DAGs
[2023-08-26T02:33:34.514+0000] {logging_mixin.py:150} INFO - [2023-08-26T02:33:34.514+0000] {dag.py:3508} INFO - Setting next_dagrun for example_bash_operator to 2023-08-25T00:00:00+00:00, run_after=2023-08-26T00:00:00+00:00
[2023-08-26T02:33:34.553+0000] {processor.py:179} INFO - Processing /home/airflow/.local/lib/python3.7/site-packages/airflow/example_dags/example_bash_operator.py took 0.130 seconds
[2023-08-26T02:34:05.058+0000] {processor.py:157} INFO - Started process (PID=5111) to work on /home/airflow/.local/lib/python3.7/site-packages/airflow/example_dags/example_bash_operator.py
[2023-08-26T02:34:05.059+0000] {processor.py:826} INFO - Processing file /home/airflow/.local/lib/python3.7/site-packages/airflow/example_dags/example_bash_operator.py for tasks to queue
[2023-08-26T02:34:05.060+0000] {logging_mixin.py:150} INFO - [2023-08-26T02:34:05.060+0000] {dagbag.py:541} INFO - Filling up the DagBag from /home/airflow/.local/lib/python3.7/site-packages/airflow/example_dags/example_bash_operator.py
[2023-08-26T02:34:05.076+0000] {processor.py:836} INFO - DAG(s) dict_keys(['example_bash_operator']) retrieved from /home/airflow/.local/lib/python3.7/site-packages/airflow/example_dags/example_bash_operator.py
[2023-08-26T02:34:05.116+0000] {logging_mixin.py:150} INFO - [2023-08-26T02:34:05.116+0000] {dag.py:2742} INFO - Sync 1 DAGs
[2023-08-26T02:34:05.145+0000] {logging_mixin.py:150} INFO - [2023-08-26T02:34:05.145+0000] {dag.py:3508} INFO - Setting next_dagrun for example_bash_operator to 2023-08-25T00:00:00+00:00, run_after=2023-08-26T00:00:00+00:00
[2023-08-26T02:34:05.220+0000] {processor.py:179} INFO - Processing /home/airflow/.local/lib/python3.7/site-packages/airflow/example_dags/example_bash_operator.py took 0.165 seconds
[2023-08-26T02:34:35.349+0000] {processor.py:157} INFO - Started process (PID=5190) to work on /home/airflow/.local/lib/python3.7/site-packages/airflow/example_dags/example_bash_operator.py
[2023-08-26T02:34:35.350+0000] {processor.py:826} INFO - Processing file /home/airflow/.local/lib/python3.7/site-packages/airflow/example_dags/example_bash_operator.py for tasks to queue
[2023-08-26T02:34:35.351+0000] {logging_mixin.py:150} INFO - [2023-08-26T02:34:35.351+0000] {dagbag.py:541} INFO - Filling up the DagBag from /home/airflow/.local/lib/python3.7/site-packages/airflow/example_dags/example_bash_operator.py
[2023-08-26T02:34:35.367+0000] {processor.py:836} INFO - DAG(s) dict_keys(['example_bash_operator']) retrieved from /home/airflow/.local/lib/python3.7/site-packages/airflow/example_dags/example_bash_operator.py
[2023-08-26T02:34:35.407+0000] {logging_mixin.py:150} INFO - [2023-08-26T02:34:35.407+0000] {dag.py:2742} INFO - Sync 1 DAGs
[2023-08-26T02:34:35.435+0000] {logging_mixin.py:150} INFO - [2023-08-26T02:34:35.435+0000] {dag.py:3508} INFO - Setting next_dagrun for example_bash_operator to 2023-08-25T00:00:00+00:00, run_after=2023-08-26T00:00:00+00:00
[2023-08-26T02:34:35.473+0000] {processor.py:179} INFO - Processing /home/airflow/.local/lib/python3.7/site-packages/airflow/example_dags/example_bash_operator.py took 0.127 seconds
[2023-08-26T02:35:06.047+0000] {processor.py:157} INFO - Started process (PID=5269) to work on /home/airflow/.local/lib/python3.7/site-packages/airflow/example_dags/example_bash_operator.py
[2023-08-26T02:35:06.048+0000] {processor.py:826} INFO - Processing file /home/airflow/.local/lib/python3.7/site-packages/airflow/example_dags/example_bash_operator.py for tasks to queue
[2023-08-26T02:35:06.049+0000] {logging_mixin.py:150} INFO - [2023-08-26T02:35:06.049+0000] {dagbag.py:541} INFO - Filling up the DagBag from /home/airflow/.local/lib/python3.7/site-packages/airflow/example_dags/example_bash_operator.py
[2023-08-26T02:35:06.064+0000] {processor.py:836} INFO - DAG(s) dict_keys(['example_bash_operator']) retrieved from /home/airflow/.local/lib/python3.7/site-packages/airflow/example_dags/example_bash_operator.py
[2023-08-26T02:35:06.101+0000] {logging_mixin.py:150} INFO - [2023-08-26T02:35:06.101+0000] {dag.py:2742} INFO - Sync 1 DAGs
[2023-08-26T02:35:06.129+0000] {logging_mixin.py:150} INFO - [2023-08-26T02:35:06.128+0000] {dag.py:3508} INFO - Setting next_dagrun for example_bash_operator to 2023-08-25T00:00:00+00:00, run_after=2023-08-26T00:00:00+00:00
[2023-08-26T02:35:06.167+0000] {processor.py:179} INFO - Processing /home/airflow/.local/lib/python3.7/site-packages/airflow/example_dags/example_bash_operator.py took 0.124 seconds
[2023-08-26T02:35:36.339+0000] {processor.py:157} INFO - Started process (PID=5348) to work on /home/airflow/.local/lib/python3.7/site-packages/airflow/example_dags/example_bash_operator.py
[2023-08-26T02:35:36.342+0000] {processor.py:826} INFO - Processing file /home/airflow/.local/lib/python3.7/site-packages/airflow/example_dags/example_bash_operator.py for tasks to queue
[2023-08-26T02:35:36.344+0000] {logging_mixin.py:150} INFO - [2023-08-26T02:35:36.344+0000] {dagbag.py:541} INFO - Filling up the DagBag from /home/airflow/.local/lib/python3.7/site-packages/airflow/example_dags/example_bash_operator.py
[2023-08-26T02:35:36.362+0000] {processor.py:836} INFO - DAG(s) dict_keys(['example_bash_operator']) retrieved from /home/airflow/.local/lib/python3.7/site-packages/airflow/example_dags/example_bash_operator.py
[2023-08-26T02:35:36.407+0000] {logging_mixin.py:150} INFO - [2023-08-26T02:35:36.406+0000] {dag.py:2742} INFO - Sync 1 DAGs
[2023-08-26T02:35:36.448+0000] {logging_mixin.py:150} INFO - [2023-08-26T02:35:36.447+0000] {dag.py:3508} INFO - Setting next_dagrun for example_bash_operator to 2023-08-25T00:00:00+00:00, run_after=2023-08-26T00:00:00+00:00
[2023-08-26T02:35:36.497+0000] {processor.py:179} INFO - Processing /home/airflow/.local/lib/python3.7/site-packages/airflow/example_dags/example_bash_operator.py took 0.169 seconds
