[2023-08-26T02:01:28.932+0000] {processor.py:157} INFO - Started process (PID=71) to work on /home/airflow/.local/lib/python3.7/site-packages/airflow/example_dags/tutorial_taskflow_api.py
[2023-08-26T02:01:28.934+0000] {processor.py:826} INFO - Processing file /home/airflow/.local/lib/python3.7/site-packages/airflow/example_dags/tutorial_taskflow_api.py for tasks to queue
[2023-08-26T02:01:28.935+0000] {logging_mixin.py:150} INFO - [2023-08-26T02:01:28.934+0000] {dagbag.py:541} INFO - Filling up the DagBag from /home/airflow/.local/lib/python3.7/site-packages/airflow/example_dags/tutorial_taskflow_api.py
[2023-08-26T02:01:28.944+0000] {processor.py:836} INFO - DAG(s) dict_keys(['tutorial_taskflow_api']) retrieved from /home/airflow/.local/lib/python3.7/site-packages/airflow/example_dags/tutorial_taskflow_api.py
[2023-08-26T02:01:28.958+0000] {logging_mixin.py:150} INFO - [2023-08-26T02:01:28.958+0000] {dag.py:2742} INFO - Sync 1 DAGs
[2023-08-26T02:01:29.094+0000] {logging_mixin.py:150} INFO - [2023-08-26T02:01:29.094+0000] {dag.py:3508} INFO - Setting next_dagrun for tutorial_taskflow_api to None, run_after=None
[2023-08-26T02:01:29.135+0000] {processor.py:179} INFO - Processing /home/airflow/.local/lib/python3.7/site-packages/airflow/example_dags/tutorial_taskflow_api.py took 0.207 seconds
[2023-08-26T02:01:59.261+0000] {processor.py:157} INFO - Started process (PID=150) to work on /home/airflow/.local/lib/python3.7/site-packages/airflow/example_dags/tutorial_taskflow_api.py
[2023-08-26T02:01:59.263+0000] {processor.py:826} INFO - Processing file /home/airflow/.local/lib/python3.7/site-packages/airflow/example_dags/tutorial_taskflow_api.py for tasks to queue
[2023-08-26T02:01:59.265+0000] {logging_mixin.py:150} INFO - [2023-08-26T02:01:59.264+0000] {dagbag.py:541} INFO - Filling up the DagBag from /home/airflow/.local/lib/python3.7/site-packages/airflow/example_dags/tutorial_taskflow_api.py
[2023-08-26T02:01:59.272+0000] {processor.py:836} INFO - DAG(s) dict_keys(['tutorial_taskflow_api']) retrieved from /home/airflow/.local/lib/python3.7/site-packages/airflow/example_dags/tutorial_taskflow_api.py
[2023-08-26T02:01:59.300+0000] {logging_mixin.py:150} INFO - [2023-08-26T02:01:59.300+0000] {dag.py:2742} INFO - Sync 1 DAGs
[2023-08-26T02:01:59.328+0000] {logging_mixin.py:150} INFO - [2023-08-26T02:01:59.327+0000] {dag.py:3508} INFO - Setting next_dagrun for tutorial_taskflow_api to None, run_after=None
[2023-08-26T02:01:59.373+0000] {processor.py:179} INFO - Processing /home/airflow/.local/lib/python3.7/site-packages/airflow/example_dags/tutorial_taskflow_api.py took 0.116 seconds
[2023-08-26T02:02:29.618+0000] {processor.py:157} INFO - Started process (PID=229) to work on /home/airflow/.local/lib/python3.7/site-packages/airflow/example_dags/tutorial_taskflow_api.py
[2023-08-26T02:02:29.620+0000] {processor.py:826} INFO - Processing file /home/airflow/.local/lib/python3.7/site-packages/airflow/example_dags/tutorial_taskflow_api.py for tasks to queue
[2023-08-26T02:02:29.621+0000] {logging_mixin.py:150} INFO - [2023-08-26T02:02:29.620+0000] {dagbag.py:541} INFO - Filling up the DagBag from /home/airflow/.local/lib/python3.7/site-packages/airflow/example_dags/tutorial_taskflow_api.py
[2023-08-26T02:02:29.627+0000] {processor.py:836} INFO - DAG(s) dict_keys(['tutorial_taskflow_api']) retrieved from /home/airflow/.local/lib/python3.7/site-packages/airflow/example_dags/tutorial_taskflow_api.py
[2023-08-26T02:02:29.653+0000] {logging_mixin.py:150} INFO - [2023-08-26T02:02:29.653+0000] {dag.py:2742} INFO - Sync 1 DAGs
[2023-08-26T02:02:29.683+0000] {logging_mixin.py:150} INFO - [2023-08-26T02:02:29.682+0000] {dag.py:3508} INFO - Setting next_dagrun for tutorial_taskflow_api to None, run_after=None
[2023-08-26T02:02:29.721+0000] {processor.py:179} INFO - Processing /home/airflow/.local/lib/python3.7/site-packages/airflow/example_dags/tutorial_taskflow_api.py took 0.106 seconds
[2023-08-26T02:03:00.526+0000] {processor.py:157} INFO - Started process (PID=308) to work on /home/airflow/.local/lib/python3.7/site-packages/airflow/example_dags/tutorial_taskflow_api.py
[2023-08-26T02:03:00.527+0000] {processor.py:826} INFO - Processing file /home/airflow/.local/lib/python3.7/site-packages/airflow/example_dags/tutorial_taskflow_api.py for tasks to queue
[2023-08-26T02:03:00.529+0000] {logging_mixin.py:150} INFO - [2023-08-26T02:03:00.528+0000] {dagbag.py:541} INFO - Filling up the DagBag from /home/airflow/.local/lib/python3.7/site-packages/airflow/example_dags/tutorial_taskflow_api.py
[2023-08-26T02:03:00.536+0000] {processor.py:836} INFO - DAG(s) dict_keys(['tutorial_taskflow_api']) retrieved from /home/airflow/.local/lib/python3.7/site-packages/airflow/example_dags/tutorial_taskflow_api.py
[2023-08-26T02:03:00.562+0000] {logging_mixin.py:150} INFO - [2023-08-26T02:03:00.562+0000] {dag.py:2742} INFO - Sync 1 DAGs
[2023-08-26T02:03:00.591+0000] {logging_mixin.py:150} INFO - [2023-08-26T02:03:00.591+0000] {dag.py:3508} INFO - Setting next_dagrun for tutorial_taskflow_api to None, run_after=None
[2023-08-26T02:03:00.639+0000] {processor.py:179} INFO - Processing /home/airflow/.local/lib/python3.7/site-packages/airflow/example_dags/tutorial_taskflow_api.py took 0.118 seconds
[2023-08-26T02:03:31.157+0000] {processor.py:157} INFO - Started process (PID=387) to work on /home/airflow/.local/lib/python3.7/site-packages/airflow/example_dags/tutorial_taskflow_api.py
[2023-08-26T02:03:31.159+0000] {processor.py:826} INFO - Processing file /home/airflow/.local/lib/python3.7/site-packages/airflow/example_dags/tutorial_taskflow_api.py for tasks to queue
[2023-08-26T02:03:31.160+0000] {logging_mixin.py:150} INFO - [2023-08-26T02:03:31.160+0000] {dagbag.py:541} INFO - Filling up the DagBag from /home/airflow/.local/lib/python3.7/site-packages/airflow/example_dags/tutorial_taskflow_api.py
[2023-08-26T02:03:31.167+0000] {processor.py:836} INFO - DAG(s) dict_keys(['tutorial_taskflow_api']) retrieved from /home/airflow/.local/lib/python3.7/site-packages/airflow/example_dags/tutorial_taskflow_api.py
[2023-08-26T02:03:31.195+0000] {logging_mixin.py:150} INFO - [2023-08-26T02:03:31.194+0000] {dag.py:2742} INFO - Sync 1 DAGs
[2023-08-26T02:03:31.223+0000] {logging_mixin.py:150} INFO - [2023-08-26T02:03:31.223+0000] {dag.py:3508} INFO - Setting next_dagrun for tutorial_taskflow_api to None, run_after=None
[2023-08-26T02:03:31.262+0000] {processor.py:179} INFO - Processing /home/airflow/.local/lib/python3.7/site-packages/airflow/example_dags/tutorial_taskflow_api.py took 0.108 seconds
[2023-08-26T02:04:02.018+0000] {processor.py:157} INFO - Started process (PID=466) to work on /home/airflow/.local/lib/python3.7/site-packages/airflow/example_dags/tutorial_taskflow_api.py
[2023-08-26T02:04:02.019+0000] {processor.py:826} INFO - Processing file /home/airflow/.local/lib/python3.7/site-packages/airflow/example_dags/tutorial_taskflow_api.py for tasks to queue
[2023-08-26T02:04:02.020+0000] {logging_mixin.py:150} INFO - [2023-08-26T02:04:02.020+0000] {dagbag.py:541} INFO - Filling up the DagBag from /home/airflow/.local/lib/python3.7/site-packages/airflow/example_dags/tutorial_taskflow_api.py
[2023-08-26T02:04:02.027+0000] {processor.py:836} INFO - DAG(s) dict_keys(['tutorial_taskflow_api']) retrieved from /home/airflow/.local/lib/python3.7/site-packages/airflow/example_dags/tutorial_taskflow_api.py
[2023-08-26T02:04:02.056+0000] {logging_mixin.py:150} INFO - [2023-08-26T02:04:02.056+0000] {dag.py:2742} INFO - Sync 1 DAGs
[2023-08-26T02:04:02.086+0000] {logging_mixin.py:150} INFO - [2023-08-26T02:04:02.086+0000] {dag.py:3508} INFO - Setting next_dagrun for tutorial_taskflow_api to None, run_after=None
[2023-08-26T02:04:02.131+0000] {processor.py:179} INFO - Processing /home/airflow/.local/lib/python3.7/site-packages/airflow/example_dags/tutorial_taskflow_api.py took 0.116 seconds
[2023-08-26T02:04:32.627+0000] {processor.py:157} INFO - Started process (PID=545) to work on /home/airflow/.local/lib/python3.7/site-packages/airflow/example_dags/tutorial_taskflow_api.py
[2023-08-26T02:04:32.628+0000] {processor.py:826} INFO - Processing file /home/airflow/.local/lib/python3.7/site-packages/airflow/example_dags/tutorial_taskflow_api.py for tasks to queue
[2023-08-26T02:04:32.629+0000] {logging_mixin.py:150} INFO - [2023-08-26T02:04:32.629+0000] {dagbag.py:541} INFO - Filling up the DagBag from /home/airflow/.local/lib/python3.7/site-packages/airflow/example_dags/tutorial_taskflow_api.py
[2023-08-26T02:04:32.636+0000] {processor.py:836} INFO - DAG(s) dict_keys(['tutorial_taskflow_api']) retrieved from /home/airflow/.local/lib/python3.7/site-packages/airflow/example_dags/tutorial_taskflow_api.py
[2023-08-26T02:04:32.664+0000] {logging_mixin.py:150} INFO - [2023-08-26T02:04:32.664+0000] {dag.py:2742} INFO - Sync 1 DAGs
[2023-08-26T02:04:32.693+0000] {logging_mixin.py:150} INFO - [2023-08-26T02:04:32.692+0000] {dag.py:3508} INFO - Setting next_dagrun for tutorial_taskflow_api to None, run_after=None
[2023-08-26T02:04:32.731+0000] {processor.py:179} INFO - Processing /home/airflow/.local/lib/python3.7/site-packages/airflow/example_dags/tutorial_taskflow_api.py took 0.107 seconds
[2023-08-26T02:05:03.149+0000] {processor.py:157} INFO - Started process (PID=624) to work on /home/airflow/.local/lib/python3.7/site-packages/airflow/example_dags/tutorial_taskflow_api.py
[2023-08-26T02:05:03.151+0000] {processor.py:826} INFO - Processing file /home/airflow/.local/lib/python3.7/site-packages/airflow/example_dags/tutorial_taskflow_api.py for tasks to queue
[2023-08-26T02:05:03.152+0000] {logging_mixin.py:150} INFO - [2023-08-26T02:05:03.152+0000] {dagbag.py:541} INFO - Filling up the DagBag from /home/airflow/.local/lib/python3.7/site-packages/airflow/example_dags/tutorial_taskflow_api.py
[2023-08-26T02:05:03.159+0000] {processor.py:836} INFO - DAG(s) dict_keys(['tutorial_taskflow_api']) retrieved from /home/airflow/.local/lib/python3.7/site-packages/airflow/example_dags/tutorial_taskflow_api.py
[2023-08-26T02:05:03.186+0000] {logging_mixin.py:150} INFO - [2023-08-26T02:05:03.186+0000] {dag.py:2742} INFO - Sync 1 DAGs
[2023-08-26T02:05:03.218+0000] {logging_mixin.py:150} INFO - [2023-08-26T02:05:03.218+0000] {dag.py:3508} INFO - Setting next_dagrun for tutorial_taskflow_api to None, run_after=None
[2023-08-26T02:05:03.256+0000] {processor.py:179} INFO - Processing /home/airflow/.local/lib/python3.7/site-packages/airflow/example_dags/tutorial_taskflow_api.py took 0.109 seconds
[2023-08-26T02:05:34.338+0000] {processor.py:157} INFO - Started process (PID=703) to work on /home/airflow/.local/lib/python3.7/site-packages/airflow/example_dags/tutorial_taskflow_api.py
[2023-08-26T02:05:34.339+0000] {processor.py:826} INFO - Processing file /home/airflow/.local/lib/python3.7/site-packages/airflow/example_dags/tutorial_taskflow_api.py for tasks to queue
[2023-08-26T02:05:34.340+0000] {logging_mixin.py:150} INFO - [2023-08-26T02:05:34.340+0000] {dagbag.py:541} INFO - Filling up the DagBag from /home/airflow/.local/lib/python3.7/site-packages/airflow/example_dags/tutorial_taskflow_api.py
[2023-08-26T02:05:34.349+0000] {processor.py:836} INFO - DAG(s) dict_keys(['tutorial_taskflow_api']) retrieved from /home/airflow/.local/lib/python3.7/site-packages/airflow/example_dags/tutorial_taskflow_api.py
[2023-08-26T02:05:34.382+0000] {logging_mixin.py:150} INFO - [2023-08-26T02:05:34.381+0000] {dag.py:2742} INFO - Sync 1 DAGs
[2023-08-26T02:05:34.425+0000] {logging_mixin.py:150} INFO - [2023-08-26T02:05:34.424+0000] {dag.py:3508} INFO - Setting next_dagrun for tutorial_taskflow_api to None, run_after=None
[2023-08-26T02:05:34.471+0000] {processor.py:179} INFO - Processing /home/airflow/.local/lib/python3.7/site-packages/airflow/example_dags/tutorial_taskflow_api.py took 0.137 seconds
[2023-08-26T02:06:04.871+0000] {processor.py:157} INFO - Started process (PID=782) to work on /home/airflow/.local/lib/python3.7/site-packages/airflow/example_dags/tutorial_taskflow_api.py
[2023-08-26T02:06:04.872+0000] {processor.py:826} INFO - Processing file /home/airflow/.local/lib/python3.7/site-packages/airflow/example_dags/tutorial_taskflow_api.py for tasks to queue
[2023-08-26T02:06:04.873+0000] {logging_mixin.py:150} INFO - [2023-08-26T02:06:04.873+0000] {dagbag.py:541} INFO - Filling up the DagBag from /home/airflow/.local/lib/python3.7/site-packages/airflow/example_dags/tutorial_taskflow_api.py
[2023-08-26T02:06:04.880+0000] {processor.py:836} INFO - DAG(s) dict_keys(['tutorial_taskflow_api']) retrieved from /home/airflow/.local/lib/python3.7/site-packages/airflow/example_dags/tutorial_taskflow_api.py
[2023-08-26T02:06:04.903+0000] {logging_mixin.py:150} INFO - [2023-08-26T02:06:04.903+0000] {dag.py:2742} INFO - Sync 1 DAGs
[2023-08-26T02:06:04.929+0000] {logging_mixin.py:150} INFO - [2023-08-26T02:06:04.929+0000] {dag.py:3508} INFO - Setting next_dagrun for tutorial_taskflow_api to None, run_after=None
[2023-08-26T02:06:04.968+0000] {processor.py:179} INFO - Processing /home/airflow/.local/lib/python3.7/site-packages/airflow/example_dags/tutorial_taskflow_api.py took 0.100 seconds
[2023-08-26T02:06:35.543+0000] {processor.py:157} INFO - Started process (PID=861) to work on /home/airflow/.local/lib/python3.7/site-packages/airflow/example_dags/tutorial_taskflow_api.py
[2023-08-26T02:06:35.545+0000] {processor.py:826} INFO - Processing file /home/airflow/.local/lib/python3.7/site-packages/airflow/example_dags/tutorial_taskflow_api.py for tasks to queue
[2023-08-26T02:06:35.546+0000] {logging_mixin.py:150} INFO - [2023-08-26T02:06:35.546+0000] {dagbag.py:541} INFO - Filling up the DagBag from /home/airflow/.local/lib/python3.7/site-packages/airflow/example_dags/tutorial_taskflow_api.py
[2023-08-26T02:06:35.552+0000] {processor.py:836} INFO - DAG(s) dict_keys(['tutorial_taskflow_api']) retrieved from /home/airflow/.local/lib/python3.7/site-packages/airflow/example_dags/tutorial_taskflow_api.py
[2023-08-26T02:06:35.577+0000] {logging_mixin.py:150} INFO - [2023-08-26T02:06:35.576+0000] {dag.py:2742} INFO - Sync 1 DAGs
[2023-08-26T02:06:35.604+0000] {logging_mixin.py:150} INFO - [2023-08-26T02:06:35.604+0000] {dag.py:3508} INFO - Setting next_dagrun for tutorial_taskflow_api to None, run_after=None
[2023-08-26T02:06:35.642+0000] {processor.py:179} INFO - Processing /home/airflow/.local/lib/python3.7/site-packages/airflow/example_dags/tutorial_taskflow_api.py took 0.102 seconds
[2023-08-26T02:07:06.044+0000] {processor.py:157} INFO - Started process (PID=940) to work on /home/airflow/.local/lib/python3.7/site-packages/airflow/example_dags/tutorial_taskflow_api.py
[2023-08-26T02:07:06.045+0000] {processor.py:826} INFO - Processing file /home/airflow/.local/lib/python3.7/site-packages/airflow/example_dags/tutorial_taskflow_api.py for tasks to queue
[2023-08-26T02:07:06.046+0000] {logging_mixin.py:150} INFO - [2023-08-26T02:07:06.046+0000] {dagbag.py:541} INFO - Filling up the DagBag from /home/airflow/.local/lib/python3.7/site-packages/airflow/example_dags/tutorial_taskflow_api.py
[2023-08-26T02:07:06.052+0000] {processor.py:836} INFO - DAG(s) dict_keys(['tutorial_taskflow_api']) retrieved from /home/airflow/.local/lib/python3.7/site-packages/airflow/example_dags/tutorial_taskflow_api.py
[2023-08-26T02:07:06.077+0000] {logging_mixin.py:150} INFO - [2023-08-26T02:07:06.077+0000] {dag.py:2742} INFO - Sync 1 DAGs
[2023-08-26T02:07:06.105+0000] {logging_mixin.py:150} INFO - [2023-08-26T02:07:06.105+0000] {dag.py:3508} INFO - Setting next_dagrun for tutorial_taskflow_api to None, run_after=None
[2023-08-26T02:07:06.148+0000] {processor.py:179} INFO - Processing /home/airflow/.local/lib/python3.7/site-packages/airflow/example_dags/tutorial_taskflow_api.py took 0.108 seconds
[2023-08-26T02:07:36.796+0000] {processor.py:157} INFO - Started process (PID=1019) to work on /home/airflow/.local/lib/python3.7/site-packages/airflow/example_dags/tutorial_taskflow_api.py
[2023-08-26T02:07:36.797+0000] {processor.py:826} INFO - Processing file /home/airflow/.local/lib/python3.7/site-packages/airflow/example_dags/tutorial_taskflow_api.py for tasks to queue
[2023-08-26T02:07:36.798+0000] {logging_mixin.py:150} INFO - [2023-08-26T02:07:36.798+0000] {dagbag.py:541} INFO - Filling up the DagBag from /home/airflow/.local/lib/python3.7/site-packages/airflow/example_dags/tutorial_taskflow_api.py
[2023-08-26T02:07:36.805+0000] {processor.py:836} INFO - DAG(s) dict_keys(['tutorial_taskflow_api']) retrieved from /home/airflow/.local/lib/python3.7/site-packages/airflow/example_dags/tutorial_taskflow_api.py
[2023-08-26T02:07:36.831+0000] {logging_mixin.py:150} INFO - [2023-08-26T02:07:36.830+0000] {dag.py:2742} INFO - Sync 1 DAGs
[2023-08-26T02:07:36.861+0000] {logging_mixin.py:150} INFO - [2023-08-26T02:07:36.860+0000] {dag.py:3508} INFO - Setting next_dagrun for tutorial_taskflow_api to None, run_after=None
[2023-08-26T02:07:36.898+0000] {processor.py:179} INFO - Processing /home/airflow/.local/lib/python3.7/site-packages/airflow/example_dags/tutorial_taskflow_api.py took 0.106 seconds
[2023-08-26T02:08:07.230+0000] {processor.py:157} INFO - Started process (PID=1098) to work on /home/airflow/.local/lib/python3.7/site-packages/airflow/example_dags/tutorial_taskflow_api.py
[2023-08-26T02:08:07.231+0000] {processor.py:826} INFO - Processing file /home/airflow/.local/lib/python3.7/site-packages/airflow/example_dags/tutorial_taskflow_api.py for tasks to queue
[2023-08-26T02:08:07.232+0000] {logging_mixin.py:150} INFO - [2023-08-26T02:08:07.232+0000] {dagbag.py:541} INFO - Filling up the DagBag from /home/airflow/.local/lib/python3.7/site-packages/airflow/example_dags/tutorial_taskflow_api.py
[2023-08-26T02:08:07.239+0000] {processor.py:836} INFO - DAG(s) dict_keys(['tutorial_taskflow_api']) retrieved from /home/airflow/.local/lib/python3.7/site-packages/airflow/example_dags/tutorial_taskflow_api.py
[2023-08-26T02:08:07.263+0000] {logging_mixin.py:150} INFO - [2023-08-26T02:08:07.263+0000] {dag.py:2742} INFO - Sync 1 DAGs
[2023-08-26T02:08:07.289+0000] {logging_mixin.py:150} INFO - [2023-08-26T02:08:07.289+0000] {dag.py:3508} INFO - Setting next_dagrun for tutorial_taskflow_api to None, run_after=None
[2023-08-26T02:08:07.326+0000] {processor.py:179} INFO - Processing /home/airflow/.local/lib/python3.7/site-packages/airflow/example_dags/tutorial_taskflow_api.py took 0.099 seconds
[2023-08-26T02:08:38.317+0000] {processor.py:157} INFO - Started process (PID=1177) to work on /home/airflow/.local/lib/python3.7/site-packages/airflow/example_dags/tutorial_taskflow_api.py
[2023-08-26T02:08:38.318+0000] {processor.py:826} INFO - Processing file /home/airflow/.local/lib/python3.7/site-packages/airflow/example_dags/tutorial_taskflow_api.py for tasks to queue
[2023-08-26T02:08:38.319+0000] {logging_mixin.py:150} INFO - [2023-08-26T02:08:38.319+0000] {dagbag.py:541} INFO - Filling up the DagBag from /home/airflow/.local/lib/python3.7/site-packages/airflow/example_dags/tutorial_taskflow_api.py
[2023-08-26T02:08:38.326+0000] {processor.py:836} INFO - DAG(s) dict_keys(['tutorial_taskflow_api']) retrieved from /home/airflow/.local/lib/python3.7/site-packages/airflow/example_dags/tutorial_taskflow_api.py
[2023-08-26T02:08:38.349+0000] {logging_mixin.py:150} INFO - [2023-08-26T02:08:38.348+0000] {dag.py:2742} INFO - Sync 1 DAGs
[2023-08-26T02:08:38.375+0000] {logging_mixin.py:150} INFO - [2023-08-26T02:08:38.375+0000] {dag.py:3508} INFO - Setting next_dagrun for tutorial_taskflow_api to None, run_after=None
[2023-08-26T02:08:38.413+0000] {processor.py:179} INFO - Processing /home/airflow/.local/lib/python3.7/site-packages/airflow/example_dags/tutorial_taskflow_api.py took 0.099 seconds
[2023-08-26T02:09:09.554+0000] {processor.py:157} INFO - Started process (PID=1256) to work on /home/airflow/.local/lib/python3.7/site-packages/airflow/example_dags/tutorial_taskflow_api.py
[2023-08-26T02:09:09.555+0000] {processor.py:826} INFO - Processing file /home/airflow/.local/lib/python3.7/site-packages/airflow/example_dags/tutorial_taskflow_api.py for tasks to queue
[2023-08-26T02:09:09.556+0000] {logging_mixin.py:150} INFO - [2023-08-26T02:09:09.556+0000] {dagbag.py:541} INFO - Filling up the DagBag from /home/airflow/.local/lib/python3.7/site-packages/airflow/example_dags/tutorial_taskflow_api.py
[2023-08-26T02:09:09.563+0000] {processor.py:836} INFO - DAG(s) dict_keys(['tutorial_taskflow_api']) retrieved from /home/airflow/.local/lib/python3.7/site-packages/airflow/example_dags/tutorial_taskflow_api.py
[2023-08-26T02:09:09.588+0000] {logging_mixin.py:150} INFO - [2023-08-26T02:09:09.588+0000] {dag.py:2742} INFO - Sync 1 DAGs
[2023-08-26T02:09:09.614+0000] {logging_mixin.py:150} INFO - [2023-08-26T02:09:09.614+0000] {dag.py:3508} INFO - Setting next_dagrun for tutorial_taskflow_api to None, run_after=None
[2023-08-26T02:09:09.652+0000] {processor.py:179} INFO - Processing /home/airflow/.local/lib/python3.7/site-packages/airflow/example_dags/tutorial_taskflow_api.py took 0.102 seconds
[2023-08-26T02:09:40.167+0000] {processor.py:157} INFO - Started process (PID=1335) to work on /home/airflow/.local/lib/python3.7/site-packages/airflow/example_dags/tutorial_taskflow_api.py
[2023-08-26T02:09:40.168+0000] {processor.py:826} INFO - Processing file /home/airflow/.local/lib/python3.7/site-packages/airflow/example_dags/tutorial_taskflow_api.py for tasks to queue
[2023-08-26T02:09:40.169+0000] {logging_mixin.py:150} INFO - [2023-08-26T02:09:40.169+0000] {dagbag.py:541} INFO - Filling up the DagBag from /home/airflow/.local/lib/python3.7/site-packages/airflow/example_dags/tutorial_taskflow_api.py
[2023-08-26T02:09:40.175+0000] {processor.py:836} INFO - DAG(s) dict_keys(['tutorial_taskflow_api']) retrieved from /home/airflow/.local/lib/python3.7/site-packages/airflow/example_dags/tutorial_taskflow_api.py
[2023-08-26T02:09:40.198+0000] {logging_mixin.py:150} INFO - [2023-08-26T02:09:40.198+0000] {dag.py:2742} INFO - Sync 1 DAGs
[2023-08-26T02:09:40.223+0000] {logging_mixin.py:150} INFO - [2023-08-26T02:09:40.223+0000] {dag.py:3508} INFO - Setting next_dagrun for tutorial_taskflow_api to None, run_after=None
[2023-08-26T02:09:40.334+0000] {processor.py:179} INFO - Processing /home/airflow/.local/lib/python3.7/site-packages/airflow/example_dags/tutorial_taskflow_api.py took 0.171 seconds
[2023-08-26T02:10:12.005+0000] {processor.py:157} INFO - Started process (PID=1414) to work on /home/airflow/.local/lib/python3.7/site-packages/airflow/example_dags/tutorial_taskflow_api.py
[2023-08-26T02:10:12.008+0000] {processor.py:826} INFO - Processing file /home/airflow/.local/lib/python3.7/site-packages/airflow/example_dags/tutorial_taskflow_api.py for tasks to queue
[2023-08-26T02:10:12.010+0000] {logging_mixin.py:150} INFO - [2023-08-26T02:10:12.009+0000] {dagbag.py:541} INFO - Filling up the DagBag from /home/airflow/.local/lib/python3.7/site-packages/airflow/example_dags/tutorial_taskflow_api.py
[2023-08-26T02:10:12.024+0000] {processor.py:836} INFO - DAG(s) dict_keys(['tutorial_taskflow_api']) retrieved from /home/airflow/.local/lib/python3.7/site-packages/airflow/example_dags/tutorial_taskflow_api.py
[2023-08-26T02:10:12.073+0000] {logging_mixin.py:150} INFO - [2023-08-26T02:10:12.072+0000] {dag.py:2742} INFO - Sync 1 DAGs
[2023-08-26T02:10:12.119+0000] {logging_mixin.py:150} INFO - [2023-08-26T02:10:12.119+0000] {dag.py:3508} INFO - Setting next_dagrun for tutorial_taskflow_api to None, run_after=None
[2023-08-26T02:10:12.158+0000] {processor.py:179} INFO - Processing /home/airflow/.local/lib/python3.7/site-packages/airflow/example_dags/tutorial_taskflow_api.py took 0.160 seconds
[2023-08-26T02:10:43.148+0000] {processor.py:157} INFO - Started process (PID=1493) to work on /home/airflow/.local/lib/python3.7/site-packages/airflow/example_dags/tutorial_taskflow_api.py
[2023-08-26T02:10:43.149+0000] {processor.py:826} INFO - Processing file /home/airflow/.local/lib/python3.7/site-packages/airflow/example_dags/tutorial_taskflow_api.py for tasks to queue
[2023-08-26T02:10:43.150+0000] {logging_mixin.py:150} INFO - [2023-08-26T02:10:43.150+0000] {dagbag.py:541} INFO - Filling up the DagBag from /home/airflow/.local/lib/python3.7/site-packages/airflow/example_dags/tutorial_taskflow_api.py
[2023-08-26T02:10:43.158+0000] {processor.py:836} INFO - DAG(s) dict_keys(['tutorial_taskflow_api']) retrieved from /home/airflow/.local/lib/python3.7/site-packages/airflow/example_dags/tutorial_taskflow_api.py
[2023-08-26T02:10:43.195+0000] {logging_mixin.py:150} INFO - [2023-08-26T02:10:43.194+0000] {dag.py:2742} INFO - Sync 1 DAGs
[2023-08-26T02:10:43.269+0000] {logging_mixin.py:150} INFO - [2023-08-26T02:10:43.268+0000] {dag.py:3508} INFO - Setting next_dagrun for tutorial_taskflow_api to None, run_after=None
[2023-08-26T02:10:43.337+0000] {processor.py:179} INFO - Processing /home/airflow/.local/lib/python3.7/site-packages/airflow/example_dags/tutorial_taskflow_api.py took 0.193 seconds
[2023-08-26T02:11:13.446+0000] {processor.py:157} INFO - Started process (PID=1572) to work on /home/airflow/.local/lib/python3.7/site-packages/airflow/example_dags/tutorial_taskflow_api.py
[2023-08-26T02:11:13.448+0000] {processor.py:826} INFO - Processing file /home/airflow/.local/lib/python3.7/site-packages/airflow/example_dags/tutorial_taskflow_api.py for tasks to queue
[2023-08-26T02:11:13.449+0000] {logging_mixin.py:150} INFO - [2023-08-26T02:11:13.449+0000] {dagbag.py:541} INFO - Filling up the DagBag from /home/airflow/.local/lib/python3.7/site-packages/airflow/example_dags/tutorial_taskflow_api.py
[2023-08-26T02:11:13.458+0000] {processor.py:836} INFO - DAG(s) dict_keys(['tutorial_taskflow_api']) retrieved from /home/airflow/.local/lib/python3.7/site-packages/airflow/example_dags/tutorial_taskflow_api.py
[2023-08-26T02:11:13.568+0000] {logging_mixin.py:150} INFO - [2023-08-26T02:11:13.567+0000] {dag.py:2742} INFO - Sync 1 DAGs
[2023-08-26T02:11:13.651+0000] {logging_mixin.py:150} INFO - [2023-08-26T02:11:13.650+0000] {dag.py:3508} INFO - Setting next_dagrun for tutorial_taskflow_api to None, run_after=None
[2023-08-26T02:11:13.761+0000] {processor.py:179} INFO - Processing /home/airflow/.local/lib/python3.7/site-packages/airflow/example_dags/tutorial_taskflow_api.py took 0.319 seconds
[2023-08-26T02:11:44.417+0000] {processor.py:157} INFO - Started process (PID=1651) to work on /home/airflow/.local/lib/python3.7/site-packages/airflow/example_dags/tutorial_taskflow_api.py
[2023-08-26T02:11:44.418+0000] {processor.py:826} INFO - Processing file /home/airflow/.local/lib/python3.7/site-packages/airflow/example_dags/tutorial_taskflow_api.py for tasks to queue
[2023-08-26T02:11:44.420+0000] {logging_mixin.py:150} INFO - [2023-08-26T02:11:44.419+0000] {dagbag.py:541} INFO - Filling up the DagBag from /home/airflow/.local/lib/python3.7/site-packages/airflow/example_dags/tutorial_taskflow_api.py
[2023-08-26T02:11:44.427+0000] {processor.py:836} INFO - DAG(s) dict_keys(['tutorial_taskflow_api']) retrieved from /home/airflow/.local/lib/python3.7/site-packages/airflow/example_dags/tutorial_taskflow_api.py
[2023-08-26T02:11:44.505+0000] {logging_mixin.py:150} INFO - [2023-08-26T02:11:44.505+0000] {dag.py:2742} INFO - Sync 1 DAGs
[2023-08-26T02:11:44.535+0000] {logging_mixin.py:150} INFO - [2023-08-26T02:11:44.535+0000] {dag.py:3508} INFO - Setting next_dagrun for tutorial_taskflow_api to None, run_after=None
[2023-08-26T02:11:44.672+0000] {processor.py:179} INFO - Processing /home/airflow/.local/lib/python3.7/site-packages/airflow/example_dags/tutorial_taskflow_api.py took 0.258 seconds
[2023-08-26T02:12:16.715+0000] {processor.py:157} INFO - Started process (PID=1730) to work on /home/airflow/.local/lib/python3.7/site-packages/airflow/example_dags/tutorial_taskflow_api.py
[2023-08-26T02:12:16.716+0000] {processor.py:826} INFO - Processing file /home/airflow/.local/lib/python3.7/site-packages/airflow/example_dags/tutorial_taskflow_api.py for tasks to queue
[2023-08-26T02:12:16.717+0000] {logging_mixin.py:150} INFO - [2023-08-26T02:12:16.717+0000] {dagbag.py:541} INFO - Filling up the DagBag from /home/airflow/.local/lib/python3.7/site-packages/airflow/example_dags/tutorial_taskflow_api.py
[2023-08-26T02:12:16.724+0000] {processor.py:836} INFO - DAG(s) dict_keys(['tutorial_taskflow_api']) retrieved from /home/airflow/.local/lib/python3.7/site-packages/airflow/example_dags/tutorial_taskflow_api.py
[2023-08-26T02:12:16.751+0000] {logging_mixin.py:150} INFO - [2023-08-26T02:12:16.751+0000] {dag.py:2742} INFO - Sync 1 DAGs
[2023-08-26T02:12:16.782+0000] {logging_mixin.py:150} INFO - [2023-08-26T02:12:16.782+0000] {dag.py:3508} INFO - Setting next_dagrun for tutorial_taskflow_api to None, run_after=None
[2023-08-26T02:12:16.823+0000] {processor.py:179} INFO - Processing /home/airflow/.local/lib/python3.7/site-packages/airflow/example_dags/tutorial_taskflow_api.py took 0.112 seconds
[2023-08-26T02:12:47.978+0000] {processor.py:157} INFO - Started process (PID=1809) to work on /home/airflow/.local/lib/python3.7/site-packages/airflow/example_dags/tutorial_taskflow_api.py
[2023-08-26T02:12:47.980+0000] {processor.py:826} INFO - Processing file /home/airflow/.local/lib/python3.7/site-packages/airflow/example_dags/tutorial_taskflow_api.py for tasks to queue
[2023-08-26T02:12:47.981+0000] {logging_mixin.py:150} INFO - [2023-08-26T02:12:47.980+0000] {dagbag.py:541} INFO - Filling up the DagBag from /home/airflow/.local/lib/python3.7/site-packages/airflow/example_dags/tutorial_taskflow_api.py
[2023-08-26T02:12:47.988+0000] {processor.py:836} INFO - DAG(s) dict_keys(['tutorial_taskflow_api']) retrieved from /home/airflow/.local/lib/python3.7/site-packages/airflow/example_dags/tutorial_taskflow_api.py
[2023-08-26T02:12:48.013+0000] {logging_mixin.py:150} INFO - [2023-08-26T02:12:48.013+0000] {dag.py:2742} INFO - Sync 1 DAGs
[2023-08-26T02:12:48.044+0000] {logging_mixin.py:150} INFO - [2023-08-26T02:12:48.043+0000] {dag.py:3508} INFO - Setting next_dagrun for tutorial_taskflow_api to None, run_after=None
[2023-08-26T02:12:48.083+0000] {processor.py:179} INFO - Processing /home/airflow/.local/lib/python3.7/site-packages/airflow/example_dags/tutorial_taskflow_api.py took 0.108 seconds
[2023-08-26T02:13:18.443+0000] {processor.py:157} INFO - Started process (PID=1888) to work on /home/airflow/.local/lib/python3.7/site-packages/airflow/example_dags/tutorial_taskflow_api.py
[2023-08-26T02:13:18.444+0000] {processor.py:826} INFO - Processing file /home/airflow/.local/lib/python3.7/site-packages/airflow/example_dags/tutorial_taskflow_api.py for tasks to queue
[2023-08-26T02:13:18.445+0000] {logging_mixin.py:150} INFO - [2023-08-26T02:13:18.445+0000] {dagbag.py:541} INFO - Filling up the DagBag from /home/airflow/.local/lib/python3.7/site-packages/airflow/example_dags/tutorial_taskflow_api.py
[2023-08-26T02:13:18.451+0000] {processor.py:836} INFO - DAG(s) dict_keys(['tutorial_taskflow_api']) retrieved from /home/airflow/.local/lib/python3.7/site-packages/airflow/example_dags/tutorial_taskflow_api.py
[2023-08-26T02:13:18.475+0000] {logging_mixin.py:150} INFO - [2023-08-26T02:13:18.475+0000] {dag.py:2742} INFO - Sync 1 DAGs
[2023-08-26T02:13:18.502+0000] {logging_mixin.py:150} INFO - [2023-08-26T02:13:18.501+0000] {dag.py:3508} INFO - Setting next_dagrun for tutorial_taskflow_api to None, run_after=None
[2023-08-26T02:13:18.576+0000] {processor.py:179} INFO - Processing /home/airflow/.local/lib/python3.7/site-packages/airflow/example_dags/tutorial_taskflow_api.py took 0.137 seconds
[2023-08-26T02:13:48.814+0000] {processor.py:157} INFO - Started process (PID=1966) to work on /home/airflow/.local/lib/python3.7/site-packages/airflow/example_dags/tutorial_taskflow_api.py
[2023-08-26T02:13:48.815+0000] {processor.py:826} INFO - Processing file /home/airflow/.local/lib/python3.7/site-packages/airflow/example_dags/tutorial_taskflow_api.py for tasks to queue
[2023-08-26T02:13:48.816+0000] {logging_mixin.py:150} INFO - [2023-08-26T02:13:48.816+0000] {dagbag.py:541} INFO - Filling up the DagBag from /home/airflow/.local/lib/python3.7/site-packages/airflow/example_dags/tutorial_taskflow_api.py
[2023-08-26T02:13:48.824+0000] {processor.py:836} INFO - DAG(s) dict_keys(['tutorial_taskflow_api']) retrieved from /home/airflow/.local/lib/python3.7/site-packages/airflow/example_dags/tutorial_taskflow_api.py
[2023-08-26T02:13:48.849+0000] {logging_mixin.py:150} INFO - [2023-08-26T02:13:48.849+0000] {dag.py:2742} INFO - Sync 1 DAGs
[2023-08-26T02:13:48.880+0000] {logging_mixin.py:150} INFO - [2023-08-26T02:13:48.880+0000] {dag.py:3508} INFO - Setting next_dagrun for tutorial_taskflow_api to None, run_after=None
[2023-08-26T02:13:48.922+0000] {processor.py:179} INFO - Processing /home/airflow/.local/lib/python3.7/site-packages/airflow/example_dags/tutorial_taskflow_api.py took 0.112 seconds
[2023-08-26T02:14:19.274+0000] {processor.py:157} INFO - Started process (PID=2046) to work on /home/airflow/.local/lib/python3.7/site-packages/airflow/example_dags/tutorial_taskflow_api.py
[2023-08-26T02:14:19.275+0000] {processor.py:826} INFO - Processing file /home/airflow/.local/lib/python3.7/site-packages/airflow/example_dags/tutorial_taskflow_api.py for tasks to queue
[2023-08-26T02:14:19.276+0000] {logging_mixin.py:150} INFO - [2023-08-26T02:14:19.276+0000] {dagbag.py:541} INFO - Filling up the DagBag from /home/airflow/.local/lib/python3.7/site-packages/airflow/example_dags/tutorial_taskflow_api.py
[2023-08-26T02:14:19.283+0000] {processor.py:836} INFO - DAG(s) dict_keys(['tutorial_taskflow_api']) retrieved from /home/airflow/.local/lib/python3.7/site-packages/airflow/example_dags/tutorial_taskflow_api.py
[2023-08-26T02:14:19.307+0000] {logging_mixin.py:150} INFO - [2023-08-26T02:14:19.307+0000] {dag.py:2742} INFO - Sync 1 DAGs
[2023-08-26T02:14:19.334+0000] {logging_mixin.py:150} INFO - [2023-08-26T02:14:19.334+0000] {dag.py:3508} INFO - Setting next_dagrun for tutorial_taskflow_api to None, run_after=None
[2023-08-26T02:14:19.393+0000] {processor.py:179} INFO - Processing /home/airflow/.local/lib/python3.7/site-packages/airflow/example_dags/tutorial_taskflow_api.py took 0.123 seconds
[2023-08-26T02:14:49.772+0000] {processor.py:157} INFO - Started process (PID=2125) to work on /home/airflow/.local/lib/python3.7/site-packages/airflow/example_dags/tutorial_taskflow_api.py
[2023-08-26T02:14:49.773+0000] {processor.py:826} INFO - Processing file /home/airflow/.local/lib/python3.7/site-packages/airflow/example_dags/tutorial_taskflow_api.py for tasks to queue
[2023-08-26T02:14:49.775+0000] {logging_mixin.py:150} INFO - [2023-08-26T02:14:49.774+0000] {dagbag.py:541} INFO - Filling up the DagBag from /home/airflow/.local/lib/python3.7/site-packages/airflow/example_dags/tutorial_taskflow_api.py
[2023-08-26T02:14:49.781+0000] {processor.py:836} INFO - DAG(s) dict_keys(['tutorial_taskflow_api']) retrieved from /home/airflow/.local/lib/python3.7/site-packages/airflow/example_dags/tutorial_taskflow_api.py
[2023-08-26T02:14:49.807+0000] {logging_mixin.py:150} INFO - [2023-08-26T02:14:49.807+0000] {dag.py:2742} INFO - Sync 1 DAGs
[2023-08-26T02:14:49.838+0000] {logging_mixin.py:150} INFO - [2023-08-26T02:14:49.838+0000] {dag.py:3508} INFO - Setting next_dagrun for tutorial_taskflow_api to None, run_after=None
[2023-08-26T02:14:49.878+0000] {processor.py:179} INFO - Processing /home/airflow/.local/lib/python3.7/site-packages/airflow/example_dags/tutorial_taskflow_api.py took 0.110 seconds
[2023-08-26T02:15:20.377+0000] {processor.py:157} INFO - Started process (PID=2204) to work on /home/airflow/.local/lib/python3.7/site-packages/airflow/example_dags/tutorial_taskflow_api.py
[2023-08-26T02:15:20.378+0000] {processor.py:826} INFO - Processing file /home/airflow/.local/lib/python3.7/site-packages/airflow/example_dags/tutorial_taskflow_api.py for tasks to queue
[2023-08-26T02:15:20.379+0000] {logging_mixin.py:150} INFO - [2023-08-26T02:15:20.379+0000] {dagbag.py:541} INFO - Filling up the DagBag from /home/airflow/.local/lib/python3.7/site-packages/airflow/example_dags/tutorial_taskflow_api.py
[2023-08-26T02:15:20.386+0000] {processor.py:836} INFO - DAG(s) dict_keys(['tutorial_taskflow_api']) retrieved from /home/airflow/.local/lib/python3.7/site-packages/airflow/example_dags/tutorial_taskflow_api.py
[2023-08-26T02:15:20.411+0000] {logging_mixin.py:150} INFO - [2023-08-26T02:15:20.411+0000] {dag.py:2742} INFO - Sync 1 DAGs
[2023-08-26T02:15:20.439+0000] {logging_mixin.py:150} INFO - [2023-08-26T02:15:20.439+0000] {dag.py:3508} INFO - Setting next_dagrun for tutorial_taskflow_api to None, run_after=None
[2023-08-26T02:15:20.477+0000] {processor.py:179} INFO - Processing /home/airflow/.local/lib/python3.7/site-packages/airflow/example_dags/tutorial_taskflow_api.py took 0.104 seconds
[2023-08-26T02:15:50.986+0000] {processor.py:157} INFO - Started process (PID=2283) to work on /home/airflow/.local/lib/python3.7/site-packages/airflow/example_dags/tutorial_taskflow_api.py
[2023-08-26T02:15:50.987+0000] {processor.py:826} INFO - Processing file /home/airflow/.local/lib/python3.7/site-packages/airflow/example_dags/tutorial_taskflow_api.py for tasks to queue
[2023-08-26T02:15:50.989+0000] {logging_mixin.py:150} INFO - [2023-08-26T02:15:50.988+0000] {dagbag.py:541} INFO - Filling up the DagBag from /home/airflow/.local/lib/python3.7/site-packages/airflow/example_dags/tutorial_taskflow_api.py
[2023-08-26T02:15:50.996+0000] {processor.py:836} INFO - DAG(s) dict_keys(['tutorial_taskflow_api']) retrieved from /home/airflow/.local/lib/python3.7/site-packages/airflow/example_dags/tutorial_taskflow_api.py
[2023-08-26T02:15:51.023+0000] {logging_mixin.py:150} INFO - [2023-08-26T02:15:51.023+0000] {dag.py:2742} INFO - Sync 1 DAGs
[2023-08-26T02:15:51.054+0000] {logging_mixin.py:150} INFO - [2023-08-26T02:15:51.054+0000] {dag.py:3508} INFO - Setting next_dagrun for tutorial_taskflow_api to None, run_after=None
[2023-08-26T02:15:51.095+0000] {processor.py:179} INFO - Processing /home/airflow/.local/lib/python3.7/site-packages/airflow/example_dags/tutorial_taskflow_api.py took 0.114 seconds
[2023-08-26T02:16:21.457+0000] {processor.py:157} INFO - Started process (PID=2362) to work on /home/airflow/.local/lib/python3.7/site-packages/airflow/example_dags/tutorial_taskflow_api.py
[2023-08-26T02:16:21.458+0000] {processor.py:826} INFO - Processing file /home/airflow/.local/lib/python3.7/site-packages/airflow/example_dags/tutorial_taskflow_api.py for tasks to queue
[2023-08-26T02:16:21.459+0000] {logging_mixin.py:150} INFO - [2023-08-26T02:16:21.459+0000] {dagbag.py:541} INFO - Filling up the DagBag from /home/airflow/.local/lib/python3.7/site-packages/airflow/example_dags/tutorial_taskflow_api.py
[2023-08-26T02:16:21.466+0000] {processor.py:836} INFO - DAG(s) dict_keys(['tutorial_taskflow_api']) retrieved from /home/airflow/.local/lib/python3.7/site-packages/airflow/example_dags/tutorial_taskflow_api.py
[2023-08-26T02:16:21.493+0000] {logging_mixin.py:150} INFO - [2023-08-26T02:16:21.493+0000] {dag.py:2742} INFO - Sync 1 DAGs
[2023-08-26T02:16:21.523+0000] {logging_mixin.py:150} INFO - [2023-08-26T02:16:21.523+0000] {dag.py:3508} INFO - Setting next_dagrun for tutorial_taskflow_api to None, run_after=None
[2023-08-26T02:16:21.566+0000] {processor.py:179} INFO - Processing /home/airflow/.local/lib/python3.7/site-packages/airflow/example_dags/tutorial_taskflow_api.py took 0.113 seconds
[2023-08-26T02:16:52.368+0000] {processor.py:157} INFO - Started process (PID=2448) to work on /home/airflow/.local/lib/python3.7/site-packages/airflow/example_dags/tutorial_taskflow_api.py
[2023-08-26T02:16:52.369+0000] {processor.py:826} INFO - Processing file /home/airflow/.local/lib/python3.7/site-packages/airflow/example_dags/tutorial_taskflow_api.py for tasks to queue
[2023-08-26T02:16:52.370+0000] {logging_mixin.py:150} INFO - [2023-08-26T02:16:52.370+0000] {dagbag.py:541} INFO - Filling up the DagBag from /home/airflow/.local/lib/python3.7/site-packages/airflow/example_dags/tutorial_taskflow_api.py
[2023-08-26T02:16:52.377+0000] {processor.py:836} INFO - DAG(s) dict_keys(['tutorial_taskflow_api']) retrieved from /home/airflow/.local/lib/python3.7/site-packages/airflow/example_dags/tutorial_taskflow_api.py
[2023-08-26T02:16:52.404+0000] {logging_mixin.py:150} INFO - [2023-08-26T02:16:52.404+0000] {dag.py:2742} INFO - Sync 1 DAGs
[2023-08-26T02:16:52.432+0000] {logging_mixin.py:150} INFO - [2023-08-26T02:16:52.432+0000] {dag.py:3508} INFO - Setting next_dagrun for tutorial_taskflow_api to None, run_after=None
[2023-08-26T02:16:52.472+0000] {processor.py:179} INFO - Processing /home/airflow/.local/lib/python3.7/site-packages/airflow/example_dags/tutorial_taskflow_api.py took 0.108 seconds
[2023-08-26T02:17:23.131+0000] {processor.py:157} INFO - Started process (PID=2527) to work on /home/airflow/.local/lib/python3.7/site-packages/airflow/example_dags/tutorial_taskflow_api.py
[2023-08-26T02:17:23.132+0000] {processor.py:826} INFO - Processing file /home/airflow/.local/lib/python3.7/site-packages/airflow/example_dags/tutorial_taskflow_api.py for tasks to queue
[2023-08-26T02:17:23.134+0000] {logging_mixin.py:150} INFO - [2023-08-26T02:17:23.134+0000] {dagbag.py:541} INFO - Filling up the DagBag from /home/airflow/.local/lib/python3.7/site-packages/airflow/example_dags/tutorial_taskflow_api.py
[2023-08-26T02:17:23.142+0000] {processor.py:836} INFO - DAG(s) dict_keys(['tutorial_taskflow_api']) retrieved from /home/airflow/.local/lib/python3.7/site-packages/airflow/example_dags/tutorial_taskflow_api.py
[2023-08-26T02:17:23.256+0000] {logging_mixin.py:150} INFO - [2023-08-26T02:17:23.255+0000] {dag.py:2742} INFO - Sync 1 DAGs
[2023-08-26T02:17:23.290+0000] {logging_mixin.py:150} INFO - [2023-08-26T02:17:23.290+0000] {dag.py:3508} INFO - Setting next_dagrun for tutorial_taskflow_api to None, run_after=None
[2023-08-26T02:17:23.371+0000] {processor.py:179} INFO - Processing /home/airflow/.local/lib/python3.7/site-packages/airflow/example_dags/tutorial_taskflow_api.py took 0.245 seconds
[2023-08-26T02:17:53.563+0000] {processor.py:157} INFO - Started process (PID=2606) to work on /home/airflow/.local/lib/python3.7/site-packages/airflow/example_dags/tutorial_taskflow_api.py
[2023-08-26T02:17:53.564+0000] {processor.py:826} INFO - Processing file /home/airflow/.local/lib/python3.7/site-packages/airflow/example_dags/tutorial_taskflow_api.py for tasks to queue
[2023-08-26T02:17:53.566+0000] {logging_mixin.py:150} INFO - [2023-08-26T02:17:53.566+0000] {dagbag.py:541} INFO - Filling up the DagBag from /home/airflow/.local/lib/python3.7/site-packages/airflow/example_dags/tutorial_taskflow_api.py
[2023-08-26T02:17:53.574+0000] {processor.py:836} INFO - DAG(s) dict_keys(['tutorial_taskflow_api']) retrieved from /home/airflow/.local/lib/python3.7/site-packages/airflow/example_dags/tutorial_taskflow_api.py
[2023-08-26T02:17:53.602+0000] {logging_mixin.py:150} INFO - [2023-08-26T02:17:53.602+0000] {dag.py:2742} INFO - Sync 1 DAGs
[2023-08-26T02:17:53.632+0000] {logging_mixin.py:150} INFO - [2023-08-26T02:17:53.632+0000] {dag.py:3508} INFO - Setting next_dagrun for tutorial_taskflow_api to None, run_after=None
[2023-08-26T02:17:53.703+0000] {processor.py:179} INFO - Processing /home/airflow/.local/lib/python3.7/site-packages/airflow/example_dags/tutorial_taskflow_api.py took 0.144 seconds
[2023-08-26T02:18:24.578+0000] {processor.py:157} INFO - Started process (PID=2685) to work on /home/airflow/.local/lib/python3.7/site-packages/airflow/example_dags/tutorial_taskflow_api.py
[2023-08-26T02:18:24.580+0000] {processor.py:826} INFO - Processing file /home/airflow/.local/lib/python3.7/site-packages/airflow/example_dags/tutorial_taskflow_api.py for tasks to queue
[2023-08-26T02:18:24.582+0000] {logging_mixin.py:150} INFO - [2023-08-26T02:18:24.582+0000] {dagbag.py:541} INFO - Filling up the DagBag from /home/airflow/.local/lib/python3.7/site-packages/airflow/example_dags/tutorial_taskflow_api.py
[2023-08-26T02:18:24.591+0000] {processor.py:836} INFO - DAG(s) dict_keys(['tutorial_taskflow_api']) retrieved from /home/airflow/.local/lib/python3.7/site-packages/airflow/example_dags/tutorial_taskflow_api.py
[2023-08-26T02:18:24.619+0000] {logging_mixin.py:150} INFO - [2023-08-26T02:18:24.619+0000] {dag.py:2742} INFO - Sync 1 DAGs
[2023-08-26T02:18:24.646+0000] {logging_mixin.py:150} INFO - [2023-08-26T02:18:24.646+0000] {dag.py:3508} INFO - Setting next_dagrun for tutorial_taskflow_api to None, run_after=None
[2023-08-26T02:18:24.744+0000] {processor.py:179} INFO - Processing /home/airflow/.local/lib/python3.7/site-packages/airflow/example_dags/tutorial_taskflow_api.py took 0.170 seconds
[2023-08-26T02:18:55.296+0000] {processor.py:157} INFO - Started process (PID=2764) to work on /home/airflow/.local/lib/python3.7/site-packages/airflow/example_dags/tutorial_taskflow_api.py
[2023-08-26T02:18:55.298+0000] {processor.py:826} INFO - Processing file /home/airflow/.local/lib/python3.7/site-packages/airflow/example_dags/tutorial_taskflow_api.py for tasks to queue
[2023-08-26T02:18:55.299+0000] {logging_mixin.py:150} INFO - [2023-08-26T02:18:55.299+0000] {dagbag.py:541} INFO - Filling up the DagBag from /home/airflow/.local/lib/python3.7/site-packages/airflow/example_dags/tutorial_taskflow_api.py
[2023-08-26T02:18:55.307+0000] {processor.py:836} INFO - DAG(s) dict_keys(['tutorial_taskflow_api']) retrieved from /home/airflow/.local/lib/python3.7/site-packages/airflow/example_dags/tutorial_taskflow_api.py
[2023-08-26T02:18:55.335+0000] {logging_mixin.py:150} INFO - [2023-08-26T02:18:55.335+0000] {dag.py:2742} INFO - Sync 1 DAGs
[2023-08-26T02:18:55.367+0000] {logging_mixin.py:150} INFO - [2023-08-26T02:18:55.367+0000] {dag.py:3508} INFO - Setting next_dagrun for tutorial_taskflow_api to None, run_after=None
[2023-08-26T02:18:55.407+0000] {processor.py:179} INFO - Processing /home/airflow/.local/lib/python3.7/site-packages/airflow/example_dags/tutorial_taskflow_api.py took 0.115 seconds
[2023-08-26T02:19:26.334+0000] {processor.py:157} INFO - Started process (PID=2843) to work on /home/airflow/.local/lib/python3.7/site-packages/airflow/example_dags/tutorial_taskflow_api.py
[2023-08-26T02:19:26.335+0000] {processor.py:826} INFO - Processing file /home/airflow/.local/lib/python3.7/site-packages/airflow/example_dags/tutorial_taskflow_api.py for tasks to queue
[2023-08-26T02:19:26.336+0000] {logging_mixin.py:150} INFO - [2023-08-26T02:19:26.336+0000] {dagbag.py:541} INFO - Filling up the DagBag from /home/airflow/.local/lib/python3.7/site-packages/airflow/example_dags/tutorial_taskflow_api.py
[2023-08-26T02:19:26.343+0000] {processor.py:836} INFO - DAG(s) dict_keys(['tutorial_taskflow_api']) retrieved from /home/airflow/.local/lib/python3.7/site-packages/airflow/example_dags/tutorial_taskflow_api.py
[2023-08-26T02:19:26.374+0000] {logging_mixin.py:150} INFO - [2023-08-26T02:19:26.373+0000] {dag.py:2742} INFO - Sync 1 DAGs
[2023-08-26T02:19:26.404+0000] {logging_mixin.py:150} INFO - [2023-08-26T02:19:26.404+0000] {dag.py:3508} INFO - Setting next_dagrun for tutorial_taskflow_api to None, run_after=None
[2023-08-26T02:19:26.444+0000] {processor.py:179} INFO - Processing /home/airflow/.local/lib/python3.7/site-packages/airflow/example_dags/tutorial_taskflow_api.py took 0.114 seconds
[2023-08-26T02:19:56.721+0000] {processor.py:157} INFO - Started process (PID=2922) to work on /home/airflow/.local/lib/python3.7/site-packages/airflow/example_dags/tutorial_taskflow_api.py
[2023-08-26T02:19:56.722+0000] {processor.py:826} INFO - Processing file /home/airflow/.local/lib/python3.7/site-packages/airflow/example_dags/tutorial_taskflow_api.py for tasks to queue
[2023-08-26T02:19:56.723+0000] {logging_mixin.py:150} INFO - [2023-08-26T02:19:56.723+0000] {dagbag.py:541} INFO - Filling up the DagBag from /home/airflow/.local/lib/python3.7/site-packages/airflow/example_dags/tutorial_taskflow_api.py
[2023-08-26T02:19:56.730+0000] {processor.py:836} INFO - DAG(s) dict_keys(['tutorial_taskflow_api']) retrieved from /home/airflow/.local/lib/python3.7/site-packages/airflow/example_dags/tutorial_taskflow_api.py
[2023-08-26T02:19:56.761+0000] {logging_mixin.py:150} INFO - [2023-08-26T02:19:56.761+0000] {dag.py:2742} INFO - Sync 1 DAGs
[2023-08-26T02:19:56.804+0000] {logging_mixin.py:150} INFO - [2023-08-26T02:19:56.804+0000] {dag.py:3508} INFO - Setting next_dagrun for tutorial_taskflow_api to None, run_after=None
[2023-08-26T02:19:56.851+0000] {processor.py:179} INFO - Processing /home/airflow/.local/lib/python3.7/site-packages/airflow/example_dags/tutorial_taskflow_api.py took 0.134 seconds
[2023-08-26T02:20:27.984+0000] {processor.py:157} INFO - Started process (PID=3001) to work on /home/airflow/.local/lib/python3.7/site-packages/airflow/example_dags/tutorial_taskflow_api.py
[2023-08-26T02:20:27.986+0000] {processor.py:826} INFO - Processing file /home/airflow/.local/lib/python3.7/site-packages/airflow/example_dags/tutorial_taskflow_api.py for tasks to queue
[2023-08-26T02:20:27.987+0000] {logging_mixin.py:150} INFO - [2023-08-26T02:20:27.987+0000] {dagbag.py:541} INFO - Filling up the DagBag from /home/airflow/.local/lib/python3.7/site-packages/airflow/example_dags/tutorial_taskflow_api.py
[2023-08-26T02:20:27.995+0000] {processor.py:836} INFO - DAG(s) dict_keys(['tutorial_taskflow_api']) retrieved from /home/airflow/.local/lib/python3.7/site-packages/airflow/example_dags/tutorial_taskflow_api.py
[2023-08-26T02:20:28.025+0000] {logging_mixin.py:150} INFO - [2023-08-26T02:20:28.025+0000] {dag.py:2742} INFO - Sync 1 DAGs
[2023-08-26T02:20:28.059+0000] {logging_mixin.py:150} INFO - [2023-08-26T02:20:28.058+0000] {dag.py:3508} INFO - Setting next_dagrun for tutorial_taskflow_api to None, run_after=None
[2023-08-26T02:20:28.154+0000] {processor.py:179} INFO - Processing /home/airflow/.local/lib/python3.7/site-packages/airflow/example_dags/tutorial_taskflow_api.py took 0.174 seconds
[2023-08-26T02:20:58.774+0000] {processor.py:157} INFO - Started process (PID=3080) to work on /home/airflow/.local/lib/python3.7/site-packages/airflow/example_dags/tutorial_taskflow_api.py
[2023-08-26T02:20:58.775+0000] {processor.py:826} INFO - Processing file /home/airflow/.local/lib/python3.7/site-packages/airflow/example_dags/tutorial_taskflow_api.py for tasks to queue
[2023-08-26T02:20:58.777+0000] {logging_mixin.py:150} INFO - [2023-08-26T02:20:58.776+0000] {dagbag.py:541} INFO - Filling up the DagBag from /home/airflow/.local/lib/python3.7/site-packages/airflow/example_dags/tutorial_taskflow_api.py
[2023-08-26T02:20:58.784+0000] {processor.py:836} INFO - DAG(s) dict_keys(['tutorial_taskflow_api']) retrieved from /home/airflow/.local/lib/python3.7/site-packages/airflow/example_dags/tutorial_taskflow_api.py
[2023-08-26T02:20:58.809+0000] {logging_mixin.py:150} INFO - [2023-08-26T02:20:58.809+0000] {dag.py:2742} INFO - Sync 1 DAGs
[2023-08-26T02:20:58.836+0000] {logging_mixin.py:150} INFO - [2023-08-26T02:20:58.836+0000] {dag.py:3508} INFO - Setting next_dagrun for tutorial_taskflow_api to None, run_after=None
[2023-08-26T02:20:58.906+0000] {processor.py:179} INFO - Processing /home/airflow/.local/lib/python3.7/site-packages/airflow/example_dags/tutorial_taskflow_api.py took 0.135 seconds
[2023-08-26T02:21:29.656+0000] {processor.py:157} INFO - Started process (PID=3159) to work on /home/airflow/.local/lib/python3.7/site-packages/airflow/example_dags/tutorial_taskflow_api.py
[2023-08-26T02:21:29.657+0000] {processor.py:826} INFO - Processing file /home/airflow/.local/lib/python3.7/site-packages/airflow/example_dags/tutorial_taskflow_api.py for tasks to queue
[2023-08-26T02:21:29.659+0000] {logging_mixin.py:150} INFO - [2023-08-26T02:21:29.658+0000] {dagbag.py:541} INFO - Filling up the DagBag from /home/airflow/.local/lib/python3.7/site-packages/airflow/example_dags/tutorial_taskflow_api.py
[2023-08-26T02:21:29.666+0000] {processor.py:836} INFO - DAG(s) dict_keys(['tutorial_taskflow_api']) retrieved from /home/airflow/.local/lib/python3.7/site-packages/airflow/example_dags/tutorial_taskflow_api.py
[2023-08-26T02:21:29.692+0000] {logging_mixin.py:150} INFO - [2023-08-26T02:21:29.691+0000] {dag.py:2742} INFO - Sync 1 DAGs
[2023-08-26T02:21:29.724+0000] {logging_mixin.py:150} INFO - [2023-08-26T02:21:29.724+0000] {dag.py:3508} INFO - Setting next_dagrun for tutorial_taskflow_api to None, run_after=None
[2023-08-26T02:21:29.764+0000] {processor.py:179} INFO - Processing /home/airflow/.local/lib/python3.7/site-packages/airflow/example_dags/tutorial_taskflow_api.py took 0.111 seconds
[2023-08-26T02:22:00.947+0000] {processor.py:157} INFO - Started process (PID=3238) to work on /home/airflow/.local/lib/python3.7/site-packages/airflow/example_dags/tutorial_taskflow_api.py
[2023-08-26T02:22:00.948+0000] {processor.py:826} INFO - Processing file /home/airflow/.local/lib/python3.7/site-packages/airflow/example_dags/tutorial_taskflow_api.py for tasks to queue
[2023-08-26T02:22:00.950+0000] {logging_mixin.py:150} INFO - [2023-08-26T02:22:00.949+0000] {dagbag.py:541} INFO - Filling up the DagBag from /home/airflow/.local/lib/python3.7/site-packages/airflow/example_dags/tutorial_taskflow_api.py
[2023-08-26T02:22:00.956+0000] {processor.py:836} INFO - DAG(s) dict_keys(['tutorial_taskflow_api']) retrieved from /home/airflow/.local/lib/python3.7/site-packages/airflow/example_dags/tutorial_taskflow_api.py
[2023-08-26T02:22:00.981+0000] {logging_mixin.py:150} INFO - [2023-08-26T02:22:00.981+0000] {dag.py:2742} INFO - Sync 1 DAGs
[2023-08-26T02:22:01.015+0000] {logging_mixin.py:150} INFO - [2023-08-26T02:22:01.014+0000] {dag.py:3508} INFO - Setting next_dagrun for tutorial_taskflow_api to None, run_after=None
[2023-08-26T02:22:01.055+0000] {processor.py:179} INFO - Processing /home/airflow/.local/lib/python3.7/site-packages/airflow/example_dags/tutorial_taskflow_api.py took 0.111 seconds
[2023-08-26T02:22:32.241+0000] {processor.py:157} INFO - Started process (PID=3316) to work on /home/airflow/.local/lib/python3.7/site-packages/airflow/example_dags/tutorial_taskflow_api.py
[2023-08-26T02:22:32.242+0000] {processor.py:826} INFO - Processing file /home/airflow/.local/lib/python3.7/site-packages/airflow/example_dags/tutorial_taskflow_api.py for tasks to queue
[2023-08-26T02:22:32.243+0000] {logging_mixin.py:150} INFO - [2023-08-26T02:22:32.243+0000] {dagbag.py:541} INFO - Filling up the DagBag from /home/airflow/.local/lib/python3.7/site-packages/airflow/example_dags/tutorial_taskflow_api.py
[2023-08-26T02:22:32.250+0000] {processor.py:836} INFO - DAG(s) dict_keys(['tutorial_taskflow_api']) retrieved from /home/airflow/.local/lib/python3.7/site-packages/airflow/example_dags/tutorial_taskflow_api.py
[2023-08-26T02:22:32.276+0000] {logging_mixin.py:150} INFO - [2023-08-26T02:22:32.275+0000] {dag.py:2742} INFO - Sync 1 DAGs
[2023-08-26T02:22:32.303+0000] {logging_mixin.py:150} INFO - [2023-08-26T02:22:32.303+0000] {dag.py:3508} INFO - Setting next_dagrun for tutorial_taskflow_api to None, run_after=None
[2023-08-26T02:22:32.345+0000] {processor.py:179} INFO - Processing /home/airflow/.local/lib/python3.7/site-packages/airflow/example_dags/tutorial_taskflow_api.py took 0.107 seconds
[2023-08-26T02:23:02.907+0000] {processor.py:157} INFO - Started process (PID=3396) to work on /home/airflow/.local/lib/python3.7/site-packages/airflow/example_dags/tutorial_taskflow_api.py
[2023-08-26T02:23:02.909+0000] {processor.py:826} INFO - Processing file /home/airflow/.local/lib/python3.7/site-packages/airflow/example_dags/tutorial_taskflow_api.py for tasks to queue
[2023-08-26T02:23:02.910+0000] {logging_mixin.py:150} INFO - [2023-08-26T02:23:02.910+0000] {dagbag.py:541} INFO - Filling up the DagBag from /home/airflow/.local/lib/python3.7/site-packages/airflow/example_dags/tutorial_taskflow_api.py
[2023-08-26T02:23:02.917+0000] {processor.py:836} INFO - DAG(s) dict_keys(['tutorial_taskflow_api']) retrieved from /home/airflow/.local/lib/python3.7/site-packages/airflow/example_dags/tutorial_taskflow_api.py
[2023-08-26T02:23:02.942+0000] {logging_mixin.py:150} INFO - [2023-08-26T02:23:02.941+0000] {dag.py:2742} INFO - Sync 1 DAGs
[2023-08-26T02:23:02.970+0000] {logging_mixin.py:150} INFO - [2023-08-26T02:23:02.970+0000] {dag.py:3508} INFO - Setting next_dagrun for tutorial_taskflow_api to None, run_after=None
[2023-08-26T02:23:02.995+0000] {processor.py:179} INFO - Processing /home/airflow/.local/lib/python3.7/site-packages/airflow/example_dags/tutorial_taskflow_api.py took 0.091 seconds
[2023-08-26T02:23:34.360+0000] {processor.py:157} INFO - Started process (PID=3475) to work on /home/airflow/.local/lib/python3.7/site-packages/airflow/example_dags/tutorial_taskflow_api.py
[2023-08-26T02:23:34.361+0000] {processor.py:826} INFO - Processing file /home/airflow/.local/lib/python3.7/site-packages/airflow/example_dags/tutorial_taskflow_api.py for tasks to queue
[2023-08-26T02:23:34.363+0000] {logging_mixin.py:150} INFO - [2023-08-26T02:23:34.362+0000] {dagbag.py:541} INFO - Filling up the DagBag from /home/airflow/.local/lib/python3.7/site-packages/airflow/example_dags/tutorial_taskflow_api.py
[2023-08-26T02:23:34.369+0000] {processor.py:836} INFO - DAG(s) dict_keys(['tutorial_taskflow_api']) retrieved from /home/airflow/.local/lib/python3.7/site-packages/airflow/example_dags/tutorial_taskflow_api.py
[2023-08-26T02:23:34.395+0000] {logging_mixin.py:150} INFO - [2023-08-26T02:23:34.394+0000] {dag.py:2742} INFO - Sync 1 DAGs
[2023-08-26T02:23:34.424+0000] {logging_mixin.py:150} INFO - [2023-08-26T02:23:34.423+0000] {dag.py:3508} INFO - Setting next_dagrun for tutorial_taskflow_api to None, run_after=None
[2023-08-26T02:23:34.462+0000] {processor.py:179} INFO - Processing /home/airflow/.local/lib/python3.7/site-packages/airflow/example_dags/tutorial_taskflow_api.py took 0.107 seconds
[2023-08-26T02:24:05.572+0000] {processor.py:157} INFO - Started process (PID=3554) to work on /home/airflow/.local/lib/python3.7/site-packages/airflow/example_dags/tutorial_taskflow_api.py
[2023-08-26T02:24:05.574+0000] {processor.py:826} INFO - Processing file /home/airflow/.local/lib/python3.7/site-packages/airflow/example_dags/tutorial_taskflow_api.py for tasks to queue
[2023-08-26T02:24:05.576+0000] {logging_mixin.py:150} INFO - [2023-08-26T02:24:05.575+0000] {dagbag.py:541} INFO - Filling up the DagBag from /home/airflow/.local/lib/python3.7/site-packages/airflow/example_dags/tutorial_taskflow_api.py
[2023-08-26T02:24:05.586+0000] {processor.py:836} INFO - DAG(s) dict_keys(['tutorial_taskflow_api']) retrieved from /home/airflow/.local/lib/python3.7/site-packages/airflow/example_dags/tutorial_taskflow_api.py
[2023-08-26T02:24:05.611+0000] {logging_mixin.py:150} INFO - [2023-08-26T02:24:05.611+0000] {dag.py:2742} INFO - Sync 1 DAGs
[2023-08-26T02:24:05.642+0000] {logging_mixin.py:150} INFO - [2023-08-26T02:24:05.641+0000] {dag.py:3508} INFO - Setting next_dagrun for tutorial_taskflow_api to None, run_after=None
[2023-08-26T02:24:05.730+0000] {processor.py:179} INFO - Processing /home/airflow/.local/lib/python3.7/site-packages/airflow/example_dags/tutorial_taskflow_api.py took 0.164 seconds
[2023-08-26T02:24:36.445+0000] {processor.py:157} INFO - Started process (PID=3633) to work on /home/airflow/.local/lib/python3.7/site-packages/airflow/example_dags/tutorial_taskflow_api.py
[2023-08-26T02:24:36.447+0000] {processor.py:826} INFO - Processing file /home/airflow/.local/lib/python3.7/site-packages/airflow/example_dags/tutorial_taskflow_api.py for tasks to queue
[2023-08-26T02:24:36.448+0000] {logging_mixin.py:150} INFO - [2023-08-26T02:24:36.448+0000] {dagbag.py:541} INFO - Filling up the DagBag from /home/airflow/.local/lib/python3.7/site-packages/airflow/example_dags/tutorial_taskflow_api.py
[2023-08-26T02:24:36.456+0000] {processor.py:836} INFO - DAG(s) dict_keys(['tutorial_taskflow_api']) retrieved from /home/airflow/.local/lib/python3.7/site-packages/airflow/example_dags/tutorial_taskflow_api.py
[2023-08-26T02:24:36.489+0000] {logging_mixin.py:150} INFO - [2023-08-26T02:24:36.488+0000] {dag.py:2742} INFO - Sync 1 DAGs
[2023-08-26T02:24:36.519+0000] {logging_mixin.py:150} INFO - [2023-08-26T02:24:36.519+0000] {dag.py:3508} INFO - Setting next_dagrun for tutorial_taskflow_api to None, run_after=None
[2023-08-26T02:24:36.561+0000] {processor.py:179} INFO - Processing /home/airflow/.local/lib/python3.7/site-packages/airflow/example_dags/tutorial_taskflow_api.py took 0.120 seconds
[2023-08-26T02:25:08.139+0000] {processor.py:157} INFO - Started process (PID=3712) to work on /home/airflow/.local/lib/python3.7/site-packages/airflow/example_dags/tutorial_taskflow_api.py
[2023-08-26T02:25:08.140+0000] {processor.py:826} INFO - Processing file /home/airflow/.local/lib/python3.7/site-packages/airflow/example_dags/tutorial_taskflow_api.py for tasks to queue
[2023-08-26T02:25:08.141+0000] {logging_mixin.py:150} INFO - [2023-08-26T02:25:08.141+0000] {dagbag.py:541} INFO - Filling up the DagBag from /home/airflow/.local/lib/python3.7/site-packages/airflow/example_dags/tutorial_taskflow_api.py
[2023-08-26T02:25:08.148+0000] {processor.py:836} INFO - DAG(s) dict_keys(['tutorial_taskflow_api']) retrieved from /home/airflow/.local/lib/python3.7/site-packages/airflow/example_dags/tutorial_taskflow_api.py
[2023-08-26T02:25:08.175+0000] {logging_mixin.py:150} INFO - [2023-08-26T02:25:08.175+0000] {dag.py:2742} INFO - Sync 1 DAGs
[2023-08-26T02:25:08.205+0000] {logging_mixin.py:150} INFO - [2023-08-26T02:25:08.204+0000] {dag.py:3508} INFO - Setting next_dagrun for tutorial_taskflow_api to None, run_after=None
[2023-08-26T02:25:08.251+0000] {processor.py:179} INFO - Processing /home/airflow/.local/lib/python3.7/site-packages/airflow/example_dags/tutorial_taskflow_api.py took 0.116 seconds
[2023-08-26T02:25:38.608+0000] {processor.py:157} INFO - Started process (PID=3791) to work on /home/airflow/.local/lib/python3.7/site-packages/airflow/example_dags/tutorial_taskflow_api.py
[2023-08-26T02:25:38.609+0000] {processor.py:826} INFO - Processing file /home/airflow/.local/lib/python3.7/site-packages/airflow/example_dags/tutorial_taskflow_api.py for tasks to queue
[2023-08-26T02:25:38.611+0000] {logging_mixin.py:150} INFO - [2023-08-26T02:25:38.610+0000] {dagbag.py:541} INFO - Filling up the DagBag from /home/airflow/.local/lib/python3.7/site-packages/airflow/example_dags/tutorial_taskflow_api.py
[2023-08-26T02:25:38.621+0000] {processor.py:836} INFO - DAG(s) dict_keys(['tutorial_taskflow_api']) retrieved from /home/airflow/.local/lib/python3.7/site-packages/airflow/example_dags/tutorial_taskflow_api.py
[2023-08-26T02:25:38.655+0000] {logging_mixin.py:150} INFO - [2023-08-26T02:25:38.655+0000] {dag.py:2742} INFO - Sync 1 DAGs
[2023-08-26T02:25:38.685+0000] {logging_mixin.py:150} INFO - [2023-08-26T02:25:38.685+0000] {dag.py:3508} INFO - Setting next_dagrun for tutorial_taskflow_api to None, run_after=None
[2023-08-26T02:25:38.729+0000] {processor.py:179} INFO - Processing /home/airflow/.local/lib/python3.7/site-packages/airflow/example_dags/tutorial_taskflow_api.py took 0.127 seconds
[2023-08-26T02:26:09.924+0000] {processor.py:157} INFO - Started process (PID=3870) to work on /home/airflow/.local/lib/python3.7/site-packages/airflow/example_dags/tutorial_taskflow_api.py
[2023-08-26T02:26:09.926+0000] {processor.py:826} INFO - Processing file /home/airflow/.local/lib/python3.7/site-packages/airflow/example_dags/tutorial_taskflow_api.py for tasks to queue
[2023-08-26T02:26:09.928+0000] {logging_mixin.py:150} INFO - [2023-08-26T02:26:09.928+0000] {dagbag.py:541} INFO - Filling up the DagBag from /home/airflow/.local/lib/python3.7/site-packages/airflow/example_dags/tutorial_taskflow_api.py
[2023-08-26T02:26:09.938+0000] {processor.py:836} INFO - DAG(s) dict_keys(['tutorial_taskflow_api']) retrieved from /home/airflow/.local/lib/python3.7/site-packages/airflow/example_dags/tutorial_taskflow_api.py
[2023-08-26T02:26:09.976+0000] {logging_mixin.py:150} INFO - [2023-08-26T02:26:09.975+0000] {dag.py:2742} INFO - Sync 1 DAGs
[2023-08-26T02:26:10.019+0000] {logging_mixin.py:150} INFO - [2023-08-26T02:26:10.019+0000] {dag.py:3508} INFO - Setting next_dagrun for tutorial_taskflow_api to None, run_after=None
[2023-08-26T02:26:10.068+0000] {processor.py:179} INFO - Processing /home/airflow/.local/lib/python3.7/site-packages/airflow/example_dags/tutorial_taskflow_api.py took 0.149 seconds
[2023-08-26T02:26:40.553+0000] {processor.py:157} INFO - Started process (PID=3949) to work on /home/airflow/.local/lib/python3.7/site-packages/airflow/example_dags/tutorial_taskflow_api.py
[2023-08-26T02:26:40.554+0000] {processor.py:826} INFO - Processing file /home/airflow/.local/lib/python3.7/site-packages/airflow/example_dags/tutorial_taskflow_api.py for tasks to queue
[2023-08-26T02:26:40.556+0000] {logging_mixin.py:150} INFO - [2023-08-26T02:26:40.555+0000] {dagbag.py:541} INFO - Filling up the DagBag from /home/airflow/.local/lib/python3.7/site-packages/airflow/example_dags/tutorial_taskflow_api.py
[2023-08-26T02:26:40.564+0000] {processor.py:836} INFO - DAG(s) dict_keys(['tutorial_taskflow_api']) retrieved from /home/airflow/.local/lib/python3.7/site-packages/airflow/example_dags/tutorial_taskflow_api.py
[2023-08-26T02:26:40.591+0000] {logging_mixin.py:150} INFO - [2023-08-26T02:26:40.591+0000] {dag.py:2742} INFO - Sync 1 DAGs
[2023-08-26T02:26:40.621+0000] {logging_mixin.py:150} INFO - [2023-08-26T02:26:40.620+0000] {dag.py:3508} INFO - Setting next_dagrun for tutorial_taskflow_api to None, run_after=None
[2023-08-26T02:26:40.663+0000] {processor.py:179} INFO - Processing /home/airflow/.local/lib/python3.7/site-packages/airflow/example_dags/tutorial_taskflow_api.py took 0.114 seconds
[2023-08-26T02:27:11.058+0000] {processor.py:157} INFO - Started process (PID=4028) to work on /home/airflow/.local/lib/python3.7/site-packages/airflow/example_dags/tutorial_taskflow_api.py
[2023-08-26T02:27:11.059+0000] {processor.py:826} INFO - Processing file /home/airflow/.local/lib/python3.7/site-packages/airflow/example_dags/tutorial_taskflow_api.py for tasks to queue
[2023-08-26T02:27:11.061+0000] {logging_mixin.py:150} INFO - [2023-08-26T02:27:11.061+0000] {dagbag.py:541} INFO - Filling up the DagBag from /home/airflow/.local/lib/python3.7/site-packages/airflow/example_dags/tutorial_taskflow_api.py
[2023-08-26T02:27:11.068+0000] {processor.py:836} INFO - DAG(s) dict_keys(['tutorial_taskflow_api']) retrieved from /home/airflow/.local/lib/python3.7/site-packages/airflow/example_dags/tutorial_taskflow_api.py
[2023-08-26T02:27:11.095+0000] {logging_mixin.py:150} INFO - [2023-08-26T02:27:11.094+0000] {dag.py:2742} INFO - Sync 1 DAGs
[2023-08-26T02:27:11.127+0000] {logging_mixin.py:150} INFO - [2023-08-26T02:27:11.126+0000] {dag.py:3508} INFO - Setting next_dagrun for tutorial_taskflow_api to None, run_after=None
[2023-08-26T02:27:11.307+0000] {processor.py:179} INFO - Processing /home/airflow/.local/lib/python3.7/site-packages/airflow/example_dags/tutorial_taskflow_api.py took 0.254 seconds
[2023-08-26T02:27:41.410+0000] {processor.py:157} INFO - Started process (PID=4107) to work on /home/airflow/.local/lib/python3.7/site-packages/airflow/example_dags/tutorial_taskflow_api.py
[2023-08-26T02:27:41.411+0000] {processor.py:826} INFO - Processing file /home/airflow/.local/lib/python3.7/site-packages/airflow/example_dags/tutorial_taskflow_api.py for tasks to queue
[2023-08-26T02:27:41.412+0000] {logging_mixin.py:150} INFO - [2023-08-26T02:27:41.412+0000] {dagbag.py:541} INFO - Filling up the DagBag from /home/airflow/.local/lib/python3.7/site-packages/airflow/example_dags/tutorial_taskflow_api.py
[2023-08-26T02:27:41.418+0000] {processor.py:836} INFO - DAG(s) dict_keys(['tutorial_taskflow_api']) retrieved from /home/airflow/.local/lib/python3.7/site-packages/airflow/example_dags/tutorial_taskflow_api.py
[2023-08-26T02:27:41.443+0000] {logging_mixin.py:150} INFO - [2023-08-26T02:27:41.442+0000] {dag.py:2742} INFO - Sync 1 DAGs
[2023-08-26T02:27:41.470+0000] {logging_mixin.py:150} INFO - [2023-08-26T02:27:41.469+0000] {dag.py:3508} INFO - Setting next_dagrun for tutorial_taskflow_api to None, run_after=None
[2023-08-26T02:27:41.509+0000] {processor.py:179} INFO - Processing /home/airflow/.local/lib/python3.7/site-packages/airflow/example_dags/tutorial_taskflow_api.py took 0.103 seconds
[2023-08-26T02:28:12.204+0000] {processor.py:157} INFO - Started process (PID=4186) to work on /home/airflow/.local/lib/python3.7/site-packages/airflow/example_dags/tutorial_taskflow_api.py
[2023-08-26T02:28:12.205+0000] {processor.py:826} INFO - Processing file /home/airflow/.local/lib/python3.7/site-packages/airflow/example_dags/tutorial_taskflow_api.py for tasks to queue
[2023-08-26T02:28:12.206+0000] {logging_mixin.py:150} INFO - [2023-08-26T02:28:12.206+0000] {dagbag.py:541} INFO - Filling up the DagBag from /home/airflow/.local/lib/python3.7/site-packages/airflow/example_dags/tutorial_taskflow_api.py
[2023-08-26T02:28:12.214+0000] {processor.py:836} INFO - DAG(s) dict_keys(['tutorial_taskflow_api']) retrieved from /home/airflow/.local/lib/python3.7/site-packages/airflow/example_dags/tutorial_taskflow_api.py
[2023-08-26T02:28:12.241+0000] {logging_mixin.py:150} INFO - [2023-08-26T02:28:12.241+0000] {dag.py:2742} INFO - Sync 1 DAGs
[2023-08-26T02:28:12.271+0000] {logging_mixin.py:150} INFO - [2023-08-26T02:28:12.271+0000] {dag.py:3508} INFO - Setting next_dagrun for tutorial_taskflow_api to None, run_after=None
[2023-08-26T02:28:12.312+0000] {processor.py:179} INFO - Processing /home/airflow/.local/lib/python3.7/site-packages/airflow/example_dags/tutorial_taskflow_api.py took 0.112 seconds
[2023-08-26T02:28:42.625+0000] {processor.py:157} INFO - Started process (PID=4265) to work on /home/airflow/.local/lib/python3.7/site-packages/airflow/example_dags/tutorial_taskflow_api.py
[2023-08-26T02:28:42.626+0000] {processor.py:826} INFO - Processing file /home/airflow/.local/lib/python3.7/site-packages/airflow/example_dags/tutorial_taskflow_api.py for tasks to queue
[2023-08-26T02:28:42.627+0000] {logging_mixin.py:150} INFO - [2023-08-26T02:28:42.627+0000] {dagbag.py:541} INFO - Filling up the DagBag from /home/airflow/.local/lib/python3.7/site-packages/airflow/example_dags/tutorial_taskflow_api.py
[2023-08-26T02:28:42.634+0000] {processor.py:836} INFO - DAG(s) dict_keys(['tutorial_taskflow_api']) retrieved from /home/airflow/.local/lib/python3.7/site-packages/airflow/example_dags/tutorial_taskflow_api.py
[2023-08-26T02:28:42.658+0000] {logging_mixin.py:150} INFO - [2023-08-26T02:28:42.658+0000] {dag.py:2742} INFO - Sync 1 DAGs
[2023-08-26T02:28:42.686+0000] {logging_mixin.py:150} INFO - [2023-08-26T02:28:42.686+0000] {dag.py:3508} INFO - Setting next_dagrun for tutorial_taskflow_api to None, run_after=None
[2023-08-26T02:28:42.722+0000] {processor.py:179} INFO - Processing /home/airflow/.local/lib/python3.7/site-packages/airflow/example_dags/tutorial_taskflow_api.py took 0.101 seconds
[2023-08-26T02:29:13.266+0000] {processor.py:157} INFO - Started process (PID=4344) to work on /home/airflow/.local/lib/python3.7/site-packages/airflow/example_dags/tutorial_taskflow_api.py
[2023-08-26T02:29:13.267+0000] {processor.py:826} INFO - Processing file /home/airflow/.local/lib/python3.7/site-packages/airflow/example_dags/tutorial_taskflow_api.py for tasks to queue
[2023-08-26T02:29:13.268+0000] {logging_mixin.py:150} INFO - [2023-08-26T02:29:13.268+0000] {dagbag.py:541} INFO - Filling up the DagBag from /home/airflow/.local/lib/python3.7/site-packages/airflow/example_dags/tutorial_taskflow_api.py
[2023-08-26T02:29:13.275+0000] {processor.py:836} INFO - DAG(s) dict_keys(['tutorial_taskflow_api']) retrieved from /home/airflow/.local/lib/python3.7/site-packages/airflow/example_dags/tutorial_taskflow_api.py
[2023-08-26T02:29:13.301+0000] {logging_mixin.py:150} INFO - [2023-08-26T02:29:13.301+0000] {dag.py:2742} INFO - Sync 1 DAGs
[2023-08-26T02:29:13.328+0000] {logging_mixin.py:150} INFO - [2023-08-26T02:29:13.328+0000] {dag.py:3508} INFO - Setting next_dagrun for tutorial_taskflow_api to None, run_after=None
[2023-08-26T02:29:13.366+0000] {processor.py:179} INFO - Processing /home/airflow/.local/lib/python3.7/site-packages/airflow/example_dags/tutorial_taskflow_api.py took 0.103 seconds
[2023-08-26T02:29:44.667+0000] {processor.py:157} INFO - Started process (PID=4423) to work on /home/airflow/.local/lib/python3.7/site-packages/airflow/example_dags/tutorial_taskflow_api.py
[2023-08-26T02:29:44.668+0000] {processor.py:826} INFO - Processing file /home/airflow/.local/lib/python3.7/site-packages/airflow/example_dags/tutorial_taskflow_api.py for tasks to queue
[2023-08-26T02:29:44.669+0000] {logging_mixin.py:150} INFO - [2023-08-26T02:29:44.669+0000] {dagbag.py:541} INFO - Filling up the DagBag from /home/airflow/.local/lib/python3.7/site-packages/airflow/example_dags/tutorial_taskflow_api.py
[2023-08-26T02:29:44.676+0000] {processor.py:836} INFO - DAG(s) dict_keys(['tutorial_taskflow_api']) retrieved from /home/airflow/.local/lib/python3.7/site-packages/airflow/example_dags/tutorial_taskflow_api.py
[2023-08-26T02:29:44.701+0000] {logging_mixin.py:150} INFO - [2023-08-26T02:29:44.701+0000] {dag.py:2742} INFO - Sync 1 DAGs
[2023-08-26T02:29:44.727+0000] {logging_mixin.py:150} INFO - [2023-08-26T02:29:44.727+0000] {dag.py:3508} INFO - Setting next_dagrun for tutorial_taskflow_api to None, run_after=None
[2023-08-26T02:29:44.765+0000] {processor.py:179} INFO - Processing /home/airflow/.local/lib/python3.7/site-packages/airflow/example_dags/tutorial_taskflow_api.py took 0.101 seconds
[2023-08-26T02:30:15.473+0000] {processor.py:157} INFO - Started process (PID=4502) to work on /home/airflow/.local/lib/python3.7/site-packages/airflow/example_dags/tutorial_taskflow_api.py
[2023-08-26T02:30:15.475+0000] {processor.py:826} INFO - Processing file /home/airflow/.local/lib/python3.7/site-packages/airflow/example_dags/tutorial_taskflow_api.py for tasks to queue
[2023-08-26T02:30:15.476+0000] {logging_mixin.py:150} INFO - [2023-08-26T02:30:15.476+0000] {dagbag.py:541} INFO - Filling up the DagBag from /home/airflow/.local/lib/python3.7/site-packages/airflow/example_dags/tutorial_taskflow_api.py
[2023-08-26T02:30:15.483+0000] {processor.py:836} INFO - DAG(s) dict_keys(['tutorial_taskflow_api']) retrieved from /home/airflow/.local/lib/python3.7/site-packages/airflow/example_dags/tutorial_taskflow_api.py
[2023-08-26T02:30:15.512+0000] {logging_mixin.py:150} INFO - [2023-08-26T02:30:15.512+0000] {dag.py:2742} INFO - Sync 1 DAGs
[2023-08-26T02:30:15.542+0000] {logging_mixin.py:150} INFO - [2023-08-26T02:30:15.542+0000] {dag.py:3508} INFO - Setting next_dagrun for tutorial_taskflow_api to None, run_after=None
[2023-08-26T02:30:15.581+0000] {processor.py:179} INFO - Processing /home/airflow/.local/lib/python3.7/site-packages/airflow/example_dags/tutorial_taskflow_api.py took 0.112 seconds
[2023-08-26T02:30:45.899+0000] {processor.py:157} INFO - Started process (PID=4581) to work on /home/airflow/.local/lib/python3.7/site-packages/airflow/example_dags/tutorial_taskflow_api.py
[2023-08-26T02:30:45.900+0000] {processor.py:826} INFO - Processing file /home/airflow/.local/lib/python3.7/site-packages/airflow/example_dags/tutorial_taskflow_api.py for tasks to queue
[2023-08-26T02:30:45.901+0000] {logging_mixin.py:150} INFO - [2023-08-26T02:30:45.901+0000] {dagbag.py:541} INFO - Filling up the DagBag from /home/airflow/.local/lib/python3.7/site-packages/airflow/example_dags/tutorial_taskflow_api.py
[2023-08-26T02:30:45.909+0000] {processor.py:836} INFO - DAG(s) dict_keys(['tutorial_taskflow_api']) retrieved from /home/airflow/.local/lib/python3.7/site-packages/airflow/example_dags/tutorial_taskflow_api.py
[2023-08-26T02:30:45.936+0000] {logging_mixin.py:150} INFO - [2023-08-26T02:30:45.936+0000] {dag.py:2742} INFO - Sync 1 DAGs
[2023-08-26T02:30:45.964+0000] {logging_mixin.py:150} INFO - [2023-08-26T02:30:45.964+0000] {dag.py:3508} INFO - Setting next_dagrun for tutorial_taskflow_api to None, run_after=None
[2023-08-26T02:30:46.002+0000] {processor.py:179} INFO - Processing /home/airflow/.local/lib/python3.7/site-packages/airflow/example_dags/tutorial_taskflow_api.py took 0.106 seconds
[2023-08-26T02:31:16.690+0000] {processor.py:157} INFO - Started process (PID=4660) to work on /home/airflow/.local/lib/python3.7/site-packages/airflow/example_dags/tutorial_taskflow_api.py
[2023-08-26T02:31:16.691+0000] {processor.py:826} INFO - Processing file /home/airflow/.local/lib/python3.7/site-packages/airflow/example_dags/tutorial_taskflow_api.py for tasks to queue
[2023-08-26T02:31:16.693+0000] {logging_mixin.py:150} INFO - [2023-08-26T02:31:16.692+0000] {dagbag.py:541} INFO - Filling up the DagBag from /home/airflow/.local/lib/python3.7/site-packages/airflow/example_dags/tutorial_taskflow_api.py
[2023-08-26T02:31:16.699+0000] {processor.py:836} INFO - DAG(s) dict_keys(['tutorial_taskflow_api']) retrieved from /home/airflow/.local/lib/python3.7/site-packages/airflow/example_dags/tutorial_taskflow_api.py
[2023-08-26T02:31:16.725+0000] {logging_mixin.py:150} INFO - [2023-08-26T02:31:16.724+0000] {dag.py:2742} INFO - Sync 1 DAGs
[2023-08-26T02:31:16.753+0000] {logging_mixin.py:150} INFO - [2023-08-26T02:31:16.753+0000] {dag.py:3508} INFO - Setting next_dagrun for tutorial_taskflow_api to None, run_after=None
[2023-08-26T02:31:16.792+0000] {processor.py:179} INFO - Processing /home/airflow/.local/lib/python3.7/site-packages/airflow/example_dags/tutorial_taskflow_api.py took 0.106 seconds
[2023-08-26T02:31:47.270+0000] {processor.py:157} INFO - Started process (PID=4740) to work on /home/airflow/.local/lib/python3.7/site-packages/airflow/example_dags/tutorial_taskflow_api.py
[2023-08-26T02:31:47.271+0000] {processor.py:826} INFO - Processing file /home/airflow/.local/lib/python3.7/site-packages/airflow/example_dags/tutorial_taskflow_api.py for tasks to queue
[2023-08-26T02:31:47.272+0000] {logging_mixin.py:150} INFO - [2023-08-26T02:31:47.272+0000] {dagbag.py:541} INFO - Filling up the DagBag from /home/airflow/.local/lib/python3.7/site-packages/airflow/example_dags/tutorial_taskflow_api.py
[2023-08-26T02:31:47.279+0000] {processor.py:836} INFO - DAG(s) dict_keys(['tutorial_taskflow_api']) retrieved from /home/airflow/.local/lib/python3.7/site-packages/airflow/example_dags/tutorial_taskflow_api.py
[2023-08-26T02:31:47.306+0000] {logging_mixin.py:150} INFO - [2023-08-26T02:31:47.306+0000] {dag.py:2742} INFO - Sync 1 DAGs
[2023-08-26T02:31:47.334+0000] {logging_mixin.py:150} INFO - [2023-08-26T02:31:47.334+0000] {dag.py:3508} INFO - Setting next_dagrun for tutorial_taskflow_api to None, run_after=None
[2023-08-26T02:31:47.371+0000] {processor.py:179} INFO - Processing /home/airflow/.local/lib/python3.7/site-packages/airflow/example_dags/tutorial_taskflow_api.py took 0.104 seconds
[2023-08-26T02:32:17.714+0000] {processor.py:157} INFO - Started process (PID=4819) to work on /home/airflow/.local/lib/python3.7/site-packages/airflow/example_dags/tutorial_taskflow_api.py
[2023-08-26T02:32:17.715+0000] {processor.py:826} INFO - Processing file /home/airflow/.local/lib/python3.7/site-packages/airflow/example_dags/tutorial_taskflow_api.py for tasks to queue
[2023-08-26T02:32:17.716+0000] {logging_mixin.py:150} INFO - [2023-08-26T02:32:17.716+0000] {dagbag.py:541} INFO - Filling up the DagBag from /home/airflow/.local/lib/python3.7/site-packages/airflow/example_dags/tutorial_taskflow_api.py
[2023-08-26T02:32:17.723+0000] {processor.py:836} INFO - DAG(s) dict_keys(['tutorial_taskflow_api']) retrieved from /home/airflow/.local/lib/python3.7/site-packages/airflow/example_dags/tutorial_taskflow_api.py
[2023-08-26T02:32:17.747+0000] {logging_mixin.py:150} INFO - [2023-08-26T02:32:17.747+0000] {dag.py:2742} INFO - Sync 1 DAGs
[2023-08-26T02:32:17.774+0000] {logging_mixin.py:150} INFO - [2023-08-26T02:32:17.774+0000] {dag.py:3508} INFO - Setting next_dagrun for tutorial_taskflow_api to None, run_after=None
[2023-08-26T02:32:17.811+0000] {processor.py:179} INFO - Processing /home/airflow/.local/lib/python3.7/site-packages/airflow/example_dags/tutorial_taskflow_api.py took 0.101 seconds
[2023-08-26T02:32:48.644+0000] {processor.py:157} INFO - Started process (PID=4898) to work on /home/airflow/.local/lib/python3.7/site-packages/airflow/example_dags/tutorial_taskflow_api.py
[2023-08-26T02:32:48.645+0000] {processor.py:826} INFO - Processing file /home/airflow/.local/lib/python3.7/site-packages/airflow/example_dags/tutorial_taskflow_api.py for tasks to queue
[2023-08-26T02:32:48.646+0000] {logging_mixin.py:150} INFO - [2023-08-26T02:32:48.646+0000] {dagbag.py:541} INFO - Filling up the DagBag from /home/airflow/.local/lib/python3.7/site-packages/airflow/example_dags/tutorial_taskflow_api.py
[2023-08-26T02:32:48.653+0000] {processor.py:836} INFO - DAG(s) dict_keys(['tutorial_taskflow_api']) retrieved from /home/airflow/.local/lib/python3.7/site-packages/airflow/example_dags/tutorial_taskflow_api.py
[2023-08-26T02:32:48.680+0000] {logging_mixin.py:150} INFO - [2023-08-26T02:32:48.679+0000] {dag.py:2742} INFO - Sync 1 DAGs
[2023-08-26T02:32:48.707+0000] {logging_mixin.py:150} INFO - [2023-08-26T02:32:48.707+0000] {dag.py:3508} INFO - Setting next_dagrun for tutorial_taskflow_api to None, run_after=None
[2023-08-26T02:32:48.746+0000] {processor.py:179} INFO - Processing /home/airflow/.local/lib/python3.7/site-packages/airflow/example_dags/tutorial_taskflow_api.py took 0.105 seconds
[2023-08-26T02:33:19.394+0000] {processor.py:157} INFO - Started process (PID=4977) to work on /home/airflow/.local/lib/python3.7/site-packages/airflow/example_dags/tutorial_taskflow_api.py
[2023-08-26T02:33:19.395+0000] {processor.py:826} INFO - Processing file /home/airflow/.local/lib/python3.7/site-packages/airflow/example_dags/tutorial_taskflow_api.py for tasks to queue
[2023-08-26T02:33:19.396+0000] {logging_mixin.py:150} INFO - [2023-08-26T02:33:19.396+0000] {dagbag.py:541} INFO - Filling up the DagBag from /home/airflow/.local/lib/python3.7/site-packages/airflow/example_dags/tutorial_taskflow_api.py
[2023-08-26T02:33:19.403+0000] {processor.py:836} INFO - DAG(s) dict_keys(['tutorial_taskflow_api']) retrieved from /home/airflow/.local/lib/python3.7/site-packages/airflow/example_dags/tutorial_taskflow_api.py
[2023-08-26T02:33:19.430+0000] {logging_mixin.py:150} INFO - [2023-08-26T02:33:19.430+0000] {dag.py:2742} INFO - Sync 1 DAGs
[2023-08-26T02:33:19.459+0000] {logging_mixin.py:150} INFO - [2023-08-26T02:33:19.459+0000] {dag.py:3508} INFO - Setting next_dagrun for tutorial_taskflow_api to None, run_after=None
[2023-08-26T02:33:19.507+0000] {processor.py:179} INFO - Processing /home/airflow/.local/lib/python3.7/site-packages/airflow/example_dags/tutorial_taskflow_api.py took 0.117 seconds
[2023-08-26T02:33:49.897+0000] {processor.py:157} INFO - Started process (PID=5056) to work on /home/airflow/.local/lib/python3.7/site-packages/airflow/example_dags/tutorial_taskflow_api.py
[2023-08-26T02:33:49.899+0000] {processor.py:826} INFO - Processing file /home/airflow/.local/lib/python3.7/site-packages/airflow/example_dags/tutorial_taskflow_api.py for tasks to queue
[2023-08-26T02:33:49.900+0000] {logging_mixin.py:150} INFO - [2023-08-26T02:33:49.900+0000] {dagbag.py:541} INFO - Filling up the DagBag from /home/airflow/.local/lib/python3.7/site-packages/airflow/example_dags/tutorial_taskflow_api.py
[2023-08-26T02:33:49.907+0000] {processor.py:836} INFO - DAG(s) dict_keys(['tutorial_taskflow_api']) retrieved from /home/airflow/.local/lib/python3.7/site-packages/airflow/example_dags/tutorial_taskflow_api.py
[2023-08-26T02:33:49.933+0000] {logging_mixin.py:150} INFO - [2023-08-26T02:33:49.933+0000] {dag.py:2742} INFO - Sync 1 DAGs
[2023-08-26T02:33:49.961+0000] {logging_mixin.py:150} INFO - [2023-08-26T02:33:49.961+0000] {dag.py:3508} INFO - Setting next_dagrun for tutorial_taskflow_api to None, run_after=None
[2023-08-26T02:33:50.019+0000] {processor.py:179} INFO - Processing /home/airflow/.local/lib/python3.7/site-packages/airflow/example_dags/tutorial_taskflow_api.py took 0.125 seconds
[2023-08-26T02:34:20.876+0000] {processor.py:157} INFO - Started process (PID=5135) to work on /home/airflow/.local/lib/python3.7/site-packages/airflow/example_dags/tutorial_taskflow_api.py
[2023-08-26T02:34:20.877+0000] {processor.py:826} INFO - Processing file /home/airflow/.local/lib/python3.7/site-packages/airflow/example_dags/tutorial_taskflow_api.py for tasks to queue
[2023-08-26T02:34:20.878+0000] {logging_mixin.py:150} INFO - [2023-08-26T02:34:20.878+0000] {dagbag.py:541} INFO - Filling up the DagBag from /home/airflow/.local/lib/python3.7/site-packages/airflow/example_dags/tutorial_taskflow_api.py
[2023-08-26T02:34:20.885+0000] {processor.py:836} INFO - DAG(s) dict_keys(['tutorial_taskflow_api']) retrieved from /home/airflow/.local/lib/python3.7/site-packages/airflow/example_dags/tutorial_taskflow_api.py
[2023-08-26T02:34:20.911+0000] {logging_mixin.py:150} INFO - [2023-08-26T02:34:20.911+0000] {dag.py:2742} INFO - Sync 1 DAGs
[2023-08-26T02:34:20.940+0000] {logging_mixin.py:150} INFO - [2023-08-26T02:34:20.940+0000] {dag.py:3508} INFO - Setting next_dagrun for tutorial_taskflow_api to None, run_after=None
[2023-08-26T02:34:20.980+0000] {processor.py:179} INFO - Processing /home/airflow/.local/lib/python3.7/site-packages/airflow/example_dags/tutorial_taskflow_api.py took 0.108 seconds
[2023-08-26T02:34:51.034+0000] {processor.py:157} INFO - Started process (PID=5214) to work on /home/airflow/.local/lib/python3.7/site-packages/airflow/example_dags/tutorial_taskflow_api.py
[2023-08-26T02:34:51.035+0000] {processor.py:826} INFO - Processing file /home/airflow/.local/lib/python3.7/site-packages/airflow/example_dags/tutorial_taskflow_api.py for tasks to queue
[2023-08-26T02:34:51.037+0000] {logging_mixin.py:150} INFO - [2023-08-26T02:34:51.036+0000] {dagbag.py:541} INFO - Filling up the DagBag from /home/airflow/.local/lib/python3.7/site-packages/airflow/example_dags/tutorial_taskflow_api.py
[2023-08-26T02:34:51.043+0000] {processor.py:836} INFO - DAG(s) dict_keys(['tutorial_taskflow_api']) retrieved from /home/airflow/.local/lib/python3.7/site-packages/airflow/example_dags/tutorial_taskflow_api.py
[2023-08-26T02:34:51.068+0000] {logging_mixin.py:150} INFO - [2023-08-26T02:34:51.067+0000] {dag.py:2742} INFO - Sync 1 DAGs
[2023-08-26T02:34:51.093+0000] {logging_mixin.py:150} INFO - [2023-08-26T02:34:51.093+0000] {dag.py:3508} INFO - Setting next_dagrun for tutorial_taskflow_api to None, run_after=None
[2023-08-26T02:34:51.129+0000] {processor.py:179} INFO - Processing /home/airflow/.local/lib/python3.7/site-packages/airflow/example_dags/tutorial_taskflow_api.py took 0.099 seconds
[2023-08-26T02:35:21.355+0000] {processor.py:157} INFO - Started process (PID=5293) to work on /home/airflow/.local/lib/python3.7/site-packages/airflow/example_dags/tutorial_taskflow_api.py
[2023-08-26T02:35:21.356+0000] {processor.py:826} INFO - Processing file /home/airflow/.local/lib/python3.7/site-packages/airflow/example_dags/tutorial_taskflow_api.py for tasks to queue
[2023-08-26T02:35:21.357+0000] {logging_mixin.py:150} INFO - [2023-08-26T02:35:21.356+0000] {dagbag.py:541} INFO - Filling up the DagBag from /home/airflow/.local/lib/python3.7/site-packages/airflow/example_dags/tutorial_taskflow_api.py
[2023-08-26T02:35:21.365+0000] {processor.py:836} INFO - DAG(s) dict_keys(['tutorial_taskflow_api']) retrieved from /home/airflow/.local/lib/python3.7/site-packages/airflow/example_dags/tutorial_taskflow_api.py
[2023-08-26T02:35:21.394+0000] {logging_mixin.py:150} INFO - [2023-08-26T02:35:21.394+0000] {dag.py:2742} INFO - Sync 1 DAGs
[2023-08-26T02:35:21.428+0000] {logging_mixin.py:150} INFO - [2023-08-26T02:35:21.428+0000] {dag.py:3508} INFO - Setting next_dagrun for tutorial_taskflow_api to None, run_after=None
[2023-08-26T02:35:21.486+0000] {processor.py:179} INFO - Processing /home/airflow/.local/lib/python3.7/site-packages/airflow/example_dags/tutorial_taskflow_api.py took 0.135 seconds
