[2023-08-25T01:37:10.822+0000] {logging_mixin.py:150} INFO - Changing /opt/***/logs/dag_id=dags_python_with_op_kwargs/run_id=manual__2023-08-25T01:37:08.472442+00:00/task_id=register2_t1 permission to 509
[2023-08-25T01:37:10.823+0000] {logging_mixin.py:150} INFO - Failed to change /opt/***/logs/dag_id=dags_python_with_op_kwargs/run_id=manual__2023-08-25T01:37:08.472442+00:00/task_id=register2_t1 permission to 509: [Errno 1] Operation not permitted: '/opt/***/logs/dag_id=dags_python_with_op_kwargs/run_id=manual__2023-08-25T01:37:08.472442+00:00/task_id=register2_t1'
[2023-08-25T01:37:10.920+0000] {logging_mixin.py:150} INFO - Changing /opt/***/logs/dag_id=dags_python_with_op_kwargs/run_id=manual__2023-08-25T01:37:08.472442+00:00/task_id=register2_t1 permission to 509
[2023-08-25T01:37:10.923+0000] {logging_mixin.py:150} INFO - Failed to change /opt/***/logs/dag_id=dags_python_with_op_kwargs/run_id=manual__2023-08-25T01:37:08.472442+00:00/task_id=register2_t1 permission to 509: [Errno 1] Operation not permitted: '/opt/***/logs/dag_id=dags_python_with_op_kwargs/run_id=manual__2023-08-25T01:37:08.472442+00:00/task_id=register2_t1'
[2023-08-25T01:37:11.174+0000] {taskinstance.py:1103} INFO - Dependencies all met for dep_context=non-requeueable deps ti=<TaskInstance: dags_python_with_op_kwargs.register2_t1 manual__2023-08-25T01:37:08.472442+00:00 [queued]>
[2023-08-25T01:37:11.186+0000] {taskinstance.py:1103} INFO - Dependencies all met for dep_context=requeueable deps ti=<TaskInstance: dags_python_with_op_kwargs.register2_t1 manual__2023-08-25T01:37:08.472442+00:00 [queued]>
[2023-08-25T01:37:11.187+0000] {taskinstance.py:1308} INFO - Starting attempt 1 of 1
[2023-08-25T01:37:11.226+0000] {taskinstance.py:1327} INFO - Executing <Task(PythonOperator): register2_t1> on 2023-08-25 01:37:08.472442+00:00
[2023-08-25T01:37:11.232+0000] {standard_task_runner.py:57} INFO - Started process 168 to run task
[2023-08-25T01:37:11.236+0000] {standard_task_runner.py:84} INFO - Running: ['***', 'tasks', 'run', 'dags_python_with_op_kwargs', 'register2_t1', 'manual__2023-08-25T01:37:08.472442+00:00', '--job-id', '36', '--raw', '--subdir', 'DAGS_FOLDER/dags_python_with_op_kwargs.py', '--cfg-path', '/tmp/tmpw5t5vasi']
[2023-08-25T01:37:11.239+0000] {standard_task_runner.py:85} INFO - Job 36: Subtask register2_t1
[2023-08-25T01:37:11.380+0000] {logging_mixin.py:150} INFO - Changing /opt/***/logs/dag_id=dags_python_with_op_kwargs/run_id=manual__2023-08-25T01:37:08.472442+00:00/task_id=register2_t1 permission to 509
[2023-08-25T01:37:11.383+0000] {logging_mixin.py:150} INFO - Failed to change /opt/***/logs/dag_id=dags_python_with_op_kwargs/run_id=manual__2023-08-25T01:37:08.472442+00:00/task_id=register2_t1 permission to 509: [Errno 1] Operation not permitted: '/opt/***/logs/dag_id=dags_python_with_op_kwargs/run_id=manual__2023-08-25T01:37:08.472442+00:00/task_id=register2_t1'
[2023-08-25T01:37:11.389+0000] {task_command.py:410} INFO - Running <TaskInstance: dags_python_with_op_kwargs.register2_t1 manual__2023-08-25T01:37:08.472442+00:00 [running]> on host 07fcf706bef2
[2023-08-25T01:37:11.753+0000] {taskinstance.py:1547} INFO - Exporting env vars: AIRFLOW_CTX_DAG_OWNER='***' AIRFLOW_CTX_DAG_ID='dags_python_with_op_kwargs' AIRFLOW_CTX_TASK_ID='register2_t1' AIRFLOW_CTX_EXECUTION_DATE='2023-08-25T01:37:08.472442+00:00' AIRFLOW_CTX_TRY_NUMBER='1' AIRFLOW_CTX_DAG_RUN_ID='manual__2023-08-25T01:37:08.472442+00:00'
[2023-08-25T01:37:11.755+0000] {logging_mixin.py:150} INFO - 이름:allu
[2023-08-25T01:37:11.756+0000] {logging_mixin.py:150} INFO - 성별:male
[2023-08-25T01:37:11.756+0000] {logging_mixin.py:150} INFO - 기타옵션들:('korea', 'seoul')
[2023-08-25T01:37:11.757+0000] {logging_mixin.py:150} INFO - hockey9322@naver.com
[2023-08-25T01:37:11.757+0000] {logging_mixin.py:150} INFO - 010
[2023-08-25T01:37:11.758+0000] {python.py:183} INFO - Done. Returned value was: None
[2023-08-25T01:37:11.768+0000] {taskinstance.py:1350} INFO - Marking task as SUCCESS. dag_id=dags_python_with_op_kwargs, task_id=register2_t1, execution_date=20230825T013708, start_date=20230825T013711, end_date=20230825T013711
[2023-08-25T01:37:11.810+0000] {local_task_job_runner.py:225} INFO - Task exited with return code 0
[2023-08-25T01:37:11.828+0000] {taskinstance.py:2653} INFO - 0 downstream tasks scheduled from follow-on schedule check
