[2023-08-29T00:52:06.944+0000] {processor.py:157} INFO - Started process (PID=37) to work on /opt/airflow/dags/dags_bash_with_macro_eg2.py
[2023-08-29T00:52:06.945+0000] {processor.py:826} INFO - Processing file /opt/airflow/dags/dags_bash_with_macro_eg2.py for tasks to queue
[2023-08-29T00:52:06.946+0000] {logging_mixin.py:150} INFO - [2023-08-29T00:52:06.946+0000] {dagbag.py:541} INFO - Filling up the DagBag from /opt/airflow/dags/dags_bash_with_macro_eg2.py
[2023-08-29T00:52:06.976+0000] {processor.py:836} INFO - DAG(s) dict_keys(['dags_bash_with_macro_eg2']) retrieved from /opt/airflow/dags/dags_bash_with_macro_eg2.py
[2023-08-29T00:52:07.228+0000] {logging_mixin.py:150} INFO - [2023-08-29T00:52:07.228+0000] {dag.py:2742} INFO - Sync 1 DAGs
[2023-08-29T00:52:07.270+0000] {logging_mixin.py:150} INFO - [2023-08-29T00:52:07.270+0000] {dag.py:3508} INFO - Setting next_dagrun for dags_bash_with_macro_eg2 to 2023-08-12T00:10:00+00:00, run_after=2023-09-09T00:10:00+00:00
[2023-08-29T00:52:07.313+0000] {processor.py:179} INFO - Processing /opt/airflow/dags/dags_bash_with_macro_eg2.py took 0.373 seconds
[2023-08-29T00:52:37.926+0000] {processor.py:157} INFO - Started process (PID=126) to work on /opt/airflow/dags/dags_bash_with_macro_eg2.py
[2023-08-29T00:52:37.928+0000] {processor.py:826} INFO - Processing file /opt/airflow/dags/dags_bash_with_macro_eg2.py for tasks to queue
[2023-08-29T00:52:37.930+0000] {logging_mixin.py:150} INFO - [2023-08-29T00:52:37.929+0000] {dagbag.py:541} INFO - Filling up the DagBag from /opt/airflow/dags/dags_bash_with_macro_eg2.py
[2023-08-29T00:52:37.971+0000] {processor.py:836} INFO - DAG(s) dict_keys(['dags_bash_with_macro_eg2']) retrieved from /opt/airflow/dags/dags_bash_with_macro_eg2.py
[2023-08-29T00:52:37.999+0000] {logging_mixin.py:150} INFO - [2023-08-29T00:52:37.999+0000] {dag.py:2742} INFO - Sync 1 DAGs
[2023-08-29T00:52:38.034+0000] {logging_mixin.py:150} INFO - [2023-08-29T00:52:38.033+0000] {dag.py:3508} INFO - Setting next_dagrun for dags_bash_with_macro_eg2 to 2023-08-12T00:10:00+00:00, run_after=2023-09-09T00:10:00+00:00
[2023-08-29T00:52:38.131+0000] {processor.py:179} INFO - Processing /opt/airflow/dags/dags_bash_with_macro_eg2.py took 0.212 seconds
[2023-08-29T00:53:08.377+0000] {processor.py:157} INFO - Started process (PID=216) to work on /opt/airflow/dags/dags_bash_with_macro_eg2.py
[2023-08-29T00:53:08.378+0000] {processor.py:826} INFO - Processing file /opt/airflow/dags/dags_bash_with_macro_eg2.py for tasks to queue
[2023-08-29T00:53:08.379+0000] {logging_mixin.py:150} INFO - [2023-08-29T00:53:08.379+0000] {dagbag.py:541} INFO - Filling up the DagBag from /opt/airflow/dags/dags_bash_with_macro_eg2.py
[2023-08-29T00:53:08.408+0000] {processor.py:836} INFO - DAG(s) dict_keys(['dags_bash_with_macro_eg2']) retrieved from /opt/airflow/dags/dags_bash_with_macro_eg2.py
[2023-08-29T00:53:08.429+0000] {logging_mixin.py:150} INFO - [2023-08-29T00:53:08.429+0000] {dag.py:2742} INFO - Sync 1 DAGs
[2023-08-29T00:53:08.467+0000] {logging_mixin.py:150} INFO - [2023-08-29T00:53:08.467+0000] {dag.py:3508} INFO - Setting next_dagrun for dags_bash_with_macro_eg2 to 2023-08-12T00:10:00+00:00, run_after=2023-09-09T00:10:00+00:00
[2023-08-29T00:53:08.515+0000] {processor.py:179} INFO - Processing /opt/airflow/dags/dags_bash_with_macro_eg2.py took 0.142 seconds
[2023-08-29T00:53:38.977+0000] {processor.py:157} INFO - Started process (PID=305) to work on /opt/airflow/dags/dags_bash_with_macro_eg2.py
[2023-08-29T00:53:38.978+0000] {processor.py:826} INFO - Processing file /opt/airflow/dags/dags_bash_with_macro_eg2.py for tasks to queue
[2023-08-29T00:53:38.979+0000] {logging_mixin.py:150} INFO - [2023-08-29T00:53:38.979+0000] {dagbag.py:541} INFO - Filling up the DagBag from /opt/airflow/dags/dags_bash_with_macro_eg2.py
[2023-08-29T00:53:39.010+0000] {processor.py:836} INFO - DAG(s) dict_keys(['dags_bash_with_macro_eg2']) retrieved from /opt/airflow/dags/dags_bash_with_macro_eg2.py
[2023-08-29T00:53:39.033+0000] {logging_mixin.py:150} INFO - [2023-08-29T00:53:39.033+0000] {dag.py:2742} INFO - Sync 1 DAGs
[2023-08-29T00:53:39.066+0000] {logging_mixin.py:150} INFO - [2023-08-29T00:53:39.066+0000] {dag.py:3508} INFO - Setting next_dagrun for dags_bash_with_macro_eg2 to 2023-08-12T00:10:00+00:00, run_after=2023-09-09T00:10:00+00:00
[2023-08-29T00:53:39.109+0000] {processor.py:179} INFO - Processing /opt/airflow/dags/dags_bash_with_macro_eg2.py took 0.136 seconds
[2023-08-29T00:54:09.663+0000] {processor.py:157} INFO - Started process (PID=394) to work on /opt/airflow/dags/dags_bash_with_macro_eg2.py
[2023-08-29T00:54:09.664+0000] {processor.py:826} INFO - Processing file /opt/airflow/dags/dags_bash_with_macro_eg2.py for tasks to queue
[2023-08-29T00:54:09.666+0000] {logging_mixin.py:150} INFO - [2023-08-29T00:54:09.665+0000] {dagbag.py:541} INFO - Filling up the DagBag from /opt/airflow/dags/dags_bash_with_macro_eg2.py
[2023-08-29T00:54:09.698+0000] {processor.py:836} INFO - DAG(s) dict_keys(['dags_bash_with_macro_eg2']) retrieved from /opt/airflow/dags/dags_bash_with_macro_eg2.py
[2023-08-29T00:54:09.722+0000] {logging_mixin.py:150} INFO - [2023-08-29T00:54:09.722+0000] {dag.py:2742} INFO - Sync 1 DAGs
[2023-08-29T00:54:09.756+0000] {logging_mixin.py:150} INFO - [2023-08-29T00:54:09.755+0000] {dag.py:3508} INFO - Setting next_dagrun for dags_bash_with_macro_eg2 to 2023-08-12T00:10:00+00:00, run_after=2023-09-09T00:10:00+00:00
[2023-08-29T00:54:09.853+0000] {processor.py:179} INFO - Processing /opt/airflow/dags/dags_bash_with_macro_eg2.py took 0.193 seconds
[2023-08-29T00:54:40.270+0000] {processor.py:157} INFO - Started process (PID=483) to work on /opt/airflow/dags/dags_bash_with_macro_eg2.py
[2023-08-29T00:54:40.271+0000] {processor.py:826} INFO - Processing file /opt/airflow/dags/dags_bash_with_macro_eg2.py for tasks to queue
[2023-08-29T00:54:40.272+0000] {logging_mixin.py:150} INFO - [2023-08-29T00:54:40.272+0000] {dagbag.py:541} INFO - Filling up the DagBag from /opt/airflow/dags/dags_bash_with_macro_eg2.py
[2023-08-29T00:54:40.300+0000] {processor.py:836} INFO - DAG(s) dict_keys(['dags_bash_with_macro_eg2']) retrieved from /opt/airflow/dags/dags_bash_with_macro_eg2.py
[2023-08-29T00:54:40.324+0000] {logging_mixin.py:150} INFO - [2023-08-29T00:54:40.323+0000] {dag.py:2742} INFO - Sync 1 DAGs
[2023-08-29T00:54:40.353+0000] {logging_mixin.py:150} INFO - [2023-08-29T00:54:40.353+0000] {dag.py:3508} INFO - Setting next_dagrun for dags_bash_with_macro_eg2 to 2023-08-12T00:10:00+00:00, run_after=2023-09-09T00:10:00+00:00
[2023-08-29T00:54:40.397+0000] {processor.py:179} INFO - Processing /opt/airflow/dags/dags_bash_with_macro_eg2.py took 0.131 seconds
[2023-08-29T00:55:10.777+0000] {processor.py:157} INFO - Started process (PID=572) to work on /opt/airflow/dags/dags_bash_with_macro_eg2.py
[2023-08-29T00:55:10.778+0000] {processor.py:826} INFO - Processing file /opt/airflow/dags/dags_bash_with_macro_eg2.py for tasks to queue
[2023-08-29T00:55:10.779+0000] {logging_mixin.py:150} INFO - [2023-08-29T00:55:10.779+0000] {dagbag.py:541} INFO - Filling up the DagBag from /opt/airflow/dags/dags_bash_with_macro_eg2.py
[2023-08-29T00:55:10.805+0000] {processor.py:836} INFO - DAG(s) dict_keys(['dags_bash_with_macro_eg2']) retrieved from /opt/airflow/dags/dags_bash_with_macro_eg2.py
[2023-08-29T00:55:10.827+0000] {logging_mixin.py:150} INFO - [2023-08-29T00:55:10.826+0000] {dag.py:2742} INFO - Sync 1 DAGs
[2023-08-29T00:55:10.854+0000] {logging_mixin.py:150} INFO - [2023-08-29T00:55:10.854+0000] {dag.py:3508} INFO - Setting next_dagrun for dags_bash_with_macro_eg2 to 2023-08-12T00:10:00+00:00, run_after=2023-09-09T00:10:00+00:00
[2023-08-29T00:55:10.893+0000] {processor.py:179} INFO - Processing /opt/airflow/dags/dags_bash_with_macro_eg2.py took 0.120 seconds
[2023-08-29T00:55:41.193+0000] {processor.py:157} INFO - Started process (PID=661) to work on /opt/airflow/dags/dags_bash_with_macro_eg2.py
[2023-08-29T00:55:41.194+0000] {processor.py:826} INFO - Processing file /opt/airflow/dags/dags_bash_with_macro_eg2.py for tasks to queue
[2023-08-29T00:55:41.196+0000] {logging_mixin.py:150} INFO - [2023-08-29T00:55:41.195+0000] {dagbag.py:541} INFO - Filling up the DagBag from /opt/airflow/dags/dags_bash_with_macro_eg2.py
[2023-08-29T00:55:41.227+0000] {processor.py:836} INFO - DAG(s) dict_keys(['dags_bash_with_macro_eg2']) retrieved from /opt/airflow/dags/dags_bash_with_macro_eg2.py
[2023-08-29T00:55:41.251+0000] {logging_mixin.py:150} INFO - [2023-08-29T00:55:41.250+0000] {dag.py:2742} INFO - Sync 1 DAGs
[2023-08-29T00:55:41.281+0000] {logging_mixin.py:150} INFO - [2023-08-29T00:55:41.281+0000] {dag.py:3508} INFO - Setting next_dagrun for dags_bash_with_macro_eg2 to 2023-08-12T00:10:00+00:00, run_after=2023-09-09T00:10:00+00:00
[2023-08-29T00:55:41.321+0000] {processor.py:179} INFO - Processing /opt/airflow/dags/dags_bash_with_macro_eg2.py took 0.132 seconds
[2023-08-29T00:56:11.669+0000] {processor.py:157} INFO - Started process (PID=750) to work on /opt/airflow/dags/dags_bash_with_macro_eg2.py
[2023-08-29T00:56:11.670+0000] {processor.py:826} INFO - Processing file /opt/airflow/dags/dags_bash_with_macro_eg2.py for tasks to queue
[2023-08-29T00:56:11.672+0000] {logging_mixin.py:150} INFO - [2023-08-29T00:56:11.671+0000] {dagbag.py:541} INFO - Filling up the DagBag from /opt/airflow/dags/dags_bash_with_macro_eg2.py
[2023-08-29T00:56:11.703+0000] {processor.py:836} INFO - DAG(s) dict_keys(['dags_bash_with_macro_eg2']) retrieved from /opt/airflow/dags/dags_bash_with_macro_eg2.py
[2023-08-29T00:56:11.734+0000] {logging_mixin.py:150} INFO - [2023-08-29T00:56:11.734+0000] {dag.py:2742} INFO - Sync 1 DAGs
[2023-08-29T00:56:11.769+0000] {logging_mixin.py:150} INFO - [2023-08-29T00:56:11.769+0000] {dag.py:3508} INFO - Setting next_dagrun for dags_bash_with_macro_eg2 to 2023-08-12T00:10:00+00:00, run_after=2023-09-09T00:10:00+00:00
[2023-08-29T00:56:11.826+0000] {processor.py:179} INFO - Processing /opt/airflow/dags/dags_bash_with_macro_eg2.py took 0.159 seconds
[2023-08-29T00:56:42.326+0000] {processor.py:157} INFO - Started process (PID=839) to work on /opt/airflow/dags/dags_bash_with_macro_eg2.py
[2023-08-29T00:56:42.327+0000] {processor.py:826} INFO - Processing file /opt/airflow/dags/dags_bash_with_macro_eg2.py for tasks to queue
[2023-08-29T00:56:42.328+0000] {logging_mixin.py:150} INFO - [2023-08-29T00:56:42.328+0000] {dagbag.py:541} INFO - Filling up the DagBag from /opt/airflow/dags/dags_bash_with_macro_eg2.py
[2023-08-29T00:56:42.355+0000] {processor.py:836} INFO - DAG(s) dict_keys(['dags_bash_with_macro_eg2']) retrieved from /opt/airflow/dags/dags_bash_with_macro_eg2.py
[2023-08-29T00:56:42.378+0000] {logging_mixin.py:150} INFO - [2023-08-29T00:56:42.377+0000] {dag.py:2742} INFO - Sync 1 DAGs
[2023-08-29T00:56:42.405+0000] {logging_mixin.py:150} INFO - [2023-08-29T00:56:42.405+0000] {dag.py:3508} INFO - Setting next_dagrun for dags_bash_with_macro_eg2 to 2023-08-12T00:10:00+00:00, run_after=2023-09-09T00:10:00+00:00
[2023-08-29T00:56:42.446+0000] {processor.py:179} INFO - Processing /opt/airflow/dags/dags_bash_with_macro_eg2.py took 0.123 seconds
[2023-08-29T00:57:12.909+0000] {processor.py:157} INFO - Started process (PID=928) to work on /opt/airflow/dags/dags_bash_with_macro_eg2.py
[2023-08-29T00:57:12.910+0000] {processor.py:826} INFO - Processing file /opt/airflow/dags/dags_bash_with_macro_eg2.py for tasks to queue
[2023-08-29T00:57:12.911+0000] {logging_mixin.py:150} INFO - [2023-08-29T00:57:12.911+0000] {dagbag.py:541} INFO - Filling up the DagBag from /opt/airflow/dags/dags_bash_with_macro_eg2.py
[2023-08-29T00:57:12.935+0000] {processor.py:836} INFO - DAG(s) dict_keys(['dags_bash_with_macro_eg2']) retrieved from /opt/airflow/dags/dags_bash_with_macro_eg2.py
[2023-08-29T00:57:12.956+0000] {logging_mixin.py:150} INFO - [2023-08-29T00:57:12.956+0000] {dag.py:2742} INFO - Sync 1 DAGs
[2023-08-29T00:57:12.983+0000] {logging_mixin.py:150} INFO - [2023-08-29T00:57:12.983+0000] {dag.py:3508} INFO - Setting next_dagrun for dags_bash_with_macro_eg2 to 2023-08-12T00:10:00+00:00, run_after=2023-09-09T00:10:00+00:00
[2023-08-29T00:57:13.019+0000] {processor.py:179} INFO - Processing /opt/airflow/dags/dags_bash_with_macro_eg2.py took 0.112 seconds
[2023-08-29T00:57:43.240+0000] {processor.py:157} INFO - Started process (PID=1017) to work on /opt/airflow/dags/dags_bash_with_macro_eg2.py
[2023-08-29T00:57:43.242+0000] {processor.py:826} INFO - Processing file /opt/airflow/dags/dags_bash_with_macro_eg2.py for tasks to queue
[2023-08-29T00:57:43.243+0000] {logging_mixin.py:150} INFO - [2023-08-29T00:57:43.243+0000] {dagbag.py:541} INFO - Filling up the DagBag from /opt/airflow/dags/dags_bash_with_macro_eg2.py
[2023-08-29T00:57:43.275+0000] {processor.py:836} INFO - DAG(s) dict_keys(['dags_bash_with_macro_eg2']) retrieved from /opt/airflow/dags/dags_bash_with_macro_eg2.py
[2023-08-29T00:57:43.303+0000] {logging_mixin.py:150} INFO - [2023-08-29T00:57:43.303+0000] {dag.py:2742} INFO - Sync 1 DAGs
[2023-08-29T00:57:43.335+0000] {logging_mixin.py:150} INFO - [2023-08-29T00:57:43.335+0000] {dag.py:3508} INFO - Setting next_dagrun for dags_bash_with_macro_eg2 to 2023-08-12T00:10:00+00:00, run_after=2023-09-09T00:10:00+00:00
[2023-08-29T00:57:43.373+0000] {processor.py:179} INFO - Processing /opt/airflow/dags/dags_bash_with_macro_eg2.py took 0.136 seconds
[2023-08-29T00:58:13.622+0000] {processor.py:157} INFO - Started process (PID=1106) to work on /opt/airflow/dags/dags_bash_with_macro_eg2.py
[2023-08-29T00:58:13.623+0000] {processor.py:826} INFO - Processing file /opt/airflow/dags/dags_bash_with_macro_eg2.py for tasks to queue
[2023-08-29T00:58:13.624+0000] {logging_mixin.py:150} INFO - [2023-08-29T00:58:13.624+0000] {dagbag.py:541} INFO - Filling up the DagBag from /opt/airflow/dags/dags_bash_with_macro_eg2.py
[2023-08-29T00:58:13.662+0000] {processor.py:836} INFO - DAG(s) dict_keys(['dags_bash_with_macro_eg2']) retrieved from /opt/airflow/dags/dags_bash_with_macro_eg2.py
[2023-08-29T00:58:13.694+0000] {logging_mixin.py:150} INFO - [2023-08-29T00:58:13.694+0000] {dag.py:2742} INFO - Sync 1 DAGs
[2023-08-29T00:58:13.730+0000] {logging_mixin.py:150} INFO - [2023-08-29T00:58:13.730+0000] {dag.py:3508} INFO - Setting next_dagrun for dags_bash_with_macro_eg2 to 2023-08-12T00:10:00+00:00, run_after=2023-09-09T00:10:00+00:00
[2023-08-29T00:58:13.780+0000] {processor.py:179} INFO - Processing /opt/airflow/dags/dags_bash_with_macro_eg2.py took 0.162 seconds
[2023-08-29T00:58:44.407+0000] {processor.py:157} INFO - Started process (PID=1195) to work on /opt/airflow/dags/dags_bash_with_macro_eg2.py
[2023-08-29T00:58:44.408+0000] {processor.py:826} INFO - Processing file /opt/airflow/dags/dags_bash_with_macro_eg2.py for tasks to queue
[2023-08-29T00:58:44.409+0000] {logging_mixin.py:150} INFO - [2023-08-29T00:58:44.409+0000] {dagbag.py:541} INFO - Filling up the DagBag from /opt/airflow/dags/dags_bash_with_macro_eg2.py
[2023-08-29T00:58:44.436+0000] {processor.py:836} INFO - DAG(s) dict_keys(['dags_bash_with_macro_eg2']) retrieved from /opt/airflow/dags/dags_bash_with_macro_eg2.py
[2023-08-29T00:58:44.458+0000] {logging_mixin.py:150} INFO - [2023-08-29T00:58:44.457+0000] {dag.py:2742} INFO - Sync 1 DAGs
[2023-08-29T00:58:44.489+0000] {logging_mixin.py:150} INFO - [2023-08-29T00:58:44.489+0000] {dag.py:3508} INFO - Setting next_dagrun for dags_bash_with_macro_eg2 to 2023-08-12T00:10:00+00:00, run_after=2023-09-09T00:10:00+00:00
[2023-08-29T00:58:44.526+0000] {processor.py:179} INFO - Processing /opt/airflow/dags/dags_bash_with_macro_eg2.py took 0.123 seconds
[2023-08-29T00:59:14.873+0000] {processor.py:157} INFO - Started process (PID=1284) to work on /opt/airflow/dags/dags_bash_with_macro_eg2.py
[2023-08-29T00:59:14.874+0000] {processor.py:826} INFO - Processing file /opt/airflow/dags/dags_bash_with_macro_eg2.py for tasks to queue
[2023-08-29T00:59:14.876+0000] {logging_mixin.py:150} INFO - [2023-08-29T00:59:14.875+0000] {dagbag.py:541} INFO - Filling up the DagBag from /opt/airflow/dags/dags_bash_with_macro_eg2.py
[2023-08-29T00:59:14.902+0000] {processor.py:836} INFO - DAG(s) dict_keys(['dags_bash_with_macro_eg2']) retrieved from /opt/airflow/dags/dags_bash_with_macro_eg2.py
[2023-08-29T00:59:14.922+0000] {logging_mixin.py:150} INFO - [2023-08-29T00:59:14.922+0000] {dag.py:2742} INFO - Sync 1 DAGs
[2023-08-29T00:59:14.950+0000] {logging_mixin.py:150} INFO - [2023-08-29T00:59:14.950+0000] {dag.py:3508} INFO - Setting next_dagrun for dags_bash_with_macro_eg2 to 2023-08-12T00:10:00+00:00, run_after=2023-09-09T00:10:00+00:00
[2023-08-29T00:59:14.989+0000] {processor.py:179} INFO - Processing /opt/airflow/dags/dags_bash_with_macro_eg2.py took 0.118 seconds
[2023-08-29T00:59:45.291+0000] {processor.py:157} INFO - Started process (PID=1373) to work on /opt/airflow/dags/dags_bash_with_macro_eg2.py
[2023-08-29T00:59:45.293+0000] {processor.py:826} INFO - Processing file /opt/airflow/dags/dags_bash_with_macro_eg2.py for tasks to queue
[2023-08-29T00:59:45.294+0000] {logging_mixin.py:150} INFO - [2023-08-29T00:59:45.294+0000] {dagbag.py:541} INFO - Filling up the DagBag from /opt/airflow/dags/dags_bash_with_macro_eg2.py
[2023-08-29T00:59:45.322+0000] {processor.py:836} INFO - DAG(s) dict_keys(['dags_bash_with_macro_eg2']) retrieved from /opt/airflow/dags/dags_bash_with_macro_eg2.py
[2023-08-29T00:59:45.341+0000] {logging_mixin.py:150} INFO - [2023-08-29T00:59:45.341+0000] {dag.py:2742} INFO - Sync 1 DAGs
[2023-08-29T00:59:45.375+0000] {logging_mixin.py:150} INFO - [2023-08-29T00:59:45.375+0000] {dag.py:3508} INFO - Setting next_dagrun for dags_bash_with_macro_eg2 to 2023-08-12T00:10:00+00:00, run_after=2023-09-09T00:10:00+00:00
[2023-08-29T00:59:45.418+0000] {processor.py:179} INFO - Processing /opt/airflow/dags/dags_bash_with_macro_eg2.py took 0.130 seconds
[2023-08-29T01:00:16.058+0000] {processor.py:157} INFO - Started process (PID=1462) to work on /opt/airflow/dags/dags_bash_with_macro_eg2.py
[2023-08-29T01:00:16.059+0000] {processor.py:826} INFO - Processing file /opt/airflow/dags/dags_bash_with_macro_eg2.py for tasks to queue
[2023-08-29T01:00:16.060+0000] {logging_mixin.py:150} INFO - [2023-08-29T01:00:16.060+0000] {dagbag.py:541} INFO - Filling up the DagBag from /opt/airflow/dags/dags_bash_with_macro_eg2.py
[2023-08-29T01:00:16.089+0000] {processor.py:836} INFO - DAG(s) dict_keys(['dags_bash_with_macro_eg2']) retrieved from /opt/airflow/dags/dags_bash_with_macro_eg2.py
[2023-08-29T01:00:16.110+0000] {logging_mixin.py:150} INFO - [2023-08-29T01:00:16.110+0000] {dag.py:2742} INFO - Sync 1 DAGs
[2023-08-29T01:00:16.137+0000] {logging_mixin.py:150} INFO - [2023-08-29T01:00:16.137+0000] {dag.py:3508} INFO - Setting next_dagrun for dags_bash_with_macro_eg2 to 2023-08-12T00:10:00+00:00, run_after=2023-09-09T00:10:00+00:00
[2023-08-29T01:00:16.175+0000] {processor.py:179} INFO - Processing /opt/airflow/dags/dags_bash_with_macro_eg2.py took 0.120 seconds
[2023-08-29T01:00:46.579+0000] {processor.py:157} INFO - Started process (PID=1552) to work on /opt/airflow/dags/dags_bash_with_macro_eg2.py
[2023-08-29T01:00:46.580+0000] {processor.py:826} INFO - Processing file /opt/airflow/dags/dags_bash_with_macro_eg2.py for tasks to queue
[2023-08-29T01:00:46.582+0000] {logging_mixin.py:150} INFO - [2023-08-29T01:00:46.581+0000] {dagbag.py:541} INFO - Filling up the DagBag from /opt/airflow/dags/dags_bash_with_macro_eg2.py
[2023-08-29T01:00:46.612+0000] {processor.py:836} INFO - DAG(s) dict_keys(['dags_bash_with_macro_eg2']) retrieved from /opt/airflow/dags/dags_bash_with_macro_eg2.py
[2023-08-29T01:00:46.633+0000] {logging_mixin.py:150} INFO - [2023-08-29T01:00:46.633+0000] {dag.py:2742} INFO - Sync 1 DAGs
[2023-08-29T01:00:46.666+0000] {logging_mixin.py:150} INFO - [2023-08-29T01:00:46.666+0000] {dag.py:3508} INFO - Setting next_dagrun for dags_bash_with_macro_eg2 to 2023-08-12T00:10:00+00:00, run_after=2023-09-09T00:10:00+00:00
[2023-08-29T01:00:46.712+0000] {processor.py:179} INFO - Processing /opt/airflow/dags/dags_bash_with_macro_eg2.py took 0.136 seconds
[2023-08-29T01:01:17.163+0000] {processor.py:157} INFO - Started process (PID=1641) to work on /opt/airflow/dags/dags_bash_with_macro_eg2.py
[2023-08-29T01:01:17.164+0000] {processor.py:826} INFO - Processing file /opt/airflow/dags/dags_bash_with_macro_eg2.py for tasks to queue
[2023-08-29T01:01:17.165+0000] {logging_mixin.py:150} INFO - [2023-08-29T01:01:17.165+0000] {dagbag.py:541} INFO - Filling up the DagBag from /opt/airflow/dags/dags_bash_with_macro_eg2.py
[2023-08-29T01:01:17.192+0000] {processor.py:836} INFO - DAG(s) dict_keys(['dags_bash_with_macro_eg2']) retrieved from /opt/airflow/dags/dags_bash_with_macro_eg2.py
[2023-08-29T01:01:17.213+0000] {logging_mixin.py:150} INFO - [2023-08-29T01:01:17.213+0000] {dag.py:2742} INFO - Sync 1 DAGs
[2023-08-29T01:01:17.243+0000] {logging_mixin.py:150} INFO - [2023-08-29T01:01:17.243+0000] {dag.py:3508} INFO - Setting next_dagrun for dags_bash_with_macro_eg2 to 2023-08-12T00:10:00+00:00, run_after=2023-09-09T00:10:00+00:00
[2023-08-29T01:01:17.287+0000] {processor.py:179} INFO - Processing /opt/airflow/dags/dags_bash_with_macro_eg2.py took 0.128 seconds
[2023-08-29T01:01:47.944+0000] {processor.py:157} INFO - Started process (PID=1730) to work on /opt/airflow/dags/dags_bash_with_macro_eg2.py
[2023-08-29T01:01:47.945+0000] {processor.py:826} INFO - Processing file /opt/airflow/dags/dags_bash_with_macro_eg2.py for tasks to queue
[2023-08-29T01:01:47.946+0000] {logging_mixin.py:150} INFO - [2023-08-29T01:01:47.946+0000] {dagbag.py:541} INFO - Filling up the DagBag from /opt/airflow/dags/dags_bash_with_macro_eg2.py
[2023-08-29T01:01:47.972+0000] {processor.py:836} INFO - DAG(s) dict_keys(['dags_bash_with_macro_eg2']) retrieved from /opt/airflow/dags/dags_bash_with_macro_eg2.py
[2023-08-29T01:01:47.993+0000] {logging_mixin.py:150} INFO - [2023-08-29T01:01:47.993+0000] {dag.py:2742} INFO - Sync 1 DAGs
[2023-08-29T01:01:48.021+0000] {logging_mixin.py:150} INFO - [2023-08-29T01:01:48.021+0000] {dag.py:3508} INFO - Setting next_dagrun for dags_bash_with_macro_eg2 to 2023-08-12T00:10:00+00:00, run_after=2023-09-09T00:10:00+00:00
[2023-08-29T01:01:48.060+0000] {processor.py:179} INFO - Processing /opt/airflow/dags/dags_bash_with_macro_eg2.py took 0.119 seconds
[2023-08-29T01:02:18.377+0000] {processor.py:157} INFO - Started process (PID=1819) to work on /opt/airflow/dags/dags_bash_with_macro_eg2.py
[2023-08-29T01:02:18.378+0000] {processor.py:826} INFO - Processing file /opt/airflow/dags/dags_bash_with_macro_eg2.py for tasks to queue
[2023-08-29T01:02:18.379+0000] {logging_mixin.py:150} INFO - [2023-08-29T01:02:18.378+0000] {dagbag.py:541} INFO - Filling up the DagBag from /opt/airflow/dags/dags_bash_with_macro_eg2.py
[2023-08-29T01:02:18.406+0000] {processor.py:836} INFO - DAG(s) dict_keys(['dags_bash_with_macro_eg2']) retrieved from /opt/airflow/dags/dags_bash_with_macro_eg2.py
[2023-08-29T01:02:18.426+0000] {logging_mixin.py:150} INFO - [2023-08-29T01:02:18.426+0000] {dag.py:2742} INFO - Sync 1 DAGs
[2023-08-29T01:02:18.454+0000] {logging_mixin.py:150} INFO - [2023-08-29T01:02:18.453+0000] {dag.py:3508} INFO - Setting next_dagrun for dags_bash_with_macro_eg2 to 2023-08-12T00:10:00+00:00, run_after=2023-09-09T00:10:00+00:00
[2023-08-29T01:02:18.491+0000] {processor.py:179} INFO - Processing /opt/airflow/dags/dags_bash_with_macro_eg2.py took 0.117 seconds
[2023-08-29T01:02:48.787+0000] {processor.py:157} INFO - Started process (PID=1908) to work on /opt/airflow/dags/dags_bash_with_macro_eg2.py
[2023-08-29T01:02:48.788+0000] {processor.py:826} INFO - Processing file /opt/airflow/dags/dags_bash_with_macro_eg2.py for tasks to queue
[2023-08-29T01:02:48.789+0000] {logging_mixin.py:150} INFO - [2023-08-29T01:02:48.788+0000] {dagbag.py:541} INFO - Filling up the DagBag from /opt/airflow/dags/dags_bash_with_macro_eg2.py
[2023-08-29T01:02:48.816+0000] {processor.py:836} INFO - DAG(s) dict_keys(['dags_bash_with_macro_eg2']) retrieved from /opt/airflow/dags/dags_bash_with_macro_eg2.py
[2023-08-29T01:02:48.837+0000] {logging_mixin.py:150} INFO - [2023-08-29T01:02:48.837+0000] {dag.py:2742} INFO - Sync 1 DAGs
[2023-08-29T01:02:48.865+0000] {logging_mixin.py:150} INFO - [2023-08-29T01:02:48.864+0000] {dag.py:3508} INFO - Setting next_dagrun for dags_bash_with_macro_eg2 to 2023-08-12T00:10:00+00:00, run_after=2023-09-09T00:10:00+00:00
[2023-08-29T01:02:48.918+0000] {processor.py:179} INFO - Processing /opt/airflow/dags/dags_bash_with_macro_eg2.py took 0.135 seconds
[2023-08-29T01:03:19.256+0000] {processor.py:157} INFO - Started process (PID=1997) to work on /opt/airflow/dags/dags_bash_with_macro_eg2.py
[2023-08-29T01:03:19.257+0000] {processor.py:826} INFO - Processing file /opt/airflow/dags/dags_bash_with_macro_eg2.py for tasks to queue
[2023-08-29T01:03:19.259+0000] {logging_mixin.py:150} INFO - [2023-08-29T01:03:19.258+0000] {dagbag.py:541} INFO - Filling up the DagBag from /opt/airflow/dags/dags_bash_with_macro_eg2.py
[2023-08-29T01:03:19.289+0000] {processor.py:836} INFO - DAG(s) dict_keys(['dags_bash_with_macro_eg2']) retrieved from /opt/airflow/dags/dags_bash_with_macro_eg2.py
[2023-08-29T01:03:19.310+0000] {logging_mixin.py:150} INFO - [2023-08-29T01:03:19.310+0000] {dag.py:2742} INFO - Sync 1 DAGs
[2023-08-29T01:03:19.338+0000] {logging_mixin.py:150} INFO - [2023-08-29T01:03:19.338+0000] {dag.py:3508} INFO - Setting next_dagrun for dags_bash_with_macro_eg2 to 2023-08-12T00:10:00+00:00, run_after=2023-09-09T00:10:00+00:00
[2023-08-29T01:03:19.395+0000] {processor.py:179} INFO - Processing /opt/airflow/dags/dags_bash_with_macro_eg2.py took 0.143 seconds
[2023-08-29T01:03:49.816+0000] {processor.py:157} INFO - Started process (PID=2086) to work on /opt/airflow/dags/dags_bash_with_macro_eg2.py
[2023-08-29T01:03:49.817+0000] {processor.py:826} INFO - Processing file /opt/airflow/dags/dags_bash_with_macro_eg2.py for tasks to queue
[2023-08-29T01:03:49.819+0000] {logging_mixin.py:150} INFO - [2023-08-29T01:03:49.819+0000] {dagbag.py:541} INFO - Filling up the DagBag from /opt/airflow/dags/dags_bash_with_macro_eg2.py
[2023-08-29T01:03:49.846+0000] {processor.py:836} INFO - DAG(s) dict_keys(['dags_bash_with_macro_eg2']) retrieved from /opt/airflow/dags/dags_bash_with_macro_eg2.py
[2023-08-29T01:03:49.867+0000] {logging_mixin.py:150} INFO - [2023-08-29T01:03:49.867+0000] {dag.py:2742} INFO - Sync 1 DAGs
[2023-08-29T01:03:49.895+0000] {logging_mixin.py:150} INFO - [2023-08-29T01:03:49.894+0000] {dag.py:3508} INFO - Setting next_dagrun for dags_bash_with_macro_eg2 to 2023-08-12T00:10:00+00:00, run_after=2023-09-09T00:10:00+00:00
[2023-08-29T01:03:49.932+0000] {processor.py:179} INFO - Processing /opt/airflow/dags/dags_bash_with_macro_eg2.py took 0.120 seconds
[2023-08-29T01:04:20.512+0000] {processor.py:157} INFO - Started process (PID=2175) to work on /opt/airflow/dags/dags_bash_with_macro_eg2.py
[2023-08-29T01:04:20.514+0000] {processor.py:826} INFO - Processing file /opt/airflow/dags/dags_bash_with_macro_eg2.py for tasks to queue
[2023-08-29T01:04:20.515+0000] {logging_mixin.py:150} INFO - [2023-08-29T01:04:20.514+0000] {dagbag.py:541} INFO - Filling up the DagBag from /opt/airflow/dags/dags_bash_with_macro_eg2.py
[2023-08-29T01:04:20.542+0000] {processor.py:836} INFO - DAG(s) dict_keys(['dags_bash_with_macro_eg2']) retrieved from /opt/airflow/dags/dags_bash_with_macro_eg2.py
[2023-08-29T01:04:20.563+0000] {logging_mixin.py:150} INFO - [2023-08-29T01:04:20.563+0000] {dag.py:2742} INFO - Sync 1 DAGs
[2023-08-29T01:04:20.590+0000] {logging_mixin.py:150} INFO - [2023-08-29T01:04:20.590+0000] {dag.py:3508} INFO - Setting next_dagrun for dags_bash_with_macro_eg2 to 2023-08-12T00:10:00+00:00, run_after=2023-09-09T00:10:00+00:00
[2023-08-29T01:04:20.639+0000] {processor.py:179} INFO - Processing /opt/airflow/dags/dags_bash_with_macro_eg2.py took 0.130 seconds
[2023-08-29T01:04:50.995+0000] {processor.py:157} INFO - Started process (PID=2264) to work on /opt/airflow/dags/dags_bash_with_macro_eg2.py
[2023-08-29T01:04:50.996+0000] {processor.py:826} INFO - Processing file /opt/airflow/dags/dags_bash_with_macro_eg2.py for tasks to queue
[2023-08-29T01:04:50.997+0000] {logging_mixin.py:150} INFO - [2023-08-29T01:04:50.997+0000] {dagbag.py:541} INFO - Filling up the DagBag from /opt/airflow/dags/dags_bash_with_macro_eg2.py
[2023-08-29T01:04:51.028+0000] {processor.py:836} INFO - DAG(s) dict_keys(['dags_bash_with_macro_eg2']) retrieved from /opt/airflow/dags/dags_bash_with_macro_eg2.py
[2023-08-29T01:04:51.048+0000] {logging_mixin.py:150} INFO - [2023-08-29T01:04:51.048+0000] {dag.py:2742} INFO - Sync 1 DAGs
[2023-08-29T01:04:51.075+0000] {logging_mixin.py:150} INFO - [2023-08-29T01:04:51.074+0000] {dag.py:3508} INFO - Setting next_dagrun for dags_bash_with_macro_eg2 to 2023-08-12T00:10:00+00:00, run_after=2023-09-09T00:10:00+00:00
[2023-08-29T01:04:51.112+0000] {processor.py:179} INFO - Processing /opt/airflow/dags/dags_bash_with_macro_eg2.py took 0.120 seconds
[2023-08-29T01:05:21.172+0000] {processor.py:157} INFO - Started process (PID=2353) to work on /opt/airflow/dags/dags_bash_with_macro_eg2.py
[2023-08-29T01:05:21.173+0000] {processor.py:826} INFO - Processing file /opt/airflow/dags/dags_bash_with_macro_eg2.py for tasks to queue
[2023-08-29T01:05:21.174+0000] {logging_mixin.py:150} INFO - [2023-08-29T01:05:21.174+0000] {dagbag.py:541} INFO - Filling up the DagBag from /opt/airflow/dags/dags_bash_with_macro_eg2.py
[2023-08-29T01:05:21.201+0000] {processor.py:836} INFO - DAG(s) dict_keys(['dags_bash_with_macro_eg2']) retrieved from /opt/airflow/dags/dags_bash_with_macro_eg2.py
[2023-08-29T01:05:21.222+0000] {logging_mixin.py:150} INFO - [2023-08-29T01:05:21.221+0000] {dag.py:2742} INFO - Sync 1 DAGs
[2023-08-29T01:05:21.248+0000] {logging_mixin.py:150} INFO - [2023-08-29T01:05:21.248+0000] {dag.py:3508} INFO - Setting next_dagrun for dags_bash_with_macro_eg2 to 2023-08-12T00:10:00+00:00, run_after=2023-09-09T00:10:00+00:00
[2023-08-29T01:05:21.287+0000] {processor.py:179} INFO - Processing /opt/airflow/dags/dags_bash_with_macro_eg2.py took 0.119 seconds
[2023-08-29T01:05:52.004+0000] {processor.py:157} INFO - Started process (PID=2442) to work on /opt/airflow/dags/dags_bash_with_macro_eg2.py
[2023-08-29T01:05:52.006+0000] {processor.py:826} INFO - Processing file /opt/airflow/dags/dags_bash_with_macro_eg2.py for tasks to queue
[2023-08-29T01:05:52.007+0000] {logging_mixin.py:150} INFO - [2023-08-29T01:05:52.006+0000] {dagbag.py:541} INFO - Filling up the DagBag from /opt/airflow/dags/dags_bash_with_macro_eg2.py
[2023-08-29T01:05:52.038+0000] {processor.py:836} INFO - DAG(s) dict_keys(['dags_bash_with_macro_eg2']) retrieved from /opt/airflow/dags/dags_bash_with_macro_eg2.py
[2023-08-29T01:05:52.060+0000] {logging_mixin.py:150} INFO - [2023-08-29T01:05:52.060+0000] {dag.py:2742} INFO - Sync 1 DAGs
[2023-08-29T01:05:52.090+0000] {logging_mixin.py:150} INFO - [2023-08-29T01:05:52.089+0000] {dag.py:3508} INFO - Setting next_dagrun for dags_bash_with_macro_eg2 to 2023-08-12T00:10:00+00:00, run_after=2023-09-09T00:10:00+00:00
[2023-08-29T01:05:52.129+0000] {processor.py:179} INFO - Processing /opt/airflow/dags/dags_bash_with_macro_eg2.py took 0.128 seconds
[2023-08-29T01:06:22.280+0000] {processor.py:157} INFO - Started process (PID=2531) to work on /opt/airflow/dags/dags_bash_with_macro_eg2.py
[2023-08-29T01:06:22.281+0000] {processor.py:826} INFO - Processing file /opt/airflow/dags/dags_bash_with_macro_eg2.py for tasks to queue
[2023-08-29T01:06:22.283+0000] {logging_mixin.py:150} INFO - [2023-08-29T01:06:22.283+0000] {dagbag.py:541} INFO - Filling up the DagBag from /opt/airflow/dags/dags_bash_with_macro_eg2.py
[2023-08-29T01:06:22.314+0000] {processor.py:836} INFO - DAG(s) dict_keys(['dags_bash_with_macro_eg2']) retrieved from /opt/airflow/dags/dags_bash_with_macro_eg2.py
[2023-08-29T01:06:22.342+0000] {logging_mixin.py:150} INFO - [2023-08-29T01:06:22.342+0000] {dag.py:2742} INFO - Sync 1 DAGs
[2023-08-29T01:06:22.376+0000] {logging_mixin.py:150} INFO - [2023-08-29T01:06:22.376+0000] {dag.py:3508} INFO - Setting next_dagrun for dags_bash_with_macro_eg2 to 2023-08-12T00:10:00+00:00, run_after=2023-09-09T00:10:00+00:00
[2023-08-29T01:06:22.420+0000] {processor.py:179} INFO - Processing /opt/airflow/dags/dags_bash_with_macro_eg2.py took 0.143 seconds
[2023-08-29T01:06:52.803+0000] {processor.py:157} INFO - Started process (PID=2620) to work on /opt/airflow/dags/dags_bash_with_macro_eg2.py
[2023-08-29T01:06:52.804+0000] {processor.py:826} INFO - Processing file /opt/airflow/dags/dags_bash_with_macro_eg2.py for tasks to queue
[2023-08-29T01:06:52.805+0000] {logging_mixin.py:150} INFO - [2023-08-29T01:06:52.805+0000] {dagbag.py:541} INFO - Filling up the DagBag from /opt/airflow/dags/dags_bash_with_macro_eg2.py
[2023-08-29T01:06:52.833+0000] {processor.py:836} INFO - DAG(s) dict_keys(['dags_bash_with_macro_eg2']) retrieved from /opt/airflow/dags/dags_bash_with_macro_eg2.py
[2023-08-29T01:06:52.859+0000] {logging_mixin.py:150} INFO - [2023-08-29T01:06:52.859+0000] {dag.py:2742} INFO - Sync 1 DAGs
[2023-08-29T01:06:52.889+0000] {logging_mixin.py:150} INFO - [2023-08-29T01:06:52.889+0000] {dag.py:3508} INFO - Setting next_dagrun for dags_bash_with_macro_eg2 to 2023-08-12T00:10:00+00:00, run_after=2023-09-09T00:10:00+00:00
[2023-08-29T01:06:52.954+0000] {processor.py:179} INFO - Processing /opt/airflow/dags/dags_bash_with_macro_eg2.py took 0.154 seconds
[2023-08-29T01:07:23.335+0000] {processor.py:157} INFO - Started process (PID=2709) to work on /opt/airflow/dags/dags_bash_with_macro_eg2.py
[2023-08-29T01:07:23.336+0000] {processor.py:826} INFO - Processing file /opt/airflow/dags/dags_bash_with_macro_eg2.py for tasks to queue
[2023-08-29T01:07:23.337+0000] {logging_mixin.py:150} INFO - [2023-08-29T01:07:23.337+0000] {dagbag.py:541} INFO - Filling up the DagBag from /opt/airflow/dags/dags_bash_with_macro_eg2.py
[2023-08-29T01:07:23.368+0000] {processor.py:836} INFO - DAG(s) dict_keys(['dags_bash_with_macro_eg2']) retrieved from /opt/airflow/dags/dags_bash_with_macro_eg2.py
[2023-08-29T01:07:23.388+0000] {logging_mixin.py:150} INFO - [2023-08-29T01:07:23.388+0000] {dag.py:2742} INFO - Sync 1 DAGs
[2023-08-29T01:07:23.416+0000] {logging_mixin.py:150} INFO - [2023-08-29T01:07:23.416+0000] {dag.py:3508} INFO - Setting next_dagrun for dags_bash_with_macro_eg2 to 2023-08-12T00:10:00+00:00, run_after=2023-09-09T00:10:00+00:00
[2023-08-29T01:07:23.455+0000] {processor.py:179} INFO - Processing /opt/airflow/dags/dags_bash_with_macro_eg2.py took 0.123 seconds
[2023-08-29T01:07:53.756+0000] {processor.py:157} INFO - Started process (PID=2798) to work on /opt/airflow/dags/dags_bash_with_macro_eg2.py
[2023-08-29T01:07:53.757+0000] {processor.py:826} INFO - Processing file /opt/airflow/dags/dags_bash_with_macro_eg2.py for tasks to queue
[2023-08-29T01:07:53.758+0000] {logging_mixin.py:150} INFO - [2023-08-29T01:07:53.758+0000] {dagbag.py:541} INFO - Filling up the DagBag from /opt/airflow/dags/dags_bash_with_macro_eg2.py
[2023-08-29T01:07:53.788+0000] {processor.py:836} INFO - DAG(s) dict_keys(['dags_bash_with_macro_eg2']) retrieved from /opt/airflow/dags/dags_bash_with_macro_eg2.py
[2023-08-29T01:07:53.812+0000] {logging_mixin.py:150} INFO - [2023-08-29T01:07:53.812+0000] {dag.py:2742} INFO - Sync 1 DAGs
[2023-08-29T01:07:53.848+0000] {logging_mixin.py:150} INFO - [2023-08-29T01:07:53.848+0000] {dag.py:3508} INFO - Setting next_dagrun for dags_bash_with_macro_eg2 to 2023-08-12T00:10:00+00:00, run_after=2023-09-09T00:10:00+00:00
[2023-08-29T01:07:53.902+0000] {processor.py:179} INFO - Processing /opt/airflow/dags/dags_bash_with_macro_eg2.py took 0.150 seconds
[2023-08-29T01:08:24.283+0000] {processor.py:157} INFO - Started process (PID=2887) to work on /opt/airflow/dags/dags_bash_with_macro_eg2.py
[2023-08-29T01:08:24.284+0000] {processor.py:826} INFO - Processing file /opt/airflow/dags/dags_bash_with_macro_eg2.py for tasks to queue
[2023-08-29T01:08:24.285+0000] {logging_mixin.py:150} INFO - [2023-08-29T01:08:24.285+0000] {dagbag.py:541} INFO - Filling up the DagBag from /opt/airflow/dags/dags_bash_with_macro_eg2.py
[2023-08-29T01:08:24.314+0000] {processor.py:836} INFO - DAG(s) dict_keys(['dags_bash_with_macro_eg2']) retrieved from /opt/airflow/dags/dags_bash_with_macro_eg2.py
[2023-08-29T01:08:24.335+0000] {logging_mixin.py:150} INFO - [2023-08-29T01:08:24.335+0000] {dag.py:2742} INFO - Sync 1 DAGs
[2023-08-29T01:08:24.364+0000] {logging_mixin.py:150} INFO - [2023-08-29T01:08:24.364+0000] {dag.py:3508} INFO - Setting next_dagrun for dags_bash_with_macro_eg2 to 2023-08-12T00:10:00+00:00, run_after=2023-09-09T00:10:00+00:00
[2023-08-29T01:08:24.435+0000] {processor.py:179} INFO - Processing /opt/airflow/dags/dags_bash_with_macro_eg2.py took 0.156 seconds
[2023-08-29T01:08:54.920+0000] {processor.py:157} INFO - Started process (PID=2976) to work on /opt/airflow/dags/dags_bash_with_macro_eg2.py
[2023-08-29T01:08:54.921+0000] {processor.py:826} INFO - Processing file /opt/airflow/dags/dags_bash_with_macro_eg2.py for tasks to queue
[2023-08-29T01:08:54.922+0000] {logging_mixin.py:150} INFO - [2023-08-29T01:08:54.922+0000] {dagbag.py:541} INFO - Filling up the DagBag from /opt/airflow/dags/dags_bash_with_macro_eg2.py
[2023-08-29T01:08:54.949+0000] {processor.py:836} INFO - DAG(s) dict_keys(['dags_bash_with_macro_eg2']) retrieved from /opt/airflow/dags/dags_bash_with_macro_eg2.py
[2023-08-29T01:08:54.970+0000] {logging_mixin.py:150} INFO - [2023-08-29T01:08:54.970+0000] {dag.py:2742} INFO - Sync 1 DAGs
[2023-08-29T01:08:54.997+0000] {logging_mixin.py:150} INFO - [2023-08-29T01:08:54.997+0000] {dag.py:3508} INFO - Setting next_dagrun for dags_bash_with_macro_eg2 to 2023-08-12T00:10:00+00:00, run_after=2023-09-09T00:10:00+00:00
[2023-08-29T01:08:55.036+0000] {processor.py:179} INFO - Processing /opt/airflow/dags/dags_bash_with_macro_eg2.py took 0.119 seconds
[2023-08-29T01:09:25.214+0000] {processor.py:157} INFO - Started process (PID=3065) to work on /opt/airflow/dags/dags_bash_with_macro_eg2.py
[2023-08-29T01:09:25.216+0000] {processor.py:826} INFO - Processing file /opt/airflow/dags/dags_bash_with_macro_eg2.py for tasks to queue
[2023-08-29T01:09:25.217+0000] {logging_mixin.py:150} INFO - [2023-08-29T01:09:25.217+0000] {dagbag.py:541} INFO - Filling up the DagBag from /opt/airflow/dags/dags_bash_with_macro_eg2.py
[2023-08-29T01:09:25.243+0000] {processor.py:836} INFO - DAG(s) dict_keys(['dags_bash_with_macro_eg2']) retrieved from /opt/airflow/dags/dags_bash_with_macro_eg2.py
[2023-08-29T01:09:25.265+0000] {logging_mixin.py:150} INFO - [2023-08-29T01:09:25.264+0000] {dag.py:2742} INFO - Sync 1 DAGs
[2023-08-29T01:09:25.298+0000] {logging_mixin.py:150} INFO - [2023-08-29T01:09:25.298+0000] {dag.py:3508} INFO - Setting next_dagrun for dags_bash_with_macro_eg2 to 2023-08-12T00:10:00+00:00, run_after=2023-09-09T00:10:00+00:00
[2023-08-29T01:09:25.365+0000] {processor.py:179} INFO - Processing /opt/airflow/dags/dags_bash_with_macro_eg2.py took 0.154 seconds
[2023-08-29T01:09:55.892+0000] {processor.py:157} INFO - Started process (PID=3154) to work on /opt/airflow/dags/dags_bash_with_macro_eg2.py
[2023-08-29T01:09:55.894+0000] {processor.py:826} INFO - Processing file /opt/airflow/dags/dags_bash_with_macro_eg2.py for tasks to queue
[2023-08-29T01:09:55.895+0000] {logging_mixin.py:150} INFO - [2023-08-29T01:09:55.895+0000] {dagbag.py:541} INFO - Filling up the DagBag from /opt/airflow/dags/dags_bash_with_macro_eg2.py
[2023-08-29T01:09:55.920+0000] {processor.py:836} INFO - DAG(s) dict_keys(['dags_bash_with_macro_eg2']) retrieved from /opt/airflow/dags/dags_bash_with_macro_eg2.py
[2023-08-29T01:09:55.941+0000] {logging_mixin.py:150} INFO - [2023-08-29T01:09:55.941+0000] {dag.py:2742} INFO - Sync 1 DAGs
[2023-08-29T01:09:55.968+0000] {logging_mixin.py:150} INFO - [2023-08-29T01:09:55.967+0000] {dag.py:3508} INFO - Setting next_dagrun for dags_bash_with_macro_eg2 to 2023-08-12T00:10:00+00:00, run_after=2023-09-09T00:10:00+00:00
[2023-08-29T01:09:56.008+0000] {processor.py:179} INFO - Processing /opt/airflow/dags/dags_bash_with_macro_eg2.py took 0.120 seconds
[2023-08-29T01:10:26.478+0000] {processor.py:157} INFO - Started process (PID=3243) to work on /opt/airflow/dags/dags_bash_with_macro_eg2.py
[2023-08-29T01:10:26.480+0000] {processor.py:826} INFO - Processing file /opt/airflow/dags/dags_bash_with_macro_eg2.py for tasks to queue
[2023-08-29T01:10:26.483+0000] {logging_mixin.py:150} INFO - [2023-08-29T01:10:26.482+0000] {dagbag.py:541} INFO - Filling up the DagBag from /opt/airflow/dags/dags_bash_with_macro_eg2.py
[2023-08-29T01:10:26.531+0000] {processor.py:836} INFO - DAG(s) dict_keys(['dags_bash_with_macro_eg2']) retrieved from /opt/airflow/dags/dags_bash_with_macro_eg2.py
[2023-08-29T01:10:26.558+0000] {logging_mixin.py:150} INFO - [2023-08-29T01:10:26.558+0000] {dag.py:2742} INFO - Sync 1 DAGs
[2023-08-29T01:10:26.589+0000] {logging_mixin.py:150} INFO - [2023-08-29T01:10:26.589+0000] {dag.py:3508} INFO - Setting next_dagrun for dags_bash_with_macro_eg2 to 2023-08-12T00:10:00+00:00, run_after=2023-09-09T00:10:00+00:00
[2023-08-29T01:10:26.627+0000] {processor.py:179} INFO - Processing /opt/airflow/dags/dags_bash_with_macro_eg2.py took 0.154 seconds
[2023-08-29T01:10:57.015+0000] {processor.py:157} INFO - Started process (PID=3332) to work on /opt/airflow/dags/dags_bash_with_macro_eg2.py
[2023-08-29T01:10:57.016+0000] {processor.py:826} INFO - Processing file /opt/airflow/dags/dags_bash_with_macro_eg2.py for tasks to queue
[2023-08-29T01:10:57.017+0000] {logging_mixin.py:150} INFO - [2023-08-29T01:10:57.017+0000] {dagbag.py:541} INFO - Filling up the DagBag from /opt/airflow/dags/dags_bash_with_macro_eg2.py
[2023-08-29T01:10:57.044+0000] {processor.py:836} INFO - DAG(s) dict_keys(['dags_bash_with_macro_eg2']) retrieved from /opt/airflow/dags/dags_bash_with_macro_eg2.py
[2023-08-29T01:10:57.087+0000] {logging_mixin.py:150} INFO - [2023-08-29T01:10:57.087+0000] {dag.py:2742} INFO - Sync 1 DAGs
[2023-08-29T01:10:57.119+0000] {logging_mixin.py:150} INFO - [2023-08-29T01:10:57.119+0000] {dag.py:3508} INFO - Setting next_dagrun for dags_bash_with_macro_eg2 to 2023-08-12T00:10:00+00:00, run_after=2023-09-09T00:10:00+00:00
[2023-08-29T01:10:57.223+0000] {processor.py:179} INFO - Processing /opt/airflow/dags/dags_bash_with_macro_eg2.py took 0.210 seconds
[2023-08-29T01:11:27.729+0000] {processor.py:157} INFO - Started process (PID=3421) to work on /opt/airflow/dags/dags_bash_with_macro_eg2.py
[2023-08-29T01:11:27.730+0000] {processor.py:826} INFO - Processing file /opt/airflow/dags/dags_bash_with_macro_eg2.py for tasks to queue
[2023-08-29T01:11:27.731+0000] {logging_mixin.py:150} INFO - [2023-08-29T01:11:27.731+0000] {dagbag.py:541} INFO - Filling up the DagBag from /opt/airflow/dags/dags_bash_with_macro_eg2.py
[2023-08-29T01:11:27.759+0000] {processor.py:836} INFO - DAG(s) dict_keys(['dags_bash_with_macro_eg2']) retrieved from /opt/airflow/dags/dags_bash_with_macro_eg2.py
[2023-08-29T01:11:27.781+0000] {logging_mixin.py:150} INFO - [2023-08-29T01:11:27.781+0000] {dag.py:2742} INFO - Sync 1 DAGs
[2023-08-29T01:11:27.808+0000] {logging_mixin.py:150} INFO - [2023-08-29T01:11:27.808+0000] {dag.py:3508} INFO - Setting next_dagrun for dags_bash_with_macro_eg2 to 2023-08-12T00:10:00+00:00, run_after=2023-09-09T00:10:00+00:00
[2023-08-29T01:11:27.848+0000] {processor.py:179} INFO - Processing /opt/airflow/dags/dags_bash_with_macro_eg2.py took 0.122 seconds
[2023-08-29T01:11:58.270+0000] {processor.py:157} INFO - Started process (PID=3510) to work on /opt/airflow/dags/dags_bash_with_macro_eg2.py
[2023-08-29T01:11:58.271+0000] {processor.py:826} INFO - Processing file /opt/airflow/dags/dags_bash_with_macro_eg2.py for tasks to queue
[2023-08-29T01:11:58.272+0000] {logging_mixin.py:150} INFO - [2023-08-29T01:11:58.272+0000] {dagbag.py:541} INFO - Filling up the DagBag from /opt/airflow/dags/dags_bash_with_macro_eg2.py
[2023-08-29T01:11:58.302+0000] {processor.py:836} INFO - DAG(s) dict_keys(['dags_bash_with_macro_eg2']) retrieved from /opt/airflow/dags/dags_bash_with_macro_eg2.py
[2023-08-29T01:11:58.328+0000] {logging_mixin.py:150} INFO - [2023-08-29T01:11:58.328+0000] {dag.py:2742} INFO - Sync 1 DAGs
[2023-08-29T01:11:58.361+0000] {logging_mixin.py:150} INFO - [2023-08-29T01:11:58.361+0000] {dag.py:3508} INFO - Setting next_dagrun for dags_bash_with_macro_eg2 to 2023-08-12T00:10:00+00:00, run_after=2023-09-09T00:10:00+00:00
[2023-08-29T01:11:58.481+0000] {processor.py:179} INFO - Processing /opt/airflow/dags/dags_bash_with_macro_eg2.py took 0.216 seconds
[2023-08-29T01:12:28.984+0000] {processor.py:157} INFO - Started process (PID=3599) to work on /opt/airflow/dags/dags_bash_with_macro_eg2.py
[2023-08-29T01:12:28.985+0000] {processor.py:826} INFO - Processing file /opt/airflow/dags/dags_bash_with_macro_eg2.py for tasks to queue
[2023-08-29T01:12:28.986+0000] {logging_mixin.py:150} INFO - [2023-08-29T01:12:28.986+0000] {dagbag.py:541} INFO - Filling up the DagBag from /opt/airflow/dags/dags_bash_with_macro_eg2.py
[2023-08-29T01:12:29.015+0000] {processor.py:836} INFO - DAG(s) dict_keys(['dags_bash_with_macro_eg2']) retrieved from /opt/airflow/dags/dags_bash_with_macro_eg2.py
[2023-08-29T01:12:29.037+0000] {logging_mixin.py:150} INFO - [2023-08-29T01:12:29.037+0000] {dag.py:2742} INFO - Sync 1 DAGs
[2023-08-29T01:12:29.063+0000] {logging_mixin.py:150} INFO - [2023-08-29T01:12:29.063+0000] {dag.py:3508} INFO - Setting next_dagrun for dags_bash_with_macro_eg2 to 2023-08-12T00:10:00+00:00, run_after=2023-09-09T00:10:00+00:00
[2023-08-29T01:12:29.102+0000] {processor.py:179} INFO - Processing /opt/airflow/dags/dags_bash_with_macro_eg2.py took 0.121 seconds
[2023-08-29T01:12:59.532+0000] {processor.py:157} INFO - Started process (PID=3688) to work on /opt/airflow/dags/dags_bash_with_macro_eg2.py
[2023-08-29T01:12:59.533+0000] {processor.py:826} INFO - Processing file /opt/airflow/dags/dags_bash_with_macro_eg2.py for tasks to queue
[2023-08-29T01:12:59.534+0000] {logging_mixin.py:150} INFO - [2023-08-29T01:12:59.534+0000] {dagbag.py:541} INFO - Filling up the DagBag from /opt/airflow/dags/dags_bash_with_macro_eg2.py
[2023-08-29T01:12:59.560+0000] {processor.py:836} INFO - DAG(s) dict_keys(['dags_bash_with_macro_eg2']) retrieved from /opt/airflow/dags/dags_bash_with_macro_eg2.py
[2023-08-29T01:12:59.581+0000] {logging_mixin.py:150} INFO - [2023-08-29T01:12:59.581+0000] {dag.py:2742} INFO - Sync 1 DAGs
[2023-08-29T01:12:59.608+0000] {logging_mixin.py:150} INFO - [2023-08-29T01:12:59.608+0000] {dag.py:3508} INFO - Setting next_dagrun for dags_bash_with_macro_eg2 to 2023-08-12T00:10:00+00:00, run_after=2023-09-09T00:10:00+00:00
[2023-08-29T01:12:59.646+0000] {processor.py:179} INFO - Processing /opt/airflow/dags/dags_bash_with_macro_eg2.py took 0.117 seconds
[2023-08-29T01:13:30.005+0000] {processor.py:157} INFO - Started process (PID=3778) to work on /opt/airflow/dags/dags_bash_with_macro_eg2.py
[2023-08-29T01:13:30.006+0000] {processor.py:826} INFO - Processing file /opt/airflow/dags/dags_bash_with_macro_eg2.py for tasks to queue
[2023-08-29T01:13:30.008+0000] {logging_mixin.py:150} INFO - [2023-08-29T01:13:30.007+0000] {dagbag.py:541} INFO - Filling up the DagBag from /opt/airflow/dags/dags_bash_with_macro_eg2.py
[2023-08-29T01:13:30.035+0000] {processor.py:836} INFO - DAG(s) dict_keys(['dags_bash_with_macro_eg2']) retrieved from /opt/airflow/dags/dags_bash_with_macro_eg2.py
[2023-08-29T01:13:30.056+0000] {logging_mixin.py:150} INFO - [2023-08-29T01:13:30.056+0000] {dag.py:2742} INFO - Sync 1 DAGs
[2023-08-29T01:13:30.083+0000] {logging_mixin.py:150} INFO - [2023-08-29T01:13:30.083+0000] {dag.py:3508} INFO - Setting next_dagrun for dags_bash_with_macro_eg2 to 2023-08-12T00:10:00+00:00, run_after=2023-09-09T00:10:00+00:00
[2023-08-29T01:13:30.122+0000] {processor.py:179} INFO - Processing /opt/airflow/dags/dags_bash_with_macro_eg2.py took 0.120 seconds
[2023-08-29T01:14:00.353+0000] {processor.py:157} INFO - Started process (PID=3867) to work on /opt/airflow/dags/dags_bash_with_macro_eg2.py
[2023-08-29T01:14:00.354+0000] {processor.py:826} INFO - Processing file /opt/airflow/dags/dags_bash_with_macro_eg2.py for tasks to queue
[2023-08-29T01:14:00.355+0000] {logging_mixin.py:150} INFO - [2023-08-29T01:14:00.355+0000] {dagbag.py:541} INFO - Filling up the DagBag from /opt/airflow/dags/dags_bash_with_macro_eg2.py
[2023-08-29T01:14:00.381+0000] {processor.py:836} INFO - DAG(s) dict_keys(['dags_bash_with_macro_eg2']) retrieved from /opt/airflow/dags/dags_bash_with_macro_eg2.py
[2023-08-29T01:14:00.400+0000] {logging_mixin.py:150} INFO - [2023-08-29T01:14:00.400+0000] {dag.py:2742} INFO - Sync 1 DAGs
[2023-08-29T01:14:00.436+0000] {logging_mixin.py:150} INFO - [2023-08-29T01:14:00.435+0000] {dag.py:3508} INFO - Setting next_dagrun for dags_bash_with_macro_eg2 to 2023-08-12T00:10:00+00:00, run_after=2023-09-09T00:10:00+00:00
[2023-08-29T01:14:00.481+0000] {processor.py:179} INFO - Processing /opt/airflow/dags/dags_bash_with_macro_eg2.py took 0.130 seconds
[2023-08-29T01:14:30.773+0000] {processor.py:157} INFO - Started process (PID=3956) to work on /opt/airflow/dags/dags_bash_with_macro_eg2.py
[2023-08-29T01:14:30.774+0000] {processor.py:826} INFO - Processing file /opt/airflow/dags/dags_bash_with_macro_eg2.py for tasks to queue
[2023-08-29T01:14:30.776+0000] {logging_mixin.py:150} INFO - [2023-08-29T01:14:30.775+0000] {dagbag.py:541} INFO - Filling up the DagBag from /opt/airflow/dags/dags_bash_with_macro_eg2.py
[2023-08-29T01:14:30.803+0000] {processor.py:836} INFO - DAG(s) dict_keys(['dags_bash_with_macro_eg2']) retrieved from /opt/airflow/dags/dags_bash_with_macro_eg2.py
[2023-08-29T01:14:30.824+0000] {logging_mixin.py:150} INFO - [2023-08-29T01:14:30.824+0000] {dag.py:2742} INFO - Sync 1 DAGs
[2023-08-29T01:14:30.854+0000] {logging_mixin.py:150} INFO - [2023-08-29T01:14:30.853+0000] {dag.py:3508} INFO - Setting next_dagrun for dags_bash_with_macro_eg2 to 2023-08-12T00:10:00+00:00, run_after=2023-09-09T00:10:00+00:00
[2023-08-29T01:14:30.892+0000] {processor.py:179} INFO - Processing /opt/airflow/dags/dags_bash_with_macro_eg2.py took 0.122 seconds
[2023-08-29T01:15:01.097+0000] {processor.py:157} INFO - Started process (PID=4045) to work on /opt/airflow/dags/dags_bash_with_macro_eg2.py
[2023-08-29T01:15:01.098+0000] {processor.py:826} INFO - Processing file /opt/airflow/dags/dags_bash_with_macro_eg2.py for tasks to queue
[2023-08-29T01:15:01.099+0000] {logging_mixin.py:150} INFO - [2023-08-29T01:15:01.099+0000] {dagbag.py:541} INFO - Filling up the DagBag from /opt/airflow/dags/dags_bash_with_macro_eg2.py
[2023-08-29T01:15:01.127+0000] {processor.py:836} INFO - DAG(s) dict_keys(['dags_bash_with_macro_eg2']) retrieved from /opt/airflow/dags/dags_bash_with_macro_eg2.py
[2023-08-29T01:15:01.148+0000] {logging_mixin.py:150} INFO - [2023-08-29T01:15:01.148+0000] {dag.py:2742} INFO - Sync 1 DAGs
[2023-08-29T01:15:01.177+0000] {logging_mixin.py:150} INFO - [2023-08-29T01:15:01.176+0000] {dag.py:3508} INFO - Setting next_dagrun for dags_bash_with_macro_eg2 to 2023-08-12T00:10:00+00:00, run_after=2023-09-09T00:10:00+00:00
[2023-08-29T01:15:01.247+0000] {processor.py:179} INFO - Processing /opt/airflow/dags/dags_bash_with_macro_eg2.py took 0.153 seconds
[2023-08-29T01:15:31.505+0000] {processor.py:157} INFO - Started process (PID=4134) to work on /opt/airflow/dags/dags_bash_with_macro_eg2.py
[2023-08-29T01:15:31.506+0000] {processor.py:826} INFO - Processing file /opt/airflow/dags/dags_bash_with_macro_eg2.py for tasks to queue
[2023-08-29T01:15:31.507+0000] {logging_mixin.py:150} INFO - [2023-08-29T01:15:31.506+0000] {dagbag.py:541} INFO - Filling up the DagBag from /opt/airflow/dags/dags_bash_with_macro_eg2.py
[2023-08-29T01:15:31.532+0000] {processor.py:836} INFO - DAG(s) dict_keys(['dags_bash_with_macro_eg2']) retrieved from /opt/airflow/dags/dags_bash_with_macro_eg2.py
[2023-08-29T01:15:31.574+0000] {logging_mixin.py:150} INFO - [2023-08-29T01:15:31.574+0000] {dag.py:2742} INFO - Sync 1 DAGs
[2023-08-29T01:15:31.603+0000] {logging_mixin.py:150} INFO - [2023-08-29T01:15:31.603+0000] {dag.py:3508} INFO - Setting next_dagrun for dags_bash_with_macro_eg2 to 2023-08-12T00:10:00+00:00, run_after=2023-09-09T00:10:00+00:00
[2023-08-29T01:15:31.642+0000] {processor.py:179} INFO - Processing /opt/airflow/dags/dags_bash_with_macro_eg2.py took 0.140 seconds
[2023-08-29T01:16:02.117+0000] {processor.py:157} INFO - Started process (PID=4223) to work on /opt/airflow/dags/dags_bash_with_macro_eg2.py
[2023-08-29T01:16:02.118+0000] {processor.py:826} INFO - Processing file /opt/airflow/dags/dags_bash_with_macro_eg2.py for tasks to queue
[2023-08-29T01:16:02.120+0000] {logging_mixin.py:150} INFO - [2023-08-29T01:16:02.119+0000] {dagbag.py:541} INFO - Filling up the DagBag from /opt/airflow/dags/dags_bash_with_macro_eg2.py
[2023-08-29T01:16:02.149+0000] {processor.py:836} INFO - DAG(s) dict_keys(['dags_bash_with_macro_eg2']) retrieved from /opt/airflow/dags/dags_bash_with_macro_eg2.py
[2023-08-29T01:16:02.171+0000] {logging_mixin.py:150} INFO - [2023-08-29T01:16:02.170+0000] {dag.py:2742} INFO - Sync 1 DAGs
[2023-08-29T01:16:02.198+0000] {logging_mixin.py:150} INFO - [2023-08-29T01:16:02.198+0000] {dag.py:3508} INFO - Setting next_dagrun for dags_bash_with_macro_eg2 to 2023-08-12T00:10:00+00:00, run_after=2023-09-09T00:10:00+00:00
[2023-08-29T01:16:02.234+0000] {processor.py:179} INFO - Processing /opt/airflow/dags/dags_bash_with_macro_eg2.py took 0.121 seconds
[2023-08-29T01:16:32.702+0000] {processor.py:157} INFO - Started process (PID=4312) to work on /opt/airflow/dags/dags_bash_with_macro_eg2.py
[2023-08-29T01:16:32.703+0000] {processor.py:826} INFO - Processing file /opt/airflow/dags/dags_bash_with_macro_eg2.py for tasks to queue
[2023-08-29T01:16:32.704+0000] {logging_mixin.py:150} INFO - [2023-08-29T01:16:32.704+0000] {dagbag.py:541} INFO - Filling up the DagBag from /opt/airflow/dags/dags_bash_with_macro_eg2.py
[2023-08-29T01:16:32.734+0000] {processor.py:836} INFO - DAG(s) dict_keys(['dags_bash_with_macro_eg2']) retrieved from /opt/airflow/dags/dags_bash_with_macro_eg2.py
[2023-08-29T01:16:32.756+0000] {logging_mixin.py:150} INFO - [2023-08-29T01:16:32.756+0000] {dag.py:2742} INFO - Sync 1 DAGs
[2023-08-29T01:16:32.788+0000] {logging_mixin.py:150} INFO - [2023-08-29T01:16:32.788+0000] {dag.py:3508} INFO - Setting next_dagrun for dags_bash_with_macro_eg2 to 2023-08-12T00:10:00+00:00, run_after=2023-09-09T00:10:00+00:00
[2023-08-29T01:16:32.830+0000] {processor.py:179} INFO - Processing /opt/airflow/dags/dags_bash_with_macro_eg2.py took 0.131 seconds
[2023-08-29T01:17:03.287+0000] {processor.py:157} INFO - Started process (PID=4401) to work on /opt/airflow/dags/dags_bash_with_macro_eg2.py
[2023-08-29T01:17:03.288+0000] {processor.py:826} INFO - Processing file /opt/airflow/dags/dags_bash_with_macro_eg2.py for tasks to queue
[2023-08-29T01:17:03.289+0000] {logging_mixin.py:150} INFO - [2023-08-29T01:17:03.289+0000] {dagbag.py:541} INFO - Filling up the DagBag from /opt/airflow/dags/dags_bash_with_macro_eg2.py
[2023-08-29T01:17:03.314+0000] {processor.py:836} INFO - DAG(s) dict_keys(['dags_bash_with_macro_eg2']) retrieved from /opt/airflow/dags/dags_bash_with_macro_eg2.py
[2023-08-29T01:17:03.335+0000] {logging_mixin.py:150} INFO - [2023-08-29T01:17:03.335+0000] {dag.py:2742} INFO - Sync 1 DAGs
[2023-08-29T01:17:03.367+0000] {logging_mixin.py:150} INFO - [2023-08-29T01:17:03.367+0000] {dag.py:3508} INFO - Setting next_dagrun for dags_bash_with_macro_eg2 to 2023-08-12T00:10:00+00:00, run_after=2023-09-09T00:10:00+00:00
[2023-08-29T01:17:03.406+0000] {processor.py:179} INFO - Processing /opt/airflow/dags/dags_bash_with_macro_eg2.py took 0.123 seconds
[2023-08-29T01:17:33.509+0000] {processor.py:157} INFO - Started process (PID=4490) to work on /opt/airflow/dags/dags_bash_with_macro_eg2.py
[2023-08-29T01:17:33.510+0000] {processor.py:826} INFO - Processing file /opt/airflow/dags/dags_bash_with_macro_eg2.py for tasks to queue
[2023-08-29T01:17:33.511+0000] {logging_mixin.py:150} INFO - [2023-08-29T01:17:33.511+0000] {dagbag.py:541} INFO - Filling up the DagBag from /opt/airflow/dags/dags_bash_with_macro_eg2.py
[2023-08-29T01:17:33.542+0000] {processor.py:836} INFO - DAG(s) dict_keys(['dags_bash_with_macro_eg2']) retrieved from /opt/airflow/dags/dags_bash_with_macro_eg2.py
[2023-08-29T01:17:33.566+0000] {logging_mixin.py:150} INFO - [2023-08-29T01:17:33.565+0000] {dag.py:2742} INFO - Sync 1 DAGs
[2023-08-29T01:17:33.596+0000] {logging_mixin.py:150} INFO - [2023-08-29T01:17:33.596+0000] {dag.py:3508} INFO - Setting next_dagrun for dags_bash_with_macro_eg2 to 2023-08-12T00:10:00+00:00, run_after=2023-09-09T00:10:00+00:00
[2023-08-29T01:17:33.634+0000] {processor.py:179} INFO - Processing /opt/airflow/dags/dags_bash_with_macro_eg2.py took 0.128 seconds
[2023-08-29T01:18:03.972+0000] {processor.py:157} INFO - Started process (PID=4580) to work on /opt/airflow/dags/dags_bash_with_macro_eg2.py
[2023-08-29T01:18:03.973+0000] {processor.py:826} INFO - Processing file /opt/airflow/dags/dags_bash_with_macro_eg2.py for tasks to queue
[2023-08-29T01:18:03.975+0000] {logging_mixin.py:150} INFO - [2023-08-29T01:18:03.974+0000] {dagbag.py:541} INFO - Filling up the DagBag from /opt/airflow/dags/dags_bash_with_macro_eg2.py
[2023-08-29T01:18:04.001+0000] {processor.py:836} INFO - DAG(s) dict_keys(['dags_bash_with_macro_eg2']) retrieved from /opt/airflow/dags/dags_bash_with_macro_eg2.py
[2023-08-29T01:18:04.023+0000] {logging_mixin.py:150} INFO - [2023-08-29T01:18:04.023+0000] {dag.py:2742} INFO - Sync 1 DAGs
[2023-08-29T01:18:04.054+0000] {logging_mixin.py:150} INFO - [2023-08-29T01:18:04.053+0000] {dag.py:3508} INFO - Setting next_dagrun for dags_bash_with_macro_eg2 to 2023-08-12T00:10:00+00:00, run_after=2023-09-09T00:10:00+00:00
[2023-08-29T01:18:04.109+0000] {processor.py:179} INFO - Processing /opt/airflow/dags/dags_bash_with_macro_eg2.py took 0.140 seconds
[2023-08-29T01:18:34.553+0000] {processor.py:157} INFO - Started process (PID=4670) to work on /opt/airflow/dags/dags_bash_with_macro_eg2.py
[2023-08-29T01:18:34.555+0000] {processor.py:826} INFO - Processing file /opt/airflow/dags/dags_bash_with_macro_eg2.py for tasks to queue
[2023-08-29T01:18:34.556+0000] {logging_mixin.py:150} INFO - [2023-08-29T01:18:34.556+0000] {dagbag.py:541} INFO - Filling up the DagBag from /opt/airflow/dags/dags_bash_with_macro_eg2.py
[2023-08-29T01:18:34.586+0000] {processor.py:836} INFO - DAG(s) dict_keys(['dags_bash_with_macro_eg2']) retrieved from /opt/airflow/dags/dags_bash_with_macro_eg2.py
[2023-08-29T01:18:34.610+0000] {logging_mixin.py:150} INFO - [2023-08-29T01:18:34.610+0000] {dag.py:2742} INFO - Sync 1 DAGs
[2023-08-29T01:18:34.646+0000] {logging_mixin.py:150} INFO - [2023-08-29T01:18:34.646+0000] {dag.py:3508} INFO - Setting next_dagrun for dags_bash_with_macro_eg2 to 2023-08-12T00:10:00+00:00, run_after=2023-09-09T00:10:00+00:00
[2023-08-29T01:18:34.688+0000] {processor.py:179} INFO - Processing /opt/airflow/dags/dags_bash_with_macro_eg2.py took 0.137 seconds
[2023-08-29T01:19:04.761+0000] {processor.py:157} INFO - Started process (PID=4759) to work on /opt/airflow/dags/dags_bash_with_macro_eg2.py
[2023-08-29T01:19:04.762+0000] {processor.py:826} INFO - Processing file /opt/airflow/dags/dags_bash_with_macro_eg2.py for tasks to queue
[2023-08-29T01:19:04.763+0000] {logging_mixin.py:150} INFO - [2023-08-29T01:19:04.763+0000] {dagbag.py:541} INFO - Filling up the DagBag from /opt/airflow/dags/dags_bash_with_macro_eg2.py
[2023-08-29T01:19:04.792+0000] {processor.py:836} INFO - DAG(s) dict_keys(['dags_bash_with_macro_eg2']) retrieved from /opt/airflow/dags/dags_bash_with_macro_eg2.py
[2023-08-29T01:19:04.814+0000] {logging_mixin.py:150} INFO - [2023-08-29T01:19:04.814+0000] {dag.py:2742} INFO - Sync 1 DAGs
[2023-08-29T01:19:04.843+0000] {logging_mixin.py:150} INFO - [2023-08-29T01:19:04.842+0000] {dag.py:3508} INFO - Setting next_dagrun for dags_bash_with_macro_eg2 to 2023-08-12T00:10:00+00:00, run_after=2023-09-09T00:10:00+00:00
[2023-08-29T01:19:04.886+0000] {processor.py:179} INFO - Processing /opt/airflow/dags/dags_bash_with_macro_eg2.py took 0.128 seconds
[2023-08-29T01:19:35.509+0000] {processor.py:157} INFO - Started process (PID=4848) to work on /opt/airflow/dags/dags_bash_with_macro_eg2.py
[2023-08-29T01:19:35.510+0000] {processor.py:826} INFO - Processing file /opt/airflow/dags/dags_bash_with_macro_eg2.py for tasks to queue
[2023-08-29T01:19:35.511+0000] {logging_mixin.py:150} INFO - [2023-08-29T01:19:35.510+0000] {dagbag.py:541} INFO - Filling up the DagBag from /opt/airflow/dags/dags_bash_with_macro_eg2.py
[2023-08-29T01:19:35.550+0000] {processor.py:836} INFO - DAG(s) dict_keys(['dags_bash_with_macro_eg2']) retrieved from /opt/airflow/dags/dags_bash_with_macro_eg2.py
[2023-08-29T01:19:35.572+0000] {logging_mixin.py:150} INFO - [2023-08-29T01:19:35.572+0000] {dag.py:2742} INFO - Sync 1 DAGs
[2023-08-29T01:19:35.600+0000] {logging_mixin.py:150} INFO - [2023-08-29T01:19:35.600+0000] {dag.py:3508} INFO - Setting next_dagrun for dags_bash_with_macro_eg2 to 2023-08-12T00:10:00+00:00, run_after=2023-09-09T00:10:00+00:00
[2023-08-29T01:19:35.637+0000] {processor.py:179} INFO - Processing /opt/airflow/dags/dags_bash_with_macro_eg2.py took 0.133 seconds
[2023-08-29T01:20:06.266+0000] {processor.py:157} INFO - Started process (PID=4937) to work on /opt/airflow/dags/dags_bash_with_macro_eg2.py
[2023-08-29T01:20:06.267+0000] {processor.py:826} INFO - Processing file /opt/airflow/dags/dags_bash_with_macro_eg2.py for tasks to queue
[2023-08-29T01:20:06.268+0000] {logging_mixin.py:150} INFO - [2023-08-29T01:20:06.268+0000] {dagbag.py:541} INFO - Filling up the DagBag from /opt/airflow/dags/dags_bash_with_macro_eg2.py
[2023-08-29T01:20:06.298+0000] {processor.py:836} INFO - DAG(s) dict_keys(['dags_bash_with_macro_eg2']) retrieved from /opt/airflow/dags/dags_bash_with_macro_eg2.py
[2023-08-29T01:20:06.321+0000] {logging_mixin.py:150} INFO - [2023-08-29T01:20:06.320+0000] {dag.py:2742} INFO - Sync 1 DAGs
[2023-08-29T01:20:06.348+0000] {logging_mixin.py:150} INFO - [2023-08-29T01:20:06.348+0000] {dag.py:3508} INFO - Setting next_dagrun for dags_bash_with_macro_eg2 to 2023-08-12T00:10:00+00:00, run_after=2023-09-09T00:10:00+00:00
[2023-08-29T01:20:06.427+0000] {processor.py:179} INFO - Processing /opt/airflow/dags/dags_bash_with_macro_eg2.py took 0.164 seconds
[2023-08-29T01:20:36.881+0000] {processor.py:157} INFO - Started process (PID=5026) to work on /opt/airflow/dags/dags_bash_with_macro_eg2.py
[2023-08-29T01:20:36.882+0000] {processor.py:826} INFO - Processing file /opt/airflow/dags/dags_bash_with_macro_eg2.py for tasks to queue
[2023-08-29T01:20:36.883+0000] {logging_mixin.py:150} INFO - [2023-08-29T01:20:36.883+0000] {dagbag.py:541} INFO - Filling up the DagBag from /opt/airflow/dags/dags_bash_with_macro_eg2.py
[2023-08-29T01:20:36.909+0000] {processor.py:836} INFO - DAG(s) dict_keys(['dags_bash_with_macro_eg2']) retrieved from /opt/airflow/dags/dags_bash_with_macro_eg2.py
[2023-08-29T01:20:36.935+0000] {logging_mixin.py:150} INFO - [2023-08-29T01:20:36.935+0000] {dag.py:2742} INFO - Sync 1 DAGs
[2023-08-29T01:20:36.966+0000] {logging_mixin.py:150} INFO - [2023-08-29T01:20:36.966+0000] {dag.py:3508} INFO - Setting next_dagrun for dags_bash_with_macro_eg2 to 2023-08-12T00:10:00+00:00, run_after=2023-09-09T00:10:00+00:00
[2023-08-29T01:20:37.004+0000] {processor.py:179} INFO - Processing /opt/airflow/dags/dags_bash_with_macro_eg2.py took 0.126 seconds
[2023-08-29T01:21:07.444+0000] {processor.py:157} INFO - Started process (PID=5116) to work on /opt/airflow/dags/dags_bash_with_macro_eg2.py
[2023-08-29T01:21:07.445+0000] {processor.py:826} INFO - Processing file /opt/airflow/dags/dags_bash_with_macro_eg2.py for tasks to queue
[2023-08-29T01:21:07.446+0000] {logging_mixin.py:150} INFO - [2023-08-29T01:21:07.446+0000] {dagbag.py:541} INFO - Filling up the DagBag from /opt/airflow/dags/dags_bash_with_macro_eg2.py
[2023-08-29T01:21:07.475+0000] {processor.py:836} INFO - DAG(s) dict_keys(['dags_bash_with_macro_eg2']) retrieved from /opt/airflow/dags/dags_bash_with_macro_eg2.py
[2023-08-29T01:21:07.500+0000] {logging_mixin.py:150} INFO - [2023-08-29T01:21:07.500+0000] {dag.py:2742} INFO - Sync 1 DAGs
[2023-08-29T01:21:07.530+0000] {logging_mixin.py:150} INFO - [2023-08-29T01:21:07.530+0000] {dag.py:3508} INFO - Setting next_dagrun for dags_bash_with_macro_eg2 to 2023-08-12T00:10:00+00:00, run_after=2023-09-09T00:10:00+00:00
[2023-08-29T01:21:07.568+0000] {processor.py:179} INFO - Processing /opt/airflow/dags/dags_bash_with_macro_eg2.py took 0.127 seconds
[2023-08-29T01:21:37.964+0000] {processor.py:157} INFO - Started process (PID=5205) to work on /opt/airflow/dags/dags_bash_with_macro_eg2.py
[2023-08-29T01:21:37.965+0000] {processor.py:826} INFO - Processing file /opt/airflow/dags/dags_bash_with_macro_eg2.py for tasks to queue
[2023-08-29T01:21:37.967+0000] {logging_mixin.py:150} INFO - [2023-08-29T01:21:37.966+0000] {dagbag.py:541} INFO - Filling up the DagBag from /opt/airflow/dags/dags_bash_with_macro_eg2.py
[2023-08-29T01:21:37.993+0000] {processor.py:836} INFO - DAG(s) dict_keys(['dags_bash_with_macro_eg2']) retrieved from /opt/airflow/dags/dags_bash_with_macro_eg2.py
[2023-08-29T01:21:38.013+0000] {logging_mixin.py:150} INFO - [2023-08-29T01:21:38.013+0000] {dag.py:2742} INFO - Sync 1 DAGs
[2023-08-29T01:21:38.040+0000] {logging_mixin.py:150} INFO - [2023-08-29T01:21:38.039+0000] {dag.py:3508} INFO - Setting next_dagrun for dags_bash_with_macro_eg2 to 2023-08-12T00:10:00+00:00, run_after=2023-09-09T00:10:00+00:00
[2023-08-29T01:21:38.078+0000] {processor.py:179} INFO - Processing /opt/airflow/dags/dags_bash_with_macro_eg2.py took 0.117 seconds
[2023-08-29T01:22:08.503+0000] {processor.py:157} INFO - Started process (PID=5295) to work on /opt/airflow/dags/dags_bash_with_macro_eg2.py
[2023-08-29T01:22:08.504+0000] {processor.py:826} INFO - Processing file /opt/airflow/dags/dags_bash_with_macro_eg2.py for tasks to queue
[2023-08-29T01:22:08.506+0000] {logging_mixin.py:150} INFO - [2023-08-29T01:22:08.505+0000] {dagbag.py:541} INFO - Filling up the DagBag from /opt/airflow/dags/dags_bash_with_macro_eg2.py
[2023-08-29T01:22:08.538+0000] {processor.py:836} INFO - DAG(s) dict_keys(['dags_bash_with_macro_eg2']) retrieved from /opt/airflow/dags/dags_bash_with_macro_eg2.py
[2023-08-29T01:22:08.564+0000] {logging_mixin.py:150} INFO - [2023-08-29T01:22:08.564+0000] {dag.py:2742} INFO - Sync 1 DAGs
[2023-08-29T01:22:08.596+0000] {logging_mixin.py:150} INFO - [2023-08-29T01:22:08.595+0000] {dag.py:3508} INFO - Setting next_dagrun for dags_bash_with_macro_eg2 to 2023-08-12T00:10:00+00:00, run_after=2023-09-09T00:10:00+00:00
[2023-08-29T01:22:08.635+0000] {processor.py:179} INFO - Processing /opt/airflow/dags/dags_bash_with_macro_eg2.py took 0.135 seconds
[2023-08-29T01:22:39.221+0000] {processor.py:157} INFO - Started process (PID=5368) to work on /opt/airflow/dags/dags_bash_with_macro_eg2.py
[2023-08-29T01:22:39.222+0000] {processor.py:826} INFO - Processing file /opt/airflow/dags/dags_bash_with_macro_eg2.py for tasks to queue
[2023-08-29T01:22:39.223+0000] {logging_mixin.py:150} INFO - [2023-08-29T01:22:39.223+0000] {dagbag.py:541} INFO - Filling up the DagBag from /opt/airflow/dags/dags_bash_with_macro_eg2.py
[2023-08-29T01:22:39.251+0000] {processor.py:836} INFO - DAG(s) dict_keys(['dags_bash_with_macro_eg2']) retrieved from /opt/airflow/dags/dags_bash_with_macro_eg2.py
[2023-08-29T01:22:39.277+0000] {logging_mixin.py:150} INFO - [2023-08-29T01:22:39.277+0000] {dag.py:2742} INFO - Sync 1 DAGs
[2023-08-29T01:22:39.312+0000] {logging_mixin.py:150} INFO - [2023-08-29T01:22:39.311+0000] {dag.py:3508} INFO - Setting next_dagrun for dags_bash_with_macro_eg2 to 2023-08-12T00:10:00+00:00, run_after=2023-09-09T00:10:00+00:00
[2023-08-29T01:22:39.358+0000] {processor.py:179} INFO - Processing /opt/airflow/dags/dags_bash_with_macro_eg2.py took 0.141 seconds
[2023-08-29T01:23:09.973+0000] {processor.py:157} INFO - Started process (PID=5458) to work on /opt/airflow/dags/dags_bash_with_macro_eg2.py
[2023-08-29T01:23:09.974+0000] {processor.py:826} INFO - Processing file /opt/airflow/dags/dags_bash_with_macro_eg2.py for tasks to queue
[2023-08-29T01:23:09.976+0000] {logging_mixin.py:150} INFO - [2023-08-29T01:23:09.975+0000] {dagbag.py:541} INFO - Filling up the DagBag from /opt/airflow/dags/dags_bash_with_macro_eg2.py
[2023-08-29T01:23:10.006+0000] {processor.py:836} INFO - DAG(s) dict_keys(['dags_bash_with_macro_eg2']) retrieved from /opt/airflow/dags/dags_bash_with_macro_eg2.py
[2023-08-29T01:23:10.032+0000] {logging_mixin.py:150} INFO - [2023-08-29T01:23:10.032+0000] {dag.py:2742} INFO - Sync 1 DAGs
[2023-08-29T01:23:10.069+0000] {logging_mixin.py:150} INFO - [2023-08-29T01:23:10.068+0000] {dag.py:3508} INFO - Setting next_dagrun for dags_bash_with_macro_eg2 to 2023-08-12T00:10:00+00:00, run_after=2023-09-09T00:10:00+00:00
[2023-08-29T01:23:10.110+0000] {processor.py:179} INFO - Processing /opt/airflow/dags/dags_bash_with_macro_eg2.py took 0.140 seconds
[2023-08-29T01:23:40.516+0000] {processor.py:157} INFO - Started process (PID=5548) to work on /opt/airflow/dags/dags_bash_with_macro_eg2.py
[2023-08-29T01:23:40.517+0000] {processor.py:826} INFO - Processing file /opt/airflow/dags/dags_bash_with_macro_eg2.py for tasks to queue
[2023-08-29T01:23:40.518+0000] {logging_mixin.py:150} INFO - [2023-08-29T01:23:40.518+0000] {dagbag.py:541} INFO - Filling up the DagBag from /opt/airflow/dags/dags_bash_with_macro_eg2.py
[2023-08-29T01:23:40.547+0000] {processor.py:836} INFO - DAG(s) dict_keys(['dags_bash_with_macro_eg2']) retrieved from /opt/airflow/dags/dags_bash_with_macro_eg2.py
[2023-08-29T01:23:40.570+0000] {logging_mixin.py:150} INFO - [2023-08-29T01:23:40.570+0000] {dag.py:2742} INFO - Sync 1 DAGs
[2023-08-29T01:23:40.598+0000] {logging_mixin.py:150} INFO - [2023-08-29T01:23:40.598+0000] {dag.py:3508} INFO - Setting next_dagrun for dags_bash_with_macro_eg2 to 2023-08-12T00:10:00+00:00, run_after=2023-09-09T00:10:00+00:00
[2023-08-29T01:23:40.636+0000] {processor.py:179} INFO - Processing /opt/airflow/dags/dags_bash_with_macro_eg2.py took 0.123 seconds
[2023-08-29T01:24:10.837+0000] {processor.py:157} INFO - Started process (PID=5638) to work on /opt/airflow/dags/dags_bash_with_macro_eg2.py
[2023-08-29T01:24:10.838+0000] {processor.py:826} INFO - Processing file /opt/airflow/dags/dags_bash_with_macro_eg2.py for tasks to queue
[2023-08-29T01:24:10.839+0000] {logging_mixin.py:150} INFO - [2023-08-29T01:24:10.839+0000] {dagbag.py:541} INFO - Filling up the DagBag from /opt/airflow/dags/dags_bash_with_macro_eg2.py
[2023-08-29T01:24:10.866+0000] {processor.py:836} INFO - DAG(s) dict_keys(['dags_bash_with_macro_eg2']) retrieved from /opt/airflow/dags/dags_bash_with_macro_eg2.py
[2023-08-29T01:24:10.887+0000] {logging_mixin.py:150} INFO - [2023-08-29T01:24:10.887+0000] {dag.py:2742} INFO - Sync 1 DAGs
[2023-08-29T01:24:10.915+0000] {logging_mixin.py:150} INFO - [2023-08-29T01:24:10.915+0000] {dag.py:3508} INFO - Setting next_dagrun for dags_bash_with_macro_eg2 to 2023-08-12T00:10:00+00:00, run_after=2023-09-09T00:10:00+00:00
[2023-08-29T01:24:10.955+0000] {processor.py:179} INFO - Processing /opt/airflow/dags/dags_bash_with_macro_eg2.py took 0.121 seconds
[2023-08-29T01:24:41.458+0000] {processor.py:157} INFO - Started process (PID=5728) to work on /opt/airflow/dags/dags_bash_with_macro_eg2.py
[2023-08-29T01:24:41.459+0000] {processor.py:826} INFO - Processing file /opt/airflow/dags/dags_bash_with_macro_eg2.py for tasks to queue
[2023-08-29T01:24:41.460+0000] {logging_mixin.py:150} INFO - [2023-08-29T01:24:41.460+0000] {dagbag.py:541} INFO - Filling up the DagBag from /opt/airflow/dags/dags_bash_with_macro_eg2.py
[2023-08-29T01:24:41.490+0000] {processor.py:836} INFO - DAG(s) dict_keys(['dags_bash_with_macro_eg2']) retrieved from /opt/airflow/dags/dags_bash_with_macro_eg2.py
[2023-08-29T01:24:41.511+0000] {logging_mixin.py:150} INFO - [2023-08-29T01:24:41.511+0000] {dag.py:2742} INFO - Sync 1 DAGs
[2023-08-29T01:24:41.540+0000] {logging_mixin.py:150} INFO - [2023-08-29T01:24:41.540+0000] {dag.py:3508} INFO - Setting next_dagrun for dags_bash_with_macro_eg2 to 2023-08-12T00:10:00+00:00, run_after=2023-09-09T00:10:00+00:00
[2023-08-29T01:24:41.580+0000] {processor.py:179} INFO - Processing /opt/airflow/dags/dags_bash_with_macro_eg2.py took 0.124 seconds
[2023-08-29T01:25:12.100+0000] {processor.py:157} INFO - Started process (PID=5819) to work on /opt/airflow/dags/dags_bash_with_macro_eg2.py
[2023-08-29T01:25:12.102+0000] {processor.py:826} INFO - Processing file /opt/airflow/dags/dags_bash_with_macro_eg2.py for tasks to queue
[2023-08-29T01:25:12.104+0000] {logging_mixin.py:150} INFO - [2023-08-29T01:25:12.103+0000] {dagbag.py:541} INFO - Filling up the DagBag from /opt/airflow/dags/dags_bash_with_macro_eg2.py
[2023-08-29T01:25:12.134+0000] {processor.py:836} INFO - DAG(s) dict_keys(['dags_bash_with_macro_eg2']) retrieved from /opt/airflow/dags/dags_bash_with_macro_eg2.py
[2023-08-29T01:25:12.158+0000] {logging_mixin.py:150} INFO - [2023-08-29T01:25:12.158+0000] {dag.py:2742} INFO - Sync 1 DAGs
[2023-08-29T01:25:12.202+0000] {logging_mixin.py:150} INFO - [2023-08-29T01:25:12.202+0000] {dag.py:3508} INFO - Setting next_dagrun for dags_bash_with_macro_eg2 to 2023-08-12T00:10:00+00:00, run_after=2023-09-09T00:10:00+00:00
[2023-08-29T01:25:12.256+0000] {processor.py:179} INFO - Processing /opt/airflow/dags/dags_bash_with_macro_eg2.py took 0.159 seconds
[2023-08-29T01:25:42.665+0000] {processor.py:157} INFO - Started process (PID=5909) to work on /opt/airflow/dags/dags_bash_with_macro_eg2.py
[2023-08-29T01:25:42.666+0000] {processor.py:826} INFO - Processing file /opt/airflow/dags/dags_bash_with_macro_eg2.py for tasks to queue
[2023-08-29T01:25:42.667+0000] {logging_mixin.py:150} INFO - [2023-08-29T01:25:42.667+0000] {dagbag.py:541} INFO - Filling up the DagBag from /opt/airflow/dags/dags_bash_with_macro_eg2.py
[2023-08-29T01:25:42.698+0000] {processor.py:836} INFO - DAG(s) dict_keys(['dags_bash_with_macro_eg2']) retrieved from /opt/airflow/dags/dags_bash_with_macro_eg2.py
[2023-08-29T01:25:42.722+0000] {logging_mixin.py:150} INFO - [2023-08-29T01:25:42.721+0000] {dag.py:2742} INFO - Sync 1 DAGs
[2023-08-29T01:25:42.754+0000] {logging_mixin.py:150} INFO - [2023-08-29T01:25:42.754+0000] {dag.py:3508} INFO - Setting next_dagrun for dags_bash_with_macro_eg2 to 2023-08-12T00:10:00+00:00, run_after=2023-09-09T00:10:00+00:00
[2023-08-29T01:25:42.798+0000] {processor.py:179} INFO - Processing /opt/airflow/dags/dags_bash_with_macro_eg2.py took 0.138 seconds
[2023-08-29T01:26:13.387+0000] {processor.py:157} INFO - Started process (PID=5999) to work on /opt/airflow/dags/dags_bash_with_macro_eg2.py
[2023-08-29T01:26:13.388+0000] {processor.py:826} INFO - Processing file /opt/airflow/dags/dags_bash_with_macro_eg2.py for tasks to queue
[2023-08-29T01:26:13.389+0000] {logging_mixin.py:150} INFO - [2023-08-29T01:26:13.389+0000] {dagbag.py:541} INFO - Filling up the DagBag from /opt/airflow/dags/dags_bash_with_macro_eg2.py
[2023-08-29T01:26:13.417+0000] {processor.py:836} INFO - DAG(s) dict_keys(['dags_bash_with_macro_eg2']) retrieved from /opt/airflow/dags/dags_bash_with_macro_eg2.py
[2023-08-29T01:26:13.438+0000] {logging_mixin.py:150} INFO - [2023-08-29T01:26:13.438+0000] {dag.py:2742} INFO - Sync 1 DAGs
[2023-08-29T01:26:13.467+0000] {logging_mixin.py:150} INFO - [2023-08-29T01:26:13.467+0000] {dag.py:3508} INFO - Setting next_dagrun for dags_bash_with_macro_eg2 to 2023-08-12T00:10:00+00:00, run_after=2023-09-09T00:10:00+00:00
[2023-08-29T01:26:13.506+0000] {processor.py:179} INFO - Processing /opt/airflow/dags/dags_bash_with_macro_eg2.py took 0.122 seconds
[2023-08-29T01:26:43.995+0000] {processor.py:157} INFO - Started process (PID=6090) to work on /opt/airflow/dags/dags_bash_with_macro_eg2.py
[2023-08-29T01:26:43.996+0000] {processor.py:826} INFO - Processing file /opt/airflow/dags/dags_bash_with_macro_eg2.py for tasks to queue
[2023-08-29T01:26:43.998+0000] {logging_mixin.py:150} INFO - [2023-08-29T01:26:43.998+0000] {dagbag.py:541} INFO - Filling up the DagBag from /opt/airflow/dags/dags_bash_with_macro_eg2.py
[2023-08-29T01:26:44.032+0000] {processor.py:836} INFO - DAG(s) dict_keys(['dags_bash_with_macro_eg2']) retrieved from /opt/airflow/dags/dags_bash_with_macro_eg2.py
[2023-08-29T01:26:44.062+0000] {logging_mixin.py:150} INFO - [2023-08-29T01:26:44.061+0000] {dag.py:2742} INFO - Sync 1 DAGs
[2023-08-29T01:26:44.100+0000] {logging_mixin.py:150} INFO - [2023-08-29T01:26:44.100+0000] {dag.py:3508} INFO - Setting next_dagrun for dags_bash_with_macro_eg2 to 2023-08-12T00:10:00+00:00, run_after=2023-09-09T00:10:00+00:00
[2023-08-29T01:26:44.171+0000] {processor.py:179} INFO - Processing /opt/airflow/dags/dags_bash_with_macro_eg2.py took 0.180 seconds
[2023-08-29T01:27:14.931+0000] {processor.py:157} INFO - Started process (PID=6180) to work on /opt/airflow/dags/dags_bash_with_macro_eg2.py
[2023-08-29T01:27:14.932+0000] {processor.py:826} INFO - Processing file /opt/airflow/dags/dags_bash_with_macro_eg2.py for tasks to queue
[2023-08-29T01:27:14.933+0000] {logging_mixin.py:150} INFO - [2023-08-29T01:27:14.933+0000] {dagbag.py:541} INFO - Filling up the DagBag from /opt/airflow/dags/dags_bash_with_macro_eg2.py
[2023-08-29T01:27:14.962+0000] {processor.py:836} INFO - DAG(s) dict_keys(['dags_bash_with_macro_eg2']) retrieved from /opt/airflow/dags/dags_bash_with_macro_eg2.py
[2023-08-29T01:27:14.986+0000] {logging_mixin.py:150} INFO - [2023-08-29T01:27:14.986+0000] {dag.py:2742} INFO - Sync 1 DAGs
[2023-08-29T01:27:15.015+0000] {logging_mixin.py:150} INFO - [2023-08-29T01:27:15.015+0000] {dag.py:3508} INFO - Setting next_dagrun for dags_bash_with_macro_eg2 to 2023-08-12T00:10:00+00:00, run_after=2023-09-09T00:10:00+00:00
[2023-08-29T01:27:15.056+0000] {processor.py:179} INFO - Processing /opt/airflow/dags/dags_bash_with_macro_eg2.py took 0.128 seconds
[2023-08-29T01:27:45.294+0000] {processor.py:157} INFO - Started process (PID=6270) to work on /opt/airflow/dags/dags_bash_with_macro_eg2.py
[2023-08-29T01:27:45.296+0000] {processor.py:826} INFO - Processing file /opt/airflow/dags/dags_bash_with_macro_eg2.py for tasks to queue
[2023-08-29T01:27:45.297+0000] {logging_mixin.py:150} INFO - [2023-08-29T01:27:45.296+0000] {dagbag.py:541} INFO - Filling up the DagBag from /opt/airflow/dags/dags_bash_with_macro_eg2.py
[2023-08-29T01:27:45.327+0000] {processor.py:836} INFO - DAG(s) dict_keys(['dags_bash_with_macro_eg2']) retrieved from /opt/airflow/dags/dags_bash_with_macro_eg2.py
[2023-08-29T01:27:45.352+0000] {logging_mixin.py:150} INFO - [2023-08-29T01:27:45.352+0000] {dag.py:2742} INFO - Sync 1 DAGs
[2023-08-29T01:27:45.386+0000] {logging_mixin.py:150} INFO - [2023-08-29T01:27:45.385+0000] {dag.py:3508} INFO - Setting next_dagrun for dags_bash_with_macro_eg2 to 2023-08-12T00:10:00+00:00, run_after=2023-09-09T00:10:00+00:00
[2023-08-29T01:27:45.427+0000] {processor.py:179} INFO - Processing /opt/airflow/dags/dags_bash_with_macro_eg2.py took 0.135 seconds
[2023-08-29T01:28:15.954+0000] {processor.py:157} INFO - Started process (PID=6367) to work on /opt/airflow/dags/dags_bash_with_macro_eg2.py
[2023-08-29T01:28:15.956+0000] {processor.py:826} INFO - Processing file /opt/airflow/dags/dags_bash_with_macro_eg2.py for tasks to queue
[2023-08-29T01:28:15.957+0000] {logging_mixin.py:150} INFO - [2023-08-29T01:28:15.956+0000] {dagbag.py:541} INFO - Filling up the DagBag from /opt/airflow/dags/dags_bash_with_macro_eg2.py
[2023-08-29T01:28:15.989+0000] {processor.py:836} INFO - DAG(s) dict_keys(['dags_bash_with_macro_eg2']) retrieved from /opt/airflow/dags/dags_bash_with_macro_eg2.py
[2023-08-29T01:28:16.012+0000] {logging_mixin.py:150} INFO - [2023-08-29T01:28:16.012+0000] {dag.py:2742} INFO - Sync 1 DAGs
[2023-08-29T01:28:16.042+0000] {logging_mixin.py:150} INFO - [2023-08-29T01:28:16.042+0000] {dag.py:3508} INFO - Setting next_dagrun for dags_bash_with_macro_eg2 to 2023-08-12T00:10:00+00:00, run_after=2023-09-09T00:10:00+00:00
[2023-08-29T01:28:16.081+0000] {processor.py:179} INFO - Processing /opt/airflow/dags/dags_bash_with_macro_eg2.py took 0.129 seconds
[2023-08-29T01:28:46.380+0000] {processor.py:157} INFO - Started process (PID=6457) to work on /opt/airflow/dags/dags_bash_with_macro_eg2.py
[2023-08-29T01:28:46.381+0000] {processor.py:826} INFO - Processing file /opt/airflow/dags/dags_bash_with_macro_eg2.py for tasks to queue
[2023-08-29T01:28:46.382+0000] {logging_mixin.py:150} INFO - [2023-08-29T01:28:46.382+0000] {dagbag.py:541} INFO - Filling up the DagBag from /opt/airflow/dags/dags_bash_with_macro_eg2.py
[2023-08-29T01:28:46.409+0000] {processor.py:836} INFO - DAG(s) dict_keys(['dags_bash_with_macro_eg2']) retrieved from /opt/airflow/dags/dags_bash_with_macro_eg2.py
[2023-08-29T01:28:46.436+0000] {logging_mixin.py:150} INFO - [2023-08-29T01:28:46.436+0000] {dag.py:2742} INFO - Sync 1 DAGs
[2023-08-29T01:28:46.468+0000] {logging_mixin.py:150} INFO - [2023-08-29T01:28:46.467+0000] {dag.py:3508} INFO - Setting next_dagrun for dags_bash_with_macro_eg2 to 2023-08-12T00:10:00+00:00, run_after=2023-09-09T00:10:00+00:00
[2023-08-29T01:28:46.508+0000] {processor.py:179} INFO - Processing /opt/airflow/dags/dags_bash_with_macro_eg2.py took 0.131 seconds
[2023-08-29T01:29:16.820+0000] {processor.py:157} INFO - Started process (PID=6547) to work on /opt/airflow/dags/dags_bash_with_macro_eg2.py
[2023-08-29T01:29:16.822+0000] {processor.py:826} INFO - Processing file /opt/airflow/dags/dags_bash_with_macro_eg2.py for tasks to queue
[2023-08-29T01:29:16.823+0000] {logging_mixin.py:150} INFO - [2023-08-29T01:29:16.823+0000] {dagbag.py:541} INFO - Filling up the DagBag from /opt/airflow/dags/dags_bash_with_macro_eg2.py
[2023-08-29T01:29:16.853+0000] {processor.py:836} INFO - DAG(s) dict_keys(['dags_bash_with_macro_eg2']) retrieved from /opt/airflow/dags/dags_bash_with_macro_eg2.py
[2023-08-29T01:29:16.987+0000] {logging_mixin.py:150} INFO - [2023-08-29T01:29:16.986+0000] {dag.py:2742} INFO - Sync 1 DAGs
[2023-08-29T01:29:17.029+0000] {logging_mixin.py:150} INFO - [2023-08-29T01:29:17.028+0000] {dag.py:3508} INFO - Setting next_dagrun for dags_bash_with_macro_eg2 to 2023-08-12T00:10:00+00:00, run_after=2023-09-09T00:10:00+00:00
[2023-08-29T01:29:17.154+0000] {processor.py:179} INFO - Processing /opt/airflow/dags/dags_bash_with_macro_eg2.py took 0.337 seconds
[2023-08-29T01:29:47.506+0000] {processor.py:157} INFO - Started process (PID=6637) to work on /opt/airflow/dags/dags_bash_with_macro_eg2.py
[2023-08-29T01:29:47.507+0000] {processor.py:826} INFO - Processing file /opt/airflow/dags/dags_bash_with_macro_eg2.py for tasks to queue
[2023-08-29T01:29:47.508+0000] {logging_mixin.py:150} INFO - [2023-08-29T01:29:47.508+0000] {dagbag.py:541} INFO - Filling up the DagBag from /opt/airflow/dags/dags_bash_with_macro_eg2.py
[2023-08-29T01:29:47.538+0000] {processor.py:836} INFO - DAG(s) dict_keys(['dags_bash_with_macro_eg2']) retrieved from /opt/airflow/dags/dags_bash_with_macro_eg2.py
[2023-08-29T01:29:47.562+0000] {logging_mixin.py:150} INFO - [2023-08-29T01:29:47.562+0000] {dag.py:2742} INFO - Sync 1 DAGs
[2023-08-29T01:29:47.594+0000] {logging_mixin.py:150} INFO - [2023-08-29T01:29:47.594+0000] {dag.py:3508} INFO - Setting next_dagrun for dags_bash_with_macro_eg2 to 2023-08-12T00:10:00+00:00, run_after=2023-09-09T00:10:00+00:00
[2023-08-29T01:29:47.637+0000] {processor.py:179} INFO - Processing /opt/airflow/dags/dags_bash_with_macro_eg2.py took 0.134 seconds
[2023-08-29T01:30:18.189+0000] {processor.py:157} INFO - Started process (PID=6727) to work on /opt/airflow/dags/dags_bash_with_macro_eg2.py
[2023-08-29T01:30:18.191+0000] {processor.py:826} INFO - Processing file /opt/airflow/dags/dags_bash_with_macro_eg2.py for tasks to queue
[2023-08-29T01:30:18.192+0000] {logging_mixin.py:150} INFO - [2023-08-29T01:30:18.192+0000] {dagbag.py:541} INFO - Filling up the DagBag from /opt/airflow/dags/dags_bash_with_macro_eg2.py
[2023-08-29T01:30:18.221+0000] {processor.py:836} INFO - DAG(s) dict_keys(['dags_bash_with_macro_eg2']) retrieved from /opt/airflow/dags/dags_bash_with_macro_eg2.py
[2023-08-29T01:30:18.247+0000] {logging_mixin.py:150} INFO - [2023-08-29T01:30:18.247+0000] {dag.py:2742} INFO - Sync 1 DAGs
[2023-08-29T01:30:18.284+0000] {logging_mixin.py:150} INFO - [2023-08-29T01:30:18.283+0000] {dag.py:3508} INFO - Setting next_dagrun for dags_bash_with_macro_eg2 to 2023-08-12T00:10:00+00:00, run_after=2023-09-09T00:10:00+00:00
[2023-08-29T01:30:18.326+0000] {processor.py:179} INFO - Processing /opt/airflow/dags/dags_bash_with_macro_eg2.py took 0.140 seconds
