[2023-08-29T00:52:05.784+0000] {processor.py:157} INFO - Started process (PID=32) to work on /opt/airflow/dags/dags_bash_python_with_xcom.py
[2023-08-29T00:52:05.785+0000] {processor.py:826} INFO - Processing file /opt/airflow/dags/dags_bash_python_with_xcom.py for tasks to queue
[2023-08-29T00:52:05.786+0000] {logging_mixin.py:150} INFO - [2023-08-29T00:52:05.786+0000] {dagbag.py:541} INFO - Filling up the DagBag from /opt/airflow/dags/dags_bash_python_with_xcom.py
[2023-08-29T00:52:05.816+0000] {processor.py:836} INFO - DAG(s) dict_keys(['dags_bash_python_with_xcom']) retrieved from /opt/airflow/dags/dags_bash_python_with_xcom.py
[2023-08-29T00:52:06.058+0000] {logging_mixin.py:150} INFO - [2023-08-29T00:52:06.058+0000] {dag.py:2742} INFO - Sync 1 DAGs
[2023-08-29T00:52:06.085+0000] {logging_mixin.py:150} INFO - [2023-08-29T00:52:06.084+0000] {dag.py:3508} INFO - Setting next_dagrun for dags_bash_python_with_xcom to 2023-08-28T09:30:00+00:00, run_after=2023-08-29T09:30:00+00:00
[2023-08-29T00:52:06.137+0000] {processor.py:179} INFO - Processing /opt/airflow/dags/dags_bash_python_with_xcom.py took 0.356 seconds
[2023-08-29T00:52:36.435+0000] {processor.py:157} INFO - Started process (PID=121) to work on /opt/airflow/dags/dags_bash_python_with_xcom.py
[2023-08-29T00:52:36.436+0000] {processor.py:826} INFO - Processing file /opt/airflow/dags/dags_bash_python_with_xcom.py for tasks to queue
[2023-08-29T00:52:36.437+0000] {logging_mixin.py:150} INFO - [2023-08-29T00:52:36.436+0000] {dagbag.py:541} INFO - Filling up the DagBag from /opt/airflow/dags/dags_bash_python_with_xcom.py
[2023-08-29T00:52:36.469+0000] {processor.py:836} INFO - DAG(s) dict_keys(['dags_bash_python_with_xcom']) retrieved from /opt/airflow/dags/dags_bash_python_with_xcom.py
[2023-08-29T00:52:36.491+0000] {logging_mixin.py:150} INFO - [2023-08-29T00:52:36.491+0000] {dag.py:2742} INFO - Sync 1 DAGs
[2023-08-29T00:52:36.517+0000] {logging_mixin.py:150} INFO - [2023-08-29T00:52:36.517+0000] {dag.py:3508} INFO - Setting next_dagrun for dags_bash_python_with_xcom to 2023-08-28T09:30:00+00:00, run_after=2023-08-29T09:30:00+00:00
[2023-08-29T00:52:36.573+0000] {processor.py:179} INFO - Processing /opt/airflow/dags/dags_bash_python_with_xcom.py took 0.142 seconds
[2023-08-29T00:53:06.785+0000] {processor.py:157} INFO - Started process (PID=211) to work on /opt/airflow/dags/dags_bash_python_with_xcom.py
[2023-08-29T00:53:06.786+0000] {processor.py:826} INFO - Processing file /opt/airflow/dags/dags_bash_python_with_xcom.py for tasks to queue
[2023-08-29T00:53:06.787+0000] {logging_mixin.py:150} INFO - [2023-08-29T00:53:06.786+0000] {dagbag.py:541} INFO - Filling up the DagBag from /opt/airflow/dags/dags_bash_python_with_xcom.py
[2023-08-29T00:53:06.817+0000] {processor.py:836} INFO - DAG(s) dict_keys(['dags_bash_python_with_xcom']) retrieved from /opt/airflow/dags/dags_bash_python_with_xcom.py
[2023-08-29T00:53:06.837+0000] {logging_mixin.py:150} INFO - [2023-08-29T00:53:06.836+0000] {dag.py:2742} INFO - Sync 1 DAGs
[2023-08-29T00:53:06.862+0000] {logging_mixin.py:150} INFO - [2023-08-29T00:53:06.862+0000] {dag.py:3508} INFO - Setting next_dagrun for dags_bash_python_with_xcom to 2023-08-28T09:30:00+00:00, run_after=2023-08-29T09:30:00+00:00
[2023-08-29T00:53:06.916+0000] {processor.py:179} INFO - Processing /opt/airflow/dags/dags_bash_python_with_xcom.py took 0.134 seconds
[2023-08-29T00:53:37.460+0000] {processor.py:157} INFO - Started process (PID=300) to work on /opt/airflow/dags/dags_bash_python_with_xcom.py
[2023-08-29T00:53:37.461+0000] {processor.py:826} INFO - Processing file /opt/airflow/dags/dags_bash_python_with_xcom.py for tasks to queue
[2023-08-29T00:53:37.462+0000] {logging_mixin.py:150} INFO - [2023-08-29T00:53:37.462+0000] {dagbag.py:541} INFO - Filling up the DagBag from /opt/airflow/dags/dags_bash_python_with_xcom.py
[2023-08-29T00:53:37.493+0000] {processor.py:836} INFO - DAG(s) dict_keys(['dags_bash_python_with_xcom']) retrieved from /opt/airflow/dags/dags_bash_python_with_xcom.py
[2023-08-29T00:53:37.514+0000] {logging_mixin.py:150} INFO - [2023-08-29T00:53:37.514+0000] {dag.py:2742} INFO - Sync 1 DAGs
[2023-08-29T00:53:37.543+0000] {logging_mixin.py:150} INFO - [2023-08-29T00:53:37.543+0000] {dag.py:3508} INFO - Setting next_dagrun for dags_bash_python_with_xcom to 2023-08-28T09:30:00+00:00, run_after=2023-08-29T09:30:00+00:00
[2023-08-29T00:53:37.636+0000] {processor.py:179} INFO - Processing /opt/airflow/dags/dags_bash_python_with_xcom.py took 0.179 seconds
[2023-08-29T00:54:08.092+0000] {processor.py:157} INFO - Started process (PID=389) to work on /opt/airflow/dags/dags_bash_python_with_xcom.py
[2023-08-29T00:54:08.093+0000] {processor.py:826} INFO - Processing file /opt/airflow/dags/dags_bash_python_with_xcom.py for tasks to queue
[2023-08-29T00:54:08.095+0000] {logging_mixin.py:150} INFO - [2023-08-29T00:54:08.094+0000] {dagbag.py:541} INFO - Filling up the DagBag from /opt/airflow/dags/dags_bash_python_with_xcom.py
[2023-08-29T00:54:08.126+0000] {processor.py:836} INFO - DAG(s) dict_keys(['dags_bash_python_with_xcom']) retrieved from /opt/airflow/dags/dags_bash_python_with_xcom.py
[2023-08-29T00:54:08.151+0000] {logging_mixin.py:150} INFO - [2023-08-29T00:54:08.151+0000] {dag.py:2742} INFO - Sync 1 DAGs
[2023-08-29T00:54:08.185+0000] {logging_mixin.py:150} INFO - [2023-08-29T00:54:08.185+0000] {dag.py:3508} INFO - Setting next_dagrun for dags_bash_python_with_xcom to 2023-08-28T09:30:00+00:00, run_after=2023-08-29T09:30:00+00:00
[2023-08-29T00:54:08.238+0000] {processor.py:179} INFO - Processing /opt/airflow/dags/dags_bash_python_with_xcom.py took 0.150 seconds
[2023-08-29T00:54:38.813+0000] {processor.py:157} INFO - Started process (PID=478) to work on /opt/airflow/dags/dags_bash_python_with_xcom.py
[2023-08-29T00:54:38.814+0000] {processor.py:826} INFO - Processing file /opt/airflow/dags/dags_bash_python_with_xcom.py for tasks to queue
[2023-08-29T00:54:38.815+0000] {logging_mixin.py:150} INFO - [2023-08-29T00:54:38.815+0000] {dagbag.py:541} INFO - Filling up the DagBag from /opt/airflow/dags/dags_bash_python_with_xcom.py
[2023-08-29T00:54:38.844+0000] {processor.py:836} INFO - DAG(s) dict_keys(['dags_bash_python_with_xcom']) retrieved from /opt/airflow/dags/dags_bash_python_with_xcom.py
[2023-08-29T00:54:38.866+0000] {logging_mixin.py:150} INFO - [2023-08-29T00:54:38.866+0000] {dag.py:2742} INFO - Sync 1 DAGs
[2023-08-29T00:54:38.894+0000] {logging_mixin.py:150} INFO - [2023-08-29T00:54:38.893+0000] {dag.py:3508} INFO - Setting next_dagrun for dags_bash_python_with_xcom to 2023-08-28T09:30:00+00:00, run_after=2023-08-29T09:30:00+00:00
[2023-08-29T00:54:38.956+0000] {processor.py:179} INFO - Processing /opt/airflow/dags/dags_bash_python_with_xcom.py took 0.147 seconds
[2023-08-29T00:55:09.305+0000] {processor.py:157} INFO - Started process (PID=567) to work on /opt/airflow/dags/dags_bash_python_with_xcom.py
[2023-08-29T00:55:09.307+0000] {processor.py:826} INFO - Processing file /opt/airflow/dags/dags_bash_python_with_xcom.py for tasks to queue
[2023-08-29T00:55:09.308+0000] {logging_mixin.py:150} INFO - [2023-08-29T00:55:09.307+0000] {dagbag.py:541} INFO - Filling up the DagBag from /opt/airflow/dags/dags_bash_python_with_xcom.py
[2023-08-29T00:55:09.339+0000] {processor.py:836} INFO - DAG(s) dict_keys(['dags_bash_python_with_xcom']) retrieved from /opt/airflow/dags/dags_bash_python_with_xcom.py
[2023-08-29T00:55:09.364+0000] {logging_mixin.py:150} INFO - [2023-08-29T00:55:09.364+0000] {dag.py:2742} INFO - Sync 1 DAGs
[2023-08-29T00:55:09.391+0000] {logging_mixin.py:150} INFO - [2023-08-29T00:55:09.391+0000] {dag.py:3508} INFO - Setting next_dagrun for dags_bash_python_with_xcom to 2023-08-28T09:30:00+00:00, run_after=2023-08-29T09:30:00+00:00
[2023-08-29T00:55:09.448+0000] {processor.py:179} INFO - Processing /opt/airflow/dags/dags_bash_python_with_xcom.py took 0.146 seconds
[2023-08-29T00:55:39.715+0000] {processor.py:157} INFO - Started process (PID=656) to work on /opt/airflow/dags/dags_bash_python_with_xcom.py
[2023-08-29T00:55:39.716+0000] {processor.py:826} INFO - Processing file /opt/airflow/dags/dags_bash_python_with_xcom.py for tasks to queue
[2023-08-29T00:55:39.718+0000] {logging_mixin.py:150} INFO - [2023-08-29T00:55:39.717+0000] {dagbag.py:541} INFO - Filling up the DagBag from /opt/airflow/dags/dags_bash_python_with_xcom.py
[2023-08-29T00:55:39.749+0000] {processor.py:836} INFO - DAG(s) dict_keys(['dags_bash_python_with_xcom']) retrieved from /opt/airflow/dags/dags_bash_python_with_xcom.py
[2023-08-29T00:55:39.772+0000] {logging_mixin.py:150} INFO - [2023-08-29T00:55:39.772+0000] {dag.py:2742} INFO - Sync 1 DAGs
[2023-08-29T00:55:39.802+0000] {logging_mixin.py:150} INFO - [2023-08-29T00:55:39.802+0000] {dag.py:3508} INFO - Setting next_dagrun for dags_bash_python_with_xcom to 2023-08-28T09:30:00+00:00, run_after=2023-08-29T09:30:00+00:00
[2023-08-29T00:55:39.851+0000] {processor.py:179} INFO - Processing /opt/airflow/dags/dags_bash_python_with_xcom.py took 0.139 seconds
[2023-08-29T00:56:10.232+0000] {processor.py:157} INFO - Started process (PID=745) to work on /opt/airflow/dags/dags_bash_python_with_xcom.py
[2023-08-29T00:56:10.233+0000] {processor.py:826} INFO - Processing file /opt/airflow/dags/dags_bash_python_with_xcom.py for tasks to queue
[2023-08-29T00:56:10.235+0000] {logging_mixin.py:150} INFO - [2023-08-29T00:56:10.235+0000] {dagbag.py:541} INFO - Filling up the DagBag from /opt/airflow/dags/dags_bash_python_with_xcom.py
[2023-08-29T00:56:10.273+0000] {processor.py:836} INFO - DAG(s) dict_keys(['dags_bash_python_with_xcom']) retrieved from /opt/airflow/dags/dags_bash_python_with_xcom.py
[2023-08-29T00:56:10.305+0000] {logging_mixin.py:150} INFO - [2023-08-29T00:56:10.304+0000] {dag.py:2742} INFO - Sync 1 DAGs
[2023-08-29T00:56:10.347+0000] {logging_mixin.py:150} INFO - [2023-08-29T00:56:10.347+0000] {dag.py:3508} INFO - Setting next_dagrun for dags_bash_python_with_xcom to 2023-08-28T09:30:00+00:00, run_after=2023-08-29T09:30:00+00:00
[2023-08-29T00:56:10.398+0000] {processor.py:179} INFO - Processing /opt/airflow/dags/dags_bash_python_with_xcom.py took 0.169 seconds
[2023-08-29T00:56:40.891+0000] {processor.py:157} INFO - Started process (PID=834) to work on /opt/airflow/dags/dags_bash_python_with_xcom.py
[2023-08-29T00:56:40.892+0000] {processor.py:826} INFO - Processing file /opt/airflow/dags/dags_bash_python_with_xcom.py for tasks to queue
[2023-08-29T00:56:40.893+0000] {logging_mixin.py:150} INFO - [2023-08-29T00:56:40.893+0000] {dagbag.py:541} INFO - Filling up the DagBag from /opt/airflow/dags/dags_bash_python_with_xcom.py
[2023-08-29T00:56:40.920+0000] {processor.py:836} INFO - DAG(s) dict_keys(['dags_bash_python_with_xcom']) retrieved from /opt/airflow/dags/dags_bash_python_with_xcom.py
[2023-08-29T00:56:40.942+0000] {logging_mixin.py:150} INFO - [2023-08-29T00:56:40.941+0000] {dag.py:2742} INFO - Sync 1 DAGs
[2023-08-29T00:56:40.968+0000] {logging_mixin.py:150} INFO - [2023-08-29T00:56:40.968+0000] {dag.py:3508} INFO - Setting next_dagrun for dags_bash_python_with_xcom to 2023-08-28T09:30:00+00:00, run_after=2023-08-29T09:30:00+00:00
[2023-08-29T00:56:41.027+0000] {processor.py:179} INFO - Processing /opt/airflow/dags/dags_bash_python_with_xcom.py took 0.139 seconds
[2023-08-29T00:57:11.171+0000] {processor.py:157} INFO - Started process (PID=923) to work on /opt/airflow/dags/dags_bash_python_with_xcom.py
[2023-08-29T00:57:11.173+0000] {processor.py:826} INFO - Processing file /opt/airflow/dags/dags_bash_python_with_xcom.py for tasks to queue
[2023-08-29T00:57:11.174+0000] {logging_mixin.py:150} INFO - [2023-08-29T00:57:11.174+0000] {dagbag.py:541} INFO - Filling up the DagBag from /opt/airflow/dags/dags_bash_python_with_xcom.py
[2023-08-29T00:57:11.213+0000] {processor.py:836} INFO - DAG(s) dict_keys(['dags_bash_python_with_xcom']) retrieved from /opt/airflow/dags/dags_bash_python_with_xcom.py
[2023-08-29T00:57:11.241+0000] {logging_mixin.py:150} INFO - [2023-08-29T00:57:11.241+0000] {dag.py:2742} INFO - Sync 1 DAGs
[2023-08-29T00:57:11.275+0000] {logging_mixin.py:150} INFO - [2023-08-29T00:57:11.274+0000] {dag.py:3508} INFO - Setting next_dagrun for dags_bash_python_with_xcom to 2023-08-28T09:30:00+00:00, run_after=2023-08-29T09:30:00+00:00
[2023-08-29T00:57:11.361+0000] {processor.py:179} INFO - Processing /opt/airflow/dags/dags_bash_python_with_xcom.py took 0.195 seconds
[2023-08-29T00:57:41.757+0000] {processor.py:157} INFO - Started process (PID=1012) to work on /opt/airflow/dags/dags_bash_python_with_xcom.py
[2023-08-29T00:57:41.759+0000] {processor.py:826} INFO - Processing file /opt/airflow/dags/dags_bash_python_with_xcom.py for tasks to queue
[2023-08-29T00:57:41.760+0000] {logging_mixin.py:150} INFO - [2023-08-29T00:57:41.759+0000] {dagbag.py:541} INFO - Filling up the DagBag from /opt/airflow/dags/dags_bash_python_with_xcom.py
[2023-08-29T00:57:41.789+0000] {processor.py:836} INFO - DAG(s) dict_keys(['dags_bash_python_with_xcom']) retrieved from /opt/airflow/dags/dags_bash_python_with_xcom.py
[2023-08-29T00:57:41.814+0000] {logging_mixin.py:150} INFO - [2023-08-29T00:57:41.814+0000] {dag.py:2742} INFO - Sync 1 DAGs
[2023-08-29T00:57:41.842+0000] {logging_mixin.py:150} INFO - [2023-08-29T00:57:41.842+0000] {dag.py:3508} INFO - Setting next_dagrun for dags_bash_python_with_xcom to 2023-08-28T09:30:00+00:00, run_after=2023-08-29T09:30:00+00:00
[2023-08-29T00:57:41.907+0000] {processor.py:179} INFO - Processing /opt/airflow/dags/dags_bash_python_with_xcom.py took 0.152 seconds
[2023-08-29T00:58:12.298+0000] {processor.py:157} INFO - Started process (PID=1101) to work on /opt/airflow/dags/dags_bash_python_with_xcom.py
[2023-08-29T00:58:12.299+0000] {processor.py:826} INFO - Processing file /opt/airflow/dags/dags_bash_python_with_xcom.py for tasks to queue
[2023-08-29T00:58:12.301+0000] {logging_mixin.py:150} INFO - [2023-08-29T00:58:12.300+0000] {dagbag.py:541} INFO - Filling up the DagBag from /opt/airflow/dags/dags_bash_python_with_xcom.py
[2023-08-29T00:58:12.331+0000] {processor.py:836} INFO - DAG(s) dict_keys(['dags_bash_python_with_xcom']) retrieved from /opt/airflow/dags/dags_bash_python_with_xcom.py
[2023-08-29T00:58:12.355+0000] {logging_mixin.py:150} INFO - [2023-08-29T00:58:12.354+0000] {dag.py:2742} INFO - Sync 1 DAGs
[2023-08-29T00:58:12.382+0000] {logging_mixin.py:150} INFO - [2023-08-29T00:58:12.381+0000] {dag.py:3508} INFO - Setting next_dagrun for dags_bash_python_with_xcom to 2023-08-28T09:30:00+00:00, run_after=2023-08-29T09:30:00+00:00
[2023-08-29T00:58:12.419+0000] {processor.py:179} INFO - Processing /opt/airflow/dags/dags_bash_python_with_xcom.py took 0.125 seconds
[2023-08-29T00:58:42.996+0000] {processor.py:157} INFO - Started process (PID=1190) to work on /opt/airflow/dags/dags_bash_python_with_xcom.py
[2023-08-29T00:58:42.997+0000] {processor.py:826} INFO - Processing file /opt/airflow/dags/dags_bash_python_with_xcom.py for tasks to queue
[2023-08-29T00:58:42.998+0000] {logging_mixin.py:150} INFO - [2023-08-29T00:58:42.998+0000] {dagbag.py:541} INFO - Filling up the DagBag from /opt/airflow/dags/dags_bash_python_with_xcom.py
[2023-08-29T00:58:43.026+0000] {processor.py:836} INFO - DAG(s) dict_keys(['dags_bash_python_with_xcom']) retrieved from /opt/airflow/dags/dags_bash_python_with_xcom.py
[2023-08-29T00:58:43.048+0000] {logging_mixin.py:150} INFO - [2023-08-29T00:58:43.048+0000] {dag.py:2742} INFO - Sync 1 DAGs
[2023-08-29T00:58:43.074+0000] {logging_mixin.py:150} INFO - [2023-08-29T00:58:43.074+0000] {dag.py:3508} INFO - Setting next_dagrun for dags_bash_python_with_xcom to 2023-08-28T09:30:00+00:00, run_after=2023-08-29T09:30:00+00:00
[2023-08-29T00:58:43.131+0000] {processor.py:179} INFO - Processing /opt/airflow/dags/dags_bash_python_with_xcom.py took 0.138 seconds
[2023-08-29T00:59:13.264+0000] {processor.py:157} INFO - Started process (PID=1279) to work on /opt/airflow/dags/dags_bash_python_with_xcom.py
[2023-08-29T00:59:13.265+0000] {processor.py:826} INFO - Processing file /opt/airflow/dags/dags_bash_python_with_xcom.py for tasks to queue
[2023-08-29T00:59:13.266+0000] {logging_mixin.py:150} INFO - [2023-08-29T00:59:13.266+0000] {dagbag.py:541} INFO - Filling up the DagBag from /opt/airflow/dags/dags_bash_python_with_xcom.py
[2023-08-29T00:59:13.295+0000] {processor.py:836} INFO - DAG(s) dict_keys(['dags_bash_python_with_xcom']) retrieved from /opt/airflow/dags/dags_bash_python_with_xcom.py
[2023-08-29T00:59:13.316+0000] {logging_mixin.py:150} INFO - [2023-08-29T00:59:13.316+0000] {dag.py:2742} INFO - Sync 1 DAGs
[2023-08-29T00:59:13.343+0000] {logging_mixin.py:150} INFO - [2023-08-29T00:59:13.343+0000] {dag.py:3508} INFO - Setting next_dagrun for dags_bash_python_with_xcom to 2023-08-28T09:30:00+00:00, run_after=2023-08-29T09:30:00+00:00
[2023-08-29T00:59:13.395+0000] {processor.py:179} INFO - Processing /opt/airflow/dags/dags_bash_python_with_xcom.py took 0.134 seconds
[2023-08-29T00:59:43.763+0000] {processor.py:157} INFO - Started process (PID=1368) to work on /opt/airflow/dags/dags_bash_python_with_xcom.py
[2023-08-29T00:59:43.764+0000] {processor.py:826} INFO - Processing file /opt/airflow/dags/dags_bash_python_with_xcom.py for tasks to queue
[2023-08-29T00:59:43.765+0000] {logging_mixin.py:150} INFO - [2023-08-29T00:59:43.765+0000] {dagbag.py:541} INFO - Filling up the DagBag from /opt/airflow/dags/dags_bash_python_with_xcom.py
[2023-08-29T00:59:43.793+0000] {processor.py:836} INFO - DAG(s) dict_keys(['dags_bash_python_with_xcom']) retrieved from /opt/airflow/dags/dags_bash_python_with_xcom.py
[2023-08-29T00:59:43.840+0000] {logging_mixin.py:150} INFO - [2023-08-29T00:59:43.840+0000] {dag.py:2742} INFO - Sync 1 DAGs
[2023-08-29T00:59:43.868+0000] {logging_mixin.py:150} INFO - [2023-08-29T00:59:43.868+0000] {dag.py:3508} INFO - Setting next_dagrun for dags_bash_python_with_xcom to 2023-08-28T09:30:00+00:00, run_after=2023-08-29T09:30:00+00:00
[2023-08-29T00:59:43.946+0000] {processor.py:179} INFO - Processing /opt/airflow/dags/dags_bash_python_with_xcom.py took 0.187 seconds
[2023-08-29T01:00:14.403+0000] {processor.py:157} INFO - Started process (PID=1457) to work on /opt/airflow/dags/dags_bash_python_with_xcom.py
[2023-08-29T01:00:14.405+0000] {processor.py:826} INFO - Processing file /opt/airflow/dags/dags_bash_python_with_xcom.py for tasks to queue
[2023-08-29T01:00:14.406+0000] {logging_mixin.py:150} INFO - [2023-08-29T01:00:14.406+0000] {dagbag.py:541} INFO - Filling up the DagBag from /opt/airflow/dags/dags_bash_python_with_xcom.py
[2023-08-29T01:00:14.436+0000] {processor.py:836} INFO - DAG(s) dict_keys(['dags_bash_python_with_xcom']) retrieved from /opt/airflow/dags/dags_bash_python_with_xcom.py
[2023-08-29T01:00:14.497+0000] {logging_mixin.py:150} INFO - [2023-08-29T01:00:14.497+0000] {dag.py:2742} INFO - Sync 1 DAGs
[2023-08-29T01:00:14.526+0000] {logging_mixin.py:150} INFO - [2023-08-29T01:00:14.526+0000] {dag.py:3508} INFO - Setting next_dagrun for dags_bash_python_with_xcom to 2023-08-28T09:30:00+00:00, run_after=2023-08-29T09:30:00+00:00
[2023-08-29T01:00:14.605+0000] {processor.py:179} INFO - Processing /opt/airflow/dags/dags_bash_python_with_xcom.py took 0.205 seconds
[2023-08-29T01:00:45.109+0000] {processor.py:157} INFO - Started process (PID=1547) to work on /opt/airflow/dags/dags_bash_python_with_xcom.py
[2023-08-29T01:00:45.110+0000] {processor.py:826} INFO - Processing file /opt/airflow/dags/dags_bash_python_with_xcom.py for tasks to queue
[2023-08-29T01:00:45.111+0000] {logging_mixin.py:150} INFO - [2023-08-29T01:00:45.111+0000] {dagbag.py:541} INFO - Filling up the DagBag from /opt/airflow/dags/dags_bash_python_with_xcom.py
[2023-08-29T01:00:45.141+0000] {processor.py:836} INFO - DAG(s) dict_keys(['dags_bash_python_with_xcom']) retrieved from /opt/airflow/dags/dags_bash_python_with_xcom.py
[2023-08-29T01:00:45.164+0000] {logging_mixin.py:150} INFO - [2023-08-29T01:00:45.164+0000] {dag.py:2742} INFO - Sync 1 DAGs
[2023-08-29T01:00:45.194+0000] {logging_mixin.py:150} INFO - [2023-08-29T01:00:45.194+0000] {dag.py:3508} INFO - Setting next_dagrun for dags_bash_python_with_xcom to 2023-08-28T09:30:00+00:00, run_after=2023-08-29T09:30:00+00:00
[2023-08-29T01:00:45.249+0000] {processor.py:179} INFO - Processing /opt/airflow/dags/dags_bash_python_with_xcom.py took 0.144 seconds
[2023-08-29T01:01:15.744+0000] {processor.py:157} INFO - Started process (PID=1636) to work on /opt/airflow/dags/dags_bash_python_with_xcom.py
[2023-08-29T01:01:15.745+0000] {processor.py:826} INFO - Processing file /opt/airflow/dags/dags_bash_python_with_xcom.py for tasks to queue
[2023-08-29T01:01:15.746+0000] {logging_mixin.py:150} INFO - [2023-08-29T01:01:15.746+0000] {dagbag.py:541} INFO - Filling up the DagBag from /opt/airflow/dags/dags_bash_python_with_xcom.py
[2023-08-29T01:01:15.775+0000] {processor.py:836} INFO - DAG(s) dict_keys(['dags_bash_python_with_xcom']) retrieved from /opt/airflow/dags/dags_bash_python_with_xcom.py
[2023-08-29T01:01:15.797+0000] {logging_mixin.py:150} INFO - [2023-08-29T01:01:15.796+0000] {dag.py:2742} INFO - Sync 1 DAGs
[2023-08-29T01:01:15.823+0000] {logging_mixin.py:150} INFO - [2023-08-29T01:01:15.823+0000] {dag.py:3508} INFO - Setting next_dagrun for dags_bash_python_with_xcom to 2023-08-28T09:30:00+00:00, run_after=2023-08-29T09:30:00+00:00
[2023-08-29T01:01:15.863+0000] {processor.py:179} INFO - Processing /opt/airflow/dags/dags_bash_python_with_xcom.py took 0.122 seconds
[2023-08-29T01:01:46.487+0000] {processor.py:157} INFO - Started process (PID=1725) to work on /opt/airflow/dags/dags_bash_python_with_xcom.py
[2023-08-29T01:01:46.488+0000] {processor.py:826} INFO - Processing file /opt/airflow/dags/dags_bash_python_with_xcom.py for tasks to queue
[2023-08-29T01:01:46.489+0000] {logging_mixin.py:150} INFO - [2023-08-29T01:01:46.488+0000] {dagbag.py:541} INFO - Filling up the DagBag from /opt/airflow/dags/dags_bash_python_with_xcom.py
[2023-08-29T01:01:46.517+0000] {processor.py:836} INFO - DAG(s) dict_keys(['dags_bash_python_with_xcom']) retrieved from /opt/airflow/dags/dags_bash_python_with_xcom.py
[2023-08-29T01:01:46.538+0000] {logging_mixin.py:150} INFO - [2023-08-29T01:01:46.538+0000] {dag.py:2742} INFO - Sync 1 DAGs
[2023-08-29T01:01:46.566+0000] {logging_mixin.py:150} INFO - [2023-08-29T01:01:46.566+0000] {dag.py:3508} INFO - Setting next_dagrun for dags_bash_python_with_xcom to 2023-08-28T09:30:00+00:00, run_after=2023-08-29T09:30:00+00:00
[2023-08-29T01:01:46.628+0000] {processor.py:179} INFO - Processing /opt/airflow/dags/dags_bash_python_with_xcom.py took 0.144 seconds
[2023-08-29T01:02:17.699+0000] {processor.py:157} INFO - Started process (PID=1814) to work on /opt/airflow/dags/dags_bash_python_with_xcom.py
[2023-08-29T01:02:17.700+0000] {processor.py:826} INFO - Processing file /opt/airflow/dags/dags_bash_python_with_xcom.py for tasks to queue
[2023-08-29T01:02:17.701+0000] {logging_mixin.py:150} INFO - [2023-08-29T01:02:17.701+0000] {dagbag.py:541} INFO - Filling up the DagBag from /opt/airflow/dags/dags_bash_python_with_xcom.py
[2023-08-29T01:02:17.735+0000] {processor.py:836} INFO - DAG(s) dict_keys(['dags_bash_python_with_xcom']) retrieved from /opt/airflow/dags/dags_bash_python_with_xcom.py
[2023-08-29T01:02:17.756+0000] {logging_mixin.py:150} INFO - [2023-08-29T01:02:17.756+0000] {dag.py:2742} INFO - Sync 1 DAGs
[2023-08-29T01:02:17.785+0000] {logging_mixin.py:150} INFO - [2023-08-29T01:02:17.785+0000] {dag.py:3508} INFO - Setting next_dagrun for dags_bash_python_with_xcom to 2023-08-28T09:30:00+00:00, run_after=2023-08-29T09:30:00+00:00
[2023-08-29T01:02:17.841+0000] {processor.py:179} INFO - Processing /opt/airflow/dags/dags_bash_python_with_xcom.py took 0.145 seconds
[2023-08-29T01:02:48.285+0000] {processor.py:157} INFO - Started process (PID=1903) to work on /opt/airflow/dags/dags_bash_python_with_xcom.py
[2023-08-29T01:02:48.286+0000] {processor.py:826} INFO - Processing file /opt/airflow/dags/dags_bash_python_with_xcom.py for tasks to queue
[2023-08-29T01:02:48.287+0000] {logging_mixin.py:150} INFO - [2023-08-29T01:02:48.287+0000] {dagbag.py:541} INFO - Filling up the DagBag from /opt/airflow/dags/dags_bash_python_with_xcom.py
[2023-08-29T01:02:48.314+0000] {processor.py:836} INFO - DAG(s) dict_keys(['dags_bash_python_with_xcom']) retrieved from /opt/airflow/dags/dags_bash_python_with_xcom.py
[2023-08-29T01:02:48.336+0000] {logging_mixin.py:150} INFO - [2023-08-29T01:02:48.336+0000] {dag.py:2742} INFO - Sync 1 DAGs
[2023-08-29T01:02:48.362+0000] {logging_mixin.py:150} INFO - [2023-08-29T01:02:48.362+0000] {dag.py:3508} INFO - Setting next_dagrun for dags_bash_python_with_xcom to 2023-08-28T09:30:00+00:00, run_after=2023-08-29T09:30:00+00:00
[2023-08-29T01:02:48.422+0000] {processor.py:179} INFO - Processing /opt/airflow/dags/dags_bash_python_with_xcom.py took 0.140 seconds
[2023-08-29T01:03:18.740+0000] {processor.py:157} INFO - Started process (PID=1992) to work on /opt/airflow/dags/dags_bash_python_with_xcom.py
[2023-08-29T01:03:18.742+0000] {processor.py:826} INFO - Processing file /opt/airflow/dags/dags_bash_python_with_xcom.py for tasks to queue
[2023-08-29T01:03:18.743+0000] {logging_mixin.py:150} INFO - [2023-08-29T01:03:18.743+0000] {dagbag.py:541} INFO - Filling up the DagBag from /opt/airflow/dags/dags_bash_python_with_xcom.py
[2023-08-29T01:03:18.773+0000] {processor.py:836} INFO - DAG(s) dict_keys(['dags_bash_python_with_xcom']) retrieved from /opt/airflow/dags/dags_bash_python_with_xcom.py
[2023-08-29T01:03:18.796+0000] {logging_mixin.py:150} INFO - [2023-08-29T01:03:18.796+0000] {dag.py:2742} INFO - Sync 1 DAGs
[2023-08-29T01:03:18.825+0000] {logging_mixin.py:150} INFO - [2023-08-29T01:03:18.825+0000] {dag.py:3508} INFO - Setting next_dagrun for dags_bash_python_with_xcom to 2023-08-28T09:30:00+00:00, run_after=2023-08-29T09:30:00+00:00
[2023-08-29T01:03:18.882+0000] {processor.py:179} INFO - Processing /opt/airflow/dags/dags_bash_python_with_xcom.py took 0.146 seconds
[2023-08-29T01:03:49.054+0000] {processor.py:157} INFO - Started process (PID=2081) to work on /opt/airflow/dags/dags_bash_python_with_xcom.py
[2023-08-29T01:03:49.055+0000] {processor.py:826} INFO - Processing file /opt/airflow/dags/dags_bash_python_with_xcom.py for tasks to queue
[2023-08-29T01:03:49.056+0000] {logging_mixin.py:150} INFO - [2023-08-29T01:03:49.056+0000] {dagbag.py:541} INFO - Filling up the DagBag from /opt/airflow/dags/dags_bash_python_with_xcom.py
[2023-08-29T01:03:49.084+0000] {processor.py:836} INFO - DAG(s) dict_keys(['dags_bash_python_with_xcom']) retrieved from /opt/airflow/dags/dags_bash_python_with_xcom.py
[2023-08-29T01:03:49.106+0000] {logging_mixin.py:150} INFO - [2023-08-29T01:03:49.106+0000] {dag.py:2742} INFO - Sync 1 DAGs
[2023-08-29T01:03:49.132+0000] {logging_mixin.py:150} INFO - [2023-08-29T01:03:49.132+0000] {dag.py:3508} INFO - Setting next_dagrun for dags_bash_python_with_xcom to 2023-08-28T09:30:00+00:00, run_after=2023-08-29T09:30:00+00:00
[2023-08-29T01:03:49.191+0000] {processor.py:179} INFO - Processing /opt/airflow/dags/dags_bash_python_with_xcom.py took 0.140 seconds
[2023-08-29T01:04:19.787+0000] {processor.py:157} INFO - Started process (PID=2170) to work on /opt/airflow/dags/dags_bash_python_with_xcom.py
[2023-08-29T01:04:19.788+0000] {processor.py:826} INFO - Processing file /opt/airflow/dags/dags_bash_python_with_xcom.py for tasks to queue
[2023-08-29T01:04:19.789+0000] {logging_mixin.py:150} INFO - [2023-08-29T01:04:19.789+0000] {dagbag.py:541} INFO - Filling up the DagBag from /opt/airflow/dags/dags_bash_python_with_xcom.py
[2023-08-29T01:04:19.821+0000] {processor.py:836} INFO - DAG(s) dict_keys(['dags_bash_python_with_xcom']) retrieved from /opt/airflow/dags/dags_bash_python_with_xcom.py
[2023-08-29T01:04:19.844+0000] {logging_mixin.py:150} INFO - [2023-08-29T01:04:19.844+0000] {dag.py:2742} INFO - Sync 1 DAGs
[2023-08-29T01:04:19.870+0000] {logging_mixin.py:150} INFO - [2023-08-29T01:04:19.870+0000] {dag.py:3508} INFO - Setting next_dagrun for dags_bash_python_with_xcom to 2023-08-28T09:30:00+00:00, run_after=2023-08-29T09:30:00+00:00
[2023-08-29T01:04:19.923+0000] {processor.py:179} INFO - Processing /opt/airflow/dags/dags_bash_python_with_xcom.py took 0.140 seconds
[2023-08-29T01:04:50.177+0000] {processor.py:157} INFO - Started process (PID=2259) to work on /opt/airflow/dags/dags_bash_python_with_xcom.py
[2023-08-29T01:04:50.180+0000] {processor.py:826} INFO - Processing file /opt/airflow/dags/dags_bash_python_with_xcom.py for tasks to queue
[2023-08-29T01:04:50.181+0000] {logging_mixin.py:150} INFO - [2023-08-29T01:04:50.181+0000] {dagbag.py:541} INFO - Filling up the DagBag from /opt/airflow/dags/dags_bash_python_with_xcom.py
[2023-08-29T01:04:50.211+0000] {processor.py:836} INFO - DAG(s) dict_keys(['dags_bash_python_with_xcom']) retrieved from /opt/airflow/dags/dags_bash_python_with_xcom.py
[2023-08-29T01:04:50.233+0000] {logging_mixin.py:150} INFO - [2023-08-29T01:04:50.233+0000] {dag.py:2742} INFO - Sync 1 DAGs
[2023-08-29T01:04:50.264+0000] {logging_mixin.py:150} INFO - [2023-08-29T01:04:50.264+0000] {dag.py:3508} INFO - Setting next_dagrun for dags_bash_python_with_xcom to 2023-08-28T09:30:00+00:00, run_after=2023-08-29T09:30:00+00:00
[2023-08-29T01:04:50.321+0000] {processor.py:179} INFO - Processing /opt/airflow/dags/dags_bash_python_with_xcom.py took 0.151 seconds
[2023-08-29T01:05:20.667+0000] {processor.py:157} INFO - Started process (PID=2348) to work on /opt/airflow/dags/dags_bash_python_with_xcom.py
[2023-08-29T01:05:20.668+0000] {processor.py:826} INFO - Processing file /opt/airflow/dags/dags_bash_python_with_xcom.py for tasks to queue
[2023-08-29T01:05:20.669+0000] {logging_mixin.py:150} INFO - [2023-08-29T01:05:20.669+0000] {dagbag.py:541} INFO - Filling up the DagBag from /opt/airflow/dags/dags_bash_python_with_xcom.py
[2023-08-29T01:05:20.695+0000] {processor.py:836} INFO - DAG(s) dict_keys(['dags_bash_python_with_xcom']) retrieved from /opt/airflow/dags/dags_bash_python_with_xcom.py
[2023-08-29T01:05:20.717+0000] {logging_mixin.py:150} INFO - [2023-08-29T01:05:20.716+0000] {dag.py:2742} INFO - Sync 1 DAGs
[2023-08-29T01:05:20.743+0000] {logging_mixin.py:150} INFO - [2023-08-29T01:05:20.742+0000] {dag.py:3508} INFO - Setting next_dagrun for dags_bash_python_with_xcom to 2023-08-28T09:30:00+00:00, run_after=2023-08-29T09:30:00+00:00
[2023-08-29T01:05:20.797+0000] {processor.py:179} INFO - Processing /opt/airflow/dags/dags_bash_python_with_xcom.py took 0.134 seconds
[2023-08-29T01:05:51.237+0000] {processor.py:157} INFO - Started process (PID=2437) to work on /opt/airflow/dags/dags_bash_python_with_xcom.py
[2023-08-29T01:05:51.238+0000] {processor.py:826} INFO - Processing file /opt/airflow/dags/dags_bash_python_with_xcom.py for tasks to queue
[2023-08-29T01:05:51.239+0000] {logging_mixin.py:150} INFO - [2023-08-29T01:05:51.239+0000] {dagbag.py:541} INFO - Filling up the DagBag from /opt/airflow/dags/dags_bash_python_with_xcom.py
[2023-08-29T01:05:51.276+0000] {processor.py:836} INFO - DAG(s) dict_keys(['dags_bash_python_with_xcom']) retrieved from /opt/airflow/dags/dags_bash_python_with_xcom.py
[2023-08-29T01:05:51.303+0000] {logging_mixin.py:150} INFO - [2023-08-29T01:05:51.302+0000] {dag.py:2742} INFO - Sync 1 DAGs
[2023-08-29T01:05:51.335+0000] {logging_mixin.py:150} INFO - [2023-08-29T01:05:51.334+0000] {dag.py:3508} INFO - Setting next_dagrun for dags_bash_python_with_xcom to 2023-08-28T09:30:00+00:00, run_after=2023-08-29T09:30:00+00:00
[2023-08-29T01:05:51.393+0000] {processor.py:179} INFO - Processing /opt/airflow/dags/dags_bash_python_with_xcom.py took 0.159 seconds
[2023-08-29T01:06:21.771+0000] {processor.py:157} INFO - Started process (PID=2526) to work on /opt/airflow/dags/dags_bash_python_with_xcom.py
[2023-08-29T01:06:21.772+0000] {processor.py:826} INFO - Processing file /opt/airflow/dags/dags_bash_python_with_xcom.py for tasks to queue
[2023-08-29T01:06:21.773+0000] {logging_mixin.py:150} INFO - [2023-08-29T01:06:21.773+0000] {dagbag.py:541} INFO - Filling up the DagBag from /opt/airflow/dags/dags_bash_python_with_xcom.py
[2023-08-29T01:06:21.803+0000] {processor.py:836} INFO - DAG(s) dict_keys(['dags_bash_python_with_xcom']) retrieved from /opt/airflow/dags/dags_bash_python_with_xcom.py
[2023-08-29T01:06:21.826+0000] {logging_mixin.py:150} INFO - [2023-08-29T01:06:21.826+0000] {dag.py:2742} INFO - Sync 1 DAGs
[2023-08-29T01:06:21.853+0000] {logging_mixin.py:150} INFO - [2023-08-29T01:06:21.853+0000] {dag.py:3508} INFO - Setting next_dagrun for dags_bash_python_with_xcom to 2023-08-28T09:30:00+00:00, run_after=2023-08-29T09:30:00+00:00
[2023-08-29T01:06:21.908+0000] {processor.py:179} INFO - Processing /opt/airflow/dags/dags_bash_python_with_xcom.py took 0.141 seconds
[2023-08-29T01:06:52.345+0000] {processor.py:157} INFO - Started process (PID=2615) to work on /opt/airflow/dags/dags_bash_python_with_xcom.py
[2023-08-29T01:06:52.346+0000] {processor.py:826} INFO - Processing file /opt/airflow/dags/dags_bash_python_with_xcom.py for tasks to queue
[2023-08-29T01:06:52.347+0000] {logging_mixin.py:150} INFO - [2023-08-29T01:06:52.347+0000] {dagbag.py:541} INFO - Filling up the DagBag from /opt/airflow/dags/dags_bash_python_with_xcom.py
[2023-08-29T01:06:52.376+0000] {processor.py:836} INFO - DAG(s) dict_keys(['dags_bash_python_with_xcom']) retrieved from /opt/airflow/dags/dags_bash_python_with_xcom.py
[2023-08-29T01:06:52.398+0000] {logging_mixin.py:150} INFO - [2023-08-29T01:06:52.398+0000] {dag.py:2742} INFO - Sync 1 DAGs
[2023-08-29T01:06:52.424+0000] {logging_mixin.py:150} INFO - [2023-08-29T01:06:52.424+0000] {dag.py:3508} INFO - Setting next_dagrun for dags_bash_python_with_xcom to 2023-08-28T09:30:00+00:00, run_after=2023-08-29T09:30:00+00:00
[2023-08-29T01:06:52.479+0000] {processor.py:179} INFO - Processing /opt/airflow/dags/dags_bash_python_with_xcom.py took 0.137 seconds
[2023-08-29T01:07:22.580+0000] {processor.py:157} INFO - Started process (PID=2704) to work on /opt/airflow/dags/dags_bash_python_with_xcom.py
[2023-08-29T01:07:22.581+0000] {processor.py:826} INFO - Processing file /opt/airflow/dags/dags_bash_python_with_xcom.py for tasks to queue
[2023-08-29T01:07:22.582+0000] {logging_mixin.py:150} INFO - [2023-08-29T01:07:22.582+0000] {dagbag.py:541} INFO - Filling up the DagBag from /opt/airflow/dags/dags_bash_python_with_xcom.py
[2023-08-29T01:07:22.611+0000] {processor.py:836} INFO - DAG(s) dict_keys(['dags_bash_python_with_xcom']) retrieved from /opt/airflow/dags/dags_bash_python_with_xcom.py
[2023-08-29T01:07:22.634+0000] {logging_mixin.py:150} INFO - [2023-08-29T01:07:22.634+0000] {dag.py:2742} INFO - Sync 1 DAGs
[2023-08-29T01:07:22.662+0000] {logging_mixin.py:150} INFO - [2023-08-29T01:07:22.662+0000] {dag.py:3508} INFO - Setting next_dagrun for dags_bash_python_with_xcom to 2023-08-28T09:30:00+00:00, run_after=2023-08-29T09:30:00+00:00
[2023-08-29T01:07:22.719+0000] {processor.py:179} INFO - Processing /opt/airflow/dags/dags_bash_python_with_xcom.py took 0.142 seconds
[2023-08-29T01:07:53.233+0000] {processor.py:157} INFO - Started process (PID=2793) to work on /opt/airflow/dags/dags_bash_python_with_xcom.py
[2023-08-29T01:07:53.234+0000] {processor.py:826} INFO - Processing file /opt/airflow/dags/dags_bash_python_with_xcom.py for tasks to queue
[2023-08-29T01:07:53.235+0000] {logging_mixin.py:150} INFO - [2023-08-29T01:07:53.235+0000] {dagbag.py:541} INFO - Filling up the DagBag from /opt/airflow/dags/dags_bash_python_with_xcom.py
[2023-08-29T01:07:53.266+0000] {processor.py:836} INFO - DAG(s) dict_keys(['dags_bash_python_with_xcom']) retrieved from /opt/airflow/dags/dags_bash_python_with_xcom.py
[2023-08-29T01:07:53.288+0000] {logging_mixin.py:150} INFO - [2023-08-29T01:07:53.288+0000] {dag.py:2742} INFO - Sync 1 DAGs
[2023-08-29T01:07:53.317+0000] {logging_mixin.py:150} INFO - [2023-08-29T01:07:53.317+0000] {dag.py:3508} INFO - Setting next_dagrun for dags_bash_python_with_xcom to 2023-08-28T09:30:00+00:00, run_after=2023-08-29T09:30:00+00:00
[2023-08-29T01:07:53.391+0000] {processor.py:179} INFO - Processing /opt/airflow/dags/dags_bash_python_with_xcom.py took 0.161 seconds
[2023-08-29T01:08:23.733+0000] {processor.py:157} INFO - Started process (PID=2882) to work on /opt/airflow/dags/dags_bash_python_with_xcom.py
[2023-08-29T01:08:23.734+0000] {processor.py:826} INFO - Processing file /opt/airflow/dags/dags_bash_python_with_xcom.py for tasks to queue
[2023-08-29T01:08:23.735+0000] {logging_mixin.py:150} INFO - [2023-08-29T01:08:23.735+0000] {dagbag.py:541} INFO - Filling up the DagBag from /opt/airflow/dags/dags_bash_python_with_xcom.py
[2023-08-29T01:08:23.765+0000] {processor.py:836} INFO - DAG(s) dict_keys(['dags_bash_python_with_xcom']) retrieved from /opt/airflow/dags/dags_bash_python_with_xcom.py
[2023-08-29T01:08:23.787+0000] {logging_mixin.py:150} INFO - [2023-08-29T01:08:23.786+0000] {dag.py:2742} INFO - Sync 1 DAGs
[2023-08-29T01:08:23.814+0000] {logging_mixin.py:150} INFO - [2023-08-29T01:08:23.814+0000] {dag.py:3508} INFO - Setting next_dagrun for dags_bash_python_with_xcom to 2023-08-28T09:30:00+00:00, run_after=2023-08-29T09:30:00+00:00
[2023-08-29T01:08:23.871+0000] {processor.py:179} INFO - Processing /opt/airflow/dags/dags_bash_python_with_xcom.py took 0.142 seconds
[2023-08-29T01:08:54.208+0000] {processor.py:157} INFO - Started process (PID=2971) to work on /opt/airflow/dags/dags_bash_python_with_xcom.py
[2023-08-29T01:08:54.209+0000] {processor.py:826} INFO - Processing file /opt/airflow/dags/dags_bash_python_with_xcom.py for tasks to queue
[2023-08-29T01:08:54.210+0000] {logging_mixin.py:150} INFO - [2023-08-29T01:08:54.210+0000] {dagbag.py:541} INFO - Filling up the DagBag from /opt/airflow/dags/dags_bash_python_with_xcom.py
[2023-08-29T01:08:54.239+0000] {processor.py:836} INFO - DAG(s) dict_keys(['dags_bash_python_with_xcom']) retrieved from /opt/airflow/dags/dags_bash_python_with_xcom.py
[2023-08-29T01:08:54.261+0000] {logging_mixin.py:150} INFO - [2023-08-29T01:08:54.261+0000] {dag.py:2742} INFO - Sync 1 DAGs
[2023-08-29T01:08:54.290+0000] {logging_mixin.py:150} INFO - [2023-08-29T01:08:54.290+0000] {dag.py:3508} INFO - Setting next_dagrun for dags_bash_python_with_xcom to 2023-08-28T09:30:00+00:00, run_after=2023-08-29T09:30:00+00:00
[2023-08-29T01:08:54.341+0000] {processor.py:179} INFO - Processing /opt/airflow/dags/dags_bash_python_with_xcom.py took 0.136 seconds
[2023-08-29T01:09:24.694+0000] {processor.py:157} INFO - Started process (PID=3060) to work on /opt/airflow/dags/dags_bash_python_with_xcom.py
[2023-08-29T01:09:24.695+0000] {processor.py:826} INFO - Processing file /opt/airflow/dags/dags_bash_python_with_xcom.py for tasks to queue
[2023-08-29T01:09:24.697+0000] {logging_mixin.py:150} INFO - [2023-08-29T01:09:24.696+0000] {dagbag.py:541} INFO - Filling up the DagBag from /opt/airflow/dags/dags_bash_python_with_xcom.py
[2023-08-29T01:09:24.725+0000] {processor.py:836} INFO - DAG(s) dict_keys(['dags_bash_python_with_xcom']) retrieved from /opt/airflow/dags/dags_bash_python_with_xcom.py
[2023-08-29T01:09:24.747+0000] {logging_mixin.py:150} INFO - [2023-08-29T01:09:24.747+0000] {dag.py:2742} INFO - Sync 1 DAGs
[2023-08-29T01:09:24.774+0000] {logging_mixin.py:150} INFO - [2023-08-29T01:09:24.773+0000] {dag.py:3508} INFO - Setting next_dagrun for dags_bash_python_with_xcom to 2023-08-28T09:30:00+00:00, run_after=2023-08-29T09:30:00+00:00
[2023-08-29T01:09:24.813+0000] {processor.py:179} INFO - Processing /opt/airflow/dags/dags_bash_python_with_xcom.py took 0.122 seconds
[2023-08-29T01:09:55.055+0000] {processor.py:157} INFO - Started process (PID=3149) to work on /opt/airflow/dags/dags_bash_python_with_xcom.py
[2023-08-29T01:09:55.056+0000] {processor.py:826} INFO - Processing file /opt/airflow/dags/dags_bash_python_with_xcom.py for tasks to queue
[2023-08-29T01:09:55.058+0000] {logging_mixin.py:150} INFO - [2023-08-29T01:09:55.057+0000] {dagbag.py:541} INFO - Filling up the DagBag from /opt/airflow/dags/dags_bash_python_with_xcom.py
[2023-08-29T01:09:55.086+0000] {processor.py:836} INFO - DAG(s) dict_keys(['dags_bash_python_with_xcom']) retrieved from /opt/airflow/dags/dags_bash_python_with_xcom.py
[2023-08-29T01:09:55.111+0000] {logging_mixin.py:150} INFO - [2023-08-29T01:09:55.111+0000] {dag.py:2742} INFO - Sync 1 DAGs
[2023-08-29T01:09:55.141+0000] {logging_mixin.py:150} INFO - [2023-08-29T01:09:55.140+0000] {dag.py:3508} INFO - Setting next_dagrun for dags_bash_python_with_xcom to 2023-08-28T09:30:00+00:00, run_after=2023-08-29T09:30:00+00:00
[2023-08-29T01:09:55.293+0000] {processor.py:179} INFO - Processing /opt/airflow/dags/dags_bash_python_with_xcom.py took 0.241 seconds
[2023-08-29T01:10:25.951+0000] {processor.py:157} INFO - Started process (PID=3238) to work on /opt/airflow/dags/dags_bash_python_with_xcom.py
[2023-08-29T01:10:25.952+0000] {processor.py:826} INFO - Processing file /opt/airflow/dags/dags_bash_python_with_xcom.py for tasks to queue
[2023-08-29T01:10:25.954+0000] {logging_mixin.py:150} INFO - [2023-08-29T01:10:25.953+0000] {dagbag.py:541} INFO - Filling up the DagBag from /opt/airflow/dags/dags_bash_python_with_xcom.py
[2023-08-29T01:10:25.987+0000] {processor.py:836} INFO - DAG(s) dict_keys(['dags_bash_python_with_xcom']) retrieved from /opt/airflow/dags/dags_bash_python_with_xcom.py
[2023-08-29T01:10:26.013+0000] {logging_mixin.py:150} INFO - [2023-08-29T01:10:26.013+0000] {dag.py:2742} INFO - Sync 1 DAGs
[2023-08-29T01:10:26.043+0000] {logging_mixin.py:150} INFO - [2023-08-29T01:10:26.042+0000] {dag.py:3508} INFO - Setting next_dagrun for dags_bash_python_with_xcom to 2023-08-28T09:30:00+00:00, run_after=2023-08-29T09:30:00+00:00
[2023-08-29T01:10:26.098+0000] {processor.py:179} INFO - Processing /opt/airflow/dags/dags_bash_python_with_xcom.py took 0.151 seconds
[2023-08-29T01:10:56.243+0000] {processor.py:157} INFO - Started process (PID=3327) to work on /opt/airflow/dags/dags_bash_python_with_xcom.py
[2023-08-29T01:10:56.245+0000] {processor.py:826} INFO - Processing file /opt/airflow/dags/dags_bash_python_with_xcom.py for tasks to queue
[2023-08-29T01:10:56.247+0000] {logging_mixin.py:150} INFO - [2023-08-29T01:10:56.246+0000] {dagbag.py:541} INFO - Filling up the DagBag from /opt/airflow/dags/dags_bash_python_with_xcom.py
[2023-08-29T01:10:56.278+0000] {processor.py:836} INFO - DAG(s) dict_keys(['dags_bash_python_with_xcom']) retrieved from /opt/airflow/dags/dags_bash_python_with_xcom.py
[2023-08-29T01:10:56.302+0000] {logging_mixin.py:150} INFO - [2023-08-29T01:10:56.302+0000] {dag.py:2742} INFO - Sync 1 DAGs
[2023-08-29T01:10:56.332+0000] {logging_mixin.py:150} INFO - [2023-08-29T01:10:56.332+0000] {dag.py:3508} INFO - Setting next_dagrun for dags_bash_python_with_xcom to 2023-08-28T09:30:00+00:00, run_after=2023-08-29T09:30:00+00:00
[2023-08-29T01:10:56.388+0000] {processor.py:179} INFO - Processing /opt/airflow/dags/dags_bash_python_with_xcom.py took 0.148 seconds
[2023-08-29T01:11:27.161+0000] {processor.py:157} INFO - Started process (PID=3416) to work on /opt/airflow/dags/dags_bash_python_with_xcom.py
[2023-08-29T01:11:27.162+0000] {processor.py:826} INFO - Processing file /opt/airflow/dags/dags_bash_python_with_xcom.py for tasks to queue
[2023-08-29T01:11:27.163+0000] {logging_mixin.py:150} INFO - [2023-08-29T01:11:27.163+0000] {dagbag.py:541} INFO - Filling up the DagBag from /opt/airflow/dags/dags_bash_python_with_xcom.py
[2023-08-29T01:11:27.195+0000] {processor.py:836} INFO - DAG(s) dict_keys(['dags_bash_python_with_xcom']) retrieved from /opt/airflow/dags/dags_bash_python_with_xcom.py
[2023-08-29T01:11:27.218+0000] {logging_mixin.py:150} INFO - [2023-08-29T01:11:27.218+0000] {dag.py:2742} INFO - Sync 1 DAGs
[2023-08-29T01:11:27.247+0000] {logging_mixin.py:150} INFO - [2023-08-29T01:11:27.246+0000] {dag.py:3508} INFO - Setting next_dagrun for dags_bash_python_with_xcom to 2023-08-28T09:30:00+00:00, run_after=2023-08-29T09:30:00+00:00
[2023-08-29T01:11:27.306+0000] {processor.py:179} INFO - Processing /opt/airflow/dags/dags_bash_python_with_xcom.py took 0.148 seconds
[2023-08-29T01:11:57.680+0000] {processor.py:157} INFO - Started process (PID=3505) to work on /opt/airflow/dags/dags_bash_python_with_xcom.py
[2023-08-29T01:11:57.681+0000] {processor.py:826} INFO - Processing file /opt/airflow/dags/dags_bash_python_with_xcom.py for tasks to queue
[2023-08-29T01:11:57.682+0000] {logging_mixin.py:150} INFO - [2023-08-29T01:11:57.682+0000] {dagbag.py:541} INFO - Filling up the DagBag from /opt/airflow/dags/dags_bash_python_with_xcom.py
[2023-08-29T01:11:57.716+0000] {processor.py:836} INFO - DAG(s) dict_keys(['dags_bash_python_with_xcom']) retrieved from /opt/airflow/dags/dags_bash_python_with_xcom.py
[2023-08-29T01:11:57.738+0000] {logging_mixin.py:150} INFO - [2023-08-29T01:11:57.738+0000] {dag.py:2742} INFO - Sync 1 DAGs
[2023-08-29T01:11:57.767+0000] {logging_mixin.py:150} INFO - [2023-08-29T01:11:57.767+0000] {dag.py:3508} INFO - Setting next_dagrun for dags_bash_python_with_xcom to 2023-08-28T09:30:00+00:00, run_after=2023-08-29T09:30:00+00:00
[2023-08-29T01:11:57.824+0000] {processor.py:179} INFO - Processing /opt/airflow/dags/dags_bash_python_with_xcom.py took 0.147 seconds
[2023-08-29T01:12:28.510+0000] {processor.py:157} INFO - Started process (PID=3594) to work on /opt/airflow/dags/dags_bash_python_with_xcom.py
[2023-08-29T01:12:28.512+0000] {processor.py:826} INFO - Processing file /opt/airflow/dags/dags_bash_python_with_xcom.py for tasks to queue
[2023-08-29T01:12:28.513+0000] {logging_mixin.py:150} INFO - [2023-08-29T01:12:28.512+0000] {dagbag.py:541} INFO - Filling up the DagBag from /opt/airflow/dags/dags_bash_python_with_xcom.py
[2023-08-29T01:12:28.541+0000] {processor.py:836} INFO - DAG(s) dict_keys(['dags_bash_python_with_xcom']) retrieved from /opt/airflow/dags/dags_bash_python_with_xcom.py
[2023-08-29T01:12:28.563+0000] {logging_mixin.py:150} INFO - [2023-08-29T01:12:28.563+0000] {dag.py:2742} INFO - Sync 1 DAGs
[2023-08-29T01:12:28.591+0000] {logging_mixin.py:150} INFO - [2023-08-29T01:12:28.591+0000] {dag.py:3508} INFO - Setting next_dagrun for dags_bash_python_with_xcom to 2023-08-28T09:30:00+00:00, run_after=2023-08-29T09:30:00+00:00
[2023-08-29T01:12:28.647+0000] {processor.py:179} INFO - Processing /opt/airflow/dags/dags_bash_python_with_xcom.py took 0.140 seconds
[2023-08-29T01:12:58.894+0000] {processor.py:157} INFO - Started process (PID=3683) to work on /opt/airflow/dags/dags_bash_python_with_xcom.py
[2023-08-29T01:12:58.896+0000] {processor.py:826} INFO - Processing file /opt/airflow/dags/dags_bash_python_with_xcom.py for tasks to queue
[2023-08-29T01:12:58.897+0000] {logging_mixin.py:150} INFO - [2023-08-29T01:12:58.897+0000] {dagbag.py:541} INFO - Filling up the DagBag from /opt/airflow/dags/dags_bash_python_with_xcom.py
[2023-08-29T01:12:58.930+0000] {processor.py:836} INFO - DAG(s) dict_keys(['dags_bash_python_with_xcom']) retrieved from /opt/airflow/dags/dags_bash_python_with_xcom.py
[2023-08-29T01:12:58.952+0000] {logging_mixin.py:150} INFO - [2023-08-29T01:12:58.952+0000] {dag.py:2742} INFO - Sync 1 DAGs
[2023-08-29T01:12:58.980+0000] {logging_mixin.py:150} INFO - [2023-08-29T01:12:58.979+0000] {dag.py:3508} INFO - Setting next_dagrun for dags_bash_python_with_xcom to 2023-08-28T09:30:00+00:00, run_after=2023-08-29T09:30:00+00:00
[2023-08-29T01:12:59.034+0000] {processor.py:179} INFO - Processing /opt/airflow/dags/dags_bash_python_with_xcom.py took 0.144 seconds
[2023-08-29T01:13:29.260+0000] {processor.py:157} INFO - Started process (PID=3773) to work on /opt/airflow/dags/dags_bash_python_with_xcom.py
[2023-08-29T01:13:29.261+0000] {processor.py:826} INFO - Processing file /opt/airflow/dags/dags_bash_python_with_xcom.py for tasks to queue
[2023-08-29T01:13:29.262+0000] {logging_mixin.py:150} INFO - [2023-08-29T01:13:29.262+0000] {dagbag.py:541} INFO - Filling up the DagBag from /opt/airflow/dags/dags_bash_python_with_xcom.py
[2023-08-29T01:13:29.292+0000] {processor.py:836} INFO - DAG(s) dict_keys(['dags_bash_python_with_xcom']) retrieved from /opt/airflow/dags/dags_bash_python_with_xcom.py
[2023-08-29T01:13:29.315+0000] {logging_mixin.py:150} INFO - [2023-08-29T01:13:29.315+0000] {dag.py:2742} INFO - Sync 1 DAGs
[2023-08-29T01:13:29.342+0000] {logging_mixin.py:150} INFO - [2023-08-29T01:13:29.341+0000] {dag.py:3508} INFO - Setting next_dagrun for dags_bash_python_with_xcom to 2023-08-28T09:30:00+00:00, run_after=2023-08-29T09:30:00+00:00
[2023-08-29T01:13:29.382+0000] {processor.py:179} INFO - Processing /opt/airflow/dags/dags_bash_python_with_xcom.py took 0.125 seconds
[2023-08-29T01:13:59.578+0000] {processor.py:157} INFO - Started process (PID=3862) to work on /opt/airflow/dags/dags_bash_python_with_xcom.py
[2023-08-29T01:13:59.579+0000] {processor.py:826} INFO - Processing file /opt/airflow/dags/dags_bash_python_with_xcom.py for tasks to queue
[2023-08-29T01:13:59.580+0000] {logging_mixin.py:150} INFO - [2023-08-29T01:13:59.580+0000] {dagbag.py:541} INFO - Filling up the DagBag from /opt/airflow/dags/dags_bash_python_with_xcom.py
[2023-08-29T01:13:59.609+0000] {processor.py:836} INFO - DAG(s) dict_keys(['dags_bash_python_with_xcom']) retrieved from /opt/airflow/dags/dags_bash_python_with_xcom.py
[2023-08-29T01:13:59.632+0000] {logging_mixin.py:150} INFO - [2023-08-29T01:13:59.632+0000] {dag.py:2742} INFO - Sync 1 DAGs
[2023-08-29T01:13:59.659+0000] {logging_mixin.py:150} INFO - [2023-08-29T01:13:59.659+0000] {dag.py:3508} INFO - Setting next_dagrun for dags_bash_python_with_xcom to 2023-08-28T09:30:00+00:00, run_after=2023-08-29T09:30:00+00:00
[2023-08-29T01:13:59.716+0000] {processor.py:179} INFO - Processing /opt/airflow/dags/dags_bash_python_with_xcom.py took 0.142 seconds
[2023-08-29T01:14:30.114+0000] {processor.py:157} INFO - Started process (PID=3951) to work on /opt/airflow/dags/dags_bash_python_with_xcom.py
[2023-08-29T01:14:30.116+0000] {processor.py:826} INFO - Processing file /opt/airflow/dags/dags_bash_python_with_xcom.py for tasks to queue
[2023-08-29T01:14:30.117+0000] {logging_mixin.py:150} INFO - [2023-08-29T01:14:30.117+0000] {dagbag.py:541} INFO - Filling up the DagBag from /opt/airflow/dags/dags_bash_python_with_xcom.py
[2023-08-29T01:14:30.146+0000] {processor.py:836} INFO - DAG(s) dict_keys(['dags_bash_python_with_xcom']) retrieved from /opt/airflow/dags/dags_bash_python_with_xcom.py
[2023-08-29T01:14:30.168+0000] {logging_mixin.py:150} INFO - [2023-08-29T01:14:30.168+0000] {dag.py:2742} INFO - Sync 1 DAGs
[2023-08-29T01:14:30.195+0000] {logging_mixin.py:150} INFO - [2023-08-29T01:14:30.195+0000] {dag.py:3508} INFO - Setting next_dagrun for dags_bash_python_with_xcom to 2023-08-28T09:30:00+00:00, run_after=2023-08-29T09:30:00+00:00
[2023-08-29T01:14:30.292+0000] {processor.py:179} INFO - Processing /opt/airflow/dags/dags_bash_python_with_xcom.py took 0.182 seconds
[2023-08-29T01:15:00.560+0000] {processor.py:157} INFO - Started process (PID=4040) to work on /opt/airflow/dags/dags_bash_python_with_xcom.py
[2023-08-29T01:15:00.562+0000] {processor.py:826} INFO - Processing file /opt/airflow/dags/dags_bash_python_with_xcom.py for tasks to queue
[2023-08-29T01:15:00.563+0000] {logging_mixin.py:150} INFO - [2023-08-29T01:15:00.563+0000] {dagbag.py:541} INFO - Filling up the DagBag from /opt/airflow/dags/dags_bash_python_with_xcom.py
[2023-08-29T01:15:00.594+0000] {processor.py:836} INFO - DAG(s) dict_keys(['dags_bash_python_with_xcom']) retrieved from /opt/airflow/dags/dags_bash_python_with_xcom.py
[2023-08-29T01:15:00.617+0000] {logging_mixin.py:150} INFO - [2023-08-29T01:15:00.616+0000] {dag.py:2742} INFO - Sync 1 DAGs
[2023-08-29T01:15:00.644+0000] {logging_mixin.py:150} INFO - [2023-08-29T01:15:00.644+0000] {dag.py:3508} INFO - Setting next_dagrun for dags_bash_python_with_xcom to 2023-08-28T09:30:00+00:00, run_after=2023-08-29T09:30:00+00:00
[2023-08-29T01:15:00.682+0000] {processor.py:179} INFO - Processing /opt/airflow/dags/dags_bash_python_with_xcom.py took 0.126 seconds
[2023-08-29T01:15:30.988+0000] {processor.py:157} INFO - Started process (PID=4129) to work on /opt/airflow/dags/dags_bash_python_with_xcom.py
[2023-08-29T01:15:30.989+0000] {processor.py:826} INFO - Processing file /opt/airflow/dags/dags_bash_python_with_xcom.py for tasks to queue
[2023-08-29T01:15:30.990+0000] {logging_mixin.py:150} INFO - [2023-08-29T01:15:30.990+0000] {dagbag.py:541} INFO - Filling up the DagBag from /opt/airflow/dags/dags_bash_python_with_xcom.py
[2023-08-29T01:15:31.021+0000] {processor.py:836} INFO - DAG(s) dict_keys(['dags_bash_python_with_xcom']) retrieved from /opt/airflow/dags/dags_bash_python_with_xcom.py
[2023-08-29T01:15:31.043+0000] {logging_mixin.py:150} INFO - [2023-08-29T01:15:31.043+0000] {dag.py:2742} INFO - Sync 1 DAGs
[2023-08-29T01:15:31.069+0000] {logging_mixin.py:150} INFO - [2023-08-29T01:15:31.069+0000] {dag.py:3508} INFO - Setting next_dagrun for dags_bash_python_with_xcom to 2023-08-28T09:30:00+00:00, run_after=2023-08-29T09:30:00+00:00
[2023-08-29T01:15:31.127+0000] {processor.py:179} INFO - Processing /opt/airflow/dags/dags_bash_python_with_xcom.py took 0.142 seconds
[2023-08-29T01:16:01.642+0000] {processor.py:157} INFO - Started process (PID=4218) to work on /opt/airflow/dags/dags_bash_python_with_xcom.py
[2023-08-29T01:16:01.643+0000] {processor.py:826} INFO - Processing file /opt/airflow/dags/dags_bash_python_with_xcom.py for tasks to queue
[2023-08-29T01:16:01.644+0000] {logging_mixin.py:150} INFO - [2023-08-29T01:16:01.644+0000] {dagbag.py:541} INFO - Filling up the DagBag from /opt/airflow/dags/dags_bash_python_with_xcom.py
[2023-08-29T01:16:01.674+0000] {processor.py:836} INFO - DAG(s) dict_keys(['dags_bash_python_with_xcom']) retrieved from /opt/airflow/dags/dags_bash_python_with_xcom.py
[2023-08-29T01:16:01.696+0000] {logging_mixin.py:150} INFO - [2023-08-29T01:16:01.695+0000] {dag.py:2742} INFO - Sync 1 DAGs
[2023-08-29T01:16:01.722+0000] {logging_mixin.py:150} INFO - [2023-08-29T01:16:01.721+0000] {dag.py:3508} INFO - Setting next_dagrun for dags_bash_python_with_xcom to 2023-08-28T09:30:00+00:00, run_after=2023-08-29T09:30:00+00:00
[2023-08-29T01:16:01.778+0000] {processor.py:179} INFO - Processing /opt/airflow/dags/dags_bash_python_with_xcom.py took 0.143 seconds
[2023-08-29T01:16:31.933+0000] {processor.py:157} INFO - Started process (PID=4307) to work on /opt/airflow/dags/dags_bash_python_with_xcom.py
[2023-08-29T01:16:31.934+0000] {processor.py:826} INFO - Processing file /opt/airflow/dags/dags_bash_python_with_xcom.py for tasks to queue
[2023-08-29T01:16:31.935+0000] {logging_mixin.py:150} INFO - [2023-08-29T01:16:31.935+0000] {dagbag.py:541} INFO - Filling up the DagBag from /opt/airflow/dags/dags_bash_python_with_xcom.py
[2023-08-29T01:16:31.964+0000] {processor.py:836} INFO - DAG(s) dict_keys(['dags_bash_python_with_xcom']) retrieved from /opt/airflow/dags/dags_bash_python_with_xcom.py
[2023-08-29T01:16:31.986+0000] {logging_mixin.py:150} INFO - [2023-08-29T01:16:31.986+0000] {dag.py:2742} INFO - Sync 1 DAGs
[2023-08-29T01:16:32.016+0000] {logging_mixin.py:150} INFO - [2023-08-29T01:16:32.016+0000] {dag.py:3508} INFO - Setting next_dagrun for dags_bash_python_with_xcom to 2023-08-28T09:30:00+00:00, run_after=2023-08-29T09:30:00+00:00
[2023-08-29T01:16:32.076+0000] {processor.py:179} INFO - Processing /opt/airflow/dags/dags_bash_python_with_xcom.py took 0.147 seconds
[2023-08-29T01:17:02.523+0000] {processor.py:157} INFO - Started process (PID=4396) to work on /opt/airflow/dags/dags_bash_python_with_xcom.py
[2023-08-29T01:17:02.525+0000] {processor.py:826} INFO - Processing file /opt/airflow/dags/dags_bash_python_with_xcom.py for tasks to queue
[2023-08-29T01:17:02.526+0000] {logging_mixin.py:150} INFO - [2023-08-29T01:17:02.526+0000] {dagbag.py:541} INFO - Filling up the DagBag from /opt/airflow/dags/dags_bash_python_with_xcom.py
[2023-08-29T01:17:02.554+0000] {processor.py:836} INFO - DAG(s) dict_keys(['dags_bash_python_with_xcom']) retrieved from /opt/airflow/dags/dags_bash_python_with_xcom.py
[2023-08-29T01:17:02.580+0000] {logging_mixin.py:150} INFO - [2023-08-29T01:17:02.580+0000] {dag.py:2742} INFO - Sync 1 DAGs
[2023-08-29T01:17:02.613+0000] {logging_mixin.py:150} INFO - [2023-08-29T01:17:02.612+0000] {dag.py:3508} INFO - Setting next_dagrun for dags_bash_python_with_xcom to 2023-08-28T09:30:00+00:00, run_after=2023-08-29T09:30:00+00:00
[2023-08-29T01:17:02.663+0000] {processor.py:179} INFO - Processing /opt/airflow/dags/dags_bash_python_with_xcom.py took 0.143 seconds
[2023-08-29T01:17:32.924+0000] {processor.py:157} INFO - Started process (PID=4485) to work on /opt/airflow/dags/dags_bash_python_with_xcom.py
[2023-08-29T01:17:32.925+0000] {processor.py:826} INFO - Processing file /opt/airflow/dags/dags_bash_python_with_xcom.py for tasks to queue
[2023-08-29T01:17:32.927+0000] {logging_mixin.py:150} INFO - [2023-08-29T01:17:32.927+0000] {dagbag.py:541} INFO - Filling up the DagBag from /opt/airflow/dags/dags_bash_python_with_xcom.py
[2023-08-29T01:17:32.956+0000] {processor.py:836} INFO - DAG(s) dict_keys(['dags_bash_python_with_xcom']) retrieved from /opt/airflow/dags/dags_bash_python_with_xcom.py
[2023-08-29T01:17:32.980+0000] {logging_mixin.py:150} INFO - [2023-08-29T01:17:32.980+0000] {dag.py:2742} INFO - Sync 1 DAGs
[2023-08-29T01:17:33.012+0000] {logging_mixin.py:150} INFO - [2023-08-29T01:17:33.012+0000] {dag.py:3508} INFO - Setting next_dagrun for dags_bash_python_with_xcom to 2023-08-28T09:30:00+00:00, run_after=2023-08-29T09:30:00+00:00
[2023-08-29T01:17:33.068+0000] {processor.py:179} INFO - Processing /opt/airflow/dags/dags_bash_python_with_xcom.py took 0.148 seconds
[2023-08-29T01:18:03.403+0000] {processor.py:157} INFO - Started process (PID=4575) to work on /opt/airflow/dags/dags_bash_python_with_xcom.py
[2023-08-29T01:18:03.404+0000] {processor.py:826} INFO - Processing file /opt/airflow/dags/dags_bash_python_with_xcom.py for tasks to queue
[2023-08-29T01:18:03.406+0000] {logging_mixin.py:150} INFO - [2023-08-29T01:18:03.405+0000] {dagbag.py:541} INFO - Filling up the DagBag from /opt/airflow/dags/dags_bash_python_with_xcom.py
[2023-08-29T01:18:03.441+0000] {processor.py:836} INFO - DAG(s) dict_keys(['dags_bash_python_with_xcom']) retrieved from /opt/airflow/dags/dags_bash_python_with_xcom.py
[2023-08-29T01:18:03.466+0000] {logging_mixin.py:150} INFO - [2023-08-29T01:18:03.465+0000] {dag.py:2742} INFO - Sync 1 DAGs
[2023-08-29T01:18:03.495+0000] {logging_mixin.py:150} INFO - [2023-08-29T01:18:03.495+0000] {dag.py:3508} INFO - Setting next_dagrun for dags_bash_python_with_xcom to 2023-08-28T09:30:00+00:00, run_after=2023-08-29T09:30:00+00:00
[2023-08-29T01:18:03.555+0000] {processor.py:179} INFO - Processing /opt/airflow/dags/dags_bash_python_with_xcom.py took 0.156 seconds
[2023-08-29T01:18:33.752+0000] {processor.py:157} INFO - Started process (PID=4665) to work on /opt/airflow/dags/dags_bash_python_with_xcom.py
[2023-08-29T01:18:33.754+0000] {processor.py:826} INFO - Processing file /opt/airflow/dags/dags_bash_python_with_xcom.py for tasks to queue
[2023-08-29T01:18:33.755+0000] {logging_mixin.py:150} INFO - [2023-08-29T01:18:33.755+0000] {dagbag.py:541} INFO - Filling up the DagBag from /opt/airflow/dags/dags_bash_python_with_xcom.py
[2023-08-29T01:18:33.786+0000] {processor.py:836} INFO - DAG(s) dict_keys(['dags_bash_python_with_xcom']) retrieved from /opt/airflow/dags/dags_bash_python_with_xcom.py
[2023-08-29T01:18:33.810+0000] {logging_mixin.py:150} INFO - [2023-08-29T01:18:33.810+0000] {dag.py:2742} INFO - Sync 1 DAGs
[2023-08-29T01:18:33.840+0000] {logging_mixin.py:150} INFO - [2023-08-29T01:18:33.840+0000] {dag.py:3508} INFO - Setting next_dagrun for dags_bash_python_with_xcom to 2023-08-28T09:30:00+00:00, run_after=2023-08-29T09:30:00+00:00
[2023-08-29T01:18:33.893+0000] {processor.py:179} INFO - Processing /opt/airflow/dags/dags_bash_python_with_xcom.py took 0.145 seconds
[2023-08-29T01:19:04.221+0000] {processor.py:157} INFO - Started process (PID=4754) to work on /opt/airflow/dags/dags_bash_python_with_xcom.py
[2023-08-29T01:19:04.222+0000] {processor.py:826} INFO - Processing file /opt/airflow/dags/dags_bash_python_with_xcom.py for tasks to queue
[2023-08-29T01:19:04.223+0000] {logging_mixin.py:150} INFO - [2023-08-29T01:19:04.223+0000] {dagbag.py:541} INFO - Filling up the DagBag from /opt/airflow/dags/dags_bash_python_with_xcom.py
[2023-08-29T01:19:04.257+0000] {processor.py:836} INFO - DAG(s) dict_keys(['dags_bash_python_with_xcom']) retrieved from /opt/airflow/dags/dags_bash_python_with_xcom.py
[2023-08-29T01:19:04.285+0000] {logging_mixin.py:150} INFO - [2023-08-29T01:19:04.285+0000] {dag.py:2742} INFO - Sync 1 DAGs
[2023-08-29T01:19:04.316+0000] {logging_mixin.py:150} INFO - [2023-08-29T01:19:04.315+0000] {dag.py:3508} INFO - Setting next_dagrun for dags_bash_python_with_xcom to 2023-08-28T09:30:00+00:00, run_after=2023-08-29T09:30:00+00:00
[2023-08-29T01:19:04.376+0000] {processor.py:179} INFO - Processing /opt/airflow/dags/dags_bash_python_with_xcom.py took 0.159 seconds
[2023-08-29T01:19:35.024+0000] {processor.py:157} INFO - Started process (PID=4843) to work on /opt/airflow/dags/dags_bash_python_with_xcom.py
[2023-08-29T01:19:35.026+0000] {processor.py:826} INFO - Processing file /opt/airflow/dags/dags_bash_python_with_xcom.py for tasks to queue
[2023-08-29T01:19:35.027+0000] {logging_mixin.py:150} INFO - [2023-08-29T01:19:35.027+0000] {dagbag.py:541} INFO - Filling up the DagBag from /opt/airflow/dags/dags_bash_python_with_xcom.py
[2023-08-29T01:19:35.058+0000] {processor.py:836} INFO - DAG(s) dict_keys(['dags_bash_python_with_xcom']) retrieved from /opt/airflow/dags/dags_bash_python_with_xcom.py
[2023-08-29T01:19:35.083+0000] {logging_mixin.py:150} INFO - [2023-08-29T01:19:35.083+0000] {dag.py:2742} INFO - Sync 1 DAGs
[2023-08-29T01:19:35.110+0000] {logging_mixin.py:150} INFO - [2023-08-29T01:19:35.110+0000] {dag.py:3508} INFO - Setting next_dagrun for dags_bash_python_with_xcom to 2023-08-28T09:30:00+00:00, run_after=2023-08-29T09:30:00+00:00
[2023-08-29T01:19:35.168+0000] {processor.py:179} INFO - Processing /opt/airflow/dags/dags_bash_python_with_xcom.py took 0.147 seconds
[2023-08-29T01:20:05.716+0000] {processor.py:157} INFO - Started process (PID=4932) to work on /opt/airflow/dags/dags_bash_python_with_xcom.py
[2023-08-29T01:20:05.717+0000] {processor.py:826} INFO - Processing file /opt/airflow/dags/dags_bash_python_with_xcom.py for tasks to queue
[2023-08-29T01:20:05.719+0000] {logging_mixin.py:150} INFO - [2023-08-29T01:20:05.718+0000] {dagbag.py:541} INFO - Filling up the DagBag from /opt/airflow/dags/dags_bash_python_with_xcom.py
[2023-08-29T01:20:05.749+0000] {processor.py:836} INFO - DAG(s) dict_keys(['dags_bash_python_with_xcom']) retrieved from /opt/airflow/dags/dags_bash_python_with_xcom.py
[2023-08-29T01:20:05.773+0000] {logging_mixin.py:150} INFO - [2023-08-29T01:20:05.772+0000] {dag.py:2742} INFO - Sync 1 DAGs
[2023-08-29T01:20:05.807+0000] {logging_mixin.py:150} INFO - [2023-08-29T01:20:05.807+0000] {dag.py:3508} INFO - Setting next_dagrun for dags_bash_python_with_xcom to 2023-08-28T09:30:00+00:00, run_after=2023-08-29T09:30:00+00:00
[2023-08-29T01:20:05.866+0000] {processor.py:179} INFO - Processing /opt/airflow/dags/dags_bash_python_with_xcom.py took 0.154 seconds
[2023-08-29T01:20:36.330+0000] {processor.py:157} INFO - Started process (PID=5021) to work on /opt/airflow/dags/dags_bash_python_with_xcom.py
[2023-08-29T01:20:36.331+0000] {processor.py:826} INFO - Processing file /opt/airflow/dags/dags_bash_python_with_xcom.py for tasks to queue
[2023-08-29T01:20:36.332+0000] {logging_mixin.py:150} INFO - [2023-08-29T01:20:36.332+0000] {dagbag.py:541} INFO - Filling up the DagBag from /opt/airflow/dags/dags_bash_python_with_xcom.py
[2023-08-29T01:20:36.368+0000] {processor.py:836} INFO - DAG(s) dict_keys(['dags_bash_python_with_xcom']) retrieved from /opt/airflow/dags/dags_bash_python_with_xcom.py
[2023-08-29T01:20:36.389+0000] {logging_mixin.py:150} INFO - [2023-08-29T01:20:36.389+0000] {dag.py:2742} INFO - Sync 1 DAGs
[2023-08-29T01:20:36.416+0000] {logging_mixin.py:150} INFO - [2023-08-29T01:20:36.416+0000] {dag.py:3508} INFO - Setting next_dagrun for dags_bash_python_with_xcom to 2023-08-28T09:30:00+00:00, run_after=2023-08-29T09:30:00+00:00
[2023-08-29T01:20:36.456+0000] {processor.py:179} INFO - Processing /opt/airflow/dags/dags_bash_python_with_xcom.py took 0.130 seconds
[2023-08-29T01:21:06.978+0000] {processor.py:157} INFO - Started process (PID=5111) to work on /opt/airflow/dags/dags_bash_python_with_xcom.py
[2023-08-29T01:21:06.980+0000] {processor.py:826} INFO - Processing file /opt/airflow/dags/dags_bash_python_with_xcom.py for tasks to queue
[2023-08-29T01:21:06.981+0000] {logging_mixin.py:150} INFO - [2023-08-29T01:21:06.981+0000] {dagbag.py:541} INFO - Filling up the DagBag from /opt/airflow/dags/dags_bash_python_with_xcom.py
[2023-08-29T01:21:07.010+0000] {processor.py:836} INFO - DAG(s) dict_keys(['dags_bash_python_with_xcom']) retrieved from /opt/airflow/dags/dags_bash_python_with_xcom.py
[2023-08-29T01:21:07.033+0000] {logging_mixin.py:150} INFO - [2023-08-29T01:21:07.033+0000] {dag.py:2742} INFO - Sync 1 DAGs
[2023-08-29T01:21:07.061+0000] {logging_mixin.py:150} INFO - [2023-08-29T01:21:07.061+0000] {dag.py:3508} INFO - Setting next_dagrun for dags_bash_python_with_xcom to 2023-08-28T09:30:00+00:00, run_after=2023-08-29T09:30:00+00:00
[2023-08-29T01:21:07.117+0000] {processor.py:179} INFO - Processing /opt/airflow/dags/dags_bash_python_with_xcom.py took 0.142 seconds
[2023-08-29T01:21:37.226+0000] {processor.py:157} INFO - Started process (PID=5200) to work on /opt/airflow/dags/dags_bash_python_with_xcom.py
[2023-08-29T01:21:37.227+0000] {processor.py:826} INFO - Processing file /opt/airflow/dags/dags_bash_python_with_xcom.py for tasks to queue
[2023-08-29T01:21:37.228+0000] {logging_mixin.py:150} INFO - [2023-08-29T01:21:37.227+0000] {dagbag.py:541} INFO - Filling up the DagBag from /opt/airflow/dags/dags_bash_python_with_xcom.py
[2023-08-29T01:21:37.256+0000] {processor.py:836} INFO - DAG(s) dict_keys(['dags_bash_python_with_xcom']) retrieved from /opt/airflow/dags/dags_bash_python_with_xcom.py
[2023-08-29T01:21:37.279+0000] {logging_mixin.py:150} INFO - [2023-08-29T01:21:37.279+0000] {dag.py:2742} INFO - Sync 1 DAGs
[2023-08-29T01:21:37.308+0000] {logging_mixin.py:150} INFO - [2023-08-29T01:21:37.308+0000] {dag.py:3508} INFO - Setting next_dagrun for dags_bash_python_with_xcom to 2023-08-28T09:30:00+00:00, run_after=2023-08-29T09:30:00+00:00
[2023-08-29T01:21:37.378+0000] {processor.py:179} INFO - Processing /opt/airflow/dags/dags_bash_python_with_xcom.py took 0.156 seconds
[2023-08-29T01:22:07.738+0000] {processor.py:157} INFO - Started process (PID=5289) to work on /opt/airflow/dags/dags_bash_python_with_xcom.py
[2023-08-29T01:22:07.739+0000] {processor.py:826} INFO - Processing file /opt/airflow/dags/dags_bash_python_with_xcom.py for tasks to queue
[2023-08-29T01:22:07.740+0000] {logging_mixin.py:150} INFO - [2023-08-29T01:22:07.740+0000] {dagbag.py:541} INFO - Filling up the DagBag from /opt/airflow/dags/dags_bash_python_with_xcom.py
[2023-08-29T01:22:07.768+0000] {processor.py:836} INFO - DAG(s) dict_keys(['dags_bash_python_with_xcom']) retrieved from /opt/airflow/dags/dags_bash_python_with_xcom.py
[2023-08-29T01:22:07.857+0000] {logging_mixin.py:150} INFO - [2023-08-29T01:22:07.857+0000] {dag.py:2742} INFO - Sync 1 DAGs
[2023-08-29T01:22:07.890+0000] {logging_mixin.py:150} INFO - [2023-08-29T01:22:07.890+0000] {dag.py:3508} INFO - Setting next_dagrun for dags_bash_python_with_xcom to 2023-08-28T09:30:00+00:00, run_after=2023-08-29T09:30:00+00:00
[2023-08-29T01:22:07.950+0000] {processor.py:179} INFO - Processing /opt/airflow/dags/dags_bash_python_with_xcom.py took 0.215 seconds
[2023-08-29T01:22:38.817+0000] {processor.py:157} INFO - Started process (PID=5363) to work on /opt/airflow/dags/dags_bash_python_with_xcom.py
[2023-08-29T01:22:38.818+0000] {processor.py:826} INFO - Processing file /opt/airflow/dags/dags_bash_python_with_xcom.py for tasks to queue
[2023-08-29T01:22:38.819+0000] {logging_mixin.py:150} INFO - [2023-08-29T01:22:38.819+0000] {dagbag.py:541} INFO - Filling up the DagBag from /opt/airflow/dags/dags_bash_python_with_xcom.py
[2023-08-29T01:22:38.848+0000] {processor.py:836} INFO - DAG(s) dict_keys(['dags_bash_python_with_xcom']) retrieved from /opt/airflow/dags/dags_bash_python_with_xcom.py
[2023-08-29T01:22:38.871+0000] {logging_mixin.py:150} INFO - [2023-08-29T01:22:38.871+0000] {dag.py:2742} INFO - Sync 1 DAGs
[2023-08-29T01:22:38.897+0000] {logging_mixin.py:150} INFO - [2023-08-29T01:22:38.897+0000] {dag.py:3508} INFO - Setting next_dagrun for dags_bash_python_with_xcom to 2023-08-28T09:30:00+00:00, run_after=2023-08-29T09:30:00+00:00
[2023-08-29T01:22:38.953+0000] {processor.py:179} INFO - Processing /opt/airflow/dags/dags_bash_python_with_xcom.py took 0.140 seconds
[2023-08-29T01:23:09.392+0000] {processor.py:157} INFO - Started process (PID=5453) to work on /opt/airflow/dags/dags_bash_python_with_xcom.py
[2023-08-29T01:23:09.393+0000] {processor.py:826} INFO - Processing file /opt/airflow/dags/dags_bash_python_with_xcom.py for tasks to queue
[2023-08-29T01:23:09.394+0000] {logging_mixin.py:150} INFO - [2023-08-29T01:23:09.394+0000] {dagbag.py:541} INFO - Filling up the DagBag from /opt/airflow/dags/dags_bash_python_with_xcom.py
[2023-08-29T01:23:09.430+0000] {processor.py:836} INFO - DAG(s) dict_keys(['dags_bash_python_with_xcom']) retrieved from /opt/airflow/dags/dags_bash_python_with_xcom.py
[2023-08-29T01:23:09.453+0000] {logging_mixin.py:150} INFO - [2023-08-29T01:23:09.453+0000] {dag.py:2742} INFO - Sync 1 DAGs
[2023-08-29T01:23:09.488+0000] {logging_mixin.py:150} INFO - [2023-08-29T01:23:09.488+0000] {dag.py:3508} INFO - Setting next_dagrun for dags_bash_python_with_xcom to 2023-08-28T09:30:00+00:00, run_after=2023-08-29T09:30:00+00:00
[2023-08-29T01:23:09.547+0000] {processor.py:179} INFO - Processing /opt/airflow/dags/dags_bash_python_with_xcom.py took 0.160 seconds
[2023-08-29T01:23:39.990+0000] {processor.py:157} INFO - Started process (PID=5543) to work on /opt/airflow/dags/dags_bash_python_with_xcom.py
[2023-08-29T01:23:39.991+0000] {processor.py:826} INFO - Processing file /opt/airflow/dags/dags_bash_python_with_xcom.py for tasks to queue
[2023-08-29T01:23:39.993+0000] {logging_mixin.py:150} INFO - [2023-08-29T01:23:39.993+0000] {dagbag.py:541} INFO - Filling up the DagBag from /opt/airflow/dags/dags_bash_python_with_xcom.py
[2023-08-29T01:23:40.033+0000] {processor.py:836} INFO - DAG(s) dict_keys(['dags_bash_python_with_xcom']) retrieved from /opt/airflow/dags/dags_bash_python_with_xcom.py
[2023-08-29T01:23:40.066+0000] {logging_mixin.py:150} INFO - [2023-08-29T01:23:40.065+0000] {dag.py:2742} INFO - Sync 1 DAGs
[2023-08-29T01:23:40.103+0000] {logging_mixin.py:150} INFO - [2023-08-29T01:23:40.102+0000] {dag.py:3508} INFO - Setting next_dagrun for dags_bash_python_with_xcom to 2023-08-28T09:30:00+00:00, run_after=2023-08-29T09:30:00+00:00
[2023-08-29T01:23:40.163+0000] {processor.py:179} INFO - Processing /opt/airflow/dags/dags_bash_python_with_xcom.py took 0.179 seconds
[2023-08-29T01:24:10.358+0000] {processor.py:157} INFO - Started process (PID=5633) to work on /opt/airflow/dags/dags_bash_python_with_xcom.py
[2023-08-29T01:24:10.359+0000] {processor.py:826} INFO - Processing file /opt/airflow/dags/dags_bash_python_with_xcom.py for tasks to queue
[2023-08-29T01:24:10.360+0000] {logging_mixin.py:150} INFO - [2023-08-29T01:24:10.360+0000] {dagbag.py:541} INFO - Filling up the DagBag from /opt/airflow/dags/dags_bash_python_with_xcom.py
[2023-08-29T01:24:10.395+0000] {processor.py:836} INFO - DAG(s) dict_keys(['dags_bash_python_with_xcom']) retrieved from /opt/airflow/dags/dags_bash_python_with_xcom.py
[2023-08-29T01:24:10.422+0000] {logging_mixin.py:150} INFO - [2023-08-29T01:24:10.422+0000] {dag.py:2742} INFO - Sync 1 DAGs
[2023-08-29T01:24:10.473+0000] {logging_mixin.py:150} INFO - [2023-08-29T01:24:10.473+0000] {dag.py:3508} INFO - Setting next_dagrun for dags_bash_python_with_xcom to 2023-08-28T09:30:00+00:00, run_after=2023-08-29T09:30:00+00:00
[2023-08-29T01:24:10.557+0000] {processor.py:179} INFO - Processing /opt/airflow/dags/dags_bash_python_with_xcom.py took 0.203 seconds
[2023-08-29T01:24:40.887+0000] {processor.py:157} INFO - Started process (PID=5723) to work on /opt/airflow/dags/dags_bash_python_with_xcom.py
[2023-08-29T01:24:40.888+0000] {processor.py:826} INFO - Processing file /opt/airflow/dags/dags_bash_python_with_xcom.py for tasks to queue
[2023-08-29T01:24:40.889+0000] {logging_mixin.py:150} INFO - [2023-08-29T01:24:40.889+0000] {dagbag.py:541} INFO - Filling up the DagBag from /opt/airflow/dags/dags_bash_python_with_xcom.py
[2023-08-29T01:24:40.922+0000] {processor.py:836} INFO - DAG(s) dict_keys(['dags_bash_python_with_xcom']) retrieved from /opt/airflow/dags/dags_bash_python_with_xcom.py
[2023-08-29T01:24:40.945+0000] {logging_mixin.py:150} INFO - [2023-08-29T01:24:40.944+0000] {dag.py:2742} INFO - Sync 1 DAGs
[2023-08-29T01:24:40.973+0000] {logging_mixin.py:150} INFO - [2023-08-29T01:24:40.972+0000] {dag.py:3508} INFO - Setting next_dagrun for dags_bash_python_with_xcom to 2023-08-28T09:30:00+00:00, run_after=2023-08-29T09:30:00+00:00
[2023-08-29T01:24:41.033+0000] {processor.py:179} INFO - Processing /opt/airflow/dags/dags_bash_python_with_xcom.py took 0.150 seconds
[2023-08-29T01:25:11.628+0000] {processor.py:157} INFO - Started process (PID=5814) to work on /opt/airflow/dags/dags_bash_python_with_xcom.py
[2023-08-29T01:25:11.630+0000] {processor.py:826} INFO - Processing file /opt/airflow/dags/dags_bash_python_with_xcom.py for tasks to queue
[2023-08-29T01:25:11.631+0000] {logging_mixin.py:150} INFO - [2023-08-29T01:25:11.631+0000] {dagbag.py:541} INFO - Filling up the DagBag from /opt/airflow/dags/dags_bash_python_with_xcom.py
[2023-08-29T01:25:11.661+0000] {processor.py:836} INFO - DAG(s) dict_keys(['dags_bash_python_with_xcom']) retrieved from /opt/airflow/dags/dags_bash_python_with_xcom.py
[2023-08-29T01:25:11.686+0000] {logging_mixin.py:150} INFO - [2023-08-29T01:25:11.686+0000] {dag.py:2742} INFO - Sync 1 DAGs
[2023-08-29T01:25:11.715+0000] {logging_mixin.py:150} INFO - [2023-08-29T01:25:11.715+0000] {dag.py:3508} INFO - Setting next_dagrun for dags_bash_python_with_xcom to 2023-08-28T09:30:00+00:00, run_after=2023-08-29T09:30:00+00:00
[2023-08-29T01:25:11.772+0000] {processor.py:179} INFO - Processing /opt/airflow/dags/dags_bash_python_with_xcom.py took 0.148 seconds
[2023-08-29T01:25:42.240+0000] {processor.py:157} INFO - Started process (PID=5904) to work on /opt/airflow/dags/dags_bash_python_with_xcom.py
[2023-08-29T01:25:42.243+0000] {processor.py:826} INFO - Processing file /opt/airflow/dags/dags_bash_python_with_xcom.py for tasks to queue
[2023-08-29T01:25:42.246+0000] {logging_mixin.py:150} INFO - [2023-08-29T01:25:42.245+0000] {dagbag.py:541} INFO - Filling up the DagBag from /opt/airflow/dags/dags_bash_python_with_xcom.py
[2023-08-29T01:25:42.285+0000] {processor.py:836} INFO - DAG(s) dict_keys(['dags_bash_python_with_xcom']) retrieved from /opt/airflow/dags/dags_bash_python_with_xcom.py
[2023-08-29T01:25:42.309+0000] {logging_mixin.py:150} INFO - [2023-08-29T01:25:42.309+0000] {dag.py:2742} INFO - Sync 1 DAGs
[2023-08-29T01:25:42.338+0000] {logging_mixin.py:150} INFO - [2023-08-29T01:25:42.338+0000] {dag.py:3508} INFO - Setting next_dagrun for dags_bash_python_with_xcom to 2023-08-28T09:30:00+00:00, run_after=2023-08-29T09:30:00+00:00
[2023-08-29T01:25:42.397+0000] {processor.py:179} INFO - Processing /opt/airflow/dags/dags_bash_python_with_xcom.py took 0.165 seconds
[2023-08-29T01:26:13.047+0000] {processor.py:157} INFO - Started process (PID=5994) to work on /opt/airflow/dags/dags_bash_python_with_xcom.py
[2023-08-29T01:26:13.048+0000] {processor.py:826} INFO - Processing file /opt/airflow/dags/dags_bash_python_with_xcom.py for tasks to queue
[2023-08-29T01:26:13.050+0000] {logging_mixin.py:150} INFO - [2023-08-29T01:26:13.049+0000] {dagbag.py:541} INFO - Filling up the DagBag from /opt/airflow/dags/dags_bash_python_with_xcom.py
[2023-08-29T01:26:13.081+0000] {processor.py:836} INFO - DAG(s) dict_keys(['dags_bash_python_with_xcom']) retrieved from /opt/airflow/dags/dags_bash_python_with_xcom.py
[2023-08-29T01:26:13.104+0000] {logging_mixin.py:150} INFO - [2023-08-29T01:26:13.104+0000] {dag.py:2742} INFO - Sync 1 DAGs
[2023-08-29T01:26:13.132+0000] {logging_mixin.py:150} INFO - [2023-08-29T01:26:13.132+0000] {dag.py:3508} INFO - Setting next_dagrun for dags_bash_python_with_xcom to 2023-08-28T09:30:00+00:00, run_after=2023-08-29T09:30:00+00:00
[2023-08-29T01:26:13.172+0000] {processor.py:179} INFO - Processing /opt/airflow/dags/dags_bash_python_with_xcom.py took 0.128 seconds
[2023-08-29T01:26:43.635+0000] {processor.py:157} INFO - Started process (PID=6085) to work on /opt/airflow/dags/dags_bash_python_with_xcom.py
[2023-08-29T01:26:43.636+0000] {processor.py:826} INFO - Processing file /opt/airflow/dags/dags_bash_python_with_xcom.py for tasks to queue
[2023-08-29T01:26:43.637+0000] {logging_mixin.py:150} INFO - [2023-08-29T01:26:43.637+0000] {dagbag.py:541} INFO - Filling up the DagBag from /opt/airflow/dags/dags_bash_python_with_xcom.py
[2023-08-29T01:26:43.667+0000] {processor.py:836} INFO - DAG(s) dict_keys(['dags_bash_python_with_xcom']) retrieved from /opt/airflow/dags/dags_bash_python_with_xcom.py
[2023-08-29T01:26:43.691+0000] {logging_mixin.py:150} INFO - [2023-08-29T01:26:43.691+0000] {dag.py:2742} INFO - Sync 1 DAGs
[2023-08-29T01:26:43.720+0000] {logging_mixin.py:150} INFO - [2023-08-29T01:26:43.720+0000] {dag.py:3508} INFO - Setting next_dagrun for dags_bash_python_with_xcom to 2023-08-28T09:30:00+00:00, run_after=2023-08-29T09:30:00+00:00
[2023-08-29T01:26:43.760+0000] {processor.py:179} INFO - Processing /opt/airflow/dags/dags_bash_python_with_xcom.py took 0.129 seconds
[2023-08-29T01:27:14.536+0000] {processor.py:157} INFO - Started process (PID=6175) to work on /opt/airflow/dags/dags_bash_python_with_xcom.py
[2023-08-29T01:27:14.537+0000] {processor.py:826} INFO - Processing file /opt/airflow/dags/dags_bash_python_with_xcom.py for tasks to queue
[2023-08-29T01:27:14.539+0000] {logging_mixin.py:150} INFO - [2023-08-29T01:27:14.539+0000] {dagbag.py:541} INFO - Filling up the DagBag from /opt/airflow/dags/dags_bash_python_with_xcom.py
[2023-08-29T01:27:14.585+0000] {processor.py:836} INFO - DAG(s) dict_keys(['dags_bash_python_with_xcom']) retrieved from /opt/airflow/dags/dags_bash_python_with_xcom.py
[2023-08-29T01:27:14.617+0000] {logging_mixin.py:150} INFO - [2023-08-29T01:27:14.616+0000] {dag.py:2742} INFO - Sync 1 DAGs
[2023-08-29T01:27:14.649+0000] {logging_mixin.py:150} INFO - [2023-08-29T01:27:14.649+0000] {dag.py:3508} INFO - Setting next_dagrun for dags_bash_python_with_xcom to 2023-08-28T09:30:00+00:00, run_after=2023-08-29T09:30:00+00:00
[2023-08-29T01:27:14.692+0000] {processor.py:179} INFO - Processing /opt/airflow/dags/dags_bash_python_with_xcom.py took 0.161 seconds
[2023-08-29T01:27:44.757+0000] {processor.py:157} INFO - Started process (PID=6265) to work on /opt/airflow/dags/dags_bash_python_with_xcom.py
[2023-08-29T01:27:44.758+0000] {processor.py:826} INFO - Processing file /opt/airflow/dags/dags_bash_python_with_xcom.py for tasks to queue
[2023-08-29T01:27:44.759+0000] {logging_mixin.py:150} INFO - [2023-08-29T01:27:44.759+0000] {dagbag.py:541} INFO - Filling up the DagBag from /opt/airflow/dags/dags_bash_python_with_xcom.py
[2023-08-29T01:27:44.787+0000] {processor.py:836} INFO - DAG(s) dict_keys(['dags_bash_python_with_xcom']) retrieved from /opt/airflow/dags/dags_bash_python_with_xcom.py
[2023-08-29T01:27:44.811+0000] {logging_mixin.py:150} INFO - [2023-08-29T01:27:44.811+0000] {dag.py:2742} INFO - Sync 1 DAGs
[2023-08-29T01:27:44.839+0000] {logging_mixin.py:150} INFO - [2023-08-29T01:27:44.839+0000] {dag.py:3508} INFO - Setting next_dagrun for dags_bash_python_with_xcom to 2023-08-28T09:30:00+00:00, run_after=2023-08-29T09:30:00+00:00
[2023-08-29T01:27:44.881+0000] {processor.py:179} INFO - Processing /opt/airflow/dags/dags_bash_python_with_xcom.py took 0.126 seconds
[2023-08-29T01:28:15.044+0000] {processor.py:157} INFO - Started process (PID=6355) to work on /opt/airflow/dags/dags_bash_python_with_xcom.py
[2023-08-29T01:28:15.046+0000] {processor.py:826} INFO - Processing file /opt/airflow/dags/dags_bash_python_with_xcom.py for tasks to queue
[2023-08-29T01:28:15.047+0000] {logging_mixin.py:150} INFO - [2023-08-29T01:28:15.047+0000] {dagbag.py:541} INFO - Filling up the DagBag from /opt/airflow/dags/dags_bash_python_with_xcom.py
[2023-08-29T01:28:15.080+0000] {processor.py:836} INFO - DAG(s) dict_keys(['dags_bash_python_with_xcom']) retrieved from /opt/airflow/dags/dags_bash_python_with_xcom.py
[2023-08-29T01:28:15.102+0000] {logging_mixin.py:150} INFO - [2023-08-29T01:28:15.102+0000] {dag.py:2742} INFO - Sync 1 DAGs
[2023-08-29T01:28:15.130+0000] {logging_mixin.py:150} INFO - [2023-08-29T01:28:15.130+0000] {dag.py:3508} INFO - Setting next_dagrun for dags_bash_python_with_xcom to 2023-08-28T09:30:00+00:00, run_after=2023-08-29T09:30:00+00:00
[2023-08-29T01:28:15.200+0000] {processor.py:179} INFO - Processing /opt/airflow/dags/dags_bash_python_with_xcom.py took 0.159 seconds
[2023-08-29T01:28:45.717+0000] {processor.py:157} INFO - Started process (PID=6445) to work on /opt/airflow/dags/dags_bash_python_with_xcom.py
[2023-08-29T01:28:45.719+0000] {processor.py:826} INFO - Processing file /opt/airflow/dags/dags_bash_python_with_xcom.py for tasks to queue
[2023-08-29T01:28:45.720+0000] {logging_mixin.py:150} INFO - [2023-08-29T01:28:45.720+0000] {dagbag.py:541} INFO - Filling up the DagBag from /opt/airflow/dags/dags_bash_python_with_xcom.py
[2023-08-29T01:28:45.754+0000] {processor.py:836} INFO - DAG(s) dict_keys(['dags_bash_python_with_xcom']) retrieved from /opt/airflow/dags/dags_bash_python_with_xcom.py
[2023-08-29T01:28:45.777+0000] {logging_mixin.py:150} INFO - [2023-08-29T01:28:45.777+0000] {dag.py:2742} INFO - Sync 1 DAGs
[2023-08-29T01:28:45.807+0000] {logging_mixin.py:150} INFO - [2023-08-29T01:28:45.807+0000] {dag.py:3508} INFO - Setting next_dagrun for dags_bash_python_with_xcom to 2023-08-28T09:30:00+00:00, run_after=2023-08-29T09:30:00+00:00
[2023-08-29T01:28:45.878+0000] {processor.py:179} INFO - Processing /opt/airflow/dags/dags_bash_python_with_xcom.py took 0.164 seconds
[2023-08-29T01:29:16.220+0000] {processor.py:157} INFO - Started process (PID=6535) to work on /opt/airflow/dags/dags_bash_python_with_xcom.py
[2023-08-29T01:29:16.221+0000] {processor.py:826} INFO - Processing file /opt/airflow/dags/dags_bash_python_with_xcom.py for tasks to queue
[2023-08-29T01:29:16.222+0000] {logging_mixin.py:150} INFO - [2023-08-29T01:29:16.222+0000] {dagbag.py:541} INFO - Filling up the DagBag from /opt/airflow/dags/dags_bash_python_with_xcom.py
[2023-08-29T01:29:16.249+0000] {processor.py:836} INFO - DAG(s) dict_keys(['dags_bash_python_with_xcom']) retrieved from /opt/airflow/dags/dags_bash_python_with_xcom.py
[2023-08-29T01:29:16.271+0000] {logging_mixin.py:150} INFO - [2023-08-29T01:29:16.271+0000] {dag.py:2742} INFO - Sync 1 DAGs
[2023-08-29T01:29:16.302+0000] {logging_mixin.py:150} INFO - [2023-08-29T01:29:16.302+0000] {dag.py:3508} INFO - Setting next_dagrun for dags_bash_python_with_xcom to 2023-08-28T09:30:00+00:00, run_after=2023-08-29T09:30:00+00:00
[2023-08-29T01:29:16.360+0000] {processor.py:179} INFO - Processing /opt/airflow/dags/dags_bash_python_with_xcom.py took 0.143 seconds
[2023-08-29T01:29:46.788+0000] {processor.py:157} INFO - Started process (PID=6631) to work on /opt/airflow/dags/dags_bash_python_with_xcom.py
[2023-08-29T01:29:46.790+0000] {processor.py:826} INFO - Processing file /opt/airflow/dags/dags_bash_python_with_xcom.py for tasks to queue
[2023-08-29T01:29:46.792+0000] {logging_mixin.py:150} INFO - [2023-08-29T01:29:46.792+0000] {dagbag.py:541} INFO - Filling up the DagBag from /opt/airflow/dags/dags_bash_python_with_xcom.py
[2023-08-29T01:29:46.825+0000] {processor.py:836} INFO - DAG(s) dict_keys(['dags_bash_python_with_xcom']) retrieved from /opt/airflow/dags/dags_bash_python_with_xcom.py
[2023-08-29T01:29:46.850+0000] {logging_mixin.py:150} INFO - [2023-08-29T01:29:46.850+0000] {dag.py:2742} INFO - Sync 1 DAGs
[2023-08-29T01:29:46.882+0000] {logging_mixin.py:150} INFO - [2023-08-29T01:29:46.882+0000] {dag.py:3508} INFO - Setting next_dagrun for dags_bash_python_with_xcom to 2023-08-28T09:30:00+00:00, run_after=2023-08-29T09:30:00+00:00
[2023-08-29T01:29:46.938+0000] {processor.py:179} INFO - Processing /opt/airflow/dags/dags_bash_python_with_xcom.py took 0.155 seconds
[2023-08-29T01:30:17.364+0000] {processor.py:157} INFO - Started process (PID=6722) to work on /opt/airflow/dags/dags_bash_python_with_xcom.py
[2023-08-29T01:30:17.365+0000] {processor.py:826} INFO - Processing file /opt/airflow/dags/dags_bash_python_with_xcom.py for tasks to queue
[2023-08-29T01:30:17.366+0000] {logging_mixin.py:150} INFO - [2023-08-29T01:30:17.366+0000] {dagbag.py:541} INFO - Filling up the DagBag from /opt/airflow/dags/dags_bash_python_with_xcom.py
[2023-08-29T01:30:17.398+0000] {processor.py:836} INFO - DAG(s) dict_keys(['dags_bash_python_with_xcom']) retrieved from /opt/airflow/dags/dags_bash_python_with_xcom.py
[2023-08-29T01:30:17.445+0000] {logging_mixin.py:150} INFO - [2023-08-29T01:30:17.445+0000] {dag.py:2742} INFO - Sync 1 DAGs
[2023-08-29T01:30:17.478+0000] {logging_mixin.py:150} INFO - [2023-08-29T01:30:17.478+0000] {dag.py:3508} INFO - Setting next_dagrun for dags_bash_python_with_xcom to 2023-08-28T09:30:00+00:00, run_after=2023-08-29T09:30:00+00:00
[2023-08-29T01:30:17.554+0000] {processor.py:179} INFO - Processing /opt/airflow/dags/dags_bash_python_with_xcom.py took 0.193 seconds
