[2023-08-29T00:52:09.327+0000] {processor.py:157} INFO - Started process (PID=49) to work on /opt/airflow/dags/dags_bash_operator.py
[2023-08-29T00:52:09.329+0000] {processor.py:826} INFO - Processing file /opt/airflow/dags/dags_bash_operator.py for tasks to queue
[2023-08-29T00:52:09.330+0000] {logging_mixin.py:150} INFO - [2023-08-29T00:52:09.329+0000] {dagbag.py:541} INFO - Filling up the DagBag from /opt/airflow/dags/dags_bash_operator.py
[2023-08-29T00:52:09.364+0000] {processor.py:836} INFO - DAG(s) dict_keys(['dags_bash_operator']) retrieved from /opt/airflow/dags/dags_bash_operator.py
[2023-08-29T00:52:09.647+0000] {logging_mixin.py:150} INFO - [2023-08-29T00:52:09.647+0000] {dag.py:2742} INFO - Sync 1 DAGs
[2023-08-29T00:52:09.678+0000] {logging_mixin.py:150} INFO - [2023-08-29T00:52:09.678+0000] {dag.py:3508} INFO - Setting next_dagrun for dags_bash_operator to 2023-08-28T00:00:00+00:00, run_after=2023-08-29T00:00:00+00:00
[2023-08-29T00:52:09.722+0000] {processor.py:179} INFO - Processing /opt/airflow/dags/dags_bash_operator.py took 0.398 seconds
[2023-08-29T00:52:40.510+0000] {processor.py:157} INFO - Started process (PID=138) to work on /opt/airflow/dags/dags_bash_operator.py
[2023-08-29T00:52:40.512+0000] {processor.py:826} INFO - Processing file /opt/airflow/dags/dags_bash_operator.py for tasks to queue
[2023-08-29T00:52:40.513+0000] {logging_mixin.py:150} INFO - [2023-08-29T00:52:40.513+0000] {dagbag.py:541} INFO - Filling up the DagBag from /opt/airflow/dags/dags_bash_operator.py
[2023-08-29T00:52:40.563+0000] {processor.py:836} INFO - DAG(s) dict_keys(['dags_bash_operator']) retrieved from /opt/airflow/dags/dags_bash_operator.py
[2023-08-29T00:52:40.601+0000] {logging_mixin.py:150} INFO - [2023-08-29T00:52:40.601+0000] {dag.py:2742} INFO - Sync 1 DAGs
[2023-08-29T00:52:40.644+0000] {logging_mixin.py:150} INFO - [2023-08-29T00:52:40.644+0000] {dag.py:3508} INFO - Setting next_dagrun for dags_bash_operator to 2023-08-28T00:00:00+00:00, run_after=2023-08-29T00:00:00+00:00
[2023-08-29T00:52:40.694+0000] {processor.py:179} INFO - Processing /opt/airflow/dags/dags_bash_operator.py took 0.190 seconds
[2023-08-29T00:53:10.824+0000] {processor.py:157} INFO - Started process (PID=228) to work on /opt/airflow/dags/dags_bash_operator.py
[2023-08-29T00:53:10.825+0000] {processor.py:826} INFO - Processing file /opt/airflow/dags/dags_bash_operator.py for tasks to queue
[2023-08-29T00:53:10.826+0000] {logging_mixin.py:150} INFO - [2023-08-29T00:53:10.826+0000] {dagbag.py:541} INFO - Filling up the DagBag from /opt/airflow/dags/dags_bash_operator.py
[2023-08-29T00:53:10.858+0000] {processor.py:836} INFO - DAG(s) dict_keys(['dags_bash_operator']) retrieved from /opt/airflow/dags/dags_bash_operator.py
[2023-08-29T00:53:10.881+0000] {logging_mixin.py:150} INFO - [2023-08-29T00:53:10.881+0000] {dag.py:2742} INFO - Sync 1 DAGs
[2023-08-29T00:53:10.912+0000] {logging_mixin.py:150} INFO - [2023-08-29T00:53:10.912+0000] {dag.py:3508} INFO - Setting next_dagrun for dags_bash_operator to 2023-08-28T00:00:00+00:00, run_after=2023-08-29T00:00:00+00:00
[2023-08-29T00:53:10.957+0000] {processor.py:179} INFO - Processing /opt/airflow/dags/dags_bash_operator.py took 0.137 seconds
[2023-08-29T00:53:41.288+0000] {processor.py:157} INFO - Started process (PID=317) to work on /opt/airflow/dags/dags_bash_operator.py
[2023-08-29T00:53:41.290+0000] {processor.py:826} INFO - Processing file /opt/airflow/dags/dags_bash_operator.py for tasks to queue
[2023-08-29T00:53:41.292+0000] {logging_mixin.py:150} INFO - [2023-08-29T00:53:41.292+0000] {dagbag.py:541} INFO - Filling up the DagBag from /opt/airflow/dags/dags_bash_operator.py
[2023-08-29T00:53:41.330+0000] {processor.py:836} INFO - DAG(s) dict_keys(['dags_bash_operator']) retrieved from /opt/airflow/dags/dags_bash_operator.py
[2023-08-29T00:53:41.356+0000] {logging_mixin.py:150} INFO - [2023-08-29T00:53:41.356+0000] {dag.py:2742} INFO - Sync 1 DAGs
[2023-08-29T00:53:41.383+0000] {logging_mixin.py:150} INFO - [2023-08-29T00:53:41.383+0000] {dag.py:3508} INFO - Setting next_dagrun for dags_bash_operator to 2023-08-28T00:00:00+00:00, run_after=2023-08-29T00:00:00+00:00
[2023-08-29T00:53:41.431+0000] {processor.py:179} INFO - Processing /opt/airflow/dags/dags_bash_operator.py took 0.149 seconds
[2023-08-29T00:54:12.210+0000] {processor.py:157} INFO - Started process (PID=406) to work on /opt/airflow/dags/dags_bash_operator.py
[2023-08-29T00:54:12.212+0000] {processor.py:826} INFO - Processing file /opt/airflow/dags/dags_bash_operator.py for tasks to queue
[2023-08-29T00:54:12.213+0000] {logging_mixin.py:150} INFO - [2023-08-29T00:54:12.213+0000] {dagbag.py:541} INFO - Filling up the DagBag from /opt/airflow/dags/dags_bash_operator.py
[2023-08-29T00:54:12.249+0000] {processor.py:836} INFO - DAG(s) dict_keys(['dags_bash_operator']) retrieved from /opt/airflow/dags/dags_bash_operator.py
[2023-08-29T00:54:12.279+0000] {logging_mixin.py:150} INFO - [2023-08-29T00:54:12.278+0000] {dag.py:2742} INFO - Sync 1 DAGs
[2023-08-29T00:54:12.317+0000] {logging_mixin.py:150} INFO - [2023-08-29T00:54:12.317+0000] {dag.py:3508} INFO - Setting next_dagrun for dags_bash_operator to 2023-08-28T00:00:00+00:00, run_after=2023-08-29T00:00:00+00:00
[2023-08-29T00:54:12.370+0000] {processor.py:179} INFO - Processing /opt/airflow/dags/dags_bash_operator.py took 0.166 seconds
[2023-08-29T00:54:42.776+0000] {processor.py:157} INFO - Started process (PID=495) to work on /opt/airflow/dags/dags_bash_operator.py
[2023-08-29T00:54:42.777+0000] {processor.py:826} INFO - Processing file /opt/airflow/dags/dags_bash_operator.py for tasks to queue
[2023-08-29T00:54:42.779+0000] {logging_mixin.py:150} INFO - [2023-08-29T00:54:42.778+0000] {dagbag.py:541} INFO - Filling up the DagBag from /opt/airflow/dags/dags_bash_operator.py
[2023-08-29T00:54:42.814+0000] {processor.py:836} INFO - DAG(s) dict_keys(['dags_bash_operator']) retrieved from /opt/airflow/dags/dags_bash_operator.py
[2023-08-29T00:54:42.839+0000] {logging_mixin.py:150} INFO - [2023-08-29T00:54:42.838+0000] {dag.py:2742} INFO - Sync 1 DAGs
[2023-08-29T00:54:42.866+0000] {logging_mixin.py:150} INFO - [2023-08-29T00:54:42.865+0000] {dag.py:3508} INFO - Setting next_dagrun for dags_bash_operator to 2023-08-28T00:00:00+00:00, run_after=2023-08-29T00:00:00+00:00
[2023-08-29T00:54:42.914+0000] {processor.py:179} INFO - Processing /opt/airflow/dags/dags_bash_operator.py took 0.142 seconds
[2023-08-29T00:55:13.197+0000] {processor.py:157} INFO - Started process (PID=584) to work on /opt/airflow/dags/dags_bash_operator.py
[2023-08-29T00:55:13.199+0000] {processor.py:826} INFO - Processing file /opt/airflow/dags/dags_bash_operator.py for tasks to queue
[2023-08-29T00:55:13.200+0000] {logging_mixin.py:150} INFO - [2023-08-29T00:55:13.200+0000] {dagbag.py:541} INFO - Filling up the DagBag from /opt/airflow/dags/dags_bash_operator.py
[2023-08-29T00:55:13.238+0000] {processor.py:836} INFO - DAG(s) dict_keys(['dags_bash_operator']) retrieved from /opt/airflow/dags/dags_bash_operator.py
[2023-08-29T00:55:13.264+0000] {logging_mixin.py:150} INFO - [2023-08-29T00:55:13.263+0000] {dag.py:2742} INFO - Sync 1 DAGs
[2023-08-29T00:55:13.293+0000] {logging_mixin.py:150} INFO - [2023-08-29T00:55:13.293+0000] {dag.py:3508} INFO - Setting next_dagrun for dags_bash_operator to 2023-08-28T00:00:00+00:00, run_after=2023-08-29T00:00:00+00:00
[2023-08-29T00:55:13.338+0000] {processor.py:179} INFO - Processing /opt/airflow/dags/dags_bash_operator.py took 0.145 seconds
[2023-08-29T00:55:43.631+0000] {processor.py:157} INFO - Started process (PID=673) to work on /opt/airflow/dags/dags_bash_operator.py
[2023-08-29T00:55:43.632+0000] {processor.py:826} INFO - Processing file /opt/airflow/dags/dags_bash_operator.py for tasks to queue
[2023-08-29T00:55:43.634+0000] {logging_mixin.py:150} INFO - [2023-08-29T00:55:43.634+0000] {dagbag.py:541} INFO - Filling up the DagBag from /opt/airflow/dags/dags_bash_operator.py
[2023-08-29T00:55:43.671+0000] {processor.py:836} INFO - DAG(s) dict_keys(['dags_bash_operator']) retrieved from /opt/airflow/dags/dags_bash_operator.py
[2023-08-29T00:55:43.696+0000] {logging_mixin.py:150} INFO - [2023-08-29T00:55:43.696+0000] {dag.py:2742} INFO - Sync 1 DAGs
[2023-08-29T00:55:43.726+0000] {logging_mixin.py:150} INFO - [2023-08-29T00:55:43.726+0000] {dag.py:3508} INFO - Setting next_dagrun for dags_bash_operator to 2023-08-28T00:00:00+00:00, run_after=2023-08-29T00:00:00+00:00
[2023-08-29T00:55:43.777+0000] {processor.py:179} INFO - Processing /opt/airflow/dags/dags_bash_operator.py took 0.151 seconds
[2023-08-29T00:56:13.903+0000] {processor.py:157} INFO - Started process (PID=762) to work on /opt/airflow/dags/dags_bash_operator.py
[2023-08-29T00:56:13.904+0000] {processor.py:826} INFO - Processing file /opt/airflow/dags/dags_bash_operator.py for tasks to queue
[2023-08-29T00:56:13.906+0000] {logging_mixin.py:150} INFO - [2023-08-29T00:56:13.905+0000] {dagbag.py:541} INFO - Filling up the DagBag from /opt/airflow/dags/dags_bash_operator.py
[2023-08-29T00:56:13.938+0000] {processor.py:836} INFO - DAG(s) dict_keys(['dags_bash_operator']) retrieved from /opt/airflow/dags/dags_bash_operator.py
[2023-08-29T00:56:13.962+0000] {logging_mixin.py:150} INFO - [2023-08-29T00:56:13.962+0000] {dag.py:2742} INFO - Sync 1 DAGs
[2023-08-29T00:56:13.990+0000] {logging_mixin.py:150} INFO - [2023-08-29T00:56:13.990+0000] {dag.py:3508} INFO - Setting next_dagrun for dags_bash_operator to 2023-08-28T00:00:00+00:00, run_after=2023-08-29T00:00:00+00:00
[2023-08-29T00:56:14.037+0000] {processor.py:179} INFO - Processing /opt/airflow/dags/dags_bash_operator.py took 0.138 seconds
[2023-08-29T00:56:44.484+0000] {processor.py:157} INFO - Started process (PID=851) to work on /opt/airflow/dags/dags_bash_operator.py
[2023-08-29T00:56:44.486+0000] {processor.py:826} INFO - Processing file /opt/airflow/dags/dags_bash_operator.py for tasks to queue
[2023-08-29T00:56:44.487+0000] {logging_mixin.py:150} INFO - [2023-08-29T00:56:44.487+0000] {dagbag.py:541} INFO - Filling up the DagBag from /opt/airflow/dags/dags_bash_operator.py
[2023-08-29T00:56:44.518+0000] {processor.py:836} INFO - DAG(s) dict_keys(['dags_bash_operator']) retrieved from /opt/airflow/dags/dags_bash_operator.py
[2023-08-29T00:56:44.543+0000] {logging_mixin.py:150} INFO - [2023-08-29T00:56:44.543+0000] {dag.py:2742} INFO - Sync 1 DAGs
[2023-08-29T00:56:44.571+0000] {logging_mixin.py:150} INFO - [2023-08-29T00:56:44.571+0000] {dag.py:3508} INFO - Setting next_dagrun for dags_bash_operator to 2023-08-28T00:00:00+00:00, run_after=2023-08-29T00:00:00+00:00
[2023-08-29T00:56:44.619+0000] {processor.py:179} INFO - Processing /opt/airflow/dags/dags_bash_operator.py took 0.139 seconds
[2023-08-29T00:57:15.042+0000] {processor.py:157} INFO - Started process (PID=940) to work on /opt/airflow/dags/dags_bash_operator.py
[2023-08-29T00:57:15.043+0000] {processor.py:826} INFO - Processing file /opt/airflow/dags/dags_bash_operator.py for tasks to queue
[2023-08-29T00:57:15.044+0000] {logging_mixin.py:150} INFO - [2023-08-29T00:57:15.044+0000] {dagbag.py:541} INFO - Filling up the DagBag from /opt/airflow/dags/dags_bash_operator.py
[2023-08-29T00:57:15.076+0000] {processor.py:836} INFO - DAG(s) dict_keys(['dags_bash_operator']) retrieved from /opt/airflow/dags/dags_bash_operator.py
[2023-08-29T00:57:15.102+0000] {logging_mixin.py:150} INFO - [2023-08-29T00:57:15.102+0000] {dag.py:2742} INFO - Sync 1 DAGs
[2023-08-29T00:57:15.130+0000] {logging_mixin.py:150} INFO - [2023-08-29T00:57:15.130+0000] {dag.py:3508} INFO - Setting next_dagrun for dags_bash_operator to 2023-08-28T00:00:00+00:00, run_after=2023-08-29T00:00:00+00:00
[2023-08-29T00:57:15.175+0000] {processor.py:179} INFO - Processing /opt/airflow/dags/dags_bash_operator.py took 0.137 seconds
[2023-08-29T00:57:45.459+0000] {processor.py:157} INFO - Started process (PID=1029) to work on /opt/airflow/dags/dags_bash_operator.py
[2023-08-29T00:57:45.460+0000] {processor.py:826} INFO - Processing file /opt/airflow/dags/dags_bash_operator.py for tasks to queue
[2023-08-29T00:57:45.462+0000] {logging_mixin.py:150} INFO - [2023-08-29T00:57:45.461+0000] {dagbag.py:541} INFO - Filling up the DagBag from /opt/airflow/dags/dags_bash_operator.py
[2023-08-29T00:57:45.496+0000] {processor.py:836} INFO - DAG(s) dict_keys(['dags_bash_operator']) retrieved from /opt/airflow/dags/dags_bash_operator.py
[2023-08-29T00:57:45.519+0000] {logging_mixin.py:150} INFO - [2023-08-29T00:57:45.519+0000] {dag.py:2742} INFO - Sync 1 DAGs
[2023-08-29T00:57:45.547+0000] {logging_mixin.py:150} INFO - [2023-08-29T00:57:45.547+0000] {dag.py:3508} INFO - Setting next_dagrun for dags_bash_operator to 2023-08-28T00:00:00+00:00, run_after=2023-08-29T00:00:00+00:00
[2023-08-29T00:57:45.589+0000] {processor.py:179} INFO - Processing /opt/airflow/dags/dags_bash_operator.py took 0.134 seconds
[2023-08-29T00:58:16.078+0000] {processor.py:157} INFO - Started process (PID=1118) to work on /opt/airflow/dags/dags_bash_operator.py
[2023-08-29T00:58:16.080+0000] {processor.py:826} INFO - Processing file /opt/airflow/dags/dags_bash_operator.py for tasks to queue
[2023-08-29T00:58:16.082+0000] {logging_mixin.py:150} INFO - [2023-08-29T00:58:16.081+0000] {dagbag.py:541} INFO - Filling up the DagBag from /opt/airflow/dags/dags_bash_operator.py
[2023-08-29T00:58:16.123+0000] {processor.py:836} INFO - DAG(s) dict_keys(['dags_bash_operator']) retrieved from /opt/airflow/dags/dags_bash_operator.py
[2023-08-29T00:58:16.153+0000] {logging_mixin.py:150} INFO - [2023-08-29T00:58:16.152+0000] {dag.py:2742} INFO - Sync 1 DAGs
[2023-08-29T00:58:16.182+0000] {logging_mixin.py:150} INFO - [2023-08-29T00:58:16.182+0000] {dag.py:3508} INFO - Setting next_dagrun for dags_bash_operator to 2023-08-28T00:00:00+00:00, run_after=2023-08-29T00:00:00+00:00
[2023-08-29T00:58:16.232+0000] {processor.py:179} INFO - Processing /opt/airflow/dags/dags_bash_operator.py took 0.158 seconds
[2023-08-29T00:58:46.822+0000] {processor.py:157} INFO - Started process (PID=1207) to work on /opt/airflow/dags/dags_bash_operator.py
[2023-08-29T00:58:46.823+0000] {processor.py:826} INFO - Processing file /opt/airflow/dags/dags_bash_operator.py for tasks to queue
[2023-08-29T00:58:46.824+0000] {logging_mixin.py:150} INFO - [2023-08-29T00:58:46.824+0000] {dagbag.py:541} INFO - Filling up the DagBag from /opt/airflow/dags/dags_bash_operator.py
[2023-08-29T00:58:46.858+0000] {processor.py:836} INFO - DAG(s) dict_keys(['dags_bash_operator']) retrieved from /opt/airflow/dags/dags_bash_operator.py
[2023-08-29T00:58:46.881+0000] {logging_mixin.py:150} INFO - [2023-08-29T00:58:46.881+0000] {dag.py:2742} INFO - Sync 1 DAGs
[2023-08-29T00:58:46.910+0000] {logging_mixin.py:150} INFO - [2023-08-29T00:58:46.910+0000] {dag.py:3508} INFO - Setting next_dagrun for dags_bash_operator to 2023-08-28T00:00:00+00:00, run_after=2023-08-29T00:00:00+00:00
[2023-08-29T00:58:46.954+0000] {processor.py:179} INFO - Processing /opt/airflow/dags/dags_bash_operator.py took 0.136 seconds
[2023-08-29T00:59:17.145+0000] {processor.py:157} INFO - Started process (PID=1296) to work on /opt/airflow/dags/dags_bash_operator.py
[2023-08-29T00:59:17.146+0000] {processor.py:826} INFO - Processing file /opt/airflow/dags/dags_bash_operator.py for tasks to queue
[2023-08-29T00:59:17.148+0000] {logging_mixin.py:150} INFO - [2023-08-29T00:59:17.147+0000] {dagbag.py:541} INFO - Filling up the DagBag from /opt/airflow/dags/dags_bash_operator.py
[2023-08-29T00:59:17.186+0000] {processor.py:836} INFO - DAG(s) dict_keys(['dags_bash_operator']) retrieved from /opt/airflow/dags/dags_bash_operator.py
[2023-08-29T00:59:17.211+0000] {logging_mixin.py:150} INFO - [2023-08-29T00:59:17.211+0000] {dag.py:2742} INFO - Sync 1 DAGs
[2023-08-29T00:59:17.239+0000] {logging_mixin.py:150} INFO - [2023-08-29T00:59:17.238+0000] {dag.py:3508} INFO - Setting next_dagrun for dags_bash_operator to 2023-08-28T00:00:00+00:00, run_after=2023-08-29T00:00:00+00:00
[2023-08-29T00:59:17.287+0000] {processor.py:179} INFO - Processing /opt/airflow/dags/dags_bash_operator.py took 0.146 seconds
[2023-08-29T00:59:47.690+0000] {processor.py:157} INFO - Started process (PID=1385) to work on /opt/airflow/dags/dags_bash_operator.py
[2023-08-29T00:59:47.691+0000] {processor.py:826} INFO - Processing file /opt/airflow/dags/dags_bash_operator.py for tasks to queue
[2023-08-29T00:59:47.693+0000] {logging_mixin.py:150} INFO - [2023-08-29T00:59:47.693+0000] {dagbag.py:541} INFO - Filling up the DagBag from /opt/airflow/dags/dags_bash_operator.py
[2023-08-29T00:59:47.725+0000] {processor.py:836} INFO - DAG(s) dict_keys(['dags_bash_operator']) retrieved from /opt/airflow/dags/dags_bash_operator.py
[2023-08-29T00:59:47.747+0000] {logging_mixin.py:150} INFO - [2023-08-29T00:59:47.747+0000] {dag.py:2742} INFO - Sync 1 DAGs
[2023-08-29T00:59:47.773+0000] {logging_mixin.py:150} INFO - [2023-08-29T00:59:47.772+0000] {dag.py:3508} INFO - Setting next_dagrun for dags_bash_operator to 2023-08-28T00:00:00+00:00, run_after=2023-08-29T00:00:00+00:00
[2023-08-29T00:59:47.819+0000] {processor.py:179} INFO - Processing /opt/airflow/dags/dags_bash_operator.py took 0.131 seconds
[2023-08-29T01:00:18.093+0000] {processor.py:157} INFO - Started process (PID=1474) to work on /opt/airflow/dags/dags_bash_operator.py
[2023-08-29T01:00:18.094+0000] {processor.py:826} INFO - Processing file /opt/airflow/dags/dags_bash_operator.py for tasks to queue
[2023-08-29T01:00:18.095+0000] {logging_mixin.py:150} INFO - [2023-08-29T01:00:18.095+0000] {dagbag.py:541} INFO - Filling up the DagBag from /opt/airflow/dags/dags_bash_operator.py
[2023-08-29T01:00:18.129+0000] {processor.py:836} INFO - DAG(s) dict_keys(['dags_bash_operator']) retrieved from /opt/airflow/dags/dags_bash_operator.py
[2023-08-29T01:00:18.163+0000] {logging_mixin.py:150} INFO - [2023-08-29T01:00:18.163+0000] {dag.py:2742} INFO - Sync 1 DAGs
[2023-08-29T01:00:18.202+0000] {logging_mixin.py:150} INFO - [2023-08-29T01:00:18.202+0000] {dag.py:3508} INFO - Setting next_dagrun for dags_bash_operator to 2023-08-28T00:00:00+00:00, run_after=2023-08-29T00:00:00+00:00
[2023-08-29T01:00:18.252+0000] {processor.py:179} INFO - Processing /opt/airflow/dags/dags_bash_operator.py took 0.163 seconds
[2023-08-29T01:00:48.683+0000] {processor.py:157} INFO - Started process (PID=1564) to work on /opt/airflow/dags/dags_bash_operator.py
[2023-08-29T01:00:48.684+0000] {processor.py:826} INFO - Processing file /opt/airflow/dags/dags_bash_operator.py for tasks to queue
[2023-08-29T01:00:48.685+0000] {logging_mixin.py:150} INFO - [2023-08-29T01:00:48.685+0000] {dagbag.py:541} INFO - Filling up the DagBag from /opt/airflow/dags/dags_bash_operator.py
[2023-08-29T01:00:48.719+0000] {processor.py:836} INFO - DAG(s) dict_keys(['dags_bash_operator']) retrieved from /opt/airflow/dags/dags_bash_operator.py
[2023-08-29T01:00:48.746+0000] {logging_mixin.py:150} INFO - [2023-08-29T01:00:48.746+0000] {dag.py:2742} INFO - Sync 1 DAGs
[2023-08-29T01:00:48.780+0000] {logging_mixin.py:150} INFO - [2023-08-29T01:00:48.780+0000] {dag.py:3508} INFO - Setting next_dagrun for dags_bash_operator to 2023-08-28T00:00:00+00:00, run_after=2023-08-29T00:00:00+00:00
[2023-08-29T01:00:48.825+0000] {processor.py:179} INFO - Processing /opt/airflow/dags/dags_bash_operator.py took 0.146 seconds
[2023-08-29T01:01:19.212+0000] {processor.py:157} INFO - Started process (PID=1653) to work on /opt/airflow/dags/dags_bash_operator.py
[2023-08-29T01:01:19.214+0000] {processor.py:826} INFO - Processing file /opt/airflow/dags/dags_bash_operator.py for tasks to queue
[2023-08-29T01:01:19.215+0000] {logging_mixin.py:150} INFO - [2023-08-29T01:01:19.215+0000] {dagbag.py:541} INFO - Filling up the DagBag from /opt/airflow/dags/dags_bash_operator.py
[2023-08-29T01:01:19.249+0000] {processor.py:836} INFO - DAG(s) dict_keys(['dags_bash_operator']) retrieved from /opt/airflow/dags/dags_bash_operator.py
[2023-08-29T01:01:19.274+0000] {logging_mixin.py:150} INFO - [2023-08-29T01:01:19.274+0000] {dag.py:2742} INFO - Sync 1 DAGs
[2023-08-29T01:01:19.301+0000] {logging_mixin.py:150} INFO - [2023-08-29T01:01:19.301+0000] {dag.py:3508} INFO - Setting next_dagrun for dags_bash_operator to 2023-08-28T00:00:00+00:00, run_after=2023-08-29T00:00:00+00:00
[2023-08-29T01:01:19.349+0000] {processor.py:179} INFO - Processing /opt/airflow/dags/dags_bash_operator.py took 0.140 seconds
[2023-08-29T01:01:50.132+0000] {processor.py:157} INFO - Started process (PID=1742) to work on /opt/airflow/dags/dags_bash_operator.py
[2023-08-29T01:01:50.133+0000] {processor.py:826} INFO - Processing file /opt/airflow/dags/dags_bash_operator.py for tasks to queue
[2023-08-29T01:01:50.135+0000] {logging_mixin.py:150} INFO - [2023-08-29T01:01:50.134+0000] {dagbag.py:541} INFO - Filling up the DagBag from /opt/airflow/dags/dags_bash_operator.py
[2023-08-29T01:01:50.170+0000] {processor.py:836} INFO - DAG(s) dict_keys(['dags_bash_operator']) retrieved from /opt/airflow/dags/dags_bash_operator.py
[2023-08-29T01:01:50.192+0000] {logging_mixin.py:150} INFO - [2023-08-29T01:01:50.192+0000] {dag.py:2742} INFO - Sync 1 DAGs
[2023-08-29T01:01:50.221+0000] {logging_mixin.py:150} INFO - [2023-08-29T01:01:50.220+0000] {dag.py:3508} INFO - Setting next_dagrun for dags_bash_operator to 2023-08-28T00:00:00+00:00, run_after=2023-08-29T00:00:00+00:00
[2023-08-29T01:01:50.266+0000] {processor.py:179} INFO - Processing /opt/airflow/dags/dags_bash_operator.py took 0.137 seconds
[2023-08-29T01:02:20.625+0000] {processor.py:157} INFO - Started process (PID=1831) to work on /opt/airflow/dags/dags_bash_operator.py
[2023-08-29T01:02:20.626+0000] {processor.py:826} INFO - Processing file /opt/airflow/dags/dags_bash_operator.py for tasks to queue
[2023-08-29T01:02:20.627+0000] {logging_mixin.py:150} INFO - [2023-08-29T01:02:20.627+0000] {dagbag.py:541} INFO - Filling up the DagBag from /opt/airflow/dags/dags_bash_operator.py
[2023-08-29T01:02:20.663+0000] {processor.py:836} INFO - DAG(s) dict_keys(['dags_bash_operator']) retrieved from /opt/airflow/dags/dags_bash_operator.py
[2023-08-29T01:02:20.686+0000] {logging_mixin.py:150} INFO - [2023-08-29T01:02:20.686+0000] {dag.py:2742} INFO - Sync 1 DAGs
[2023-08-29T01:02:20.714+0000] {logging_mixin.py:150} INFO - [2023-08-29T01:02:20.714+0000] {dag.py:3508} INFO - Setting next_dagrun for dags_bash_operator to 2023-08-28T00:00:00+00:00, run_after=2023-08-29T00:00:00+00:00
[2023-08-29T01:02:20.763+0000] {processor.py:179} INFO - Processing /opt/airflow/dags/dags_bash_operator.py took 0.142 seconds
[2023-08-29T01:02:51.096+0000] {processor.py:157} INFO - Started process (PID=1920) to work on /opt/airflow/dags/dags_bash_operator.py
[2023-08-29T01:02:51.097+0000] {processor.py:826} INFO - Processing file /opt/airflow/dags/dags_bash_operator.py for tasks to queue
[2023-08-29T01:02:51.098+0000] {logging_mixin.py:150} INFO - [2023-08-29T01:02:51.097+0000] {dagbag.py:541} INFO - Filling up the DagBag from /opt/airflow/dags/dags_bash_operator.py
[2023-08-29T01:02:51.130+0000] {processor.py:836} INFO - DAG(s) dict_keys(['dags_bash_operator']) retrieved from /opt/airflow/dags/dags_bash_operator.py
[2023-08-29T01:02:51.152+0000] {logging_mixin.py:150} INFO - [2023-08-29T01:02:51.152+0000] {dag.py:2742} INFO - Sync 1 DAGs
[2023-08-29T01:02:51.181+0000] {logging_mixin.py:150} INFO - [2023-08-29T01:02:51.181+0000] {dag.py:3508} INFO - Setting next_dagrun for dags_bash_operator to 2023-08-28T00:00:00+00:00, run_after=2023-08-29T00:00:00+00:00
[2023-08-29T01:02:51.230+0000] {processor.py:179} INFO - Processing /opt/airflow/dags/dags_bash_operator.py took 0.137 seconds
[2023-08-29T01:03:21.695+0000] {processor.py:157} INFO - Started process (PID=2009) to work on /opt/airflow/dags/dags_bash_operator.py
[2023-08-29T01:03:21.696+0000] {processor.py:826} INFO - Processing file /opt/airflow/dags/dags_bash_operator.py for tasks to queue
[2023-08-29T01:03:21.697+0000] {logging_mixin.py:150} INFO - [2023-08-29T01:03:21.697+0000] {dagbag.py:541} INFO - Filling up the DagBag from /opt/airflow/dags/dags_bash_operator.py
[2023-08-29T01:03:21.734+0000] {processor.py:836} INFO - DAG(s) dict_keys(['dags_bash_operator']) retrieved from /opt/airflow/dags/dags_bash_operator.py
[2023-08-29T01:03:21.756+0000] {logging_mixin.py:150} INFO - [2023-08-29T01:03:21.756+0000] {dag.py:2742} INFO - Sync 1 DAGs
[2023-08-29T01:03:21.783+0000] {logging_mixin.py:150} INFO - [2023-08-29T01:03:21.783+0000] {dag.py:3508} INFO - Setting next_dagrun for dags_bash_operator to 2023-08-28T00:00:00+00:00, run_after=2023-08-29T00:00:00+00:00
[2023-08-29T01:03:21.831+0000] {processor.py:179} INFO - Processing /opt/airflow/dags/dags_bash_operator.py took 0.140 seconds
[2023-08-29T01:03:52.022+0000] {processor.py:157} INFO - Started process (PID=2098) to work on /opt/airflow/dags/dags_bash_operator.py
[2023-08-29T01:03:52.023+0000] {processor.py:826} INFO - Processing file /opt/airflow/dags/dags_bash_operator.py for tasks to queue
[2023-08-29T01:03:52.024+0000] {logging_mixin.py:150} INFO - [2023-08-29T01:03:52.024+0000] {dagbag.py:541} INFO - Filling up the DagBag from /opt/airflow/dags/dags_bash_operator.py
[2023-08-29T01:03:52.058+0000] {processor.py:836} INFO - DAG(s) dict_keys(['dags_bash_operator']) retrieved from /opt/airflow/dags/dags_bash_operator.py
[2023-08-29T01:03:52.086+0000] {logging_mixin.py:150} INFO - [2023-08-29T01:03:52.086+0000] {dag.py:2742} INFO - Sync 1 DAGs
[2023-08-29T01:03:52.114+0000] {logging_mixin.py:150} INFO - [2023-08-29T01:03:52.114+0000] {dag.py:3508} INFO - Setting next_dagrun for dags_bash_operator to 2023-08-28T00:00:00+00:00, run_after=2023-08-29T00:00:00+00:00
[2023-08-29T01:03:52.184+0000] {processor.py:179} INFO - Processing /opt/airflow/dags/dags_bash_operator.py took 0.166 seconds
[2023-08-29T01:04:22.576+0000] {processor.py:157} INFO - Started process (PID=2187) to work on /opt/airflow/dags/dags_bash_operator.py
[2023-08-29T01:04:22.578+0000] {processor.py:826} INFO - Processing file /opt/airflow/dags/dags_bash_operator.py for tasks to queue
[2023-08-29T01:04:22.579+0000] {logging_mixin.py:150} INFO - [2023-08-29T01:04:22.579+0000] {dagbag.py:541} INFO - Filling up the DagBag from /opt/airflow/dags/dags_bash_operator.py
[2023-08-29T01:04:22.612+0000] {processor.py:836} INFO - DAG(s) dict_keys(['dags_bash_operator']) retrieved from /opt/airflow/dags/dags_bash_operator.py
[2023-08-29T01:04:22.637+0000] {logging_mixin.py:150} INFO - [2023-08-29T01:04:22.637+0000] {dag.py:2742} INFO - Sync 1 DAGs
[2023-08-29T01:04:22.664+0000] {logging_mixin.py:150} INFO - [2023-08-29T01:04:22.664+0000] {dag.py:3508} INFO - Setting next_dagrun for dags_bash_operator to 2023-08-28T00:00:00+00:00, run_after=2023-08-29T00:00:00+00:00
[2023-08-29T01:04:22.732+0000] {processor.py:179} INFO - Processing /opt/airflow/dags/dags_bash_operator.py took 0.160 seconds
[2023-08-29T01:04:53.122+0000] {processor.py:157} INFO - Started process (PID=2276) to work on /opt/airflow/dags/dags_bash_operator.py
[2023-08-29T01:04:53.123+0000] {processor.py:826} INFO - Processing file /opt/airflow/dags/dags_bash_operator.py for tasks to queue
[2023-08-29T01:04:53.125+0000] {logging_mixin.py:150} INFO - [2023-08-29T01:04:53.124+0000] {dagbag.py:541} INFO - Filling up the DagBag from /opt/airflow/dags/dags_bash_operator.py
[2023-08-29T01:04:53.160+0000] {processor.py:836} INFO - DAG(s) dict_keys(['dags_bash_operator']) retrieved from /opt/airflow/dags/dags_bash_operator.py
[2023-08-29T01:04:53.185+0000] {logging_mixin.py:150} INFO - [2023-08-29T01:04:53.185+0000] {dag.py:2742} INFO - Sync 1 DAGs
[2023-08-29T01:04:53.212+0000] {logging_mixin.py:150} INFO - [2023-08-29T01:04:53.212+0000] {dag.py:3508} INFO - Setting next_dagrun for dags_bash_operator to 2023-08-28T00:00:00+00:00, run_after=2023-08-29T00:00:00+00:00
[2023-08-29T01:04:53.260+0000] {processor.py:179} INFO - Processing /opt/airflow/dags/dags_bash_operator.py took 0.142 seconds
[2023-08-29T01:05:24.288+0000] {processor.py:157} INFO - Started process (PID=2365) to work on /opt/airflow/dags/dags_bash_operator.py
[2023-08-29T01:05:24.289+0000] {processor.py:826} INFO - Processing file /opt/airflow/dags/dags_bash_operator.py for tasks to queue
[2023-08-29T01:05:24.290+0000] {logging_mixin.py:150} INFO - [2023-08-29T01:05:24.290+0000] {dagbag.py:541} INFO - Filling up the DagBag from /opt/airflow/dags/dags_bash_operator.py
[2023-08-29T01:05:24.325+0000] {processor.py:836} INFO - DAG(s) dict_keys(['dags_bash_operator']) retrieved from /opt/airflow/dags/dags_bash_operator.py
[2023-08-29T01:05:24.349+0000] {logging_mixin.py:150} INFO - [2023-08-29T01:05:24.349+0000] {dag.py:2742} INFO - Sync 1 DAGs
[2023-08-29T01:05:24.378+0000] {logging_mixin.py:150} INFO - [2023-08-29T01:05:24.378+0000] {dag.py:3508} INFO - Setting next_dagrun for dags_bash_operator to 2023-08-28T00:00:00+00:00, run_after=2023-08-29T00:00:00+00:00
[2023-08-29T01:05:24.425+0000] {processor.py:179} INFO - Processing /opt/airflow/dags/dags_bash_operator.py took 0.140 seconds
[2023-08-29T01:05:55.140+0000] {processor.py:157} INFO - Started process (PID=2454) to work on /opt/airflow/dags/dags_bash_operator.py
[2023-08-29T01:05:55.141+0000] {processor.py:826} INFO - Processing file /opt/airflow/dags/dags_bash_operator.py for tasks to queue
[2023-08-29T01:05:55.142+0000] {logging_mixin.py:150} INFO - [2023-08-29T01:05:55.142+0000] {dagbag.py:541} INFO - Filling up the DagBag from /opt/airflow/dags/dags_bash_operator.py
[2023-08-29T01:05:55.181+0000] {processor.py:836} INFO - DAG(s) dict_keys(['dags_bash_operator']) retrieved from /opt/airflow/dags/dags_bash_operator.py
[2023-08-29T01:05:55.206+0000] {logging_mixin.py:150} INFO - [2023-08-29T01:05:55.206+0000] {dag.py:2742} INFO - Sync 1 DAGs
[2023-08-29T01:05:55.235+0000] {logging_mixin.py:150} INFO - [2023-08-29T01:05:55.235+0000] {dag.py:3508} INFO - Setting next_dagrun for dags_bash_operator to 2023-08-28T00:00:00+00:00, run_after=2023-08-29T00:00:00+00:00
[2023-08-29T01:05:55.398+0000] {processor.py:179} INFO - Processing /opt/airflow/dags/dags_bash_operator.py took 0.261 seconds
[2023-08-29T01:06:25.657+0000] {processor.py:157} INFO - Started process (PID=2543) to work on /opt/airflow/dags/dags_bash_operator.py
[2023-08-29T01:06:25.658+0000] {processor.py:826} INFO - Processing file /opt/airflow/dags/dags_bash_operator.py for tasks to queue
[2023-08-29T01:06:25.660+0000] {logging_mixin.py:150} INFO - [2023-08-29T01:06:25.660+0000] {dagbag.py:541} INFO - Filling up the DagBag from /opt/airflow/dags/dags_bash_operator.py
[2023-08-29T01:06:25.695+0000] {processor.py:836} INFO - DAG(s) dict_keys(['dags_bash_operator']) retrieved from /opt/airflow/dags/dags_bash_operator.py
[2023-08-29T01:06:25.725+0000] {logging_mixin.py:150} INFO - [2023-08-29T01:06:25.725+0000] {dag.py:2742} INFO - Sync 1 DAGs
[2023-08-29T01:06:25.753+0000] {logging_mixin.py:150} INFO - [2023-08-29T01:06:25.753+0000] {dag.py:3508} INFO - Setting next_dagrun for dags_bash_operator to 2023-08-28T00:00:00+00:00, run_after=2023-08-29T00:00:00+00:00
[2023-08-29T01:06:25.804+0000] {processor.py:179} INFO - Processing /opt/airflow/dags/dags_bash_operator.py took 0.151 seconds
[2023-08-29T01:06:55.982+0000] {processor.py:157} INFO - Started process (PID=2632) to work on /opt/airflow/dags/dags_bash_operator.py
[2023-08-29T01:06:55.983+0000] {processor.py:826} INFO - Processing file /opt/airflow/dags/dags_bash_operator.py for tasks to queue
[2023-08-29T01:06:55.985+0000] {logging_mixin.py:150} INFO - [2023-08-29T01:06:55.985+0000] {dagbag.py:541} INFO - Filling up the DagBag from /opt/airflow/dags/dags_bash_operator.py
[2023-08-29T01:06:56.031+0000] {processor.py:836} INFO - DAG(s) dict_keys(['dags_bash_operator']) retrieved from /opt/airflow/dags/dags_bash_operator.py
[2023-08-29T01:06:56.058+0000] {logging_mixin.py:150} INFO - [2023-08-29T01:06:56.058+0000] {dag.py:2742} INFO - Sync 1 DAGs
[2023-08-29T01:06:56.087+0000] {logging_mixin.py:150} INFO - [2023-08-29T01:06:56.087+0000] {dag.py:3508} INFO - Setting next_dagrun for dags_bash_operator to 2023-08-28T00:00:00+00:00, run_after=2023-08-29T00:00:00+00:00
[2023-08-29T01:06:56.140+0000] {processor.py:179} INFO - Processing /opt/airflow/dags/dags_bash_operator.py took 0.164 seconds
[2023-08-29T01:07:26.600+0000] {processor.py:157} INFO - Started process (PID=2721) to work on /opt/airflow/dags/dags_bash_operator.py
[2023-08-29T01:07:26.601+0000] {processor.py:826} INFO - Processing file /opt/airflow/dags/dags_bash_operator.py for tasks to queue
[2023-08-29T01:07:26.602+0000] {logging_mixin.py:150} INFO - [2023-08-29T01:07:26.602+0000] {dagbag.py:541} INFO - Filling up the DagBag from /opt/airflow/dags/dags_bash_operator.py
[2023-08-29T01:07:26.639+0000] {processor.py:836} INFO - DAG(s) dict_keys(['dags_bash_operator']) retrieved from /opt/airflow/dags/dags_bash_operator.py
[2023-08-29T01:07:26.668+0000] {logging_mixin.py:150} INFO - [2023-08-29T01:07:26.668+0000] {dag.py:2742} INFO - Sync 1 DAGs
[2023-08-29T01:07:26.703+0000] {logging_mixin.py:150} INFO - [2023-08-29T01:07:26.703+0000] {dag.py:3508} INFO - Setting next_dagrun for dags_bash_operator to 2023-08-28T00:00:00+00:00, run_after=2023-08-29T00:00:00+00:00
[2023-08-29T01:07:26.750+0000] {processor.py:179} INFO - Processing /opt/airflow/dags/dags_bash_operator.py took 0.154 seconds
[2023-08-29T01:07:57.045+0000] {processor.py:157} INFO - Started process (PID=2810) to work on /opt/airflow/dags/dags_bash_operator.py
[2023-08-29T01:07:57.046+0000] {processor.py:826} INFO - Processing file /opt/airflow/dags/dags_bash_operator.py for tasks to queue
[2023-08-29T01:07:57.047+0000] {logging_mixin.py:150} INFO - [2023-08-29T01:07:57.047+0000] {dagbag.py:541} INFO - Filling up the DagBag from /opt/airflow/dags/dags_bash_operator.py
[2023-08-29T01:07:57.086+0000] {processor.py:836} INFO - DAG(s) dict_keys(['dags_bash_operator']) retrieved from /opt/airflow/dags/dags_bash_operator.py
[2023-08-29T01:07:57.112+0000] {logging_mixin.py:150} INFO - [2023-08-29T01:07:57.112+0000] {dag.py:2742} INFO - Sync 1 DAGs
[2023-08-29T01:07:57.141+0000] {logging_mixin.py:150} INFO - [2023-08-29T01:07:57.141+0000] {dag.py:3508} INFO - Setting next_dagrun for dags_bash_operator to 2023-08-28T00:00:00+00:00, run_after=2023-08-29T00:00:00+00:00
[2023-08-29T01:07:57.191+0000] {processor.py:179} INFO - Processing /opt/airflow/dags/dags_bash_operator.py took 0.151 seconds
[2023-08-29T01:08:27.579+0000] {processor.py:157} INFO - Started process (PID=2899) to work on /opt/airflow/dags/dags_bash_operator.py
[2023-08-29T01:08:27.580+0000] {processor.py:826} INFO - Processing file /opt/airflow/dags/dags_bash_operator.py for tasks to queue
[2023-08-29T01:08:27.582+0000] {logging_mixin.py:150} INFO - [2023-08-29T01:08:27.581+0000] {dagbag.py:541} INFO - Filling up the DagBag from /opt/airflow/dags/dags_bash_operator.py
[2023-08-29T01:08:27.615+0000] {processor.py:836} INFO - DAG(s) dict_keys(['dags_bash_operator']) retrieved from /opt/airflow/dags/dags_bash_operator.py
[2023-08-29T01:08:27.640+0000] {logging_mixin.py:150} INFO - [2023-08-29T01:08:27.640+0000] {dag.py:2742} INFO - Sync 1 DAGs
[2023-08-29T01:08:27.669+0000] {logging_mixin.py:150} INFO - [2023-08-29T01:08:27.669+0000] {dag.py:3508} INFO - Setting next_dagrun for dags_bash_operator to 2023-08-28T00:00:00+00:00, run_after=2023-08-29T00:00:00+00:00
[2023-08-29T01:08:27.718+0000] {processor.py:179} INFO - Processing /opt/airflow/dags/dags_bash_operator.py took 0.142 seconds
[2023-08-29T01:08:58.303+0000] {processor.py:157} INFO - Started process (PID=2988) to work on /opt/airflow/dags/dags_bash_operator.py
[2023-08-29T01:08:58.304+0000] {processor.py:826} INFO - Processing file /opt/airflow/dags/dags_bash_operator.py for tasks to queue
[2023-08-29T01:08:58.305+0000] {logging_mixin.py:150} INFO - [2023-08-29T01:08:58.305+0000] {dagbag.py:541} INFO - Filling up the DagBag from /opt/airflow/dags/dags_bash_operator.py
[2023-08-29T01:08:58.340+0000] {processor.py:836} INFO - DAG(s) dict_keys(['dags_bash_operator']) retrieved from /opt/airflow/dags/dags_bash_operator.py
[2023-08-29T01:08:58.364+0000] {logging_mixin.py:150} INFO - [2023-08-29T01:08:58.364+0000] {dag.py:2742} INFO - Sync 1 DAGs
[2023-08-29T01:08:58.391+0000] {logging_mixin.py:150} INFO - [2023-08-29T01:08:58.391+0000] {dag.py:3508} INFO - Setting next_dagrun for dags_bash_operator to 2023-08-28T00:00:00+00:00, run_after=2023-08-29T00:00:00+00:00
[2023-08-29T01:08:58.437+0000] {processor.py:179} INFO - Processing /opt/airflow/dags/dags_bash_operator.py took 0.137 seconds
[2023-08-29T01:09:28.684+0000] {processor.py:157} INFO - Started process (PID=3077) to work on /opt/airflow/dags/dags_bash_operator.py
[2023-08-29T01:09:28.685+0000] {processor.py:826} INFO - Processing file /opt/airflow/dags/dags_bash_operator.py for tasks to queue
[2023-08-29T01:09:28.686+0000] {logging_mixin.py:150} INFO - [2023-08-29T01:09:28.686+0000] {dagbag.py:541} INFO - Filling up the DagBag from /opt/airflow/dags/dags_bash_operator.py
[2023-08-29T01:09:28.720+0000] {processor.py:836} INFO - DAG(s) dict_keys(['dags_bash_operator']) retrieved from /opt/airflow/dags/dags_bash_operator.py
[2023-08-29T01:09:28.745+0000] {logging_mixin.py:150} INFO - [2023-08-29T01:09:28.745+0000] {dag.py:2742} INFO - Sync 1 DAGs
[2023-08-29T01:09:28.772+0000] {logging_mixin.py:150} INFO - [2023-08-29T01:09:28.772+0000] {dag.py:3508} INFO - Setting next_dagrun for dags_bash_operator to 2023-08-28T00:00:00+00:00, run_after=2023-08-29T00:00:00+00:00
[2023-08-29T01:09:28.830+0000] {processor.py:179} INFO - Processing /opt/airflow/dags/dags_bash_operator.py took 0.149 seconds
[2023-08-29T01:09:59.147+0000] {processor.py:157} INFO - Started process (PID=3166) to work on /opt/airflow/dags/dags_bash_operator.py
[2023-08-29T01:09:59.148+0000] {processor.py:826} INFO - Processing file /opt/airflow/dags/dags_bash_operator.py for tasks to queue
[2023-08-29T01:09:59.150+0000] {logging_mixin.py:150} INFO - [2023-08-29T01:09:59.149+0000] {dagbag.py:541} INFO - Filling up the DagBag from /opt/airflow/dags/dags_bash_operator.py
[2023-08-29T01:09:59.183+0000] {processor.py:836} INFO - DAG(s) dict_keys(['dags_bash_operator']) retrieved from /opt/airflow/dags/dags_bash_operator.py
[2023-08-29T01:09:59.208+0000] {logging_mixin.py:150} INFO - [2023-08-29T01:09:59.208+0000] {dag.py:2742} INFO - Sync 1 DAGs
[2023-08-29T01:09:59.236+0000] {logging_mixin.py:150} INFO - [2023-08-29T01:09:59.235+0000] {dag.py:3508} INFO - Setting next_dagrun for dags_bash_operator to 2023-08-28T00:00:00+00:00, run_after=2023-08-29T00:00:00+00:00
[2023-08-29T01:09:59.288+0000] {processor.py:179} INFO - Processing /opt/airflow/dags/dags_bash_operator.py took 0.144 seconds
[2023-08-29T01:10:29.404+0000] {processor.py:157} INFO - Started process (PID=3255) to work on /opt/airflow/dags/dags_bash_operator.py
[2023-08-29T01:10:29.405+0000] {processor.py:826} INFO - Processing file /opt/airflow/dags/dags_bash_operator.py for tasks to queue
[2023-08-29T01:10:29.406+0000] {logging_mixin.py:150} INFO - [2023-08-29T01:10:29.406+0000] {dagbag.py:541} INFO - Filling up the DagBag from /opt/airflow/dags/dags_bash_operator.py
[2023-08-29T01:10:29.437+0000] {processor.py:836} INFO - DAG(s) dict_keys(['dags_bash_operator']) retrieved from /opt/airflow/dags/dags_bash_operator.py
[2023-08-29T01:10:29.468+0000] {logging_mixin.py:150} INFO - [2023-08-29T01:10:29.467+0000] {dag.py:2742} INFO - Sync 1 DAGs
[2023-08-29T01:10:29.498+0000] {logging_mixin.py:150} INFO - [2023-08-29T01:10:29.498+0000] {dag.py:3508} INFO - Setting next_dagrun for dags_bash_operator to 2023-08-28T00:00:00+00:00, run_after=2023-08-29T00:00:00+00:00
[2023-08-29T01:10:29.538+0000] {processor.py:179} INFO - Processing /opt/airflow/dags/dags_bash_operator.py took 0.137 seconds
[2023-08-29T01:11:00.189+0000] {processor.py:157} INFO - Started process (PID=3344) to work on /opt/airflow/dags/dags_bash_operator.py
[2023-08-29T01:11:00.190+0000] {processor.py:826} INFO - Processing file /opt/airflow/dags/dags_bash_operator.py for tasks to queue
[2023-08-29T01:11:00.191+0000] {logging_mixin.py:150} INFO - [2023-08-29T01:11:00.191+0000] {dagbag.py:541} INFO - Filling up the DagBag from /opt/airflow/dags/dags_bash_operator.py
[2023-08-29T01:11:00.229+0000] {processor.py:836} INFO - DAG(s) dict_keys(['dags_bash_operator']) retrieved from /opt/airflow/dags/dags_bash_operator.py
[2023-08-29T01:11:00.257+0000] {logging_mixin.py:150} INFO - [2023-08-29T01:11:00.257+0000] {dag.py:2742} INFO - Sync 1 DAGs
[2023-08-29T01:11:00.286+0000] {logging_mixin.py:150} INFO - [2023-08-29T01:11:00.286+0000] {dag.py:3508} INFO - Setting next_dagrun for dags_bash_operator to 2023-08-28T00:00:00+00:00, run_after=2023-08-29T00:00:00+00:00
[2023-08-29T01:11:00.326+0000] {processor.py:179} INFO - Processing /opt/airflow/dags/dags_bash_operator.py took 0.141 seconds
[2023-08-29T01:11:30.934+0000] {processor.py:157} INFO - Started process (PID=3433) to work on /opt/airflow/dags/dags_bash_operator.py
[2023-08-29T01:11:30.936+0000] {processor.py:826} INFO - Processing file /opt/airflow/dags/dags_bash_operator.py for tasks to queue
[2023-08-29T01:11:30.937+0000] {logging_mixin.py:150} INFO - [2023-08-29T01:11:30.936+0000] {dagbag.py:541} INFO - Filling up the DagBag from /opt/airflow/dags/dags_bash_operator.py
[2023-08-29T01:11:30.969+0000] {processor.py:836} INFO - DAG(s) dict_keys(['dags_bash_operator']) retrieved from /opt/airflow/dags/dags_bash_operator.py
[2023-08-29T01:11:30.996+0000] {logging_mixin.py:150} INFO - [2023-08-29T01:11:30.996+0000] {dag.py:2742} INFO - Sync 1 DAGs
[2023-08-29T01:11:31.024+0000] {logging_mixin.py:150} INFO - [2023-08-29T01:11:31.023+0000] {dag.py:3508} INFO - Setting next_dagrun for dags_bash_operator to 2023-08-28T00:00:00+00:00, run_after=2023-08-29T00:00:00+00:00
[2023-08-29T01:11:31.063+0000] {processor.py:179} INFO - Processing /opt/airflow/dags/dags_bash_operator.py took 0.131 seconds
[2023-08-29T01:12:01.693+0000] {processor.py:157} INFO - Started process (PID=3522) to work on /opt/airflow/dags/dags_bash_operator.py
[2023-08-29T01:12:01.694+0000] {processor.py:826} INFO - Processing file /opt/airflow/dags/dags_bash_operator.py for tasks to queue
[2023-08-29T01:12:01.695+0000] {logging_mixin.py:150} INFO - [2023-08-29T01:12:01.695+0000] {dagbag.py:541} INFO - Filling up the DagBag from /opt/airflow/dags/dags_bash_operator.py
[2023-08-29T01:12:01.726+0000] {processor.py:836} INFO - DAG(s) dict_keys(['dags_bash_operator']) retrieved from /opt/airflow/dags/dags_bash_operator.py
[2023-08-29T01:12:01.752+0000] {logging_mixin.py:150} INFO - [2023-08-29T01:12:01.752+0000] {dag.py:2742} INFO - Sync 1 DAGs
[2023-08-29T01:12:01.782+0000] {logging_mixin.py:150} INFO - [2023-08-29T01:12:01.781+0000] {dag.py:3508} INFO - Setting next_dagrun for dags_bash_operator to 2023-08-28T00:00:00+00:00, run_after=2023-08-29T00:00:00+00:00
[2023-08-29T01:12:01.820+0000] {processor.py:179} INFO - Processing /opt/airflow/dags/dags_bash_operator.py took 0.131 seconds
[2023-08-29T01:12:32.377+0000] {processor.py:157} INFO - Started process (PID=3611) to work on /opt/airflow/dags/dags_bash_operator.py
[2023-08-29T01:12:32.378+0000] {processor.py:826} INFO - Processing file /opt/airflow/dags/dags_bash_operator.py for tasks to queue
[2023-08-29T01:12:32.379+0000] {logging_mixin.py:150} INFO - [2023-08-29T01:12:32.379+0000] {dagbag.py:541} INFO - Filling up the DagBag from /opt/airflow/dags/dags_bash_operator.py
[2023-08-29T01:12:32.417+0000] {processor.py:836} INFO - DAG(s) dict_keys(['dags_bash_operator']) retrieved from /opt/airflow/dags/dags_bash_operator.py
[2023-08-29T01:12:32.444+0000] {logging_mixin.py:150} INFO - [2023-08-29T01:12:32.443+0000] {dag.py:2742} INFO - Sync 1 DAGs
[2023-08-29T01:12:32.471+0000] {logging_mixin.py:150} INFO - [2023-08-29T01:12:32.471+0000] {dag.py:3508} INFO - Setting next_dagrun for dags_bash_operator to 2023-08-28T00:00:00+00:00, run_after=2023-08-29T00:00:00+00:00
[2023-08-29T01:12:32.526+0000] {processor.py:179} INFO - Processing /opt/airflow/dags/dags_bash_operator.py took 0.153 seconds
[2023-08-29T01:13:03.010+0000] {processor.py:157} INFO - Started process (PID=3700) to work on /opt/airflow/dags/dags_bash_operator.py
[2023-08-29T01:13:03.011+0000] {processor.py:826} INFO - Processing file /opt/airflow/dags/dags_bash_operator.py for tasks to queue
[2023-08-29T01:13:03.012+0000] {logging_mixin.py:150} INFO - [2023-08-29T01:13:03.012+0000] {dagbag.py:541} INFO - Filling up the DagBag from /opt/airflow/dags/dags_bash_operator.py
[2023-08-29T01:13:03.052+0000] {processor.py:836} INFO - DAG(s) dict_keys(['dags_bash_operator']) retrieved from /opt/airflow/dags/dags_bash_operator.py
[2023-08-29T01:13:03.077+0000] {logging_mixin.py:150} INFO - [2023-08-29T01:13:03.076+0000] {dag.py:2742} INFO - Sync 1 DAGs
[2023-08-29T01:13:03.109+0000] {logging_mixin.py:150} INFO - [2023-08-29T01:13:03.109+0000] {dag.py:3508} INFO - Setting next_dagrun for dags_bash_operator to 2023-08-28T00:00:00+00:00, run_after=2023-08-29T00:00:00+00:00
[2023-08-29T01:13:03.161+0000] {processor.py:179} INFO - Processing /opt/airflow/dags/dags_bash_operator.py took 0.154 seconds
[2023-08-29T01:13:33.281+0000] {processor.py:157} INFO - Started process (PID=3790) to work on /opt/airflow/dags/dags_bash_operator.py
[2023-08-29T01:13:33.283+0000] {processor.py:826} INFO - Processing file /opt/airflow/dags/dags_bash_operator.py for tasks to queue
[2023-08-29T01:13:33.284+0000] {logging_mixin.py:150} INFO - [2023-08-29T01:13:33.284+0000] {dagbag.py:541} INFO - Filling up the DagBag from /opt/airflow/dags/dags_bash_operator.py
[2023-08-29T01:13:33.316+0000] {processor.py:836} INFO - DAG(s) dict_keys(['dags_bash_operator']) retrieved from /opt/airflow/dags/dags_bash_operator.py
[2023-08-29T01:13:33.344+0000] {logging_mixin.py:150} INFO - [2023-08-29T01:13:33.344+0000] {dag.py:2742} INFO - Sync 1 DAGs
[2023-08-29T01:13:33.372+0000] {logging_mixin.py:150} INFO - [2023-08-29T01:13:33.372+0000] {dag.py:3508} INFO - Setting next_dagrun for dags_bash_operator to 2023-08-28T00:00:00+00:00, run_after=2023-08-29T00:00:00+00:00
[2023-08-29T01:13:33.428+0000] {processor.py:179} INFO - Processing /opt/airflow/dags/dags_bash_operator.py took 0.150 seconds
[2023-08-29T01:14:03.593+0000] {processor.py:157} INFO - Started process (PID=3879) to work on /opt/airflow/dags/dags_bash_operator.py
[2023-08-29T01:14:03.594+0000] {processor.py:826} INFO - Processing file /opt/airflow/dags/dags_bash_operator.py for tasks to queue
[2023-08-29T01:14:03.596+0000] {logging_mixin.py:150} INFO - [2023-08-29T01:14:03.595+0000] {dagbag.py:541} INFO - Filling up the DagBag from /opt/airflow/dags/dags_bash_operator.py
[2023-08-29T01:14:03.628+0000] {processor.py:836} INFO - DAG(s) dict_keys(['dags_bash_operator']) retrieved from /opt/airflow/dags/dags_bash_operator.py
[2023-08-29T01:14:03.653+0000] {logging_mixin.py:150} INFO - [2023-08-29T01:14:03.653+0000] {dag.py:2742} INFO - Sync 1 DAGs
[2023-08-29T01:14:03.684+0000] {logging_mixin.py:150} INFO - [2023-08-29T01:14:03.683+0000] {dag.py:3508} INFO - Setting next_dagrun for dags_bash_operator to 2023-08-28T00:00:00+00:00, run_after=2023-08-29T00:00:00+00:00
[2023-08-29T01:14:03.723+0000] {processor.py:179} INFO - Processing /opt/airflow/dags/dags_bash_operator.py took 0.133 seconds
[2023-08-29T01:14:34.082+0000] {processor.py:157} INFO - Started process (PID=3968) to work on /opt/airflow/dags/dags_bash_operator.py
[2023-08-29T01:14:34.083+0000] {processor.py:826} INFO - Processing file /opt/airflow/dags/dags_bash_operator.py for tasks to queue
[2023-08-29T01:14:34.084+0000] {logging_mixin.py:150} INFO - [2023-08-29T01:14:34.084+0000] {dagbag.py:541} INFO - Filling up the DagBag from /opt/airflow/dags/dags_bash_operator.py
[2023-08-29T01:14:34.118+0000] {processor.py:836} INFO - DAG(s) dict_keys(['dags_bash_operator']) retrieved from /opt/airflow/dags/dags_bash_operator.py
[2023-08-29T01:14:34.142+0000] {logging_mixin.py:150} INFO - [2023-08-29T01:14:34.142+0000] {dag.py:2742} INFO - Sync 1 DAGs
[2023-08-29T01:14:34.170+0000] {logging_mixin.py:150} INFO - [2023-08-29T01:14:34.170+0000] {dag.py:3508} INFO - Setting next_dagrun for dags_bash_operator to 2023-08-28T00:00:00+00:00, run_after=2023-08-29T00:00:00+00:00
[2023-08-29T01:14:34.230+0000] {processor.py:179} INFO - Processing /opt/airflow/dags/dags_bash_operator.py took 0.150 seconds
[2023-08-29T01:15:04.521+0000] {processor.py:157} INFO - Started process (PID=4057) to work on /opt/airflow/dags/dags_bash_operator.py
[2023-08-29T01:15:04.522+0000] {processor.py:826} INFO - Processing file /opt/airflow/dags/dags_bash_operator.py for tasks to queue
[2023-08-29T01:15:04.523+0000] {logging_mixin.py:150} INFO - [2023-08-29T01:15:04.523+0000] {dagbag.py:541} INFO - Filling up the DagBag from /opt/airflow/dags/dags_bash_operator.py
[2023-08-29T01:15:04.555+0000] {processor.py:836} INFO - DAG(s) dict_keys(['dags_bash_operator']) retrieved from /opt/airflow/dags/dags_bash_operator.py
[2023-08-29T01:15:04.579+0000] {logging_mixin.py:150} INFO - [2023-08-29T01:15:04.579+0000] {dag.py:2742} INFO - Sync 1 DAGs
[2023-08-29T01:15:04.606+0000] {logging_mixin.py:150} INFO - [2023-08-29T01:15:04.605+0000] {dag.py:3508} INFO - Setting next_dagrun for dags_bash_operator to 2023-08-28T00:00:00+00:00, run_after=2023-08-29T00:00:00+00:00
[2023-08-29T01:15:04.663+0000] {processor.py:179} INFO - Processing /opt/airflow/dags/dags_bash_operator.py took 0.145 seconds
[2023-08-29T01:15:35.129+0000] {processor.py:157} INFO - Started process (PID=4147) to work on /opt/airflow/dags/dags_bash_operator.py
[2023-08-29T01:15:35.132+0000] {processor.py:826} INFO - Processing file /opt/airflow/dags/dags_bash_operator.py for tasks to queue
[2023-08-29T01:15:35.135+0000] {logging_mixin.py:150} INFO - [2023-08-29T01:15:35.134+0000] {dagbag.py:541} INFO - Filling up the DagBag from /opt/airflow/dags/dags_bash_operator.py
[2023-08-29T01:15:35.178+0000] {processor.py:836} INFO - DAG(s) dict_keys(['dags_bash_operator']) retrieved from /opt/airflow/dags/dags_bash_operator.py
[2023-08-29T01:15:35.202+0000] {logging_mixin.py:150} INFO - [2023-08-29T01:15:35.202+0000] {dag.py:2742} INFO - Sync 1 DAGs
[2023-08-29T01:15:35.229+0000] {logging_mixin.py:150} INFO - [2023-08-29T01:15:35.229+0000] {dag.py:3508} INFO - Setting next_dagrun for dags_bash_operator to 2023-08-28T00:00:00+00:00, run_after=2023-08-29T00:00:00+00:00
[2023-08-29T01:15:35.268+0000] {processor.py:179} INFO - Processing /opt/airflow/dags/dags_bash_operator.py took 0.147 seconds
[2023-08-29T01:16:05.594+0000] {processor.py:157} INFO - Started process (PID=4235) to work on /opt/airflow/dags/dags_bash_operator.py
[2023-08-29T01:16:05.595+0000] {processor.py:826} INFO - Processing file /opt/airflow/dags/dags_bash_operator.py for tasks to queue
[2023-08-29T01:16:05.596+0000] {logging_mixin.py:150} INFO - [2023-08-29T01:16:05.596+0000] {dagbag.py:541} INFO - Filling up the DagBag from /opt/airflow/dags/dags_bash_operator.py
[2023-08-29T01:16:05.628+0000] {processor.py:836} INFO - DAG(s) dict_keys(['dags_bash_operator']) retrieved from /opt/airflow/dags/dags_bash_operator.py
[2023-08-29T01:16:05.652+0000] {logging_mixin.py:150} INFO - [2023-08-29T01:16:05.652+0000] {dag.py:2742} INFO - Sync 1 DAGs
[2023-08-29T01:16:05.680+0000] {logging_mixin.py:150} INFO - [2023-08-29T01:16:05.680+0000] {dag.py:3508} INFO - Setting next_dagrun for dags_bash_operator to 2023-08-28T00:00:00+00:00, run_after=2023-08-29T00:00:00+00:00
[2023-08-29T01:16:05.724+0000] {processor.py:179} INFO - Processing /opt/airflow/dags/dags_bash_operator.py took 0.134 seconds
[2023-08-29T01:16:36.164+0000] {processor.py:157} INFO - Started process (PID=4324) to work on /opt/airflow/dags/dags_bash_operator.py
[2023-08-29T01:16:36.165+0000] {processor.py:826} INFO - Processing file /opt/airflow/dags/dags_bash_operator.py for tasks to queue
[2023-08-29T01:16:36.167+0000] {logging_mixin.py:150} INFO - [2023-08-29T01:16:36.166+0000] {dagbag.py:541} INFO - Filling up the DagBag from /opt/airflow/dags/dags_bash_operator.py
[2023-08-29T01:16:36.202+0000] {processor.py:836} INFO - DAG(s) dict_keys(['dags_bash_operator']) retrieved from /opt/airflow/dags/dags_bash_operator.py
[2023-08-29T01:16:36.230+0000] {logging_mixin.py:150} INFO - [2023-08-29T01:16:36.229+0000] {dag.py:2742} INFO - Sync 1 DAGs
[2023-08-29T01:16:36.259+0000] {logging_mixin.py:150} INFO - [2023-08-29T01:16:36.259+0000] {dag.py:3508} INFO - Setting next_dagrun for dags_bash_operator to 2023-08-28T00:00:00+00:00, run_after=2023-08-29T00:00:00+00:00
[2023-08-29T01:16:36.300+0000] {processor.py:179} INFO - Processing /opt/airflow/dags/dags_bash_operator.py took 0.139 seconds
[2023-08-29T01:17:07.016+0000] {processor.py:157} INFO - Started process (PID=4413) to work on /opt/airflow/dags/dags_bash_operator.py
[2023-08-29T01:17:07.017+0000] {processor.py:826} INFO - Processing file /opt/airflow/dags/dags_bash_operator.py for tasks to queue
[2023-08-29T01:17:07.018+0000] {logging_mixin.py:150} INFO - [2023-08-29T01:17:07.018+0000] {dagbag.py:541} INFO - Filling up the DagBag from /opt/airflow/dags/dags_bash_operator.py
[2023-08-29T01:17:07.056+0000] {processor.py:836} INFO - DAG(s) dict_keys(['dags_bash_operator']) retrieved from /opt/airflow/dags/dags_bash_operator.py
[2023-08-29T01:17:07.088+0000] {logging_mixin.py:150} INFO - [2023-08-29T01:17:07.087+0000] {dag.py:2742} INFO - Sync 1 DAGs
[2023-08-29T01:17:07.119+0000] {logging_mixin.py:150} INFO - [2023-08-29T01:17:07.119+0000] {dag.py:3508} INFO - Setting next_dagrun for dags_bash_operator to 2023-08-28T00:00:00+00:00, run_after=2023-08-29T00:00:00+00:00
[2023-08-29T01:17:07.163+0000] {processor.py:179} INFO - Processing /opt/airflow/dags/dags_bash_operator.py took 0.149 seconds
[2023-08-29T01:17:37.869+0000] {processor.py:157} INFO - Started process (PID=4502) to work on /opt/airflow/dags/dags_bash_operator.py
[2023-08-29T01:17:37.871+0000] {processor.py:826} INFO - Processing file /opt/airflow/dags/dags_bash_operator.py for tasks to queue
[2023-08-29T01:17:37.872+0000] {logging_mixin.py:150} INFO - [2023-08-29T01:17:37.872+0000] {dagbag.py:541} INFO - Filling up the DagBag from /opt/airflow/dags/dags_bash_operator.py
[2023-08-29T01:17:37.913+0000] {processor.py:836} INFO - DAG(s) dict_keys(['dags_bash_operator']) retrieved from /opt/airflow/dags/dags_bash_operator.py
[2023-08-29T01:17:37.940+0000] {logging_mixin.py:150} INFO - [2023-08-29T01:17:37.940+0000] {dag.py:2742} INFO - Sync 1 DAGs
[2023-08-29T01:17:37.970+0000] {logging_mixin.py:150} INFO - [2023-08-29T01:17:37.970+0000] {dag.py:3508} INFO - Setting next_dagrun for dags_bash_operator to 2023-08-28T00:00:00+00:00, run_after=2023-08-29T00:00:00+00:00
[2023-08-29T01:17:38.009+0000] {processor.py:179} INFO - Processing /opt/airflow/dags/dags_bash_operator.py took 0.144 seconds
[2023-08-29T01:18:09.016+0000] {processor.py:157} INFO - Started process (PID=4592) to work on /opt/airflow/dags/dags_bash_operator.py
[2023-08-29T01:18:09.018+0000] {processor.py:826} INFO - Processing file /opt/airflow/dags/dags_bash_operator.py for tasks to queue
[2023-08-29T01:18:09.019+0000] {logging_mixin.py:150} INFO - [2023-08-29T01:18:09.019+0000] {dagbag.py:541} INFO - Filling up the DagBag from /opt/airflow/dags/dags_bash_operator.py
[2023-08-29T01:18:09.051+0000] {processor.py:836} INFO - DAG(s) dict_keys(['dags_bash_operator']) retrieved from /opt/airflow/dags/dags_bash_operator.py
[2023-08-29T01:18:09.075+0000] {logging_mixin.py:150} INFO - [2023-08-29T01:18:09.075+0000] {dag.py:2742} INFO - Sync 1 DAGs
[2023-08-29T01:18:09.102+0000] {logging_mixin.py:150} INFO - [2023-08-29T01:18:09.102+0000] {dag.py:3508} INFO - Setting next_dagrun for dags_bash_operator to 2023-08-28T00:00:00+00:00, run_after=2023-08-29T00:00:00+00:00
[2023-08-29T01:18:09.160+0000] {processor.py:179} INFO - Processing /opt/airflow/dags/dags_bash_operator.py took 0.147 seconds
[2023-08-29T01:18:39.647+0000] {processor.py:157} INFO - Started process (PID=4682) to work on /opt/airflow/dags/dags_bash_operator.py
[2023-08-29T01:18:39.649+0000] {processor.py:826} INFO - Processing file /opt/airflow/dags/dags_bash_operator.py for tasks to queue
[2023-08-29T01:18:39.650+0000] {logging_mixin.py:150} INFO - [2023-08-29T01:18:39.650+0000] {dagbag.py:541} INFO - Filling up the DagBag from /opt/airflow/dags/dags_bash_operator.py
[2023-08-29T01:18:39.684+0000] {processor.py:836} INFO - DAG(s) dict_keys(['dags_bash_operator']) retrieved from /opt/airflow/dags/dags_bash_operator.py
[2023-08-29T01:18:39.711+0000] {logging_mixin.py:150} INFO - [2023-08-29T01:18:39.711+0000] {dag.py:2742} INFO - Sync 1 DAGs
[2023-08-29T01:18:39.739+0000] {logging_mixin.py:150} INFO - [2023-08-29T01:18:39.739+0000] {dag.py:3508} INFO - Setting next_dagrun for dags_bash_operator to 2023-08-28T00:00:00+00:00, run_after=2023-08-29T00:00:00+00:00
[2023-08-29T01:18:39.798+0000] {processor.py:179} INFO - Processing /opt/airflow/dags/dags_bash_operator.py took 0.153 seconds
[2023-08-29T01:19:10.357+0000] {processor.py:157} INFO - Started process (PID=4771) to work on /opt/airflow/dags/dags_bash_operator.py
[2023-08-29T01:19:10.358+0000] {processor.py:826} INFO - Processing file /opt/airflow/dags/dags_bash_operator.py for tasks to queue
[2023-08-29T01:19:10.359+0000] {logging_mixin.py:150} INFO - [2023-08-29T01:19:10.359+0000] {dagbag.py:541} INFO - Filling up the DagBag from /opt/airflow/dags/dags_bash_operator.py
[2023-08-29T01:19:10.394+0000] {processor.py:836} INFO - DAG(s) dict_keys(['dags_bash_operator']) retrieved from /opt/airflow/dags/dags_bash_operator.py
[2023-08-29T01:19:10.426+0000] {logging_mixin.py:150} INFO - [2023-08-29T01:19:10.426+0000] {dag.py:2742} INFO - Sync 1 DAGs
[2023-08-29T01:19:10.456+0000] {logging_mixin.py:150} INFO - [2023-08-29T01:19:10.456+0000] {dag.py:3508} INFO - Setting next_dagrun for dags_bash_operator to 2023-08-28T00:00:00+00:00, run_after=2023-08-29T00:00:00+00:00
[2023-08-29T01:19:10.513+0000] {processor.py:179} INFO - Processing /opt/airflow/dags/dags_bash_operator.py took 0.160 seconds
[2023-08-29T01:19:40.683+0000] {processor.py:157} INFO - Started process (PID=4860) to work on /opt/airflow/dags/dags_bash_operator.py
[2023-08-29T01:19:40.684+0000] {processor.py:826} INFO - Processing file /opt/airflow/dags/dags_bash_operator.py for tasks to queue
[2023-08-29T01:19:40.685+0000] {logging_mixin.py:150} INFO - [2023-08-29T01:19:40.685+0000] {dagbag.py:541} INFO - Filling up the DagBag from /opt/airflow/dags/dags_bash_operator.py
[2023-08-29T01:19:40.719+0000] {processor.py:836} INFO - DAG(s) dict_keys(['dags_bash_operator']) retrieved from /opt/airflow/dags/dags_bash_operator.py
[2023-08-29T01:19:40.742+0000] {logging_mixin.py:150} INFO - [2023-08-29T01:19:40.742+0000] {dag.py:2742} INFO - Sync 1 DAGs
[2023-08-29T01:19:40.767+0000] {logging_mixin.py:150} INFO - [2023-08-29T01:19:40.767+0000] {dag.py:3508} INFO - Setting next_dagrun for dags_bash_operator to 2023-08-28T00:00:00+00:00, run_after=2023-08-29T00:00:00+00:00
[2023-08-29T01:19:40.824+0000] {processor.py:179} INFO - Processing /opt/airflow/dags/dags_bash_operator.py took 0.145 seconds
[2023-08-29T01:20:11.346+0000] {processor.py:157} INFO - Started process (PID=4949) to work on /opt/airflow/dags/dags_bash_operator.py
[2023-08-29T01:20:11.348+0000] {processor.py:826} INFO - Processing file /opt/airflow/dags/dags_bash_operator.py for tasks to queue
[2023-08-29T01:20:11.349+0000] {logging_mixin.py:150} INFO - [2023-08-29T01:20:11.349+0000] {dagbag.py:541} INFO - Filling up the DagBag from /opt/airflow/dags/dags_bash_operator.py
[2023-08-29T01:20:11.389+0000] {processor.py:836} INFO - DAG(s) dict_keys(['dags_bash_operator']) retrieved from /opt/airflow/dags/dags_bash_operator.py
[2023-08-29T01:20:11.417+0000] {logging_mixin.py:150} INFO - [2023-08-29T01:20:11.417+0000] {dag.py:2742} INFO - Sync 1 DAGs
[2023-08-29T01:20:11.445+0000] {logging_mixin.py:150} INFO - [2023-08-29T01:20:11.445+0000] {dag.py:3508} INFO - Setting next_dagrun for dags_bash_operator to 2023-08-28T00:00:00+00:00, run_after=2023-08-29T00:00:00+00:00
[2023-08-29T01:20:11.503+0000] {processor.py:179} INFO - Processing /opt/airflow/dags/dags_bash_operator.py took 0.160 seconds
[2023-08-29T01:20:41.999+0000] {processor.py:157} INFO - Started process (PID=5040) to work on /opt/airflow/dags/dags_bash_operator.py
[2023-08-29T01:20:42.000+0000] {processor.py:826} INFO - Processing file /opt/airflow/dags/dags_bash_operator.py for tasks to queue
[2023-08-29T01:20:42.002+0000] {logging_mixin.py:150} INFO - [2023-08-29T01:20:42.002+0000] {dagbag.py:541} INFO - Filling up the DagBag from /opt/airflow/dags/dags_bash_operator.py
[2023-08-29T01:20:42.039+0000] {processor.py:836} INFO - DAG(s) dict_keys(['dags_bash_operator']) retrieved from /opt/airflow/dags/dags_bash_operator.py
[2023-08-29T01:20:42.064+0000] {logging_mixin.py:150} INFO - [2023-08-29T01:20:42.064+0000] {dag.py:2742} INFO - Sync 1 DAGs
[2023-08-29T01:20:42.098+0000] {logging_mixin.py:150} INFO - [2023-08-29T01:20:42.098+0000] {dag.py:3508} INFO - Setting next_dagrun for dags_bash_operator to 2023-08-28T00:00:00+00:00, run_after=2023-08-29T00:00:00+00:00
[2023-08-29T01:20:42.238+0000] {processor.py:179} INFO - Processing /opt/airflow/dags/dags_bash_operator.py took 0.243 seconds
[2023-08-29T01:21:12.770+0000] {processor.py:157} INFO - Started process (PID=5135) to work on /opt/airflow/dags/dags_bash_operator.py
[2023-08-29T01:21:12.771+0000] {processor.py:826} INFO - Processing file /opt/airflow/dags/dags_bash_operator.py for tasks to queue
[2023-08-29T01:21:12.772+0000] {logging_mixin.py:150} INFO - [2023-08-29T01:21:12.772+0000] {dagbag.py:541} INFO - Filling up the DagBag from /opt/airflow/dags/dags_bash_operator.py
[2023-08-29T01:21:12.807+0000] {processor.py:836} INFO - DAG(s) dict_keys(['dags_bash_operator']) retrieved from /opt/airflow/dags/dags_bash_operator.py
[2023-08-29T01:21:12.831+0000] {logging_mixin.py:150} INFO - [2023-08-29T01:21:12.831+0000] {dag.py:2742} INFO - Sync 1 DAGs
[2023-08-29T01:21:12.862+0000] {logging_mixin.py:150} INFO - [2023-08-29T01:21:12.862+0000] {dag.py:3508} INFO - Setting next_dagrun for dags_bash_operator to 2023-08-28T00:00:00+00:00, run_after=2023-08-29T00:00:00+00:00
[2023-08-29T01:21:12.920+0000] {processor.py:179} INFO - Processing /opt/airflow/dags/dags_bash_operator.py took 0.153 seconds
[2023-08-29T01:21:43.171+0000] {processor.py:157} INFO - Started process (PID=5224) to work on /opt/airflow/dags/dags_bash_operator.py
[2023-08-29T01:21:43.173+0000] {processor.py:826} INFO - Processing file /opt/airflow/dags/dags_bash_operator.py for tasks to queue
[2023-08-29T01:21:43.174+0000] {logging_mixin.py:150} INFO - [2023-08-29T01:21:43.174+0000] {dagbag.py:541} INFO - Filling up the DagBag from /opt/airflow/dags/dags_bash_operator.py
[2023-08-29T01:21:43.213+0000] {processor.py:836} INFO - DAG(s) dict_keys(['dags_bash_operator']) retrieved from /opt/airflow/dags/dags_bash_operator.py
[2023-08-29T01:21:43.247+0000] {logging_mixin.py:150} INFO - [2023-08-29T01:21:43.247+0000] {dag.py:2742} INFO - Sync 1 DAGs
[2023-08-29T01:21:43.288+0000] {logging_mixin.py:150} INFO - [2023-08-29T01:21:43.287+0000] {dag.py:3508} INFO - Setting next_dagrun for dags_bash_operator to 2023-08-28T00:00:00+00:00, run_after=2023-08-29T00:00:00+00:00
[2023-08-29T01:21:43.347+0000] {processor.py:179} INFO - Processing /opt/airflow/dags/dags_bash_operator.py took 0.179 seconds
[2023-08-29T01:22:13.757+0000] {processor.py:157} INFO - Started process (PID=5314) to work on /opt/airflow/dags/dags_bash_operator.py
[2023-08-29T01:22:13.759+0000] {processor.py:826} INFO - Processing file /opt/airflow/dags/dags_bash_operator.py for tasks to queue
[2023-08-29T01:22:13.760+0000] {logging_mixin.py:150} INFO - [2023-08-29T01:22:13.760+0000] {dagbag.py:541} INFO - Filling up the DagBag from /opt/airflow/dags/dags_bash_operator.py
[2023-08-29T01:22:13.800+0000] {processor.py:836} INFO - DAG(s) dict_keys(['dags_bash_operator']) retrieved from /opt/airflow/dags/dags_bash_operator.py
[2023-08-29T01:22:13.827+0000] {logging_mixin.py:150} INFO - [2023-08-29T01:22:13.827+0000] {dag.py:2742} INFO - Sync 1 DAGs
[2023-08-29T01:22:13.855+0000] {logging_mixin.py:150} INFO - [2023-08-29T01:22:13.855+0000] {dag.py:3508} INFO - Setting next_dagrun for dags_bash_operator to 2023-08-28T00:00:00+00:00, run_after=2023-08-29T00:00:00+00:00
[2023-08-29T01:22:13.913+0000] {processor.py:179} INFO - Processing /opt/airflow/dags/dags_bash_operator.py took 0.160 seconds
[2023-08-29T01:22:44.238+0000] {processor.py:157} INFO - Started process (PID=5404) to work on /opt/airflow/dags/dags_bash_operator.py
[2023-08-29T01:22:44.239+0000] {processor.py:826} INFO - Processing file /opt/airflow/dags/dags_bash_operator.py for tasks to queue
[2023-08-29T01:22:44.240+0000] {logging_mixin.py:150} INFO - [2023-08-29T01:22:44.239+0000] {dagbag.py:541} INFO - Filling up the DagBag from /opt/airflow/dags/dags_bash_operator.py
[2023-08-29T01:22:44.273+0000] {processor.py:836} INFO - DAG(s) dict_keys(['dags_bash_operator']) retrieved from /opt/airflow/dags/dags_bash_operator.py
[2023-08-29T01:22:44.297+0000] {logging_mixin.py:150} INFO - [2023-08-29T01:22:44.297+0000] {dag.py:2742} INFO - Sync 1 DAGs
[2023-08-29T01:22:44.327+0000] {logging_mixin.py:150} INFO - [2023-08-29T01:22:44.327+0000] {dag.py:3508} INFO - Setting next_dagrun for dags_bash_operator to 2023-08-28T00:00:00+00:00, run_after=2023-08-29T00:00:00+00:00
[2023-08-29T01:22:44.386+0000] {processor.py:179} INFO - Processing /opt/airflow/dags/dags_bash_operator.py took 0.152 seconds
[2023-08-29T01:23:14.605+0000] {processor.py:157} INFO - Started process (PID=5494) to work on /opt/airflow/dags/dags_bash_operator.py
[2023-08-29T01:23:14.606+0000] {processor.py:826} INFO - Processing file /opt/airflow/dags/dags_bash_operator.py for tasks to queue
[2023-08-29T01:23:14.607+0000] {logging_mixin.py:150} INFO - [2023-08-29T01:23:14.607+0000] {dagbag.py:541} INFO - Filling up the DagBag from /opt/airflow/dags/dags_bash_operator.py
[2023-08-29T01:23:14.641+0000] {processor.py:836} INFO - DAG(s) dict_keys(['dags_bash_operator']) retrieved from /opt/airflow/dags/dags_bash_operator.py
[2023-08-29T01:23:14.670+0000] {logging_mixin.py:150} INFO - [2023-08-29T01:23:14.670+0000] {dag.py:2742} INFO - Sync 1 DAGs
[2023-08-29T01:23:14.697+0000] {logging_mixin.py:150} INFO - [2023-08-29T01:23:14.697+0000] {dag.py:3508} INFO - Setting next_dagrun for dags_bash_operator to 2023-08-28T00:00:00+00:00, run_after=2023-08-29T00:00:00+00:00
[2023-08-29T01:23:14.756+0000] {processor.py:179} INFO - Processing /opt/airflow/dags/dags_bash_operator.py took 0.154 seconds
[2023-08-29T01:23:45.097+0000] {processor.py:157} INFO - Started process (PID=5584) to work on /opt/airflow/dags/dags_bash_operator.py
[2023-08-29T01:23:45.098+0000] {processor.py:826} INFO - Processing file /opt/airflow/dags/dags_bash_operator.py for tasks to queue
[2023-08-29T01:23:45.101+0000] {logging_mixin.py:150} INFO - [2023-08-29T01:23:45.100+0000] {dagbag.py:541} INFO - Filling up the DagBag from /opt/airflow/dags/dags_bash_operator.py
[2023-08-29T01:23:45.141+0000] {processor.py:836} INFO - DAG(s) dict_keys(['dags_bash_operator']) retrieved from /opt/airflow/dags/dags_bash_operator.py
[2023-08-29T01:23:45.171+0000] {logging_mixin.py:150} INFO - [2023-08-29T01:23:45.170+0000] {dag.py:2742} INFO - Sync 1 DAGs
[2023-08-29T01:23:45.201+0000] {logging_mixin.py:150} INFO - [2023-08-29T01:23:45.201+0000] {dag.py:3508} INFO - Setting next_dagrun for dags_bash_operator to 2023-08-28T00:00:00+00:00, run_after=2023-08-29T00:00:00+00:00
[2023-08-29T01:23:45.262+0000] {processor.py:179} INFO - Processing /opt/airflow/dags/dags_bash_operator.py took 0.171 seconds
[2023-08-29T01:24:15.548+0000] {processor.py:157} INFO - Started process (PID=5674) to work on /opt/airflow/dags/dags_bash_operator.py
[2023-08-29T01:24:15.549+0000] {processor.py:826} INFO - Processing file /opt/airflow/dags/dags_bash_operator.py for tasks to queue
[2023-08-29T01:24:15.550+0000] {logging_mixin.py:150} INFO - [2023-08-29T01:24:15.550+0000] {dagbag.py:541} INFO - Filling up the DagBag from /opt/airflow/dags/dags_bash_operator.py
[2023-08-29T01:24:15.583+0000] {processor.py:836} INFO - DAG(s) dict_keys(['dags_bash_operator']) retrieved from /opt/airflow/dags/dags_bash_operator.py
[2023-08-29T01:24:15.609+0000] {logging_mixin.py:150} INFO - [2023-08-29T01:24:15.609+0000] {dag.py:2742} INFO - Sync 1 DAGs
[2023-08-29T01:24:15.642+0000] {logging_mixin.py:150} INFO - [2023-08-29T01:24:15.642+0000] {dag.py:3508} INFO - Setting next_dagrun for dags_bash_operator to 2023-08-28T00:00:00+00:00, run_after=2023-08-29T00:00:00+00:00
[2023-08-29T01:24:15.704+0000] {processor.py:179} INFO - Processing /opt/airflow/dags/dags_bash_operator.py took 0.160 seconds
[2023-08-29T01:24:46.427+0000] {processor.py:157} INFO - Started process (PID=5765) to work on /opt/airflow/dags/dags_bash_operator.py
[2023-08-29T01:24:46.428+0000] {processor.py:826} INFO - Processing file /opt/airflow/dags/dags_bash_operator.py for tasks to queue
[2023-08-29T01:24:46.430+0000] {logging_mixin.py:150} INFO - [2023-08-29T01:24:46.430+0000] {dagbag.py:541} INFO - Filling up the DagBag from /opt/airflow/dags/dags_bash_operator.py
[2023-08-29T01:24:46.467+0000] {processor.py:836} INFO - DAG(s) dict_keys(['dags_bash_operator']) retrieved from /opt/airflow/dags/dags_bash_operator.py
[2023-08-29T01:24:46.495+0000] {logging_mixin.py:150} INFO - [2023-08-29T01:24:46.494+0000] {dag.py:2742} INFO - Sync 1 DAGs
[2023-08-29T01:24:46.527+0000] {logging_mixin.py:150} INFO - [2023-08-29T01:24:46.527+0000] {dag.py:3508} INFO - Setting next_dagrun for dags_bash_operator to 2023-08-28T00:00:00+00:00, run_after=2023-08-29T00:00:00+00:00
[2023-08-29T01:24:46.593+0000] {processor.py:179} INFO - Processing /opt/airflow/dags/dags_bash_operator.py took 0.169 seconds
[2023-08-29T01:25:16.745+0000] {processor.py:157} INFO - Started process (PID=5855) to work on /opt/airflow/dags/dags_bash_operator.py
[2023-08-29T01:25:16.746+0000] {processor.py:826} INFO - Processing file /opt/airflow/dags/dags_bash_operator.py for tasks to queue
[2023-08-29T01:25:16.747+0000] {logging_mixin.py:150} INFO - [2023-08-29T01:25:16.747+0000] {dagbag.py:541} INFO - Filling up the DagBag from /opt/airflow/dags/dags_bash_operator.py
[2023-08-29T01:25:16.783+0000] {processor.py:836} INFO - DAG(s) dict_keys(['dags_bash_operator']) retrieved from /opt/airflow/dags/dags_bash_operator.py
[2023-08-29T01:25:16.808+0000] {logging_mixin.py:150} INFO - [2023-08-29T01:25:16.807+0000] {dag.py:2742} INFO - Sync 1 DAGs
[2023-08-29T01:25:16.837+0000] {logging_mixin.py:150} INFO - [2023-08-29T01:25:16.837+0000] {dag.py:3508} INFO - Setting next_dagrun for dags_bash_operator to 2023-08-28T00:00:00+00:00, run_after=2023-08-29T00:00:00+00:00
[2023-08-29T01:25:16.897+0000] {processor.py:179} INFO - Processing /opt/airflow/dags/dags_bash_operator.py took 0.156 seconds
[2023-08-29T01:25:47.076+0000] {processor.py:157} INFO - Started process (PID=5946) to work on /opt/airflow/dags/dags_bash_operator.py
[2023-08-29T01:25:47.077+0000] {processor.py:826} INFO - Processing file /opt/airflow/dags/dags_bash_operator.py for tasks to queue
[2023-08-29T01:25:47.078+0000] {logging_mixin.py:150} INFO - [2023-08-29T01:25:47.078+0000] {dagbag.py:541} INFO - Filling up the DagBag from /opt/airflow/dags/dags_bash_operator.py
[2023-08-29T01:25:47.116+0000] {processor.py:836} INFO - DAG(s) dict_keys(['dags_bash_operator']) retrieved from /opt/airflow/dags/dags_bash_operator.py
[2023-08-29T01:25:47.143+0000] {logging_mixin.py:150} INFO - [2023-08-29T01:25:47.143+0000] {dag.py:2742} INFO - Sync 1 DAGs
[2023-08-29T01:25:47.173+0000] {logging_mixin.py:150} INFO - [2023-08-29T01:25:47.173+0000] {dag.py:3508} INFO - Setting next_dagrun for dags_bash_operator to 2023-08-28T00:00:00+00:00, run_after=2023-08-29T00:00:00+00:00
[2023-08-29T01:25:47.238+0000] {processor.py:179} INFO - Processing /opt/airflow/dags/dags_bash_operator.py took 0.165 seconds
[2023-08-29T01:26:17.638+0000] {processor.py:157} INFO - Started process (PID=6037) to work on /opt/airflow/dags/dags_bash_operator.py
[2023-08-29T01:26:17.640+0000] {processor.py:826} INFO - Processing file /opt/airflow/dags/dags_bash_operator.py for tasks to queue
[2023-08-29T01:26:17.641+0000] {logging_mixin.py:150} INFO - [2023-08-29T01:26:17.641+0000] {dagbag.py:541} INFO - Filling up the DagBag from /opt/airflow/dags/dags_bash_operator.py
[2023-08-29T01:26:17.674+0000] {processor.py:836} INFO - DAG(s) dict_keys(['dags_bash_operator']) retrieved from /opt/airflow/dags/dags_bash_operator.py
[2023-08-29T01:26:17.699+0000] {logging_mixin.py:150} INFO - [2023-08-29T01:26:17.699+0000] {dag.py:2742} INFO - Sync 1 DAGs
[2023-08-29T01:26:17.732+0000] {logging_mixin.py:150} INFO - [2023-08-29T01:26:17.731+0000] {dag.py:3508} INFO - Setting next_dagrun for dags_bash_operator to 2023-08-28T00:00:00+00:00, run_after=2023-08-29T00:00:00+00:00
[2023-08-29T01:26:17.782+0000] {processor.py:179} INFO - Processing /opt/airflow/dags/dags_bash_operator.py took 0.148 seconds
[2023-08-29T01:26:48.172+0000] {processor.py:157} INFO - Started process (PID=6127) to work on /opt/airflow/dags/dags_bash_operator.py
[2023-08-29T01:26:48.174+0000] {processor.py:826} INFO - Processing file /opt/airflow/dags/dags_bash_operator.py for tasks to queue
[2023-08-29T01:26:48.175+0000] {logging_mixin.py:150} INFO - [2023-08-29T01:26:48.175+0000] {dagbag.py:541} INFO - Filling up the DagBag from /opt/airflow/dags/dags_bash_operator.py
[2023-08-29T01:26:48.223+0000] {processor.py:836} INFO - DAG(s) dict_keys(['dags_bash_operator']) retrieved from /opt/airflow/dags/dags_bash_operator.py
[2023-08-29T01:26:48.253+0000] {logging_mixin.py:150} INFO - [2023-08-29T01:26:48.252+0000] {dag.py:2742} INFO - Sync 1 DAGs
[2023-08-29T01:26:48.282+0000] {logging_mixin.py:150} INFO - [2023-08-29T01:26:48.282+0000] {dag.py:3508} INFO - Setting next_dagrun for dags_bash_operator to 2023-08-28T00:00:00+00:00, run_after=2023-08-29T00:00:00+00:00
[2023-08-29T01:26:48.329+0000] {processor.py:179} INFO - Processing /opt/airflow/dags/dags_bash_operator.py took 0.161 seconds
[2023-08-29T01:27:18.485+0000] {processor.py:157} INFO - Started process (PID=6200) to work on /opt/airflow/dags/dags_bash_operator.py
[2023-08-29T01:27:18.486+0000] {processor.py:826} INFO - Processing file /opt/airflow/dags/dags_bash_operator.py for tasks to queue
[2023-08-29T01:27:18.487+0000] {logging_mixin.py:150} INFO - [2023-08-29T01:27:18.487+0000] {dagbag.py:541} INFO - Filling up the DagBag from /opt/airflow/dags/dags_bash_operator.py
[2023-08-29T01:27:18.523+0000] {processor.py:836} INFO - DAG(s) dict_keys(['dags_bash_operator']) retrieved from /opt/airflow/dags/dags_bash_operator.py
[2023-08-29T01:27:18.551+0000] {logging_mixin.py:150} INFO - [2023-08-29T01:27:18.550+0000] {dag.py:2742} INFO - Sync 1 DAGs
[2023-08-29T01:27:18.583+0000] {logging_mixin.py:150} INFO - [2023-08-29T01:27:18.583+0000] {dag.py:3508} INFO - Setting next_dagrun for dags_bash_operator to 2023-08-28T00:00:00+00:00, run_after=2023-08-29T00:00:00+00:00
[2023-08-29T01:27:18.636+0000] {processor.py:179} INFO - Processing /opt/airflow/dags/dags_bash_operator.py took 0.155 seconds
[2023-08-29T01:27:49.548+0000] {processor.py:157} INFO - Started process (PID=6290) to work on /opt/airflow/dags/dags_bash_operator.py
[2023-08-29T01:27:49.549+0000] {processor.py:826} INFO - Processing file /opt/airflow/dags/dags_bash_operator.py for tasks to queue
[2023-08-29T01:27:49.550+0000] {logging_mixin.py:150} INFO - [2023-08-29T01:27:49.550+0000] {dagbag.py:541} INFO - Filling up the DagBag from /opt/airflow/dags/dags_bash_operator.py
[2023-08-29T01:27:49.585+0000] {processor.py:836} INFO - DAG(s) dict_keys(['dags_bash_operator']) retrieved from /opt/airflow/dags/dags_bash_operator.py
[2023-08-29T01:27:49.610+0000] {logging_mixin.py:150} INFO - [2023-08-29T01:27:49.610+0000] {dag.py:2742} INFO - Sync 1 DAGs
[2023-08-29T01:27:49.640+0000] {logging_mixin.py:150} INFO - [2023-08-29T01:27:49.639+0000] {dag.py:3508} INFO - Setting next_dagrun for dags_bash_operator to 2023-08-28T00:00:00+00:00, run_after=2023-08-29T00:00:00+00:00
[2023-08-29T01:27:49.693+0000] {processor.py:179} INFO - Processing /opt/airflow/dags/dags_bash_operator.py took 0.148 seconds
[2023-08-29T01:28:20.255+0000] {processor.py:157} INFO - Started process (PID=6380) to work on /opt/airflow/dags/dags_bash_operator.py
[2023-08-29T01:28:20.256+0000] {processor.py:826} INFO - Processing file /opt/airflow/dags/dags_bash_operator.py for tasks to queue
[2023-08-29T01:28:20.258+0000] {logging_mixin.py:150} INFO - [2023-08-29T01:28:20.257+0000] {dagbag.py:541} INFO - Filling up the DagBag from /opt/airflow/dags/dags_bash_operator.py
[2023-08-29T01:28:20.298+0000] {processor.py:836} INFO - DAG(s) dict_keys(['dags_bash_operator']) retrieved from /opt/airflow/dags/dags_bash_operator.py
[2023-08-29T01:28:20.334+0000] {logging_mixin.py:150} INFO - [2023-08-29T01:28:20.334+0000] {dag.py:2742} INFO - Sync 1 DAGs
[2023-08-29T01:28:20.369+0000] {logging_mixin.py:150} INFO - [2023-08-29T01:28:20.369+0000] {dag.py:3508} INFO - Setting next_dagrun for dags_bash_operator to 2023-08-28T00:00:00+00:00, run_after=2023-08-29T00:00:00+00:00
[2023-08-29T01:28:20.513+0000] {processor.py:179} INFO - Processing /opt/airflow/dags/dags_bash_operator.py took 0.261 seconds
[2023-08-29T01:28:50.666+0000] {processor.py:157} INFO - Started process (PID=6470) to work on /opt/airflow/dags/dags_bash_operator.py
[2023-08-29T01:28:50.667+0000] {processor.py:826} INFO - Processing file /opt/airflow/dags/dags_bash_operator.py for tasks to queue
[2023-08-29T01:28:50.669+0000] {logging_mixin.py:150} INFO - [2023-08-29T01:28:50.669+0000] {dagbag.py:541} INFO - Filling up the DagBag from /opt/airflow/dags/dags_bash_operator.py
[2023-08-29T01:28:50.707+0000] {processor.py:836} INFO - DAG(s) dict_keys(['dags_bash_operator']) retrieved from /opt/airflow/dags/dags_bash_operator.py
[2023-08-29T01:28:50.733+0000] {logging_mixin.py:150} INFO - [2023-08-29T01:28:50.733+0000] {dag.py:2742} INFO - Sync 1 DAGs
[2023-08-29T01:28:50.761+0000] {logging_mixin.py:150} INFO - [2023-08-29T01:28:50.761+0000] {dag.py:3508} INFO - Setting next_dagrun for dags_bash_operator to 2023-08-28T00:00:00+00:00, run_after=2023-08-29T00:00:00+00:00
[2023-08-29T01:28:50.827+0000] {processor.py:179} INFO - Processing /opt/airflow/dags/dags_bash_operator.py took 0.165 seconds
[2023-08-29T01:29:21.026+0000] {processor.py:157} INFO - Started process (PID=6560) to work on /opt/airflow/dags/dags_bash_operator.py
[2023-08-29T01:29:21.027+0000] {processor.py:826} INFO - Processing file /opt/airflow/dags/dags_bash_operator.py for tasks to queue
[2023-08-29T01:29:21.028+0000] {logging_mixin.py:150} INFO - [2023-08-29T01:29:21.028+0000] {dagbag.py:541} INFO - Filling up the DagBag from /opt/airflow/dags/dags_bash_operator.py
[2023-08-29T01:29:21.060+0000] {processor.py:836} INFO - DAG(s) dict_keys(['dags_bash_operator']) retrieved from /opt/airflow/dags/dags_bash_operator.py
[2023-08-29T01:29:21.087+0000] {logging_mixin.py:150} INFO - [2023-08-29T01:29:21.087+0000] {dag.py:2742} INFO - Sync 1 DAGs
[2023-08-29T01:29:21.114+0000] {logging_mixin.py:150} INFO - [2023-08-29T01:29:21.113+0000] {dag.py:3508} INFO - Setting next_dagrun for dags_bash_operator to 2023-08-28T00:00:00+00:00, run_after=2023-08-29T00:00:00+00:00
[2023-08-29T01:29:21.164+0000] {processor.py:179} INFO - Processing /opt/airflow/dags/dags_bash_operator.py took 0.141 seconds
[2023-08-29T01:29:51.627+0000] {processor.py:157} INFO - Started process (PID=6650) to work on /opt/airflow/dags/dags_bash_operator.py
[2023-08-29T01:29:51.628+0000] {processor.py:826} INFO - Processing file /opt/airflow/dags/dags_bash_operator.py for tasks to queue
[2023-08-29T01:29:51.629+0000] {logging_mixin.py:150} INFO - [2023-08-29T01:29:51.629+0000] {dagbag.py:541} INFO - Filling up the DagBag from /opt/airflow/dags/dags_bash_operator.py
[2023-08-29T01:29:51.661+0000] {processor.py:836} INFO - DAG(s) dict_keys(['dags_bash_operator']) retrieved from /opt/airflow/dags/dags_bash_operator.py
[2023-08-29T01:29:51.688+0000] {logging_mixin.py:150} INFO - [2023-08-29T01:29:51.687+0000] {dag.py:2742} INFO - Sync 1 DAGs
[2023-08-29T01:29:51.723+0000] {logging_mixin.py:150} INFO - [2023-08-29T01:29:51.723+0000] {dag.py:3508} INFO - Setting next_dagrun for dags_bash_operator to 2023-08-28T00:00:00+00:00, run_after=2023-08-29T00:00:00+00:00
[2023-08-29T01:29:51.849+0000] {processor.py:179} INFO - Processing /opt/airflow/dags/dags_bash_operator.py took 0.225 seconds
