[2023-09-30T07:47:59.196+0000] {logging_mixin.py:150} INFO - Changing /opt/***/logs/dag_id=dags_python_show_templates/run_id=scheduled__2023-09-07T09:30:00+00:00/task_id=python_task permission to 509
[2023-09-30T07:47:59.200+0000] {logging_mixin.py:150} INFO - Failed to change /opt/***/logs/dag_id=dags_python_show_templates/run_id=scheduled__2023-09-07T09:30:00+00:00/task_id=python_task permission to 509: [Errno 1] Operation not permitted: '/opt/***/logs/dag_id=dags_python_show_templates/run_id=scheduled__2023-09-07T09:30:00+00:00/task_id=python_task'
[2023-09-30T07:47:59.328+0000] {logging_mixin.py:150} INFO - Changing /opt/***/logs/dag_id=dags_python_show_templates/run_id=scheduled__2023-09-07T09:30:00+00:00/task_id=python_task permission to 509
[2023-09-30T07:47:59.334+0000] {logging_mixin.py:150} INFO - Failed to change /opt/***/logs/dag_id=dags_python_show_templates/run_id=scheduled__2023-09-07T09:30:00+00:00/task_id=python_task permission to 509: [Errno 1] Operation not permitted: '/opt/***/logs/dag_id=dags_python_show_templates/run_id=scheduled__2023-09-07T09:30:00+00:00/task_id=python_task'
[2023-09-30T07:47:59.636+0000] {taskinstance.py:1103} INFO - Dependencies all met for dep_context=non-requeueable deps ti=<TaskInstance: dags_python_show_templates.python_task scheduled__2023-09-07T09:30:00+00:00 [queued]>
[2023-09-30T07:47:59.652+0000] {taskinstance.py:1103} INFO - Dependencies all met for dep_context=requeueable deps ti=<TaskInstance: dags_python_show_templates.python_task scheduled__2023-09-07T09:30:00+00:00 [queued]>
[2023-09-30T07:47:59.653+0000] {taskinstance.py:1308} INFO - Starting attempt 1 of 1
[2023-09-30T07:47:59.758+0000] {taskinstance.py:1327} INFO - Executing <Task(_PythonDecoratedOperator): python_task> on 2023-09-07 09:30:00+00:00
[2023-09-30T07:47:59.766+0000] {standard_task_runner.py:57} INFO - Started process 204 to run task
[2023-09-30T07:47:59.770+0000] {standard_task_runner.py:84} INFO - Running: ['***', 'tasks', 'run', 'dags_python_show_templates', 'python_task', 'scheduled__2023-09-07T09:30:00+00:00', '--job-id', '271', '--raw', '--subdir', 'DAGS_FOLDER/dags_python_show_templates.py', '--cfg-path', '/tmp/tmp0farl6lh']
[2023-09-30T07:47:59.774+0000] {standard_task_runner.py:85} INFO - Job 271: Subtask python_task
[2023-09-30T07:47:59.927+0000] {logging_mixin.py:150} INFO - Changing /opt/***/logs/dag_id=dags_python_show_templates/run_id=scheduled__2023-09-07T09:30:00+00:00/task_id=python_task permission to 509
[2023-09-30T07:47:59.927+0000] {logging_mixin.py:150} INFO - Failed to change /opt/***/logs/dag_id=dags_python_show_templates/run_id=scheduled__2023-09-07T09:30:00+00:00/task_id=python_task permission to 509: [Errno 1] Operation not permitted: '/opt/***/logs/dag_id=dags_python_show_templates/run_id=scheduled__2023-09-07T09:30:00+00:00/task_id=python_task'
[2023-09-30T07:47:59.932+0000] {task_command.py:410} INFO - Running <TaskInstance: dags_python_show_templates.python_task scheduled__2023-09-07T09:30:00+00:00 [running]> on host 07fcf706bef2
[2023-09-30T07:48:00.242+0000] {taskinstance.py:1547} INFO - Exporting env vars: AIRFLOW_CTX_DAG_OWNER='***' AIRFLOW_CTX_DAG_ID='dags_python_show_templates' AIRFLOW_CTX_TASK_ID='python_task' AIRFLOW_CTX_EXECUTION_DATE='2023-09-07T09:30:00+00:00' AIRFLOW_CTX_TRY_NUMBER='1' AIRFLOW_CTX_DAG_RUN_ID='scheduled__2023-09-07T09:30:00+00:00'
[2023-09-30T07:48:00.246+0000] {warnings.py:110} WARNING - /home/***/.local/lib/python3.7/site-packages/***/utils/context.py:313: AirflowContextDeprecationWarning: Accessing 'execution_date' from the template is deprecated and will be removed in a future version. Please use 'data_interval_start' or 'logical_date' instead.
  warnings.warn(_create_deprecation_warning(k, replacements))

[2023-09-30T07:48:00.247+0000] {warnings.py:110} WARNING - /home/***/.local/lib/python3.7/site-packages/***/utils/context.py:313: AirflowContextDeprecationWarning: Accessing 'next_ds' from the template is deprecated and will be removed in a future version. Please use '{{ data_interval_end | ds }}' instead.
  warnings.warn(_create_deprecation_warning(k, replacements))

[2023-09-30T07:48:00.248+0000] {warnings.py:110} WARNING - /home/***/.local/lib/python3.7/site-packages/***/utils/context.py:313: AirflowContextDeprecationWarning: Accessing 'next_ds_nodash' from the template is deprecated and will be removed in a future version. Please use '{{ data_interval_end | ds_nodash }}' instead.
  warnings.warn(_create_deprecation_warning(k, replacements))

[2023-09-30T07:48:00.249+0000] {warnings.py:110} WARNING - /home/***/.local/lib/python3.7/site-packages/***/utils/context.py:313: AirflowContextDeprecationWarning: Accessing 'next_execution_date' from the template is deprecated and will be removed in a future version. Please use 'data_interval_end' instead.
  warnings.warn(_create_deprecation_warning(k, replacements))

[2023-09-30T07:48:00.250+0000] {warnings.py:110} WARNING - /home/***/.local/lib/python3.7/site-packages/***/utils/context.py:313: AirflowContextDeprecationWarning: Accessing 'prev_ds' from the template is deprecated and will be removed in a future version.
  warnings.warn(_create_deprecation_warning(k, replacements))

[2023-09-30T07:48:00.251+0000] {warnings.py:110} WARNING - /home/***/.local/lib/python3.7/site-packages/***/utils/context.py:313: AirflowContextDeprecationWarning: Accessing 'prev_ds_nodash' from the template is deprecated and will be removed in a future version.
  warnings.warn(_create_deprecation_warning(k, replacements))

[2023-09-30T07:48:00.252+0000] {warnings.py:110} WARNING - /home/***/.local/lib/python3.7/site-packages/***/utils/context.py:313: AirflowContextDeprecationWarning: Accessing 'prev_execution_date' from the template is deprecated and will be removed in a future version.
  warnings.warn(_create_deprecation_warning(k, replacements))

[2023-09-30T07:48:00.253+0000] {warnings.py:110} WARNING - /home/***/.local/lib/python3.7/site-packages/***/utils/context.py:313: AirflowContextDeprecationWarning: Accessing 'prev_execution_date_success' from the template is deprecated and will be removed in a future version. Please use 'prev_data_interval_start_success' instead.
  warnings.warn(_create_deprecation_warning(k, replacements))

[2023-09-30T07:48:00.254+0000] {warnings.py:110} WARNING - /home/***/.local/lib/python3.7/site-packages/***/utils/context.py:313: AirflowContextDeprecationWarning: Accessing 'tomorrow_ds' from the template is deprecated and will be removed in a future version.
  warnings.warn(_create_deprecation_warning(k, replacements))

[2023-09-30T07:48:00.254+0000] {warnings.py:110} WARNING - /home/***/.local/lib/python3.7/site-packages/***/utils/context.py:313: AirflowContextDeprecationWarning: Accessing 'tomorrow_ds_nodash' from the template is deprecated and will be removed in a future version.
  warnings.warn(_create_deprecation_warning(k, replacements))

[2023-09-30T07:48:00.267+0000] {warnings.py:110} WARNING - /home/***/.local/lib/python3.7/site-packages/***/utils/context.py:313: AirflowContextDeprecationWarning: Accessing 'yesterday_ds' from the template is deprecated and will be removed in a future version.
  warnings.warn(_create_deprecation_warning(k, replacements))

[2023-09-30T07:48:00.268+0000] {warnings.py:110} WARNING - /home/***/.local/lib/python3.7/site-packages/***/utils/context.py:313: AirflowContextDeprecationWarning: Accessing 'yesterday_ds_nodash' from the template is deprecated and will be removed in a future version.
  warnings.warn(_create_deprecation_warning(k, replacements))

[2023-09-30T07:48:00.269+0000] {logging_mixin.py:150} INFO - {'conf': <***.configuration.AirflowConfigParser object at 0x7fb892775dd0>,
 'conn': None,
 'dag': <DAG: dags_python_show_templates>,
 'dag_run': <DagRun dags_python_show_templates @ 2023-09-07 09:30:00+00:00: scheduled__2023-09-07T09:30:00+00:00, state:running, queued_at: 2023-09-30 07:47:46.108724+00:00. externally triggered: False>,
 'data_interval_end': DateTime(2023, 9, 8, 9, 30, 0, tzinfo=Timezone('UTC')),
 'data_interval_start': DateTime(2023, 9, 7, 9, 30, 0, tzinfo=Timezone('UTC')),
 'ds': '2023-09-07',
 'ds_nodash': '20230907',
 'execution_date': <Proxy at 0x7fb87408dbe0 with factory functools.partial(<function lazy_mapping_from_context.<locals>._deprecated_proxy_factory at 0x7fb8740cbdd0>, 'execution_date', DateTime(2023, 9, 7, 9, 30, 0, tzinfo=Timezone('UTC')))>,
 'expanded_ti_count': None,
 'inlets': [],
 'logical_date': DateTime(2023, 9, 7, 9, 30, 0, tzinfo=Timezone('UTC')),
 'macros': <module '***.macros' from '/home/***/.local/lib/python3.7/site-packages/***/macros/__init__.py'>,
 'next_ds': <Proxy at 0x7fb87408dc80 with factory functools.partial(<function lazy_mapping_from_context.<locals>._deprecated_proxy_factory at 0x7fb8740cbdd0>, 'next_ds', '2023-09-08')>,
 'next_ds_nodash': <Proxy at 0x7fb87408dcd0 with factory functools.partial(<function lazy_mapping_from_context.<locals>._deprecated_proxy_factory at 0x7fb8740cbdd0>, 'next_ds_nodash', '20230908')>,
 'next_execution_date': <Proxy at 0x7fb87408dd70 with factory functools.partial(<function lazy_mapping_from_context.<locals>._deprecated_proxy_factory at 0x7fb8740cbdd0>, 'next_execution_date', DateTime(2023, 9, 8, 9, 30, 0, tzinfo=Timezone('UTC')))>,
 'outlets': [],
 'params': {},
 'prev_data_interval_end_success': DateTime(2023, 9, 6, 9, 30, 0, tzinfo=Timezone('UTC')),
 'prev_data_interval_start_success': DateTime(2023, 9, 5, 9, 30, 0, tzinfo=Timezone('UTC')),
 'prev_ds': <Proxy at 0x7fb87408ddc0 with factory functools.partial(<function lazy_mapping_from_context.<locals>._deprecated_proxy_factory at 0x7fb8740cbdd0>, 'prev_ds', '2023-09-06')>,
 'prev_ds_nodash': <Proxy at 0x7fb87408de10 with factory functools.partial(<function lazy_mapping_from_context.<locals>._deprecated_proxy_factory at 0x7fb8740cbdd0>, 'prev_ds_nodash', '20230906')>,
 'prev_execution_date': <Proxy at 0x7fb87408de60 with factory functools.partial(<function lazy_mapping_from_context.<locals>._deprecated_proxy_factory at 0x7fb8740cbdd0>, 'prev_execution_date', DateTime(2023, 9, 6, 9, 30, 0, tzinfo=Timezone('UTC')))>,
 'prev_execution_date_success': <Proxy at 0x7fb87408deb0 with factory functools.partial(<function lazy_mapping_from_context.<locals>._deprecated_proxy_factory at 0x7fb8740cbdd0>, 'prev_execution_date_success', DateTime(2023, 9, 5, 9, 30, 0, tzinfo=Timezone('UTC')))>,
 'prev_start_date_success': DateTime(2023, 9, 30, 7, 47, 45, 411916, tzinfo=Timezone('UTC')),
 'run_id': 'scheduled__2023-09-07T09:30:00+00:00',
 'task': <Task(_PythonDecoratedOperator): python_task>,
 'task_instance': <TaskInstance: dags_python_show_templates.python_task scheduled__2023-09-07T09:30:00+00:00 [running]>,
 'task_instance_key_str': 'dags_python_show_templates__python_task__20230907',
 'templates_dict': None,
 'test_mode': False,
 'ti': <TaskInstance: dags_python_show_templates.python_task scheduled__2023-09-07T09:30:00+00:00 [running]>,
 'tomorrow_ds': <Proxy at 0x7fb87408df00 with factory functools.partial(<function lazy_mapping_from_context.<locals>._deprecated_proxy_factory at 0x7fb8740cbdd0>, 'tomorrow_ds', '2023-09-08')>,
 'tomorrow_ds_nodash': <Proxy at 0x7fb87408df50 with factory functools.partial(<function lazy_mapping_from_context.<locals>._deprecated_proxy_factory at 0x7fb8740cbdd0>, 'tomorrow_ds_nodash', '20230908')>,
 'triggering_dataset_events': {},
 'ts': '2023-09-07T09:30:00+00:00',
 'ts_nodash': '20230907T093000',
 'ts_nodash_with_tz': '20230907T093000+0000',
 'var': {'json': None, 'value': None},
 'yesterday_ds': <Proxy at 0x7fb87408dfa0 with factory functools.partial(<function lazy_mapping_from_context.<locals>._deprecated_proxy_factory at 0x7fb8740cbdd0>, 'yesterday_ds', '2023-09-06')>,
 'yesterday_ds_nodash': <Proxy at 0x7fb874095050 with factory functools.partial(<function lazy_mapping_from_context.<locals>._deprecated_proxy_factory at 0x7fb8740cbdd0>, 'yesterday_ds_nodash', '20230906')>}
[2023-09-30T07:48:00.269+0000] {python.py:183} INFO - Done. Returned value was: None
[2023-09-30T07:48:00.281+0000] {taskinstance.py:1350} INFO - Marking task as SUCCESS. dag_id=dags_python_show_templates, task_id=python_task, execution_date=20230907T093000, start_date=20230930T074759, end_date=20230930T074800
[2023-09-30T07:48:00.384+0000] {local_task_job_runner.py:225} INFO - Task exited with return code 0
[2023-09-30T07:48:00.405+0000] {taskinstance.py:2653} INFO - 0 downstream tasks scheduled from follow-on schedule check
