[2023-08-18T01:47:14.596+0000] {processor.py:157} INFO - Started process (PID=69) to work on /home/airflow/.local/lib/python3.7/site-packages/airflow/example_dags/example_params_ui_tutorial.py
[2023-08-18T01:47:14.597+0000] {processor.py:826} INFO - Processing file /home/airflow/.local/lib/python3.7/site-packages/airflow/example_dags/example_params_ui_tutorial.py for tasks to queue
[2023-08-18T01:47:14.598+0000] {logging_mixin.py:150} INFO - [2023-08-18T01:47:14.598+0000] {dagbag.py:541} INFO - Filling up the DagBag from /home/airflow/.local/lib/python3.7/site-packages/airflow/example_dags/example_params_ui_tutorial.py
[2023-08-18T01:47:14.644+0000] {processor.py:836} INFO - DAG(s) dict_keys(['example_params_ui_tutorial']) retrieved from /home/airflow/.local/lib/python3.7/site-packages/airflow/example_dags/example_params_ui_tutorial.py
[2023-08-18T01:47:14.659+0000] {logging_mixin.py:150} INFO - [2023-08-18T01:47:14.659+0000] {dag.py:2742} INFO - Sync 1 DAGs
[2023-08-18T01:47:14.694+0000] {logging_mixin.py:150} INFO - [2023-08-18T01:47:14.694+0000] {dag.py:3508} INFO - Setting next_dagrun for example_params_ui_tutorial to None, run_after=None
[2023-08-18T01:47:14.737+0000] {processor.py:179} INFO - Processing /home/airflow/.local/lib/python3.7/site-packages/airflow/example_dags/example_params_ui_tutorial.py took 0.144 seconds
[2023-08-18T01:47:45.172+0000] {processor.py:157} INFO - Started process (PID=138) to work on /home/airflow/.local/lib/python3.7/site-packages/airflow/example_dags/example_params_ui_tutorial.py
[2023-08-18T01:47:45.173+0000] {processor.py:826} INFO - Processing file /home/airflow/.local/lib/python3.7/site-packages/airflow/example_dags/example_params_ui_tutorial.py for tasks to queue
[2023-08-18T01:47:45.174+0000] {logging_mixin.py:150} INFO - [2023-08-18T01:47:45.174+0000] {dagbag.py:541} INFO - Filling up the DagBag from /home/airflow/.local/lib/python3.7/site-packages/airflow/example_dags/example_params_ui_tutorial.py
[2023-08-18T01:47:45.220+0000] {processor.py:836} INFO - DAG(s) dict_keys(['example_params_ui_tutorial']) retrieved from /home/airflow/.local/lib/python3.7/site-packages/airflow/example_dags/example_params_ui_tutorial.py
[2023-08-18T01:47:45.292+0000] {logging_mixin.py:150} INFO - [2023-08-18T01:47:45.292+0000] {dag.py:2742} INFO - Sync 1 DAGs
[2023-08-18T01:47:45.318+0000] {logging_mixin.py:150} INFO - [2023-08-18T01:47:45.318+0000] {dag.py:3508} INFO - Setting next_dagrun for example_params_ui_tutorial to None, run_after=None
[2023-08-18T01:47:45.373+0000] {processor.py:179} INFO - Processing /home/airflow/.local/lib/python3.7/site-packages/airflow/example_dags/example_params_ui_tutorial.py took 0.203 seconds
[2023-08-18T01:48:15.889+0000] {processor.py:157} INFO - Started process (PID=207) to work on /home/airflow/.local/lib/python3.7/site-packages/airflow/example_dags/example_params_ui_tutorial.py
[2023-08-18T01:48:15.890+0000] {processor.py:826} INFO - Processing file /home/airflow/.local/lib/python3.7/site-packages/airflow/example_dags/example_params_ui_tutorial.py for tasks to queue
[2023-08-18T01:48:15.891+0000] {logging_mixin.py:150} INFO - [2023-08-18T01:48:15.891+0000] {dagbag.py:541} INFO - Filling up the DagBag from /home/airflow/.local/lib/python3.7/site-packages/airflow/example_dags/example_params_ui_tutorial.py
[2023-08-18T01:48:15.934+0000] {processor.py:836} INFO - DAG(s) dict_keys(['example_params_ui_tutorial']) retrieved from /home/airflow/.local/lib/python3.7/site-packages/airflow/example_dags/example_params_ui_tutorial.py
[2023-08-18T01:48:16.009+0000] {logging_mixin.py:150} INFO - [2023-08-18T01:48:16.008+0000] {dag.py:2742} INFO - Sync 1 DAGs
[2023-08-18T01:48:16.033+0000] {logging_mixin.py:150} INFO - [2023-08-18T01:48:16.033+0000] {dag.py:3508} INFO - Setting next_dagrun for example_params_ui_tutorial to None, run_after=None
[2023-08-18T01:48:16.070+0000] {processor.py:179} INFO - Processing /home/airflow/.local/lib/python3.7/site-packages/airflow/example_dags/example_params_ui_tutorial.py took 0.185 seconds
[2023-08-18T01:48:46.241+0000] {processor.py:157} INFO - Started process (PID=276) to work on /home/airflow/.local/lib/python3.7/site-packages/airflow/example_dags/example_params_ui_tutorial.py
[2023-08-18T01:48:46.242+0000] {processor.py:826} INFO - Processing file /home/airflow/.local/lib/python3.7/site-packages/airflow/example_dags/example_params_ui_tutorial.py for tasks to queue
[2023-08-18T01:48:46.243+0000] {logging_mixin.py:150} INFO - [2023-08-18T01:48:46.243+0000] {dagbag.py:541} INFO - Filling up the DagBag from /home/airflow/.local/lib/python3.7/site-packages/airflow/example_dags/example_params_ui_tutorial.py
[2023-08-18T01:48:46.284+0000] {processor.py:836} INFO - DAG(s) dict_keys(['example_params_ui_tutorial']) retrieved from /home/airflow/.local/lib/python3.7/site-packages/airflow/example_dags/example_params_ui_tutorial.py
[2023-08-18T01:48:46.355+0000] {logging_mixin.py:150} INFO - [2023-08-18T01:48:46.354+0000] {dag.py:2742} INFO - Sync 1 DAGs
[2023-08-18T01:48:46.379+0000] {logging_mixin.py:150} INFO - [2023-08-18T01:48:46.379+0000] {dag.py:3508} INFO - Setting next_dagrun for example_params_ui_tutorial to None, run_after=None
[2023-08-18T01:48:46.449+0000] {processor.py:179} INFO - Processing /home/airflow/.local/lib/python3.7/site-packages/airflow/example_dags/example_params_ui_tutorial.py took 0.211 seconds
[2023-08-18T01:49:16.765+0000] {processor.py:157} INFO - Started process (PID=345) to work on /home/airflow/.local/lib/python3.7/site-packages/airflow/example_dags/example_params_ui_tutorial.py
[2023-08-18T01:49:16.766+0000] {processor.py:826} INFO - Processing file /home/airflow/.local/lib/python3.7/site-packages/airflow/example_dags/example_params_ui_tutorial.py for tasks to queue
[2023-08-18T01:49:16.768+0000] {logging_mixin.py:150} INFO - [2023-08-18T01:49:16.768+0000] {dagbag.py:541} INFO - Filling up the DagBag from /home/airflow/.local/lib/python3.7/site-packages/airflow/example_dags/example_params_ui_tutorial.py
[2023-08-18T01:49:16.828+0000] {processor.py:836} INFO - DAG(s) dict_keys(['example_params_ui_tutorial']) retrieved from /home/airflow/.local/lib/python3.7/site-packages/airflow/example_dags/example_params_ui_tutorial.py
[2023-08-18T01:49:16.906+0000] {logging_mixin.py:150} INFO - [2023-08-18T01:49:16.906+0000] {dag.py:2742} INFO - Sync 1 DAGs
[2023-08-18T01:49:16.932+0000] {logging_mixin.py:150} INFO - [2023-08-18T01:49:16.931+0000] {dag.py:3508} INFO - Setting next_dagrun for example_params_ui_tutorial to None, run_after=None
[2023-08-18T01:49:16.968+0000] {processor.py:179} INFO - Processing /home/airflow/.local/lib/python3.7/site-packages/airflow/example_dags/example_params_ui_tutorial.py took 0.206 seconds
[2023-08-18T01:49:47.323+0000] {processor.py:157} INFO - Started process (PID=414) to work on /home/airflow/.local/lib/python3.7/site-packages/airflow/example_dags/example_params_ui_tutorial.py
[2023-08-18T01:49:47.324+0000] {processor.py:826} INFO - Processing file /home/airflow/.local/lib/python3.7/site-packages/airflow/example_dags/example_params_ui_tutorial.py for tasks to queue
[2023-08-18T01:49:47.325+0000] {logging_mixin.py:150} INFO - [2023-08-18T01:49:47.325+0000] {dagbag.py:541} INFO - Filling up the DagBag from /home/airflow/.local/lib/python3.7/site-packages/airflow/example_dags/example_params_ui_tutorial.py
[2023-08-18T01:49:47.372+0000] {processor.py:836} INFO - DAG(s) dict_keys(['example_params_ui_tutorial']) retrieved from /home/airflow/.local/lib/python3.7/site-packages/airflow/example_dags/example_params_ui_tutorial.py
[2023-08-18T01:49:47.440+0000] {logging_mixin.py:150} INFO - [2023-08-18T01:49:47.439+0000] {dag.py:2742} INFO - Sync 1 DAGs
[2023-08-18T01:49:47.466+0000] {logging_mixin.py:150} INFO - [2023-08-18T01:49:47.466+0000] {dag.py:3508} INFO - Setting next_dagrun for example_params_ui_tutorial to None, run_after=None
[2023-08-18T01:49:47.506+0000] {processor.py:179} INFO - Processing /home/airflow/.local/lib/python3.7/site-packages/airflow/example_dags/example_params_ui_tutorial.py took 0.185 seconds
[2023-08-18T01:50:17.844+0000] {processor.py:157} INFO - Started process (PID=483) to work on /home/airflow/.local/lib/python3.7/site-packages/airflow/example_dags/example_params_ui_tutorial.py
[2023-08-18T01:50:17.845+0000] {processor.py:826} INFO - Processing file /home/airflow/.local/lib/python3.7/site-packages/airflow/example_dags/example_params_ui_tutorial.py for tasks to queue
[2023-08-18T01:50:17.846+0000] {logging_mixin.py:150} INFO - [2023-08-18T01:50:17.846+0000] {dagbag.py:541} INFO - Filling up the DagBag from /home/airflow/.local/lib/python3.7/site-packages/airflow/example_dags/example_params_ui_tutorial.py
[2023-08-18T01:50:17.888+0000] {processor.py:836} INFO - DAG(s) dict_keys(['example_params_ui_tutorial']) retrieved from /home/airflow/.local/lib/python3.7/site-packages/airflow/example_dags/example_params_ui_tutorial.py
[2023-08-18T01:50:17.958+0000] {logging_mixin.py:150} INFO - [2023-08-18T01:50:17.958+0000] {dag.py:2742} INFO - Sync 1 DAGs
[2023-08-18T01:50:17.985+0000] {logging_mixin.py:150} INFO - [2023-08-18T01:50:17.984+0000] {dag.py:3508} INFO - Setting next_dagrun for example_params_ui_tutorial to None, run_after=None
[2023-08-18T01:50:18.023+0000] {processor.py:179} INFO - Processing /home/airflow/.local/lib/python3.7/site-packages/airflow/example_dags/example_params_ui_tutorial.py took 0.182 seconds
[2023-08-18T01:50:48.314+0000] {processor.py:157} INFO - Started process (PID=552) to work on /home/airflow/.local/lib/python3.7/site-packages/airflow/example_dags/example_params_ui_tutorial.py
[2023-08-18T01:50:48.315+0000] {processor.py:826} INFO - Processing file /home/airflow/.local/lib/python3.7/site-packages/airflow/example_dags/example_params_ui_tutorial.py for tasks to queue
[2023-08-18T01:50:48.316+0000] {logging_mixin.py:150} INFO - [2023-08-18T01:50:48.316+0000] {dagbag.py:541} INFO - Filling up the DagBag from /home/airflow/.local/lib/python3.7/site-packages/airflow/example_dags/example_params_ui_tutorial.py
[2023-08-18T01:50:48.362+0000] {processor.py:836} INFO - DAG(s) dict_keys(['example_params_ui_tutorial']) retrieved from /home/airflow/.local/lib/python3.7/site-packages/airflow/example_dags/example_params_ui_tutorial.py
[2023-08-18T01:50:48.435+0000] {logging_mixin.py:150} INFO - [2023-08-18T01:50:48.435+0000] {dag.py:2742} INFO - Sync 1 DAGs
[2023-08-18T01:50:48.466+0000] {logging_mixin.py:150} INFO - [2023-08-18T01:50:48.465+0000] {dag.py:3508} INFO - Setting next_dagrun for example_params_ui_tutorial to None, run_after=None
[2023-08-18T01:50:48.550+0000] {processor.py:179} INFO - Processing /home/airflow/.local/lib/python3.7/site-packages/airflow/example_dags/example_params_ui_tutorial.py took 0.240 seconds
[2023-08-18T01:51:18.693+0000] {processor.py:157} INFO - Started process (PID=621) to work on /home/airflow/.local/lib/python3.7/site-packages/airflow/example_dags/example_params_ui_tutorial.py
[2023-08-18T01:51:18.694+0000] {processor.py:826} INFO - Processing file /home/airflow/.local/lib/python3.7/site-packages/airflow/example_dags/example_params_ui_tutorial.py for tasks to queue
[2023-08-18T01:51:18.695+0000] {logging_mixin.py:150} INFO - [2023-08-18T01:51:18.695+0000] {dagbag.py:541} INFO - Filling up the DagBag from /home/airflow/.local/lib/python3.7/site-packages/airflow/example_dags/example_params_ui_tutorial.py
[2023-08-18T01:51:18.739+0000] {processor.py:836} INFO - DAG(s) dict_keys(['example_params_ui_tutorial']) retrieved from /home/airflow/.local/lib/python3.7/site-packages/airflow/example_dags/example_params_ui_tutorial.py
[2023-08-18T01:51:18.812+0000] {logging_mixin.py:150} INFO - [2023-08-18T01:51:18.812+0000] {dag.py:2742} INFO - Sync 1 DAGs
[2023-08-18T01:51:18.841+0000] {logging_mixin.py:150} INFO - [2023-08-18T01:51:18.841+0000] {dag.py:3508} INFO - Setting next_dagrun for example_params_ui_tutorial to None, run_after=None
[2023-08-18T01:51:18.879+0000] {processor.py:179} INFO - Processing /home/airflow/.local/lib/python3.7/site-packages/airflow/example_dags/example_params_ui_tutorial.py took 0.189 seconds
[2023-08-18T01:51:49.266+0000] {processor.py:157} INFO - Started process (PID=690) to work on /home/airflow/.local/lib/python3.7/site-packages/airflow/example_dags/example_params_ui_tutorial.py
[2023-08-18T01:51:49.267+0000] {processor.py:826} INFO - Processing file /home/airflow/.local/lib/python3.7/site-packages/airflow/example_dags/example_params_ui_tutorial.py for tasks to queue
[2023-08-18T01:51:49.268+0000] {logging_mixin.py:150} INFO - [2023-08-18T01:51:49.268+0000] {dagbag.py:541} INFO - Filling up the DagBag from /home/airflow/.local/lib/python3.7/site-packages/airflow/example_dags/example_params_ui_tutorial.py
[2023-08-18T01:51:49.320+0000] {processor.py:836} INFO - DAG(s) dict_keys(['example_params_ui_tutorial']) retrieved from /home/airflow/.local/lib/python3.7/site-packages/airflow/example_dags/example_params_ui_tutorial.py
[2023-08-18T01:51:49.404+0000] {logging_mixin.py:150} INFO - [2023-08-18T01:51:49.404+0000] {dag.py:2742} INFO - Sync 1 DAGs
[2023-08-18T01:51:49.440+0000] {logging_mixin.py:150} INFO - [2023-08-18T01:51:49.440+0000] {dag.py:3508} INFO - Setting next_dagrun for example_params_ui_tutorial to None, run_after=None
[2023-08-18T01:51:49.494+0000] {processor.py:179} INFO - Processing /home/airflow/.local/lib/python3.7/site-packages/airflow/example_dags/example_params_ui_tutorial.py took 0.232 seconds
[2023-08-18T01:52:19.608+0000] {processor.py:157} INFO - Started process (PID=759) to work on /home/airflow/.local/lib/python3.7/site-packages/airflow/example_dags/example_params_ui_tutorial.py
[2023-08-18T01:52:19.609+0000] {processor.py:826} INFO - Processing file /home/airflow/.local/lib/python3.7/site-packages/airflow/example_dags/example_params_ui_tutorial.py for tasks to queue
[2023-08-18T01:52:19.611+0000] {logging_mixin.py:150} INFO - [2023-08-18T01:52:19.610+0000] {dagbag.py:541} INFO - Filling up the DagBag from /home/airflow/.local/lib/python3.7/site-packages/airflow/example_dags/example_params_ui_tutorial.py
[2023-08-18T01:52:19.665+0000] {processor.py:836} INFO - DAG(s) dict_keys(['example_params_ui_tutorial']) retrieved from /home/airflow/.local/lib/python3.7/site-packages/airflow/example_dags/example_params_ui_tutorial.py
[2023-08-18T01:52:19.747+0000] {logging_mixin.py:150} INFO - [2023-08-18T01:52:19.747+0000] {dag.py:2742} INFO - Sync 1 DAGs
[2023-08-18T01:52:19.775+0000] {logging_mixin.py:150} INFO - [2023-08-18T01:52:19.774+0000] {dag.py:3508} INFO - Setting next_dagrun for example_params_ui_tutorial to None, run_after=None
[2023-08-18T01:52:19.812+0000] {processor.py:179} INFO - Processing /home/airflow/.local/lib/python3.7/site-packages/airflow/example_dags/example_params_ui_tutorial.py took 0.206 seconds
[2023-08-18T01:52:50.925+0000] {processor.py:157} INFO - Started process (PID=829) to work on /home/airflow/.local/lib/python3.7/site-packages/airflow/example_dags/example_params_ui_tutorial.py
[2023-08-18T01:52:50.926+0000] {processor.py:826} INFO - Processing file /home/airflow/.local/lib/python3.7/site-packages/airflow/example_dags/example_params_ui_tutorial.py for tasks to queue
[2023-08-18T01:52:50.927+0000] {logging_mixin.py:150} INFO - [2023-08-18T01:52:50.927+0000] {dagbag.py:541} INFO - Filling up the DagBag from /home/airflow/.local/lib/python3.7/site-packages/airflow/example_dags/example_params_ui_tutorial.py
[2023-08-18T01:52:50.972+0000] {processor.py:836} INFO - DAG(s) dict_keys(['example_params_ui_tutorial']) retrieved from /home/airflow/.local/lib/python3.7/site-packages/airflow/example_dags/example_params_ui_tutorial.py
[2023-08-18T01:52:51.048+0000] {logging_mixin.py:150} INFO - [2023-08-18T01:52:51.048+0000] {dag.py:2742} INFO - Sync 1 DAGs
[2023-08-18T01:52:51.075+0000] {logging_mixin.py:150} INFO - [2023-08-18T01:52:51.075+0000] {dag.py:3508} INFO - Setting next_dagrun for example_params_ui_tutorial to None, run_after=None
[2023-08-18T01:52:51.114+0000] {processor.py:179} INFO - Processing /home/airflow/.local/lib/python3.7/site-packages/airflow/example_dags/example_params_ui_tutorial.py took 0.191 seconds
[2023-08-18T01:53:21.294+0000] {processor.py:157} INFO - Started process (PID=898) to work on /home/airflow/.local/lib/python3.7/site-packages/airflow/example_dags/example_params_ui_tutorial.py
[2023-08-18T01:53:21.295+0000] {processor.py:826} INFO - Processing file /home/airflow/.local/lib/python3.7/site-packages/airflow/example_dags/example_params_ui_tutorial.py for tasks to queue
[2023-08-18T01:53:21.296+0000] {logging_mixin.py:150} INFO - [2023-08-18T01:53:21.295+0000] {dagbag.py:541} INFO - Filling up the DagBag from /home/airflow/.local/lib/python3.7/site-packages/airflow/example_dags/example_params_ui_tutorial.py
[2023-08-18T01:53:21.339+0000] {processor.py:836} INFO - DAG(s) dict_keys(['example_params_ui_tutorial']) retrieved from /home/airflow/.local/lib/python3.7/site-packages/airflow/example_dags/example_params_ui_tutorial.py
[2023-08-18T01:53:21.407+0000] {logging_mixin.py:150} INFO - [2023-08-18T01:53:21.407+0000] {dag.py:2742} INFO - Sync 1 DAGs
[2023-08-18T01:53:21.433+0000] {logging_mixin.py:150} INFO - [2023-08-18T01:53:21.433+0000] {dag.py:3508} INFO - Setting next_dagrun for example_params_ui_tutorial to None, run_after=None
[2023-08-18T01:53:21.471+0000] {processor.py:179} INFO - Processing /home/airflow/.local/lib/python3.7/site-packages/airflow/example_dags/example_params_ui_tutorial.py took 0.180 seconds
