[2023-08-18T01:47:12.860+0000] {processor.py:157} INFO - Started process (PID=44) to work on /home/airflow/.local/lib/python3.7/site-packages/airflow/example_dags/example_branch_day_of_week_operator.py
[2023-08-18T01:47:12.861+0000] {processor.py:826} INFO - Processing file /home/airflow/.local/lib/python3.7/site-packages/airflow/example_dags/example_branch_day_of_week_operator.py for tasks to queue
[2023-08-18T01:47:12.862+0000] {logging_mixin.py:150} INFO - [2023-08-18T01:47:12.862+0000] {dagbag.py:541} INFO - Filling up the DagBag from /home/airflow/.local/lib/python3.7/site-packages/airflow/example_dags/example_branch_day_of_week_operator.py
[2023-08-18T01:47:12.873+0000] {processor.py:836} INFO - DAG(s) dict_keys(['example_weekday_branch_operator']) retrieved from /home/airflow/.local/lib/python3.7/site-packages/airflow/example_dags/example_branch_day_of_week_operator.py
[2023-08-18T01:47:12.884+0000] {logging_mixin.py:150} INFO - [2023-08-18T01:47:12.884+0000] {dag.py:2742} INFO - Sync 1 DAGs
[2023-08-18T01:47:12.915+0000] {logging_mixin.py:150} INFO - [2023-08-18T01:47:12.914+0000] {dag.py:3508} INFO - Setting next_dagrun for example_weekday_branch_operator to 2023-08-17T00:00:00+00:00, run_after=2023-08-18T00:00:00+00:00
[2023-08-18T01:47:12.952+0000] {processor.py:179} INFO - Processing /home/airflow/.local/lib/python3.7/site-packages/airflow/example_dags/example_branch_day_of_week_operator.py took 0.095 seconds
[2023-08-18T01:47:43.483+0000] {processor.py:157} INFO - Started process (PID=113) to work on /home/airflow/.local/lib/python3.7/site-packages/airflow/example_dags/example_branch_day_of_week_operator.py
[2023-08-18T01:47:43.484+0000] {processor.py:826} INFO - Processing file /home/airflow/.local/lib/python3.7/site-packages/airflow/example_dags/example_branch_day_of_week_operator.py for tasks to queue
[2023-08-18T01:47:43.485+0000] {logging_mixin.py:150} INFO - [2023-08-18T01:47:43.485+0000] {dagbag.py:541} INFO - Filling up the DagBag from /home/airflow/.local/lib/python3.7/site-packages/airflow/example_dags/example_branch_day_of_week_operator.py
[2023-08-18T01:47:43.493+0000] {processor.py:836} INFO - DAG(s) dict_keys(['example_weekday_branch_operator']) retrieved from /home/airflow/.local/lib/python3.7/site-packages/airflow/example_dags/example_branch_day_of_week_operator.py
[2023-08-18T01:47:43.517+0000] {logging_mixin.py:150} INFO - [2023-08-18T01:47:43.517+0000] {dag.py:2742} INFO - Sync 1 DAGs
[2023-08-18T01:47:43.543+0000] {logging_mixin.py:150} INFO - [2023-08-18T01:47:43.543+0000] {dag.py:3508} INFO - Setting next_dagrun for example_weekday_branch_operator to 2023-08-17T00:00:00+00:00, run_after=2023-08-18T00:00:00+00:00
[2023-08-18T01:47:43.597+0000] {processor.py:179} INFO - Processing /home/airflow/.local/lib/python3.7/site-packages/airflow/example_dags/example_branch_day_of_week_operator.py took 0.117 seconds
[2023-08-18T01:48:14.030+0000] {processor.py:157} INFO - Started process (PID=182) to work on /home/airflow/.local/lib/python3.7/site-packages/airflow/example_dags/example_branch_day_of_week_operator.py
[2023-08-18T01:48:14.031+0000] {processor.py:826} INFO - Processing file /home/airflow/.local/lib/python3.7/site-packages/airflow/example_dags/example_branch_day_of_week_operator.py for tasks to queue
[2023-08-18T01:48:14.032+0000] {logging_mixin.py:150} INFO - [2023-08-18T01:48:14.032+0000] {dagbag.py:541} INFO - Filling up the DagBag from /home/airflow/.local/lib/python3.7/site-packages/airflow/example_dags/example_branch_day_of_week_operator.py
[2023-08-18T01:48:14.042+0000] {processor.py:836} INFO - DAG(s) dict_keys(['example_weekday_branch_operator']) retrieved from /home/airflow/.local/lib/python3.7/site-packages/airflow/example_dags/example_branch_day_of_week_operator.py
[2023-08-18T01:48:14.067+0000] {logging_mixin.py:150} INFO - [2023-08-18T01:48:14.067+0000] {dag.py:2742} INFO - Sync 1 DAGs
[2023-08-18T01:48:14.103+0000] {logging_mixin.py:150} INFO - [2023-08-18T01:48:14.103+0000] {dag.py:3508} INFO - Setting next_dagrun for example_weekday_branch_operator to 2023-08-17T00:00:00+00:00, run_after=2023-08-18T00:00:00+00:00
[2023-08-18T01:48:14.157+0000] {processor.py:179} INFO - Processing /home/airflow/.local/lib/python3.7/site-packages/airflow/example_dags/example_branch_day_of_week_operator.py took 0.130 seconds
[2023-08-18T01:48:44.553+0000] {processor.py:157} INFO - Started process (PID=251) to work on /home/airflow/.local/lib/python3.7/site-packages/airflow/example_dags/example_branch_day_of_week_operator.py
[2023-08-18T01:48:44.554+0000] {processor.py:826} INFO - Processing file /home/airflow/.local/lib/python3.7/site-packages/airflow/example_dags/example_branch_day_of_week_operator.py for tasks to queue
[2023-08-18T01:48:44.555+0000] {logging_mixin.py:150} INFO - [2023-08-18T01:48:44.555+0000] {dagbag.py:541} INFO - Filling up the DagBag from /home/airflow/.local/lib/python3.7/site-packages/airflow/example_dags/example_branch_day_of_week_operator.py
[2023-08-18T01:48:44.562+0000] {processor.py:836} INFO - DAG(s) dict_keys(['example_weekday_branch_operator']) retrieved from /home/airflow/.local/lib/python3.7/site-packages/airflow/example_dags/example_branch_day_of_week_operator.py
[2023-08-18T01:48:44.586+0000] {logging_mixin.py:150} INFO - [2023-08-18T01:48:44.585+0000] {dag.py:2742} INFO - Sync 1 DAGs
[2023-08-18T01:48:44.613+0000] {logging_mixin.py:150} INFO - [2023-08-18T01:48:44.613+0000] {dag.py:3508} INFO - Setting next_dagrun for example_weekday_branch_operator to 2023-08-17T00:00:00+00:00, run_after=2023-08-18T00:00:00+00:00
[2023-08-18T01:48:44.672+0000] {processor.py:179} INFO - Processing /home/airflow/.local/lib/python3.7/site-packages/airflow/example_dags/example_branch_day_of_week_operator.py took 0.122 seconds
[2023-08-18T01:49:15.021+0000] {processor.py:157} INFO - Started process (PID=320) to work on /home/airflow/.local/lib/python3.7/site-packages/airflow/example_dags/example_branch_day_of_week_operator.py
[2023-08-18T01:49:15.022+0000] {processor.py:826} INFO - Processing file /home/airflow/.local/lib/python3.7/site-packages/airflow/example_dags/example_branch_day_of_week_operator.py for tasks to queue
[2023-08-18T01:49:15.023+0000] {logging_mixin.py:150} INFO - [2023-08-18T01:49:15.023+0000] {dagbag.py:541} INFO - Filling up the DagBag from /home/airflow/.local/lib/python3.7/site-packages/airflow/example_dags/example_branch_day_of_week_operator.py
[2023-08-18T01:49:15.031+0000] {processor.py:836} INFO - DAG(s) dict_keys(['example_weekday_branch_operator']) retrieved from /home/airflow/.local/lib/python3.7/site-packages/airflow/example_dags/example_branch_day_of_week_operator.py
[2023-08-18T01:49:15.056+0000] {logging_mixin.py:150} INFO - [2023-08-18T01:49:15.056+0000] {dag.py:2742} INFO - Sync 1 DAGs
[2023-08-18T01:49:15.087+0000] {logging_mixin.py:150} INFO - [2023-08-18T01:49:15.087+0000] {dag.py:3508} INFO - Setting next_dagrun for example_weekday_branch_operator to 2023-08-17T00:00:00+00:00, run_after=2023-08-18T00:00:00+00:00
[2023-08-18T01:49:15.126+0000] {processor.py:179} INFO - Processing /home/airflow/.local/lib/python3.7/site-packages/airflow/example_dags/example_branch_day_of_week_operator.py took 0.108 seconds
[2023-08-18T01:49:45.495+0000] {processor.py:157} INFO - Started process (PID=389) to work on /home/airflow/.local/lib/python3.7/site-packages/airflow/example_dags/example_branch_day_of_week_operator.py
[2023-08-18T01:49:45.496+0000] {processor.py:826} INFO - Processing file /home/airflow/.local/lib/python3.7/site-packages/airflow/example_dags/example_branch_day_of_week_operator.py for tasks to queue
[2023-08-18T01:49:45.498+0000] {logging_mixin.py:150} INFO - [2023-08-18T01:49:45.498+0000] {dagbag.py:541} INFO - Filling up the DagBag from /home/airflow/.local/lib/python3.7/site-packages/airflow/example_dags/example_branch_day_of_week_operator.py
[2023-08-18T01:49:45.510+0000] {processor.py:836} INFO - DAG(s) dict_keys(['example_weekday_branch_operator']) retrieved from /home/airflow/.local/lib/python3.7/site-packages/airflow/example_dags/example_branch_day_of_week_operator.py
[2023-08-18T01:49:45.538+0000] {logging_mixin.py:150} INFO - [2023-08-18T01:49:45.538+0000] {dag.py:2742} INFO - Sync 1 DAGs
[2023-08-18T01:49:45.565+0000] {logging_mixin.py:150} INFO - [2023-08-18T01:49:45.565+0000] {dag.py:3508} INFO - Setting next_dagrun for example_weekday_branch_operator to 2023-08-17T00:00:00+00:00, run_after=2023-08-18T00:00:00+00:00
[2023-08-18T01:49:45.602+0000] {processor.py:179} INFO - Processing /home/airflow/.local/lib/python3.7/site-packages/airflow/example_dags/example_branch_day_of_week_operator.py took 0.112 seconds
[2023-08-18T01:50:16.101+0000] {processor.py:157} INFO - Started process (PID=458) to work on /home/airflow/.local/lib/python3.7/site-packages/airflow/example_dags/example_branch_day_of_week_operator.py
[2023-08-18T01:50:16.102+0000] {processor.py:826} INFO - Processing file /home/airflow/.local/lib/python3.7/site-packages/airflow/example_dags/example_branch_day_of_week_operator.py for tasks to queue
[2023-08-18T01:50:16.103+0000] {logging_mixin.py:150} INFO - [2023-08-18T01:50:16.103+0000] {dagbag.py:541} INFO - Filling up the DagBag from /home/airflow/.local/lib/python3.7/site-packages/airflow/example_dags/example_branch_day_of_week_operator.py
[2023-08-18T01:50:16.112+0000] {processor.py:836} INFO - DAG(s) dict_keys(['example_weekday_branch_operator']) retrieved from /home/airflow/.local/lib/python3.7/site-packages/airflow/example_dags/example_branch_day_of_week_operator.py
[2023-08-18T01:50:16.137+0000] {logging_mixin.py:150} INFO - [2023-08-18T01:50:16.137+0000] {dag.py:2742} INFO - Sync 1 DAGs
[2023-08-18T01:50:16.167+0000] {logging_mixin.py:150} INFO - [2023-08-18T01:50:16.167+0000] {dag.py:3508} INFO - Setting next_dagrun for example_weekday_branch_operator to 2023-08-17T00:00:00+00:00, run_after=2023-08-18T00:00:00+00:00
[2023-08-18T01:50:16.211+0000] {processor.py:179} INFO - Processing /home/airflow/.local/lib/python3.7/site-packages/airflow/example_dags/example_branch_day_of_week_operator.py took 0.113 seconds
[2023-08-18T01:50:46.555+0000] {processor.py:157} INFO - Started process (PID=527) to work on /home/airflow/.local/lib/python3.7/site-packages/airflow/example_dags/example_branch_day_of_week_operator.py
[2023-08-18T01:50:46.556+0000] {processor.py:826} INFO - Processing file /home/airflow/.local/lib/python3.7/site-packages/airflow/example_dags/example_branch_day_of_week_operator.py for tasks to queue
[2023-08-18T01:50:46.557+0000] {logging_mixin.py:150} INFO - [2023-08-18T01:50:46.556+0000] {dagbag.py:541} INFO - Filling up the DagBag from /home/airflow/.local/lib/python3.7/site-packages/airflow/example_dags/example_branch_day_of_week_operator.py
[2023-08-18T01:50:46.564+0000] {processor.py:836} INFO - DAG(s) dict_keys(['example_weekday_branch_operator']) retrieved from /home/airflow/.local/lib/python3.7/site-packages/airflow/example_dags/example_branch_day_of_week_operator.py
[2023-08-18T01:50:46.589+0000] {logging_mixin.py:150} INFO - [2023-08-18T01:50:46.589+0000] {dag.py:2742} INFO - Sync 1 DAGs
[2023-08-18T01:50:46.616+0000] {logging_mixin.py:150} INFO - [2023-08-18T01:50:46.616+0000] {dag.py:3508} INFO - Setting next_dagrun for example_weekday_branch_operator to 2023-08-17T00:00:00+00:00, run_after=2023-08-18T00:00:00+00:00
[2023-08-18T01:50:46.653+0000] {processor.py:179} INFO - Processing /home/airflow/.local/lib/python3.7/site-packages/airflow/example_dags/example_branch_day_of_week_operator.py took 0.102 seconds
[2023-08-18T01:51:17.087+0000] {processor.py:157} INFO - Started process (PID=596) to work on /home/airflow/.local/lib/python3.7/site-packages/airflow/example_dags/example_branch_day_of_week_operator.py
[2023-08-18T01:51:17.088+0000] {processor.py:826} INFO - Processing file /home/airflow/.local/lib/python3.7/site-packages/airflow/example_dags/example_branch_day_of_week_operator.py for tasks to queue
[2023-08-18T01:51:17.090+0000] {logging_mixin.py:150} INFO - [2023-08-18T01:51:17.089+0000] {dagbag.py:541} INFO - Filling up the DagBag from /home/airflow/.local/lib/python3.7/site-packages/airflow/example_dags/example_branch_day_of_week_operator.py
[2023-08-18T01:51:17.099+0000] {processor.py:836} INFO - DAG(s) dict_keys(['example_weekday_branch_operator']) retrieved from /home/airflow/.local/lib/python3.7/site-packages/airflow/example_dags/example_branch_day_of_week_operator.py
[2023-08-18T01:51:17.128+0000] {logging_mixin.py:150} INFO - [2023-08-18T01:51:17.128+0000] {dag.py:2742} INFO - Sync 1 DAGs
[2023-08-18T01:51:17.162+0000] {logging_mixin.py:150} INFO - [2023-08-18T01:51:17.162+0000] {dag.py:3508} INFO - Setting next_dagrun for example_weekday_branch_operator to 2023-08-17T00:00:00+00:00, run_after=2023-08-18T00:00:00+00:00
[2023-08-18T01:51:17.199+0000] {processor.py:179} INFO - Processing /home/airflow/.local/lib/python3.7/site-packages/airflow/example_dags/example_branch_day_of_week_operator.py took 0.116 seconds
[2023-08-18T01:51:47.564+0000] {processor.py:157} INFO - Started process (PID=665) to work on /home/airflow/.local/lib/python3.7/site-packages/airflow/example_dags/example_branch_day_of_week_operator.py
[2023-08-18T01:51:47.565+0000] {processor.py:826} INFO - Processing file /home/airflow/.local/lib/python3.7/site-packages/airflow/example_dags/example_branch_day_of_week_operator.py for tasks to queue
[2023-08-18T01:51:47.566+0000] {logging_mixin.py:150} INFO - [2023-08-18T01:51:47.566+0000] {dagbag.py:541} INFO - Filling up the DagBag from /home/airflow/.local/lib/python3.7/site-packages/airflow/example_dags/example_branch_day_of_week_operator.py
[2023-08-18T01:51:47.574+0000] {processor.py:836} INFO - DAG(s) dict_keys(['example_weekday_branch_operator']) retrieved from /home/airflow/.local/lib/python3.7/site-packages/airflow/example_dags/example_branch_day_of_week_operator.py
[2023-08-18T01:51:47.598+0000] {logging_mixin.py:150} INFO - [2023-08-18T01:51:47.598+0000] {dag.py:2742} INFO - Sync 1 DAGs
[2023-08-18T01:51:47.625+0000] {logging_mixin.py:150} INFO - [2023-08-18T01:51:47.625+0000] {dag.py:3508} INFO - Setting next_dagrun for example_weekday_branch_operator to 2023-08-17T00:00:00+00:00, run_after=2023-08-18T00:00:00+00:00
[2023-08-18T01:51:47.680+0000] {processor.py:179} INFO - Processing /home/airflow/.local/lib/python3.7/site-packages/airflow/example_dags/example_branch_day_of_week_operator.py took 0.119 seconds
[2023-08-18T01:52:18.009+0000] {processor.py:157} INFO - Started process (PID=734) to work on /home/airflow/.local/lib/python3.7/site-packages/airflow/example_dags/example_branch_day_of_week_operator.py
[2023-08-18T01:52:18.010+0000] {processor.py:826} INFO - Processing file /home/airflow/.local/lib/python3.7/site-packages/airflow/example_dags/example_branch_day_of_week_operator.py for tasks to queue
[2023-08-18T01:52:18.011+0000] {logging_mixin.py:150} INFO - [2023-08-18T01:52:18.010+0000] {dagbag.py:541} INFO - Filling up the DagBag from /home/airflow/.local/lib/python3.7/site-packages/airflow/example_dags/example_branch_day_of_week_operator.py
[2023-08-18T01:52:18.018+0000] {processor.py:836} INFO - DAG(s) dict_keys(['example_weekday_branch_operator']) retrieved from /home/airflow/.local/lib/python3.7/site-packages/airflow/example_dags/example_branch_day_of_week_operator.py
[2023-08-18T01:52:18.044+0000] {logging_mixin.py:150} INFO - [2023-08-18T01:52:18.044+0000] {dag.py:2742} INFO - Sync 1 DAGs
[2023-08-18T01:52:18.073+0000] {logging_mixin.py:150} INFO - [2023-08-18T01:52:18.073+0000] {dag.py:3508} INFO - Setting next_dagrun for example_weekday_branch_operator to 2023-08-17T00:00:00+00:00, run_after=2023-08-18T00:00:00+00:00
[2023-08-18T01:52:18.110+0000] {processor.py:179} INFO - Processing /home/airflow/.local/lib/python3.7/site-packages/airflow/example_dags/example_branch_day_of_week_operator.py took 0.105 seconds
[2023-08-18T01:52:49.279+0000] {processor.py:157} INFO - Started process (PID=804) to work on /home/airflow/.local/lib/python3.7/site-packages/airflow/example_dags/example_branch_day_of_week_operator.py
[2023-08-18T01:52:49.280+0000] {processor.py:826} INFO - Processing file /home/airflow/.local/lib/python3.7/site-packages/airflow/example_dags/example_branch_day_of_week_operator.py for tasks to queue
[2023-08-18T01:52:49.281+0000] {logging_mixin.py:150} INFO - [2023-08-18T01:52:49.281+0000] {dagbag.py:541} INFO - Filling up the DagBag from /home/airflow/.local/lib/python3.7/site-packages/airflow/example_dags/example_branch_day_of_week_operator.py
[2023-08-18T01:52:49.291+0000] {processor.py:836} INFO - DAG(s) dict_keys(['example_weekday_branch_operator']) retrieved from /home/airflow/.local/lib/python3.7/site-packages/airflow/example_dags/example_branch_day_of_week_operator.py
[2023-08-18T01:52:49.318+0000] {logging_mixin.py:150} INFO - [2023-08-18T01:52:49.318+0000] {dag.py:2742} INFO - Sync 1 DAGs
[2023-08-18T01:52:49.347+0000] {logging_mixin.py:150} INFO - [2023-08-18T01:52:49.347+0000] {dag.py:3508} INFO - Setting next_dagrun for example_weekday_branch_operator to 2023-08-17T00:00:00+00:00, run_after=2023-08-18T00:00:00+00:00
[2023-08-18T01:52:49.386+0000] {processor.py:179} INFO - Processing /home/airflow/.local/lib/python3.7/site-packages/airflow/example_dags/example_branch_day_of_week_operator.py took 0.110 seconds
[2023-08-18T01:53:19.649+0000] {processor.py:157} INFO - Started process (PID=873) to work on /home/airflow/.local/lib/python3.7/site-packages/airflow/example_dags/example_branch_day_of_week_operator.py
[2023-08-18T01:53:19.651+0000] {processor.py:826} INFO - Processing file /home/airflow/.local/lib/python3.7/site-packages/airflow/example_dags/example_branch_day_of_week_operator.py for tasks to queue
[2023-08-18T01:53:19.652+0000] {logging_mixin.py:150} INFO - [2023-08-18T01:53:19.651+0000] {dagbag.py:541} INFO - Filling up the DagBag from /home/airflow/.local/lib/python3.7/site-packages/airflow/example_dags/example_branch_day_of_week_operator.py
[2023-08-18T01:53:19.659+0000] {processor.py:836} INFO - DAG(s) dict_keys(['example_weekday_branch_operator']) retrieved from /home/airflow/.local/lib/python3.7/site-packages/airflow/example_dags/example_branch_day_of_week_operator.py
[2023-08-18T01:53:19.683+0000] {logging_mixin.py:150} INFO - [2023-08-18T01:53:19.682+0000] {dag.py:2742} INFO - Sync 1 DAGs
[2023-08-18T01:53:19.715+0000] {logging_mixin.py:150} INFO - [2023-08-18T01:53:19.715+0000] {dag.py:3508} INFO - Setting next_dagrun for example_weekday_branch_operator to 2023-08-17T00:00:00+00:00, run_after=2023-08-18T00:00:00+00:00
[2023-08-18T01:53:19.796+0000] {processor.py:179} INFO - Processing /home/airflow/.local/lib/python3.7/site-packages/airflow/example_dags/example_branch_day_of_week_operator.py took 0.150 seconds
