[2023-08-18T01:47:12.764+0000] {processor.py:157} INFO - Started process (PID=43) to work on /home/airflow/.local/lib/python3.7/site-packages/airflow/example_dags/example_short_circuit_decorator.py
[2023-08-18T01:47:12.765+0000] {processor.py:826} INFO - Processing file /home/airflow/.local/lib/python3.7/site-packages/airflow/example_dags/example_short_circuit_decorator.py for tasks to queue
[2023-08-18T01:47:12.766+0000] {logging_mixin.py:150} INFO - [2023-08-18T01:47:12.766+0000] {dagbag.py:541} INFO - Filling up the DagBag from /home/airflow/.local/lib/python3.7/site-packages/airflow/example_dags/example_short_circuit_decorator.py
[2023-08-18T01:47:12.778+0000] {processor.py:836} INFO - DAG(s) dict_keys(['example_short_circuit_decorator']) retrieved from /home/airflow/.local/lib/python3.7/site-packages/airflow/example_dags/example_short_circuit_decorator.py
[2023-08-18T01:47:12.789+0000] {logging_mixin.py:150} INFO - [2023-08-18T01:47:12.789+0000] {dag.py:2742} INFO - Sync 1 DAGs
[2023-08-18T01:47:12.819+0000] {logging_mixin.py:150} INFO - [2023-08-18T01:47:12.819+0000] {dag.py:3508} INFO - Setting next_dagrun for example_short_circuit_decorator to 2023-08-17T01:47:12.819072+00:00, run_after=2023-08-18T01:47:12.819072+00:00
[2023-08-18T01:47:12.858+0000] {processor.py:179} INFO - Processing /home/airflow/.local/lib/python3.7/site-packages/airflow/example_dags/example_short_circuit_decorator.py took 0.096 seconds
[2023-08-18T01:47:43.355+0000] {processor.py:157} INFO - Started process (PID=112) to work on /home/airflow/.local/lib/python3.7/site-packages/airflow/example_dags/example_short_circuit_decorator.py
[2023-08-18T01:47:43.356+0000] {processor.py:826} INFO - Processing file /home/airflow/.local/lib/python3.7/site-packages/airflow/example_dags/example_short_circuit_decorator.py for tasks to queue
[2023-08-18T01:47:43.357+0000] {logging_mixin.py:150} INFO - [2023-08-18T01:47:43.357+0000] {dagbag.py:541} INFO - Filling up the DagBag from /home/airflow/.local/lib/python3.7/site-packages/airflow/example_dags/example_short_circuit_decorator.py
[2023-08-18T01:47:43.366+0000] {processor.py:836} INFO - DAG(s) dict_keys(['example_short_circuit_decorator']) retrieved from /home/airflow/.local/lib/python3.7/site-packages/airflow/example_dags/example_short_circuit_decorator.py
[2023-08-18T01:47:43.391+0000] {logging_mixin.py:150} INFO - [2023-08-18T01:47:43.391+0000] {dag.py:2742} INFO - Sync 1 DAGs
[2023-08-18T01:47:43.416+0000] {logging_mixin.py:150} INFO - [2023-08-18T01:47:43.416+0000] {dag.py:3508} INFO - Setting next_dagrun for example_short_circuit_decorator to 2023-08-17T01:47:43.416117+00:00, run_after=2023-08-18T01:47:43.416117+00:00
[2023-08-18T01:47:43.453+0000] {processor.py:179} INFO - Processing /home/airflow/.local/lib/python3.7/site-packages/airflow/example_dags/example_short_circuit_decorator.py took 0.100 seconds
[2023-08-18T01:48:13.913+0000] {processor.py:157} INFO - Started process (PID=181) to work on /home/airflow/.local/lib/python3.7/site-packages/airflow/example_dags/example_short_circuit_decorator.py
[2023-08-18T01:48:13.914+0000] {processor.py:826} INFO - Processing file /home/airflow/.local/lib/python3.7/site-packages/airflow/example_dags/example_short_circuit_decorator.py for tasks to queue
[2023-08-18T01:48:13.915+0000] {logging_mixin.py:150} INFO - [2023-08-18T01:48:13.915+0000] {dagbag.py:541} INFO - Filling up the DagBag from /home/airflow/.local/lib/python3.7/site-packages/airflow/example_dags/example_short_circuit_decorator.py
[2023-08-18T01:48:13.925+0000] {processor.py:836} INFO - DAG(s) dict_keys(['example_short_circuit_decorator']) retrieved from /home/airflow/.local/lib/python3.7/site-packages/airflow/example_dags/example_short_circuit_decorator.py
[2023-08-18T01:48:13.957+0000] {logging_mixin.py:150} INFO - [2023-08-18T01:48:13.957+0000] {dag.py:2742} INFO - Sync 1 DAGs
[2023-08-18T01:48:13.984+0000] {logging_mixin.py:150} INFO - [2023-08-18T01:48:13.984+0000] {dag.py:3508} INFO - Setting next_dagrun for example_short_circuit_decorator to 2023-08-17T01:48:13.984069+00:00, run_after=2023-08-18T01:48:13.984069+00:00
[2023-08-18T01:48:14.026+0000] {processor.py:179} INFO - Processing /home/airflow/.local/lib/python3.7/site-packages/airflow/example_dags/example_short_circuit_decorator.py took 0.116 seconds
[2023-08-18T01:48:44.456+0000] {processor.py:157} INFO - Started process (PID=250) to work on /home/airflow/.local/lib/python3.7/site-packages/airflow/example_dags/example_short_circuit_decorator.py
[2023-08-18T01:48:44.457+0000] {processor.py:826} INFO - Processing file /home/airflow/.local/lib/python3.7/site-packages/airflow/example_dags/example_short_circuit_decorator.py for tasks to queue
[2023-08-18T01:48:44.459+0000] {logging_mixin.py:150} INFO - [2023-08-18T01:48:44.458+0000] {dagbag.py:541} INFO - Filling up the DagBag from /home/airflow/.local/lib/python3.7/site-packages/airflow/example_dags/example_short_circuit_decorator.py
[2023-08-18T01:48:44.468+0000] {processor.py:836} INFO - DAG(s) dict_keys(['example_short_circuit_decorator']) retrieved from /home/airflow/.local/lib/python3.7/site-packages/airflow/example_dags/example_short_circuit_decorator.py
[2023-08-18T01:48:44.492+0000] {logging_mixin.py:150} INFO - [2023-08-18T01:48:44.492+0000] {dag.py:2742} INFO - Sync 1 DAGs
[2023-08-18T01:48:44.517+0000] {logging_mixin.py:150} INFO - [2023-08-18T01:48:44.517+0000] {dag.py:3508} INFO - Setting next_dagrun for example_short_circuit_decorator to 2023-08-17T01:48:44.517126+00:00, run_after=2023-08-18T01:48:44.517126+00:00
[2023-08-18T01:48:44.553+0000] {processor.py:179} INFO - Processing /home/airflow/.local/lib/python3.7/site-packages/airflow/example_dags/example_short_circuit_decorator.py took 0.101 seconds
[2023-08-18T01:49:14.913+0000] {processor.py:157} INFO - Started process (PID=319) to work on /home/airflow/.local/lib/python3.7/site-packages/airflow/example_dags/example_short_circuit_decorator.py
[2023-08-18T01:49:14.915+0000] {processor.py:826} INFO - Processing file /home/airflow/.local/lib/python3.7/site-packages/airflow/example_dags/example_short_circuit_decorator.py for tasks to queue
[2023-08-18T01:49:14.916+0000] {logging_mixin.py:150} INFO - [2023-08-18T01:49:14.916+0000] {dagbag.py:541} INFO - Filling up the DagBag from /home/airflow/.local/lib/python3.7/site-packages/airflow/example_dags/example_short_circuit_decorator.py
[2023-08-18T01:49:14.926+0000] {processor.py:836} INFO - DAG(s) dict_keys(['example_short_circuit_decorator']) retrieved from /home/airflow/.local/lib/python3.7/site-packages/airflow/example_dags/example_short_circuit_decorator.py
[2023-08-18T01:49:14.953+0000] {logging_mixin.py:150} INFO - [2023-08-18T01:49:14.952+0000] {dag.py:2742} INFO - Sync 1 DAGs
[2023-08-18T01:49:14.980+0000] {logging_mixin.py:150} INFO - [2023-08-18T01:49:14.980+0000] {dag.py:3508} INFO - Setting next_dagrun for example_short_circuit_decorator to 2023-08-17T01:49:14.980275+00:00, run_after=2023-08-18T01:49:14.980275+00:00
[2023-08-18T01:49:15.020+0000] {processor.py:179} INFO - Processing /home/airflow/.local/lib/python3.7/site-packages/airflow/example_dags/example_short_circuit_decorator.py took 0.110 seconds
[2023-08-18T01:49:45.376+0000] {processor.py:157} INFO - Started process (PID=388) to work on /home/airflow/.local/lib/python3.7/site-packages/airflow/example_dags/example_short_circuit_decorator.py
[2023-08-18T01:49:45.377+0000] {processor.py:826} INFO - Processing file /home/airflow/.local/lib/python3.7/site-packages/airflow/example_dags/example_short_circuit_decorator.py for tasks to queue
[2023-08-18T01:49:45.378+0000] {logging_mixin.py:150} INFO - [2023-08-18T01:49:45.377+0000] {dagbag.py:541} INFO - Filling up the DagBag from /home/airflow/.local/lib/python3.7/site-packages/airflow/example_dags/example_short_circuit_decorator.py
[2023-08-18T01:49:45.387+0000] {processor.py:836} INFO - DAG(s) dict_keys(['example_short_circuit_decorator']) retrieved from /home/airflow/.local/lib/python3.7/site-packages/airflow/example_dags/example_short_circuit_decorator.py
[2023-08-18T01:49:45.417+0000] {logging_mixin.py:150} INFO - [2023-08-18T01:49:45.417+0000] {dag.py:2742} INFO - Sync 1 DAGs
[2023-08-18T01:49:45.452+0000] {logging_mixin.py:150} INFO - [2023-08-18T01:49:45.452+0000] {dag.py:3508} INFO - Setting next_dagrun for example_short_circuit_decorator to 2023-08-17T01:49:45.452033+00:00, run_after=2023-08-18T01:49:45.452033+00:00
[2023-08-18T01:49:45.500+0000] {processor.py:179} INFO - Processing /home/airflow/.local/lib/python3.7/site-packages/airflow/example_dags/example_short_circuit_decorator.py took 0.127 seconds
[2023-08-18T01:50:15.999+0000] {processor.py:157} INFO - Started process (PID=457) to work on /home/airflow/.local/lib/python3.7/site-packages/airflow/example_dags/example_short_circuit_decorator.py
[2023-08-18T01:50:16.000+0000] {processor.py:826} INFO - Processing file /home/airflow/.local/lib/python3.7/site-packages/airflow/example_dags/example_short_circuit_decorator.py for tasks to queue
[2023-08-18T01:50:16.001+0000] {logging_mixin.py:150} INFO - [2023-08-18T01:50:16.001+0000] {dagbag.py:541} INFO - Filling up the DagBag from /home/airflow/.local/lib/python3.7/site-packages/airflow/example_dags/example_short_circuit_decorator.py
[2023-08-18T01:50:16.013+0000] {processor.py:836} INFO - DAG(s) dict_keys(['example_short_circuit_decorator']) retrieved from /home/airflow/.local/lib/python3.7/site-packages/airflow/example_dags/example_short_circuit_decorator.py
[2023-08-18T01:50:16.041+0000] {logging_mixin.py:150} INFO - [2023-08-18T01:50:16.041+0000] {dag.py:2742} INFO - Sync 1 DAGs
[2023-08-18T01:50:16.068+0000] {logging_mixin.py:150} INFO - [2023-08-18T01:50:16.067+0000] {dag.py:3508} INFO - Setting next_dagrun for example_short_circuit_decorator to 2023-08-17T01:50:16.067606+00:00, run_after=2023-08-18T01:50:16.067606+00:00
[2023-08-18T01:50:16.106+0000] {processor.py:179} INFO - Processing /home/airflow/.local/lib/python3.7/site-packages/airflow/example_dags/example_short_circuit_decorator.py took 0.111 seconds
[2023-08-18T01:50:46.457+0000] {processor.py:157} INFO - Started process (PID=526) to work on /home/airflow/.local/lib/python3.7/site-packages/airflow/example_dags/example_short_circuit_decorator.py
[2023-08-18T01:50:46.459+0000] {processor.py:826} INFO - Processing file /home/airflow/.local/lib/python3.7/site-packages/airflow/example_dags/example_short_circuit_decorator.py for tasks to queue
[2023-08-18T01:50:46.460+0000] {logging_mixin.py:150} INFO - [2023-08-18T01:50:46.460+0000] {dagbag.py:541} INFO - Filling up the DagBag from /home/airflow/.local/lib/python3.7/site-packages/airflow/example_dags/example_short_circuit_decorator.py
[2023-08-18T01:50:46.469+0000] {processor.py:836} INFO - DAG(s) dict_keys(['example_short_circuit_decorator']) retrieved from /home/airflow/.local/lib/python3.7/site-packages/airflow/example_dags/example_short_circuit_decorator.py
[2023-08-18T01:50:46.494+0000] {logging_mixin.py:150} INFO - [2023-08-18T01:50:46.494+0000] {dag.py:2742} INFO - Sync 1 DAGs
[2023-08-18T01:50:46.522+0000] {logging_mixin.py:150} INFO - [2023-08-18T01:50:46.522+0000] {dag.py:3508} INFO - Setting next_dagrun for example_short_circuit_decorator to 2023-08-17T01:50:46.522097+00:00, run_after=2023-08-18T01:50:46.522097+00:00
[2023-08-18T01:50:46.560+0000] {processor.py:179} INFO - Processing /home/airflow/.local/lib/python3.7/site-packages/airflow/example_dags/example_short_circuit_decorator.py took 0.106 seconds
[2023-08-18T01:51:16.984+0000] {processor.py:157} INFO - Started process (PID=595) to work on /home/airflow/.local/lib/python3.7/site-packages/airflow/example_dags/example_short_circuit_decorator.py
[2023-08-18T01:51:16.985+0000] {processor.py:826} INFO - Processing file /home/airflow/.local/lib/python3.7/site-packages/airflow/example_dags/example_short_circuit_decorator.py for tasks to queue
[2023-08-18T01:51:16.986+0000] {logging_mixin.py:150} INFO - [2023-08-18T01:51:16.986+0000] {dagbag.py:541} INFO - Filling up the DagBag from /home/airflow/.local/lib/python3.7/site-packages/airflow/example_dags/example_short_circuit_decorator.py
[2023-08-18T01:51:16.995+0000] {processor.py:836} INFO - DAG(s) dict_keys(['example_short_circuit_decorator']) retrieved from /home/airflow/.local/lib/python3.7/site-packages/airflow/example_dags/example_short_circuit_decorator.py
[2023-08-18T01:51:17.022+0000] {logging_mixin.py:150} INFO - [2023-08-18T01:51:17.021+0000] {dag.py:2742} INFO - Sync 1 DAGs
[2023-08-18T01:51:17.046+0000] {logging_mixin.py:150} INFO - [2023-08-18T01:51:17.046+0000] {dag.py:3508} INFO - Setting next_dagrun for example_short_circuit_decorator to 2023-08-17T01:51:17.046094+00:00, run_after=2023-08-18T01:51:17.046094+00:00
[2023-08-18T01:51:17.086+0000] {processor.py:179} INFO - Processing /home/airflow/.local/lib/python3.7/site-packages/airflow/example_dags/example_short_circuit_decorator.py took 0.106 seconds
[2023-08-18T01:51:47.477+0000] {processor.py:157} INFO - Started process (PID=664) to work on /home/airflow/.local/lib/python3.7/site-packages/airflow/example_dags/example_short_circuit_decorator.py
[2023-08-18T01:51:47.478+0000] {processor.py:826} INFO - Processing file /home/airflow/.local/lib/python3.7/site-packages/airflow/example_dags/example_short_circuit_decorator.py for tasks to queue
[2023-08-18T01:51:47.479+0000] {logging_mixin.py:150} INFO - [2023-08-18T01:51:47.479+0000] {dagbag.py:541} INFO - Filling up the DagBag from /home/airflow/.local/lib/python3.7/site-packages/airflow/example_dags/example_short_circuit_decorator.py
[2023-08-18T01:51:47.489+0000] {processor.py:836} INFO - DAG(s) dict_keys(['example_short_circuit_decorator']) retrieved from /home/airflow/.local/lib/python3.7/site-packages/airflow/example_dags/example_short_circuit_decorator.py
[2023-08-18T01:51:47.513+0000] {logging_mixin.py:150} INFO - [2023-08-18T01:51:47.513+0000] {dag.py:2742} INFO - Sync 1 DAGs
[2023-08-18T01:51:47.539+0000] {logging_mixin.py:150} INFO - [2023-08-18T01:51:47.539+0000] {dag.py:3508} INFO - Setting next_dagrun for example_short_circuit_decorator to 2023-08-17T01:51:47.539267+00:00, run_after=2023-08-18T01:51:47.539267+00:00
[2023-08-18T01:51:47.577+0000] {processor.py:179} INFO - Processing /home/airflow/.local/lib/python3.7/site-packages/airflow/example_dags/example_short_circuit_decorator.py took 0.103 seconds
[2023-08-18T01:52:17.909+0000] {processor.py:157} INFO - Started process (PID=733) to work on /home/airflow/.local/lib/python3.7/site-packages/airflow/example_dags/example_short_circuit_decorator.py
[2023-08-18T01:52:17.910+0000] {processor.py:826} INFO - Processing file /home/airflow/.local/lib/python3.7/site-packages/airflow/example_dags/example_short_circuit_decorator.py for tasks to queue
[2023-08-18T01:52:17.911+0000] {logging_mixin.py:150} INFO - [2023-08-18T01:52:17.910+0000] {dagbag.py:541} INFO - Filling up the DagBag from /home/airflow/.local/lib/python3.7/site-packages/airflow/example_dags/example_short_circuit_decorator.py
[2023-08-18T01:52:17.920+0000] {processor.py:836} INFO - DAG(s) dict_keys(['example_short_circuit_decorator']) retrieved from /home/airflow/.local/lib/python3.7/site-packages/airflow/example_dags/example_short_circuit_decorator.py
[2023-08-18T01:52:17.947+0000] {logging_mixin.py:150} INFO - [2023-08-18T01:52:17.947+0000] {dag.py:2742} INFO - Sync 1 DAGs
[2023-08-18T01:52:17.972+0000] {logging_mixin.py:150} INFO - [2023-08-18T01:52:17.972+0000] {dag.py:3508} INFO - Setting next_dagrun for example_short_circuit_decorator to 2023-08-17T01:52:17.972399+00:00, run_after=2023-08-18T01:52:17.972399+00:00
[2023-08-18T01:52:18.013+0000] {processor.py:179} INFO - Processing /home/airflow/.local/lib/python3.7/site-packages/airflow/example_dags/example_short_circuit_decorator.py took 0.107 seconds
[2023-08-18T01:52:49.174+0000] {processor.py:157} INFO - Started process (PID=803) to work on /home/airflow/.local/lib/python3.7/site-packages/airflow/example_dags/example_short_circuit_decorator.py
[2023-08-18T01:52:49.175+0000] {processor.py:826} INFO - Processing file /home/airflow/.local/lib/python3.7/site-packages/airflow/example_dags/example_short_circuit_decorator.py for tasks to queue
[2023-08-18T01:52:49.176+0000] {logging_mixin.py:150} INFO - [2023-08-18T01:52:49.176+0000] {dagbag.py:541} INFO - Filling up the DagBag from /home/airflow/.local/lib/python3.7/site-packages/airflow/example_dags/example_short_circuit_decorator.py
[2023-08-18T01:52:49.187+0000] {processor.py:836} INFO - DAG(s) dict_keys(['example_short_circuit_decorator']) retrieved from /home/airflow/.local/lib/python3.7/site-packages/airflow/example_dags/example_short_circuit_decorator.py
[2023-08-18T01:52:49.212+0000] {logging_mixin.py:150} INFO - [2023-08-18T01:52:49.212+0000] {dag.py:2742} INFO - Sync 1 DAGs
[2023-08-18T01:52:49.240+0000] {logging_mixin.py:150} INFO - [2023-08-18T01:52:49.240+0000] {dag.py:3508} INFO - Setting next_dagrun for example_short_circuit_decorator to 2023-08-17T01:52:49.240325+00:00, run_after=2023-08-18T01:52:49.240325+00:00
[2023-08-18T01:52:49.278+0000] {processor.py:179} INFO - Processing /home/airflow/.local/lib/python3.7/site-packages/airflow/example_dags/example_short_circuit_decorator.py took 0.107 seconds
[2023-08-18T01:53:19.580+0000] {processor.py:157} INFO - Started process (PID=872) to work on /home/airflow/.local/lib/python3.7/site-packages/airflow/example_dags/example_short_circuit_decorator.py
[2023-08-18T01:53:19.581+0000] {processor.py:826} INFO - Processing file /home/airflow/.local/lib/python3.7/site-packages/airflow/example_dags/example_short_circuit_decorator.py for tasks to queue
[2023-08-18T01:53:19.582+0000] {logging_mixin.py:150} INFO - [2023-08-18T01:53:19.582+0000] {dagbag.py:541} INFO - Filling up the DagBag from /home/airflow/.local/lib/python3.7/site-packages/airflow/example_dags/example_short_circuit_decorator.py
[2023-08-18T01:53:19.592+0000] {processor.py:836} INFO - DAG(s) dict_keys(['example_short_circuit_decorator']) retrieved from /home/airflow/.local/lib/python3.7/site-packages/airflow/example_dags/example_short_circuit_decorator.py
[2023-08-18T01:53:19.618+0000] {logging_mixin.py:150} INFO - [2023-08-18T01:53:19.618+0000] {dag.py:2742} INFO - Sync 1 DAGs
[2023-08-18T01:53:19.650+0000] {logging_mixin.py:150} INFO - [2023-08-18T01:53:19.650+0000] {dag.py:3508} INFO - Setting next_dagrun for example_short_circuit_decorator to 2023-08-17T01:53:19.650566+00:00, run_after=2023-08-18T01:53:19.650566+00:00
[2023-08-18T01:53:19.689+0000] {processor.py:179} INFO - Processing /home/airflow/.local/lib/python3.7/site-packages/airflow/example_dags/example_short_circuit_decorator.py took 0.113 seconds
