[2023-08-18T01:47:14.163+0000] {processor.py:157} INFO - Started process (PID=63) to work on /home/airflow/.local/lib/python3.7/site-packages/airflow/example_dags/example_task_group_decorator.py
[2023-08-18T01:47:14.164+0000] {processor.py:826} INFO - Processing file /home/airflow/.local/lib/python3.7/site-packages/airflow/example_dags/example_task_group_decorator.py for tasks to queue
[2023-08-18T01:47:14.165+0000] {logging_mixin.py:150} INFO - [2023-08-18T01:47:14.165+0000] {dagbag.py:541} INFO - Filling up the DagBag from /home/airflow/.local/lib/python3.7/site-packages/airflow/example_dags/example_task_group_decorator.py
[2023-08-18T01:47:14.194+0000] {processor.py:836} INFO - DAG(s) dict_keys(['example_task_group_decorator']) retrieved from /home/airflow/.local/lib/python3.7/site-packages/airflow/example_dags/example_task_group_decorator.py
[2023-08-18T01:47:14.207+0000] {logging_mixin.py:150} INFO - [2023-08-18T01:47:14.207+0000] {dag.py:2742} INFO - Sync 1 DAGs
[2023-08-18T01:47:14.236+0000] {logging_mixin.py:150} INFO - [2023-08-18T01:47:14.236+0000] {dag.py:3508} INFO - Setting next_dagrun for example_task_group_decorator to 2023-08-17T01:47:14.236250+00:00, run_after=2023-08-18T01:47:14.236250+00:00
[2023-08-18T01:47:14.281+0000] {processor.py:179} INFO - Processing /home/airflow/.local/lib/python3.7/site-packages/airflow/example_dags/example_task_group_decorator.py took 0.122 seconds
[2023-08-18T01:47:44.694+0000] {processor.py:157} INFO - Started process (PID=132) to work on /home/airflow/.local/lib/python3.7/site-packages/airflow/example_dags/example_task_group_decorator.py
[2023-08-18T01:47:44.695+0000] {processor.py:826} INFO - Processing file /home/airflow/.local/lib/python3.7/site-packages/airflow/example_dags/example_task_group_decorator.py for tasks to queue
[2023-08-18T01:47:44.696+0000] {logging_mixin.py:150} INFO - [2023-08-18T01:47:44.696+0000] {dagbag.py:541} INFO - Filling up the DagBag from /home/airflow/.local/lib/python3.7/site-packages/airflow/example_dags/example_task_group_decorator.py
[2023-08-18T01:47:44.713+0000] {processor.py:836} INFO - DAG(s) dict_keys(['example_task_group_decorator']) retrieved from /home/airflow/.local/lib/python3.7/site-packages/airflow/example_dags/example_task_group_decorator.py
[2023-08-18T01:47:44.742+0000] {logging_mixin.py:150} INFO - [2023-08-18T01:47:44.742+0000] {dag.py:2742} INFO - Sync 1 DAGs
[2023-08-18T01:47:44.768+0000] {logging_mixin.py:150} INFO - [2023-08-18T01:47:44.768+0000] {dag.py:3508} INFO - Setting next_dagrun for example_task_group_decorator to 2023-08-17T01:47:44.768102+00:00, run_after=2023-08-18T01:47:44.768102+00:00
[2023-08-18T01:47:44.809+0000] {processor.py:179} INFO - Processing /home/airflow/.local/lib/python3.7/site-packages/airflow/example_dags/example_task_group_decorator.py took 0.118 seconds
[2023-08-18T01:48:15.386+0000] {processor.py:157} INFO - Started process (PID=201) to work on /home/airflow/.local/lib/python3.7/site-packages/airflow/example_dags/example_task_group_decorator.py
[2023-08-18T01:48:15.387+0000] {processor.py:826} INFO - Processing file /home/airflow/.local/lib/python3.7/site-packages/airflow/example_dags/example_task_group_decorator.py for tasks to queue
[2023-08-18T01:48:15.389+0000] {logging_mixin.py:150} INFO - [2023-08-18T01:48:15.388+0000] {dagbag.py:541} INFO - Filling up the DagBag from /home/airflow/.local/lib/python3.7/site-packages/airflow/example_dags/example_task_group_decorator.py
[2023-08-18T01:48:15.405+0000] {processor.py:836} INFO - DAG(s) dict_keys(['example_task_group_decorator']) retrieved from /home/airflow/.local/lib/python3.7/site-packages/airflow/example_dags/example_task_group_decorator.py
[2023-08-18T01:48:15.435+0000] {logging_mixin.py:150} INFO - [2023-08-18T01:48:15.435+0000] {dag.py:2742} INFO - Sync 1 DAGs
[2023-08-18T01:48:15.463+0000] {logging_mixin.py:150} INFO - [2023-08-18T01:48:15.463+0000] {dag.py:3508} INFO - Setting next_dagrun for example_task_group_decorator to 2023-08-17T01:48:15.462787+00:00, run_after=2023-08-18T01:48:15.462787+00:00
[2023-08-18T01:48:15.534+0000] {processor.py:179} INFO - Processing /home/airflow/.local/lib/python3.7/site-packages/airflow/example_dags/example_task_group_decorator.py took 0.152 seconds
[2023-08-18T01:48:45.811+0000] {processor.py:157} INFO - Started process (PID=270) to work on /home/airflow/.local/lib/python3.7/site-packages/airflow/example_dags/example_task_group_decorator.py
[2023-08-18T01:48:45.812+0000] {processor.py:826} INFO - Processing file /home/airflow/.local/lib/python3.7/site-packages/airflow/example_dags/example_task_group_decorator.py for tasks to queue
[2023-08-18T01:48:45.813+0000] {logging_mixin.py:150} INFO - [2023-08-18T01:48:45.813+0000] {dagbag.py:541} INFO - Filling up the DagBag from /home/airflow/.local/lib/python3.7/site-packages/airflow/example_dags/example_task_group_decorator.py
[2023-08-18T01:48:45.829+0000] {processor.py:836} INFO - DAG(s) dict_keys(['example_task_group_decorator']) retrieved from /home/airflow/.local/lib/python3.7/site-packages/airflow/example_dags/example_task_group_decorator.py
[2023-08-18T01:48:45.855+0000] {logging_mixin.py:150} INFO - [2023-08-18T01:48:45.854+0000] {dag.py:2742} INFO - Sync 1 DAGs
[2023-08-18T01:48:45.880+0000] {logging_mixin.py:150} INFO - [2023-08-18T01:48:45.880+0000] {dag.py:3508} INFO - Setting next_dagrun for example_task_group_decorator to 2023-08-17T01:48:45.880487+00:00, run_after=2023-08-18T01:48:45.880487+00:00
[2023-08-18T01:48:45.917+0000] {processor.py:179} INFO - Processing /home/airflow/.local/lib/python3.7/site-packages/airflow/example_dags/example_task_group_decorator.py took 0.108 seconds
[2023-08-18T01:49:16.339+0000] {processor.py:157} INFO - Started process (PID=339) to work on /home/airflow/.local/lib/python3.7/site-packages/airflow/example_dags/example_task_group_decorator.py
[2023-08-18T01:49:16.340+0000] {processor.py:826} INFO - Processing file /home/airflow/.local/lib/python3.7/site-packages/airflow/example_dags/example_task_group_decorator.py for tasks to queue
[2023-08-18T01:49:16.341+0000] {logging_mixin.py:150} INFO - [2023-08-18T01:49:16.341+0000] {dagbag.py:541} INFO - Filling up the DagBag from /home/airflow/.local/lib/python3.7/site-packages/airflow/example_dags/example_task_group_decorator.py
[2023-08-18T01:49:16.359+0000] {processor.py:836} INFO - DAG(s) dict_keys(['example_task_group_decorator']) retrieved from /home/airflow/.local/lib/python3.7/site-packages/airflow/example_dags/example_task_group_decorator.py
[2023-08-18T01:49:16.389+0000] {logging_mixin.py:150} INFO - [2023-08-18T01:49:16.389+0000] {dag.py:2742} INFO - Sync 1 DAGs
[2023-08-18T01:49:16.417+0000] {logging_mixin.py:150} INFO - [2023-08-18T01:49:16.417+0000] {dag.py:3508} INFO - Setting next_dagrun for example_task_group_decorator to 2023-08-17T01:49:16.416903+00:00, run_after=2023-08-18T01:49:16.416903+00:00
[2023-08-18T01:49:16.459+0000] {processor.py:179} INFO - Processing /home/airflow/.local/lib/python3.7/site-packages/airflow/example_dags/example_task_group_decorator.py took 0.123 seconds
[2023-08-18T01:49:46.891+0000] {processor.py:157} INFO - Started process (PID=408) to work on /home/airflow/.local/lib/python3.7/site-packages/airflow/example_dags/example_task_group_decorator.py
[2023-08-18T01:49:46.892+0000] {processor.py:826} INFO - Processing file /home/airflow/.local/lib/python3.7/site-packages/airflow/example_dags/example_task_group_decorator.py for tasks to queue
[2023-08-18T01:49:46.893+0000] {logging_mixin.py:150} INFO - [2023-08-18T01:49:46.893+0000] {dagbag.py:541} INFO - Filling up the DagBag from /home/airflow/.local/lib/python3.7/site-packages/airflow/example_dags/example_task_group_decorator.py
[2023-08-18T01:49:46.908+0000] {processor.py:836} INFO - DAG(s) dict_keys(['example_task_group_decorator']) retrieved from /home/airflow/.local/lib/python3.7/site-packages/airflow/example_dags/example_task_group_decorator.py
[2023-08-18T01:49:46.934+0000] {logging_mixin.py:150} INFO - [2023-08-18T01:49:46.934+0000] {dag.py:2742} INFO - Sync 1 DAGs
[2023-08-18T01:49:46.964+0000] {logging_mixin.py:150} INFO - [2023-08-18T01:49:46.964+0000] {dag.py:3508} INFO - Setting next_dagrun for example_task_group_decorator to 2023-08-17T01:49:46.963783+00:00, run_after=2023-08-18T01:49:46.963783+00:00
[2023-08-18T01:49:47.006+0000] {processor.py:179} INFO - Processing /home/airflow/.local/lib/python3.7/site-packages/airflow/example_dags/example_task_group_decorator.py took 0.117 seconds
[2023-08-18T01:50:17.405+0000] {processor.py:157} INFO - Started process (PID=477) to work on /home/airflow/.local/lib/python3.7/site-packages/airflow/example_dags/example_task_group_decorator.py
[2023-08-18T01:50:17.406+0000] {processor.py:826} INFO - Processing file /home/airflow/.local/lib/python3.7/site-packages/airflow/example_dags/example_task_group_decorator.py for tasks to queue
[2023-08-18T01:50:17.407+0000] {logging_mixin.py:150} INFO - [2023-08-18T01:50:17.407+0000] {dagbag.py:541} INFO - Filling up the DagBag from /home/airflow/.local/lib/python3.7/site-packages/airflow/example_dags/example_task_group_decorator.py
[2023-08-18T01:50:17.423+0000] {processor.py:836} INFO - DAG(s) dict_keys(['example_task_group_decorator']) retrieved from /home/airflow/.local/lib/python3.7/site-packages/airflow/example_dags/example_task_group_decorator.py
[2023-08-18T01:50:17.452+0000] {logging_mixin.py:150} INFO - [2023-08-18T01:50:17.452+0000] {dag.py:2742} INFO - Sync 1 DAGs
[2023-08-18T01:50:17.481+0000] {logging_mixin.py:150} INFO - [2023-08-18T01:50:17.480+0000] {dag.py:3508} INFO - Setting next_dagrun for example_task_group_decorator to 2023-08-17T01:50:17.480718+00:00, run_after=2023-08-18T01:50:17.480718+00:00
[2023-08-18T01:50:17.521+0000] {processor.py:179} INFO - Processing /home/airflow/.local/lib/python3.7/site-packages/airflow/example_dags/example_task_group_decorator.py took 0.118 seconds
[2023-08-18T01:50:47.897+0000] {processor.py:157} INFO - Started process (PID=546) to work on /home/airflow/.local/lib/python3.7/site-packages/airflow/example_dags/example_task_group_decorator.py
[2023-08-18T01:50:47.898+0000] {processor.py:826} INFO - Processing file /home/airflow/.local/lib/python3.7/site-packages/airflow/example_dags/example_task_group_decorator.py for tasks to queue
[2023-08-18T01:50:47.899+0000] {logging_mixin.py:150} INFO - [2023-08-18T01:50:47.899+0000] {dagbag.py:541} INFO - Filling up the DagBag from /home/airflow/.local/lib/python3.7/site-packages/airflow/example_dags/example_task_group_decorator.py
[2023-08-18T01:50:47.917+0000] {processor.py:836} INFO - DAG(s) dict_keys(['example_task_group_decorator']) retrieved from /home/airflow/.local/lib/python3.7/site-packages/airflow/example_dags/example_task_group_decorator.py
[2023-08-18T01:50:47.945+0000] {logging_mixin.py:150} INFO - [2023-08-18T01:50:47.945+0000] {dag.py:2742} INFO - Sync 1 DAGs
[2023-08-18T01:50:47.973+0000] {logging_mixin.py:150} INFO - [2023-08-18T01:50:47.972+0000] {dag.py:3508} INFO - Setting next_dagrun for example_task_group_decorator to 2023-08-17T01:50:47.972681+00:00, run_after=2023-08-18T01:50:47.972681+00:00
[2023-08-18T01:50:48.013+0000] {processor.py:179} INFO - Processing /home/airflow/.local/lib/python3.7/site-packages/airflow/example_dags/example_task_group_decorator.py took 0.119 seconds
[2023-08-18T01:51:18.281+0000] {processor.py:157} INFO - Started process (PID=615) to work on /home/airflow/.local/lib/python3.7/site-packages/airflow/example_dags/example_task_group_decorator.py
[2023-08-18T01:51:18.282+0000] {processor.py:826} INFO - Processing file /home/airflow/.local/lib/python3.7/site-packages/airflow/example_dags/example_task_group_decorator.py for tasks to queue
[2023-08-18T01:51:18.284+0000] {logging_mixin.py:150} INFO - [2023-08-18T01:51:18.284+0000] {dagbag.py:541} INFO - Filling up the DagBag from /home/airflow/.local/lib/python3.7/site-packages/airflow/example_dags/example_task_group_decorator.py
[2023-08-18T01:51:18.300+0000] {processor.py:836} INFO - DAG(s) dict_keys(['example_task_group_decorator']) retrieved from /home/airflow/.local/lib/python3.7/site-packages/airflow/example_dags/example_task_group_decorator.py
[2023-08-18T01:51:18.333+0000] {logging_mixin.py:150} INFO - [2023-08-18T01:51:18.333+0000] {dag.py:2742} INFO - Sync 1 DAGs
[2023-08-18T01:51:18.362+0000] {logging_mixin.py:150} INFO - [2023-08-18T01:51:18.362+0000] {dag.py:3508} INFO - Setting next_dagrun for example_task_group_decorator to 2023-08-17T01:51:18.361954+00:00, run_after=2023-08-18T01:51:18.361954+00:00
[2023-08-18T01:51:18.402+0000] {processor.py:179} INFO - Processing /home/airflow/.local/lib/python3.7/site-packages/airflow/example_dags/example_task_group_decorator.py took 0.124 seconds
[2023-08-18T01:51:48.842+0000] {processor.py:157} INFO - Started process (PID=684) to work on /home/airflow/.local/lib/python3.7/site-packages/airflow/example_dags/example_task_group_decorator.py
[2023-08-18T01:51:48.842+0000] {processor.py:826} INFO - Processing file /home/airflow/.local/lib/python3.7/site-packages/airflow/example_dags/example_task_group_decorator.py for tasks to queue
[2023-08-18T01:51:48.843+0000] {logging_mixin.py:150} INFO - [2023-08-18T01:51:48.843+0000] {dagbag.py:541} INFO - Filling up the DagBag from /home/airflow/.local/lib/python3.7/site-packages/airflow/example_dags/example_task_group_decorator.py
[2023-08-18T01:51:48.859+0000] {processor.py:836} INFO - DAG(s) dict_keys(['example_task_group_decorator']) retrieved from /home/airflow/.local/lib/python3.7/site-packages/airflow/example_dags/example_task_group_decorator.py
[2023-08-18T01:51:48.885+0000] {logging_mixin.py:150} INFO - [2023-08-18T01:51:48.885+0000] {dag.py:2742} INFO - Sync 1 DAGs
[2023-08-18T01:51:48.909+0000] {logging_mixin.py:150} INFO - [2023-08-18T01:51:48.909+0000] {dag.py:3508} INFO - Setting next_dagrun for example_task_group_decorator to 2023-08-17T01:51:48.909402+00:00, run_after=2023-08-18T01:51:48.909402+00:00
[2023-08-18T01:51:48.946+0000] {processor.py:179} INFO - Processing /home/airflow/.local/lib/python3.7/site-packages/airflow/example_dags/example_task_group_decorator.py took 0.107 seconds
[2023-08-18T01:52:19.197+0000] {processor.py:157} INFO - Started process (PID=753) to work on /home/airflow/.local/lib/python3.7/site-packages/airflow/example_dags/example_task_group_decorator.py
[2023-08-18T01:52:19.198+0000] {processor.py:826} INFO - Processing file /home/airflow/.local/lib/python3.7/site-packages/airflow/example_dags/example_task_group_decorator.py for tasks to queue
[2023-08-18T01:52:19.200+0000] {logging_mixin.py:150} INFO - [2023-08-18T01:52:19.199+0000] {dagbag.py:541} INFO - Filling up the DagBag from /home/airflow/.local/lib/python3.7/site-packages/airflow/example_dags/example_task_group_decorator.py
[2023-08-18T01:52:19.216+0000] {processor.py:836} INFO - DAG(s) dict_keys(['example_task_group_decorator']) retrieved from /home/airflow/.local/lib/python3.7/site-packages/airflow/example_dags/example_task_group_decorator.py
[2023-08-18T01:52:19.244+0000] {logging_mixin.py:150} INFO - [2023-08-18T01:52:19.244+0000] {dag.py:2742} INFO - Sync 1 DAGs
[2023-08-18T01:52:19.273+0000] {logging_mixin.py:150} INFO - [2023-08-18T01:52:19.273+0000] {dag.py:3508} INFO - Setting next_dagrun for example_task_group_decorator to 2023-08-17T01:52:19.273383+00:00, run_after=2023-08-18T01:52:19.273383+00:00
[2023-08-18T01:52:19.312+0000] {processor.py:179} INFO - Processing /home/airflow/.local/lib/python3.7/site-packages/airflow/example_dags/example_task_group_decorator.py took 0.118 seconds
[2023-08-18T01:52:50.517+0000] {processor.py:157} INFO - Started process (PID=823) to work on /home/airflow/.local/lib/python3.7/site-packages/airflow/example_dags/example_task_group_decorator.py
[2023-08-18T01:52:50.518+0000] {processor.py:826} INFO - Processing file /home/airflow/.local/lib/python3.7/site-packages/airflow/example_dags/example_task_group_decorator.py for tasks to queue
[2023-08-18T01:52:50.519+0000] {logging_mixin.py:150} INFO - [2023-08-18T01:52:50.519+0000] {dagbag.py:541} INFO - Filling up the DagBag from /home/airflow/.local/lib/python3.7/site-packages/airflow/example_dags/example_task_group_decorator.py
[2023-08-18T01:52:50.535+0000] {processor.py:836} INFO - DAG(s) dict_keys(['example_task_group_decorator']) retrieved from /home/airflow/.local/lib/python3.7/site-packages/airflow/example_dags/example_task_group_decorator.py
[2023-08-18T01:52:50.561+0000] {logging_mixin.py:150} INFO - [2023-08-18T01:52:50.561+0000] {dag.py:2742} INFO - Sync 1 DAGs
[2023-08-18T01:52:50.586+0000] {logging_mixin.py:150} INFO - [2023-08-18T01:52:50.586+0000] {dag.py:3508} INFO - Setting next_dagrun for example_task_group_decorator to 2023-08-17T01:52:50.585863+00:00, run_after=2023-08-18T01:52:50.585863+00:00
[2023-08-18T01:52:50.623+0000] {processor.py:179} INFO - Processing /home/airflow/.local/lib/python3.7/site-packages/airflow/example_dags/example_task_group_decorator.py took 0.110 seconds
[2023-08-18T01:53:20.891+0000] {processor.py:157} INFO - Started process (PID=892) to work on /home/airflow/.local/lib/python3.7/site-packages/airflow/example_dags/example_task_group_decorator.py
[2023-08-18T01:53:20.892+0000] {processor.py:826} INFO - Processing file /home/airflow/.local/lib/python3.7/site-packages/airflow/example_dags/example_task_group_decorator.py for tasks to queue
[2023-08-18T01:53:20.893+0000] {logging_mixin.py:150} INFO - [2023-08-18T01:53:20.893+0000] {dagbag.py:541} INFO - Filling up the DagBag from /home/airflow/.local/lib/python3.7/site-packages/airflow/example_dags/example_task_group_decorator.py
[2023-08-18T01:53:20.908+0000] {processor.py:836} INFO - DAG(s) dict_keys(['example_task_group_decorator']) retrieved from /home/airflow/.local/lib/python3.7/site-packages/airflow/example_dags/example_task_group_decorator.py
[2023-08-18T01:53:20.938+0000] {logging_mixin.py:150} INFO - [2023-08-18T01:53:20.938+0000] {dag.py:2742} INFO - Sync 1 DAGs
[2023-08-18T01:53:20.964+0000] {logging_mixin.py:150} INFO - [2023-08-18T01:53:20.964+0000] {dag.py:3508} INFO - Setting next_dagrun for example_task_group_decorator to 2023-08-17T01:53:20.964441+00:00, run_after=2023-08-18T01:53:20.964441+00:00
[2023-08-18T01:53:21.002+0000] {processor.py:179} INFO - Processing /home/airflow/.local/lib/python3.7/site-packages/airflow/example_dags/example_task_group_decorator.py took 0.114 seconds
