[2023-08-18T01:47:13.564+0000] {processor.py:157} INFO - Started process (PID=56) to work on /home/airflow/.local/lib/python3.7/site-packages/airflow/example_dags/example_skip_dag.py
[2023-08-18T01:47:13.565+0000] {processor.py:826} INFO - Processing file /home/airflow/.local/lib/python3.7/site-packages/airflow/example_dags/example_skip_dag.py for tasks to queue
[2023-08-18T01:47:13.567+0000] {logging_mixin.py:150} INFO - [2023-08-18T01:47:13.566+0000] {dagbag.py:541} INFO - Filling up the DagBag from /home/airflow/.local/lib/python3.7/site-packages/airflow/example_dags/example_skip_dag.py
[2023-08-18T01:47:13.576+0000] {processor.py:836} INFO - DAG(s) dict_keys(['example_skip_dag']) retrieved from /home/airflow/.local/lib/python3.7/site-packages/airflow/example_dags/example_skip_dag.py
[2023-08-18T01:47:13.588+0000] {logging_mixin.py:150} INFO - [2023-08-18T01:47:13.588+0000] {dag.py:2742} INFO - Sync 1 DAGs
[2023-08-18T01:47:13.614+0000] {logging_mixin.py:150} INFO - [2023-08-18T01:47:13.614+0000] {dag.py:3508} INFO - Setting next_dagrun for example_skip_dag to 2023-08-17T01:47:13.614179+00:00, run_after=2023-08-18T01:47:13.614179+00:00
[2023-08-18T01:47:13.657+0000] {processor.py:179} INFO - Processing /home/airflow/.local/lib/python3.7/site-packages/airflow/example_dags/example_skip_dag.py took 0.095 seconds
[2023-08-18T01:47:44.257+0000] {processor.py:157} INFO - Started process (PID=125) to work on /home/airflow/.local/lib/python3.7/site-packages/airflow/example_dags/example_skip_dag.py
[2023-08-18T01:47:44.258+0000] {processor.py:826} INFO - Processing file /home/airflow/.local/lib/python3.7/site-packages/airflow/example_dags/example_skip_dag.py for tasks to queue
[2023-08-18T01:47:44.259+0000] {logging_mixin.py:150} INFO - [2023-08-18T01:47:44.259+0000] {dagbag.py:541} INFO - Filling up the DagBag from /home/airflow/.local/lib/python3.7/site-packages/airflow/example_dags/example_skip_dag.py
[2023-08-18T01:47:44.266+0000] {processor.py:836} INFO - DAG(s) dict_keys(['example_skip_dag']) retrieved from /home/airflow/.local/lib/python3.7/site-packages/airflow/example_dags/example_skip_dag.py
[2023-08-18T01:47:44.289+0000] {logging_mixin.py:150} INFO - [2023-08-18T01:47:44.289+0000] {dag.py:2742} INFO - Sync 1 DAGs
[2023-08-18T01:47:44.316+0000] {logging_mixin.py:150} INFO - [2023-08-18T01:47:44.316+0000] {dag.py:3508} INFO - Setting next_dagrun for example_skip_dag to 2023-08-17T01:47:44.316182+00:00, run_after=2023-08-18T01:47:44.316182+00:00
[2023-08-18T01:47:44.351+0000] {processor.py:179} INFO - Processing /home/airflow/.local/lib/python3.7/site-packages/airflow/example_dags/example_skip_dag.py took 0.096 seconds
[2023-08-18T01:48:14.918+0000] {processor.py:157} INFO - Started process (PID=194) to work on /home/airflow/.local/lib/python3.7/site-packages/airflow/example_dags/example_skip_dag.py
[2023-08-18T01:48:14.919+0000] {processor.py:826} INFO - Processing file /home/airflow/.local/lib/python3.7/site-packages/airflow/example_dags/example_skip_dag.py for tasks to queue
[2023-08-18T01:48:14.920+0000] {logging_mixin.py:150} INFO - [2023-08-18T01:48:14.920+0000] {dagbag.py:541} INFO - Filling up the DagBag from /home/airflow/.local/lib/python3.7/site-packages/airflow/example_dags/example_skip_dag.py
[2023-08-18T01:48:14.928+0000] {processor.py:836} INFO - DAG(s) dict_keys(['example_skip_dag']) retrieved from /home/airflow/.local/lib/python3.7/site-packages/airflow/example_dags/example_skip_dag.py
[2023-08-18T01:48:14.953+0000] {logging_mixin.py:150} INFO - [2023-08-18T01:48:14.953+0000] {dag.py:2742} INFO - Sync 1 DAGs
[2023-08-18T01:48:14.986+0000] {logging_mixin.py:150} INFO - [2023-08-18T01:48:14.986+0000] {dag.py:3508} INFO - Setting next_dagrun for example_skip_dag to 2023-08-17T01:48:14.985788+00:00, run_after=2023-08-18T01:48:14.985788+00:00
[2023-08-18T01:48:15.027+0000] {processor.py:179} INFO - Processing /home/airflow/.local/lib/python3.7/site-packages/airflow/example_dags/example_skip_dag.py took 0.113 seconds
[2023-08-18T01:48:45.304+0000] {processor.py:157} INFO - Started process (PID=263) to work on /home/airflow/.local/lib/python3.7/site-packages/airflow/example_dags/example_skip_dag.py
[2023-08-18T01:48:45.305+0000] {processor.py:826} INFO - Processing file /home/airflow/.local/lib/python3.7/site-packages/airflow/example_dags/example_skip_dag.py for tasks to queue
[2023-08-18T01:48:45.306+0000] {logging_mixin.py:150} INFO - [2023-08-18T01:48:45.306+0000] {dagbag.py:541} INFO - Filling up the DagBag from /home/airflow/.local/lib/python3.7/site-packages/airflow/example_dags/example_skip_dag.py
[2023-08-18T01:48:45.316+0000] {processor.py:836} INFO - DAG(s) dict_keys(['example_skip_dag']) retrieved from /home/airflow/.local/lib/python3.7/site-packages/airflow/example_dags/example_skip_dag.py
[2023-08-18T01:48:45.349+0000] {logging_mixin.py:150} INFO - [2023-08-18T01:48:45.349+0000] {dag.py:2742} INFO - Sync 1 DAGs
[2023-08-18T01:48:45.384+0000] {logging_mixin.py:150} INFO - [2023-08-18T01:48:45.384+0000] {dag.py:3508} INFO - Setting next_dagrun for example_skip_dag to 2023-08-17T01:48:45.384095+00:00, run_after=2023-08-18T01:48:45.384095+00:00
[2023-08-18T01:48:45.423+0000] {processor.py:179} INFO - Processing /home/airflow/.local/lib/python3.7/site-packages/airflow/example_dags/example_skip_dag.py took 0.124 seconds
[2023-08-18T01:49:15.821+0000] {processor.py:157} INFO - Started process (PID=332) to work on /home/airflow/.local/lib/python3.7/site-packages/airflow/example_dags/example_skip_dag.py
[2023-08-18T01:49:15.822+0000] {processor.py:826} INFO - Processing file /home/airflow/.local/lib/python3.7/site-packages/airflow/example_dags/example_skip_dag.py for tasks to queue
[2023-08-18T01:49:15.824+0000] {logging_mixin.py:150} INFO - [2023-08-18T01:49:15.823+0000] {dagbag.py:541} INFO - Filling up the DagBag from /home/airflow/.local/lib/python3.7/site-packages/airflow/example_dags/example_skip_dag.py
[2023-08-18T01:49:15.830+0000] {processor.py:836} INFO - DAG(s) dict_keys(['example_skip_dag']) retrieved from /home/airflow/.local/lib/python3.7/site-packages/airflow/example_dags/example_skip_dag.py
[2023-08-18T01:49:15.853+0000] {logging_mixin.py:150} INFO - [2023-08-18T01:49:15.853+0000] {dag.py:2742} INFO - Sync 1 DAGs
[2023-08-18T01:49:15.880+0000] {logging_mixin.py:150} INFO - [2023-08-18T01:49:15.880+0000] {dag.py:3508} INFO - Setting next_dagrun for example_skip_dag to 2023-08-17T01:49:15.880564+00:00, run_after=2023-08-18T01:49:15.880564+00:00
[2023-08-18T01:49:15.923+0000] {processor.py:179} INFO - Processing /home/airflow/.local/lib/python3.7/site-packages/airflow/example_dags/example_skip_dag.py took 0.106 seconds
[2023-08-18T01:49:46.294+0000] {processor.py:157} INFO - Started process (PID=401) to work on /home/airflow/.local/lib/python3.7/site-packages/airflow/example_dags/example_skip_dag.py
[2023-08-18T01:49:46.295+0000] {processor.py:826} INFO - Processing file /home/airflow/.local/lib/python3.7/site-packages/airflow/example_dags/example_skip_dag.py for tasks to queue
[2023-08-18T01:49:46.297+0000] {logging_mixin.py:150} INFO - [2023-08-18T01:49:46.296+0000] {dagbag.py:541} INFO - Filling up the DagBag from /home/airflow/.local/lib/python3.7/site-packages/airflow/example_dags/example_skip_dag.py
[2023-08-18T01:49:46.304+0000] {processor.py:836} INFO - DAG(s) dict_keys(['example_skip_dag']) retrieved from /home/airflow/.local/lib/python3.7/site-packages/airflow/example_dags/example_skip_dag.py
[2023-08-18T01:49:46.327+0000] {logging_mixin.py:150} INFO - [2023-08-18T01:49:46.326+0000] {dag.py:2742} INFO - Sync 1 DAGs
[2023-08-18T01:49:46.353+0000] {logging_mixin.py:150} INFO - [2023-08-18T01:49:46.353+0000] {dag.py:3508} INFO - Setting next_dagrun for example_skip_dag to 2023-08-17T01:49:46.353198+00:00, run_after=2023-08-18T01:49:46.353198+00:00
[2023-08-18T01:49:46.417+0000] {processor.py:179} INFO - Processing /home/airflow/.local/lib/python3.7/site-packages/airflow/example_dags/example_skip_dag.py took 0.125 seconds
[2023-08-18T01:50:16.864+0000] {processor.py:157} INFO - Started process (PID=470) to work on /home/airflow/.local/lib/python3.7/site-packages/airflow/example_dags/example_skip_dag.py
[2023-08-18T01:50:16.865+0000] {processor.py:826} INFO - Processing file /home/airflow/.local/lib/python3.7/site-packages/airflow/example_dags/example_skip_dag.py for tasks to queue
[2023-08-18T01:50:16.866+0000] {logging_mixin.py:150} INFO - [2023-08-18T01:50:16.866+0000] {dagbag.py:541} INFO - Filling up the DagBag from /home/airflow/.local/lib/python3.7/site-packages/airflow/example_dags/example_skip_dag.py
[2023-08-18T01:50:16.874+0000] {processor.py:836} INFO - DAG(s) dict_keys(['example_skip_dag']) retrieved from /home/airflow/.local/lib/python3.7/site-packages/airflow/example_dags/example_skip_dag.py
[2023-08-18T01:50:16.898+0000] {logging_mixin.py:150} INFO - [2023-08-18T01:50:16.898+0000] {dag.py:2742} INFO - Sync 1 DAGs
[2023-08-18T01:50:16.928+0000] {logging_mixin.py:150} INFO - [2023-08-18T01:50:16.928+0000] {dag.py:3508} INFO - Setting next_dagrun for example_skip_dag to 2023-08-17T01:50:16.927979+00:00, run_after=2023-08-18T01:50:16.927979+00:00
[2023-08-18T01:50:16.969+0000] {processor.py:179} INFO - Processing /home/airflow/.local/lib/python3.7/site-packages/airflow/example_dags/example_skip_dag.py took 0.108 seconds
[2023-08-18T01:50:47.336+0000] {processor.py:157} INFO - Started process (PID=539) to work on /home/airflow/.local/lib/python3.7/site-packages/airflow/example_dags/example_skip_dag.py
[2023-08-18T01:50:47.337+0000] {processor.py:826} INFO - Processing file /home/airflow/.local/lib/python3.7/site-packages/airflow/example_dags/example_skip_dag.py for tasks to queue
[2023-08-18T01:50:47.338+0000] {logging_mixin.py:150} INFO - [2023-08-18T01:50:47.337+0000] {dagbag.py:541} INFO - Filling up the DagBag from /home/airflow/.local/lib/python3.7/site-packages/airflow/example_dags/example_skip_dag.py
[2023-08-18T01:50:47.344+0000] {processor.py:836} INFO - DAG(s) dict_keys(['example_skip_dag']) retrieved from /home/airflow/.local/lib/python3.7/site-packages/airflow/example_dags/example_skip_dag.py
[2023-08-18T01:50:47.367+0000] {logging_mixin.py:150} INFO - [2023-08-18T01:50:47.367+0000] {dag.py:2742} INFO - Sync 1 DAGs
[2023-08-18T01:50:47.393+0000] {logging_mixin.py:150} INFO - [2023-08-18T01:50:47.393+0000] {dag.py:3508} INFO - Setting next_dagrun for example_skip_dag to 2023-08-17T01:50:47.392830+00:00, run_after=2023-08-18T01:50:47.392830+00:00
[2023-08-18T01:50:47.445+0000] {processor.py:179} INFO - Processing /home/airflow/.local/lib/python3.7/site-packages/airflow/example_dags/example_skip_dag.py took 0.113 seconds
[2023-08-18T01:51:17.812+0000] {processor.py:157} INFO - Started process (PID=608) to work on /home/airflow/.local/lib/python3.7/site-packages/airflow/example_dags/example_skip_dag.py
[2023-08-18T01:51:17.813+0000] {processor.py:826} INFO - Processing file /home/airflow/.local/lib/python3.7/site-packages/airflow/example_dags/example_skip_dag.py for tasks to queue
[2023-08-18T01:51:17.814+0000] {logging_mixin.py:150} INFO - [2023-08-18T01:51:17.814+0000] {dagbag.py:541} INFO - Filling up the DagBag from /home/airflow/.local/lib/python3.7/site-packages/airflow/example_dags/example_skip_dag.py
[2023-08-18T01:51:17.822+0000] {processor.py:836} INFO - DAG(s) dict_keys(['example_skip_dag']) retrieved from /home/airflow/.local/lib/python3.7/site-packages/airflow/example_dags/example_skip_dag.py
[2023-08-18T01:51:17.846+0000] {logging_mixin.py:150} INFO - [2023-08-18T01:51:17.846+0000] {dag.py:2742} INFO - Sync 1 DAGs
[2023-08-18T01:51:17.872+0000] {logging_mixin.py:150} INFO - [2023-08-18T01:51:17.872+0000] {dag.py:3508} INFO - Setting next_dagrun for example_skip_dag to 2023-08-17T01:51:17.872519+00:00, run_after=2023-08-18T01:51:17.872519+00:00
[2023-08-18T01:51:17.913+0000] {processor.py:179} INFO - Processing /home/airflow/.local/lib/python3.7/site-packages/airflow/example_dags/example_skip_dag.py took 0.103 seconds
[2023-08-18T01:51:48.398+0000] {processor.py:157} INFO - Started process (PID=677) to work on /home/airflow/.local/lib/python3.7/site-packages/airflow/example_dags/example_skip_dag.py
[2023-08-18T01:51:48.400+0000] {processor.py:826} INFO - Processing file /home/airflow/.local/lib/python3.7/site-packages/airflow/example_dags/example_skip_dag.py for tasks to queue
[2023-08-18T01:51:48.402+0000] {logging_mixin.py:150} INFO - [2023-08-18T01:51:48.401+0000] {dagbag.py:541} INFO - Filling up the DagBag from /home/airflow/.local/lib/python3.7/site-packages/airflow/example_dags/example_skip_dag.py
[2023-08-18T01:51:48.411+0000] {processor.py:836} INFO - DAG(s) dict_keys(['example_skip_dag']) retrieved from /home/airflow/.local/lib/python3.7/site-packages/airflow/example_dags/example_skip_dag.py
[2023-08-18T01:51:48.450+0000] {logging_mixin.py:150} INFO - [2023-08-18T01:51:48.450+0000] {dag.py:2742} INFO - Sync 1 DAGs
[2023-08-18T01:51:48.481+0000] {logging_mixin.py:150} INFO - [2023-08-18T01:51:48.481+0000] {dag.py:3508} INFO - Setting next_dagrun for example_skip_dag to 2023-08-17T01:51:48.481209+00:00, run_after=2023-08-18T01:51:48.481209+00:00
[2023-08-18T01:51:48.519+0000] {processor.py:179} INFO - Processing /home/airflow/.local/lib/python3.7/site-packages/airflow/example_dags/example_skip_dag.py took 0.125 seconds
[2023-08-18T01:52:18.706+0000] {processor.py:157} INFO - Started process (PID=746) to work on /home/airflow/.local/lib/python3.7/site-packages/airflow/example_dags/example_skip_dag.py
[2023-08-18T01:52:18.707+0000] {processor.py:826} INFO - Processing file /home/airflow/.local/lib/python3.7/site-packages/airflow/example_dags/example_skip_dag.py for tasks to queue
[2023-08-18T01:52:18.708+0000] {logging_mixin.py:150} INFO - [2023-08-18T01:52:18.708+0000] {dagbag.py:541} INFO - Filling up the DagBag from /home/airflow/.local/lib/python3.7/site-packages/airflow/example_dags/example_skip_dag.py
[2023-08-18T01:52:18.715+0000] {processor.py:836} INFO - DAG(s) dict_keys(['example_skip_dag']) retrieved from /home/airflow/.local/lib/python3.7/site-packages/airflow/example_dags/example_skip_dag.py
[2023-08-18T01:52:18.739+0000] {logging_mixin.py:150} INFO - [2023-08-18T01:52:18.739+0000] {dag.py:2742} INFO - Sync 1 DAGs
[2023-08-18T01:52:18.766+0000] {logging_mixin.py:150} INFO - [2023-08-18T01:52:18.766+0000] {dag.py:3508} INFO - Setting next_dagrun for example_skip_dag to 2023-08-17T01:52:18.765963+00:00, run_after=2023-08-18T01:52:18.765963+00:00
[2023-08-18T01:52:18.804+0000] {processor.py:179} INFO - Processing /home/airflow/.local/lib/python3.7/site-packages/airflow/example_dags/example_skip_dag.py took 0.100 seconds
[2023-08-18T01:52:50.015+0000] {processor.py:157} INFO - Started process (PID=816) to work on /home/airflow/.local/lib/python3.7/site-packages/airflow/example_dags/example_skip_dag.py
[2023-08-18T01:52:50.016+0000] {processor.py:826} INFO - Processing file /home/airflow/.local/lib/python3.7/site-packages/airflow/example_dags/example_skip_dag.py for tasks to queue
[2023-08-18T01:52:50.017+0000] {logging_mixin.py:150} INFO - [2023-08-18T01:52:50.016+0000] {dagbag.py:541} INFO - Filling up the DagBag from /home/airflow/.local/lib/python3.7/site-packages/airflow/example_dags/example_skip_dag.py
[2023-08-18T01:52:50.023+0000] {processor.py:836} INFO - DAG(s) dict_keys(['example_skip_dag']) retrieved from /home/airflow/.local/lib/python3.7/site-packages/airflow/example_dags/example_skip_dag.py
[2023-08-18T01:52:50.050+0000] {logging_mixin.py:150} INFO - [2023-08-18T01:52:50.050+0000] {dag.py:2742} INFO - Sync 1 DAGs
[2023-08-18T01:52:50.080+0000] {logging_mixin.py:150} INFO - [2023-08-18T01:52:50.080+0000] {dag.py:3508} INFO - Setting next_dagrun for example_skip_dag to 2023-08-17T01:52:50.079933+00:00, run_after=2023-08-18T01:52:50.079933+00:00
[2023-08-18T01:52:50.121+0000] {processor.py:179} INFO - Processing /home/airflow/.local/lib/python3.7/site-packages/airflow/example_dags/example_skip_dag.py took 0.109 seconds
[2023-08-18T01:53:20.391+0000] {processor.py:157} INFO - Started process (PID=885) to work on /home/airflow/.local/lib/python3.7/site-packages/airflow/example_dags/example_skip_dag.py
[2023-08-18T01:53:20.393+0000] {processor.py:826} INFO - Processing file /home/airflow/.local/lib/python3.7/site-packages/airflow/example_dags/example_skip_dag.py for tasks to queue
[2023-08-18T01:53:20.394+0000] {logging_mixin.py:150} INFO - [2023-08-18T01:53:20.394+0000] {dagbag.py:541} INFO - Filling up the DagBag from /home/airflow/.local/lib/python3.7/site-packages/airflow/example_dags/example_skip_dag.py
[2023-08-18T01:53:20.402+0000] {processor.py:836} INFO - DAG(s) dict_keys(['example_skip_dag']) retrieved from /home/airflow/.local/lib/python3.7/site-packages/airflow/example_dags/example_skip_dag.py
[2023-08-18T01:53:20.426+0000] {logging_mixin.py:150} INFO - [2023-08-18T01:53:20.426+0000] {dag.py:2742} INFO - Sync 1 DAGs
[2023-08-18T01:53:20.452+0000] {logging_mixin.py:150} INFO - [2023-08-18T01:53:20.452+0000] {dag.py:3508} INFO - Setting next_dagrun for example_skip_dag to 2023-08-17T01:53:20.452312+00:00, run_after=2023-08-18T01:53:20.452312+00:00
[2023-08-18T01:53:20.489+0000] {processor.py:179} INFO - Processing /home/airflow/.local/lib/python3.7/site-packages/airflow/example_dags/example_skip_dag.py took 0.101 seconds
