[2023-08-18T01:47:14.046+0000] {processor.py:157} INFO - Started process (PID=62) to work on /home/airflow/.local/lib/python3.7/site-packages/airflow/example_dags/example_external_task_marker_dag.py
[2023-08-18T01:47:14.047+0000] {processor.py:826} INFO - Processing file /home/airflow/.local/lib/python3.7/site-packages/airflow/example_dags/example_external_task_marker_dag.py for tasks to queue
[2023-08-18T01:47:14.048+0000] {logging_mixin.py:150} INFO - [2023-08-18T01:47:14.048+0000] {dagbag.py:541} INFO - Filling up the DagBag from /home/airflow/.local/lib/python3.7/site-packages/airflow/example_dags/example_external_task_marker_dag.py
[2023-08-18T01:47:14.057+0000] {processor.py:836} INFO - DAG(s) dict_keys(['example_external_task_marker_child', 'example_external_task_marker_parent']) retrieved from /home/airflow/.local/lib/python3.7/site-packages/airflow/example_dags/example_external_task_marker_dag.py
[2023-08-18T01:47:14.069+0000] {logging_mixin.py:150} INFO - [2023-08-18T01:47:14.068+0000] {dag.py:2742} INFO - Sync 2 DAGs
[2023-08-18T01:47:14.095+0000] {logging_mixin.py:150} INFO - [2023-08-18T01:47:14.095+0000] {dag.py:3508} INFO - Setting next_dagrun for example_external_task_marker_child to None, run_after=None
[2023-08-18T01:47:14.100+0000] {logging_mixin.py:150} INFO - [2023-08-18T01:47:14.099+0000] {dag.py:3508} INFO - Setting next_dagrun for example_external_task_marker_parent to None, run_after=None
[2023-08-18T01:47:14.203+0000] {processor.py:179} INFO - Processing /home/airflow/.local/lib/python3.7/site-packages/airflow/example_dags/example_external_task_marker_dag.py took 0.159 seconds
[2023-08-18T01:47:44.649+0000] {processor.py:157} INFO - Started process (PID=131) to work on /home/airflow/.local/lib/python3.7/site-packages/airflow/example_dags/example_external_task_marker_dag.py
[2023-08-18T01:47:44.650+0000] {processor.py:826} INFO - Processing file /home/airflow/.local/lib/python3.7/site-packages/airflow/example_dags/example_external_task_marker_dag.py for tasks to queue
[2023-08-18T01:47:44.652+0000] {logging_mixin.py:150} INFO - [2023-08-18T01:47:44.652+0000] {dagbag.py:541} INFO - Filling up the DagBag from /home/airflow/.local/lib/python3.7/site-packages/airflow/example_dags/example_external_task_marker_dag.py
[2023-08-18T01:47:44.657+0000] {processor.py:836} INFO - DAG(s) dict_keys(['example_external_task_marker_parent', 'example_external_task_marker_child']) retrieved from /home/airflow/.local/lib/python3.7/site-packages/airflow/example_dags/example_external_task_marker_dag.py
[2023-08-18T01:47:44.687+0000] {logging_mixin.py:150} INFO - [2023-08-18T01:47:44.687+0000] {dag.py:2742} INFO - Sync 2 DAGs
[2023-08-18T01:47:44.714+0000] {logging_mixin.py:150} INFO - [2023-08-18T01:47:44.714+0000] {dag.py:3508} INFO - Setting next_dagrun for example_external_task_marker_child to None, run_after=None
[2023-08-18T01:47:44.719+0000] {logging_mixin.py:150} INFO - [2023-08-18T01:47:44.719+0000] {dag.py:3508} INFO - Setting next_dagrun for example_external_task_marker_parent to None, run_after=None
[2023-08-18T01:47:44.780+0000] {processor.py:179} INFO - Processing /home/airflow/.local/lib/python3.7/site-packages/airflow/example_dags/example_external_task_marker_dag.py took 0.133 seconds
[2023-08-18T01:48:15.347+0000] {processor.py:157} INFO - Started process (PID=200) to work on /home/airflow/.local/lib/python3.7/site-packages/airflow/example_dags/example_external_task_marker_dag.py
[2023-08-18T01:48:15.348+0000] {processor.py:826} INFO - Processing file /home/airflow/.local/lib/python3.7/site-packages/airflow/example_dags/example_external_task_marker_dag.py for tasks to queue
[2023-08-18T01:48:15.349+0000] {logging_mixin.py:150} INFO - [2023-08-18T01:48:15.349+0000] {dagbag.py:541} INFO - Filling up the DagBag from /home/airflow/.local/lib/python3.7/site-packages/airflow/example_dags/example_external_task_marker_dag.py
[2023-08-18T01:48:15.356+0000] {processor.py:836} INFO - DAG(s) dict_keys(['example_external_task_marker_child', 'example_external_task_marker_parent']) retrieved from /home/airflow/.local/lib/python3.7/site-packages/airflow/example_dags/example_external_task_marker_dag.py
[2023-08-18T01:48:15.385+0000] {logging_mixin.py:150} INFO - [2023-08-18T01:48:15.385+0000] {dag.py:2742} INFO - Sync 2 DAGs
[2023-08-18T01:48:15.414+0000] {logging_mixin.py:150} INFO - [2023-08-18T01:48:15.413+0000] {dag.py:3508} INFO - Setting next_dagrun for example_external_task_marker_child to None, run_after=None
[2023-08-18T01:48:15.419+0000] {logging_mixin.py:150} INFO - [2023-08-18T01:48:15.418+0000] {dag.py:3508} INFO - Setting next_dagrun for example_external_task_marker_parent to None, run_after=None
[2023-08-18T01:48:15.457+0000] {processor.py:179} INFO - Processing /home/airflow/.local/lib/python3.7/site-packages/airflow/example_dags/example_external_task_marker_dag.py took 0.112 seconds
[2023-08-18T01:48:45.754+0000] {processor.py:157} INFO - Started process (PID=269) to work on /home/airflow/.local/lib/python3.7/site-packages/airflow/example_dags/example_external_task_marker_dag.py
[2023-08-18T01:48:45.755+0000] {processor.py:826} INFO - Processing file /home/airflow/.local/lib/python3.7/site-packages/airflow/example_dags/example_external_task_marker_dag.py for tasks to queue
[2023-08-18T01:48:45.756+0000] {logging_mixin.py:150} INFO - [2023-08-18T01:48:45.756+0000] {dagbag.py:541} INFO - Filling up the DagBag from /home/airflow/.local/lib/python3.7/site-packages/airflow/example_dags/example_external_task_marker_dag.py
[2023-08-18T01:48:45.761+0000] {processor.py:836} INFO - DAG(s) dict_keys(['example_external_task_marker_parent', 'example_external_task_marker_child']) retrieved from /home/airflow/.local/lib/python3.7/site-packages/airflow/example_dags/example_external_task_marker_dag.py
[2023-08-18T01:48:45.788+0000] {logging_mixin.py:150} INFO - [2023-08-18T01:48:45.788+0000] {dag.py:2742} INFO - Sync 2 DAGs
[2023-08-18T01:48:45.814+0000] {logging_mixin.py:150} INFO - [2023-08-18T01:48:45.814+0000] {dag.py:3508} INFO - Setting next_dagrun for example_external_task_marker_child to None, run_after=None
[2023-08-18T01:48:45.818+0000] {logging_mixin.py:150} INFO - [2023-08-18T01:48:45.818+0000] {dag.py:3508} INFO - Setting next_dagrun for example_external_task_marker_parent to None, run_after=None
[2023-08-18T01:48:45.852+0000] {processor.py:179} INFO - Processing /home/airflow/.local/lib/python3.7/site-packages/airflow/example_dags/example_external_task_marker_dag.py took 0.101 seconds
[2023-08-18T01:49:16.249+0000] {processor.py:157} INFO - Started process (PID=338) to work on /home/airflow/.local/lib/python3.7/site-packages/airflow/example_dags/example_external_task_marker_dag.py
[2023-08-18T01:49:16.250+0000] {processor.py:826} INFO - Processing file /home/airflow/.local/lib/python3.7/site-packages/airflow/example_dags/example_external_task_marker_dag.py for tasks to queue
[2023-08-18T01:49:16.251+0000] {logging_mixin.py:150} INFO - [2023-08-18T01:49:16.251+0000] {dagbag.py:541} INFO - Filling up the DagBag from /home/airflow/.local/lib/python3.7/site-packages/airflow/example_dags/example_external_task_marker_dag.py
[2023-08-18T01:49:16.256+0000] {processor.py:836} INFO - DAG(s) dict_keys(['example_external_task_marker_child', 'example_external_task_marker_parent']) retrieved from /home/airflow/.local/lib/python3.7/site-packages/airflow/example_dags/example_external_task_marker_dag.py
[2023-08-18T01:49:16.280+0000] {logging_mixin.py:150} INFO - [2023-08-18T01:49:16.280+0000] {dag.py:2742} INFO - Sync 2 DAGs
[2023-08-18T01:49:16.304+0000] {logging_mixin.py:150} INFO - [2023-08-18T01:49:16.304+0000] {dag.py:3508} INFO - Setting next_dagrun for example_external_task_marker_child to None, run_after=None
[2023-08-18T01:49:16.308+0000] {logging_mixin.py:150} INFO - [2023-08-18T01:49:16.308+0000] {dag.py:3508} INFO - Setting next_dagrun for example_external_task_marker_parent to None, run_after=None
[2023-08-18T01:49:16.342+0000] {processor.py:179} INFO - Processing /home/airflow/.local/lib/python3.7/site-packages/airflow/example_dags/example_external_task_marker_dag.py took 0.096 seconds
[2023-08-18T01:49:46.768+0000] {processor.py:157} INFO - Started process (PID=407) to work on /home/airflow/.local/lib/python3.7/site-packages/airflow/example_dags/example_external_task_marker_dag.py
[2023-08-18T01:49:46.769+0000] {processor.py:826} INFO - Processing file /home/airflow/.local/lib/python3.7/site-packages/airflow/example_dags/example_external_task_marker_dag.py for tasks to queue
[2023-08-18T01:49:46.770+0000] {logging_mixin.py:150} INFO - [2023-08-18T01:49:46.770+0000] {dagbag.py:541} INFO - Filling up the DagBag from /home/airflow/.local/lib/python3.7/site-packages/airflow/example_dags/example_external_task_marker_dag.py
[2023-08-18T01:49:46.775+0000] {processor.py:836} INFO - DAG(s) dict_keys(['example_external_task_marker_child', 'example_external_task_marker_parent']) retrieved from /home/airflow/.local/lib/python3.7/site-packages/airflow/example_dags/example_external_task_marker_dag.py
[2023-08-18T01:49:46.802+0000] {logging_mixin.py:150} INFO - [2023-08-18T01:49:46.802+0000] {dag.py:2742} INFO - Sync 2 DAGs
[2023-08-18T01:49:46.827+0000] {logging_mixin.py:150} INFO - [2023-08-18T01:49:46.827+0000] {dag.py:3508} INFO - Setting next_dagrun for example_external_task_marker_child to None, run_after=None
[2023-08-18T01:49:46.831+0000] {logging_mixin.py:150} INFO - [2023-08-18T01:49:46.831+0000] {dag.py:3508} INFO - Setting next_dagrun for example_external_task_marker_parent to None, run_after=None
[2023-08-18T01:49:46.940+0000] {processor.py:179} INFO - Processing /home/airflow/.local/lib/python3.7/site-packages/airflow/example_dags/example_external_task_marker_dag.py took 0.175 seconds
[2023-08-18T01:50:17.357+0000] {processor.py:157} INFO - Started process (PID=476) to work on /home/airflow/.local/lib/python3.7/site-packages/airflow/example_dags/example_external_task_marker_dag.py
[2023-08-18T01:50:17.358+0000] {processor.py:826} INFO - Processing file /home/airflow/.local/lib/python3.7/site-packages/airflow/example_dags/example_external_task_marker_dag.py for tasks to queue
[2023-08-18T01:50:17.360+0000] {logging_mixin.py:150} INFO - [2023-08-18T01:50:17.359+0000] {dagbag.py:541} INFO - Filling up the DagBag from /home/airflow/.local/lib/python3.7/site-packages/airflow/example_dags/example_external_task_marker_dag.py
[2023-08-18T01:50:17.366+0000] {processor.py:836} INFO - DAG(s) dict_keys(['example_external_task_marker_parent', 'example_external_task_marker_child']) retrieved from /home/airflow/.local/lib/python3.7/site-packages/airflow/example_dags/example_external_task_marker_dag.py
[2023-08-18T01:50:17.399+0000] {logging_mixin.py:150} INFO - [2023-08-18T01:50:17.399+0000] {dag.py:2742} INFO - Sync 2 DAGs
[2023-08-18T01:50:17.426+0000] {logging_mixin.py:150} INFO - [2023-08-18T01:50:17.426+0000] {dag.py:3508} INFO - Setting next_dagrun for example_external_task_marker_child to None, run_after=None
[2023-08-18T01:50:17.431+0000] {logging_mixin.py:150} INFO - [2023-08-18T01:50:17.431+0000] {dag.py:3508} INFO - Setting next_dagrun for example_external_task_marker_parent to None, run_after=None
[2023-08-18T01:50:17.500+0000] {processor.py:179} INFO - Processing /home/airflow/.local/lib/python3.7/site-packages/airflow/example_dags/example_external_task_marker_dag.py took 0.146 seconds
[2023-08-18T01:50:47.769+0000] {processor.py:157} INFO - Started process (PID=545) to work on /home/airflow/.local/lib/python3.7/site-packages/airflow/example_dags/example_external_task_marker_dag.py
[2023-08-18T01:50:47.770+0000] {processor.py:826} INFO - Processing file /home/airflow/.local/lib/python3.7/site-packages/airflow/example_dags/example_external_task_marker_dag.py for tasks to queue
[2023-08-18T01:50:47.771+0000] {logging_mixin.py:150} INFO - [2023-08-18T01:50:47.771+0000] {dagbag.py:541} INFO - Filling up the DagBag from /home/airflow/.local/lib/python3.7/site-packages/airflow/example_dags/example_external_task_marker_dag.py
[2023-08-18T01:50:47.776+0000] {processor.py:836} INFO - DAG(s) dict_keys(['example_external_task_marker_parent', 'example_external_task_marker_child']) retrieved from /home/airflow/.local/lib/python3.7/site-packages/airflow/example_dags/example_external_task_marker_dag.py
[2023-08-18T01:50:47.802+0000] {logging_mixin.py:150} INFO - [2023-08-18T01:50:47.802+0000] {dag.py:2742} INFO - Sync 2 DAGs
[2023-08-18T01:50:47.828+0000] {logging_mixin.py:150} INFO - [2023-08-18T01:50:47.828+0000] {dag.py:3508} INFO - Setting next_dagrun for example_external_task_marker_child to None, run_after=None
[2023-08-18T01:50:47.833+0000] {logging_mixin.py:150} INFO - [2023-08-18T01:50:47.833+0000] {dag.py:3508} INFO - Setting next_dagrun for example_external_task_marker_parent to None, run_after=None
[2023-08-18T01:50:47.898+0000] {processor.py:179} INFO - Processing /home/airflow/.local/lib/python3.7/site-packages/airflow/example_dags/example_external_task_marker_dag.py took 0.132 seconds
[2023-08-18T01:51:18.224+0000] {processor.py:157} INFO - Started process (PID=614) to work on /home/airflow/.local/lib/python3.7/site-packages/airflow/example_dags/example_external_task_marker_dag.py
[2023-08-18T01:51:18.225+0000] {processor.py:826} INFO - Processing file /home/airflow/.local/lib/python3.7/site-packages/airflow/example_dags/example_external_task_marker_dag.py for tasks to queue
[2023-08-18T01:51:18.226+0000] {logging_mixin.py:150} INFO - [2023-08-18T01:51:18.225+0000] {dagbag.py:541} INFO - Filling up the DagBag from /home/airflow/.local/lib/python3.7/site-packages/airflow/example_dags/example_external_task_marker_dag.py
[2023-08-18T01:51:18.231+0000] {processor.py:836} INFO - DAG(s) dict_keys(['example_external_task_marker_parent', 'example_external_task_marker_child']) retrieved from /home/airflow/.local/lib/python3.7/site-packages/airflow/example_dags/example_external_task_marker_dag.py
[2023-08-18T01:51:18.255+0000] {logging_mixin.py:150} INFO - [2023-08-18T01:51:18.255+0000] {dag.py:2742} INFO - Sync 2 DAGs
[2023-08-18T01:51:18.283+0000] {logging_mixin.py:150} INFO - [2023-08-18T01:51:18.283+0000] {dag.py:3508} INFO - Setting next_dagrun for example_external_task_marker_child to None, run_after=None
[2023-08-18T01:51:18.287+0000] {logging_mixin.py:150} INFO - [2023-08-18T01:51:18.287+0000] {dag.py:3508} INFO - Setting next_dagrun for example_external_task_marker_parent to None, run_after=None
[2023-08-18T01:51:18.324+0000] {processor.py:179} INFO - Processing /home/airflow/.local/lib/python3.7/site-packages/airflow/example_dags/example_external_task_marker_dag.py took 0.103 seconds
[2023-08-18T01:51:48.818+0000] {processor.py:157} INFO - Started process (PID=683) to work on /home/airflow/.local/lib/python3.7/site-packages/airflow/example_dags/example_external_task_marker_dag.py
[2023-08-18T01:51:48.819+0000] {processor.py:826} INFO - Processing file /home/airflow/.local/lib/python3.7/site-packages/airflow/example_dags/example_external_task_marker_dag.py for tasks to queue
[2023-08-18T01:51:48.820+0000] {logging_mixin.py:150} INFO - [2023-08-18T01:51:48.820+0000] {dagbag.py:541} INFO - Filling up the DagBag from /home/airflow/.local/lib/python3.7/site-packages/airflow/example_dags/example_external_task_marker_dag.py
[2023-08-18T01:51:48.825+0000] {processor.py:836} INFO - DAG(s) dict_keys(['example_external_task_marker_child', 'example_external_task_marker_parent']) retrieved from /home/airflow/.local/lib/python3.7/site-packages/airflow/example_dags/example_external_task_marker_dag.py
[2023-08-18T01:51:48.851+0000] {logging_mixin.py:150} INFO - [2023-08-18T01:51:48.851+0000] {dag.py:2742} INFO - Sync 2 DAGs
[2023-08-18T01:51:48.876+0000] {logging_mixin.py:150} INFO - [2023-08-18T01:51:48.875+0000] {dag.py:3508} INFO - Setting next_dagrun for example_external_task_marker_child to None, run_after=None
[2023-08-18T01:51:48.879+0000] {logging_mixin.py:150} INFO - [2023-08-18T01:51:48.879+0000] {dag.py:3508} INFO - Setting next_dagrun for example_external_task_marker_parent to None, run_after=None
[2023-08-18T01:51:48.913+0000] {processor.py:179} INFO - Processing /home/airflow/.local/lib/python3.7/site-packages/airflow/example_dags/example_external_task_marker_dag.py took 0.099 seconds
[2023-08-18T01:52:19.125+0000] {processor.py:157} INFO - Started process (PID=752) to work on /home/airflow/.local/lib/python3.7/site-packages/airflow/example_dags/example_external_task_marker_dag.py
[2023-08-18T01:52:19.126+0000] {processor.py:826} INFO - Processing file /home/airflow/.local/lib/python3.7/site-packages/airflow/example_dags/example_external_task_marker_dag.py for tasks to queue
[2023-08-18T01:52:19.127+0000] {logging_mixin.py:150} INFO - [2023-08-18T01:52:19.127+0000] {dagbag.py:541} INFO - Filling up the DagBag from /home/airflow/.local/lib/python3.7/site-packages/airflow/example_dags/example_external_task_marker_dag.py
[2023-08-18T01:52:19.133+0000] {processor.py:836} INFO - DAG(s) dict_keys(['example_external_task_marker_child', 'example_external_task_marker_parent']) retrieved from /home/airflow/.local/lib/python3.7/site-packages/airflow/example_dags/example_external_task_marker_dag.py
[2023-08-18T01:52:19.160+0000] {logging_mixin.py:150} INFO - [2023-08-18T01:52:19.160+0000] {dag.py:2742} INFO - Sync 2 DAGs
[2023-08-18T01:52:19.190+0000] {logging_mixin.py:150} INFO - [2023-08-18T01:52:19.190+0000] {dag.py:3508} INFO - Setting next_dagrun for example_external_task_marker_child to None, run_after=None
[2023-08-18T01:52:19.193+0000] {logging_mixin.py:150} INFO - [2023-08-18T01:52:19.193+0000] {dag.py:3508} INFO - Setting next_dagrun for example_external_task_marker_parent to None, run_after=None
[2023-08-18T01:52:19.228+0000] {processor.py:179} INFO - Processing /home/airflow/.local/lib/python3.7/site-packages/airflow/example_dags/example_external_task_marker_dag.py took 0.107 seconds
[2023-08-18T01:52:50.476+0000] {processor.py:157} INFO - Started process (PID=822) to work on /home/airflow/.local/lib/python3.7/site-packages/airflow/example_dags/example_external_task_marker_dag.py
[2023-08-18T01:52:50.477+0000] {processor.py:826} INFO - Processing file /home/airflow/.local/lib/python3.7/site-packages/airflow/example_dags/example_external_task_marker_dag.py for tasks to queue
[2023-08-18T01:52:50.479+0000] {logging_mixin.py:150} INFO - [2023-08-18T01:52:50.478+0000] {dagbag.py:541} INFO - Filling up the DagBag from /home/airflow/.local/lib/python3.7/site-packages/airflow/example_dags/example_external_task_marker_dag.py
[2023-08-18T01:52:50.485+0000] {processor.py:836} INFO - DAG(s) dict_keys(['example_external_task_marker_parent', 'example_external_task_marker_child']) retrieved from /home/airflow/.local/lib/python3.7/site-packages/airflow/example_dags/example_external_task_marker_dag.py
[2023-08-18T01:52:50.514+0000] {logging_mixin.py:150} INFO - [2023-08-18T01:52:50.513+0000] {dag.py:2742} INFO - Sync 2 DAGs
[2023-08-18T01:52:50.541+0000] {logging_mixin.py:150} INFO - [2023-08-18T01:52:50.541+0000] {dag.py:3508} INFO - Setting next_dagrun for example_external_task_marker_child to None, run_after=None
[2023-08-18T01:52:50.545+0000] {logging_mixin.py:150} INFO - [2023-08-18T01:52:50.544+0000] {dag.py:3508} INFO - Setting next_dagrun for example_external_task_marker_parent to None, run_after=None
[2023-08-18T01:52:50.581+0000] {processor.py:179} INFO - Processing /home/airflow/.local/lib/python3.7/site-packages/airflow/example_dags/example_external_task_marker_dag.py took 0.107 seconds
[2023-08-18T01:53:20.806+0000] {processor.py:157} INFO - Started process (PID=891) to work on /home/airflow/.local/lib/python3.7/site-packages/airflow/example_dags/example_external_task_marker_dag.py
[2023-08-18T01:53:20.807+0000] {processor.py:826} INFO - Processing file /home/airflow/.local/lib/python3.7/site-packages/airflow/example_dags/example_external_task_marker_dag.py for tasks to queue
[2023-08-18T01:53:20.808+0000] {logging_mixin.py:150} INFO - [2023-08-18T01:53:20.807+0000] {dagbag.py:541} INFO - Filling up the DagBag from /home/airflow/.local/lib/python3.7/site-packages/airflow/example_dags/example_external_task_marker_dag.py
[2023-08-18T01:53:20.813+0000] {processor.py:836} INFO - DAG(s) dict_keys(['example_external_task_marker_parent', 'example_external_task_marker_child']) retrieved from /home/airflow/.local/lib/python3.7/site-packages/airflow/example_dags/example_external_task_marker_dag.py
[2023-08-18T01:53:20.843+0000] {logging_mixin.py:150} INFO - [2023-08-18T01:53:20.842+0000] {dag.py:2742} INFO - Sync 2 DAGs
[2023-08-18T01:53:20.869+0000] {logging_mixin.py:150} INFO - [2023-08-18T01:53:20.869+0000] {dag.py:3508} INFO - Setting next_dagrun for example_external_task_marker_child to None, run_after=None
[2023-08-18T01:53:20.873+0000] {logging_mixin.py:150} INFO - [2023-08-18T01:53:20.873+0000] {dag.py:3508} INFO - Setting next_dagrun for example_external_task_marker_parent to None, run_after=None
[2023-08-18T01:53:20.907+0000] {processor.py:179} INFO - Processing /home/airflow/.local/lib/python3.7/site-packages/airflow/example_dags/example_external_task_marker_dag.py took 0.104 seconds
