[2023-09-30T07:47:50.012+0000] {logging_mixin.py:150} INFO - Changing /opt/***/logs/dag_id=dags_python_with_op_args/run_id=scheduled__2023-08-31T06:30:00+00:00/task_id=register_t1 permission to 509
[2023-09-30T07:47:50.022+0000] {logging_mixin.py:150} INFO - Failed to change /opt/***/logs/dag_id=dags_python_with_op_args/run_id=scheduled__2023-08-31T06:30:00+00:00/task_id=register_t1 permission to 509: [Errno 1] Operation not permitted: '/opt/***/logs/dag_id=dags_python_with_op_args/run_id=scheduled__2023-08-31T06:30:00+00:00/task_id=register_t1'
[2023-09-30T07:47:50.216+0000] {logging_mixin.py:150} INFO - Changing /opt/***/logs/dag_id=dags_python_with_op_args/run_id=scheduled__2023-08-31T06:30:00+00:00/task_id=register_t1 permission to 509
[2023-09-30T07:47:50.219+0000] {logging_mixin.py:150} INFO - Failed to change /opt/***/logs/dag_id=dags_python_with_op_args/run_id=scheduled__2023-08-31T06:30:00+00:00/task_id=register_t1 permission to 509: [Errno 1] Operation not permitted: '/opt/***/logs/dag_id=dags_python_with_op_args/run_id=scheduled__2023-08-31T06:30:00+00:00/task_id=register_t1'
[2023-09-30T07:47:50.919+0000] {taskinstance.py:1103} INFO - Dependencies all met for dep_context=non-requeueable deps ti=<TaskInstance: dags_python_with_op_args.register_t1 scheduled__2023-08-31T06:30:00+00:00 [queued]>
[2023-09-30T07:47:50.935+0000] {taskinstance.py:1103} INFO - Dependencies all met for dep_context=requeueable deps ti=<TaskInstance: dags_python_with_op_args.register_t1 scheduled__2023-08-31T06:30:00+00:00 [queued]>
[2023-09-30T07:47:50.936+0000] {taskinstance.py:1308} INFO - Starting attempt 1 of 1
[2023-09-30T07:47:50.993+0000] {taskinstance.py:1327} INFO - Executing <Task(PythonOperator): register_t1> on 2023-08-31 06:30:00+00:00
[2023-09-30T07:47:51.003+0000] {standard_task_runner.py:57} INFO - Started process 105 to run task
[2023-09-30T07:47:51.016+0000] {standard_task_runner.py:84} INFO - Running: ['***', 'tasks', 'run', 'dags_python_with_op_args', 'register_t1', 'scheduled__2023-08-31T06:30:00+00:00', '--job-id', '242', '--raw', '--subdir', 'DAGS_FOLDER/dags_python_with_op_args.py', '--cfg-path', '/tmp/tmptbetacqw']
[2023-09-30T07:47:51.020+0000] {standard_task_runner.py:85} INFO - Job 242: Subtask register_t1
[2023-09-30T07:47:51.158+0000] {logging_mixin.py:150} INFO - Changing /opt/***/logs/dag_id=dags_python_with_op_args/run_id=scheduled__2023-08-31T06:30:00+00:00/task_id=register_t1 permission to 509
[2023-09-30T07:47:51.161+0000] {logging_mixin.py:150} INFO - Failed to change /opt/***/logs/dag_id=dags_python_with_op_args/run_id=scheduled__2023-08-31T06:30:00+00:00/task_id=register_t1 permission to 509: [Errno 1] Operation not permitted: '/opt/***/logs/dag_id=dags_python_with_op_args/run_id=scheduled__2023-08-31T06:30:00+00:00/task_id=register_t1'
[2023-09-30T07:47:51.167+0000] {task_command.py:410} INFO - Running <TaskInstance: dags_python_with_op_args.register_t1 scheduled__2023-08-31T06:30:00+00:00 [running]> on host 07fcf706bef2
[2023-09-30T07:47:51.417+0000] {taskinstance.py:1547} INFO - Exporting env vars: AIRFLOW_CTX_DAG_OWNER='***' AIRFLOW_CTX_DAG_ID='dags_python_with_op_args' AIRFLOW_CTX_TASK_ID='register_t1' AIRFLOW_CTX_EXECUTION_DATE='2023-08-31T06:30:00+00:00' AIRFLOW_CTX_TRY_NUMBER='1' AIRFLOW_CTX_DAG_RUN_ID='scheduled__2023-08-31T06:30:00+00:00'
[2023-09-30T07:47:51.420+0000] {logging_mixin.py:150} INFO - 이름:allu
[2023-09-30T07:47:51.421+0000] {logging_mixin.py:150} INFO - 성별:male
[2023-09-30T07:47:51.423+0000] {logging_mixin.py:150} INFO - 기타옵션들:('korea', 'seoul')
[2023-09-30T07:47:51.424+0000] {python.py:183} INFO - Done. Returned value was: None
[2023-09-30T07:47:51.445+0000] {taskinstance.py:1350} INFO - Marking task as SUCCESS. dag_id=dags_python_with_op_args, task_id=register_t1, execution_date=20230831T063000, start_date=20230930T074750, end_date=20230930T074751
[2023-09-30T07:47:51.547+0000] {local_task_job_runner.py:225} INFO - Task exited with return code 0
[2023-09-30T07:47:51.570+0000] {taskinstance.py:2653} INFO - 0 downstream tasks scheduled from follow-on schedule check
