[2023-08-27T06:19:22.516+0000] {processor.py:157} INFO - Started process (PID=48) to work on /home/airflow/.local/lib/python3.7/site-packages/airflow/example_dags/example_params_trigger_ui.py
[2023-08-27T06:19:22.517+0000] {processor.py:826} INFO - Processing file /home/airflow/.local/lib/python3.7/site-packages/airflow/example_dags/example_params_trigger_ui.py for tasks to queue
[2023-08-27T06:19:22.518+0000] {logging_mixin.py:150} INFO - [2023-08-27T06:19:22.518+0000] {dagbag.py:541} INFO - Filling up the DagBag from /home/airflow/.local/lib/python3.7/site-packages/airflow/example_dags/example_params_trigger_ui.py
[2023-08-27T06:19:22.541+0000] {processor.py:836} INFO - DAG(s) dict_keys(['example_params_trigger_ui']) retrieved from /home/airflow/.local/lib/python3.7/site-packages/airflow/example_dags/example_params_trigger_ui.py
[2023-08-27T06:19:22.739+0000] {logging_mixin.py:150} INFO - [2023-08-27T06:19:22.738+0000] {dag.py:2742} INFO - Sync 1 DAGs
[2023-08-27T06:19:22.763+0000] {logging_mixin.py:150} INFO - [2023-08-27T06:19:22.763+0000] {dag.py:3508} INFO - Setting next_dagrun for example_params_trigger_ui to None, run_after=None
[2023-08-27T06:19:22.805+0000] {processor.py:179} INFO - Processing /home/airflow/.local/lib/python3.7/site-packages/airflow/example_dags/example_params_trigger_ui.py took 0.291 seconds
[2023-08-27T06:19:52.965+0000] {processor.py:157} INFO - Started process (PID=128) to work on /home/airflow/.local/lib/python3.7/site-packages/airflow/example_dags/example_params_trigger_ui.py
[2023-08-27T06:19:52.966+0000] {processor.py:826} INFO - Processing file /home/airflow/.local/lib/python3.7/site-packages/airflow/example_dags/example_params_trigger_ui.py for tasks to queue
[2023-08-27T06:19:52.967+0000] {logging_mixin.py:150} INFO - [2023-08-27T06:19:52.967+0000] {dagbag.py:541} INFO - Filling up the DagBag from /home/airflow/.local/lib/python3.7/site-packages/airflow/example_dags/example_params_trigger_ui.py
[2023-08-27T06:19:52.988+0000] {processor.py:836} INFO - DAG(s) dict_keys(['example_params_trigger_ui']) retrieved from /home/airflow/.local/lib/python3.7/site-packages/airflow/example_dags/example_params_trigger_ui.py
[2023-08-27T06:19:53.001+0000] {logging_mixin.py:150} INFO - [2023-08-27T06:19:53.001+0000] {dag.py:2742} INFO - Sync 1 DAGs
[2023-08-27T06:19:53.028+0000] {logging_mixin.py:150} INFO - [2023-08-27T06:19:53.028+0000] {dag.py:3508} INFO - Setting next_dagrun for example_params_trigger_ui to None, run_after=None
[2023-08-27T06:19:53.065+0000] {processor.py:179} INFO - Processing /home/airflow/.local/lib/python3.7/site-packages/airflow/example_dags/example_params_trigger_ui.py took 0.103 seconds
[2023-08-27T06:20:23.767+0000] {processor.py:157} INFO - Started process (PID=208) to work on /home/airflow/.local/lib/python3.7/site-packages/airflow/example_dags/example_params_trigger_ui.py
[2023-08-27T06:20:23.768+0000] {processor.py:826} INFO - Processing file /home/airflow/.local/lib/python3.7/site-packages/airflow/example_dags/example_params_trigger_ui.py for tasks to queue
[2023-08-27T06:20:23.768+0000] {logging_mixin.py:150} INFO - [2023-08-27T06:20:23.768+0000] {dagbag.py:541} INFO - Filling up the DagBag from /home/airflow/.local/lib/python3.7/site-packages/airflow/example_dags/example_params_trigger_ui.py
[2023-08-27T06:20:23.787+0000] {processor.py:836} INFO - DAG(s) dict_keys(['example_params_trigger_ui']) retrieved from /home/airflow/.local/lib/python3.7/site-packages/airflow/example_dags/example_params_trigger_ui.py
[2023-08-27T06:20:23.877+0000] {logging_mixin.py:150} INFO - [2023-08-27T06:20:23.877+0000] {dag.py:2742} INFO - Sync 1 DAGs
[2023-08-27T06:20:23.903+0000] {logging_mixin.py:150} INFO - [2023-08-27T06:20:23.903+0000] {dag.py:3508} INFO - Setting next_dagrun for example_params_trigger_ui to None, run_after=None
[2023-08-27T06:20:23.946+0000] {processor.py:179} INFO - Processing /home/airflow/.local/lib/python3.7/site-packages/airflow/example_dags/example_params_trigger_ui.py took 0.181 seconds
[2023-08-27T06:20:54.064+0000] {processor.py:157} INFO - Started process (PID=289) to work on /home/airflow/.local/lib/python3.7/site-packages/airflow/example_dags/example_params_trigger_ui.py
[2023-08-27T06:20:54.065+0000] {processor.py:826} INFO - Processing file /home/airflow/.local/lib/python3.7/site-packages/airflow/example_dags/example_params_trigger_ui.py for tasks to queue
[2023-08-27T06:20:54.066+0000] {logging_mixin.py:150} INFO - [2023-08-27T06:20:54.066+0000] {dagbag.py:541} INFO - Filling up the DagBag from /home/airflow/.local/lib/python3.7/site-packages/airflow/example_dags/example_params_trigger_ui.py
[2023-08-27T06:20:54.084+0000] {processor.py:836} INFO - DAG(s) dict_keys(['example_params_trigger_ui']) retrieved from /home/airflow/.local/lib/python3.7/site-packages/airflow/example_dags/example_params_trigger_ui.py
[2023-08-27T06:20:54.169+0000] {logging_mixin.py:150} INFO - [2023-08-27T06:20:54.169+0000] {dag.py:2742} INFO - Sync 1 DAGs
[2023-08-27T06:20:54.192+0000] {logging_mixin.py:150} INFO - [2023-08-27T06:20:54.192+0000] {dag.py:3508} INFO - Setting next_dagrun for example_params_trigger_ui to None, run_after=None
[2023-08-27T06:20:54.227+0000] {processor.py:179} INFO - Processing /home/airflow/.local/lib/python3.7/site-packages/airflow/example_dags/example_params_trigger_ui.py took 0.165 seconds
[2023-08-27T06:21:24.521+0000] {processor.py:157} INFO - Started process (PID=369) to work on /home/airflow/.local/lib/python3.7/site-packages/airflow/example_dags/example_params_trigger_ui.py
[2023-08-27T06:21:24.522+0000] {processor.py:826} INFO - Processing file /home/airflow/.local/lib/python3.7/site-packages/airflow/example_dags/example_params_trigger_ui.py for tasks to queue
[2023-08-27T06:21:24.523+0000] {logging_mixin.py:150} INFO - [2023-08-27T06:21:24.523+0000] {dagbag.py:541} INFO - Filling up the DagBag from /home/airflow/.local/lib/python3.7/site-packages/airflow/example_dags/example_params_trigger_ui.py
[2023-08-27T06:21:24.542+0000] {processor.py:836} INFO - DAG(s) dict_keys(['example_params_trigger_ui']) retrieved from /home/airflow/.local/lib/python3.7/site-packages/airflow/example_dags/example_params_trigger_ui.py
[2023-08-27T06:21:24.638+0000] {logging_mixin.py:150} INFO - [2023-08-27T06:21:24.638+0000] {dag.py:2742} INFO - Sync 1 DAGs
[2023-08-27T06:21:24.666+0000] {logging_mixin.py:150} INFO - [2023-08-27T06:21:24.665+0000] {dag.py:3508} INFO - Setting next_dagrun for example_params_trigger_ui to None, run_after=None
[2023-08-27T06:21:24.726+0000] {processor.py:179} INFO - Processing /home/airflow/.local/lib/python3.7/site-packages/airflow/example_dags/example_params_trigger_ui.py took 0.207 seconds
[2023-08-27T06:21:54.873+0000] {processor.py:157} INFO - Started process (PID=449) to work on /home/airflow/.local/lib/python3.7/site-packages/airflow/example_dags/example_params_trigger_ui.py
[2023-08-27T06:21:54.874+0000] {processor.py:826} INFO - Processing file /home/airflow/.local/lib/python3.7/site-packages/airflow/example_dags/example_params_trigger_ui.py for tasks to queue
[2023-08-27T06:21:54.875+0000] {logging_mixin.py:150} INFO - [2023-08-27T06:21:54.875+0000] {dagbag.py:541} INFO - Filling up the DagBag from /home/airflow/.local/lib/python3.7/site-packages/airflow/example_dags/example_params_trigger_ui.py
[2023-08-27T06:21:54.899+0000] {processor.py:836} INFO - DAG(s) dict_keys(['example_params_trigger_ui']) retrieved from /home/airflow/.local/lib/python3.7/site-packages/airflow/example_dags/example_params_trigger_ui.py
[2023-08-27T06:21:54.997+0000] {logging_mixin.py:150} INFO - [2023-08-27T06:21:54.997+0000] {dag.py:2742} INFO - Sync 1 DAGs
[2023-08-27T06:21:55.023+0000] {logging_mixin.py:150} INFO - [2023-08-27T06:21:55.023+0000] {dag.py:3508} INFO - Setting next_dagrun for example_params_trigger_ui to None, run_after=None
[2023-08-27T06:21:55.063+0000] {processor.py:179} INFO - Processing /home/airflow/.local/lib/python3.7/site-packages/airflow/example_dags/example_params_trigger_ui.py took 0.192 seconds
[2023-08-27T06:22:25.264+0000] {processor.py:157} INFO - Started process (PID=529) to work on /home/airflow/.local/lib/python3.7/site-packages/airflow/example_dags/example_params_trigger_ui.py
[2023-08-27T06:22:25.266+0000] {processor.py:826} INFO - Processing file /home/airflow/.local/lib/python3.7/site-packages/airflow/example_dags/example_params_trigger_ui.py for tasks to queue
[2023-08-27T06:22:25.268+0000] {logging_mixin.py:150} INFO - [2023-08-27T06:22:25.268+0000] {dagbag.py:541} INFO - Filling up the DagBag from /home/airflow/.local/lib/python3.7/site-packages/airflow/example_dags/example_params_trigger_ui.py
[2023-08-27T06:22:25.292+0000] {processor.py:836} INFO - DAG(s) dict_keys(['example_params_trigger_ui']) retrieved from /home/airflow/.local/lib/python3.7/site-packages/airflow/example_dags/example_params_trigger_ui.py
[2023-08-27T06:22:25.388+0000] {logging_mixin.py:150} INFO - [2023-08-27T06:22:25.388+0000] {dag.py:2742} INFO - Sync 1 DAGs
[2023-08-27T06:22:25.415+0000] {logging_mixin.py:150} INFO - [2023-08-27T06:22:25.415+0000] {dag.py:3508} INFO - Setting next_dagrun for example_params_trigger_ui to None, run_after=None
[2023-08-27T06:22:25.452+0000] {processor.py:179} INFO - Processing /home/airflow/.local/lib/python3.7/site-packages/airflow/example_dags/example_params_trigger_ui.py took 0.192 seconds
[2023-08-27T06:22:55.969+0000] {processor.py:157} INFO - Started process (PID=610) to work on /home/airflow/.local/lib/python3.7/site-packages/airflow/example_dags/example_params_trigger_ui.py
[2023-08-27T06:22:55.971+0000] {processor.py:826} INFO - Processing file /home/airflow/.local/lib/python3.7/site-packages/airflow/example_dags/example_params_trigger_ui.py for tasks to queue
[2023-08-27T06:22:55.972+0000] {logging_mixin.py:150} INFO - [2023-08-27T06:22:55.972+0000] {dagbag.py:541} INFO - Filling up the DagBag from /home/airflow/.local/lib/python3.7/site-packages/airflow/example_dags/example_params_trigger_ui.py
[2023-08-27T06:22:55.992+0000] {processor.py:836} INFO - DAG(s) dict_keys(['example_params_trigger_ui']) retrieved from /home/airflow/.local/lib/python3.7/site-packages/airflow/example_dags/example_params_trigger_ui.py
[2023-08-27T06:22:56.087+0000] {logging_mixin.py:150} INFO - [2023-08-27T06:22:56.087+0000] {dag.py:2742} INFO - Sync 1 DAGs
[2023-08-27T06:22:56.115+0000] {logging_mixin.py:150} INFO - [2023-08-27T06:22:56.114+0000] {dag.py:3508} INFO - Setting next_dagrun for example_params_trigger_ui to None, run_after=None
[2023-08-27T06:22:56.169+0000] {processor.py:179} INFO - Processing /home/airflow/.local/lib/python3.7/site-packages/airflow/example_dags/example_params_trigger_ui.py took 0.202 seconds
[2023-08-27T06:23:26.415+0000] {processor.py:157} INFO - Started process (PID=690) to work on /home/airflow/.local/lib/python3.7/site-packages/airflow/example_dags/example_params_trigger_ui.py
[2023-08-27T06:23:26.416+0000] {processor.py:826} INFO - Processing file /home/airflow/.local/lib/python3.7/site-packages/airflow/example_dags/example_params_trigger_ui.py for tasks to queue
[2023-08-27T06:23:26.417+0000] {logging_mixin.py:150} INFO - [2023-08-27T06:23:26.417+0000] {dagbag.py:541} INFO - Filling up the DagBag from /home/airflow/.local/lib/python3.7/site-packages/airflow/example_dags/example_params_trigger_ui.py
[2023-08-27T06:23:26.437+0000] {processor.py:836} INFO - DAG(s) dict_keys(['example_params_trigger_ui']) retrieved from /home/airflow/.local/lib/python3.7/site-packages/airflow/example_dags/example_params_trigger_ui.py
[2023-08-27T06:23:26.525+0000] {logging_mixin.py:150} INFO - [2023-08-27T06:23:26.524+0000] {dag.py:2742} INFO - Sync 1 DAGs
[2023-08-27T06:23:26.548+0000] {logging_mixin.py:150} INFO - [2023-08-27T06:23:26.547+0000] {dag.py:3508} INFO - Setting next_dagrun for example_params_trigger_ui to None, run_after=None
[2023-08-27T06:23:26.634+0000] {processor.py:179} INFO - Processing /home/airflow/.local/lib/python3.7/site-packages/airflow/example_dags/example_params_trigger_ui.py took 0.222 seconds
[2023-08-27T06:23:57.030+0000] {processor.py:157} INFO - Started process (PID=771) to work on /home/airflow/.local/lib/python3.7/site-packages/airflow/example_dags/example_params_trigger_ui.py
[2023-08-27T06:23:57.031+0000] {processor.py:826} INFO - Processing file /home/airflow/.local/lib/python3.7/site-packages/airflow/example_dags/example_params_trigger_ui.py for tasks to queue
[2023-08-27T06:23:57.032+0000] {logging_mixin.py:150} INFO - [2023-08-27T06:23:57.032+0000] {dagbag.py:541} INFO - Filling up the DagBag from /home/airflow/.local/lib/python3.7/site-packages/airflow/example_dags/example_params_trigger_ui.py
[2023-08-27T06:23:57.052+0000] {processor.py:836} INFO - DAG(s) dict_keys(['example_params_trigger_ui']) retrieved from /home/airflow/.local/lib/python3.7/site-packages/airflow/example_dags/example_params_trigger_ui.py
[2023-08-27T06:23:57.145+0000] {logging_mixin.py:150} INFO - [2023-08-27T06:23:57.145+0000] {dag.py:2742} INFO - Sync 1 DAGs
[2023-08-27T06:23:57.170+0000] {logging_mixin.py:150} INFO - [2023-08-27T06:23:57.170+0000] {dag.py:3508} INFO - Setting next_dagrun for example_params_trigger_ui to None, run_after=None
[2023-08-27T06:23:57.206+0000] {processor.py:179} INFO - Processing /home/airflow/.local/lib/python3.7/site-packages/airflow/example_dags/example_params_trigger_ui.py took 0.179 seconds
[2023-08-27T06:24:27.507+0000] {processor.py:157} INFO - Started process (PID=850) to work on /home/airflow/.local/lib/python3.7/site-packages/airflow/example_dags/example_params_trigger_ui.py
[2023-08-27T06:24:27.508+0000] {processor.py:826} INFO - Processing file /home/airflow/.local/lib/python3.7/site-packages/airflow/example_dags/example_params_trigger_ui.py for tasks to queue
[2023-08-27T06:24:27.509+0000] {logging_mixin.py:150} INFO - [2023-08-27T06:24:27.509+0000] {dagbag.py:541} INFO - Filling up the DagBag from /home/airflow/.local/lib/python3.7/site-packages/airflow/example_dags/example_params_trigger_ui.py
[2023-08-27T06:24:27.529+0000] {processor.py:836} INFO - DAG(s) dict_keys(['example_params_trigger_ui']) retrieved from /home/airflow/.local/lib/python3.7/site-packages/airflow/example_dags/example_params_trigger_ui.py
[2023-08-27T06:24:27.621+0000] {logging_mixin.py:150} INFO - [2023-08-27T06:24:27.621+0000] {dag.py:2742} INFO - Sync 1 DAGs
[2023-08-27T06:24:27.645+0000] {logging_mixin.py:150} INFO - [2023-08-27T06:24:27.645+0000] {dag.py:3508} INFO - Setting next_dagrun for example_params_trigger_ui to None, run_after=None
[2023-08-27T06:24:27.681+0000] {processor.py:179} INFO - Processing /home/airflow/.local/lib/python3.7/site-packages/airflow/example_dags/example_params_trigger_ui.py took 0.176 seconds
[2023-08-27T06:24:58.309+0000] {processor.py:157} INFO - Started process (PID=930) to work on /home/airflow/.local/lib/python3.7/site-packages/airflow/example_dags/example_params_trigger_ui.py
[2023-08-27T06:24:58.310+0000] {processor.py:826} INFO - Processing file /home/airflow/.local/lib/python3.7/site-packages/airflow/example_dags/example_params_trigger_ui.py for tasks to queue
[2023-08-27T06:24:58.311+0000] {logging_mixin.py:150} INFO - [2023-08-27T06:24:58.311+0000] {dagbag.py:541} INFO - Filling up the DagBag from /home/airflow/.local/lib/python3.7/site-packages/airflow/example_dags/example_params_trigger_ui.py
[2023-08-27T06:24:58.331+0000] {processor.py:836} INFO - DAG(s) dict_keys(['example_params_trigger_ui']) retrieved from /home/airflow/.local/lib/python3.7/site-packages/airflow/example_dags/example_params_trigger_ui.py
[2023-08-27T06:24:58.426+0000] {logging_mixin.py:150} INFO - [2023-08-27T06:24:58.426+0000] {dag.py:2742} INFO - Sync 1 DAGs
[2023-08-27T06:24:58.453+0000] {logging_mixin.py:150} INFO - [2023-08-27T06:24:58.453+0000] {dag.py:3508} INFO - Setting next_dagrun for example_params_trigger_ui to None, run_after=None
[2023-08-27T06:24:58.493+0000] {processor.py:179} INFO - Processing /home/airflow/.local/lib/python3.7/site-packages/airflow/example_dags/example_params_trigger_ui.py took 0.187 seconds
[2023-08-27T06:25:28.732+0000] {processor.py:157} INFO - Started process (PID=1010) to work on /home/airflow/.local/lib/python3.7/site-packages/airflow/example_dags/example_params_trigger_ui.py
[2023-08-27T06:25:28.734+0000] {processor.py:826} INFO - Processing file /home/airflow/.local/lib/python3.7/site-packages/airflow/example_dags/example_params_trigger_ui.py for tasks to queue
[2023-08-27T06:25:28.735+0000] {logging_mixin.py:150} INFO - [2023-08-27T06:25:28.734+0000] {dagbag.py:541} INFO - Filling up the DagBag from /home/airflow/.local/lib/python3.7/site-packages/airflow/example_dags/example_params_trigger_ui.py
[2023-08-27T06:25:28.755+0000] {processor.py:836} INFO - DAG(s) dict_keys(['example_params_trigger_ui']) retrieved from /home/airflow/.local/lib/python3.7/site-packages/airflow/example_dags/example_params_trigger_ui.py
[2023-08-27T06:25:28.851+0000] {logging_mixin.py:150} INFO - [2023-08-27T06:25:28.851+0000] {dag.py:2742} INFO - Sync 1 DAGs
[2023-08-27T06:25:28.878+0000] {logging_mixin.py:150} INFO - [2023-08-27T06:25:28.877+0000] {dag.py:3508} INFO - Setting next_dagrun for example_params_trigger_ui to None, run_after=None
[2023-08-27T06:25:28.936+0000] {processor.py:179} INFO - Processing /home/airflow/.local/lib/python3.7/site-packages/airflow/example_dags/example_params_trigger_ui.py took 0.207 seconds
[2023-08-27T06:25:59.164+0000] {processor.py:157} INFO - Started process (PID=1090) to work on /home/airflow/.local/lib/python3.7/site-packages/airflow/example_dags/example_params_trigger_ui.py
[2023-08-27T06:25:59.165+0000] {processor.py:826} INFO - Processing file /home/airflow/.local/lib/python3.7/site-packages/airflow/example_dags/example_params_trigger_ui.py for tasks to queue
[2023-08-27T06:25:59.166+0000] {logging_mixin.py:150} INFO - [2023-08-27T06:25:59.166+0000] {dagbag.py:541} INFO - Filling up the DagBag from /home/airflow/.local/lib/python3.7/site-packages/airflow/example_dags/example_params_trigger_ui.py
[2023-08-27T06:25:59.184+0000] {processor.py:836} INFO - DAG(s) dict_keys(['example_params_trigger_ui']) retrieved from /home/airflow/.local/lib/python3.7/site-packages/airflow/example_dags/example_params_trigger_ui.py
[2023-08-27T06:25:59.297+0000] {logging_mixin.py:150} INFO - [2023-08-27T06:25:59.297+0000] {dag.py:2742} INFO - Sync 1 DAGs
[2023-08-27T06:25:59.321+0000] {logging_mixin.py:150} INFO - [2023-08-27T06:25:59.321+0000] {dag.py:3508} INFO - Setting next_dagrun for example_params_trigger_ui to None, run_after=None
[2023-08-27T06:25:59.458+0000] {processor.py:179} INFO - Processing /home/airflow/.local/lib/python3.7/site-packages/airflow/example_dags/example_params_trigger_ui.py took 0.297 seconds
[2023-08-27T06:26:29.736+0000] {processor.py:157} INFO - Started process (PID=1170) to work on /home/airflow/.local/lib/python3.7/site-packages/airflow/example_dags/example_params_trigger_ui.py
[2023-08-27T06:26:29.738+0000] {processor.py:826} INFO - Processing file /home/airflow/.local/lib/python3.7/site-packages/airflow/example_dags/example_params_trigger_ui.py for tasks to queue
[2023-08-27T06:26:29.739+0000] {logging_mixin.py:150} INFO - [2023-08-27T06:26:29.739+0000] {dagbag.py:541} INFO - Filling up the DagBag from /home/airflow/.local/lib/python3.7/site-packages/airflow/example_dags/example_params_trigger_ui.py
[2023-08-27T06:26:29.773+0000] {processor.py:836} INFO - DAG(s) dict_keys(['example_params_trigger_ui']) retrieved from /home/airflow/.local/lib/python3.7/site-packages/airflow/example_dags/example_params_trigger_ui.py
[2023-08-27T06:26:29.868+0000] {logging_mixin.py:150} INFO - [2023-08-27T06:26:29.868+0000] {dag.py:2742} INFO - Sync 1 DAGs
[2023-08-27T06:26:29.894+0000] {logging_mixin.py:150} INFO - [2023-08-27T06:26:29.894+0000] {dag.py:3508} INFO - Setting next_dagrun for example_params_trigger_ui to None, run_after=None
[2023-08-27T06:26:29.933+0000] {processor.py:179} INFO - Processing /home/airflow/.local/lib/python3.7/site-packages/airflow/example_dags/example_params_trigger_ui.py took 0.201 seconds
[2023-08-27T06:26:59.989+0000] {processor.py:157} INFO - Started process (PID=1250) to work on /home/airflow/.local/lib/python3.7/site-packages/airflow/example_dags/example_params_trigger_ui.py
[2023-08-27T06:26:59.989+0000] {processor.py:826} INFO - Processing file /home/airflow/.local/lib/python3.7/site-packages/airflow/example_dags/example_params_trigger_ui.py for tasks to queue
[2023-08-27T06:26:59.991+0000] {logging_mixin.py:150} INFO - [2023-08-27T06:26:59.990+0000] {dagbag.py:541} INFO - Filling up the DagBag from /home/airflow/.local/lib/python3.7/site-packages/airflow/example_dags/example_params_trigger_ui.py
[2023-08-27T06:27:00.010+0000] {processor.py:836} INFO - DAG(s) dict_keys(['example_params_trigger_ui']) retrieved from /home/airflow/.local/lib/python3.7/site-packages/airflow/example_dags/example_params_trigger_ui.py
[2023-08-27T06:27:00.099+0000] {logging_mixin.py:150} INFO - [2023-08-27T06:27:00.099+0000] {dag.py:2742} INFO - Sync 1 DAGs
[2023-08-27T06:27:00.121+0000] {logging_mixin.py:150} INFO - [2023-08-27T06:27:00.121+0000] {dag.py:3508} INFO - Setting next_dagrun for example_params_trigger_ui to None, run_after=None
[2023-08-27T06:27:00.157+0000] {processor.py:179} INFO - Processing /home/airflow/.local/lib/python3.7/site-packages/airflow/example_dags/example_params_trigger_ui.py took 0.170 seconds
[2023-08-27T06:27:30.584+0000] {processor.py:157} INFO - Started process (PID=1330) to work on /home/airflow/.local/lib/python3.7/site-packages/airflow/example_dags/example_params_trigger_ui.py
[2023-08-27T06:27:30.585+0000] {processor.py:826} INFO - Processing file /home/airflow/.local/lib/python3.7/site-packages/airflow/example_dags/example_params_trigger_ui.py for tasks to queue
[2023-08-27T06:27:30.586+0000] {logging_mixin.py:150} INFO - [2023-08-27T06:27:30.586+0000] {dagbag.py:541} INFO - Filling up the DagBag from /home/airflow/.local/lib/python3.7/site-packages/airflow/example_dags/example_params_trigger_ui.py
[2023-08-27T06:27:30.606+0000] {processor.py:836} INFO - DAG(s) dict_keys(['example_params_trigger_ui']) retrieved from /home/airflow/.local/lib/python3.7/site-packages/airflow/example_dags/example_params_trigger_ui.py
[2023-08-27T06:27:30.704+0000] {logging_mixin.py:150} INFO - [2023-08-27T06:27:30.704+0000] {dag.py:2742} INFO - Sync 1 DAGs
[2023-08-27T06:27:30.728+0000] {logging_mixin.py:150} INFO - [2023-08-27T06:27:30.728+0000] {dag.py:3508} INFO - Setting next_dagrun for example_params_trigger_ui to None, run_after=None
[2023-08-27T06:27:30.764+0000] {processor.py:179} INFO - Processing /home/airflow/.local/lib/python3.7/site-packages/airflow/example_dags/example_params_trigger_ui.py took 0.182 seconds
