[2023-08-27T06:19:24.323+0000] {processor.py:157} INFO - Started process (PID=59) to work on /home/airflow/.local/lib/python3.7/site-packages/airflow/example_dags/example_short_circuit_decorator.py
[2023-08-27T06:19:24.324+0000] {processor.py:826} INFO - Processing file /home/airflow/.local/lib/python3.7/site-packages/airflow/example_dags/example_short_circuit_decorator.py for tasks to queue
[2023-08-27T06:19:24.325+0000] {logging_mixin.py:150} INFO - [2023-08-27T06:19:24.325+0000] {dagbag.py:541} INFO - Filling up the DagBag from /home/airflow/.local/lib/python3.7/site-packages/airflow/example_dags/example_short_circuit_decorator.py
[2023-08-27T06:19:24.337+0000] {processor.py:836} INFO - DAG(s) dict_keys(['example_short_circuit_decorator']) retrieved from /home/airflow/.local/lib/python3.7/site-packages/airflow/example_dags/example_short_circuit_decorator.py
[2023-08-27T06:19:24.368+0000] {logging_mixin.py:150} INFO - [2023-08-27T06:19:24.368+0000] {dag.py:2742} INFO - Sync 1 DAGs
[2023-08-27T06:19:24.489+0000] {logging_mixin.py:150} INFO - [2023-08-27T06:19:24.489+0000] {dag.py:3508} INFO - Setting next_dagrun for example_short_circuit_decorator to 2023-08-26T06:19:24.488786+00:00, run_after=2023-08-27T06:19:24.488786+00:00
[2023-08-27T06:19:24.543+0000] {processor.py:179} INFO - Processing /home/airflow/.local/lib/python3.7/site-packages/airflow/example_dags/example_short_circuit_decorator.py took 0.222 seconds
[2023-08-27T06:19:54.882+0000] {processor.py:157} INFO - Started process (PID=139) to work on /home/airflow/.local/lib/python3.7/site-packages/airflow/example_dags/example_short_circuit_decorator.py
[2023-08-27T06:19:54.884+0000] {processor.py:826} INFO - Processing file /home/airflow/.local/lib/python3.7/site-packages/airflow/example_dags/example_short_circuit_decorator.py for tasks to queue
[2023-08-27T06:19:54.885+0000] {logging_mixin.py:150} INFO - [2023-08-27T06:19:54.884+0000] {dagbag.py:541} INFO - Filling up the DagBag from /home/airflow/.local/lib/python3.7/site-packages/airflow/example_dags/example_short_circuit_decorator.py
[2023-08-27T06:19:54.893+0000] {processor.py:836} INFO - DAG(s) dict_keys(['example_short_circuit_decorator']) retrieved from /home/airflow/.local/lib/python3.7/site-packages/airflow/example_dags/example_short_circuit_decorator.py
[2023-08-27T06:19:54.907+0000] {logging_mixin.py:150} INFO - [2023-08-27T06:19:54.907+0000] {dag.py:2742} INFO - Sync 1 DAGs
[2023-08-27T06:19:54.935+0000] {logging_mixin.py:150} INFO - [2023-08-27T06:19:54.934+0000] {dag.py:3508} INFO - Setting next_dagrun for example_short_circuit_decorator to 2023-08-26T06:19:54.934678+00:00, run_after=2023-08-27T06:19:54.934678+00:00
[2023-08-27T06:19:54.974+0000] {processor.py:179} INFO - Processing /home/airflow/.local/lib/python3.7/site-packages/airflow/example_dags/example_short_circuit_decorator.py took 0.095 seconds
[2023-08-27T06:20:25.919+0000] {processor.py:157} INFO - Started process (PID=219) to work on /home/airflow/.local/lib/python3.7/site-packages/airflow/example_dags/example_short_circuit_decorator.py
[2023-08-27T06:20:25.920+0000] {processor.py:826} INFO - Processing file /home/airflow/.local/lib/python3.7/site-packages/airflow/example_dags/example_short_circuit_decorator.py for tasks to queue
[2023-08-27T06:20:25.922+0000] {logging_mixin.py:150} INFO - [2023-08-27T06:20:25.921+0000] {dagbag.py:541} INFO - Filling up the DagBag from /home/airflow/.local/lib/python3.7/site-packages/airflow/example_dags/example_short_circuit_decorator.py
[2023-08-27T06:20:25.931+0000] {processor.py:836} INFO - DAG(s) dict_keys(['example_short_circuit_decorator']) retrieved from /home/airflow/.local/lib/python3.7/site-packages/airflow/example_dags/example_short_circuit_decorator.py
[2023-08-27T06:20:25.957+0000] {logging_mixin.py:150} INFO - [2023-08-27T06:20:25.956+0000] {dag.py:2742} INFO - Sync 1 DAGs
[2023-08-27T06:20:25.983+0000] {logging_mixin.py:150} INFO - [2023-08-27T06:20:25.983+0000] {dag.py:3508} INFO - Setting next_dagrun for example_short_circuit_decorator to 2023-08-26T06:20:25.983328+00:00, run_after=2023-08-27T06:20:25.983328+00:00
[2023-08-27T06:20:26.103+0000] {processor.py:179} INFO - Processing /home/airflow/.local/lib/python3.7/site-packages/airflow/example_dags/example_short_circuit_decorator.py took 0.189 seconds
[2023-08-27T06:20:57.188+0000] {processor.py:157} INFO - Started process (PID=300) to work on /home/airflow/.local/lib/python3.7/site-packages/airflow/example_dags/example_short_circuit_decorator.py
[2023-08-27T06:20:57.188+0000] {processor.py:826} INFO - Processing file /home/airflow/.local/lib/python3.7/site-packages/airflow/example_dags/example_short_circuit_decorator.py for tasks to queue
[2023-08-27T06:20:57.189+0000] {logging_mixin.py:150} INFO - [2023-08-27T06:20:57.189+0000] {dagbag.py:541} INFO - Filling up the DagBag from /home/airflow/.local/lib/python3.7/site-packages/airflow/example_dags/example_short_circuit_decorator.py
[2023-08-27T06:20:57.199+0000] {processor.py:836} INFO - DAG(s) dict_keys(['example_short_circuit_decorator']) retrieved from /home/airflow/.local/lib/python3.7/site-packages/airflow/example_dags/example_short_circuit_decorator.py
[2023-08-27T06:20:57.226+0000] {logging_mixin.py:150} INFO - [2023-08-27T06:20:57.225+0000] {dag.py:2742} INFO - Sync 1 DAGs
[2023-08-27T06:20:57.251+0000] {logging_mixin.py:150} INFO - [2023-08-27T06:20:57.251+0000] {dag.py:3508} INFO - Setting next_dagrun for example_short_circuit_decorator to 2023-08-26T06:20:57.250832+00:00, run_after=2023-08-27T06:20:57.250832+00:00
[2023-08-27T06:20:57.289+0000] {processor.py:179} INFO - Processing /home/airflow/.local/lib/python3.7/site-packages/airflow/example_dags/example_short_circuit_decorator.py took 0.103 seconds
[2023-08-27T06:21:27.893+0000] {processor.py:157} INFO - Started process (PID=380) to work on /home/airflow/.local/lib/python3.7/site-packages/airflow/example_dags/example_short_circuit_decorator.py
[2023-08-27T06:21:27.895+0000] {processor.py:826} INFO - Processing file /home/airflow/.local/lib/python3.7/site-packages/airflow/example_dags/example_short_circuit_decorator.py for tasks to queue
[2023-08-27T06:21:27.896+0000] {logging_mixin.py:150} INFO - [2023-08-27T06:21:27.896+0000] {dagbag.py:541} INFO - Filling up the DagBag from /home/airflow/.local/lib/python3.7/site-packages/airflow/example_dags/example_short_circuit_decorator.py
[2023-08-27T06:21:27.905+0000] {processor.py:836} INFO - DAG(s) dict_keys(['example_short_circuit_decorator']) retrieved from /home/airflow/.local/lib/python3.7/site-packages/airflow/example_dags/example_short_circuit_decorator.py
[2023-08-27T06:21:27.934+0000] {logging_mixin.py:150} INFO - [2023-08-27T06:21:27.934+0000] {dag.py:2742} INFO - Sync 1 DAGs
[2023-08-27T06:21:27.960+0000] {logging_mixin.py:150} INFO - [2023-08-27T06:21:27.960+0000] {dag.py:3508} INFO - Setting next_dagrun for example_short_circuit_decorator to 2023-08-26T06:21:27.960242+00:00, run_after=2023-08-27T06:21:27.960242+00:00
[2023-08-27T06:21:28.046+0000] {processor.py:179} INFO - Processing /home/airflow/.local/lib/python3.7/site-packages/airflow/example_dags/example_short_circuit_decorator.py took 0.156 seconds
[2023-08-27T06:21:58.861+0000] {processor.py:157} INFO - Started process (PID=460) to work on /home/airflow/.local/lib/python3.7/site-packages/airflow/example_dags/example_short_circuit_decorator.py
[2023-08-27T06:21:58.862+0000] {processor.py:826} INFO - Processing file /home/airflow/.local/lib/python3.7/site-packages/airflow/example_dags/example_short_circuit_decorator.py for tasks to queue
[2023-08-27T06:21:58.863+0000] {logging_mixin.py:150} INFO - [2023-08-27T06:21:58.863+0000] {dagbag.py:541} INFO - Filling up the DagBag from /home/airflow/.local/lib/python3.7/site-packages/airflow/example_dags/example_short_circuit_decorator.py
[2023-08-27T06:21:58.871+0000] {processor.py:836} INFO - DAG(s) dict_keys(['example_short_circuit_decorator']) retrieved from /home/airflow/.local/lib/python3.7/site-packages/airflow/example_dags/example_short_circuit_decorator.py
[2023-08-27T06:21:58.892+0000] {logging_mixin.py:150} INFO - [2023-08-27T06:21:58.892+0000] {dag.py:2742} INFO - Sync 1 DAGs
[2023-08-27T06:21:58.916+0000] {logging_mixin.py:150} INFO - [2023-08-27T06:21:58.916+0000] {dag.py:3508} INFO - Setting next_dagrun for example_short_circuit_decorator to 2023-08-26T06:21:58.916380+00:00, run_after=2023-08-27T06:21:58.916380+00:00
[2023-08-27T06:21:58.951+0000] {processor.py:179} INFO - Processing /home/airflow/.local/lib/python3.7/site-packages/airflow/example_dags/example_short_circuit_decorator.py took 0.092 seconds
[2023-08-27T06:22:29.221+0000] {processor.py:157} INFO - Started process (PID=540) to work on /home/airflow/.local/lib/python3.7/site-packages/airflow/example_dags/example_short_circuit_decorator.py
[2023-08-27T06:22:29.222+0000] {processor.py:826} INFO - Processing file /home/airflow/.local/lib/python3.7/site-packages/airflow/example_dags/example_short_circuit_decorator.py for tasks to queue
[2023-08-27T06:22:29.222+0000] {logging_mixin.py:150} INFO - [2023-08-27T06:22:29.222+0000] {dagbag.py:541} INFO - Filling up the DagBag from /home/airflow/.local/lib/python3.7/site-packages/airflow/example_dags/example_short_circuit_decorator.py
[2023-08-27T06:22:29.231+0000] {processor.py:836} INFO - DAG(s) dict_keys(['example_short_circuit_decorator']) retrieved from /home/airflow/.local/lib/python3.7/site-packages/airflow/example_dags/example_short_circuit_decorator.py
[2023-08-27T06:22:29.254+0000] {logging_mixin.py:150} INFO - [2023-08-27T06:22:29.254+0000] {dag.py:2742} INFO - Sync 1 DAGs
[2023-08-27T06:22:29.279+0000] {logging_mixin.py:150} INFO - [2023-08-27T06:22:29.279+0000] {dag.py:3508} INFO - Setting next_dagrun for example_short_circuit_decorator to 2023-08-26T06:22:29.278844+00:00, run_after=2023-08-27T06:22:29.278844+00:00
[2023-08-27T06:22:29.315+0000] {processor.py:179} INFO - Processing /home/airflow/.local/lib/python3.7/site-packages/airflow/example_dags/example_short_circuit_decorator.py took 0.097 seconds
[2023-08-27T06:23:00.073+0000] {processor.py:157} INFO - Started process (PID=621) to work on /home/airflow/.local/lib/python3.7/site-packages/airflow/example_dags/example_short_circuit_decorator.py
[2023-08-27T06:23:00.074+0000] {processor.py:826} INFO - Processing file /home/airflow/.local/lib/python3.7/site-packages/airflow/example_dags/example_short_circuit_decorator.py for tasks to queue
[2023-08-27T06:23:00.075+0000] {logging_mixin.py:150} INFO - [2023-08-27T06:23:00.075+0000] {dagbag.py:541} INFO - Filling up the DagBag from /home/airflow/.local/lib/python3.7/site-packages/airflow/example_dags/example_short_circuit_decorator.py
[2023-08-27T06:23:00.084+0000] {processor.py:836} INFO - DAG(s) dict_keys(['example_short_circuit_decorator']) retrieved from /home/airflow/.local/lib/python3.7/site-packages/airflow/example_dags/example_short_circuit_decorator.py
[2023-08-27T06:23:00.108+0000] {logging_mixin.py:150} INFO - [2023-08-27T06:23:00.108+0000] {dag.py:2742} INFO - Sync 1 DAGs
[2023-08-27T06:23:00.134+0000] {logging_mixin.py:150} INFO - [2023-08-27T06:23:00.134+0000] {dag.py:3508} INFO - Setting next_dagrun for example_short_circuit_decorator to 2023-08-26T06:23:00.134369+00:00, run_after=2023-08-27T06:23:00.134369+00:00
[2023-08-27T06:23:00.189+0000] {processor.py:179} INFO - Processing /home/airflow/.local/lib/python3.7/site-packages/airflow/example_dags/example_short_circuit_decorator.py took 0.119 seconds
[2023-08-27T06:23:30.446+0000] {processor.py:157} INFO - Started process (PID=701) to work on /home/airflow/.local/lib/python3.7/site-packages/airflow/example_dags/example_short_circuit_decorator.py
[2023-08-27T06:23:30.447+0000] {processor.py:826} INFO - Processing file /home/airflow/.local/lib/python3.7/site-packages/airflow/example_dags/example_short_circuit_decorator.py for tasks to queue
[2023-08-27T06:23:30.448+0000] {logging_mixin.py:150} INFO - [2023-08-27T06:23:30.448+0000] {dagbag.py:541} INFO - Filling up the DagBag from /home/airflow/.local/lib/python3.7/site-packages/airflow/example_dags/example_short_circuit_decorator.py
[2023-08-27T06:23:30.457+0000] {processor.py:836} INFO - DAG(s) dict_keys(['example_short_circuit_decorator']) retrieved from /home/airflow/.local/lib/python3.7/site-packages/airflow/example_dags/example_short_circuit_decorator.py
[2023-08-27T06:23:30.480+0000] {logging_mixin.py:150} INFO - [2023-08-27T06:23:30.480+0000] {dag.py:2742} INFO - Sync 1 DAGs
[2023-08-27T06:23:30.504+0000] {logging_mixin.py:150} INFO - [2023-08-27T06:23:30.504+0000] {dag.py:3508} INFO - Setting next_dagrun for example_short_circuit_decorator to 2023-08-26T06:23:30.504030+00:00, run_after=2023-08-27T06:23:30.504030+00:00
[2023-08-27T06:23:30.539+0000] {processor.py:179} INFO - Processing /home/airflow/.local/lib/python3.7/site-packages/airflow/example_dags/example_short_circuit_decorator.py took 0.095 seconds
[2023-08-27T06:24:01.050+0000] {processor.py:157} INFO - Started process (PID=781) to work on /home/airflow/.local/lib/python3.7/site-packages/airflow/example_dags/example_short_circuit_decorator.py
[2023-08-27T06:24:01.051+0000] {processor.py:826} INFO - Processing file /home/airflow/.local/lib/python3.7/site-packages/airflow/example_dags/example_short_circuit_decorator.py for tasks to queue
[2023-08-27T06:24:01.051+0000] {logging_mixin.py:150} INFO - [2023-08-27T06:24:01.051+0000] {dagbag.py:541} INFO - Filling up the DagBag from /home/airflow/.local/lib/python3.7/site-packages/airflow/example_dags/example_short_circuit_decorator.py
[2023-08-27T06:24:01.061+0000] {processor.py:836} INFO - DAG(s) dict_keys(['example_short_circuit_decorator']) retrieved from /home/airflow/.local/lib/python3.7/site-packages/airflow/example_dags/example_short_circuit_decorator.py
[2023-08-27T06:24:01.087+0000] {logging_mixin.py:150} INFO - [2023-08-27T06:24:01.086+0000] {dag.py:2742} INFO - Sync 1 DAGs
[2023-08-27T06:24:01.116+0000] {logging_mixin.py:150} INFO - [2023-08-27T06:24:01.116+0000] {dag.py:3508} INFO - Setting next_dagrun for example_short_circuit_decorator to 2023-08-26T06:24:01.115931+00:00, run_after=2023-08-27T06:24:01.115931+00:00
[2023-08-27T06:24:01.155+0000] {processor.py:179} INFO - Processing /home/airflow/.local/lib/python3.7/site-packages/airflow/example_dags/example_short_circuit_decorator.py took 0.108 seconds
[2023-08-27T06:24:31.613+0000] {processor.py:157} INFO - Started process (PID=861) to work on /home/airflow/.local/lib/python3.7/site-packages/airflow/example_dags/example_short_circuit_decorator.py
[2023-08-27T06:24:31.614+0000] {processor.py:826} INFO - Processing file /home/airflow/.local/lib/python3.7/site-packages/airflow/example_dags/example_short_circuit_decorator.py for tasks to queue
[2023-08-27T06:24:31.614+0000] {logging_mixin.py:150} INFO - [2023-08-27T06:24:31.614+0000] {dagbag.py:541} INFO - Filling up the DagBag from /home/airflow/.local/lib/python3.7/site-packages/airflow/example_dags/example_short_circuit_decorator.py
[2023-08-27T06:24:31.626+0000] {processor.py:836} INFO - DAG(s) dict_keys(['example_short_circuit_decorator']) retrieved from /home/airflow/.local/lib/python3.7/site-packages/airflow/example_dags/example_short_circuit_decorator.py
[2023-08-27T06:24:31.657+0000] {logging_mixin.py:150} INFO - [2023-08-27T06:24:31.657+0000] {dag.py:2742} INFO - Sync 1 DAGs
[2023-08-27T06:24:31.685+0000] {logging_mixin.py:150} INFO - [2023-08-27T06:24:31.685+0000] {dag.py:3508} INFO - Setting next_dagrun for example_short_circuit_decorator to 2023-08-26T06:24:31.685380+00:00, run_after=2023-08-27T06:24:31.685380+00:00
[2023-08-27T06:24:31.724+0000] {processor.py:179} INFO - Processing /home/airflow/.local/lib/python3.7/site-packages/airflow/example_dags/example_short_circuit_decorator.py took 0.114 seconds
[2023-08-27T06:25:02.322+0000] {processor.py:157} INFO - Started process (PID=941) to work on /home/airflow/.local/lib/python3.7/site-packages/airflow/example_dags/example_short_circuit_decorator.py
[2023-08-27T06:25:02.323+0000] {processor.py:826} INFO - Processing file /home/airflow/.local/lib/python3.7/site-packages/airflow/example_dags/example_short_circuit_decorator.py for tasks to queue
[2023-08-27T06:25:02.324+0000] {logging_mixin.py:150} INFO - [2023-08-27T06:25:02.324+0000] {dagbag.py:541} INFO - Filling up the DagBag from /home/airflow/.local/lib/python3.7/site-packages/airflow/example_dags/example_short_circuit_decorator.py
[2023-08-27T06:25:02.332+0000] {processor.py:836} INFO - DAG(s) dict_keys(['example_short_circuit_decorator']) retrieved from /home/airflow/.local/lib/python3.7/site-packages/airflow/example_dags/example_short_circuit_decorator.py
[2023-08-27T06:25:02.355+0000] {logging_mixin.py:150} INFO - [2023-08-27T06:25:02.355+0000] {dag.py:2742} INFO - Sync 1 DAGs
[2023-08-27T06:25:02.386+0000] {logging_mixin.py:150} INFO - [2023-08-27T06:25:02.386+0000] {dag.py:3508} INFO - Setting next_dagrun for example_short_circuit_decorator to 2023-08-26T06:25:02.386435+00:00, run_after=2023-08-27T06:25:02.386435+00:00
[2023-08-27T06:25:02.471+0000] {processor.py:179} INFO - Processing /home/airflow/.local/lib/python3.7/site-packages/airflow/example_dags/example_short_circuit_decorator.py took 0.151 seconds
[2023-08-27T06:25:32.877+0000] {processor.py:157} INFO - Started process (PID=1021) to work on /home/airflow/.local/lib/python3.7/site-packages/airflow/example_dags/example_short_circuit_decorator.py
[2023-08-27T06:25:32.878+0000] {processor.py:826} INFO - Processing file /home/airflow/.local/lib/python3.7/site-packages/airflow/example_dags/example_short_circuit_decorator.py for tasks to queue
[2023-08-27T06:25:32.879+0000] {logging_mixin.py:150} INFO - [2023-08-27T06:25:32.879+0000] {dagbag.py:541} INFO - Filling up the DagBag from /home/airflow/.local/lib/python3.7/site-packages/airflow/example_dags/example_short_circuit_decorator.py
[2023-08-27T06:25:32.888+0000] {processor.py:836} INFO - DAG(s) dict_keys(['example_short_circuit_decorator']) retrieved from /home/airflow/.local/lib/python3.7/site-packages/airflow/example_dags/example_short_circuit_decorator.py
[2023-08-27T06:25:32.918+0000] {logging_mixin.py:150} INFO - [2023-08-27T06:25:32.918+0000] {dag.py:2742} INFO - Sync 1 DAGs
[2023-08-27T06:25:32.947+0000] {logging_mixin.py:150} INFO - [2023-08-27T06:25:32.947+0000] {dag.py:3508} INFO - Setting next_dagrun for example_short_circuit_decorator to 2023-08-26T06:25:32.947233+00:00, run_after=2023-08-27T06:25:32.947233+00:00
[2023-08-27T06:25:32.986+0000] {processor.py:179} INFO - Processing /home/airflow/.local/lib/python3.7/site-packages/airflow/example_dags/example_short_circuit_decorator.py took 0.113 seconds
[2023-08-27T06:26:03.228+0000] {processor.py:157} INFO - Started process (PID=1101) to work on /home/airflow/.local/lib/python3.7/site-packages/airflow/example_dags/example_short_circuit_decorator.py
[2023-08-27T06:26:03.229+0000] {processor.py:826} INFO - Processing file /home/airflow/.local/lib/python3.7/site-packages/airflow/example_dags/example_short_circuit_decorator.py for tasks to queue
[2023-08-27T06:26:03.231+0000] {logging_mixin.py:150} INFO - [2023-08-27T06:26:03.230+0000] {dagbag.py:541} INFO - Filling up the DagBag from /home/airflow/.local/lib/python3.7/site-packages/airflow/example_dags/example_short_circuit_decorator.py
[2023-08-27T06:26:03.240+0000] {processor.py:836} INFO - DAG(s) dict_keys(['example_short_circuit_decorator']) retrieved from /home/airflow/.local/lib/python3.7/site-packages/airflow/example_dags/example_short_circuit_decorator.py
[2023-08-27T06:26:03.266+0000] {logging_mixin.py:150} INFO - [2023-08-27T06:26:03.266+0000] {dag.py:2742} INFO - Sync 1 DAGs
[2023-08-27T06:26:03.291+0000] {logging_mixin.py:150} INFO - [2023-08-27T06:26:03.291+0000] {dag.py:3508} INFO - Setting next_dagrun for example_short_circuit_decorator to 2023-08-26T06:26:03.291108+00:00, run_after=2023-08-27T06:26:03.291108+00:00
[2023-08-27T06:26:03.329+0000] {processor.py:179} INFO - Processing /home/airflow/.local/lib/python3.7/site-packages/airflow/example_dags/example_short_circuit_decorator.py took 0.103 seconds
[2023-08-27T06:26:34.170+0000] {processor.py:157} INFO - Started process (PID=1181) to work on /home/airflow/.local/lib/python3.7/site-packages/airflow/example_dags/example_short_circuit_decorator.py
[2023-08-27T06:26:34.171+0000] {processor.py:826} INFO - Processing file /home/airflow/.local/lib/python3.7/site-packages/airflow/example_dags/example_short_circuit_decorator.py for tasks to queue
[2023-08-27T06:26:34.172+0000] {logging_mixin.py:150} INFO - [2023-08-27T06:26:34.172+0000] {dagbag.py:541} INFO - Filling up the DagBag from /home/airflow/.local/lib/python3.7/site-packages/airflow/example_dags/example_short_circuit_decorator.py
[2023-08-27T06:26:34.182+0000] {processor.py:836} INFO - DAG(s) dict_keys(['example_short_circuit_decorator']) retrieved from /home/airflow/.local/lib/python3.7/site-packages/airflow/example_dags/example_short_circuit_decorator.py
[2023-08-27T06:26:34.209+0000] {logging_mixin.py:150} INFO - [2023-08-27T06:26:34.209+0000] {dag.py:2742} INFO - Sync 1 DAGs
[2023-08-27T06:26:34.238+0000] {logging_mixin.py:150} INFO - [2023-08-27T06:26:34.238+0000] {dag.py:3508} INFO - Setting next_dagrun for example_short_circuit_decorator to 2023-08-26T06:26:34.238400+00:00, run_after=2023-08-27T06:26:34.238400+00:00
[2023-08-27T06:26:34.289+0000] {processor.py:179} INFO - Processing /home/airflow/.local/lib/python3.7/site-packages/airflow/example_dags/example_short_circuit_decorator.py took 0.121 seconds
[2023-08-27T06:27:05.117+0000] {processor.py:157} INFO - Started process (PID=1261) to work on /home/airflow/.local/lib/python3.7/site-packages/airflow/example_dags/example_short_circuit_decorator.py
[2023-08-27T06:27:05.118+0000] {processor.py:826} INFO - Processing file /home/airflow/.local/lib/python3.7/site-packages/airflow/example_dags/example_short_circuit_decorator.py for tasks to queue
[2023-08-27T06:27:05.119+0000] {logging_mixin.py:150} INFO - [2023-08-27T06:27:05.119+0000] {dagbag.py:541} INFO - Filling up the DagBag from /home/airflow/.local/lib/python3.7/site-packages/airflow/example_dags/example_short_circuit_decorator.py
[2023-08-27T06:27:05.127+0000] {processor.py:836} INFO - DAG(s) dict_keys(['example_short_circuit_decorator']) retrieved from /home/airflow/.local/lib/python3.7/site-packages/airflow/example_dags/example_short_circuit_decorator.py
[2023-08-27T06:27:05.156+0000] {logging_mixin.py:150} INFO - [2023-08-27T06:27:05.156+0000] {dag.py:2742} INFO - Sync 1 DAGs
[2023-08-27T06:27:05.184+0000] {logging_mixin.py:150} INFO - [2023-08-27T06:27:05.184+0000] {dag.py:3508} INFO - Setting next_dagrun for example_short_circuit_decorator to 2023-08-26T06:27:05.184461+00:00, run_after=2023-08-27T06:27:05.184461+00:00
[2023-08-27T06:27:05.222+0000] {processor.py:179} INFO - Processing /home/airflow/.local/lib/python3.7/site-packages/airflow/example_dags/example_short_circuit_decorator.py took 0.108 seconds
[2023-08-27T06:27:35.688+0000] {processor.py:157} INFO - Started process (PID=1341) to work on /home/airflow/.local/lib/python3.7/site-packages/airflow/example_dags/example_short_circuit_decorator.py
[2023-08-27T06:27:35.689+0000] {processor.py:826} INFO - Processing file /home/airflow/.local/lib/python3.7/site-packages/airflow/example_dags/example_short_circuit_decorator.py for tasks to queue
[2023-08-27T06:27:35.690+0000] {logging_mixin.py:150} INFO - [2023-08-27T06:27:35.690+0000] {dagbag.py:541} INFO - Filling up the DagBag from /home/airflow/.local/lib/python3.7/site-packages/airflow/example_dags/example_short_circuit_decorator.py
[2023-08-27T06:27:35.698+0000] {processor.py:836} INFO - DAG(s) dict_keys(['example_short_circuit_decorator']) retrieved from /home/airflow/.local/lib/python3.7/site-packages/airflow/example_dags/example_short_circuit_decorator.py
[2023-08-27T06:27:35.733+0000] {logging_mixin.py:150} INFO - [2023-08-27T06:27:35.732+0000] {dag.py:2742} INFO - Sync 1 DAGs
[2023-08-27T06:27:35.774+0000] {logging_mixin.py:150} INFO - [2023-08-27T06:27:35.773+0000] {dag.py:3508} INFO - Setting next_dagrun for example_short_circuit_decorator to 2023-08-26T06:27:35.773551+00:00, run_after=2023-08-27T06:27:35.773551+00:00
[2023-08-27T06:27:35.817+0000] {processor.py:179} INFO - Processing /home/airflow/.local/lib/python3.7/site-packages/airflow/example_dags/example_short_circuit_decorator.py took 0.132 seconds
[2023-08-27T06:28:06.140+0000] {processor.py:157} INFO - Started process (PID=1421) to work on /home/airflow/.local/lib/python3.7/site-packages/airflow/example_dags/example_short_circuit_decorator.py
[2023-08-27T06:28:06.142+0000] {processor.py:826} INFO - Processing file /home/airflow/.local/lib/python3.7/site-packages/airflow/example_dags/example_short_circuit_decorator.py for tasks to queue
[2023-08-27T06:28:06.143+0000] {logging_mixin.py:150} INFO - [2023-08-27T06:28:06.142+0000] {dagbag.py:541} INFO - Filling up the DagBag from /home/airflow/.local/lib/python3.7/site-packages/airflow/example_dags/example_short_circuit_decorator.py
[2023-08-27T06:28:06.152+0000] {processor.py:836} INFO - DAG(s) dict_keys(['example_short_circuit_decorator']) retrieved from /home/airflow/.local/lib/python3.7/site-packages/airflow/example_dags/example_short_circuit_decorator.py
[2023-08-27T06:28:06.177+0000] {logging_mixin.py:150} INFO - [2023-08-27T06:28:06.177+0000] {dag.py:2742} INFO - Sync 1 DAGs
[2023-08-27T06:28:06.204+0000] {logging_mixin.py:150} INFO - [2023-08-27T06:28:06.203+0000] {dag.py:3508} INFO - Setting next_dagrun for example_short_circuit_decorator to 2023-08-26T06:28:06.203735+00:00, run_after=2023-08-27T06:28:06.203735+00:00
[2023-08-27T06:28:06.246+0000] {processor.py:179} INFO - Processing /home/airflow/.local/lib/python3.7/site-packages/airflow/example_dags/example_short_circuit_decorator.py took 0.108 seconds
[2023-08-27T06:28:36.605+0000] {processor.py:157} INFO - Started process (PID=1501) to work on /home/airflow/.local/lib/python3.7/site-packages/airflow/example_dags/example_short_circuit_decorator.py
[2023-08-27T06:28:36.606+0000] {processor.py:826} INFO - Processing file /home/airflow/.local/lib/python3.7/site-packages/airflow/example_dags/example_short_circuit_decorator.py for tasks to queue
[2023-08-27T06:28:36.608+0000] {logging_mixin.py:150} INFO - [2023-08-27T06:28:36.607+0000] {dagbag.py:541} INFO - Filling up the DagBag from /home/airflow/.local/lib/python3.7/site-packages/airflow/example_dags/example_short_circuit_decorator.py
[2023-08-27T06:28:36.617+0000] {processor.py:836} INFO - DAG(s) dict_keys(['example_short_circuit_decorator']) retrieved from /home/airflow/.local/lib/python3.7/site-packages/airflow/example_dags/example_short_circuit_decorator.py
[2023-08-27T06:28:36.644+0000] {logging_mixin.py:150} INFO - [2023-08-27T06:28:36.644+0000] {dag.py:2742} INFO - Sync 1 DAGs
[2023-08-27T06:28:36.677+0000] {logging_mixin.py:150} INFO - [2023-08-27T06:28:36.676+0000] {dag.py:3508} INFO - Setting next_dagrun for example_short_circuit_decorator to 2023-08-26T06:28:36.676417+00:00, run_after=2023-08-27T06:28:36.676417+00:00
[2023-08-27T06:28:36.814+0000] {processor.py:179} INFO - Processing /home/airflow/.local/lib/python3.7/site-packages/airflow/example_dags/example_short_circuit_decorator.py took 0.212 seconds
[2023-08-27T06:29:07.130+0000] {processor.py:157} INFO - Started process (PID=1581) to work on /home/airflow/.local/lib/python3.7/site-packages/airflow/example_dags/example_short_circuit_decorator.py
[2023-08-27T06:29:07.131+0000] {processor.py:826} INFO - Processing file /home/airflow/.local/lib/python3.7/site-packages/airflow/example_dags/example_short_circuit_decorator.py for tasks to queue
[2023-08-27T06:29:07.132+0000] {logging_mixin.py:150} INFO - [2023-08-27T06:29:07.132+0000] {dagbag.py:541} INFO - Filling up the DagBag from /home/airflow/.local/lib/python3.7/site-packages/airflow/example_dags/example_short_circuit_decorator.py
[2023-08-27T06:29:07.141+0000] {processor.py:836} INFO - DAG(s) dict_keys(['example_short_circuit_decorator']) retrieved from /home/airflow/.local/lib/python3.7/site-packages/airflow/example_dags/example_short_circuit_decorator.py
[2023-08-27T06:29:07.164+0000] {logging_mixin.py:150} INFO - [2023-08-27T06:29:07.164+0000] {dag.py:2742} INFO - Sync 1 DAGs
[2023-08-27T06:29:07.189+0000] {logging_mixin.py:150} INFO - [2023-08-27T06:29:07.189+0000] {dag.py:3508} INFO - Setting next_dagrun for example_short_circuit_decorator to 2023-08-26T06:29:07.189506+00:00, run_after=2023-08-27T06:29:07.189506+00:00
[2023-08-27T06:29:07.234+0000] {processor.py:179} INFO - Processing /home/airflow/.local/lib/python3.7/site-packages/airflow/example_dags/example_short_circuit_decorator.py took 0.106 seconds
[2023-08-27T06:29:37.795+0000] {processor.py:157} INFO - Started process (PID=1661) to work on /home/airflow/.local/lib/python3.7/site-packages/airflow/example_dags/example_short_circuit_decorator.py
[2023-08-27T06:29:37.797+0000] {processor.py:826} INFO - Processing file /home/airflow/.local/lib/python3.7/site-packages/airflow/example_dags/example_short_circuit_decorator.py for tasks to queue
[2023-08-27T06:29:37.799+0000] {logging_mixin.py:150} INFO - [2023-08-27T06:29:37.799+0000] {dagbag.py:541} INFO - Filling up the DagBag from /home/airflow/.local/lib/python3.7/site-packages/airflow/example_dags/example_short_circuit_decorator.py
[2023-08-27T06:29:37.812+0000] {processor.py:836} INFO - DAG(s) dict_keys(['example_short_circuit_decorator']) retrieved from /home/airflow/.local/lib/python3.7/site-packages/airflow/example_dags/example_short_circuit_decorator.py
[2023-08-27T06:29:37.849+0000] {logging_mixin.py:150} INFO - [2023-08-27T06:29:37.848+0000] {dag.py:2742} INFO - Sync 1 DAGs
[2023-08-27T06:29:37.882+0000] {logging_mixin.py:150} INFO - [2023-08-27T06:29:37.882+0000] {dag.py:3508} INFO - Setting next_dagrun for example_short_circuit_decorator to 2023-08-26T06:29:37.881965+00:00, run_after=2023-08-27T06:29:37.881965+00:00
[2023-08-27T06:29:37.919+0000] {processor.py:179} INFO - Processing /home/airflow/.local/lib/python3.7/site-packages/airflow/example_dags/example_short_circuit_decorator.py took 0.128 seconds
[2023-08-27T06:30:09.011+0000] {processor.py:157} INFO - Started process (PID=1745) to work on /home/airflow/.local/lib/python3.7/site-packages/airflow/example_dags/example_short_circuit_decorator.py
[2023-08-27T06:30:09.012+0000] {processor.py:826} INFO - Processing file /home/airflow/.local/lib/python3.7/site-packages/airflow/example_dags/example_short_circuit_decorator.py for tasks to queue
[2023-08-27T06:30:09.013+0000] {logging_mixin.py:150} INFO - [2023-08-27T06:30:09.013+0000] {dagbag.py:541} INFO - Filling up the DagBag from /home/airflow/.local/lib/python3.7/site-packages/airflow/example_dags/example_short_circuit_decorator.py
[2023-08-27T06:30:09.022+0000] {processor.py:836} INFO - DAG(s) dict_keys(['example_short_circuit_decorator']) retrieved from /home/airflow/.local/lib/python3.7/site-packages/airflow/example_dags/example_short_circuit_decorator.py
[2023-08-27T06:30:09.046+0000] {logging_mixin.py:150} INFO - [2023-08-27T06:30:09.046+0000] {dag.py:2742} INFO - Sync 1 DAGs
[2023-08-27T06:30:09.073+0000] {logging_mixin.py:150} INFO - [2023-08-27T06:30:09.073+0000] {dag.py:3508} INFO - Setting next_dagrun for example_short_circuit_decorator to 2023-08-26T06:30:09.072782+00:00, run_after=2023-08-27T06:30:09.072782+00:00
[2023-08-27T06:30:09.131+0000] {processor.py:179} INFO - Processing /home/airflow/.local/lib/python3.7/site-packages/airflow/example_dags/example_short_circuit_decorator.py took 0.123 seconds
[2023-08-27T06:30:39.575+0000] {processor.py:157} INFO - Started process (PID=1825) to work on /home/airflow/.local/lib/python3.7/site-packages/airflow/example_dags/example_short_circuit_decorator.py
[2023-08-27T06:30:39.576+0000] {processor.py:826} INFO - Processing file /home/airflow/.local/lib/python3.7/site-packages/airflow/example_dags/example_short_circuit_decorator.py for tasks to queue
[2023-08-27T06:30:39.577+0000] {logging_mixin.py:150} INFO - [2023-08-27T06:30:39.577+0000] {dagbag.py:541} INFO - Filling up the DagBag from /home/airflow/.local/lib/python3.7/site-packages/airflow/example_dags/example_short_circuit_decorator.py
[2023-08-27T06:30:39.585+0000] {processor.py:836} INFO - DAG(s) dict_keys(['example_short_circuit_decorator']) retrieved from /home/airflow/.local/lib/python3.7/site-packages/airflow/example_dags/example_short_circuit_decorator.py
[2023-08-27T06:30:39.610+0000] {logging_mixin.py:150} INFO - [2023-08-27T06:30:39.610+0000] {dag.py:2742} INFO - Sync 1 DAGs
[2023-08-27T06:30:39.635+0000] {logging_mixin.py:150} INFO - [2023-08-27T06:30:39.635+0000] {dag.py:3508} INFO - Setting next_dagrun for example_short_circuit_decorator to 2023-08-26T06:30:39.635294+00:00, run_after=2023-08-27T06:30:39.635294+00:00
[2023-08-27T06:30:39.679+0000] {processor.py:179} INFO - Processing /home/airflow/.local/lib/python3.7/site-packages/airflow/example_dags/example_short_circuit_decorator.py took 0.108 seconds
[2023-08-27T06:31:10.811+0000] {processor.py:157} INFO - Started process (PID=1905) to work on /home/airflow/.local/lib/python3.7/site-packages/airflow/example_dags/example_short_circuit_decorator.py
[2023-08-27T06:31:10.812+0000] {processor.py:826} INFO - Processing file /home/airflow/.local/lib/python3.7/site-packages/airflow/example_dags/example_short_circuit_decorator.py for tasks to queue
[2023-08-27T06:31:10.813+0000] {logging_mixin.py:150} INFO - [2023-08-27T06:31:10.813+0000] {dagbag.py:541} INFO - Filling up the DagBag from /home/airflow/.local/lib/python3.7/site-packages/airflow/example_dags/example_short_circuit_decorator.py
[2023-08-27T06:31:10.821+0000] {processor.py:836} INFO - DAG(s) dict_keys(['example_short_circuit_decorator']) retrieved from /home/airflow/.local/lib/python3.7/site-packages/airflow/example_dags/example_short_circuit_decorator.py
[2023-08-27T06:31:10.845+0000] {logging_mixin.py:150} INFO - [2023-08-27T06:31:10.844+0000] {dag.py:2742} INFO - Sync 1 DAGs
[2023-08-27T06:31:10.870+0000] {logging_mixin.py:150} INFO - [2023-08-27T06:31:10.870+0000] {dag.py:3508} INFO - Setting next_dagrun for example_short_circuit_decorator to 2023-08-26T06:31:10.870483+00:00, run_after=2023-08-27T06:31:10.870483+00:00
[2023-08-27T06:31:10.921+0000] {processor.py:179} INFO - Processing /home/airflow/.local/lib/python3.7/site-packages/airflow/example_dags/example_short_circuit_decorator.py took 0.114 seconds
[2023-08-27T06:31:41.341+0000] {processor.py:157} INFO - Started process (PID=1985) to work on /home/airflow/.local/lib/python3.7/site-packages/airflow/example_dags/example_short_circuit_decorator.py
[2023-08-27T06:31:41.341+0000] {processor.py:826} INFO - Processing file /home/airflow/.local/lib/python3.7/site-packages/airflow/example_dags/example_short_circuit_decorator.py for tasks to queue
[2023-08-27T06:31:41.342+0000] {logging_mixin.py:150} INFO - [2023-08-27T06:31:41.342+0000] {dagbag.py:541} INFO - Filling up the DagBag from /home/airflow/.local/lib/python3.7/site-packages/airflow/example_dags/example_short_circuit_decorator.py
[2023-08-27T06:31:41.351+0000] {processor.py:836} INFO - DAG(s) dict_keys(['example_short_circuit_decorator']) retrieved from /home/airflow/.local/lib/python3.7/site-packages/airflow/example_dags/example_short_circuit_decorator.py
[2023-08-27T06:31:41.377+0000] {logging_mixin.py:150} INFO - [2023-08-27T06:31:41.377+0000] {dag.py:2742} INFO - Sync 1 DAGs
[2023-08-27T06:31:41.401+0000] {logging_mixin.py:150} INFO - [2023-08-27T06:31:41.401+0000] {dag.py:3508} INFO - Setting next_dagrun for example_short_circuit_decorator to 2023-08-26T06:31:41.401627+00:00, run_after=2023-08-27T06:31:41.401627+00:00
[2023-08-27T06:31:41.438+0000] {processor.py:179} INFO - Processing /home/airflow/.local/lib/python3.7/site-packages/airflow/example_dags/example_short_circuit_decorator.py took 0.100 seconds
[2023-08-27T06:32:11.711+0000] {processor.py:157} INFO - Started process (PID=2065) to work on /home/airflow/.local/lib/python3.7/site-packages/airflow/example_dags/example_short_circuit_decorator.py
[2023-08-27T06:32:11.712+0000] {processor.py:826} INFO - Processing file /home/airflow/.local/lib/python3.7/site-packages/airflow/example_dags/example_short_circuit_decorator.py for tasks to queue
[2023-08-27T06:32:11.713+0000] {logging_mixin.py:150} INFO - [2023-08-27T06:32:11.712+0000] {dagbag.py:541} INFO - Filling up the DagBag from /home/airflow/.local/lib/python3.7/site-packages/airflow/example_dags/example_short_circuit_decorator.py
[2023-08-27T06:32:11.721+0000] {processor.py:836} INFO - DAG(s) dict_keys(['example_short_circuit_decorator']) retrieved from /home/airflow/.local/lib/python3.7/site-packages/airflow/example_dags/example_short_circuit_decorator.py
[2023-08-27T06:32:11.744+0000] {logging_mixin.py:150} INFO - [2023-08-27T06:32:11.744+0000] {dag.py:2742} INFO - Sync 1 DAGs
[2023-08-27T06:32:11.767+0000] {logging_mixin.py:150} INFO - [2023-08-27T06:32:11.767+0000] {dag.py:3508} INFO - Setting next_dagrun for example_short_circuit_decorator to 2023-08-26T06:32:11.766993+00:00, run_after=2023-08-27T06:32:11.766993+00:00
[2023-08-27T06:32:11.809+0000] {processor.py:179} INFO - Processing /home/airflow/.local/lib/python3.7/site-packages/airflow/example_dags/example_short_circuit_decorator.py took 0.101 seconds
[2023-08-27T06:32:42.415+0000] {processor.py:157} INFO - Started process (PID=2145) to work on /home/airflow/.local/lib/python3.7/site-packages/airflow/example_dags/example_short_circuit_decorator.py
[2023-08-27T06:32:42.416+0000] {processor.py:826} INFO - Processing file /home/airflow/.local/lib/python3.7/site-packages/airflow/example_dags/example_short_circuit_decorator.py for tasks to queue
[2023-08-27T06:32:42.418+0000] {logging_mixin.py:150} INFO - [2023-08-27T06:32:42.418+0000] {dagbag.py:541} INFO - Filling up the DagBag from /home/airflow/.local/lib/python3.7/site-packages/airflow/example_dags/example_short_circuit_decorator.py
[2023-08-27T06:32:42.433+0000] {processor.py:836} INFO - DAG(s) dict_keys(['example_short_circuit_decorator']) retrieved from /home/airflow/.local/lib/python3.7/site-packages/airflow/example_dags/example_short_circuit_decorator.py
[2023-08-27T06:32:42.471+0000] {logging_mixin.py:150} INFO - [2023-08-27T06:32:42.471+0000] {dag.py:2742} INFO - Sync 1 DAGs
[2023-08-27T06:32:42.498+0000] {logging_mixin.py:150} INFO - [2023-08-27T06:32:42.498+0000] {dag.py:3508} INFO - Setting next_dagrun for example_short_circuit_decorator to 2023-08-26T06:32:42.497970+00:00, run_after=2023-08-27T06:32:42.497970+00:00
[2023-08-27T06:32:42.536+0000] {processor.py:179} INFO - Processing /home/airflow/.local/lib/python3.7/site-packages/airflow/example_dags/example_short_circuit_decorator.py took 0.127 seconds
[2023-08-27T06:33:12.964+0000] {processor.py:157} INFO - Started process (PID=2225) to work on /home/airflow/.local/lib/python3.7/site-packages/airflow/example_dags/example_short_circuit_decorator.py
[2023-08-27T06:33:12.965+0000] {processor.py:826} INFO - Processing file /home/airflow/.local/lib/python3.7/site-packages/airflow/example_dags/example_short_circuit_decorator.py for tasks to queue
[2023-08-27T06:33:12.966+0000] {logging_mixin.py:150} INFO - [2023-08-27T06:33:12.966+0000] {dagbag.py:541} INFO - Filling up the DagBag from /home/airflow/.local/lib/python3.7/site-packages/airflow/example_dags/example_short_circuit_decorator.py
[2023-08-27T06:33:12.975+0000] {processor.py:836} INFO - DAG(s) dict_keys(['example_short_circuit_decorator']) retrieved from /home/airflow/.local/lib/python3.7/site-packages/airflow/example_dags/example_short_circuit_decorator.py
[2023-08-27T06:33:12.996+0000] {logging_mixin.py:150} INFO - [2023-08-27T06:33:12.996+0000] {dag.py:2742} INFO - Sync 1 DAGs
[2023-08-27T06:33:13.021+0000] {logging_mixin.py:150} INFO - [2023-08-27T06:33:13.020+0000] {dag.py:3508} INFO - Setting next_dagrun for example_short_circuit_decorator to 2023-08-26T06:33:13.020788+00:00, run_after=2023-08-27T06:33:13.020788+00:00
[2023-08-27T06:33:13.054+0000] {processor.py:179} INFO - Processing /home/airflow/.local/lib/python3.7/site-packages/airflow/example_dags/example_short_circuit_decorator.py took 0.093 seconds
[2023-08-27T06:33:44.173+0000] {processor.py:157} INFO - Started process (PID=2305) to work on /home/airflow/.local/lib/python3.7/site-packages/airflow/example_dags/example_short_circuit_decorator.py
[2023-08-27T06:33:44.173+0000] {processor.py:826} INFO - Processing file /home/airflow/.local/lib/python3.7/site-packages/airflow/example_dags/example_short_circuit_decorator.py for tasks to queue
[2023-08-27T06:33:44.174+0000] {logging_mixin.py:150} INFO - [2023-08-27T06:33:44.174+0000] {dagbag.py:541} INFO - Filling up the DagBag from /home/airflow/.local/lib/python3.7/site-packages/airflow/example_dags/example_short_circuit_decorator.py
[2023-08-27T06:33:44.183+0000] {processor.py:836} INFO - DAG(s) dict_keys(['example_short_circuit_decorator']) retrieved from /home/airflow/.local/lib/python3.7/site-packages/airflow/example_dags/example_short_circuit_decorator.py
[2023-08-27T06:33:44.207+0000] {logging_mixin.py:150} INFO - [2023-08-27T06:33:44.207+0000] {dag.py:2742} INFO - Sync 1 DAGs
[2023-08-27T06:33:44.232+0000] {logging_mixin.py:150} INFO - [2023-08-27T06:33:44.232+0000] {dag.py:3508} INFO - Setting next_dagrun for example_short_circuit_decorator to 2023-08-26T06:33:44.232442+00:00, run_after=2023-08-27T06:33:44.232442+00:00
[2023-08-27T06:33:44.269+0000] {processor.py:179} INFO - Processing /home/airflow/.local/lib/python3.7/site-packages/airflow/example_dags/example_short_circuit_decorator.py took 0.099 seconds
[2023-08-27T06:34:14.624+0000] {processor.py:157} INFO - Started process (PID=2385) to work on /home/airflow/.local/lib/python3.7/site-packages/airflow/example_dags/example_short_circuit_decorator.py
[2023-08-27T06:34:14.625+0000] {processor.py:826} INFO - Processing file /home/airflow/.local/lib/python3.7/site-packages/airflow/example_dags/example_short_circuit_decorator.py for tasks to queue
[2023-08-27T06:34:14.626+0000] {logging_mixin.py:150} INFO - [2023-08-27T06:34:14.625+0000] {dagbag.py:541} INFO - Filling up the DagBag from /home/airflow/.local/lib/python3.7/site-packages/airflow/example_dags/example_short_circuit_decorator.py
[2023-08-27T06:34:14.635+0000] {processor.py:836} INFO - DAG(s) dict_keys(['example_short_circuit_decorator']) retrieved from /home/airflow/.local/lib/python3.7/site-packages/airflow/example_dags/example_short_circuit_decorator.py
[2023-08-27T06:34:14.662+0000] {logging_mixin.py:150} INFO - [2023-08-27T06:34:14.662+0000] {dag.py:2742} INFO - Sync 1 DAGs
[2023-08-27T06:34:14.694+0000] {logging_mixin.py:150} INFO - [2023-08-27T06:34:14.694+0000] {dag.py:3508} INFO - Setting next_dagrun for example_short_circuit_decorator to 2023-08-26T06:34:14.694513+00:00, run_after=2023-08-27T06:34:14.694513+00:00
[2023-08-27T06:34:14.734+0000] {processor.py:179} INFO - Processing /home/airflow/.local/lib/python3.7/site-packages/airflow/example_dags/example_short_circuit_decorator.py took 0.112 seconds
[2023-08-27T06:34:45.522+0000] {processor.py:157} INFO - Started process (PID=2466) to work on /home/airflow/.local/lib/python3.7/site-packages/airflow/example_dags/example_short_circuit_decorator.py
[2023-08-27T06:34:45.523+0000] {processor.py:826} INFO - Processing file /home/airflow/.local/lib/python3.7/site-packages/airflow/example_dags/example_short_circuit_decorator.py for tasks to queue
[2023-08-27T06:34:45.524+0000] {logging_mixin.py:150} INFO - [2023-08-27T06:34:45.524+0000] {dagbag.py:541} INFO - Filling up the DagBag from /home/airflow/.local/lib/python3.7/site-packages/airflow/example_dags/example_short_circuit_decorator.py
[2023-08-27T06:34:45.533+0000] {processor.py:836} INFO - DAG(s) dict_keys(['example_short_circuit_decorator']) retrieved from /home/airflow/.local/lib/python3.7/site-packages/airflow/example_dags/example_short_circuit_decorator.py
[2023-08-27T06:34:45.560+0000] {logging_mixin.py:150} INFO - [2023-08-27T06:34:45.560+0000] {dag.py:2742} INFO - Sync 1 DAGs
[2023-08-27T06:34:45.585+0000] {logging_mixin.py:150} INFO - [2023-08-27T06:34:45.584+0000] {dag.py:3508} INFO - Setting next_dagrun for example_short_circuit_decorator to 2023-08-26T06:34:45.584657+00:00, run_after=2023-08-27T06:34:45.584657+00:00
[2023-08-27T06:34:45.623+0000] {processor.py:179} INFO - Processing /home/airflow/.local/lib/python3.7/site-packages/airflow/example_dags/example_short_circuit_decorator.py took 0.105 seconds
[2023-08-27T06:35:17.015+0000] {processor.py:157} INFO - Started process (PID=2546) to work on /home/airflow/.local/lib/python3.7/site-packages/airflow/example_dags/example_short_circuit_decorator.py
[2023-08-27T06:35:17.016+0000] {processor.py:826} INFO - Processing file /home/airflow/.local/lib/python3.7/site-packages/airflow/example_dags/example_short_circuit_decorator.py for tasks to queue
[2023-08-27T06:35:17.017+0000] {logging_mixin.py:150} INFO - [2023-08-27T06:35:17.016+0000] {dagbag.py:541} INFO - Filling up the DagBag from /home/airflow/.local/lib/python3.7/site-packages/airflow/example_dags/example_short_circuit_decorator.py
[2023-08-27T06:35:17.025+0000] {processor.py:836} INFO - DAG(s) dict_keys(['example_short_circuit_decorator']) retrieved from /home/airflow/.local/lib/python3.7/site-packages/airflow/example_dags/example_short_circuit_decorator.py
[2023-08-27T06:35:17.051+0000] {logging_mixin.py:150} INFO - [2023-08-27T06:35:17.051+0000] {dag.py:2742} INFO - Sync 1 DAGs
[2023-08-27T06:35:17.077+0000] {logging_mixin.py:150} INFO - [2023-08-27T06:35:17.077+0000] {dag.py:3508} INFO - Setting next_dagrun for example_short_circuit_decorator to 2023-08-26T06:35:17.077059+00:00, run_after=2023-08-27T06:35:17.077059+00:00
[2023-08-27T06:35:17.131+0000] {processor.py:179} INFO - Processing /home/airflow/.local/lib/python3.7/site-packages/airflow/example_dags/example_short_circuit_decorator.py took 0.119 seconds
[2023-08-27T06:35:48.192+0000] {processor.py:157} INFO - Started process (PID=2626) to work on /home/airflow/.local/lib/python3.7/site-packages/airflow/example_dags/example_short_circuit_decorator.py
[2023-08-27T06:35:48.193+0000] {processor.py:826} INFO - Processing file /home/airflow/.local/lib/python3.7/site-packages/airflow/example_dags/example_short_circuit_decorator.py for tasks to queue
[2023-08-27T06:35:48.194+0000] {logging_mixin.py:150} INFO - [2023-08-27T06:35:48.194+0000] {dagbag.py:541} INFO - Filling up the DagBag from /home/airflow/.local/lib/python3.7/site-packages/airflow/example_dags/example_short_circuit_decorator.py
[2023-08-27T06:35:48.203+0000] {processor.py:836} INFO - DAG(s) dict_keys(['example_short_circuit_decorator']) retrieved from /home/airflow/.local/lib/python3.7/site-packages/airflow/example_dags/example_short_circuit_decorator.py
[2023-08-27T06:35:48.228+0000] {logging_mixin.py:150} INFO - [2023-08-27T06:35:48.228+0000] {dag.py:2742} INFO - Sync 1 DAGs
[2023-08-27T06:35:48.252+0000] {logging_mixin.py:150} INFO - [2023-08-27T06:35:48.251+0000] {dag.py:3508} INFO - Setting next_dagrun for example_short_circuit_decorator to 2023-08-26T06:35:48.251591+00:00, run_after=2023-08-27T06:35:48.251591+00:00
[2023-08-27T06:35:48.288+0000] {processor.py:179} INFO - Processing /home/airflow/.local/lib/python3.7/site-packages/airflow/example_dags/example_short_circuit_decorator.py took 0.099 seconds
[2023-08-27T06:36:18.786+0000] {processor.py:157} INFO - Started process (PID=2706) to work on /home/airflow/.local/lib/python3.7/site-packages/airflow/example_dags/example_short_circuit_decorator.py
[2023-08-27T06:36:18.787+0000] {processor.py:826} INFO - Processing file /home/airflow/.local/lib/python3.7/site-packages/airflow/example_dags/example_short_circuit_decorator.py for tasks to queue
[2023-08-27T06:36:18.788+0000] {logging_mixin.py:150} INFO - [2023-08-27T06:36:18.788+0000] {dagbag.py:541} INFO - Filling up the DagBag from /home/airflow/.local/lib/python3.7/site-packages/airflow/example_dags/example_short_circuit_decorator.py
[2023-08-27T06:36:18.796+0000] {processor.py:836} INFO - DAG(s) dict_keys(['example_short_circuit_decorator']) retrieved from /home/airflow/.local/lib/python3.7/site-packages/airflow/example_dags/example_short_circuit_decorator.py
[2023-08-27T06:36:18.821+0000] {logging_mixin.py:150} INFO - [2023-08-27T06:36:18.821+0000] {dag.py:2742} INFO - Sync 1 DAGs
[2023-08-27T06:36:18.846+0000] {logging_mixin.py:150} INFO - [2023-08-27T06:36:18.846+0000] {dag.py:3508} INFO - Setting next_dagrun for example_short_circuit_decorator to 2023-08-26T06:36:18.846351+00:00, run_after=2023-08-27T06:36:18.846351+00:00
[2023-08-27T06:36:18.884+0000] {processor.py:179} INFO - Processing /home/airflow/.local/lib/python3.7/site-packages/airflow/example_dags/example_short_circuit_decorator.py took 0.101 seconds
[2023-08-27T06:36:49.205+0000] {processor.py:157} INFO - Started process (PID=2786) to work on /home/airflow/.local/lib/python3.7/site-packages/airflow/example_dags/example_short_circuit_decorator.py
[2023-08-27T06:36:49.206+0000] {processor.py:826} INFO - Processing file /home/airflow/.local/lib/python3.7/site-packages/airflow/example_dags/example_short_circuit_decorator.py for tasks to queue
[2023-08-27T06:36:49.207+0000] {logging_mixin.py:150} INFO - [2023-08-27T06:36:49.207+0000] {dagbag.py:541} INFO - Filling up the DagBag from /home/airflow/.local/lib/python3.7/site-packages/airflow/example_dags/example_short_circuit_decorator.py
[2023-08-27T06:36:49.216+0000] {processor.py:836} INFO - DAG(s) dict_keys(['example_short_circuit_decorator']) retrieved from /home/airflow/.local/lib/python3.7/site-packages/airflow/example_dags/example_short_circuit_decorator.py
[2023-08-27T06:36:49.243+0000] {logging_mixin.py:150} INFO - [2023-08-27T06:36:49.243+0000] {dag.py:2742} INFO - Sync 1 DAGs
[2023-08-27T06:36:49.269+0000] {logging_mixin.py:150} INFO - [2023-08-27T06:36:49.269+0000] {dag.py:3508} INFO - Setting next_dagrun for example_short_circuit_decorator to 2023-08-26T06:36:49.268821+00:00, run_after=2023-08-27T06:36:49.268821+00:00
[2023-08-27T06:36:49.307+0000] {processor.py:179} INFO - Processing /home/airflow/.local/lib/python3.7/site-packages/airflow/example_dags/example_short_circuit_decorator.py took 0.104 seconds
