[2023-08-27T06:19:27.564+0000] {processor.py:157} INFO - Started process (PID=84) to work on /home/airflow/.local/lib/python3.7/site-packages/airflow/example_dags/example_branch_labels.py
[2023-08-27T06:19:27.566+0000] {processor.py:826} INFO - Processing file /home/airflow/.local/lib/python3.7/site-packages/airflow/example_dags/example_branch_labels.py for tasks to queue
[2023-08-27T06:19:27.567+0000] {logging_mixin.py:150} INFO - [2023-08-27T06:19:27.567+0000] {dagbag.py:541} INFO - Filling up the DagBag from /home/airflow/.local/lib/python3.7/site-packages/airflow/example_dags/example_branch_labels.py
[2023-08-27T06:19:27.680+0000] {processor.py:836} INFO - DAG(s) dict_keys(['example_branch_labels']) retrieved from /home/airflow/.local/lib/python3.7/site-packages/airflow/example_dags/example_branch_labels.py
[2023-08-27T06:19:27.701+0000] {logging_mixin.py:150} INFO - [2023-08-27T06:19:27.701+0000] {dag.py:2742} INFO - Sync 1 DAGs
[2023-08-27T06:19:27.729+0000] {logging_mixin.py:150} INFO - [2023-08-27T06:19:27.729+0000] {dag.py:3508} INFO - Setting next_dagrun for example_branch_labels to 2023-08-26T00:00:00+00:00, run_after=2023-08-27T00:00:00+00:00
[2023-08-27T06:19:27.767+0000] {processor.py:179} INFO - Processing /home/airflow/.local/lib/python3.7/site-packages/airflow/example_dags/example_branch_labels.py took 0.206 seconds
[2023-08-27T06:19:58.561+0000] {processor.py:157} INFO - Started process (PID=164) to work on /home/airflow/.local/lib/python3.7/site-packages/airflow/example_dags/example_branch_labels.py
[2023-08-27T06:19:58.562+0000] {processor.py:826} INFO - Processing file /home/airflow/.local/lib/python3.7/site-packages/airflow/example_dags/example_branch_labels.py for tasks to queue
[2023-08-27T06:19:58.563+0000] {logging_mixin.py:150} INFO - [2023-08-27T06:19:58.563+0000] {dagbag.py:541} INFO - Filling up the DagBag from /home/airflow/.local/lib/python3.7/site-packages/airflow/example_dags/example_branch_labels.py
[2023-08-27T06:19:58.570+0000] {processor.py:836} INFO - DAG(s) dict_keys(['example_branch_labels']) retrieved from /home/airflow/.local/lib/python3.7/site-packages/airflow/example_dags/example_branch_labels.py
[2023-08-27T06:19:58.580+0000] {logging_mixin.py:150} INFO - [2023-08-27T06:19:58.580+0000] {dag.py:2742} INFO - Sync 1 DAGs
[2023-08-27T06:19:58.607+0000] {logging_mixin.py:150} INFO - [2023-08-27T06:19:58.607+0000] {dag.py:3508} INFO - Setting next_dagrun for example_branch_labels to 2023-08-26T00:00:00+00:00, run_after=2023-08-27T00:00:00+00:00
[2023-08-27T06:19:58.642+0000] {processor.py:179} INFO - Processing /home/airflow/.local/lib/python3.7/site-packages/airflow/example_dags/example_branch_labels.py took 0.084 seconds
[2023-08-27T06:20:29.383+0000] {processor.py:157} INFO - Started process (PID=244) to work on /home/airflow/.local/lib/python3.7/site-packages/airflow/example_dags/example_branch_labels.py
[2023-08-27T06:20:29.384+0000] {processor.py:826} INFO - Processing file /home/airflow/.local/lib/python3.7/site-packages/airflow/example_dags/example_branch_labels.py for tasks to queue
[2023-08-27T06:20:29.386+0000] {logging_mixin.py:150} INFO - [2023-08-27T06:20:29.386+0000] {dagbag.py:541} INFO - Filling up the DagBag from /home/airflow/.local/lib/python3.7/site-packages/airflow/example_dags/example_branch_labels.py
[2023-08-27T06:20:29.398+0000] {processor.py:836} INFO - DAG(s) dict_keys(['example_branch_labels']) retrieved from /home/airflow/.local/lib/python3.7/site-packages/airflow/example_dags/example_branch_labels.py
[2023-08-27T06:20:29.429+0000] {logging_mixin.py:150} INFO - [2023-08-27T06:20:29.428+0000] {dag.py:2742} INFO - Sync 1 DAGs
[2023-08-27T06:20:29.468+0000] {logging_mixin.py:150} INFO - [2023-08-27T06:20:29.468+0000] {dag.py:3508} INFO - Setting next_dagrun for example_branch_labels to 2023-08-26T00:00:00+00:00, run_after=2023-08-27T00:00:00+00:00
[2023-08-27T06:20:29.506+0000] {processor.py:179} INFO - Processing /home/airflow/.local/lib/python3.7/site-packages/airflow/example_dags/example_branch_labels.py took 0.128 seconds
[2023-08-27T06:21:00.313+0000] {processor.py:157} INFO - Started process (PID=325) to work on /home/airflow/.local/lib/python3.7/site-packages/airflow/example_dags/example_branch_labels.py
[2023-08-27T06:21:00.314+0000] {processor.py:826} INFO - Processing file /home/airflow/.local/lib/python3.7/site-packages/airflow/example_dags/example_branch_labels.py for tasks to queue
[2023-08-27T06:21:00.315+0000] {logging_mixin.py:150} INFO - [2023-08-27T06:21:00.315+0000] {dagbag.py:541} INFO - Filling up the DagBag from /home/airflow/.local/lib/python3.7/site-packages/airflow/example_dags/example_branch_labels.py
[2023-08-27T06:21:00.321+0000] {processor.py:836} INFO - DAG(s) dict_keys(['example_branch_labels']) retrieved from /home/airflow/.local/lib/python3.7/site-packages/airflow/example_dags/example_branch_labels.py
[2023-08-27T06:21:00.343+0000] {logging_mixin.py:150} INFO - [2023-08-27T06:21:00.343+0000] {dag.py:2742} INFO - Sync 1 DAGs
[2023-08-27T06:21:00.374+0000] {logging_mixin.py:150} INFO - [2023-08-27T06:21:00.374+0000] {dag.py:3508} INFO - Setting next_dagrun for example_branch_labels to 2023-08-26T00:00:00+00:00, run_after=2023-08-27T00:00:00+00:00
[2023-08-27T06:21:00.444+0000] {processor.py:179} INFO - Processing /home/airflow/.local/lib/python3.7/site-packages/airflow/example_dags/example_branch_labels.py took 0.133 seconds
[2023-08-27T06:21:30.753+0000] {processor.py:157} INFO - Started process (PID=405) to work on /home/airflow/.local/lib/python3.7/site-packages/airflow/example_dags/example_branch_labels.py
[2023-08-27T06:21:30.754+0000] {processor.py:826} INFO - Processing file /home/airflow/.local/lib/python3.7/site-packages/airflow/example_dags/example_branch_labels.py for tasks to queue
[2023-08-27T06:21:30.755+0000] {logging_mixin.py:150} INFO - [2023-08-27T06:21:30.755+0000] {dagbag.py:541} INFO - Filling up the DagBag from /home/airflow/.local/lib/python3.7/site-packages/airflow/example_dags/example_branch_labels.py
[2023-08-27T06:21:30.762+0000] {processor.py:836} INFO - DAG(s) dict_keys(['example_branch_labels']) retrieved from /home/airflow/.local/lib/python3.7/site-packages/airflow/example_dags/example_branch_labels.py
[2023-08-27T06:21:30.786+0000] {logging_mixin.py:150} INFO - [2023-08-27T06:21:30.786+0000] {dag.py:2742} INFO - Sync 1 DAGs
[2023-08-27T06:21:30.810+0000] {logging_mixin.py:150} INFO - [2023-08-27T06:21:30.810+0000] {dag.py:3508} INFO - Setting next_dagrun for example_branch_labels to 2023-08-26T00:00:00+00:00, run_after=2023-08-27T00:00:00+00:00
[2023-08-27T06:21:30.845+0000] {processor.py:179} INFO - Processing /home/airflow/.local/lib/python3.7/site-packages/airflow/example_dags/example_branch_labels.py took 0.095 seconds
[2023-08-27T06:22:01.702+0000] {processor.py:157} INFO - Started process (PID=485) to work on /home/airflow/.local/lib/python3.7/site-packages/airflow/example_dags/example_branch_labels.py
[2023-08-27T06:22:01.703+0000] {processor.py:826} INFO - Processing file /home/airflow/.local/lib/python3.7/site-packages/airflow/example_dags/example_branch_labels.py for tasks to queue
[2023-08-27T06:22:01.704+0000] {logging_mixin.py:150} INFO - [2023-08-27T06:22:01.704+0000] {dagbag.py:541} INFO - Filling up the DagBag from /home/airflow/.local/lib/python3.7/site-packages/airflow/example_dags/example_branch_labels.py
[2023-08-27T06:22:01.711+0000] {processor.py:836} INFO - DAG(s) dict_keys(['example_branch_labels']) retrieved from /home/airflow/.local/lib/python3.7/site-packages/airflow/example_dags/example_branch_labels.py
[2023-08-27T06:22:01.733+0000] {logging_mixin.py:150} INFO - [2023-08-27T06:22:01.733+0000] {dag.py:2742} INFO - Sync 1 DAGs
[2023-08-27T06:22:01.758+0000] {logging_mixin.py:150} INFO - [2023-08-27T06:22:01.758+0000] {dag.py:3508} INFO - Setting next_dagrun for example_branch_labels to 2023-08-26T00:00:00+00:00, run_after=2023-08-27T00:00:00+00:00
[2023-08-27T06:22:01.795+0000] {processor.py:179} INFO - Processing /home/airflow/.local/lib/python3.7/site-packages/airflow/example_dags/example_branch_labels.py took 0.095 seconds
[2023-08-27T06:22:32.078+0000] {processor.py:157} INFO - Started process (PID=565) to work on /home/airflow/.local/lib/python3.7/site-packages/airflow/example_dags/example_branch_labels.py
[2023-08-27T06:22:32.079+0000] {processor.py:826} INFO - Processing file /home/airflow/.local/lib/python3.7/site-packages/airflow/example_dags/example_branch_labels.py for tasks to queue
[2023-08-27T06:22:32.080+0000] {logging_mixin.py:150} INFO - [2023-08-27T06:22:32.080+0000] {dagbag.py:541} INFO - Filling up the DagBag from /home/airflow/.local/lib/python3.7/site-packages/airflow/example_dags/example_branch_labels.py
[2023-08-27T06:22:32.087+0000] {processor.py:836} INFO - DAG(s) dict_keys(['example_branch_labels']) retrieved from /home/airflow/.local/lib/python3.7/site-packages/airflow/example_dags/example_branch_labels.py
[2023-08-27T06:22:32.109+0000] {logging_mixin.py:150} INFO - [2023-08-27T06:22:32.109+0000] {dag.py:2742} INFO - Sync 1 DAGs
[2023-08-27T06:22:32.134+0000] {logging_mixin.py:150} INFO - [2023-08-27T06:22:32.134+0000] {dag.py:3508} INFO - Setting next_dagrun for example_branch_labels to 2023-08-26T00:00:00+00:00, run_after=2023-08-27T00:00:00+00:00
[2023-08-27T06:22:32.188+0000] {processor.py:179} INFO - Processing /home/airflow/.local/lib/python3.7/site-packages/airflow/example_dags/example_branch_labels.py took 0.112 seconds
[2023-08-27T06:23:02.847+0000] {processor.py:157} INFO - Started process (PID=646) to work on /home/airflow/.local/lib/python3.7/site-packages/airflow/example_dags/example_branch_labels.py
[2023-08-27T06:23:02.848+0000] {processor.py:826} INFO - Processing file /home/airflow/.local/lib/python3.7/site-packages/airflow/example_dags/example_branch_labels.py for tasks to queue
[2023-08-27T06:23:02.849+0000] {logging_mixin.py:150} INFO - [2023-08-27T06:23:02.849+0000] {dagbag.py:541} INFO - Filling up the DagBag from /home/airflow/.local/lib/python3.7/site-packages/airflow/example_dags/example_branch_labels.py
[2023-08-27T06:23:02.856+0000] {processor.py:836} INFO - DAG(s) dict_keys(['example_branch_labels']) retrieved from /home/airflow/.local/lib/python3.7/site-packages/airflow/example_dags/example_branch_labels.py
[2023-08-27T06:23:02.883+0000] {logging_mixin.py:150} INFO - [2023-08-27T06:23:02.882+0000] {dag.py:2742} INFO - Sync 1 DAGs
[2023-08-27T06:23:02.914+0000] {logging_mixin.py:150} INFO - [2023-08-27T06:23:02.914+0000] {dag.py:3508} INFO - Setting next_dagrun for example_branch_labels to 2023-08-26T00:00:00+00:00, run_after=2023-08-27T00:00:00+00:00
[2023-08-27T06:23:02.951+0000] {processor.py:179} INFO - Processing /home/airflow/.local/lib/python3.7/site-packages/airflow/example_dags/example_branch_labels.py took 0.106 seconds
[2023-08-27T06:23:33.124+0000] {processor.py:157} INFO - Started process (PID=726) to work on /home/airflow/.local/lib/python3.7/site-packages/airflow/example_dags/example_branch_labels.py
[2023-08-27T06:23:33.125+0000] {processor.py:826} INFO - Processing file /home/airflow/.local/lib/python3.7/site-packages/airflow/example_dags/example_branch_labels.py for tasks to queue
[2023-08-27T06:23:33.126+0000] {logging_mixin.py:150} INFO - [2023-08-27T06:23:33.126+0000] {dagbag.py:541} INFO - Filling up the DagBag from /home/airflow/.local/lib/python3.7/site-packages/airflow/example_dags/example_branch_labels.py
[2023-08-27T06:23:33.137+0000] {processor.py:836} INFO - DAG(s) dict_keys(['example_branch_labels']) retrieved from /home/airflow/.local/lib/python3.7/site-packages/airflow/example_dags/example_branch_labels.py
[2023-08-27T06:23:33.161+0000] {logging_mixin.py:150} INFO - [2023-08-27T06:23:33.161+0000] {dag.py:2742} INFO - Sync 1 DAGs
[2023-08-27T06:23:33.191+0000] {logging_mixin.py:150} INFO - [2023-08-27T06:23:33.191+0000] {dag.py:3508} INFO - Setting next_dagrun for example_branch_labels to 2023-08-26T00:00:00+00:00, run_after=2023-08-27T00:00:00+00:00
[2023-08-27T06:23:33.228+0000] {processor.py:179} INFO - Processing /home/airflow/.local/lib/python3.7/site-packages/airflow/example_dags/example_branch_labels.py took 0.107 seconds
[2023-08-27T06:24:04.017+0000] {processor.py:157} INFO - Started process (PID=806) to work on /home/airflow/.local/lib/python3.7/site-packages/airflow/example_dags/example_branch_labels.py
[2023-08-27T06:24:04.018+0000] {processor.py:826} INFO - Processing file /home/airflow/.local/lib/python3.7/site-packages/airflow/example_dags/example_branch_labels.py for tasks to queue
[2023-08-27T06:24:04.019+0000] {logging_mixin.py:150} INFO - [2023-08-27T06:24:04.019+0000] {dagbag.py:541} INFO - Filling up the DagBag from /home/airflow/.local/lib/python3.7/site-packages/airflow/example_dags/example_branch_labels.py
[2023-08-27T06:24:04.027+0000] {processor.py:836} INFO - DAG(s) dict_keys(['example_branch_labels']) retrieved from /home/airflow/.local/lib/python3.7/site-packages/airflow/example_dags/example_branch_labels.py
[2023-08-27T06:24:04.048+0000] {logging_mixin.py:150} INFO - [2023-08-27T06:24:04.048+0000] {dag.py:2742} INFO - Sync 1 DAGs
[2023-08-27T06:24:04.073+0000] {logging_mixin.py:150} INFO - [2023-08-27T06:24:04.072+0000] {dag.py:3508} INFO - Setting next_dagrun for example_branch_labels to 2023-08-26T00:00:00+00:00, run_after=2023-08-27T00:00:00+00:00
[2023-08-27T06:24:04.107+0000] {processor.py:179} INFO - Processing /home/airflow/.local/lib/python3.7/site-packages/airflow/example_dags/example_branch_labels.py took 0.093 seconds
[2023-08-27T06:24:34.717+0000] {processor.py:157} INFO - Started process (PID=886) to work on /home/airflow/.local/lib/python3.7/site-packages/airflow/example_dags/example_branch_labels.py
[2023-08-27T06:24:34.720+0000] {processor.py:826} INFO - Processing file /home/airflow/.local/lib/python3.7/site-packages/airflow/example_dags/example_branch_labels.py for tasks to queue
[2023-08-27T06:24:34.721+0000] {logging_mixin.py:150} INFO - [2023-08-27T06:24:34.721+0000] {dagbag.py:541} INFO - Filling up the DagBag from /home/airflow/.local/lib/python3.7/site-packages/airflow/example_dags/example_branch_labels.py
[2023-08-27T06:24:34.729+0000] {processor.py:836} INFO - DAG(s) dict_keys(['example_branch_labels']) retrieved from /home/airflow/.local/lib/python3.7/site-packages/airflow/example_dags/example_branch_labels.py
[2023-08-27T06:24:34.763+0000] {logging_mixin.py:150} INFO - [2023-08-27T06:24:34.763+0000] {dag.py:2742} INFO - Sync 1 DAGs
[2023-08-27T06:24:34.790+0000] {logging_mixin.py:150} INFO - [2023-08-27T06:24:34.790+0000] {dag.py:3508} INFO - Setting next_dagrun for example_branch_labels to 2023-08-26T00:00:00+00:00, run_after=2023-08-27T00:00:00+00:00
[2023-08-27T06:24:34.824+0000] {processor.py:179} INFO - Processing /home/airflow/.local/lib/python3.7/site-packages/airflow/example_dags/example_branch_labels.py took 0.111 seconds
[2023-08-27T06:25:05.077+0000] {processor.py:157} INFO - Started process (PID=966) to work on /home/airflow/.local/lib/python3.7/site-packages/airflow/example_dags/example_branch_labels.py
[2023-08-27T06:25:05.078+0000] {processor.py:826} INFO - Processing file /home/airflow/.local/lib/python3.7/site-packages/airflow/example_dags/example_branch_labels.py for tasks to queue
[2023-08-27T06:25:05.079+0000] {logging_mixin.py:150} INFO - [2023-08-27T06:25:05.079+0000] {dagbag.py:541} INFO - Filling up the DagBag from /home/airflow/.local/lib/python3.7/site-packages/airflow/example_dags/example_branch_labels.py
[2023-08-27T06:25:05.088+0000] {processor.py:836} INFO - DAG(s) dict_keys(['example_branch_labels']) retrieved from /home/airflow/.local/lib/python3.7/site-packages/airflow/example_dags/example_branch_labels.py
[2023-08-27T06:25:05.118+0000] {logging_mixin.py:150} INFO - [2023-08-27T06:25:05.118+0000] {dag.py:2742} INFO - Sync 1 DAGs
[2023-08-27T06:25:05.150+0000] {logging_mixin.py:150} INFO - [2023-08-27T06:25:05.150+0000] {dag.py:3508} INFO - Setting next_dagrun for example_branch_labels to 2023-08-26T00:00:00+00:00, run_after=2023-08-27T00:00:00+00:00
[2023-08-27T06:25:05.185+0000] {processor.py:179} INFO - Processing /home/airflow/.local/lib/python3.7/site-packages/airflow/example_dags/example_branch_labels.py took 0.111 seconds
[2023-08-27T06:25:35.744+0000] {processor.py:157} INFO - Started process (PID=1046) to work on /home/airflow/.local/lib/python3.7/site-packages/airflow/example_dags/example_branch_labels.py
[2023-08-27T06:25:35.745+0000] {processor.py:826} INFO - Processing file /home/airflow/.local/lib/python3.7/site-packages/airflow/example_dags/example_branch_labels.py for tasks to queue
[2023-08-27T06:25:35.746+0000] {logging_mixin.py:150} INFO - [2023-08-27T06:25:35.746+0000] {dagbag.py:541} INFO - Filling up the DagBag from /home/airflow/.local/lib/python3.7/site-packages/airflow/example_dags/example_branch_labels.py
[2023-08-27T06:25:35.754+0000] {processor.py:836} INFO - DAG(s) dict_keys(['example_branch_labels']) retrieved from /home/airflow/.local/lib/python3.7/site-packages/airflow/example_dags/example_branch_labels.py
[2023-08-27T06:25:35.784+0000] {logging_mixin.py:150} INFO - [2023-08-27T06:25:35.784+0000] {dag.py:2742} INFO - Sync 1 DAGs
[2023-08-27T06:25:35.823+0000] {logging_mixin.py:150} INFO - [2023-08-27T06:25:35.823+0000] {dag.py:3508} INFO - Setting next_dagrun for example_branch_labels to 2023-08-26T00:00:00+00:00, run_after=2023-08-27T00:00:00+00:00
[2023-08-27T06:25:35.862+0000] {processor.py:179} INFO - Processing /home/airflow/.local/lib/python3.7/site-packages/airflow/example_dags/example_branch_labels.py took 0.121 seconds
[2023-08-27T06:26:06.030+0000] {processor.py:157} INFO - Started process (PID=1126) to work on /home/airflow/.local/lib/python3.7/site-packages/airflow/example_dags/example_branch_labels.py
[2023-08-27T06:26:06.031+0000] {processor.py:826} INFO - Processing file /home/airflow/.local/lib/python3.7/site-packages/airflow/example_dags/example_branch_labels.py for tasks to queue
[2023-08-27T06:26:06.032+0000] {logging_mixin.py:150} INFO - [2023-08-27T06:26:06.032+0000] {dagbag.py:541} INFO - Filling up the DagBag from /home/airflow/.local/lib/python3.7/site-packages/airflow/example_dags/example_branch_labels.py
[2023-08-27T06:26:06.039+0000] {processor.py:836} INFO - DAG(s) dict_keys(['example_branch_labels']) retrieved from /home/airflow/.local/lib/python3.7/site-packages/airflow/example_dags/example_branch_labels.py
[2023-08-27T06:26:06.062+0000] {logging_mixin.py:150} INFO - [2023-08-27T06:26:06.062+0000] {dag.py:2742} INFO - Sync 1 DAGs
[2023-08-27T06:26:06.087+0000] {logging_mixin.py:150} INFO - [2023-08-27T06:26:06.087+0000] {dag.py:3508} INFO - Setting next_dagrun for example_branch_labels to 2023-08-26T00:00:00+00:00, run_after=2023-08-27T00:00:00+00:00
[2023-08-27T06:26:06.123+0000] {processor.py:179} INFO - Processing /home/airflow/.local/lib/python3.7/site-packages/airflow/example_dags/example_branch_labels.py took 0.096 seconds
[2023-08-27T06:26:36.688+0000] {processor.py:157} INFO - Started process (PID=1206) to work on /home/airflow/.local/lib/python3.7/site-packages/airflow/example_dags/example_branch_labels.py
[2023-08-27T06:26:36.690+0000] {processor.py:826} INFO - Processing file /home/airflow/.local/lib/python3.7/site-packages/airflow/example_dags/example_branch_labels.py for tasks to queue
[2023-08-27T06:26:36.692+0000] {logging_mixin.py:150} INFO - [2023-08-27T06:26:36.691+0000] {dagbag.py:541} INFO - Filling up the DagBag from /home/airflow/.local/lib/python3.7/site-packages/airflow/example_dags/example_branch_labels.py
[2023-08-27T06:26:36.700+0000] {processor.py:836} INFO - DAG(s) dict_keys(['example_branch_labels']) retrieved from /home/airflow/.local/lib/python3.7/site-packages/airflow/example_dags/example_branch_labels.py
[2023-08-27T06:26:36.727+0000] {logging_mixin.py:150} INFO - [2023-08-27T06:26:36.727+0000] {dag.py:2742} INFO - Sync 1 DAGs
[2023-08-27T06:26:36.760+0000] {logging_mixin.py:150} INFO - [2023-08-27T06:26:36.760+0000] {dag.py:3508} INFO - Setting next_dagrun for example_branch_labels to 2023-08-26T00:00:00+00:00, run_after=2023-08-27T00:00:00+00:00
[2023-08-27T06:26:36.796+0000] {processor.py:179} INFO - Processing /home/airflow/.local/lib/python3.7/site-packages/airflow/example_dags/example_branch_labels.py took 0.110 seconds
[2023-08-27T06:27:06.956+0000] {processor.py:157} INFO - Started process (PID=1286) to work on /home/airflow/.local/lib/python3.7/site-packages/airflow/example_dags/example_branch_labels.py
[2023-08-27T06:27:06.958+0000] {processor.py:826} INFO - Processing file /home/airflow/.local/lib/python3.7/site-packages/airflow/example_dags/example_branch_labels.py for tasks to queue
[2023-08-27T06:27:06.959+0000] {logging_mixin.py:150} INFO - [2023-08-27T06:27:06.958+0000] {dagbag.py:541} INFO - Filling up the DagBag from /home/airflow/.local/lib/python3.7/site-packages/airflow/example_dags/example_branch_labels.py
[2023-08-27T06:27:06.965+0000] {processor.py:836} INFO - DAG(s) dict_keys(['example_branch_labels']) retrieved from /home/airflow/.local/lib/python3.7/site-packages/airflow/example_dags/example_branch_labels.py
[2023-08-27T06:27:06.987+0000] {logging_mixin.py:150} INFO - [2023-08-27T06:27:06.987+0000] {dag.py:2742} INFO - Sync 1 DAGs
[2023-08-27T06:27:07.014+0000] {logging_mixin.py:150} INFO - [2023-08-27T06:27:07.014+0000] {dag.py:3508} INFO - Setting next_dagrun for example_branch_labels to 2023-08-26T00:00:00+00:00, run_after=2023-08-27T00:00:00+00:00
[2023-08-27T06:27:07.053+0000] {processor.py:179} INFO - Processing /home/airflow/.local/lib/python3.7/site-packages/airflow/example_dags/example_branch_labels.py took 0.099 seconds
[2023-08-27T06:27:37.384+0000] {processor.py:157} INFO - Started process (PID=1366) to work on /home/airflow/.local/lib/python3.7/site-packages/airflow/example_dags/example_branch_labels.py
[2023-08-27T06:27:37.386+0000] {processor.py:826} INFO - Processing file /home/airflow/.local/lib/python3.7/site-packages/airflow/example_dags/example_branch_labels.py for tasks to queue
[2023-08-27T06:27:37.387+0000] {logging_mixin.py:150} INFO - [2023-08-27T06:27:37.387+0000] {dagbag.py:541} INFO - Filling up the DagBag from /home/airflow/.local/lib/python3.7/site-packages/airflow/example_dags/example_branch_labels.py
[2023-08-27T06:27:37.395+0000] {processor.py:836} INFO - DAG(s) dict_keys(['example_branch_labels']) retrieved from /home/airflow/.local/lib/python3.7/site-packages/airflow/example_dags/example_branch_labels.py
[2023-08-27T06:27:37.420+0000] {logging_mixin.py:150} INFO - [2023-08-27T06:27:37.420+0000] {dag.py:2742} INFO - Sync 1 DAGs
[2023-08-27T06:27:37.446+0000] {logging_mixin.py:150} INFO - [2023-08-27T06:27:37.446+0000] {dag.py:3508} INFO - Setting next_dagrun for example_branch_labels to 2023-08-26T00:00:00+00:00, run_after=2023-08-27T00:00:00+00:00
[2023-08-27T06:27:37.492+0000] {processor.py:179} INFO - Processing /home/airflow/.local/lib/python3.7/site-packages/airflow/example_dags/example_branch_labels.py took 0.110 seconds
