[2023-08-27T06:19:24.804+0000] {processor.py:157} INFO - Started process (PID=63) to work on /home/airflow/.local/lib/python3.7/site-packages/airflow/example_dags/example_branch_operator.py
[2023-08-27T06:19:24.805+0000] {processor.py:826} INFO - Processing file /home/airflow/.local/lib/python3.7/site-packages/airflow/example_dags/example_branch_operator.py for tasks to queue
[2023-08-27T06:19:24.806+0000] {logging_mixin.py:150} INFO - [2023-08-27T06:19:24.806+0000] {dagbag.py:541} INFO - Filling up the DagBag from /home/airflow/.local/lib/python3.7/site-packages/airflow/example_dags/example_branch_operator.py
[2023-08-27T06:19:24.821+0000] {processor.py:836} INFO - DAG(s) dict_keys(['example_branch_operator']) retrieved from /home/airflow/.local/lib/python3.7/site-packages/airflow/example_dags/example_branch_operator.py
[2023-08-27T06:19:24.932+0000] {logging_mixin.py:150} INFO - [2023-08-27T06:19:24.932+0000] {dag.py:2742} INFO - Sync 1 DAGs
[2023-08-27T06:19:24.959+0000] {logging_mixin.py:150} INFO - [2023-08-27T06:19:24.959+0000] {dag.py:3508} INFO - Setting next_dagrun for example_branch_operator to 2023-08-26T00:00:00+00:00, run_after=2023-08-27T00:00:00+00:00
[2023-08-27T06:19:25.000+0000] {processor.py:179} INFO - Processing /home/airflow/.local/lib/python3.7/site-packages/airflow/example_dags/example_branch_operator.py took 0.199 seconds
[2023-08-27T06:19:55.089+0000] {processor.py:157} INFO - Started process (PID=143) to work on /home/airflow/.local/lib/python3.7/site-packages/airflow/example_dags/example_branch_operator.py
[2023-08-27T06:19:55.090+0000] {processor.py:826} INFO - Processing file /home/airflow/.local/lib/python3.7/site-packages/airflow/example_dags/example_branch_operator.py for tasks to queue
[2023-08-27T06:19:55.091+0000] {logging_mixin.py:150} INFO - [2023-08-27T06:19:55.091+0000] {dagbag.py:541} INFO - Filling up the DagBag from /home/airflow/.local/lib/python3.7/site-packages/airflow/example_dags/example_branch_operator.py
[2023-08-27T06:19:55.100+0000] {processor.py:836} INFO - DAG(s) dict_keys(['example_branch_operator']) retrieved from /home/airflow/.local/lib/python3.7/site-packages/airflow/example_dags/example_branch_operator.py
[2023-08-27T06:19:55.110+0000] {logging_mixin.py:150} INFO - [2023-08-27T06:19:55.110+0000] {dag.py:2742} INFO - Sync 1 DAGs
[2023-08-27T06:19:55.138+0000] {logging_mixin.py:150} INFO - [2023-08-27T06:19:55.138+0000] {dag.py:3508} INFO - Setting next_dagrun for example_branch_operator to 2023-08-26T00:00:00+00:00, run_after=2023-08-27T00:00:00+00:00
[2023-08-27T06:19:55.175+0000] {processor.py:179} INFO - Processing /home/airflow/.local/lib/python3.7/site-packages/airflow/example_dags/example_branch_operator.py took 0.089 seconds
[2023-08-27T06:20:26.420+0000] {processor.py:157} INFO - Started process (PID=223) to work on /home/airflow/.local/lib/python3.7/site-packages/airflow/example_dags/example_branch_operator.py
[2023-08-27T06:20:26.421+0000] {processor.py:826} INFO - Processing file /home/airflow/.local/lib/python3.7/site-packages/airflow/example_dags/example_branch_operator.py for tasks to queue
[2023-08-27T06:20:26.423+0000] {logging_mixin.py:150} INFO - [2023-08-27T06:20:26.422+0000] {dagbag.py:541} INFO - Filling up the DagBag from /home/airflow/.local/lib/python3.7/site-packages/airflow/example_dags/example_branch_operator.py
[2023-08-27T06:20:26.432+0000] {processor.py:836} INFO - DAG(s) dict_keys(['example_branch_operator']) retrieved from /home/airflow/.local/lib/python3.7/site-packages/airflow/example_dags/example_branch_operator.py
[2023-08-27T06:20:26.457+0000] {logging_mixin.py:150} INFO - [2023-08-27T06:20:26.456+0000] {dag.py:2742} INFO - Sync 1 DAGs
[2023-08-27T06:20:26.488+0000] {logging_mixin.py:150} INFO - [2023-08-27T06:20:26.488+0000] {dag.py:3508} INFO - Setting next_dagrun for example_branch_operator to 2023-08-26T00:00:00+00:00, run_after=2023-08-27T00:00:00+00:00
[2023-08-27T06:20:26.536+0000] {processor.py:179} INFO - Processing /home/airflow/.local/lib/python3.7/site-packages/airflow/example_dags/example_branch_operator.py took 0.120 seconds
[2023-08-27T06:20:57.476+0000] {processor.py:157} INFO - Started process (PID=304) to work on /home/airflow/.local/lib/python3.7/site-packages/airflow/example_dags/example_branch_operator.py
[2023-08-27T06:20:57.477+0000] {processor.py:826} INFO - Processing file /home/airflow/.local/lib/python3.7/site-packages/airflow/example_dags/example_branch_operator.py for tasks to queue
[2023-08-27T06:20:57.478+0000] {logging_mixin.py:150} INFO - [2023-08-27T06:20:57.478+0000] {dagbag.py:541} INFO - Filling up the DagBag from /home/airflow/.local/lib/python3.7/site-packages/airflow/example_dags/example_branch_operator.py
[2023-08-27T06:20:57.486+0000] {processor.py:836} INFO - DAG(s) dict_keys(['example_branch_operator']) retrieved from /home/airflow/.local/lib/python3.7/site-packages/airflow/example_dags/example_branch_operator.py
[2023-08-27T06:20:57.510+0000] {logging_mixin.py:150} INFO - [2023-08-27T06:20:57.510+0000] {dag.py:2742} INFO - Sync 1 DAGs
[2023-08-27T06:20:57.536+0000] {logging_mixin.py:150} INFO - [2023-08-27T06:20:57.536+0000] {dag.py:3508} INFO - Setting next_dagrun for example_branch_operator to 2023-08-26T00:00:00+00:00, run_after=2023-08-27T00:00:00+00:00
[2023-08-27T06:20:57.574+0000] {processor.py:179} INFO - Processing /home/airflow/.local/lib/python3.7/site-packages/airflow/example_dags/example_branch_operator.py took 0.100 seconds
[2023-08-27T06:21:28.148+0000] {processor.py:157} INFO - Started process (PID=384) to work on /home/airflow/.local/lib/python3.7/site-packages/airflow/example_dags/example_branch_operator.py
[2023-08-27T06:21:28.149+0000] {processor.py:826} INFO - Processing file /home/airflow/.local/lib/python3.7/site-packages/airflow/example_dags/example_branch_operator.py for tasks to queue
[2023-08-27T06:21:28.150+0000] {logging_mixin.py:150} INFO - [2023-08-27T06:21:28.150+0000] {dagbag.py:541} INFO - Filling up the DagBag from /home/airflow/.local/lib/python3.7/site-packages/airflow/example_dags/example_branch_operator.py
[2023-08-27T06:21:28.158+0000] {processor.py:836} INFO - DAG(s) dict_keys(['example_branch_operator']) retrieved from /home/airflow/.local/lib/python3.7/site-packages/airflow/example_dags/example_branch_operator.py
[2023-08-27T06:21:28.184+0000] {logging_mixin.py:150} INFO - [2023-08-27T06:21:28.184+0000] {dag.py:2742} INFO - Sync 1 DAGs
[2023-08-27T06:21:28.212+0000] {logging_mixin.py:150} INFO - [2023-08-27T06:21:28.212+0000] {dag.py:3508} INFO - Setting next_dagrun for example_branch_operator to 2023-08-26T00:00:00+00:00, run_after=2023-08-27T00:00:00+00:00
[2023-08-27T06:21:28.248+0000] {processor.py:179} INFO - Processing /home/airflow/.local/lib/python3.7/site-packages/airflow/example_dags/example_branch_operator.py took 0.103 seconds
[2023-08-27T06:21:59.065+0000] {processor.py:157} INFO - Started process (PID=464) to work on /home/airflow/.local/lib/python3.7/site-packages/airflow/example_dags/example_branch_operator.py
[2023-08-27T06:21:59.066+0000] {processor.py:826} INFO - Processing file /home/airflow/.local/lib/python3.7/site-packages/airflow/example_dags/example_branch_operator.py for tasks to queue
[2023-08-27T06:21:59.067+0000] {logging_mixin.py:150} INFO - [2023-08-27T06:21:59.067+0000] {dagbag.py:541} INFO - Filling up the DagBag from /home/airflow/.local/lib/python3.7/site-packages/airflow/example_dags/example_branch_operator.py
[2023-08-27T06:21:59.076+0000] {processor.py:836} INFO - DAG(s) dict_keys(['example_branch_operator']) retrieved from /home/airflow/.local/lib/python3.7/site-packages/airflow/example_dags/example_branch_operator.py
[2023-08-27T06:21:59.102+0000] {logging_mixin.py:150} INFO - [2023-08-27T06:21:59.102+0000] {dag.py:2742} INFO - Sync 1 DAGs
[2023-08-27T06:21:59.133+0000] {logging_mixin.py:150} INFO - [2023-08-27T06:21:59.133+0000] {dag.py:3508} INFO - Setting next_dagrun for example_branch_operator to 2023-08-26T00:00:00+00:00, run_after=2023-08-27T00:00:00+00:00
[2023-08-27T06:21:59.171+0000] {processor.py:179} INFO - Processing /home/airflow/.local/lib/python3.7/site-packages/airflow/example_dags/example_branch_operator.py took 0.108 seconds
[2023-08-27T06:22:29.468+0000] {processor.py:157} INFO - Started process (PID=544) to work on /home/airflow/.local/lib/python3.7/site-packages/airflow/example_dags/example_branch_operator.py
[2023-08-27T06:22:29.469+0000] {processor.py:826} INFO - Processing file /home/airflow/.local/lib/python3.7/site-packages/airflow/example_dags/example_branch_operator.py for tasks to queue
[2023-08-27T06:22:29.470+0000] {logging_mixin.py:150} INFO - [2023-08-27T06:22:29.470+0000] {dagbag.py:541} INFO - Filling up the DagBag from /home/airflow/.local/lib/python3.7/site-packages/airflow/example_dags/example_branch_operator.py
[2023-08-27T06:22:29.479+0000] {processor.py:836} INFO - DAG(s) dict_keys(['example_branch_operator']) retrieved from /home/airflow/.local/lib/python3.7/site-packages/airflow/example_dags/example_branch_operator.py
[2023-08-27T06:22:29.501+0000] {logging_mixin.py:150} INFO - [2023-08-27T06:22:29.501+0000] {dag.py:2742} INFO - Sync 1 DAGs
[2023-08-27T06:22:29.526+0000] {logging_mixin.py:150} INFO - [2023-08-27T06:22:29.526+0000] {dag.py:3508} INFO - Setting next_dagrun for example_branch_operator to 2023-08-26T00:00:00+00:00, run_after=2023-08-27T00:00:00+00:00
[2023-08-27T06:22:29.563+0000] {processor.py:179} INFO - Processing /home/airflow/.local/lib/python3.7/site-packages/airflow/example_dags/example_branch_operator.py took 0.097 seconds
[2023-08-27T06:23:00.256+0000] {processor.py:157} INFO - Started process (PID=625) to work on /home/airflow/.local/lib/python3.7/site-packages/airflow/example_dags/example_branch_operator.py
[2023-08-27T06:23:00.257+0000] {processor.py:826} INFO - Processing file /home/airflow/.local/lib/python3.7/site-packages/airflow/example_dags/example_branch_operator.py for tasks to queue
[2023-08-27T06:23:00.258+0000] {logging_mixin.py:150} INFO - [2023-08-27T06:23:00.258+0000] {dagbag.py:541} INFO - Filling up the DagBag from /home/airflow/.local/lib/python3.7/site-packages/airflow/example_dags/example_branch_operator.py
[2023-08-27T06:23:00.268+0000] {processor.py:836} INFO - DAG(s) dict_keys(['example_branch_operator']) retrieved from /home/airflow/.local/lib/python3.7/site-packages/airflow/example_dags/example_branch_operator.py
[2023-08-27T06:23:00.292+0000] {logging_mixin.py:150} INFO - [2023-08-27T06:23:00.292+0000] {dag.py:2742} INFO - Sync 1 DAGs
[2023-08-27T06:23:00.322+0000] {logging_mixin.py:150} INFO - [2023-08-27T06:23:00.322+0000] {dag.py:3508} INFO - Setting next_dagrun for example_branch_operator to 2023-08-26T00:00:00+00:00, run_after=2023-08-27T00:00:00+00:00
[2023-08-27T06:23:00.358+0000] {processor.py:179} INFO - Processing /home/airflow/.local/lib/python3.7/site-packages/airflow/example_dags/example_branch_operator.py took 0.104 seconds
[2023-08-27T06:23:30.660+0000] {processor.py:157} INFO - Started process (PID=705) to work on /home/airflow/.local/lib/python3.7/site-packages/airflow/example_dags/example_branch_operator.py
[2023-08-27T06:23:30.661+0000] {processor.py:826} INFO - Processing file /home/airflow/.local/lib/python3.7/site-packages/airflow/example_dags/example_branch_operator.py for tasks to queue
[2023-08-27T06:23:30.662+0000] {logging_mixin.py:150} INFO - [2023-08-27T06:23:30.662+0000] {dagbag.py:541} INFO - Filling up the DagBag from /home/airflow/.local/lib/python3.7/site-packages/airflow/example_dags/example_branch_operator.py
[2023-08-27T06:23:30.670+0000] {processor.py:836} INFO - DAG(s) dict_keys(['example_branch_operator']) retrieved from /home/airflow/.local/lib/python3.7/site-packages/airflow/example_dags/example_branch_operator.py
[2023-08-27T06:23:30.692+0000] {logging_mixin.py:150} INFO - [2023-08-27T06:23:30.692+0000] {dag.py:2742} INFO - Sync 1 DAGs
[2023-08-27T06:23:30.722+0000] {logging_mixin.py:150} INFO - [2023-08-27T06:23:30.721+0000] {dag.py:3508} INFO - Setting next_dagrun for example_branch_operator to 2023-08-26T00:00:00+00:00, run_after=2023-08-27T00:00:00+00:00
[2023-08-27T06:23:30.758+0000] {processor.py:179} INFO - Processing /home/airflow/.local/lib/python3.7/site-packages/airflow/example_dags/example_branch_operator.py took 0.101 seconds
[2023-08-27T06:24:01.269+0000] {processor.py:157} INFO - Started process (PID=785) to work on /home/airflow/.local/lib/python3.7/site-packages/airflow/example_dags/example_branch_operator.py
[2023-08-27T06:24:01.271+0000] {processor.py:826} INFO - Processing file /home/airflow/.local/lib/python3.7/site-packages/airflow/example_dags/example_branch_operator.py for tasks to queue
[2023-08-27T06:24:01.272+0000] {logging_mixin.py:150} INFO - [2023-08-27T06:24:01.271+0000] {dagbag.py:541} INFO - Filling up the DagBag from /home/airflow/.local/lib/python3.7/site-packages/airflow/example_dags/example_branch_operator.py
[2023-08-27T06:24:01.280+0000] {processor.py:836} INFO - DAG(s) dict_keys(['example_branch_operator']) retrieved from /home/airflow/.local/lib/python3.7/site-packages/airflow/example_dags/example_branch_operator.py
[2023-08-27T06:24:01.307+0000] {logging_mixin.py:150} INFO - [2023-08-27T06:24:01.307+0000] {dag.py:2742} INFO - Sync 1 DAGs
[2023-08-27T06:24:01.346+0000] {logging_mixin.py:150} INFO - [2023-08-27T06:24:01.346+0000] {dag.py:3508} INFO - Setting next_dagrun for example_branch_operator to 2023-08-26T00:00:00+00:00, run_after=2023-08-27T00:00:00+00:00
[2023-08-27T06:24:01.393+0000] {processor.py:179} INFO - Processing /home/airflow/.local/lib/python3.7/site-packages/airflow/example_dags/example_branch_operator.py took 0.126 seconds
[2023-08-27T06:24:32.014+0000] {processor.py:157} INFO - Started process (PID=865) to work on /home/airflow/.local/lib/python3.7/site-packages/airflow/example_dags/example_branch_operator.py
[2023-08-27T06:24:32.015+0000] {processor.py:826} INFO - Processing file /home/airflow/.local/lib/python3.7/site-packages/airflow/example_dags/example_branch_operator.py for tasks to queue
[2023-08-27T06:24:32.016+0000] {logging_mixin.py:150} INFO - [2023-08-27T06:24:32.016+0000] {dagbag.py:541} INFO - Filling up the DagBag from /home/airflow/.local/lib/python3.7/site-packages/airflow/example_dags/example_branch_operator.py
[2023-08-27T06:24:32.025+0000] {processor.py:836} INFO - DAG(s) dict_keys(['example_branch_operator']) retrieved from /home/airflow/.local/lib/python3.7/site-packages/airflow/example_dags/example_branch_operator.py
[2023-08-27T06:24:32.051+0000] {logging_mixin.py:150} INFO - [2023-08-27T06:24:32.050+0000] {dag.py:2742} INFO - Sync 1 DAGs
[2023-08-27T06:24:32.078+0000] {logging_mixin.py:150} INFO - [2023-08-27T06:24:32.078+0000] {dag.py:3508} INFO - Setting next_dagrun for example_branch_operator to 2023-08-26T00:00:00+00:00, run_after=2023-08-27T00:00:00+00:00
[2023-08-27T06:24:32.117+0000] {processor.py:179} INFO - Processing /home/airflow/.local/lib/python3.7/site-packages/airflow/example_dags/example_branch_operator.py took 0.105 seconds
[2023-08-27T06:25:02.557+0000] {processor.py:157} INFO - Started process (PID=945) to work on /home/airflow/.local/lib/python3.7/site-packages/airflow/example_dags/example_branch_operator.py
[2023-08-27T06:25:02.558+0000] {processor.py:826} INFO - Processing file /home/airflow/.local/lib/python3.7/site-packages/airflow/example_dags/example_branch_operator.py for tasks to queue
[2023-08-27T06:25:02.559+0000] {logging_mixin.py:150} INFO - [2023-08-27T06:25:02.559+0000] {dagbag.py:541} INFO - Filling up the DagBag from /home/airflow/.local/lib/python3.7/site-packages/airflow/example_dags/example_branch_operator.py
[2023-08-27T06:25:02.568+0000] {processor.py:836} INFO - DAG(s) dict_keys(['example_branch_operator']) retrieved from /home/airflow/.local/lib/python3.7/site-packages/airflow/example_dags/example_branch_operator.py
[2023-08-27T06:25:02.591+0000] {logging_mixin.py:150} INFO - [2023-08-27T06:25:02.591+0000] {dag.py:2742} INFO - Sync 1 DAGs
[2023-08-27T06:25:02.619+0000] {logging_mixin.py:150} INFO - [2023-08-27T06:25:02.619+0000] {dag.py:3508} INFO - Setting next_dagrun for example_branch_operator to 2023-08-26T00:00:00+00:00, run_after=2023-08-27T00:00:00+00:00
[2023-08-27T06:25:02.655+0000] {processor.py:179} INFO - Processing /home/airflow/.local/lib/python3.7/site-packages/airflow/example_dags/example_branch_operator.py took 0.100 seconds
[2023-08-27T06:25:33.172+0000] {processor.py:157} INFO - Started process (PID=1025) to work on /home/airflow/.local/lib/python3.7/site-packages/airflow/example_dags/example_branch_operator.py
[2023-08-27T06:25:33.173+0000] {processor.py:826} INFO - Processing file /home/airflow/.local/lib/python3.7/site-packages/airflow/example_dags/example_branch_operator.py for tasks to queue
[2023-08-27T06:25:33.174+0000] {logging_mixin.py:150} INFO - [2023-08-27T06:25:33.174+0000] {dagbag.py:541} INFO - Filling up the DagBag from /home/airflow/.local/lib/python3.7/site-packages/airflow/example_dags/example_branch_operator.py
[2023-08-27T06:25:33.184+0000] {processor.py:836} INFO - DAG(s) dict_keys(['example_branch_operator']) retrieved from /home/airflow/.local/lib/python3.7/site-packages/airflow/example_dags/example_branch_operator.py
[2023-08-27T06:25:33.209+0000] {logging_mixin.py:150} INFO - [2023-08-27T06:25:33.209+0000] {dag.py:2742} INFO - Sync 1 DAGs
[2023-08-27T06:25:33.237+0000] {logging_mixin.py:150} INFO - [2023-08-27T06:25:33.237+0000] {dag.py:3508} INFO - Setting next_dagrun for example_branch_operator to 2023-08-26T00:00:00+00:00, run_after=2023-08-27T00:00:00+00:00
[2023-08-27T06:25:33.278+0000] {processor.py:179} INFO - Processing /home/airflow/.local/lib/python3.7/site-packages/airflow/example_dags/example_branch_operator.py took 0.108 seconds
[2023-08-27T06:26:03.496+0000] {processor.py:157} INFO - Started process (PID=1105) to work on /home/airflow/.local/lib/python3.7/site-packages/airflow/example_dags/example_branch_operator.py
[2023-08-27T06:26:03.497+0000] {processor.py:826} INFO - Processing file /home/airflow/.local/lib/python3.7/site-packages/airflow/example_dags/example_branch_operator.py for tasks to queue
[2023-08-27T06:26:03.498+0000] {logging_mixin.py:150} INFO - [2023-08-27T06:26:03.498+0000] {dagbag.py:541} INFO - Filling up the DagBag from /home/airflow/.local/lib/python3.7/site-packages/airflow/example_dags/example_branch_operator.py
[2023-08-27T06:26:03.507+0000] {processor.py:836} INFO - DAG(s) dict_keys(['example_branch_operator']) retrieved from /home/airflow/.local/lib/python3.7/site-packages/airflow/example_dags/example_branch_operator.py
[2023-08-27T06:26:03.531+0000] {logging_mixin.py:150} INFO - [2023-08-27T06:26:03.531+0000] {dag.py:2742} INFO - Sync 1 DAGs
[2023-08-27T06:26:03.558+0000] {logging_mixin.py:150} INFO - [2023-08-27T06:26:03.557+0000] {dag.py:3508} INFO - Setting next_dagrun for example_branch_operator to 2023-08-26T00:00:00+00:00, run_after=2023-08-27T00:00:00+00:00
[2023-08-27T06:26:03.594+0000] {processor.py:179} INFO - Processing /home/airflow/.local/lib/python3.7/site-packages/airflow/example_dags/example_branch_operator.py took 0.100 seconds
[2023-08-27T06:26:34.448+0000] {processor.py:157} INFO - Started process (PID=1185) to work on /home/airflow/.local/lib/python3.7/site-packages/airflow/example_dags/example_branch_operator.py
[2023-08-27T06:26:34.449+0000] {processor.py:826} INFO - Processing file /home/airflow/.local/lib/python3.7/site-packages/airflow/example_dags/example_branch_operator.py for tasks to queue
[2023-08-27T06:26:34.450+0000] {logging_mixin.py:150} INFO - [2023-08-27T06:26:34.450+0000] {dagbag.py:541} INFO - Filling up the DagBag from /home/airflow/.local/lib/python3.7/site-packages/airflow/example_dags/example_branch_operator.py
[2023-08-27T06:26:34.460+0000] {processor.py:836} INFO - DAG(s) dict_keys(['example_branch_operator']) retrieved from /home/airflow/.local/lib/python3.7/site-packages/airflow/example_dags/example_branch_operator.py
[2023-08-27T06:26:34.494+0000] {logging_mixin.py:150} INFO - [2023-08-27T06:26:34.494+0000] {dag.py:2742} INFO - Sync 1 DAGs
[2023-08-27T06:26:34.525+0000] {logging_mixin.py:150} INFO - [2023-08-27T06:26:34.524+0000] {dag.py:3508} INFO - Setting next_dagrun for example_branch_operator to 2023-08-26T00:00:00+00:00, run_after=2023-08-27T00:00:00+00:00
[2023-08-27T06:26:34.560+0000] {processor.py:179} INFO - Processing /home/airflow/.local/lib/python3.7/site-packages/airflow/example_dags/example_branch_operator.py took 0.114 seconds
[2023-08-27T06:27:05.419+0000] {processor.py:157} INFO - Started process (PID=1265) to work on /home/airflow/.local/lib/python3.7/site-packages/airflow/example_dags/example_branch_operator.py
[2023-08-27T06:27:05.420+0000] {processor.py:826} INFO - Processing file /home/airflow/.local/lib/python3.7/site-packages/airflow/example_dags/example_branch_operator.py for tasks to queue
[2023-08-27T06:27:05.421+0000] {logging_mixin.py:150} INFO - [2023-08-27T06:27:05.421+0000] {dagbag.py:541} INFO - Filling up the DagBag from /home/airflow/.local/lib/python3.7/site-packages/airflow/example_dags/example_branch_operator.py
[2023-08-27T06:27:05.429+0000] {processor.py:836} INFO - DAG(s) dict_keys(['example_branch_operator']) retrieved from /home/airflow/.local/lib/python3.7/site-packages/airflow/example_dags/example_branch_operator.py
[2023-08-27T06:27:05.452+0000] {logging_mixin.py:150} INFO - [2023-08-27T06:27:05.451+0000] {dag.py:2742} INFO - Sync 1 DAGs
[2023-08-27T06:27:05.477+0000] {logging_mixin.py:150} INFO - [2023-08-27T06:27:05.477+0000] {dag.py:3508} INFO - Setting next_dagrun for example_branch_operator to 2023-08-26T00:00:00+00:00, run_after=2023-08-27T00:00:00+00:00
[2023-08-27T06:27:05.514+0000] {processor.py:179} INFO - Processing /home/airflow/.local/lib/python3.7/site-packages/airflow/example_dags/example_branch_operator.py took 0.097 seconds
[2023-08-27T06:27:36.001+0000] {processor.py:157} INFO - Started process (PID=1345) to work on /home/airflow/.local/lib/python3.7/site-packages/airflow/example_dags/example_branch_operator.py
[2023-08-27T06:27:36.002+0000] {processor.py:826} INFO - Processing file /home/airflow/.local/lib/python3.7/site-packages/airflow/example_dags/example_branch_operator.py for tasks to queue
[2023-08-27T06:27:36.003+0000] {logging_mixin.py:150} INFO - [2023-08-27T06:27:36.003+0000] {dagbag.py:541} INFO - Filling up the DagBag from /home/airflow/.local/lib/python3.7/site-packages/airflow/example_dags/example_branch_operator.py
[2023-08-27T06:27:36.012+0000] {processor.py:836} INFO - DAG(s) dict_keys(['example_branch_operator']) retrieved from /home/airflow/.local/lib/python3.7/site-packages/airflow/example_dags/example_branch_operator.py
[2023-08-27T06:27:36.039+0000] {logging_mixin.py:150} INFO - [2023-08-27T06:27:36.039+0000] {dag.py:2742} INFO - Sync 1 DAGs
[2023-08-27T06:27:36.067+0000] {logging_mixin.py:150} INFO - [2023-08-27T06:27:36.067+0000] {dag.py:3508} INFO - Setting next_dagrun for example_branch_operator to 2023-08-26T00:00:00+00:00, run_after=2023-08-27T00:00:00+00:00
[2023-08-27T06:27:36.106+0000] {processor.py:179} INFO - Processing /home/airflow/.local/lib/python3.7/site-packages/airflow/example_dags/example_branch_operator.py took 0.108 seconds
