[2023-08-27T06:19:25.600+0000] {processor.py:157} INFO - Started process (PID=70) to work on /home/airflow/.local/lib/python3.7/site-packages/airflow/example_dags/example_python_operator.py
[2023-08-27T06:19:25.601+0000] {processor.py:826} INFO - Processing file /home/airflow/.local/lib/python3.7/site-packages/airflow/example_dags/example_python_operator.py for tasks to queue
[2023-08-27T06:19:25.602+0000] {logging_mixin.py:150} INFO - [2023-08-27T06:19:25.602+0000] {dagbag.py:541} INFO - Filling up the DagBag from /home/airflow/.local/lib/python3.7/site-packages/airflow/example_dags/example_python_operator.py
[2023-08-27T06:19:25.629+0000] {processor.py:836} INFO - DAG(s) dict_keys(['example_python_operator']) retrieved from /home/airflow/.local/lib/python3.7/site-packages/airflow/example_dags/example_python_operator.py
[2023-08-27T06:19:25.854+0000] {logging_mixin.py:150} INFO - [2023-08-27T06:19:25.854+0000] {dag.py:2742} INFO - Sync 1 DAGs
[2023-08-27T06:19:25.880+0000] {logging_mixin.py:150} INFO - [2023-08-27T06:19:25.879+0000] {dag.py:3508} INFO - Setting next_dagrun for example_python_operator to None, run_after=None
[2023-08-27T06:19:25.931+0000] {processor.py:179} INFO - Processing /home/airflow/.local/lib/python3.7/site-packages/airflow/example_dags/example_python_operator.py took 0.335 seconds
[2023-08-27T06:19:56.684+0000] {processor.py:157} INFO - Started process (PID=150) to work on /home/airflow/.local/lib/python3.7/site-packages/airflow/example_dags/example_python_operator.py
[2023-08-27T06:19:56.685+0000] {processor.py:826} INFO - Processing file /home/airflow/.local/lib/python3.7/site-packages/airflow/example_dags/example_python_operator.py for tasks to queue
[2023-08-27T06:19:56.686+0000] {logging_mixin.py:150} INFO - [2023-08-27T06:19:56.686+0000] {dagbag.py:541} INFO - Filling up the DagBag from /home/airflow/.local/lib/python3.7/site-packages/airflow/example_dags/example_python_operator.py
[2023-08-27T06:19:56.695+0000] {processor.py:836} INFO - DAG(s) dict_keys(['example_python_operator']) retrieved from /home/airflow/.local/lib/python3.7/site-packages/airflow/example_dags/example_python_operator.py
[2023-08-27T06:19:56.707+0000] {logging_mixin.py:150} INFO - [2023-08-27T06:19:56.706+0000] {dag.py:2742} INFO - Sync 1 DAGs
[2023-08-27T06:19:56.738+0000] {logging_mixin.py:150} INFO - [2023-08-27T06:19:56.738+0000] {dag.py:3508} INFO - Setting next_dagrun for example_python_operator to None, run_after=None
[2023-08-27T06:19:56.776+0000] {processor.py:179} INFO - Processing /home/airflow/.local/lib/python3.7/site-packages/airflow/example_dags/example_python_operator.py took 0.094 seconds
[2023-08-27T06:20:27.079+0000] {processor.py:157} INFO - Started process (PID=230) to work on /home/airflow/.local/lib/python3.7/site-packages/airflow/example_dags/example_python_operator.py
[2023-08-27T06:20:27.080+0000] {processor.py:826} INFO - Processing file /home/airflow/.local/lib/python3.7/site-packages/airflow/example_dags/example_python_operator.py for tasks to queue
[2023-08-27T06:20:27.081+0000] {logging_mixin.py:150} INFO - [2023-08-27T06:20:27.081+0000] {dagbag.py:541} INFO - Filling up the DagBag from /home/airflow/.local/lib/python3.7/site-packages/airflow/example_dags/example_python_operator.py
[2023-08-27T06:20:27.092+0000] {processor.py:836} INFO - DAG(s) dict_keys(['example_python_operator']) retrieved from /home/airflow/.local/lib/python3.7/site-packages/airflow/example_dags/example_python_operator.py
[2023-08-27T06:20:27.238+0000] {logging_mixin.py:150} INFO - [2023-08-27T06:20:27.238+0000] {dag.py:2742} INFO - Sync 1 DAGs
[2023-08-27T06:20:27.276+0000] {logging_mixin.py:150} INFO - [2023-08-27T06:20:27.276+0000] {dag.py:3508} INFO - Setting next_dagrun for example_python_operator to None, run_after=None
[2023-08-27T06:20:27.342+0000] {processor.py:179} INFO - Processing /home/airflow/.local/lib/python3.7/site-packages/airflow/example_dags/example_python_operator.py took 0.266 seconds
[2023-08-27T06:20:58.083+0000] {processor.py:157} INFO - Started process (PID=311) to work on /home/airflow/.local/lib/python3.7/site-packages/airflow/example_dags/example_python_operator.py
[2023-08-27T06:20:58.084+0000] {processor.py:826} INFO - Processing file /home/airflow/.local/lib/python3.7/site-packages/airflow/example_dags/example_python_operator.py for tasks to queue
[2023-08-27T06:20:58.085+0000] {logging_mixin.py:150} INFO - [2023-08-27T06:20:58.085+0000] {dagbag.py:541} INFO - Filling up the DagBag from /home/airflow/.local/lib/python3.7/site-packages/airflow/example_dags/example_python_operator.py
[2023-08-27T06:20:58.095+0000] {processor.py:836} INFO - DAG(s) dict_keys(['example_python_operator']) retrieved from /home/airflow/.local/lib/python3.7/site-packages/airflow/example_dags/example_python_operator.py
[2023-08-27T06:20:58.120+0000] {logging_mixin.py:150} INFO - [2023-08-27T06:20:58.120+0000] {dag.py:2742} INFO - Sync 1 DAGs
[2023-08-27T06:20:58.143+0000] {logging_mixin.py:150} INFO - [2023-08-27T06:20:58.143+0000] {dag.py:3508} INFO - Setting next_dagrun for example_python_operator to None, run_after=None
[2023-08-27T06:20:58.233+0000] {processor.py:179} INFO - Processing /home/airflow/.local/lib/python3.7/site-packages/airflow/example_dags/example_python_operator.py took 0.153 seconds
[2023-08-27T06:21:28.591+0000] {processor.py:157} INFO - Started process (PID=391) to work on /home/airflow/.local/lib/python3.7/site-packages/airflow/example_dags/example_python_operator.py
[2023-08-27T06:21:28.592+0000] {processor.py:826} INFO - Processing file /home/airflow/.local/lib/python3.7/site-packages/airflow/example_dags/example_python_operator.py for tasks to queue
[2023-08-27T06:21:28.593+0000] {logging_mixin.py:150} INFO - [2023-08-27T06:21:28.593+0000] {dagbag.py:541} INFO - Filling up the DagBag from /home/airflow/.local/lib/python3.7/site-packages/airflow/example_dags/example_python_operator.py
[2023-08-27T06:21:28.604+0000] {processor.py:836} INFO - DAG(s) dict_keys(['example_python_operator']) retrieved from /home/airflow/.local/lib/python3.7/site-packages/airflow/example_dags/example_python_operator.py
[2023-08-27T06:21:28.628+0000] {logging_mixin.py:150} INFO - [2023-08-27T06:21:28.628+0000] {dag.py:2742} INFO - Sync 1 DAGs
[2023-08-27T06:21:28.656+0000] {logging_mixin.py:150} INFO - [2023-08-27T06:21:28.656+0000] {dag.py:3508} INFO - Setting next_dagrun for example_python_operator to None, run_after=None
[2023-08-27T06:21:28.694+0000] {processor.py:179} INFO - Processing /home/airflow/.local/lib/python3.7/site-packages/airflow/example_dags/example_python_operator.py took 0.106 seconds
[2023-08-27T06:21:59.629+0000] {processor.py:157} INFO - Started process (PID=471) to work on /home/airflow/.local/lib/python3.7/site-packages/airflow/example_dags/example_python_operator.py
[2023-08-27T06:21:59.630+0000] {processor.py:826} INFO - Processing file /home/airflow/.local/lib/python3.7/site-packages/airflow/example_dags/example_python_operator.py for tasks to queue
[2023-08-27T06:21:59.631+0000] {logging_mixin.py:150} INFO - [2023-08-27T06:21:59.630+0000] {dagbag.py:541} INFO - Filling up the DagBag from /home/airflow/.local/lib/python3.7/site-packages/airflow/example_dags/example_python_operator.py
[2023-08-27T06:21:59.640+0000] {processor.py:836} INFO - DAG(s) dict_keys(['example_python_operator']) retrieved from /home/airflow/.local/lib/python3.7/site-packages/airflow/example_dags/example_python_operator.py
[2023-08-27T06:21:59.662+0000] {logging_mixin.py:150} INFO - [2023-08-27T06:21:59.662+0000] {dag.py:2742} INFO - Sync 1 DAGs
[2023-08-27T06:21:59.688+0000] {logging_mixin.py:150} INFO - [2023-08-27T06:21:59.687+0000] {dag.py:3508} INFO - Setting next_dagrun for example_python_operator to None, run_after=None
[2023-08-27T06:21:59.767+0000] {processor.py:179} INFO - Processing /home/airflow/.local/lib/python3.7/site-packages/airflow/example_dags/example_python_operator.py took 0.141 seconds
[2023-08-27T06:22:29.877+0000] {processor.py:157} INFO - Started process (PID=551) to work on /home/airflow/.local/lib/python3.7/site-packages/airflow/example_dags/example_python_operator.py
[2023-08-27T06:22:29.878+0000] {processor.py:826} INFO - Processing file /home/airflow/.local/lib/python3.7/site-packages/airflow/example_dags/example_python_operator.py for tasks to queue
[2023-08-27T06:22:29.880+0000] {logging_mixin.py:150} INFO - [2023-08-27T06:22:29.879+0000] {dagbag.py:541} INFO - Filling up the DagBag from /home/airflow/.local/lib/python3.7/site-packages/airflow/example_dags/example_python_operator.py
[2023-08-27T06:22:29.890+0000] {processor.py:836} INFO - DAG(s) dict_keys(['example_python_operator']) retrieved from /home/airflow/.local/lib/python3.7/site-packages/airflow/example_dags/example_python_operator.py
[2023-08-27T06:22:29.915+0000] {logging_mixin.py:150} INFO - [2023-08-27T06:22:29.915+0000] {dag.py:2742} INFO - Sync 1 DAGs
[2023-08-27T06:22:29.939+0000] {logging_mixin.py:150} INFO - [2023-08-27T06:22:29.939+0000] {dag.py:3508} INFO - Setting next_dagrun for example_python_operator to None, run_after=None
[2023-08-27T06:22:29.974+0000] {processor.py:179} INFO - Processing /home/airflow/.local/lib/python3.7/site-packages/airflow/example_dags/example_python_operator.py took 0.099 seconds
[2023-08-27T06:23:00.713+0000] {processor.py:157} INFO - Started process (PID=632) to work on /home/airflow/.local/lib/python3.7/site-packages/airflow/example_dags/example_python_operator.py
[2023-08-27T06:23:00.714+0000] {processor.py:826} INFO - Processing file /home/airflow/.local/lib/python3.7/site-packages/airflow/example_dags/example_python_operator.py for tasks to queue
[2023-08-27T06:23:00.716+0000] {logging_mixin.py:150} INFO - [2023-08-27T06:23:00.715+0000] {dagbag.py:541} INFO - Filling up the DagBag from /home/airflow/.local/lib/python3.7/site-packages/airflow/example_dags/example_python_operator.py
[2023-08-27T06:23:00.725+0000] {processor.py:836} INFO - DAG(s) dict_keys(['example_python_operator']) retrieved from /home/airflow/.local/lib/python3.7/site-packages/airflow/example_dags/example_python_operator.py
[2023-08-27T06:23:00.752+0000] {logging_mixin.py:150} INFO - [2023-08-27T06:23:00.752+0000] {dag.py:2742} INFO - Sync 1 DAGs
[2023-08-27T06:23:00.780+0000] {logging_mixin.py:150} INFO - [2023-08-27T06:23:00.779+0000] {dag.py:3508} INFO - Setting next_dagrun for example_python_operator to None, run_after=None
[2023-08-27T06:23:00.817+0000] {processor.py:179} INFO - Processing /home/airflow/.local/lib/python3.7/site-packages/airflow/example_dags/example_python_operator.py took 0.108 seconds
[2023-08-27T06:23:31.095+0000] {processor.py:157} INFO - Started process (PID=712) to work on /home/airflow/.local/lib/python3.7/site-packages/airflow/example_dags/example_python_operator.py
[2023-08-27T06:23:31.096+0000] {processor.py:826} INFO - Processing file /home/airflow/.local/lib/python3.7/site-packages/airflow/example_dags/example_python_operator.py for tasks to queue
[2023-08-27T06:23:31.097+0000] {logging_mixin.py:150} INFO - [2023-08-27T06:23:31.097+0000] {dagbag.py:541} INFO - Filling up the DagBag from /home/airflow/.local/lib/python3.7/site-packages/airflow/example_dags/example_python_operator.py
[2023-08-27T06:23:31.107+0000] {processor.py:836} INFO - DAG(s) dict_keys(['example_python_operator']) retrieved from /home/airflow/.local/lib/python3.7/site-packages/airflow/example_dags/example_python_operator.py
[2023-08-27T06:23:31.134+0000] {logging_mixin.py:150} INFO - [2023-08-27T06:23:31.134+0000] {dag.py:2742} INFO - Sync 1 DAGs
[2023-08-27T06:23:31.165+0000] {logging_mixin.py:150} INFO - [2023-08-27T06:23:31.165+0000] {dag.py:3508} INFO - Setting next_dagrun for example_python_operator to None, run_after=None
[2023-08-27T06:23:31.203+0000] {processor.py:179} INFO - Processing /home/airflow/.local/lib/python3.7/site-packages/airflow/example_dags/example_python_operator.py took 0.111 seconds
[2023-08-27T06:24:01.740+0000] {processor.py:157} INFO - Started process (PID=792) to work on /home/airflow/.local/lib/python3.7/site-packages/airflow/example_dags/example_python_operator.py
[2023-08-27T06:24:01.741+0000] {processor.py:826} INFO - Processing file /home/airflow/.local/lib/python3.7/site-packages/airflow/example_dags/example_python_operator.py for tasks to queue
[2023-08-27T06:24:01.742+0000] {logging_mixin.py:150} INFO - [2023-08-27T06:24:01.742+0000] {dagbag.py:541} INFO - Filling up the DagBag from /home/airflow/.local/lib/python3.7/site-packages/airflow/example_dags/example_python_operator.py
[2023-08-27T06:24:01.752+0000] {processor.py:836} INFO - DAG(s) dict_keys(['example_python_operator']) retrieved from /home/airflow/.local/lib/python3.7/site-packages/airflow/example_dags/example_python_operator.py
[2023-08-27T06:24:01.776+0000] {logging_mixin.py:150} INFO - [2023-08-27T06:24:01.776+0000] {dag.py:2742} INFO - Sync 1 DAGs
[2023-08-27T06:24:01.801+0000] {logging_mixin.py:150} INFO - [2023-08-27T06:24:01.801+0000] {dag.py:3508} INFO - Setting next_dagrun for example_python_operator to None, run_after=None
[2023-08-27T06:24:01.843+0000] {processor.py:179} INFO - Processing /home/airflow/.local/lib/python3.7/site-packages/airflow/example_dags/example_python_operator.py took 0.105 seconds
[2023-08-27T06:24:32.585+0000] {processor.py:157} INFO - Started process (PID=872) to work on /home/airflow/.local/lib/python3.7/site-packages/airflow/example_dags/example_python_operator.py
[2023-08-27T06:24:32.586+0000] {processor.py:826} INFO - Processing file /home/airflow/.local/lib/python3.7/site-packages/airflow/example_dags/example_python_operator.py for tasks to queue
[2023-08-27T06:24:32.587+0000] {logging_mixin.py:150} INFO - [2023-08-27T06:24:32.586+0000] {dagbag.py:541} INFO - Filling up the DagBag from /home/airflow/.local/lib/python3.7/site-packages/airflow/example_dags/example_python_operator.py
[2023-08-27T06:24:32.596+0000] {processor.py:836} INFO - DAG(s) dict_keys(['example_python_operator']) retrieved from /home/airflow/.local/lib/python3.7/site-packages/airflow/example_dags/example_python_operator.py
[2023-08-27T06:24:32.621+0000] {logging_mixin.py:150} INFO - [2023-08-27T06:24:32.621+0000] {dag.py:2742} INFO - Sync 1 DAGs
[2023-08-27T06:24:32.649+0000] {logging_mixin.py:150} INFO - [2023-08-27T06:24:32.649+0000] {dag.py:3508} INFO - Setting next_dagrun for example_python_operator to None, run_after=None
[2023-08-27T06:24:32.688+0000] {processor.py:179} INFO - Processing /home/airflow/.local/lib/python3.7/site-packages/airflow/example_dags/example_python_operator.py took 0.106 seconds
[2023-08-27T06:25:03.039+0000] {processor.py:157} INFO - Started process (PID=952) to work on /home/airflow/.local/lib/python3.7/site-packages/airflow/example_dags/example_python_operator.py
[2023-08-27T06:25:03.040+0000] {processor.py:826} INFO - Processing file /home/airflow/.local/lib/python3.7/site-packages/airflow/example_dags/example_python_operator.py for tasks to queue
[2023-08-27T06:25:03.041+0000] {logging_mixin.py:150} INFO - [2023-08-27T06:25:03.041+0000] {dagbag.py:541} INFO - Filling up the DagBag from /home/airflow/.local/lib/python3.7/site-packages/airflow/example_dags/example_python_operator.py
[2023-08-27T06:25:03.051+0000] {processor.py:836} INFO - DAG(s) dict_keys(['example_python_operator']) retrieved from /home/airflow/.local/lib/python3.7/site-packages/airflow/example_dags/example_python_operator.py
[2023-08-27T06:25:03.078+0000] {logging_mixin.py:150} INFO - [2023-08-27T06:25:03.078+0000] {dag.py:2742} INFO - Sync 1 DAGs
[2023-08-27T06:25:03.104+0000] {logging_mixin.py:150} INFO - [2023-08-27T06:25:03.104+0000] {dag.py:3508} INFO - Setting next_dagrun for example_python_operator to None, run_after=None
[2023-08-27T06:25:03.141+0000] {processor.py:179} INFO - Processing /home/airflow/.local/lib/python3.7/site-packages/airflow/example_dags/example_python_operator.py took 0.105 seconds
[2023-08-27T06:25:33.802+0000] {processor.py:157} INFO - Started process (PID=1032) to work on /home/airflow/.local/lib/python3.7/site-packages/airflow/example_dags/example_python_operator.py
[2023-08-27T06:25:33.803+0000] {processor.py:826} INFO - Processing file /home/airflow/.local/lib/python3.7/site-packages/airflow/example_dags/example_python_operator.py for tasks to queue
[2023-08-27T06:25:33.804+0000] {logging_mixin.py:150} INFO - [2023-08-27T06:25:33.804+0000] {dagbag.py:541} INFO - Filling up the DagBag from /home/airflow/.local/lib/python3.7/site-packages/airflow/example_dags/example_python_operator.py
[2023-08-27T06:25:33.814+0000] {processor.py:836} INFO - DAG(s) dict_keys(['example_python_operator']) retrieved from /home/airflow/.local/lib/python3.7/site-packages/airflow/example_dags/example_python_operator.py
[2023-08-27T06:25:33.839+0000] {logging_mixin.py:150} INFO - [2023-08-27T06:25:33.839+0000] {dag.py:2742} INFO - Sync 1 DAGs
[2023-08-27T06:25:33.865+0000] {logging_mixin.py:150} INFO - [2023-08-27T06:25:33.864+0000] {dag.py:3508} INFO - Setting next_dagrun for example_python_operator to None, run_after=None
[2023-08-27T06:25:33.902+0000] {processor.py:179} INFO - Processing /home/airflow/.local/lib/python3.7/site-packages/airflow/example_dags/example_python_operator.py took 0.102 seconds
[2023-08-27T06:26:03.981+0000] {processor.py:157} INFO - Started process (PID=1112) to work on /home/airflow/.local/lib/python3.7/site-packages/airflow/example_dags/example_python_operator.py
[2023-08-27T06:26:03.982+0000] {processor.py:826} INFO - Processing file /home/airflow/.local/lib/python3.7/site-packages/airflow/example_dags/example_python_operator.py for tasks to queue
[2023-08-27T06:26:03.983+0000] {logging_mixin.py:150} INFO - [2023-08-27T06:26:03.983+0000] {dagbag.py:541} INFO - Filling up the DagBag from /home/airflow/.local/lib/python3.7/site-packages/airflow/example_dags/example_python_operator.py
[2023-08-27T06:26:03.994+0000] {processor.py:836} INFO - DAG(s) dict_keys(['example_python_operator']) retrieved from /home/airflow/.local/lib/python3.7/site-packages/airflow/example_dags/example_python_operator.py
[2023-08-27T06:26:04.020+0000] {logging_mixin.py:150} INFO - [2023-08-27T06:26:04.019+0000] {dag.py:2742} INFO - Sync 1 DAGs
[2023-08-27T06:26:04.046+0000] {logging_mixin.py:150} INFO - [2023-08-27T06:26:04.045+0000] {dag.py:3508} INFO - Setting next_dagrun for example_python_operator to None, run_after=None
[2023-08-27T06:26:04.081+0000] {processor.py:179} INFO - Processing /home/airflow/.local/lib/python3.7/site-packages/airflow/example_dags/example_python_operator.py took 0.102 seconds
[2023-08-27T06:26:35.106+0000] {processor.py:157} INFO - Started process (PID=1192) to work on /home/airflow/.local/lib/python3.7/site-packages/airflow/example_dags/example_python_operator.py
[2023-08-27T06:26:35.106+0000] {processor.py:826} INFO - Processing file /home/airflow/.local/lib/python3.7/site-packages/airflow/example_dags/example_python_operator.py for tasks to queue
[2023-08-27T06:26:35.108+0000] {logging_mixin.py:150} INFO - [2023-08-27T06:26:35.107+0000] {dagbag.py:541} INFO - Filling up the DagBag from /home/airflow/.local/lib/python3.7/site-packages/airflow/example_dags/example_python_operator.py
[2023-08-27T06:26:35.117+0000] {processor.py:836} INFO - DAG(s) dict_keys(['example_python_operator']) retrieved from /home/airflow/.local/lib/python3.7/site-packages/airflow/example_dags/example_python_operator.py
[2023-08-27T06:26:35.144+0000] {logging_mixin.py:150} INFO - [2023-08-27T06:26:35.144+0000] {dag.py:2742} INFO - Sync 1 DAGs
[2023-08-27T06:26:35.171+0000] {logging_mixin.py:150} INFO - [2023-08-27T06:26:35.171+0000] {dag.py:3508} INFO - Setting next_dagrun for example_python_operator to None, run_after=None
[2023-08-27T06:26:35.271+0000] {processor.py:179} INFO - Processing /home/airflow/.local/lib/python3.7/site-packages/airflow/example_dags/example_python_operator.py took 0.168 seconds
[2023-08-27T06:27:05.946+0000] {processor.py:157} INFO - Started process (PID=1272) to work on /home/airflow/.local/lib/python3.7/site-packages/airflow/example_dags/example_python_operator.py
[2023-08-27T06:27:05.948+0000] {processor.py:826} INFO - Processing file /home/airflow/.local/lib/python3.7/site-packages/airflow/example_dags/example_python_operator.py for tasks to queue
[2023-08-27T06:27:05.949+0000] {logging_mixin.py:150} INFO - [2023-08-27T06:27:05.949+0000] {dagbag.py:541} INFO - Filling up the DagBag from /home/airflow/.local/lib/python3.7/site-packages/airflow/example_dags/example_python_operator.py
[2023-08-27T06:27:05.960+0000] {processor.py:836} INFO - DAG(s) dict_keys(['example_python_operator']) retrieved from /home/airflow/.local/lib/python3.7/site-packages/airflow/example_dags/example_python_operator.py
[2023-08-27T06:27:05.988+0000] {logging_mixin.py:150} INFO - [2023-08-27T06:27:05.988+0000] {dag.py:2742} INFO - Sync 1 DAGs
[2023-08-27T06:27:06.017+0000] {logging_mixin.py:150} INFO - [2023-08-27T06:27:06.017+0000] {dag.py:3508} INFO - Setting next_dagrun for example_python_operator to None, run_after=None
[2023-08-27T06:27:06.078+0000] {processor.py:179} INFO - Processing /home/airflow/.local/lib/python3.7/site-packages/airflow/example_dags/example_python_operator.py took 0.135 seconds
[2023-08-27T06:27:36.411+0000] {processor.py:157} INFO - Started process (PID=1352) to work on /home/airflow/.local/lib/python3.7/site-packages/airflow/example_dags/example_python_operator.py
[2023-08-27T06:27:36.412+0000] {processor.py:826} INFO - Processing file /home/airflow/.local/lib/python3.7/site-packages/airflow/example_dags/example_python_operator.py for tasks to queue
[2023-08-27T06:27:36.412+0000] {logging_mixin.py:150} INFO - [2023-08-27T06:27:36.412+0000] {dagbag.py:541} INFO - Filling up the DagBag from /home/airflow/.local/lib/python3.7/site-packages/airflow/example_dags/example_python_operator.py
[2023-08-27T06:27:36.422+0000] {processor.py:836} INFO - DAG(s) dict_keys(['example_python_operator']) retrieved from /home/airflow/.local/lib/python3.7/site-packages/airflow/example_dags/example_python_operator.py
[2023-08-27T06:27:36.444+0000] {logging_mixin.py:150} INFO - [2023-08-27T06:27:36.444+0000] {dag.py:2742} INFO - Sync 1 DAGs
[2023-08-27T06:27:36.468+0000] {logging_mixin.py:150} INFO - [2023-08-27T06:27:36.468+0000] {dag.py:3508} INFO - Setting next_dagrun for example_python_operator to None, run_after=None
[2023-08-27T06:27:36.505+0000] {processor.py:179} INFO - Processing /home/airflow/.local/lib/python3.7/site-packages/airflow/example_dags/example_python_operator.py took 0.097 seconds
[2023-08-27T06:28:06.761+0000] {processor.py:157} INFO - Started process (PID=1432) to work on /home/airflow/.local/lib/python3.7/site-packages/airflow/example_dags/example_python_operator.py
[2023-08-27T06:28:06.762+0000] {processor.py:826} INFO - Processing file /home/airflow/.local/lib/python3.7/site-packages/airflow/example_dags/example_python_operator.py for tasks to queue
[2023-08-27T06:28:06.763+0000] {logging_mixin.py:150} INFO - [2023-08-27T06:28:06.763+0000] {dagbag.py:541} INFO - Filling up the DagBag from /home/airflow/.local/lib/python3.7/site-packages/airflow/example_dags/example_python_operator.py
[2023-08-27T06:28:06.772+0000] {processor.py:836} INFO - DAG(s) dict_keys(['example_python_operator']) retrieved from /home/airflow/.local/lib/python3.7/site-packages/airflow/example_dags/example_python_operator.py
[2023-08-27T06:28:06.796+0000] {logging_mixin.py:150} INFO - [2023-08-27T06:28:06.796+0000] {dag.py:2742} INFO - Sync 1 DAGs
[2023-08-27T06:28:06.820+0000] {logging_mixin.py:150} INFO - [2023-08-27T06:28:06.819+0000] {dag.py:3508} INFO - Setting next_dagrun for example_python_operator to None, run_after=None
[2023-08-27T06:28:06.884+0000] {processor.py:179} INFO - Processing /home/airflow/.local/lib/python3.7/site-packages/airflow/example_dags/example_python_operator.py took 0.125 seconds
[2023-08-27T06:28:37.591+0000] {processor.py:157} INFO - Started process (PID=1512) to work on /home/airflow/.local/lib/python3.7/site-packages/airflow/example_dags/example_python_operator.py
[2023-08-27T06:28:37.592+0000] {processor.py:826} INFO - Processing file /home/airflow/.local/lib/python3.7/site-packages/airflow/example_dags/example_python_operator.py for tasks to queue
[2023-08-27T06:28:37.593+0000] {logging_mixin.py:150} INFO - [2023-08-27T06:28:37.593+0000] {dagbag.py:541} INFO - Filling up the DagBag from /home/airflow/.local/lib/python3.7/site-packages/airflow/example_dags/example_python_operator.py
[2023-08-27T06:28:37.605+0000] {processor.py:836} INFO - DAG(s) dict_keys(['example_python_operator']) retrieved from /home/airflow/.local/lib/python3.7/site-packages/airflow/example_dags/example_python_operator.py
[2023-08-27T06:28:37.638+0000] {logging_mixin.py:150} INFO - [2023-08-27T06:28:37.638+0000] {dag.py:2742} INFO - Sync 1 DAGs
[2023-08-27T06:28:37.673+0000] {logging_mixin.py:150} INFO - [2023-08-27T06:28:37.672+0000] {dag.py:3508} INFO - Setting next_dagrun for example_python_operator to None, run_after=None
[2023-08-27T06:28:37.716+0000] {processor.py:179} INFO - Processing /home/airflow/.local/lib/python3.7/site-packages/airflow/example_dags/example_python_operator.py took 0.128 seconds
[2023-08-27T06:29:07.998+0000] {processor.py:157} INFO - Started process (PID=1592) to work on /home/airflow/.local/lib/python3.7/site-packages/airflow/example_dags/example_python_operator.py
[2023-08-27T06:29:07.999+0000] {processor.py:826} INFO - Processing file /home/airflow/.local/lib/python3.7/site-packages/airflow/example_dags/example_python_operator.py for tasks to queue
[2023-08-27T06:29:08.000+0000] {logging_mixin.py:150} INFO - [2023-08-27T06:29:07.999+0000] {dagbag.py:541} INFO - Filling up the DagBag from /home/airflow/.local/lib/python3.7/site-packages/airflow/example_dags/example_python_operator.py
[2023-08-27T06:29:08.009+0000] {processor.py:836} INFO - DAG(s) dict_keys(['example_python_operator']) retrieved from /home/airflow/.local/lib/python3.7/site-packages/airflow/example_dags/example_python_operator.py
[2023-08-27T06:29:08.039+0000] {logging_mixin.py:150} INFO - [2023-08-27T06:29:08.039+0000] {dag.py:2742} INFO - Sync 1 DAGs
[2023-08-27T06:29:08.073+0000] {logging_mixin.py:150} INFO - [2023-08-27T06:29:08.073+0000] {dag.py:3508} INFO - Setting next_dagrun for example_python_operator to None, run_after=None
[2023-08-27T06:29:08.116+0000] {processor.py:179} INFO - Processing /home/airflow/.local/lib/python3.7/site-packages/airflow/example_dags/example_python_operator.py took 0.121 seconds
[2023-08-27T06:29:38.452+0000] {processor.py:157} INFO - Started process (PID=1672) to work on /home/airflow/.local/lib/python3.7/site-packages/airflow/example_dags/example_python_operator.py
[2023-08-27T06:29:38.453+0000] {processor.py:826} INFO - Processing file /home/airflow/.local/lib/python3.7/site-packages/airflow/example_dags/example_python_operator.py for tasks to queue
[2023-08-27T06:29:38.454+0000] {logging_mixin.py:150} INFO - [2023-08-27T06:29:38.454+0000] {dagbag.py:541} INFO - Filling up the DagBag from /home/airflow/.local/lib/python3.7/site-packages/airflow/example_dags/example_python_operator.py
[2023-08-27T06:29:38.464+0000] {processor.py:836} INFO - DAG(s) dict_keys(['example_python_operator']) retrieved from /home/airflow/.local/lib/python3.7/site-packages/airflow/example_dags/example_python_operator.py
[2023-08-27T06:29:38.492+0000] {logging_mixin.py:150} INFO - [2023-08-27T06:29:38.491+0000] {dag.py:2742} INFO - Sync 1 DAGs
[2023-08-27T06:29:38.516+0000] {logging_mixin.py:150} INFO - [2023-08-27T06:29:38.516+0000] {dag.py:3508} INFO - Setting next_dagrun for example_python_operator to None, run_after=None
[2023-08-27T06:29:38.554+0000] {processor.py:179} INFO - Processing /home/airflow/.local/lib/python3.7/site-packages/airflow/example_dags/example_python_operator.py took 0.105 seconds
[2023-08-27T06:30:09.735+0000] {processor.py:157} INFO - Started process (PID=1756) to work on /home/airflow/.local/lib/python3.7/site-packages/airflow/example_dags/example_python_operator.py
[2023-08-27T06:30:09.736+0000] {processor.py:826} INFO - Processing file /home/airflow/.local/lib/python3.7/site-packages/airflow/example_dags/example_python_operator.py for tasks to queue
[2023-08-27T06:30:09.737+0000] {logging_mixin.py:150} INFO - [2023-08-27T06:30:09.737+0000] {dagbag.py:541} INFO - Filling up the DagBag from /home/airflow/.local/lib/python3.7/site-packages/airflow/example_dags/example_python_operator.py
[2023-08-27T06:30:09.747+0000] {processor.py:836} INFO - DAG(s) dict_keys(['example_python_operator']) retrieved from /home/airflow/.local/lib/python3.7/site-packages/airflow/example_dags/example_python_operator.py
[2023-08-27T06:30:09.772+0000] {logging_mixin.py:150} INFO - [2023-08-27T06:30:09.772+0000] {dag.py:2742} INFO - Sync 1 DAGs
[2023-08-27T06:30:09.797+0000] {logging_mixin.py:150} INFO - [2023-08-27T06:30:09.797+0000] {dag.py:3508} INFO - Setting next_dagrun for example_python_operator to None, run_after=None
[2023-08-27T06:30:09.833+0000] {processor.py:179} INFO - Processing /home/airflow/.local/lib/python3.7/site-packages/airflow/example_dags/example_python_operator.py took 0.100 seconds
[2023-08-27T06:30:40.363+0000] {processor.py:157} INFO - Started process (PID=1836) to work on /home/airflow/.local/lib/python3.7/site-packages/airflow/example_dags/example_python_operator.py
[2023-08-27T06:30:40.364+0000] {processor.py:826} INFO - Processing file /home/airflow/.local/lib/python3.7/site-packages/airflow/example_dags/example_python_operator.py for tasks to queue
[2023-08-27T06:30:40.365+0000] {logging_mixin.py:150} INFO - [2023-08-27T06:30:40.365+0000] {dagbag.py:541} INFO - Filling up the DagBag from /home/airflow/.local/lib/python3.7/site-packages/airflow/example_dags/example_python_operator.py
[2023-08-27T06:30:40.375+0000] {processor.py:836} INFO - DAG(s) dict_keys(['example_python_operator']) retrieved from /home/airflow/.local/lib/python3.7/site-packages/airflow/example_dags/example_python_operator.py
[2023-08-27T06:30:40.408+0000] {logging_mixin.py:150} INFO - [2023-08-27T06:30:40.408+0000] {dag.py:2742} INFO - Sync 1 DAGs
[2023-08-27T06:30:40.445+0000] {logging_mixin.py:150} INFO - [2023-08-27T06:30:40.444+0000] {dag.py:3508} INFO - Setting next_dagrun for example_python_operator to None, run_after=None
[2023-08-27T06:30:40.486+0000] {processor.py:179} INFO - Processing /home/airflow/.local/lib/python3.7/site-packages/airflow/example_dags/example_python_operator.py took 0.126 seconds
[2023-08-27T06:31:11.606+0000] {processor.py:157} INFO - Started process (PID=1916) to work on /home/airflow/.local/lib/python3.7/site-packages/airflow/example_dags/example_python_operator.py
[2023-08-27T06:31:11.607+0000] {processor.py:826} INFO - Processing file /home/airflow/.local/lib/python3.7/site-packages/airflow/example_dags/example_python_operator.py for tasks to queue
[2023-08-27T06:31:11.608+0000] {logging_mixin.py:150} INFO - [2023-08-27T06:31:11.608+0000] {dagbag.py:541} INFO - Filling up the DagBag from /home/airflow/.local/lib/python3.7/site-packages/airflow/example_dags/example_python_operator.py
[2023-08-27T06:31:11.618+0000] {processor.py:836} INFO - DAG(s) dict_keys(['example_python_operator']) retrieved from /home/airflow/.local/lib/python3.7/site-packages/airflow/example_dags/example_python_operator.py
[2023-08-27T06:31:11.643+0000] {logging_mixin.py:150} INFO - [2023-08-27T06:31:11.642+0000] {dag.py:2742} INFO - Sync 1 DAGs
[2023-08-27T06:31:11.666+0000] {logging_mixin.py:150} INFO - [2023-08-27T06:31:11.666+0000] {dag.py:3508} INFO - Setting next_dagrun for example_python_operator to None, run_after=None
[2023-08-27T06:31:11.702+0000] {processor.py:179} INFO - Processing /home/airflow/.local/lib/python3.7/site-packages/airflow/example_dags/example_python_operator.py took 0.098 seconds
[2023-08-27T06:31:41.971+0000] {processor.py:157} INFO - Started process (PID=1996) to work on /home/airflow/.local/lib/python3.7/site-packages/airflow/example_dags/example_python_operator.py
[2023-08-27T06:31:41.972+0000] {processor.py:826} INFO - Processing file /home/airflow/.local/lib/python3.7/site-packages/airflow/example_dags/example_python_operator.py for tasks to queue
[2023-08-27T06:31:41.972+0000] {logging_mixin.py:150} INFO - [2023-08-27T06:31:41.972+0000] {dagbag.py:541} INFO - Filling up the DagBag from /home/airflow/.local/lib/python3.7/site-packages/airflow/example_dags/example_python_operator.py
[2023-08-27T06:31:41.982+0000] {processor.py:836} INFO - DAG(s) dict_keys(['example_python_operator']) retrieved from /home/airflow/.local/lib/python3.7/site-packages/airflow/example_dags/example_python_operator.py
[2023-08-27T06:31:42.005+0000] {logging_mixin.py:150} INFO - [2023-08-27T06:31:42.005+0000] {dag.py:2742} INFO - Sync 1 DAGs
[2023-08-27T06:31:42.029+0000] {logging_mixin.py:150} INFO - [2023-08-27T06:31:42.029+0000] {dag.py:3508} INFO - Setting next_dagrun for example_python_operator to None, run_after=None
[2023-08-27T06:31:42.092+0000] {processor.py:179} INFO - Processing /home/airflow/.local/lib/python3.7/site-packages/airflow/example_dags/example_python_operator.py took 0.124 seconds
[2023-08-27T06:32:12.594+0000] {processor.py:157} INFO - Started process (PID=2076) to work on /home/airflow/.local/lib/python3.7/site-packages/airflow/example_dags/example_python_operator.py
[2023-08-27T06:32:12.595+0000] {processor.py:826} INFO - Processing file /home/airflow/.local/lib/python3.7/site-packages/airflow/example_dags/example_python_operator.py for tasks to queue
[2023-08-27T06:32:12.596+0000] {logging_mixin.py:150} INFO - [2023-08-27T06:32:12.595+0000] {dagbag.py:541} INFO - Filling up the DagBag from /home/airflow/.local/lib/python3.7/site-packages/airflow/example_dags/example_python_operator.py
[2023-08-27T06:32:12.606+0000] {processor.py:836} INFO - DAG(s) dict_keys(['example_python_operator']) retrieved from /home/airflow/.local/lib/python3.7/site-packages/airflow/example_dags/example_python_operator.py
[2023-08-27T06:32:12.633+0000] {logging_mixin.py:150} INFO - [2023-08-27T06:32:12.632+0000] {dag.py:2742} INFO - Sync 1 DAGs
[2023-08-27T06:32:12.658+0000] {logging_mixin.py:150} INFO - [2023-08-27T06:32:12.657+0000] {dag.py:3508} INFO - Setting next_dagrun for example_python_operator to None, run_after=None
[2023-08-27T06:32:12.695+0000] {processor.py:179} INFO - Processing /home/airflow/.local/lib/python3.7/site-packages/airflow/example_dags/example_python_operator.py took 0.105 seconds
[2023-08-27T06:32:43.190+0000] {processor.py:157} INFO - Started process (PID=2156) to work on /home/airflow/.local/lib/python3.7/site-packages/airflow/example_dags/example_python_operator.py
[2023-08-27T06:32:43.191+0000] {processor.py:826} INFO - Processing file /home/airflow/.local/lib/python3.7/site-packages/airflow/example_dags/example_python_operator.py for tasks to queue
[2023-08-27T06:32:43.192+0000] {logging_mixin.py:150} INFO - [2023-08-27T06:32:43.192+0000] {dagbag.py:541} INFO - Filling up the DagBag from /home/airflow/.local/lib/python3.7/site-packages/airflow/example_dags/example_python_operator.py
[2023-08-27T06:32:43.202+0000] {processor.py:836} INFO - DAG(s) dict_keys(['example_python_operator']) retrieved from /home/airflow/.local/lib/python3.7/site-packages/airflow/example_dags/example_python_operator.py
[2023-08-27T06:32:43.227+0000] {logging_mixin.py:150} INFO - [2023-08-27T06:32:43.227+0000] {dag.py:2742} INFO - Sync 1 DAGs
[2023-08-27T06:32:43.251+0000] {logging_mixin.py:150} INFO - [2023-08-27T06:32:43.250+0000] {dag.py:3508} INFO - Setting next_dagrun for example_python_operator to None, run_after=None
[2023-08-27T06:32:43.286+0000] {processor.py:179} INFO - Processing /home/airflow/.local/lib/python3.7/site-packages/airflow/example_dags/example_python_operator.py took 0.098 seconds
[2023-08-27T06:33:13.576+0000] {processor.py:157} INFO - Started process (PID=2236) to work on /home/airflow/.local/lib/python3.7/site-packages/airflow/example_dags/example_python_operator.py
[2023-08-27T06:33:13.577+0000] {processor.py:826} INFO - Processing file /home/airflow/.local/lib/python3.7/site-packages/airflow/example_dags/example_python_operator.py for tasks to queue
[2023-08-27T06:33:13.578+0000] {logging_mixin.py:150} INFO - [2023-08-27T06:33:13.578+0000] {dagbag.py:541} INFO - Filling up the DagBag from /home/airflow/.local/lib/python3.7/site-packages/airflow/example_dags/example_python_operator.py
[2023-08-27T06:33:13.587+0000] {processor.py:836} INFO - DAG(s) dict_keys(['example_python_operator']) retrieved from /home/airflow/.local/lib/python3.7/site-packages/airflow/example_dags/example_python_operator.py
[2023-08-27T06:33:13.611+0000] {logging_mixin.py:150} INFO - [2023-08-27T06:33:13.611+0000] {dag.py:2742} INFO - Sync 1 DAGs
[2023-08-27T06:33:13.634+0000] {logging_mixin.py:150} INFO - [2023-08-27T06:33:13.634+0000] {dag.py:3508} INFO - Setting next_dagrun for example_python_operator to None, run_after=None
[2023-08-27T06:33:13.672+0000] {processor.py:179} INFO - Processing /home/airflow/.local/lib/python3.7/site-packages/airflow/example_dags/example_python_operator.py took 0.098 seconds
[2023-08-27T06:33:45.042+0000] {processor.py:157} INFO - Started process (PID=2316) to work on /home/airflow/.local/lib/python3.7/site-packages/airflow/example_dags/example_python_operator.py
[2023-08-27T06:33:45.043+0000] {processor.py:826} INFO - Processing file /home/airflow/.local/lib/python3.7/site-packages/airflow/example_dags/example_python_operator.py for tasks to queue
[2023-08-27T06:33:45.044+0000] {logging_mixin.py:150} INFO - [2023-08-27T06:33:45.043+0000] {dagbag.py:541} INFO - Filling up the DagBag from /home/airflow/.local/lib/python3.7/site-packages/airflow/example_dags/example_python_operator.py
[2023-08-27T06:33:45.054+0000] {processor.py:836} INFO - DAG(s) dict_keys(['example_python_operator']) retrieved from /home/airflow/.local/lib/python3.7/site-packages/airflow/example_dags/example_python_operator.py
[2023-08-27T06:33:45.079+0000] {logging_mixin.py:150} INFO - [2023-08-27T06:33:45.079+0000] {dag.py:2742} INFO - Sync 1 DAGs
[2023-08-27T06:33:45.106+0000] {logging_mixin.py:150} INFO - [2023-08-27T06:33:45.106+0000] {dag.py:3508} INFO - Setting next_dagrun for example_python_operator to None, run_after=None
[2023-08-27T06:33:45.151+0000] {processor.py:179} INFO - Processing /home/airflow/.local/lib/python3.7/site-packages/airflow/example_dags/example_python_operator.py took 0.112 seconds
[2023-08-27T06:34:15.344+0000] {processor.py:157} INFO - Started process (PID=2396) to work on /home/airflow/.local/lib/python3.7/site-packages/airflow/example_dags/example_python_operator.py
[2023-08-27T06:34:15.345+0000] {processor.py:826} INFO - Processing file /home/airflow/.local/lib/python3.7/site-packages/airflow/example_dags/example_python_operator.py for tasks to queue
[2023-08-27T06:34:15.346+0000] {logging_mixin.py:150} INFO - [2023-08-27T06:34:15.346+0000] {dagbag.py:541} INFO - Filling up the DagBag from /home/airflow/.local/lib/python3.7/site-packages/airflow/example_dags/example_python_operator.py
[2023-08-27T06:34:15.356+0000] {processor.py:836} INFO - DAG(s) dict_keys(['example_python_operator']) retrieved from /home/airflow/.local/lib/python3.7/site-packages/airflow/example_dags/example_python_operator.py
[2023-08-27T06:34:15.383+0000] {logging_mixin.py:150} INFO - [2023-08-27T06:34:15.383+0000] {dag.py:2742} INFO - Sync 1 DAGs
[2023-08-27T06:34:15.420+0000] {logging_mixin.py:150} INFO - [2023-08-27T06:34:15.420+0000] {dag.py:3508} INFO - Setting next_dagrun for example_python_operator to None, run_after=None
[2023-08-27T06:34:15.468+0000] {processor.py:179} INFO - Processing /home/airflow/.local/lib/python3.7/site-packages/airflow/example_dags/example_python_operator.py took 0.126 seconds
[2023-08-27T06:34:46.338+0000] {processor.py:157} INFO - Started process (PID=2477) to work on /home/airflow/.local/lib/python3.7/site-packages/airflow/example_dags/example_python_operator.py
[2023-08-27T06:34:46.339+0000] {processor.py:826} INFO - Processing file /home/airflow/.local/lib/python3.7/site-packages/airflow/example_dags/example_python_operator.py for tasks to queue
[2023-08-27T06:34:46.340+0000] {logging_mixin.py:150} INFO - [2023-08-27T06:34:46.340+0000] {dagbag.py:541} INFO - Filling up the DagBag from /home/airflow/.local/lib/python3.7/site-packages/airflow/example_dags/example_python_operator.py
[2023-08-27T06:34:46.352+0000] {processor.py:836} INFO - DAG(s) dict_keys(['example_python_operator']) retrieved from /home/airflow/.local/lib/python3.7/site-packages/airflow/example_dags/example_python_operator.py
[2023-08-27T06:34:46.375+0000] {logging_mixin.py:150} INFO - [2023-08-27T06:34:46.375+0000] {dag.py:2742} INFO - Sync 1 DAGs
[2023-08-27T06:34:46.402+0000] {logging_mixin.py:150} INFO - [2023-08-27T06:34:46.402+0000] {dag.py:3508} INFO - Setting next_dagrun for example_python_operator to None, run_after=None
[2023-08-27T06:34:46.440+0000] {processor.py:179} INFO - Processing /home/airflow/.local/lib/python3.7/site-packages/airflow/example_dags/example_python_operator.py took 0.106 seconds
[2023-08-27T06:35:17.676+0000] {processor.py:157} INFO - Started process (PID=2557) to work on /home/airflow/.local/lib/python3.7/site-packages/airflow/example_dags/example_python_operator.py
[2023-08-27T06:35:17.677+0000] {processor.py:826} INFO - Processing file /home/airflow/.local/lib/python3.7/site-packages/airflow/example_dags/example_python_operator.py for tasks to queue
[2023-08-27T06:35:17.679+0000] {logging_mixin.py:150} INFO - [2023-08-27T06:35:17.679+0000] {dagbag.py:541} INFO - Filling up the DagBag from /home/airflow/.local/lib/python3.7/site-packages/airflow/example_dags/example_python_operator.py
[2023-08-27T06:35:17.693+0000] {processor.py:836} INFO - DAG(s) dict_keys(['example_python_operator']) retrieved from /home/airflow/.local/lib/python3.7/site-packages/airflow/example_dags/example_python_operator.py
[2023-08-27T06:35:17.724+0000] {logging_mixin.py:150} INFO - [2023-08-27T06:35:17.724+0000] {dag.py:2742} INFO - Sync 1 DAGs
[2023-08-27T06:35:17.748+0000] {logging_mixin.py:150} INFO - [2023-08-27T06:35:17.748+0000] {dag.py:3508} INFO - Setting next_dagrun for example_python_operator to None, run_after=None
[2023-08-27T06:35:17.785+0000] {processor.py:179} INFO - Processing /home/airflow/.local/lib/python3.7/site-packages/airflow/example_dags/example_python_operator.py took 0.111 seconds
[2023-08-27T06:35:48.813+0000] {processor.py:157} INFO - Started process (PID=2637) to work on /home/airflow/.local/lib/python3.7/site-packages/airflow/example_dags/example_python_operator.py
[2023-08-27T06:35:48.815+0000] {processor.py:826} INFO - Processing file /home/airflow/.local/lib/python3.7/site-packages/airflow/example_dags/example_python_operator.py for tasks to queue
[2023-08-27T06:35:48.816+0000] {logging_mixin.py:150} INFO - [2023-08-27T06:35:48.816+0000] {dagbag.py:541} INFO - Filling up the DagBag from /home/airflow/.local/lib/python3.7/site-packages/airflow/example_dags/example_python_operator.py
[2023-08-27T06:35:48.824+0000] {processor.py:836} INFO - DAG(s) dict_keys(['example_python_operator']) retrieved from /home/airflow/.local/lib/python3.7/site-packages/airflow/example_dags/example_python_operator.py
[2023-08-27T06:35:48.848+0000] {logging_mixin.py:150} INFO - [2023-08-27T06:35:48.848+0000] {dag.py:2742} INFO - Sync 1 DAGs
[2023-08-27T06:35:48.872+0000] {logging_mixin.py:150} INFO - [2023-08-27T06:35:48.871+0000] {dag.py:3508} INFO - Setting next_dagrun for example_python_operator to None, run_after=None
[2023-08-27T06:35:48.912+0000] {processor.py:179} INFO - Processing /home/airflow/.local/lib/python3.7/site-packages/airflow/example_dags/example_python_operator.py took 0.101 seconds
[2023-08-27T06:36:19.432+0000] {processor.py:157} INFO - Started process (PID=2717) to work on /home/airflow/.local/lib/python3.7/site-packages/airflow/example_dags/example_python_operator.py
[2023-08-27T06:36:19.433+0000] {processor.py:826} INFO - Processing file /home/airflow/.local/lib/python3.7/site-packages/airflow/example_dags/example_python_operator.py for tasks to queue
[2023-08-27T06:36:19.434+0000] {logging_mixin.py:150} INFO - [2023-08-27T06:36:19.434+0000] {dagbag.py:541} INFO - Filling up the DagBag from /home/airflow/.local/lib/python3.7/site-packages/airflow/example_dags/example_python_operator.py
[2023-08-27T06:36:19.443+0000] {processor.py:836} INFO - DAG(s) dict_keys(['example_python_operator']) retrieved from /home/airflow/.local/lib/python3.7/site-packages/airflow/example_dags/example_python_operator.py
[2023-08-27T06:36:19.465+0000] {logging_mixin.py:150} INFO - [2023-08-27T06:36:19.465+0000] {dag.py:2742} INFO - Sync 1 DAGs
[2023-08-27T06:36:19.496+0000] {logging_mixin.py:150} INFO - [2023-08-27T06:36:19.496+0000] {dag.py:3508} INFO - Setting next_dagrun for example_python_operator to None, run_after=None
[2023-08-27T06:36:19.544+0000] {processor.py:179} INFO - Processing /home/airflow/.local/lib/python3.7/site-packages/airflow/example_dags/example_python_operator.py took 0.115 seconds
[2023-08-27T06:36:50.017+0000] {processor.py:157} INFO - Started process (PID=2797) to work on /home/airflow/.local/lib/python3.7/site-packages/airflow/example_dags/example_python_operator.py
[2023-08-27T06:36:50.018+0000] {processor.py:826} INFO - Processing file /home/airflow/.local/lib/python3.7/site-packages/airflow/example_dags/example_python_operator.py for tasks to queue
[2023-08-27T06:36:50.019+0000] {logging_mixin.py:150} INFO - [2023-08-27T06:36:50.019+0000] {dagbag.py:541} INFO - Filling up the DagBag from /home/airflow/.local/lib/python3.7/site-packages/airflow/example_dags/example_python_operator.py
[2023-08-27T06:36:50.031+0000] {processor.py:836} INFO - DAG(s) dict_keys(['example_python_operator']) retrieved from /home/airflow/.local/lib/python3.7/site-packages/airflow/example_dags/example_python_operator.py
[2023-08-27T06:36:50.066+0000] {logging_mixin.py:150} INFO - [2023-08-27T06:36:50.065+0000] {dag.py:2742} INFO - Sync 1 DAGs
[2023-08-27T06:36:50.092+0000] {logging_mixin.py:150} INFO - [2023-08-27T06:36:50.092+0000] {dag.py:3508} INFO - Setting next_dagrun for example_python_operator to None, run_after=None
[2023-08-27T06:36:50.129+0000] {processor.py:179} INFO - Processing /home/airflow/.local/lib/python3.7/site-packages/airflow/example_dags/example_python_operator.py took 0.116 seconds
