[2023-08-26T02:02:59.678+0000] {logging_mixin.py:150} INFO - Changing /opt/***/logs/dag_id=dags_bash_with_template/run_id=scheduled__2023-08-25T00:10:00+00:00/task_id=bash_t2 permission to 509
[2023-08-26T02:02:59.679+0000] {logging_mixin.py:150} INFO - Failed to change /opt/***/logs/dag_id=dags_bash_with_template/run_id=scheduled__2023-08-25T00:10:00+00:00/task_id=bash_t2 permission to 509: [Errno 1] Operation not permitted: '/opt/***/logs/dag_id=dags_bash_with_template/run_id=scheduled__2023-08-25T00:10:00+00:00/task_id=bash_t2'
[2023-08-26T02:02:59.784+0000] {logging_mixin.py:150} INFO - Changing /opt/***/logs/dag_id=dags_bash_with_template/run_id=scheduled__2023-08-25T00:10:00+00:00/task_id=bash_t2 permission to 509
[2023-08-26T02:02:59.804+0000] {logging_mixin.py:150} INFO - Failed to change /opt/***/logs/dag_id=dags_bash_with_template/run_id=scheduled__2023-08-25T00:10:00+00:00/task_id=bash_t2 permission to 509: [Errno 1] Operation not permitted: '/opt/***/logs/dag_id=dags_bash_with_template/run_id=scheduled__2023-08-25T00:10:00+00:00/task_id=bash_t2'
[2023-08-26T02:02:59.964+0000] {taskinstance.py:1103} INFO - Dependencies all met for dep_context=non-requeueable deps ti=<TaskInstance: dags_bash_with_template.bash_t2 scheduled__2023-08-25T00:10:00+00:00 [queued]>
[2023-08-26T02:02:59.976+0000] {taskinstance.py:1103} INFO - Dependencies all met for dep_context=requeueable deps ti=<TaskInstance: dags_bash_with_template.bash_t2 scheduled__2023-08-25T00:10:00+00:00 [queued]>
[2023-08-26T02:02:59.977+0000] {taskinstance.py:1308} INFO - Starting attempt 1 of 1
[2023-08-26T02:03:00.060+0000] {taskinstance.py:1327} INFO - Executing <Task(BashOperator): bash_t2> on 2023-08-25 00:10:00+00:00
[2023-08-26T02:03:00.068+0000] {standard_task_runner.py:57} INFO - Started process 102 to run task
[2023-08-26T02:03:00.072+0000] {standard_task_runner.py:84} INFO - Running: ['***', 'tasks', 'run', 'dags_bash_with_template', 'bash_t2', 'scheduled__2023-08-25T00:10:00+00:00', '--job-id', '42', '--raw', '--subdir', 'DAGS_FOLDER/dags_bash_with_template.py', '--cfg-path', '/tmp/tmpnegwmcva']
[2023-08-26T02:03:00.075+0000] {standard_task_runner.py:85} INFO - Job 42: Subtask bash_t2
[2023-08-26T02:03:00.207+0000] {logging_mixin.py:150} INFO - Changing /opt/***/logs/dag_id=dags_bash_with_template/run_id=scheduled__2023-08-25T00:10:00+00:00/task_id=bash_t2 permission to 509
[2023-08-26T02:03:00.208+0000] {logging_mixin.py:150} INFO - Failed to change /opt/***/logs/dag_id=dags_bash_with_template/run_id=scheduled__2023-08-25T00:10:00+00:00/task_id=bash_t2 permission to 509: [Errno 1] Operation not permitted: '/opt/***/logs/dag_id=dags_bash_with_template/run_id=scheduled__2023-08-25T00:10:00+00:00/task_id=bash_t2'
[2023-08-26T02:03:00.212+0000] {task_command.py:410} INFO - Running <TaskInstance: dags_bash_with_template.bash_t2 scheduled__2023-08-25T00:10:00+00:00 [running]> on host 07fcf706bef2
[2023-08-26T02:03:00.369+0000] {taskinstance.py:1547} INFO - Exporting env vars: AIRFLOW_CTX_DAG_OWNER='***' AIRFLOW_CTX_DAG_ID='dags_bash_with_template' AIRFLOW_CTX_TASK_ID='bash_t2' AIRFLOW_CTX_EXECUTION_DATE='2023-08-25T00:10:00+00:00' AIRFLOW_CTX_TRY_NUMBER='1' AIRFLOW_CTX_DAG_RUN_ID='scheduled__2023-08-25T00:10:00+00:00'
[2023-08-26T02:03:00.371+0000] {subprocess.py:63} INFO - Tmp dir root location: /tmp
[2023-08-26T02:03:00.372+0000] {subprocess.py:75} INFO - Running command: ['/bin/bash', '-c', 'echo $START_DATE && echo $END_DATE']
[2023-08-26T02:03:00.382+0000] {subprocess.py:86} INFO - Output:
[2023-08-26T02:03:00.383+0000] {subprocess.py:93} INFO - 2023-08-25
[2023-08-26T02:03:00.383+0000] {subprocess.py:93} INFO - 2023-08-26
[2023-08-26T02:03:00.384+0000] {subprocess.py:97} INFO - Command exited with return code 0
[2023-08-26T02:03:00.438+0000] {taskinstance.py:1350} INFO - Marking task as SUCCESS. dag_id=dags_bash_with_template, task_id=bash_t2, execution_date=20230825T001000, start_date=20230826T020259, end_date=20230826T020300
[2023-08-26T02:03:00.524+0000] {local_task_job_runner.py:225} INFO - Task exited with return code 0
[2023-08-26T02:03:00.543+0000] {taskinstance.py:2653} INFO - 0 downstream tasks scheduled from follow-on schedule check
