[2023-08-29T22:18:11.398+0000] {logging_mixin.py:150} INFO - Changing /opt/***/logs/dag_id=dags_python_with_trigger_rule_eg2/run_id=manual__2023-08-29T22:18:07.722031+00:00/task_id=task_c permission to 509
[2023-08-29T22:18:11.399+0000] {logging_mixin.py:150} INFO - Failed to change /opt/***/logs/dag_id=dags_python_with_trigger_rule_eg2/run_id=manual__2023-08-29T22:18:07.722031+00:00/task_id=task_c permission to 509: [Errno 1] Operation not permitted: '/opt/***/logs/dag_id=dags_python_with_trigger_rule_eg2/run_id=manual__2023-08-29T22:18:07.722031+00:00/task_id=task_c'
[2023-08-29T22:18:11.469+0000] {logging_mixin.py:150} INFO - Changing /opt/***/logs/dag_id=dags_python_with_trigger_rule_eg2/run_id=manual__2023-08-29T22:18:07.722031+00:00/task_id=task_c permission to 509
[2023-08-29T22:18:11.474+0000] {logging_mixin.py:150} INFO - Failed to change /opt/***/logs/dag_id=dags_python_with_trigger_rule_eg2/run_id=manual__2023-08-29T22:18:07.722031+00:00/task_id=task_c permission to 509: [Errno 1] Operation not permitted: '/opt/***/logs/dag_id=dags_python_with_trigger_rule_eg2/run_id=manual__2023-08-29T22:18:07.722031+00:00/task_id=task_c'
[2023-08-29T22:18:11.629+0000] {taskinstance.py:1103} INFO - Dependencies all met for dep_context=non-requeueable deps ti=<TaskInstance: dags_python_with_trigger_rule_eg2.task_c manual__2023-08-29T22:18:07.722031+00:00 [queued]>
[2023-08-29T22:18:11.641+0000] {taskinstance.py:1103} INFO - Dependencies all met for dep_context=requeueable deps ti=<TaskInstance: dags_python_with_trigger_rule_eg2.task_c manual__2023-08-29T22:18:07.722031+00:00 [queued]>
[2023-08-29T22:18:11.642+0000] {taskinstance.py:1308} INFO - Starting attempt 1 of 1
[2023-08-29T22:18:11.682+0000] {taskinstance.py:1327} INFO - Executing <Task(_PythonDecoratedOperator): task_c> on 2023-08-29 22:18:07.722031+00:00
[2023-08-29T22:18:11.687+0000] {standard_task_runner.py:57} INFO - Started process 2613 to run task
[2023-08-29T22:18:11.690+0000] {standard_task_runner.py:84} INFO - Running: ['***', 'tasks', 'run', 'dags_python_with_trigger_rule_eg2', 'task_c', 'manual__2023-08-29T22:18:07.722031+00:00', '--job-id', '166', '--raw', '--subdir', 'DAGS_FOLDER/dags_python_with_trigger_rule_eg2.py', '--cfg-path', '/tmp/tmp8lyro4o3']
[2023-08-29T22:18:11.693+0000] {standard_task_runner.py:85} INFO - Job 166: Subtask task_c
[2023-08-29T22:18:11.782+0000] {logging_mixin.py:150} INFO - Changing /opt/***/logs/dag_id=dags_python_with_trigger_rule_eg2/run_id=manual__2023-08-29T22:18:07.722031+00:00/task_id=task_c permission to 509
[2023-08-29T22:18:11.783+0000] {logging_mixin.py:150} INFO - Failed to change /opt/***/logs/dag_id=dags_python_with_trigger_rule_eg2/run_id=manual__2023-08-29T22:18:07.722031+00:00/task_id=task_c permission to 509: [Errno 1] Operation not permitted: '/opt/***/logs/dag_id=dags_python_with_trigger_rule_eg2/run_id=manual__2023-08-29T22:18:07.722031+00:00/task_id=task_c'
[2023-08-29T22:18:11.788+0000] {task_command.py:410} INFO - Running <TaskInstance: dags_python_with_trigger_rule_eg2.task_c manual__2023-08-29T22:18:07.722031+00:00 [running]> on host 07fcf706bef2
[2023-08-29T22:18:11.945+0000] {taskinstance.py:1547} INFO - Exporting env vars: AIRFLOW_CTX_DAG_OWNER='***' AIRFLOW_CTX_DAG_ID='dags_python_with_trigger_rule_eg2' AIRFLOW_CTX_TASK_ID='task_c' AIRFLOW_CTX_EXECUTION_DATE='2023-08-29T22:18:07.722031+00:00' AIRFLOW_CTX_TRY_NUMBER='1' AIRFLOW_CTX_DAG_RUN_ID='manual__2023-08-29T22:18:07.722031+00:00'
[2023-08-29T22:18:11.947+0000] {logging_mixin.py:150} INFO - 정상처리
[2023-08-29T22:18:11.947+0000] {python.py:183} INFO - Done. Returned value was: None
[2023-08-29T22:18:11.960+0000] {taskinstance.py:1350} INFO - Marking task as SUCCESS. dag_id=dags_python_with_trigger_rule_eg2, task_id=task_c, execution_date=20230829T221807, start_date=20230829T221811, end_date=20230829T221811
[2023-08-29T22:18:12.022+0000] {local_task_job_runner.py:225} INFO - Task exited with return code 0
[2023-08-29T22:18:12.042+0000] {taskinstance.py:2653} INFO - 0 downstream tasks scheduled from follow-on schedule check
