[2023-08-20T02:29:50.286+0000] {processor.py:157} INFO - Started process (PID=72) to work on /home/airflow/.local/lib/python3.7/site-packages/airflow/example_dags/example_branch_labels.py
[2023-08-20T02:29:50.305+0000] {processor.py:826} INFO - Processing file /home/airflow/.local/lib/python3.7/site-packages/airflow/example_dags/example_branch_labels.py for tasks to queue
[2023-08-20T02:29:50.306+0000] {logging_mixin.py:150} INFO - [2023-08-20T02:29:50.305+0000] {dagbag.py:541} INFO - Filling up the DagBag from /home/airflow/.local/lib/python3.7/site-packages/airflow/example_dags/example_branch_labels.py
[2023-08-20T02:29:50.331+0000] {processor.py:836} INFO - DAG(s) dict_keys(['example_branch_labels']) retrieved from /home/airflow/.local/lib/python3.7/site-packages/airflow/example_dags/example_branch_labels.py
[2023-08-20T02:29:50.341+0000] {logging_mixin.py:150} INFO - [2023-08-20T02:29:50.341+0000] {dag.py:2742} INFO - Sync 1 DAGs
[2023-08-20T02:29:50.370+0000] {logging_mixin.py:150} INFO - [2023-08-20T02:29:50.369+0000] {dag.py:3508} INFO - Setting next_dagrun for example_branch_labels to 2023-08-19T00:00:00+00:00, run_after=2023-08-20T00:00:00+00:00
[2023-08-20T02:29:50.423+0000] {processor.py:179} INFO - Processing /home/airflow/.local/lib/python3.7/site-packages/airflow/example_dags/example_branch_labels.py took 0.140 seconds
[2023-08-20T02:30:21.784+0000] {processor.py:157} INFO - Started process (PID=145) to work on /home/airflow/.local/lib/python3.7/site-packages/airflow/example_dags/example_branch_labels.py
[2023-08-20T02:30:21.785+0000] {processor.py:826} INFO - Processing file /home/airflow/.local/lib/python3.7/site-packages/airflow/example_dags/example_branch_labels.py for tasks to queue
[2023-08-20T02:30:21.786+0000] {logging_mixin.py:150} INFO - [2023-08-20T02:30:21.786+0000] {dagbag.py:541} INFO - Filling up the DagBag from /home/airflow/.local/lib/python3.7/site-packages/airflow/example_dags/example_branch_labels.py
[2023-08-20T02:30:21.793+0000] {processor.py:836} INFO - DAG(s) dict_keys(['example_branch_labels']) retrieved from /home/airflow/.local/lib/python3.7/site-packages/airflow/example_dags/example_branch_labels.py
[2023-08-20T02:30:21.815+0000] {logging_mixin.py:150} INFO - [2023-08-20T02:30:21.815+0000] {dag.py:2742} INFO - Sync 1 DAGs
[2023-08-20T02:30:21.843+0000] {logging_mixin.py:150} INFO - [2023-08-20T02:30:21.843+0000] {dag.py:3508} INFO - Setting next_dagrun for example_branch_labels to 2023-08-19T00:00:00+00:00, run_after=2023-08-20T00:00:00+00:00
[2023-08-20T02:30:21.884+0000] {processor.py:179} INFO - Processing /home/airflow/.local/lib/python3.7/site-packages/airflow/example_dags/example_branch_labels.py took 0.103 seconds
[2023-08-20T02:30:52.057+0000] {processor.py:157} INFO - Started process (PID=218) to work on /home/airflow/.local/lib/python3.7/site-packages/airflow/example_dags/example_branch_labels.py
[2023-08-20T02:30:52.058+0000] {processor.py:826} INFO - Processing file /home/airflow/.local/lib/python3.7/site-packages/airflow/example_dags/example_branch_labels.py for tasks to queue
[2023-08-20T02:30:52.059+0000] {logging_mixin.py:150} INFO - [2023-08-20T02:30:52.059+0000] {dagbag.py:541} INFO - Filling up the DagBag from /home/airflow/.local/lib/python3.7/site-packages/airflow/example_dags/example_branch_labels.py
[2023-08-20T02:30:52.066+0000] {processor.py:836} INFO - DAG(s) dict_keys(['example_branch_labels']) retrieved from /home/airflow/.local/lib/python3.7/site-packages/airflow/example_dags/example_branch_labels.py
[2023-08-20T02:30:52.089+0000] {logging_mixin.py:150} INFO - [2023-08-20T02:30:52.088+0000] {dag.py:2742} INFO - Sync 1 DAGs
[2023-08-20T02:30:52.116+0000] {logging_mixin.py:150} INFO - [2023-08-20T02:30:52.116+0000] {dag.py:3508} INFO - Setting next_dagrun for example_branch_labels to 2023-08-19T00:00:00+00:00, run_after=2023-08-20T00:00:00+00:00
[2023-08-20T02:30:52.158+0000] {processor.py:179} INFO - Processing /home/airflow/.local/lib/python3.7/site-packages/airflow/example_dags/example_branch_labels.py took 0.104 seconds
[2023-08-20T02:31:22.222+0000] {processor.py:157} INFO - Started process (PID=291) to work on /home/airflow/.local/lib/python3.7/site-packages/airflow/example_dags/example_branch_labels.py
[2023-08-20T02:31:22.223+0000] {processor.py:826} INFO - Processing file /home/airflow/.local/lib/python3.7/site-packages/airflow/example_dags/example_branch_labels.py for tasks to queue
[2023-08-20T02:31:22.224+0000] {logging_mixin.py:150} INFO - [2023-08-20T02:31:22.224+0000] {dagbag.py:541} INFO - Filling up the DagBag from /home/airflow/.local/lib/python3.7/site-packages/airflow/example_dags/example_branch_labels.py
[2023-08-20T02:31:22.232+0000] {processor.py:836} INFO - DAG(s) dict_keys(['example_branch_labels']) retrieved from /home/airflow/.local/lib/python3.7/site-packages/airflow/example_dags/example_branch_labels.py
[2023-08-20T02:31:22.253+0000] {logging_mixin.py:150} INFO - [2023-08-20T02:31:22.253+0000] {dag.py:2742} INFO - Sync 1 DAGs
[2023-08-20T02:31:22.281+0000] {logging_mixin.py:150} INFO - [2023-08-20T02:31:22.281+0000] {dag.py:3508} INFO - Setting next_dagrun for example_branch_labels to 2023-08-19T00:00:00+00:00, run_after=2023-08-20T00:00:00+00:00
[2023-08-20T02:31:22.316+0000] {processor.py:179} INFO - Processing /home/airflow/.local/lib/python3.7/site-packages/airflow/example_dags/example_branch_labels.py took 0.097 seconds
[2023-08-20T02:31:52.520+0000] {processor.py:157} INFO - Started process (PID=364) to work on /home/airflow/.local/lib/python3.7/site-packages/airflow/example_dags/example_branch_labels.py
[2023-08-20T02:31:52.521+0000] {processor.py:826} INFO - Processing file /home/airflow/.local/lib/python3.7/site-packages/airflow/example_dags/example_branch_labels.py for tasks to queue
[2023-08-20T02:31:52.523+0000] {logging_mixin.py:150} INFO - [2023-08-20T02:31:52.522+0000] {dagbag.py:541} INFO - Filling up the DagBag from /home/airflow/.local/lib/python3.7/site-packages/airflow/example_dags/example_branch_labels.py
[2023-08-20T02:31:52.529+0000] {processor.py:836} INFO - DAG(s) dict_keys(['example_branch_labels']) retrieved from /home/airflow/.local/lib/python3.7/site-packages/airflow/example_dags/example_branch_labels.py
[2023-08-20T02:31:52.554+0000] {logging_mixin.py:150} INFO - [2023-08-20T02:31:52.554+0000] {dag.py:2742} INFO - Sync 1 DAGs
[2023-08-20T02:31:52.580+0000] {logging_mixin.py:150} INFO - [2023-08-20T02:31:52.580+0000] {dag.py:3508} INFO - Setting next_dagrun for example_branch_labels to 2023-08-19T00:00:00+00:00, run_after=2023-08-20T00:00:00+00:00
[2023-08-20T02:31:52.614+0000] {processor.py:179} INFO - Processing /home/airflow/.local/lib/python3.7/site-packages/airflow/example_dags/example_branch_labels.py took 0.096 seconds
[2023-08-20T02:32:23.976+0000] {processor.py:157} INFO - Started process (PID=437) to work on /home/airflow/.local/lib/python3.7/site-packages/airflow/example_dags/example_branch_labels.py
[2023-08-20T02:32:23.977+0000] {processor.py:826} INFO - Processing file /home/airflow/.local/lib/python3.7/site-packages/airflow/example_dags/example_branch_labels.py for tasks to queue
[2023-08-20T02:32:23.979+0000] {logging_mixin.py:150} INFO - [2023-08-20T02:32:23.979+0000] {dagbag.py:541} INFO - Filling up the DagBag from /home/airflow/.local/lib/python3.7/site-packages/airflow/example_dags/example_branch_labels.py
[2023-08-20T02:32:23.985+0000] {processor.py:836} INFO - DAG(s) dict_keys(['example_branch_labels']) retrieved from /home/airflow/.local/lib/python3.7/site-packages/airflow/example_dags/example_branch_labels.py
[2023-08-20T02:32:24.008+0000] {logging_mixin.py:150} INFO - [2023-08-20T02:32:24.008+0000] {dag.py:2742} INFO - Sync 1 DAGs
[2023-08-20T02:32:24.034+0000] {logging_mixin.py:150} INFO - [2023-08-20T02:32:24.034+0000] {dag.py:3508} INFO - Setting next_dagrun for example_branch_labels to 2023-08-19T00:00:00+00:00, run_after=2023-08-20T00:00:00+00:00
[2023-08-20T02:32:24.088+0000] {processor.py:179} INFO - Processing /home/airflow/.local/lib/python3.7/site-packages/airflow/example_dags/example_branch_labels.py took 0.114 seconds
[2023-08-20T02:32:54.195+0000] {processor.py:157} INFO - Started process (PID=510) to work on /home/airflow/.local/lib/python3.7/site-packages/airflow/example_dags/example_branch_labels.py
[2023-08-20T02:32:54.196+0000] {processor.py:826} INFO - Processing file /home/airflow/.local/lib/python3.7/site-packages/airflow/example_dags/example_branch_labels.py for tasks to queue
[2023-08-20T02:32:54.197+0000] {logging_mixin.py:150} INFO - [2023-08-20T02:32:54.197+0000] {dagbag.py:541} INFO - Filling up the DagBag from /home/airflow/.local/lib/python3.7/site-packages/airflow/example_dags/example_branch_labels.py
[2023-08-20T02:32:54.203+0000] {processor.py:836} INFO - DAG(s) dict_keys(['example_branch_labels']) retrieved from /home/airflow/.local/lib/python3.7/site-packages/airflow/example_dags/example_branch_labels.py
[2023-08-20T02:32:54.227+0000] {logging_mixin.py:150} INFO - [2023-08-20T02:32:54.227+0000] {dag.py:2742} INFO - Sync 1 DAGs
[2023-08-20T02:32:54.252+0000] {logging_mixin.py:150} INFO - [2023-08-20T02:32:54.252+0000] {dag.py:3508} INFO - Setting next_dagrun for example_branch_labels to 2023-08-19T00:00:00+00:00, run_after=2023-08-20T00:00:00+00:00
[2023-08-20T02:32:54.288+0000] {processor.py:179} INFO - Processing /home/airflow/.local/lib/python3.7/site-packages/airflow/example_dags/example_branch_labels.py took 0.096 seconds
[2023-08-20T02:33:25.392+0000] {processor.py:157} INFO - Started process (PID=583) to work on /home/airflow/.local/lib/python3.7/site-packages/airflow/example_dags/example_branch_labels.py
[2023-08-20T02:33:25.393+0000] {processor.py:826} INFO - Processing file /home/airflow/.local/lib/python3.7/site-packages/airflow/example_dags/example_branch_labels.py for tasks to queue
[2023-08-20T02:33:25.394+0000] {logging_mixin.py:150} INFO - [2023-08-20T02:33:25.393+0000] {dagbag.py:541} INFO - Filling up the DagBag from /home/airflow/.local/lib/python3.7/site-packages/airflow/example_dags/example_branch_labels.py
[2023-08-20T02:33:25.400+0000] {processor.py:836} INFO - DAG(s) dict_keys(['example_branch_labels']) retrieved from /home/airflow/.local/lib/python3.7/site-packages/airflow/example_dags/example_branch_labels.py
[2023-08-20T02:33:25.422+0000] {logging_mixin.py:150} INFO - [2023-08-20T02:33:25.422+0000] {dag.py:2742} INFO - Sync 1 DAGs
[2023-08-20T02:33:25.447+0000] {logging_mixin.py:150} INFO - [2023-08-20T02:33:25.447+0000] {dag.py:3508} INFO - Setting next_dagrun for example_branch_labels to 2023-08-19T00:00:00+00:00, run_after=2023-08-20T00:00:00+00:00
[2023-08-20T02:33:25.481+0000] {processor.py:179} INFO - Processing /home/airflow/.local/lib/python3.7/site-packages/airflow/example_dags/example_branch_labels.py took 0.092 seconds
[2023-08-20T02:33:55.963+0000] {processor.py:157} INFO - Started process (PID=656) to work on /home/airflow/.local/lib/python3.7/site-packages/airflow/example_dags/example_branch_labels.py
[2023-08-20T02:33:55.965+0000] {processor.py:826} INFO - Processing file /home/airflow/.local/lib/python3.7/site-packages/airflow/example_dags/example_branch_labels.py for tasks to queue
[2023-08-20T02:33:55.967+0000] {logging_mixin.py:150} INFO - [2023-08-20T02:33:55.966+0000] {dagbag.py:541} INFO - Filling up the DagBag from /home/airflow/.local/lib/python3.7/site-packages/airflow/example_dags/example_branch_labels.py
[2023-08-20T02:33:55.974+0000] {processor.py:836} INFO - DAG(s) dict_keys(['example_branch_labels']) retrieved from /home/airflow/.local/lib/python3.7/site-packages/airflow/example_dags/example_branch_labels.py
[2023-08-20T02:33:55.997+0000] {logging_mixin.py:150} INFO - [2023-08-20T02:33:55.997+0000] {dag.py:2742} INFO - Sync 1 DAGs
[2023-08-20T02:33:56.025+0000] {logging_mixin.py:150} INFO - [2023-08-20T02:33:56.025+0000] {dag.py:3508} INFO - Setting next_dagrun for example_branch_labels to 2023-08-19T00:00:00+00:00, run_after=2023-08-20T00:00:00+00:00
[2023-08-20T02:33:56.063+0000] {processor.py:179} INFO - Processing /home/airflow/.local/lib/python3.7/site-packages/airflow/example_dags/example_branch_labels.py took 0.105 seconds
[2023-08-20T02:34:26.673+0000] {processor.py:157} INFO - Started process (PID=729) to work on /home/airflow/.local/lib/python3.7/site-packages/airflow/example_dags/example_branch_labels.py
[2023-08-20T02:34:26.675+0000] {processor.py:826} INFO - Processing file /home/airflow/.local/lib/python3.7/site-packages/airflow/example_dags/example_branch_labels.py for tasks to queue
[2023-08-20T02:34:26.676+0000] {logging_mixin.py:150} INFO - [2023-08-20T02:34:26.676+0000] {dagbag.py:541} INFO - Filling up the DagBag from /home/airflow/.local/lib/python3.7/site-packages/airflow/example_dags/example_branch_labels.py
[2023-08-20T02:34:26.685+0000] {processor.py:836} INFO - DAG(s) dict_keys(['example_branch_labels']) retrieved from /home/airflow/.local/lib/python3.7/site-packages/airflow/example_dags/example_branch_labels.py
[2023-08-20T02:34:26.711+0000] {logging_mixin.py:150} INFO - [2023-08-20T02:34:26.711+0000] {dag.py:2742} INFO - Sync 1 DAGs
[2023-08-20T02:34:26.742+0000] {logging_mixin.py:150} INFO - [2023-08-20T02:34:26.742+0000] {dag.py:3508} INFO - Setting next_dagrun for example_branch_labels to 2023-08-19T00:00:00+00:00, run_after=2023-08-20T00:00:00+00:00
[2023-08-20T02:34:26.762+0000] {processor.py:179} INFO - Processing /home/airflow/.local/lib/python3.7/site-packages/airflow/example_dags/example_branch_labels.py took 0.092 seconds
[2023-08-20T02:34:56.972+0000] {processor.py:157} INFO - Started process (PID=802) to work on /home/airflow/.local/lib/python3.7/site-packages/airflow/example_dags/example_branch_labels.py
[2023-08-20T02:34:56.973+0000] {processor.py:826} INFO - Processing file /home/airflow/.local/lib/python3.7/site-packages/airflow/example_dags/example_branch_labels.py for tasks to queue
[2023-08-20T02:34:56.974+0000] {logging_mixin.py:150} INFO - [2023-08-20T02:34:56.974+0000] {dagbag.py:541} INFO - Filling up the DagBag from /home/airflow/.local/lib/python3.7/site-packages/airflow/example_dags/example_branch_labels.py
[2023-08-20T02:34:56.981+0000] {processor.py:836} INFO - DAG(s) dict_keys(['example_branch_labels']) retrieved from /home/airflow/.local/lib/python3.7/site-packages/airflow/example_dags/example_branch_labels.py
[2023-08-20T02:34:57.005+0000] {logging_mixin.py:150} INFO - [2023-08-20T02:34:57.005+0000] {dag.py:2742} INFO - Sync 1 DAGs
[2023-08-20T02:34:57.031+0000] {logging_mixin.py:150} INFO - [2023-08-20T02:34:57.031+0000] {dag.py:3508} INFO - Setting next_dagrun for example_branch_labels to 2023-08-19T00:00:00+00:00, run_after=2023-08-20T00:00:00+00:00
[2023-08-20T02:34:57.078+0000] {processor.py:179} INFO - Processing /home/airflow/.local/lib/python3.7/site-packages/airflow/example_dags/example_branch_labels.py took 0.109 seconds
[2023-08-20T02:35:27.230+0000] {processor.py:157} INFO - Started process (PID=875) to work on /home/airflow/.local/lib/python3.7/site-packages/airflow/example_dags/example_branch_labels.py
[2023-08-20T02:35:27.231+0000] {processor.py:826} INFO - Processing file /home/airflow/.local/lib/python3.7/site-packages/airflow/example_dags/example_branch_labels.py for tasks to queue
[2023-08-20T02:35:27.231+0000] {logging_mixin.py:150} INFO - [2023-08-20T02:35:27.231+0000] {dagbag.py:541} INFO - Filling up the DagBag from /home/airflow/.local/lib/python3.7/site-packages/airflow/example_dags/example_branch_labels.py
[2023-08-20T02:35:27.239+0000] {processor.py:836} INFO - DAG(s) dict_keys(['example_branch_labels']) retrieved from /home/airflow/.local/lib/python3.7/site-packages/airflow/example_dags/example_branch_labels.py
[2023-08-20T02:35:27.262+0000] {logging_mixin.py:150} INFO - [2023-08-20T02:35:27.262+0000] {dag.py:2742} INFO - Sync 1 DAGs
[2023-08-20T02:35:27.291+0000] {logging_mixin.py:150} INFO - [2023-08-20T02:35:27.291+0000] {dag.py:3508} INFO - Setting next_dagrun for example_branch_labels to 2023-08-19T00:00:00+00:00, run_after=2023-08-20T00:00:00+00:00
[2023-08-20T02:35:27.330+0000] {processor.py:179} INFO - Processing /home/airflow/.local/lib/python3.7/site-packages/airflow/example_dags/example_branch_labels.py took 0.103 seconds
[2023-08-20T02:35:57.464+0000] {processor.py:157} INFO - Started process (PID=949) to work on /home/airflow/.local/lib/python3.7/site-packages/airflow/example_dags/example_branch_labels.py
[2023-08-20T02:35:57.466+0000] {processor.py:826} INFO - Processing file /home/airflow/.local/lib/python3.7/site-packages/airflow/example_dags/example_branch_labels.py for tasks to queue
[2023-08-20T02:35:57.467+0000] {logging_mixin.py:150} INFO - [2023-08-20T02:35:57.467+0000] {dagbag.py:541} INFO - Filling up the DagBag from /home/airflow/.local/lib/python3.7/site-packages/airflow/example_dags/example_branch_labels.py
[2023-08-20T02:35:57.474+0000] {processor.py:836} INFO - DAG(s) dict_keys(['example_branch_labels']) retrieved from /home/airflow/.local/lib/python3.7/site-packages/airflow/example_dags/example_branch_labels.py
[2023-08-20T02:35:57.498+0000] {logging_mixin.py:150} INFO - [2023-08-20T02:35:57.497+0000] {dag.py:2742} INFO - Sync 1 DAGs
[2023-08-20T02:35:57.525+0000] {logging_mixin.py:150} INFO - [2023-08-20T02:35:57.525+0000] {dag.py:3508} INFO - Setting next_dagrun for example_branch_labels to 2023-08-19T00:00:00+00:00, run_after=2023-08-20T00:00:00+00:00
[2023-08-20T02:35:57.561+0000] {processor.py:179} INFO - Processing /home/airflow/.local/lib/python3.7/site-packages/airflow/example_dags/example_branch_labels.py took 0.099 seconds
[2023-08-20T02:36:27.682+0000] {processor.py:157} INFO - Started process (PID=1022) to work on /home/airflow/.local/lib/python3.7/site-packages/airflow/example_dags/example_branch_labels.py
[2023-08-20T02:36:27.683+0000] {processor.py:826} INFO - Processing file /home/airflow/.local/lib/python3.7/site-packages/airflow/example_dags/example_branch_labels.py for tasks to queue
[2023-08-20T02:36:27.683+0000] {logging_mixin.py:150} INFO - [2023-08-20T02:36:27.683+0000] {dagbag.py:541} INFO - Filling up the DagBag from /home/airflow/.local/lib/python3.7/site-packages/airflow/example_dags/example_branch_labels.py
[2023-08-20T02:36:27.690+0000] {processor.py:836} INFO - DAG(s) dict_keys(['example_branch_labels']) retrieved from /home/airflow/.local/lib/python3.7/site-packages/airflow/example_dags/example_branch_labels.py
[2023-08-20T02:36:27.714+0000] {logging_mixin.py:150} INFO - [2023-08-20T02:36:27.714+0000] {dag.py:2742} INFO - Sync 1 DAGs
[2023-08-20T02:36:27.740+0000] {logging_mixin.py:150} INFO - [2023-08-20T02:36:27.740+0000] {dag.py:3508} INFO - Setting next_dagrun for example_branch_labels to 2023-08-19T00:00:00+00:00, run_after=2023-08-20T00:00:00+00:00
[2023-08-20T02:36:27.778+0000] {processor.py:179} INFO - Processing /home/airflow/.local/lib/python3.7/site-packages/airflow/example_dags/example_branch_labels.py took 0.099 seconds
[2023-08-20T02:36:58.778+0000] {processor.py:157} INFO - Started process (PID=1095) to work on /home/airflow/.local/lib/python3.7/site-packages/airflow/example_dags/example_branch_labels.py
[2023-08-20T02:36:58.779+0000] {processor.py:826} INFO - Processing file /home/airflow/.local/lib/python3.7/site-packages/airflow/example_dags/example_branch_labels.py for tasks to queue
[2023-08-20T02:36:58.779+0000] {logging_mixin.py:150} INFO - [2023-08-20T02:36:58.779+0000] {dagbag.py:541} INFO - Filling up the DagBag from /home/airflow/.local/lib/python3.7/site-packages/airflow/example_dags/example_branch_labels.py
[2023-08-20T02:36:58.786+0000] {processor.py:836} INFO - DAG(s) dict_keys(['example_branch_labels']) retrieved from /home/airflow/.local/lib/python3.7/site-packages/airflow/example_dags/example_branch_labels.py
[2023-08-20T02:36:58.806+0000] {logging_mixin.py:150} INFO - [2023-08-20T02:36:58.806+0000] {dag.py:2742} INFO - Sync 1 DAGs
[2023-08-20T02:36:58.834+0000] {logging_mixin.py:150} INFO - [2023-08-20T02:36:58.834+0000] {dag.py:3508} INFO - Setting next_dagrun for example_branch_labels to 2023-08-19T00:00:00+00:00, run_after=2023-08-20T00:00:00+00:00
[2023-08-20T02:36:58.869+0000] {processor.py:179} INFO - Processing /home/airflow/.local/lib/python3.7/site-packages/airflow/example_dags/example_branch_labels.py took 0.093 seconds
[2023-08-20T02:37:29.416+0000] {processor.py:157} INFO - Started process (PID=1168) to work on /home/airflow/.local/lib/python3.7/site-packages/airflow/example_dags/example_branch_labels.py
[2023-08-20T02:37:29.417+0000] {processor.py:826} INFO - Processing file /home/airflow/.local/lib/python3.7/site-packages/airflow/example_dags/example_branch_labels.py for tasks to queue
[2023-08-20T02:37:29.419+0000] {logging_mixin.py:150} INFO - [2023-08-20T02:37:29.418+0000] {dagbag.py:541} INFO - Filling up the DagBag from /home/airflow/.local/lib/python3.7/site-packages/airflow/example_dags/example_branch_labels.py
[2023-08-20T02:37:29.426+0000] {processor.py:836} INFO - DAG(s) dict_keys(['example_branch_labels']) retrieved from /home/airflow/.local/lib/python3.7/site-packages/airflow/example_dags/example_branch_labels.py
[2023-08-20T02:37:29.448+0000] {logging_mixin.py:150} INFO - [2023-08-20T02:37:29.448+0000] {dag.py:2742} INFO - Sync 1 DAGs
[2023-08-20T02:37:29.476+0000] {logging_mixin.py:150} INFO - [2023-08-20T02:37:29.476+0000] {dag.py:3508} INFO - Setting next_dagrun for example_branch_labels to 2023-08-19T00:00:00+00:00, run_after=2023-08-20T00:00:00+00:00
[2023-08-20T02:37:29.514+0000] {processor.py:179} INFO - Processing /home/airflow/.local/lib/python3.7/site-packages/airflow/example_dags/example_branch_labels.py took 0.101 seconds
[2023-08-20T02:37:59.911+0000] {processor.py:157} INFO - Started process (PID=1241) to work on /home/airflow/.local/lib/python3.7/site-packages/airflow/example_dags/example_branch_labels.py
[2023-08-20T02:37:59.911+0000] {processor.py:826} INFO - Processing file /home/airflow/.local/lib/python3.7/site-packages/airflow/example_dags/example_branch_labels.py for tasks to queue
[2023-08-20T02:37:59.912+0000] {logging_mixin.py:150} INFO - [2023-08-20T02:37:59.912+0000] {dagbag.py:541} INFO - Filling up the DagBag from /home/airflow/.local/lib/python3.7/site-packages/airflow/example_dags/example_branch_labels.py
[2023-08-20T02:37:59.920+0000] {processor.py:836} INFO - DAG(s) dict_keys(['example_branch_labels']) retrieved from /home/airflow/.local/lib/python3.7/site-packages/airflow/example_dags/example_branch_labels.py
[2023-08-20T02:37:59.943+0000] {logging_mixin.py:150} INFO - [2023-08-20T02:37:59.943+0000] {dag.py:2742} INFO - Sync 1 DAGs
[2023-08-20T02:37:59.973+0000] {logging_mixin.py:150} INFO - [2023-08-20T02:37:59.972+0000] {dag.py:3508} INFO - Setting next_dagrun for example_branch_labels to 2023-08-19T00:00:00+00:00, run_after=2023-08-20T00:00:00+00:00
[2023-08-20T02:38:00.007+0000] {processor.py:179} INFO - Processing /home/airflow/.local/lib/python3.7/site-packages/airflow/example_dags/example_branch_labels.py took 0.099 seconds
[2023-08-20T02:38:30.299+0000] {processor.py:157} INFO - Started process (PID=1314) to work on /home/airflow/.local/lib/python3.7/site-packages/airflow/example_dags/example_branch_labels.py
[2023-08-20T02:38:30.301+0000] {processor.py:826} INFO - Processing file /home/airflow/.local/lib/python3.7/site-packages/airflow/example_dags/example_branch_labels.py for tasks to queue
[2023-08-20T02:38:30.302+0000] {logging_mixin.py:150} INFO - [2023-08-20T02:38:30.301+0000] {dagbag.py:541} INFO - Filling up the DagBag from /home/airflow/.local/lib/python3.7/site-packages/airflow/example_dags/example_branch_labels.py
[2023-08-20T02:38:30.308+0000] {processor.py:836} INFO - DAG(s) dict_keys(['example_branch_labels']) retrieved from /home/airflow/.local/lib/python3.7/site-packages/airflow/example_dags/example_branch_labels.py
[2023-08-20T02:38:30.329+0000] {logging_mixin.py:150} INFO - [2023-08-20T02:38:30.329+0000] {dag.py:2742} INFO - Sync 1 DAGs
[2023-08-20T02:38:30.355+0000] {logging_mixin.py:150} INFO - [2023-08-20T02:38:30.355+0000] {dag.py:3508} INFO - Setting next_dagrun for example_branch_labels to 2023-08-19T00:00:00+00:00, run_after=2023-08-20T00:00:00+00:00
[2023-08-20T02:38:30.391+0000] {processor.py:179} INFO - Processing /home/airflow/.local/lib/python3.7/site-packages/airflow/example_dags/example_branch_labels.py took 0.094 seconds
[2023-08-20T02:39:00.731+0000] {processor.py:157} INFO - Started process (PID=1387) to work on /home/airflow/.local/lib/python3.7/site-packages/airflow/example_dags/example_branch_labels.py
[2023-08-20T02:39:00.732+0000] {processor.py:826} INFO - Processing file /home/airflow/.local/lib/python3.7/site-packages/airflow/example_dags/example_branch_labels.py for tasks to queue
[2023-08-20T02:39:00.733+0000] {logging_mixin.py:150} INFO - [2023-08-20T02:39:00.733+0000] {dagbag.py:541} INFO - Filling up the DagBag from /home/airflow/.local/lib/python3.7/site-packages/airflow/example_dags/example_branch_labels.py
[2023-08-20T02:39:00.739+0000] {processor.py:836} INFO - DAG(s) dict_keys(['example_branch_labels']) retrieved from /home/airflow/.local/lib/python3.7/site-packages/airflow/example_dags/example_branch_labels.py
[2023-08-20T02:39:00.764+0000] {logging_mixin.py:150} INFO - [2023-08-20T02:39:00.763+0000] {dag.py:2742} INFO - Sync 1 DAGs
[2023-08-20T02:39:00.791+0000] {logging_mixin.py:150} INFO - [2023-08-20T02:39:00.791+0000] {dag.py:3508} INFO - Setting next_dagrun for example_branch_labels to 2023-08-19T00:00:00+00:00, run_after=2023-08-20T00:00:00+00:00
[2023-08-20T02:39:00.829+0000] {processor.py:179} INFO - Processing /home/airflow/.local/lib/python3.7/site-packages/airflow/example_dags/example_branch_labels.py took 0.101 seconds
[2023-08-20T02:39:30.949+0000] {processor.py:157} INFO - Started process (PID=1460) to work on /home/airflow/.local/lib/python3.7/site-packages/airflow/example_dags/example_branch_labels.py
[2023-08-20T02:39:30.950+0000] {processor.py:826} INFO - Processing file /home/airflow/.local/lib/python3.7/site-packages/airflow/example_dags/example_branch_labels.py for tasks to queue
[2023-08-20T02:39:30.951+0000] {logging_mixin.py:150} INFO - [2023-08-20T02:39:30.951+0000] {dagbag.py:541} INFO - Filling up the DagBag from /home/airflow/.local/lib/python3.7/site-packages/airflow/example_dags/example_branch_labels.py
[2023-08-20T02:39:30.957+0000] {processor.py:836} INFO - DAG(s) dict_keys(['example_branch_labels']) retrieved from /home/airflow/.local/lib/python3.7/site-packages/airflow/example_dags/example_branch_labels.py
[2023-08-20T02:39:30.979+0000] {logging_mixin.py:150} INFO - [2023-08-20T02:39:30.979+0000] {dag.py:2742} INFO - Sync 1 DAGs
[2023-08-20T02:39:31.006+0000] {logging_mixin.py:150} INFO - [2023-08-20T02:39:31.006+0000] {dag.py:3508} INFO - Setting next_dagrun for example_branch_labels to 2023-08-19T00:00:00+00:00, run_after=2023-08-20T00:00:00+00:00
[2023-08-20T02:39:31.041+0000] {processor.py:179} INFO - Processing /home/airflow/.local/lib/python3.7/site-packages/airflow/example_dags/example_branch_labels.py took 0.094 seconds
[2023-08-20T02:40:01.629+0000] {processor.py:157} INFO - Started process (PID=1533) to work on /home/airflow/.local/lib/python3.7/site-packages/airflow/example_dags/example_branch_labels.py
[2023-08-20T02:40:01.630+0000] {processor.py:826} INFO - Processing file /home/airflow/.local/lib/python3.7/site-packages/airflow/example_dags/example_branch_labels.py for tasks to queue
[2023-08-20T02:40:01.631+0000] {logging_mixin.py:150} INFO - [2023-08-20T02:40:01.630+0000] {dagbag.py:541} INFO - Filling up the DagBag from /home/airflow/.local/lib/python3.7/site-packages/airflow/example_dags/example_branch_labels.py
[2023-08-20T02:40:01.638+0000] {processor.py:836} INFO - DAG(s) dict_keys(['example_branch_labels']) retrieved from /home/airflow/.local/lib/python3.7/site-packages/airflow/example_dags/example_branch_labels.py
[2023-08-20T02:40:01.661+0000] {logging_mixin.py:150} INFO - [2023-08-20T02:40:01.661+0000] {dag.py:2742} INFO - Sync 1 DAGs
[2023-08-20T02:40:01.685+0000] {logging_mixin.py:150} INFO - [2023-08-20T02:40:01.685+0000] {dag.py:3508} INFO - Setting next_dagrun for example_branch_labels to 2023-08-19T00:00:00+00:00, run_after=2023-08-20T00:00:00+00:00
[2023-08-20T02:40:01.738+0000] {processor.py:179} INFO - Processing /home/airflow/.local/lib/python3.7/site-packages/airflow/example_dags/example_branch_labels.py took 0.112 seconds
[2023-08-20T02:40:32.084+0000] {processor.py:157} INFO - Started process (PID=1606) to work on /home/airflow/.local/lib/python3.7/site-packages/airflow/example_dags/example_branch_labels.py
[2023-08-20T02:40:32.085+0000] {processor.py:826} INFO - Processing file /home/airflow/.local/lib/python3.7/site-packages/airflow/example_dags/example_branch_labels.py for tasks to queue
[2023-08-20T02:40:32.087+0000] {logging_mixin.py:150} INFO - [2023-08-20T02:40:32.086+0000] {dagbag.py:541} INFO - Filling up the DagBag from /home/airflow/.local/lib/python3.7/site-packages/airflow/example_dags/example_branch_labels.py
[2023-08-20T02:40:32.093+0000] {processor.py:836} INFO - DAG(s) dict_keys(['example_branch_labels']) retrieved from /home/airflow/.local/lib/python3.7/site-packages/airflow/example_dags/example_branch_labels.py
[2023-08-20T02:40:32.116+0000] {logging_mixin.py:150} INFO - [2023-08-20T02:40:32.116+0000] {dag.py:2742} INFO - Sync 1 DAGs
[2023-08-20T02:40:32.142+0000] {logging_mixin.py:150} INFO - [2023-08-20T02:40:32.142+0000] {dag.py:3508} INFO - Setting next_dagrun for example_branch_labels to 2023-08-19T00:00:00+00:00, run_after=2023-08-20T00:00:00+00:00
[2023-08-20T02:40:32.190+0000] {processor.py:179} INFO - Processing /home/airflow/.local/lib/python3.7/site-packages/airflow/example_dags/example_branch_labels.py took 0.109 seconds
[2023-08-20T02:41:02.743+0000] {processor.py:157} INFO - Started process (PID=1680) to work on /home/airflow/.local/lib/python3.7/site-packages/airflow/example_dags/example_branch_labels.py
[2023-08-20T02:41:02.744+0000] {processor.py:826} INFO - Processing file /home/airflow/.local/lib/python3.7/site-packages/airflow/example_dags/example_branch_labels.py for tasks to queue
[2023-08-20T02:41:02.745+0000] {logging_mixin.py:150} INFO - [2023-08-20T02:41:02.745+0000] {dagbag.py:541} INFO - Filling up the DagBag from /home/airflow/.local/lib/python3.7/site-packages/airflow/example_dags/example_branch_labels.py
[2023-08-20T02:41:02.753+0000] {processor.py:836} INFO - DAG(s) dict_keys(['example_branch_labels']) retrieved from /home/airflow/.local/lib/python3.7/site-packages/airflow/example_dags/example_branch_labels.py
[2023-08-20T02:41:02.775+0000] {logging_mixin.py:150} INFO - [2023-08-20T02:41:02.775+0000] {dag.py:2742} INFO - Sync 1 DAGs
[2023-08-20T02:41:02.801+0000] {logging_mixin.py:150} INFO - [2023-08-20T02:41:02.801+0000] {dag.py:3508} INFO - Setting next_dagrun for example_branch_labels to 2023-08-19T00:00:00+00:00, run_after=2023-08-20T00:00:00+00:00
[2023-08-20T02:41:02.854+0000] {processor.py:179} INFO - Processing /home/airflow/.local/lib/python3.7/site-packages/airflow/example_dags/example_branch_labels.py took 0.113 seconds
[2023-08-20T02:41:32.958+0000] {processor.py:157} INFO - Started process (PID=1753) to work on /home/airflow/.local/lib/python3.7/site-packages/airflow/example_dags/example_branch_labels.py
[2023-08-20T02:41:32.959+0000] {processor.py:826} INFO - Processing file /home/airflow/.local/lib/python3.7/site-packages/airflow/example_dags/example_branch_labels.py for tasks to queue
[2023-08-20T02:41:32.960+0000] {logging_mixin.py:150} INFO - [2023-08-20T02:41:32.960+0000] {dagbag.py:541} INFO - Filling up the DagBag from /home/airflow/.local/lib/python3.7/site-packages/airflow/example_dags/example_branch_labels.py
[2023-08-20T02:41:32.967+0000] {processor.py:836} INFO - DAG(s) dict_keys(['example_branch_labels']) retrieved from /home/airflow/.local/lib/python3.7/site-packages/airflow/example_dags/example_branch_labels.py
[2023-08-20T02:41:32.989+0000] {logging_mixin.py:150} INFO - [2023-08-20T02:41:32.989+0000] {dag.py:2742} INFO - Sync 1 DAGs
[2023-08-20T02:41:33.015+0000] {logging_mixin.py:150} INFO - [2023-08-20T02:41:33.015+0000] {dag.py:3508} INFO - Setting next_dagrun for example_branch_labels to 2023-08-19T00:00:00+00:00, run_after=2023-08-20T00:00:00+00:00
[2023-08-20T02:41:33.066+0000] {processor.py:179} INFO - Processing /home/airflow/.local/lib/python3.7/site-packages/airflow/example_dags/example_branch_labels.py took 0.110 seconds
[2023-08-20T02:42:03.407+0000] {processor.py:157} INFO - Started process (PID=1826) to work on /home/airflow/.local/lib/python3.7/site-packages/airflow/example_dags/example_branch_labels.py
[2023-08-20T02:42:03.408+0000] {processor.py:826} INFO - Processing file /home/airflow/.local/lib/python3.7/site-packages/airflow/example_dags/example_branch_labels.py for tasks to queue
[2023-08-20T02:42:03.409+0000] {logging_mixin.py:150} INFO - [2023-08-20T02:42:03.409+0000] {dagbag.py:541} INFO - Filling up the DagBag from /home/airflow/.local/lib/python3.7/site-packages/airflow/example_dags/example_branch_labels.py
[2023-08-20T02:42:03.415+0000] {processor.py:836} INFO - DAG(s) dict_keys(['example_branch_labels']) retrieved from /home/airflow/.local/lib/python3.7/site-packages/airflow/example_dags/example_branch_labels.py
[2023-08-20T02:42:03.437+0000] {logging_mixin.py:150} INFO - [2023-08-20T02:42:03.436+0000] {dag.py:2742} INFO - Sync 1 DAGs
[2023-08-20T02:42:03.460+0000] {logging_mixin.py:150} INFO - [2023-08-20T02:42:03.460+0000] {dag.py:3508} INFO - Setting next_dagrun for example_branch_labels to 2023-08-19T00:00:00+00:00, run_after=2023-08-20T00:00:00+00:00
[2023-08-20T02:42:03.494+0000] {processor.py:179} INFO - Processing /home/airflow/.local/lib/python3.7/site-packages/airflow/example_dags/example_branch_labels.py took 0.090 seconds
[2023-08-20T02:42:33.897+0000] {processor.py:157} INFO - Started process (PID=1899) to work on /home/airflow/.local/lib/python3.7/site-packages/airflow/example_dags/example_branch_labels.py
[2023-08-20T02:42:33.898+0000] {processor.py:826} INFO - Processing file /home/airflow/.local/lib/python3.7/site-packages/airflow/example_dags/example_branch_labels.py for tasks to queue
[2023-08-20T02:42:33.899+0000] {logging_mixin.py:150} INFO - [2023-08-20T02:42:33.899+0000] {dagbag.py:541} INFO - Filling up the DagBag from /home/airflow/.local/lib/python3.7/site-packages/airflow/example_dags/example_branch_labels.py
[2023-08-20T02:42:33.907+0000] {processor.py:836} INFO - DAG(s) dict_keys(['example_branch_labels']) retrieved from /home/airflow/.local/lib/python3.7/site-packages/airflow/example_dags/example_branch_labels.py
[2023-08-20T02:42:33.931+0000] {logging_mixin.py:150} INFO - [2023-08-20T02:42:33.931+0000] {dag.py:2742} INFO - Sync 1 DAGs
[2023-08-20T02:42:33.958+0000] {logging_mixin.py:150} INFO - [2023-08-20T02:42:33.958+0000] {dag.py:3508} INFO - Setting next_dagrun for example_branch_labels to 2023-08-19T00:00:00+00:00, run_after=2023-08-20T00:00:00+00:00
[2023-08-20T02:42:33.995+0000] {processor.py:179} INFO - Processing /home/airflow/.local/lib/python3.7/site-packages/airflow/example_dags/example_branch_labels.py took 0.101 seconds
[2023-08-20T02:43:04.501+0000] {processor.py:157} INFO - Started process (PID=1973) to work on /home/airflow/.local/lib/python3.7/site-packages/airflow/example_dags/example_branch_labels.py
[2023-08-20T02:43:04.502+0000] {processor.py:826} INFO - Processing file /home/airflow/.local/lib/python3.7/site-packages/airflow/example_dags/example_branch_labels.py for tasks to queue
[2023-08-20T02:43:04.503+0000] {logging_mixin.py:150} INFO - [2023-08-20T02:43:04.503+0000] {dagbag.py:541} INFO - Filling up the DagBag from /home/airflow/.local/lib/python3.7/site-packages/airflow/example_dags/example_branch_labels.py
[2023-08-20T02:43:04.510+0000] {processor.py:836} INFO - DAG(s) dict_keys(['example_branch_labels']) retrieved from /home/airflow/.local/lib/python3.7/site-packages/airflow/example_dags/example_branch_labels.py
[2023-08-20T02:43:04.536+0000] {logging_mixin.py:150} INFO - [2023-08-20T02:43:04.536+0000] {dag.py:2742} INFO - Sync 1 DAGs
[2023-08-20T02:43:04.565+0000] {logging_mixin.py:150} INFO - [2023-08-20T02:43:04.564+0000] {dag.py:3508} INFO - Setting next_dagrun for example_branch_labels to 2023-08-19T00:00:00+00:00, run_after=2023-08-20T00:00:00+00:00
[2023-08-20T02:43:04.618+0000] {processor.py:179} INFO - Processing /home/airflow/.local/lib/python3.7/site-packages/airflow/example_dags/example_branch_labels.py took 0.120 seconds
