[2023-08-20T02:29:50.122+0000] {processor.py:157} INFO - Started process (PID=70) to work on /home/airflow/.local/lib/python3.7/site-packages/airflow/example_dags/example_sensors.py
[2023-08-20T02:29:50.124+0000] {processor.py:826} INFO - Processing file /home/airflow/.local/lib/python3.7/site-packages/airflow/example_dags/example_sensors.py for tasks to queue
[2023-08-20T02:29:50.125+0000] {logging_mixin.py:150} INFO - [2023-08-20T02:29:50.125+0000] {dagbag.py:541} INFO - Filling up the DagBag from /home/airflow/.local/lib/python3.7/site-packages/airflow/example_dags/example_sensors.py
[2023-08-20T02:29:50.146+0000] {processor.py:836} INFO - DAG(s) dict_keys(['example_sensors']) retrieved from /home/airflow/.local/lib/python3.7/site-packages/airflow/example_dags/example_sensors.py
[2023-08-20T02:29:50.156+0000] {logging_mixin.py:150} INFO - [2023-08-20T02:29:50.156+0000] {dag.py:2742} INFO - Sync 1 DAGs
[2023-08-20T02:29:50.184+0000] {logging_mixin.py:150} INFO - [2023-08-20T02:29:50.184+0000] {dag.py:3508} INFO - Setting next_dagrun for example_sensors to None, run_after=None
[2023-08-20T02:29:50.260+0000] {processor.py:179} INFO - Processing /home/airflow/.local/lib/python3.7/site-packages/airflow/example_dags/example_sensors.py took 0.141 seconds
[2023-08-20T02:30:21.619+0000] {processor.py:157} INFO - Started process (PID=143) to work on /home/airflow/.local/lib/python3.7/site-packages/airflow/example_dags/example_sensors.py
[2023-08-20T02:30:21.620+0000] {processor.py:826} INFO - Processing file /home/airflow/.local/lib/python3.7/site-packages/airflow/example_dags/example_sensors.py for tasks to queue
[2023-08-20T02:30:21.622+0000] {logging_mixin.py:150} INFO - [2023-08-20T02:30:21.621+0000] {dagbag.py:541} INFO - Filling up the DagBag from /home/airflow/.local/lib/python3.7/site-packages/airflow/example_dags/example_sensors.py
[2023-08-20T02:30:21.633+0000] {processor.py:836} INFO - DAG(s) dict_keys(['example_sensors']) retrieved from /home/airflow/.local/lib/python3.7/site-packages/airflow/example_dags/example_sensors.py
[2023-08-20T02:30:21.663+0000] {logging_mixin.py:150} INFO - [2023-08-20T02:30:21.663+0000] {dag.py:2742} INFO - Sync 1 DAGs
[2023-08-20T02:30:21.689+0000] {logging_mixin.py:150} INFO - [2023-08-20T02:30:21.689+0000] {dag.py:3508} INFO - Setting next_dagrun for example_sensors to None, run_after=None
[2023-08-20T02:30:21.761+0000] {processor.py:179} INFO - Processing /home/airflow/.local/lib/python3.7/site-packages/airflow/example_dags/example_sensors.py took 0.144 seconds
[2023-08-20T02:30:51.930+0000] {processor.py:157} INFO - Started process (PID=216) to work on /home/airflow/.local/lib/python3.7/site-packages/airflow/example_dags/example_sensors.py
[2023-08-20T02:30:51.931+0000] {processor.py:826} INFO - Processing file /home/airflow/.local/lib/python3.7/site-packages/airflow/example_dags/example_sensors.py for tasks to queue
[2023-08-20T02:30:51.932+0000] {logging_mixin.py:150} INFO - [2023-08-20T02:30:51.931+0000] {dagbag.py:541} INFO - Filling up the DagBag from /home/airflow/.local/lib/python3.7/site-packages/airflow/example_dags/example_sensors.py
[2023-08-20T02:30:51.941+0000] {processor.py:836} INFO - DAG(s) dict_keys(['example_sensors']) retrieved from /home/airflow/.local/lib/python3.7/site-packages/airflow/example_dags/example_sensors.py
[2023-08-20T02:30:51.971+0000] {logging_mixin.py:150} INFO - [2023-08-20T02:30:51.970+0000] {dag.py:2742} INFO - Sync 1 DAGs
[2023-08-20T02:30:51.998+0000] {logging_mixin.py:150} INFO - [2023-08-20T02:30:51.997+0000] {dag.py:3508} INFO - Setting next_dagrun for example_sensors to None, run_after=None
[2023-08-20T02:30:52.035+0000] {processor.py:179} INFO - Processing /home/airflow/.local/lib/python3.7/site-packages/airflow/example_dags/example_sensors.py took 0.109 seconds
[2023-08-20T02:31:22.089+0000] {processor.py:157} INFO - Started process (PID=289) to work on /home/airflow/.local/lib/python3.7/site-packages/airflow/example_dags/example_sensors.py
[2023-08-20T02:31:22.091+0000] {processor.py:826} INFO - Processing file /home/airflow/.local/lib/python3.7/site-packages/airflow/example_dags/example_sensors.py for tasks to queue
[2023-08-20T02:31:22.092+0000] {logging_mixin.py:150} INFO - [2023-08-20T02:31:22.092+0000] {dagbag.py:541} INFO - Filling up the DagBag from /home/airflow/.local/lib/python3.7/site-packages/airflow/example_dags/example_sensors.py
[2023-08-20T02:31:22.103+0000] {processor.py:836} INFO - DAG(s) dict_keys(['example_sensors']) retrieved from /home/airflow/.local/lib/python3.7/site-packages/airflow/example_dags/example_sensors.py
[2023-08-20T02:31:22.128+0000] {logging_mixin.py:150} INFO - [2023-08-20T02:31:22.128+0000] {dag.py:2742} INFO - Sync 1 DAGs
[2023-08-20T02:31:22.151+0000] {logging_mixin.py:150} INFO - [2023-08-20T02:31:22.151+0000] {dag.py:3508} INFO - Setting next_dagrun for example_sensors to None, run_after=None
[2023-08-20T02:31:22.187+0000] {processor.py:179} INFO - Processing /home/airflow/.local/lib/python3.7/site-packages/airflow/example_dags/example_sensors.py took 0.101 seconds
[2023-08-20T02:31:52.392+0000] {processor.py:157} INFO - Started process (PID=362) to work on /home/airflow/.local/lib/python3.7/site-packages/airflow/example_dags/example_sensors.py
[2023-08-20T02:31:52.393+0000] {processor.py:826} INFO - Processing file /home/airflow/.local/lib/python3.7/site-packages/airflow/example_dags/example_sensors.py for tasks to queue
[2023-08-20T02:31:52.394+0000] {logging_mixin.py:150} INFO - [2023-08-20T02:31:52.394+0000] {dagbag.py:541} INFO - Filling up the DagBag from /home/airflow/.local/lib/python3.7/site-packages/airflow/example_dags/example_sensors.py
[2023-08-20T02:31:52.403+0000] {processor.py:836} INFO - DAG(s) dict_keys(['example_sensors']) retrieved from /home/airflow/.local/lib/python3.7/site-packages/airflow/example_dags/example_sensors.py
[2023-08-20T02:31:52.432+0000] {logging_mixin.py:150} INFO - [2023-08-20T02:31:52.432+0000] {dag.py:2742} INFO - Sync 1 DAGs
[2023-08-20T02:31:52.458+0000] {logging_mixin.py:150} INFO - [2023-08-20T02:31:52.458+0000] {dag.py:3508} INFO - Setting next_dagrun for example_sensors to None, run_after=None
[2023-08-20T02:31:52.497+0000] {processor.py:179} INFO - Processing /home/airflow/.local/lib/python3.7/site-packages/airflow/example_dags/example_sensors.py took 0.107 seconds
[2023-08-20T02:32:23.859+0000] {processor.py:157} INFO - Started process (PID=435) to work on /home/airflow/.local/lib/python3.7/site-packages/airflow/example_dags/example_sensors.py
[2023-08-20T02:32:23.860+0000] {processor.py:826} INFO - Processing file /home/airflow/.local/lib/python3.7/site-packages/airflow/example_dags/example_sensors.py for tasks to queue
[2023-08-20T02:32:23.861+0000] {logging_mixin.py:150} INFO - [2023-08-20T02:32:23.861+0000] {dagbag.py:541} INFO - Filling up the DagBag from /home/airflow/.local/lib/python3.7/site-packages/airflow/example_dags/example_sensors.py
[2023-08-20T02:32:23.870+0000] {processor.py:836} INFO - DAG(s) dict_keys(['example_sensors']) retrieved from /home/airflow/.local/lib/python3.7/site-packages/airflow/example_dags/example_sensors.py
[2023-08-20T02:32:23.895+0000] {logging_mixin.py:150} INFO - [2023-08-20T02:32:23.895+0000] {dag.py:2742} INFO - Sync 1 DAGs
[2023-08-20T02:32:23.918+0000] {logging_mixin.py:150} INFO - [2023-08-20T02:32:23.918+0000] {dag.py:3508} INFO - Setting next_dagrun for example_sensors to None, run_after=None
[2023-08-20T02:32:23.953+0000] {processor.py:179} INFO - Processing /home/airflow/.local/lib/python3.7/site-packages/airflow/example_dags/example_sensors.py took 0.096 seconds
[2023-08-20T02:32:54.062+0000] {processor.py:157} INFO - Started process (PID=508) to work on /home/airflow/.local/lib/python3.7/site-packages/airflow/example_dags/example_sensors.py
[2023-08-20T02:32:54.063+0000] {processor.py:826} INFO - Processing file /home/airflow/.local/lib/python3.7/site-packages/airflow/example_dags/example_sensors.py for tasks to queue
[2023-08-20T02:32:54.064+0000] {logging_mixin.py:150} INFO - [2023-08-20T02:32:54.064+0000] {dagbag.py:541} INFO - Filling up the DagBag from /home/airflow/.local/lib/python3.7/site-packages/airflow/example_dags/example_sensors.py
[2023-08-20T02:32:54.075+0000] {processor.py:836} INFO - DAG(s) dict_keys(['example_sensors']) retrieved from /home/airflow/.local/lib/python3.7/site-packages/airflow/example_dags/example_sensors.py
[2023-08-20T02:32:54.098+0000] {logging_mixin.py:150} INFO - [2023-08-20T02:32:54.098+0000] {dag.py:2742} INFO - Sync 1 DAGs
[2023-08-20T02:32:54.120+0000] {logging_mixin.py:150} INFO - [2023-08-20T02:32:54.120+0000] {dag.py:3508} INFO - Setting next_dagrun for example_sensors to None, run_after=None
[2023-08-20T02:32:54.158+0000] {processor.py:179} INFO - Processing /home/airflow/.local/lib/python3.7/site-packages/airflow/example_dags/example_sensors.py took 0.099 seconds
[2023-08-20T02:33:25.275+0000] {processor.py:157} INFO - Started process (PID=581) to work on /home/airflow/.local/lib/python3.7/site-packages/airflow/example_dags/example_sensors.py
[2023-08-20T02:33:25.276+0000] {processor.py:826} INFO - Processing file /home/airflow/.local/lib/python3.7/site-packages/airflow/example_dags/example_sensors.py for tasks to queue
[2023-08-20T02:33:25.277+0000] {logging_mixin.py:150} INFO - [2023-08-20T02:33:25.277+0000] {dagbag.py:541} INFO - Filling up the DagBag from /home/airflow/.local/lib/python3.7/site-packages/airflow/example_dags/example_sensors.py
[2023-08-20T02:33:25.285+0000] {processor.py:836} INFO - DAG(s) dict_keys(['example_sensors']) retrieved from /home/airflow/.local/lib/python3.7/site-packages/airflow/example_dags/example_sensors.py
[2023-08-20T02:33:25.310+0000] {logging_mixin.py:150} INFO - [2023-08-20T02:33:25.309+0000] {dag.py:2742} INFO - Sync 1 DAGs
[2023-08-20T02:33:25.335+0000] {logging_mixin.py:150} INFO - [2023-08-20T02:33:25.335+0000] {dag.py:3508} INFO - Setting next_dagrun for example_sensors to None, run_after=None
[2023-08-20T02:33:25.368+0000] {processor.py:179} INFO - Processing /home/airflow/.local/lib/python3.7/site-packages/airflow/example_dags/example_sensors.py took 0.096 seconds
[2023-08-20T02:33:55.838+0000] {processor.py:157} INFO - Started process (PID=654) to work on /home/airflow/.local/lib/python3.7/site-packages/airflow/example_dags/example_sensors.py
[2023-08-20T02:33:55.839+0000] {processor.py:826} INFO - Processing file /home/airflow/.local/lib/python3.7/site-packages/airflow/example_dags/example_sensors.py for tasks to queue
[2023-08-20T02:33:55.840+0000] {logging_mixin.py:150} INFO - [2023-08-20T02:33:55.840+0000] {dagbag.py:541} INFO - Filling up the DagBag from /home/airflow/.local/lib/python3.7/site-packages/airflow/example_dags/example_sensors.py
[2023-08-20T02:33:55.849+0000] {processor.py:836} INFO - DAG(s) dict_keys(['example_sensors']) retrieved from /home/airflow/.local/lib/python3.7/site-packages/airflow/example_dags/example_sensors.py
[2023-08-20T02:33:55.877+0000] {logging_mixin.py:150} INFO - [2023-08-20T02:33:55.877+0000] {dag.py:2742} INFO - Sync 1 DAGs
[2023-08-20T02:33:55.900+0000] {logging_mixin.py:150} INFO - [2023-08-20T02:33:55.900+0000] {dag.py:3508} INFO - Setting next_dagrun for example_sensors to None, run_after=None
[2023-08-20T02:33:55.936+0000] {processor.py:179} INFO - Processing /home/airflow/.local/lib/python3.7/site-packages/airflow/example_dags/example_sensors.py took 0.101 seconds
[2023-08-20T02:34:26.533+0000] {processor.py:157} INFO - Started process (PID=727) to work on /home/airflow/.local/lib/python3.7/site-packages/airflow/example_dags/example_sensors.py
[2023-08-20T02:34:26.534+0000] {processor.py:826} INFO - Processing file /home/airflow/.local/lib/python3.7/site-packages/airflow/example_dags/example_sensors.py for tasks to queue
[2023-08-20T02:34:26.535+0000] {logging_mixin.py:150} INFO - [2023-08-20T02:34:26.535+0000] {dagbag.py:541} INFO - Filling up the DagBag from /home/airflow/.local/lib/python3.7/site-packages/airflow/example_dags/example_sensors.py
[2023-08-20T02:34:26.547+0000] {processor.py:836} INFO - DAG(s) dict_keys(['example_sensors']) retrieved from /home/airflow/.local/lib/python3.7/site-packages/airflow/example_dags/example_sensors.py
[2023-08-20T02:34:26.579+0000] {logging_mixin.py:150} INFO - [2023-08-20T02:34:26.579+0000] {dag.py:2742} INFO - Sync 1 DAGs
[2023-08-20T02:34:26.607+0000] {logging_mixin.py:150} INFO - [2023-08-20T02:34:26.607+0000] {dag.py:3508} INFO - Setting next_dagrun for example_sensors to None, run_after=None
[2023-08-20T02:34:26.647+0000] {processor.py:179} INFO - Processing /home/airflow/.local/lib/python3.7/site-packages/airflow/example_dags/example_sensors.py took 0.117 seconds
[2023-08-20T02:34:56.849+0000] {processor.py:157} INFO - Started process (PID=800) to work on /home/airflow/.local/lib/python3.7/site-packages/airflow/example_dags/example_sensors.py
[2023-08-20T02:34:56.850+0000] {processor.py:826} INFO - Processing file /home/airflow/.local/lib/python3.7/site-packages/airflow/example_dags/example_sensors.py for tasks to queue
[2023-08-20T02:34:56.851+0000] {logging_mixin.py:150} INFO - [2023-08-20T02:34:56.851+0000] {dagbag.py:541} INFO - Filling up the DagBag from /home/airflow/.local/lib/python3.7/site-packages/airflow/example_dags/example_sensors.py
[2023-08-20T02:34:56.861+0000] {processor.py:836} INFO - DAG(s) dict_keys(['example_sensors']) retrieved from /home/airflow/.local/lib/python3.7/site-packages/airflow/example_dags/example_sensors.py
[2023-08-20T02:34:56.889+0000] {logging_mixin.py:150} INFO - [2023-08-20T02:34:56.888+0000] {dag.py:2742} INFO - Sync 1 DAGs
[2023-08-20T02:34:56.913+0000] {logging_mixin.py:150} INFO - [2023-08-20T02:34:56.913+0000] {dag.py:3508} INFO - Setting next_dagrun for example_sensors to None, run_after=None
[2023-08-20T02:34:56.949+0000] {processor.py:179} INFO - Processing /home/airflow/.local/lib/python3.7/site-packages/airflow/example_dags/example_sensors.py took 0.104 seconds
[2023-08-20T02:35:27.105+0000] {processor.py:157} INFO - Started process (PID=873) to work on /home/airflow/.local/lib/python3.7/site-packages/airflow/example_dags/example_sensors.py
[2023-08-20T02:35:27.107+0000] {processor.py:826} INFO - Processing file /home/airflow/.local/lib/python3.7/site-packages/airflow/example_dags/example_sensors.py for tasks to queue
[2023-08-20T02:35:27.108+0000] {logging_mixin.py:150} INFO - [2023-08-20T02:35:27.107+0000] {dagbag.py:541} INFO - Filling up the DagBag from /home/airflow/.local/lib/python3.7/site-packages/airflow/example_dags/example_sensors.py
[2023-08-20T02:35:27.117+0000] {processor.py:836} INFO - DAG(s) dict_keys(['example_sensors']) retrieved from /home/airflow/.local/lib/python3.7/site-packages/airflow/example_dags/example_sensors.py
[2023-08-20T02:35:27.143+0000] {logging_mixin.py:150} INFO - [2023-08-20T02:35:27.143+0000] {dag.py:2742} INFO - Sync 1 DAGs
[2023-08-20T02:35:27.168+0000] {logging_mixin.py:150} INFO - [2023-08-20T02:35:27.168+0000] {dag.py:3508} INFO - Setting next_dagrun for example_sensors to None, run_after=None
[2023-08-20T02:35:27.205+0000] {processor.py:179} INFO - Processing /home/airflow/.local/lib/python3.7/site-packages/airflow/example_dags/example_sensors.py took 0.102 seconds
[2023-08-20T02:35:57.332+0000] {processor.py:157} INFO - Started process (PID=947) to work on /home/airflow/.local/lib/python3.7/site-packages/airflow/example_dags/example_sensors.py
[2023-08-20T02:35:57.333+0000] {processor.py:826} INFO - Processing file /home/airflow/.local/lib/python3.7/site-packages/airflow/example_dags/example_sensors.py for tasks to queue
[2023-08-20T02:35:57.334+0000] {logging_mixin.py:150} INFO - [2023-08-20T02:35:57.334+0000] {dagbag.py:541} INFO - Filling up the DagBag from /home/airflow/.local/lib/python3.7/site-packages/airflow/example_dags/example_sensors.py
[2023-08-20T02:35:57.343+0000] {processor.py:836} INFO - DAG(s) dict_keys(['example_sensors']) retrieved from /home/airflow/.local/lib/python3.7/site-packages/airflow/example_dags/example_sensors.py
[2023-08-20T02:35:57.370+0000] {logging_mixin.py:150} INFO - [2023-08-20T02:35:57.370+0000] {dag.py:2742} INFO - Sync 1 DAGs
[2023-08-20T02:35:57.395+0000] {logging_mixin.py:150} INFO - [2023-08-20T02:35:57.394+0000] {dag.py:3508} INFO - Setting next_dagrun for example_sensors to None, run_after=None
[2023-08-20T02:35:57.433+0000] {processor.py:179} INFO - Processing /home/airflow/.local/lib/python3.7/site-packages/airflow/example_dags/example_sensors.py took 0.104 seconds
[2023-08-20T02:36:27.556+0000] {processor.py:157} INFO - Started process (PID=1020) to work on /home/airflow/.local/lib/python3.7/site-packages/airflow/example_dags/example_sensors.py
[2023-08-20T02:36:27.557+0000] {processor.py:826} INFO - Processing file /home/airflow/.local/lib/python3.7/site-packages/airflow/example_dags/example_sensors.py for tasks to queue
[2023-08-20T02:36:27.558+0000] {logging_mixin.py:150} INFO - [2023-08-20T02:36:27.558+0000] {dagbag.py:541} INFO - Filling up the DagBag from /home/airflow/.local/lib/python3.7/site-packages/airflow/example_dags/example_sensors.py
[2023-08-20T02:36:27.566+0000] {processor.py:836} INFO - DAG(s) dict_keys(['example_sensors']) retrieved from /home/airflow/.local/lib/python3.7/site-packages/airflow/example_dags/example_sensors.py
[2023-08-20T02:36:27.593+0000] {logging_mixin.py:150} INFO - [2023-08-20T02:36:27.593+0000] {dag.py:2742} INFO - Sync 1 DAGs
[2023-08-20T02:36:27.616+0000] {logging_mixin.py:150} INFO - [2023-08-20T02:36:27.615+0000] {dag.py:3508} INFO - Setting next_dagrun for example_sensors to None, run_after=None
[2023-08-20T02:36:27.651+0000] {processor.py:179} INFO - Processing /home/airflow/.local/lib/python3.7/site-packages/airflow/example_dags/example_sensors.py took 0.097 seconds
[2023-08-20T02:36:58.655+0000] {processor.py:157} INFO - Started process (PID=1093) to work on /home/airflow/.local/lib/python3.7/site-packages/airflow/example_dags/example_sensors.py
[2023-08-20T02:36:58.656+0000] {processor.py:826} INFO - Processing file /home/airflow/.local/lib/python3.7/site-packages/airflow/example_dags/example_sensors.py for tasks to queue
[2023-08-20T02:36:58.657+0000] {logging_mixin.py:150} INFO - [2023-08-20T02:36:58.657+0000] {dagbag.py:541} INFO - Filling up the DagBag from /home/airflow/.local/lib/python3.7/site-packages/airflow/example_dags/example_sensors.py
[2023-08-20T02:36:58.667+0000] {processor.py:836} INFO - DAG(s) dict_keys(['example_sensors']) retrieved from /home/airflow/.local/lib/python3.7/site-packages/airflow/example_dags/example_sensors.py
[2023-08-20T02:36:58.694+0000] {logging_mixin.py:150} INFO - [2023-08-20T02:36:58.694+0000] {dag.py:2742} INFO - Sync 1 DAGs
[2023-08-20T02:36:58.721+0000] {logging_mixin.py:150} INFO - [2023-08-20T02:36:58.721+0000] {dag.py:3508} INFO - Setting next_dagrun for example_sensors to None, run_after=None
[2023-08-20T02:36:58.755+0000] {processor.py:179} INFO - Processing /home/airflow/.local/lib/python3.7/site-packages/airflow/example_dags/example_sensors.py took 0.103 seconds
[2023-08-20T02:37:29.293+0000] {processor.py:157} INFO - Started process (PID=1166) to work on /home/airflow/.local/lib/python3.7/site-packages/airflow/example_dags/example_sensors.py
[2023-08-20T02:37:29.293+0000] {processor.py:826} INFO - Processing file /home/airflow/.local/lib/python3.7/site-packages/airflow/example_dags/example_sensors.py for tasks to queue
[2023-08-20T02:37:29.294+0000] {logging_mixin.py:150} INFO - [2023-08-20T02:37:29.294+0000] {dagbag.py:541} INFO - Filling up the DagBag from /home/airflow/.local/lib/python3.7/site-packages/airflow/example_dags/example_sensors.py
[2023-08-20T02:37:29.304+0000] {processor.py:836} INFO - DAG(s) dict_keys(['example_sensors']) retrieved from /home/airflow/.local/lib/python3.7/site-packages/airflow/example_dags/example_sensors.py
[2023-08-20T02:37:29.332+0000] {logging_mixin.py:150} INFO - [2023-08-20T02:37:29.331+0000] {dag.py:2742} INFO - Sync 1 DAGs
[2023-08-20T02:37:29.357+0000] {logging_mixin.py:150} INFO - [2023-08-20T02:37:29.357+0000] {dag.py:3508} INFO - Setting next_dagrun for example_sensors to None, run_after=None
[2023-08-20T02:37:29.393+0000] {processor.py:179} INFO - Processing /home/airflow/.local/lib/python3.7/site-packages/airflow/example_dags/example_sensors.py took 0.103 seconds
[2023-08-20T02:37:59.788+0000] {processor.py:157} INFO - Started process (PID=1239) to work on /home/airflow/.local/lib/python3.7/site-packages/airflow/example_dags/example_sensors.py
[2023-08-20T02:37:59.789+0000] {processor.py:826} INFO - Processing file /home/airflow/.local/lib/python3.7/site-packages/airflow/example_dags/example_sensors.py for tasks to queue
[2023-08-20T02:37:59.790+0000] {logging_mixin.py:150} INFO - [2023-08-20T02:37:59.790+0000] {dagbag.py:541} INFO - Filling up the DagBag from /home/airflow/.local/lib/python3.7/site-packages/airflow/example_dags/example_sensors.py
[2023-08-20T02:37:59.799+0000] {processor.py:836} INFO - DAG(s) dict_keys(['example_sensors']) retrieved from /home/airflow/.local/lib/python3.7/site-packages/airflow/example_dags/example_sensors.py
[2023-08-20T02:37:59.826+0000] {logging_mixin.py:150} INFO - [2023-08-20T02:37:59.826+0000] {dag.py:2742} INFO - Sync 1 DAGs
[2023-08-20T02:37:59.849+0000] {logging_mixin.py:150} INFO - [2023-08-20T02:37:59.849+0000] {dag.py:3508} INFO - Setting next_dagrun for example_sensors to None, run_after=None
[2023-08-20T02:37:59.886+0000] {processor.py:179} INFO - Processing /home/airflow/.local/lib/python3.7/site-packages/airflow/example_dags/example_sensors.py took 0.100 seconds
[2023-08-20T02:38:30.159+0000] {processor.py:157} INFO - Started process (PID=1312) to work on /home/airflow/.local/lib/python3.7/site-packages/airflow/example_dags/example_sensors.py
[2023-08-20T02:38:30.160+0000] {processor.py:826} INFO - Processing file /home/airflow/.local/lib/python3.7/site-packages/airflow/example_dags/example_sensors.py for tasks to queue
[2023-08-20T02:38:30.161+0000] {logging_mixin.py:150} INFO - [2023-08-20T02:38:30.161+0000] {dagbag.py:541} INFO - Filling up the DagBag from /home/airflow/.local/lib/python3.7/site-packages/airflow/example_dags/example_sensors.py
[2023-08-20T02:38:30.169+0000] {processor.py:836} INFO - DAG(s) dict_keys(['example_sensors']) retrieved from /home/airflow/.local/lib/python3.7/site-packages/airflow/example_dags/example_sensors.py
[2023-08-20T02:38:30.193+0000] {logging_mixin.py:150} INFO - [2023-08-20T02:38:30.193+0000] {dag.py:2742} INFO - Sync 1 DAGs
[2023-08-20T02:38:30.219+0000] {logging_mixin.py:150} INFO - [2023-08-20T02:38:30.219+0000] {dag.py:3508} INFO - Setting next_dagrun for example_sensors to None, run_after=None
[2023-08-20T02:38:30.276+0000] {processor.py:179} INFO - Processing /home/airflow/.local/lib/python3.7/site-packages/airflow/example_dags/example_sensors.py took 0.119 seconds
[2023-08-20T02:39:00.606+0000] {processor.py:157} INFO - Started process (PID=1385) to work on /home/airflow/.local/lib/python3.7/site-packages/airflow/example_dags/example_sensors.py
[2023-08-20T02:39:00.607+0000] {processor.py:826} INFO - Processing file /home/airflow/.local/lib/python3.7/site-packages/airflow/example_dags/example_sensors.py for tasks to queue
[2023-08-20T02:39:00.608+0000] {logging_mixin.py:150} INFO - [2023-08-20T02:39:00.607+0000] {dagbag.py:541} INFO - Filling up the DagBag from /home/airflow/.local/lib/python3.7/site-packages/airflow/example_dags/example_sensors.py
[2023-08-20T02:39:00.617+0000] {processor.py:836} INFO - DAG(s) dict_keys(['example_sensors']) retrieved from /home/airflow/.local/lib/python3.7/site-packages/airflow/example_dags/example_sensors.py
[2023-08-20T02:39:00.644+0000] {logging_mixin.py:150} INFO - [2023-08-20T02:39:00.643+0000] {dag.py:2742} INFO - Sync 1 DAGs
[2023-08-20T02:39:00.669+0000] {logging_mixin.py:150} INFO - [2023-08-20T02:39:00.668+0000] {dag.py:3508} INFO - Setting next_dagrun for example_sensors to None, run_after=None
[2023-08-20T02:39:00.709+0000] {processor.py:179} INFO - Processing /home/airflow/.local/lib/python3.7/site-packages/airflow/example_dags/example_sensors.py took 0.106 seconds
[2023-08-20T02:39:30.827+0000] {processor.py:157} INFO - Started process (PID=1458) to work on /home/airflow/.local/lib/python3.7/site-packages/airflow/example_dags/example_sensors.py
[2023-08-20T02:39:30.827+0000] {processor.py:826} INFO - Processing file /home/airflow/.local/lib/python3.7/site-packages/airflow/example_dags/example_sensors.py for tasks to queue
[2023-08-20T02:39:30.828+0000] {logging_mixin.py:150} INFO - [2023-08-20T02:39:30.828+0000] {dagbag.py:541} INFO - Filling up the DagBag from /home/airflow/.local/lib/python3.7/site-packages/airflow/example_dags/example_sensors.py
[2023-08-20T02:39:30.837+0000] {processor.py:836} INFO - DAG(s) dict_keys(['example_sensors']) retrieved from /home/airflow/.local/lib/python3.7/site-packages/airflow/example_dags/example_sensors.py
[2023-08-20T02:39:30.863+0000] {logging_mixin.py:150} INFO - [2023-08-20T02:39:30.862+0000] {dag.py:2742} INFO - Sync 1 DAGs
[2023-08-20T02:39:30.886+0000] {logging_mixin.py:150} INFO - [2023-08-20T02:39:30.886+0000] {dag.py:3508} INFO - Setting next_dagrun for example_sensors to None, run_after=None
[2023-08-20T02:39:30.923+0000] {processor.py:179} INFO - Processing /home/airflow/.local/lib/python3.7/site-packages/airflow/example_dags/example_sensors.py took 0.099 seconds
[2023-08-20T02:40:01.510+0000] {processor.py:157} INFO - Started process (PID=1531) to work on /home/airflow/.local/lib/python3.7/site-packages/airflow/example_dags/example_sensors.py
[2023-08-20T02:40:01.511+0000] {processor.py:826} INFO - Processing file /home/airflow/.local/lib/python3.7/site-packages/airflow/example_dags/example_sensors.py for tasks to queue
[2023-08-20T02:40:01.512+0000] {logging_mixin.py:150} INFO - [2023-08-20T02:40:01.512+0000] {dagbag.py:541} INFO - Filling up the DagBag from /home/airflow/.local/lib/python3.7/site-packages/airflow/example_dags/example_sensors.py
[2023-08-20T02:40:01.521+0000] {processor.py:836} INFO - DAG(s) dict_keys(['example_sensors']) retrieved from /home/airflow/.local/lib/python3.7/site-packages/airflow/example_dags/example_sensors.py
[2023-08-20T02:40:01.545+0000] {logging_mixin.py:150} INFO - [2023-08-20T02:40:01.544+0000] {dag.py:2742} INFO - Sync 1 DAGs
[2023-08-20T02:40:01.567+0000] {logging_mixin.py:150} INFO - [2023-08-20T02:40:01.567+0000] {dag.py:3508} INFO - Setting next_dagrun for example_sensors to None, run_after=None
[2023-08-20T02:40:01.604+0000] {processor.py:179} INFO - Processing /home/airflow/.local/lib/python3.7/site-packages/airflow/example_dags/example_sensors.py took 0.096 seconds
[2023-08-20T02:40:31.963+0000] {processor.py:157} INFO - Started process (PID=1604) to work on /home/airflow/.local/lib/python3.7/site-packages/airflow/example_dags/example_sensors.py
[2023-08-20T02:40:31.965+0000] {processor.py:826} INFO - Processing file /home/airflow/.local/lib/python3.7/site-packages/airflow/example_dags/example_sensors.py for tasks to queue
[2023-08-20T02:40:31.966+0000] {logging_mixin.py:150} INFO - [2023-08-20T02:40:31.966+0000] {dagbag.py:541} INFO - Filling up the DagBag from /home/airflow/.local/lib/python3.7/site-packages/airflow/example_dags/example_sensors.py
[2023-08-20T02:40:31.974+0000] {processor.py:836} INFO - DAG(s) dict_keys(['example_sensors']) retrieved from /home/airflow/.local/lib/python3.7/site-packages/airflow/example_dags/example_sensors.py
[2023-08-20T02:40:32.000+0000] {logging_mixin.py:150} INFO - [2023-08-20T02:40:32.000+0000] {dag.py:2742} INFO - Sync 1 DAGs
[2023-08-20T02:40:32.023+0000] {logging_mixin.py:150} INFO - [2023-08-20T02:40:32.023+0000] {dag.py:3508} INFO - Setting next_dagrun for example_sensors to None, run_after=None
[2023-08-20T02:40:32.059+0000] {processor.py:179} INFO - Processing /home/airflow/.local/lib/python3.7/site-packages/airflow/example_dags/example_sensors.py took 0.099 seconds
[2023-08-20T02:41:02.613+0000] {processor.py:157} INFO - Started process (PID=1678) to work on /home/airflow/.local/lib/python3.7/site-packages/airflow/example_dags/example_sensors.py
[2023-08-20T02:41:02.614+0000] {processor.py:826} INFO - Processing file /home/airflow/.local/lib/python3.7/site-packages/airflow/example_dags/example_sensors.py for tasks to queue
[2023-08-20T02:41:02.615+0000] {logging_mixin.py:150} INFO - [2023-08-20T02:41:02.615+0000] {dagbag.py:541} INFO - Filling up the DagBag from /home/airflow/.local/lib/python3.7/site-packages/airflow/example_dags/example_sensors.py
[2023-08-20T02:41:02.625+0000] {processor.py:836} INFO - DAG(s) dict_keys(['example_sensors']) retrieved from /home/airflow/.local/lib/python3.7/site-packages/airflow/example_dags/example_sensors.py
[2023-08-20T02:41:02.654+0000] {logging_mixin.py:150} INFO - [2023-08-20T02:41:02.654+0000] {dag.py:2742} INFO - Sync 1 DAGs
[2023-08-20T02:41:02.679+0000] {logging_mixin.py:150} INFO - [2023-08-20T02:41:02.679+0000] {dag.py:3508} INFO - Setting next_dagrun for example_sensors to None, run_after=None
[2023-08-20T02:41:02.719+0000] {processor.py:179} INFO - Processing /home/airflow/.local/lib/python3.7/site-packages/airflow/example_dags/example_sensors.py took 0.108 seconds
[2023-08-20T02:41:32.821+0000] {processor.py:157} INFO - Started process (PID=1751) to work on /home/airflow/.local/lib/python3.7/site-packages/airflow/example_dags/example_sensors.py
[2023-08-20T02:41:32.823+0000] {processor.py:826} INFO - Processing file /home/airflow/.local/lib/python3.7/site-packages/airflow/example_dags/example_sensors.py for tasks to queue
[2023-08-20T02:41:32.824+0000] {logging_mixin.py:150} INFO - [2023-08-20T02:41:32.824+0000] {dagbag.py:541} INFO - Filling up the DagBag from /home/airflow/.local/lib/python3.7/site-packages/airflow/example_dags/example_sensors.py
[2023-08-20T02:41:32.837+0000] {processor.py:836} INFO - DAG(s) dict_keys(['example_sensors']) retrieved from /home/airflow/.local/lib/python3.7/site-packages/airflow/example_dags/example_sensors.py
[2023-08-20T02:41:32.863+0000] {logging_mixin.py:150} INFO - [2023-08-20T02:41:32.863+0000] {dag.py:2742} INFO - Sync 1 DAGs
[2023-08-20T02:41:32.884+0000] {logging_mixin.py:150} INFO - [2023-08-20T02:41:32.884+0000] {dag.py:3508} INFO - Setting next_dagrun for example_sensors to None, run_after=None
[2023-08-20T02:41:32.935+0000] {processor.py:179} INFO - Processing /home/airflow/.local/lib/python3.7/site-packages/airflow/example_dags/example_sensors.py took 0.116 seconds
[2023-08-20T02:42:03.284+0000] {processor.py:157} INFO - Started process (PID=1824) to work on /home/airflow/.local/lib/python3.7/site-packages/airflow/example_dags/example_sensors.py
[2023-08-20T02:42:03.284+0000] {processor.py:826} INFO - Processing file /home/airflow/.local/lib/python3.7/site-packages/airflow/example_dags/example_sensors.py for tasks to queue
[2023-08-20T02:42:03.285+0000] {logging_mixin.py:150} INFO - [2023-08-20T02:42:03.285+0000] {dagbag.py:541} INFO - Filling up the DagBag from /home/airflow/.local/lib/python3.7/site-packages/airflow/example_dags/example_sensors.py
[2023-08-20T02:42:03.296+0000] {processor.py:836} INFO - DAG(s) dict_keys(['example_sensors']) retrieved from /home/airflow/.local/lib/python3.7/site-packages/airflow/example_dags/example_sensors.py
[2023-08-20T02:42:03.322+0000] {logging_mixin.py:150} INFO - [2023-08-20T02:42:03.322+0000] {dag.py:2742} INFO - Sync 1 DAGs
[2023-08-20T02:42:03.348+0000] {logging_mixin.py:150} INFO - [2023-08-20T02:42:03.347+0000] {dag.py:3508} INFO - Setting next_dagrun for example_sensors to None, run_after=None
[2023-08-20T02:42:03.384+0000] {processor.py:179} INFO - Processing /home/airflow/.local/lib/python3.7/site-packages/airflow/example_dags/example_sensors.py took 0.103 seconds
[2023-08-20T02:42:33.767+0000] {processor.py:157} INFO - Started process (PID=1897) to work on /home/airflow/.local/lib/python3.7/site-packages/airflow/example_dags/example_sensors.py
[2023-08-20T02:42:33.768+0000] {processor.py:826} INFO - Processing file /home/airflow/.local/lib/python3.7/site-packages/airflow/example_dags/example_sensors.py for tasks to queue
[2023-08-20T02:42:33.768+0000] {logging_mixin.py:150} INFO - [2023-08-20T02:42:33.768+0000] {dagbag.py:541} INFO - Filling up the DagBag from /home/airflow/.local/lib/python3.7/site-packages/airflow/example_dags/example_sensors.py
[2023-08-20T02:42:33.777+0000] {processor.py:836} INFO - DAG(s) dict_keys(['example_sensors']) retrieved from /home/airflow/.local/lib/python3.7/site-packages/airflow/example_dags/example_sensors.py
[2023-08-20T02:42:33.807+0000] {logging_mixin.py:150} INFO - [2023-08-20T02:42:33.806+0000] {dag.py:2742} INFO - Sync 1 DAGs
[2023-08-20T02:42:33.834+0000] {logging_mixin.py:150} INFO - [2023-08-20T02:42:33.834+0000] {dag.py:3508} INFO - Setting next_dagrun for example_sensors to None, run_after=None
[2023-08-20T02:42:33.872+0000] {processor.py:179} INFO - Processing /home/airflow/.local/lib/python3.7/site-packages/airflow/example_dags/example_sensors.py took 0.108 seconds
[2023-08-20T02:43:04.370+0000] {processor.py:157} INFO - Started process (PID=1971) to work on /home/airflow/.local/lib/python3.7/site-packages/airflow/example_dags/example_sensors.py
[2023-08-20T02:43:04.371+0000] {processor.py:826} INFO - Processing file /home/airflow/.local/lib/python3.7/site-packages/airflow/example_dags/example_sensors.py for tasks to queue
[2023-08-20T02:43:04.372+0000] {logging_mixin.py:150} INFO - [2023-08-20T02:43:04.372+0000] {dagbag.py:541} INFO - Filling up the DagBag from /home/airflow/.local/lib/python3.7/site-packages/airflow/example_dags/example_sensors.py
[2023-08-20T02:43:04.382+0000] {processor.py:836} INFO - DAG(s) dict_keys(['example_sensors']) retrieved from /home/airflow/.local/lib/python3.7/site-packages/airflow/example_dags/example_sensors.py
[2023-08-20T02:43:04.408+0000] {logging_mixin.py:150} INFO - [2023-08-20T02:43:04.408+0000] {dag.py:2742} INFO - Sync 1 DAGs
[2023-08-20T02:43:04.438+0000] {logging_mixin.py:150} INFO - [2023-08-20T02:43:04.437+0000] {dag.py:3508} INFO - Setting next_dagrun for example_sensors to None, run_after=None
[2023-08-20T02:43:04.477+0000] {processor.py:179} INFO - Processing /home/airflow/.local/lib/python3.7/site-packages/airflow/example_dags/example_sensors.py took 0.110 seconds
