[2023-08-20T02:29:49.418+0000] {processor.py:157} INFO - Started process (PID=60) to work on /home/airflow/.local/lib/python3.7/site-packages/airflow/example_dags/example_skip_dag.py
[2023-08-20T02:29:49.419+0000] {processor.py:826} INFO - Processing file /home/airflow/.local/lib/python3.7/site-packages/airflow/example_dags/example_skip_dag.py for tasks to queue
[2023-08-20T02:29:49.421+0000] {logging_mixin.py:150} INFO - [2023-08-20T02:29:49.421+0000] {dagbag.py:541} INFO - Filling up the DagBag from /home/airflow/.local/lib/python3.7/site-packages/airflow/example_dags/example_skip_dag.py
[2023-08-20T02:29:49.448+0000] {processor.py:836} INFO - DAG(s) dict_keys(['example_skip_dag']) retrieved from /home/airflow/.local/lib/python3.7/site-packages/airflow/example_dags/example_skip_dag.py
[2023-08-20T02:29:49.460+0000] {logging_mixin.py:150} INFO - [2023-08-20T02:29:49.460+0000] {dag.py:2742} INFO - Sync 1 DAGs
[2023-08-20T02:29:49.493+0000] {logging_mixin.py:150} INFO - [2023-08-20T02:29:49.493+0000] {dag.py:3508} INFO - Setting next_dagrun for example_skip_dag to 2023-08-19T02:29:49.493090+00:00, run_after=2023-08-20T02:29:49.493090+00:00
[2023-08-20T02:29:49.532+0000] {processor.py:179} INFO - Processing /home/airflow/.local/lib/python3.7/site-packages/airflow/example_dags/example_skip_dag.py took 0.118 seconds
[2023-08-20T02:30:20.672+0000] {processor.py:157} INFO - Started process (PID=133) to work on /home/airflow/.local/lib/python3.7/site-packages/airflow/example_dags/example_skip_dag.py
[2023-08-20T02:30:20.673+0000] {processor.py:826} INFO - Processing file /home/airflow/.local/lib/python3.7/site-packages/airflow/example_dags/example_skip_dag.py for tasks to queue
[2023-08-20T02:30:20.675+0000] {logging_mixin.py:150} INFO - [2023-08-20T02:30:20.674+0000] {dagbag.py:541} INFO - Filling up the DagBag from /home/airflow/.local/lib/python3.7/site-packages/airflow/example_dags/example_skip_dag.py
[2023-08-20T02:30:20.682+0000] {processor.py:836} INFO - DAG(s) dict_keys(['example_skip_dag']) retrieved from /home/airflow/.local/lib/python3.7/site-packages/airflow/example_dags/example_skip_dag.py
[2023-08-20T02:30:20.708+0000] {logging_mixin.py:150} INFO - [2023-08-20T02:30:20.708+0000] {dag.py:2742} INFO - Sync 1 DAGs
[2023-08-20T02:30:20.735+0000] {logging_mixin.py:150} INFO - [2023-08-20T02:30:20.735+0000] {dag.py:3508} INFO - Setting next_dagrun for example_skip_dag to 2023-08-19T02:30:20.735296+00:00, run_after=2023-08-20T02:30:20.735296+00:00
[2023-08-20T02:30:20.772+0000] {processor.py:179} INFO - Processing /home/airflow/.local/lib/python3.7/site-packages/airflow/example_dags/example_skip_dag.py took 0.103 seconds
[2023-08-20T02:30:51.029+0000] {processor.py:157} INFO - Started process (PID=206) to work on /home/airflow/.local/lib/python3.7/site-packages/airflow/example_dags/example_skip_dag.py
[2023-08-20T02:30:51.029+0000] {processor.py:826} INFO - Processing file /home/airflow/.local/lib/python3.7/site-packages/airflow/example_dags/example_skip_dag.py for tasks to queue
[2023-08-20T02:30:51.030+0000] {logging_mixin.py:150} INFO - [2023-08-20T02:30:51.030+0000] {dagbag.py:541} INFO - Filling up the DagBag from /home/airflow/.local/lib/python3.7/site-packages/airflow/example_dags/example_skip_dag.py
[2023-08-20T02:30:51.036+0000] {processor.py:836} INFO - DAG(s) dict_keys(['example_skip_dag']) retrieved from /home/airflow/.local/lib/python3.7/site-packages/airflow/example_dags/example_skip_dag.py
[2023-08-20T02:30:51.060+0000] {logging_mixin.py:150} INFO - [2023-08-20T02:30:51.059+0000] {dag.py:2742} INFO - Sync 1 DAGs
[2023-08-20T02:30:51.087+0000] {logging_mixin.py:150} INFO - [2023-08-20T02:30:51.087+0000] {dag.py:3508} INFO - Setting next_dagrun for example_skip_dag to 2023-08-19T02:30:51.086795+00:00, run_after=2023-08-20T02:30:51.086795+00:00
[2023-08-20T02:30:51.181+0000] {processor.py:179} INFO - Processing /home/airflow/.local/lib/python3.7/site-packages/airflow/example_dags/example_skip_dag.py took 0.155 seconds
[2023-08-20T02:31:21.303+0000] {processor.py:157} INFO - Started process (PID=279) to work on /home/airflow/.local/lib/python3.7/site-packages/airflow/example_dags/example_skip_dag.py
[2023-08-20T02:31:21.304+0000] {processor.py:826} INFO - Processing file /home/airflow/.local/lib/python3.7/site-packages/airflow/example_dags/example_skip_dag.py for tasks to queue
[2023-08-20T02:31:21.305+0000] {logging_mixin.py:150} INFO - [2023-08-20T02:31:21.305+0000] {dagbag.py:541} INFO - Filling up the DagBag from /home/airflow/.local/lib/python3.7/site-packages/airflow/example_dags/example_skip_dag.py
[2023-08-20T02:31:21.312+0000] {processor.py:836} INFO - DAG(s) dict_keys(['example_skip_dag']) retrieved from /home/airflow/.local/lib/python3.7/site-packages/airflow/example_dags/example_skip_dag.py
[2023-08-20T02:31:21.333+0000] {logging_mixin.py:150} INFO - [2023-08-20T02:31:21.333+0000] {dag.py:2742} INFO - Sync 1 DAGs
[2023-08-20T02:31:21.357+0000] {logging_mixin.py:150} INFO - [2023-08-20T02:31:21.357+0000] {dag.py:3508} INFO - Setting next_dagrun for example_skip_dag to 2023-08-19T02:31:21.357335+00:00, run_after=2023-08-20T02:31:21.357335+00:00
[2023-08-20T02:31:21.394+0000] {processor.py:179} INFO - Processing /home/airflow/.local/lib/python3.7/site-packages/airflow/example_dags/example_skip_dag.py took 0.093 seconds
[2023-08-20T02:31:51.675+0000] {processor.py:157} INFO - Started process (PID=352) to work on /home/airflow/.local/lib/python3.7/site-packages/airflow/example_dags/example_skip_dag.py
[2023-08-20T02:31:51.677+0000] {processor.py:826} INFO - Processing file /home/airflow/.local/lib/python3.7/site-packages/airflow/example_dags/example_skip_dag.py for tasks to queue
[2023-08-20T02:31:51.678+0000] {logging_mixin.py:150} INFO - [2023-08-20T02:31:51.677+0000] {dagbag.py:541} INFO - Filling up the DagBag from /home/airflow/.local/lib/python3.7/site-packages/airflow/example_dags/example_skip_dag.py
[2023-08-20T02:31:51.684+0000] {processor.py:836} INFO - DAG(s) dict_keys(['example_skip_dag']) retrieved from /home/airflow/.local/lib/python3.7/site-packages/airflow/example_dags/example_skip_dag.py
[2023-08-20T02:31:51.706+0000] {logging_mixin.py:150} INFO - [2023-08-20T02:31:51.706+0000] {dag.py:2742} INFO - Sync 1 DAGs
[2023-08-20T02:31:51.732+0000] {logging_mixin.py:150} INFO - [2023-08-20T02:31:51.732+0000] {dag.py:3508} INFO - Setting next_dagrun for example_skip_dag to 2023-08-19T02:31:51.731930+00:00, run_after=2023-08-20T02:31:51.731930+00:00
[2023-08-20T02:31:51.768+0000] {processor.py:179} INFO - Processing /home/airflow/.local/lib/python3.7/site-packages/airflow/example_dags/example_skip_dag.py took 0.096 seconds
[2023-08-20T02:32:23.043+0000] {processor.py:157} INFO - Started process (PID=425) to work on /home/airflow/.local/lib/python3.7/site-packages/airflow/example_dags/example_skip_dag.py
[2023-08-20T02:32:23.044+0000] {processor.py:826} INFO - Processing file /home/airflow/.local/lib/python3.7/site-packages/airflow/example_dags/example_skip_dag.py for tasks to queue
[2023-08-20T02:32:23.045+0000] {logging_mixin.py:150} INFO - [2023-08-20T02:32:23.045+0000] {dagbag.py:541} INFO - Filling up the DagBag from /home/airflow/.local/lib/python3.7/site-packages/airflow/example_dags/example_skip_dag.py
[2023-08-20T02:32:23.051+0000] {processor.py:836} INFO - DAG(s) dict_keys(['example_skip_dag']) retrieved from /home/airflow/.local/lib/python3.7/site-packages/airflow/example_dags/example_skip_dag.py
[2023-08-20T02:32:23.074+0000] {logging_mixin.py:150} INFO - [2023-08-20T02:32:23.073+0000] {dag.py:2742} INFO - Sync 1 DAGs
[2023-08-20T02:32:23.100+0000] {logging_mixin.py:150} INFO - [2023-08-20T02:32:23.100+0000] {dag.py:3508} INFO - Setting next_dagrun for example_skip_dag to 2023-08-19T02:32:23.100265+00:00, run_after=2023-08-20T02:32:23.100265+00:00
[2023-08-20T02:32:23.137+0000] {processor.py:179} INFO - Processing /home/airflow/.local/lib/python3.7/site-packages/airflow/example_dags/example_skip_dag.py took 0.096 seconds
[2023-08-20T02:32:53.434+0000] {processor.py:157} INFO - Started process (PID=498) to work on /home/airflow/.local/lib/python3.7/site-packages/airflow/example_dags/example_skip_dag.py
[2023-08-20T02:32:53.435+0000] {processor.py:826} INFO - Processing file /home/airflow/.local/lib/python3.7/site-packages/airflow/example_dags/example_skip_dag.py for tasks to queue
[2023-08-20T02:32:53.436+0000] {logging_mixin.py:150} INFO - [2023-08-20T02:32:53.436+0000] {dagbag.py:541} INFO - Filling up the DagBag from /home/airflow/.local/lib/python3.7/site-packages/airflow/example_dags/example_skip_dag.py
[2023-08-20T02:32:53.443+0000] {processor.py:836} INFO - DAG(s) dict_keys(['example_skip_dag']) retrieved from /home/airflow/.local/lib/python3.7/site-packages/airflow/example_dags/example_skip_dag.py
[2023-08-20T02:32:53.464+0000] {logging_mixin.py:150} INFO - [2023-08-20T02:32:53.464+0000] {dag.py:2742} INFO - Sync 1 DAGs
[2023-08-20T02:32:53.488+0000] {logging_mixin.py:150} INFO - [2023-08-20T02:32:53.488+0000] {dag.py:3508} INFO - Setting next_dagrun for example_skip_dag to 2023-08-19T02:32:53.487752+00:00, run_after=2023-08-20T02:32:53.487752+00:00
[2023-08-20T02:32:53.523+0000] {processor.py:179} INFO - Processing /home/airflow/.local/lib/python3.7/site-packages/airflow/example_dags/example_skip_dag.py took 0.092 seconds
[2023-08-20T02:33:24.649+0000] {processor.py:157} INFO - Started process (PID=571) to work on /home/airflow/.local/lib/python3.7/site-packages/airflow/example_dags/example_skip_dag.py
[2023-08-20T02:33:24.649+0000] {processor.py:826} INFO - Processing file /home/airflow/.local/lib/python3.7/site-packages/airflow/example_dags/example_skip_dag.py for tasks to queue
[2023-08-20T02:33:24.650+0000] {logging_mixin.py:150} INFO - [2023-08-20T02:33:24.650+0000] {dagbag.py:541} INFO - Filling up the DagBag from /home/airflow/.local/lib/python3.7/site-packages/airflow/example_dags/example_skip_dag.py
[2023-08-20T02:33:24.656+0000] {processor.py:836} INFO - DAG(s) dict_keys(['example_skip_dag']) retrieved from /home/airflow/.local/lib/python3.7/site-packages/airflow/example_dags/example_skip_dag.py
[2023-08-20T02:33:24.677+0000] {logging_mixin.py:150} INFO - [2023-08-20T02:33:24.676+0000] {dag.py:2742} INFO - Sync 1 DAGs
[2023-08-20T02:33:24.699+0000] {logging_mixin.py:150} INFO - [2023-08-20T02:33:24.699+0000] {dag.py:3508} INFO - Setting next_dagrun for example_skip_dag to 2023-08-19T02:33:24.699452+00:00, run_after=2023-08-20T02:33:24.699452+00:00
[2023-08-20T02:33:24.759+0000] {processor.py:179} INFO - Processing /home/airflow/.local/lib/python3.7/site-packages/airflow/example_dags/example_skip_dag.py took 0.113 seconds
[2023-08-20T02:33:55.206+0000] {processor.py:157} INFO - Started process (PID=644) to work on /home/airflow/.local/lib/python3.7/site-packages/airflow/example_dags/example_skip_dag.py
[2023-08-20T02:33:55.207+0000] {processor.py:826} INFO - Processing file /home/airflow/.local/lib/python3.7/site-packages/airflow/example_dags/example_skip_dag.py for tasks to queue
[2023-08-20T02:33:55.208+0000] {logging_mixin.py:150} INFO - [2023-08-20T02:33:55.208+0000] {dagbag.py:541} INFO - Filling up the DagBag from /home/airflow/.local/lib/python3.7/site-packages/airflow/example_dags/example_skip_dag.py
[2023-08-20T02:33:55.215+0000] {processor.py:836} INFO - DAG(s) dict_keys(['example_skip_dag']) retrieved from /home/airflow/.local/lib/python3.7/site-packages/airflow/example_dags/example_skip_dag.py
[2023-08-20T02:33:55.237+0000] {logging_mixin.py:150} INFO - [2023-08-20T02:33:55.237+0000] {dag.py:2742} INFO - Sync 1 DAGs
[2023-08-20T02:33:55.261+0000] {logging_mixin.py:150} INFO - [2023-08-20T02:33:55.261+0000] {dag.py:3508} INFO - Setting next_dagrun for example_skip_dag to 2023-08-19T02:33:55.261501+00:00, run_after=2023-08-20T02:33:55.261501+00:00
[2023-08-20T02:33:55.297+0000] {processor.py:179} INFO - Processing /home/airflow/.local/lib/python3.7/site-packages/airflow/example_dags/example_skip_dag.py took 0.094 seconds
[2023-08-20T02:34:25.803+0000] {processor.py:157} INFO - Started process (PID=717) to work on /home/airflow/.local/lib/python3.7/site-packages/airflow/example_dags/example_skip_dag.py
[2023-08-20T02:34:25.804+0000] {processor.py:826} INFO - Processing file /home/airflow/.local/lib/python3.7/site-packages/airflow/example_dags/example_skip_dag.py for tasks to queue
[2023-08-20T02:34:25.805+0000] {logging_mixin.py:150} INFO - [2023-08-20T02:34:25.805+0000] {dagbag.py:541} INFO - Filling up the DagBag from /home/airflow/.local/lib/python3.7/site-packages/airflow/example_dags/example_skip_dag.py
[2023-08-20T02:34:25.812+0000] {processor.py:836} INFO - DAG(s) dict_keys(['example_skip_dag']) retrieved from /home/airflow/.local/lib/python3.7/site-packages/airflow/example_dags/example_skip_dag.py
[2023-08-20T02:34:25.836+0000] {logging_mixin.py:150} INFO - [2023-08-20T02:34:25.836+0000] {dag.py:2742} INFO - Sync 1 DAGs
[2023-08-20T02:34:25.863+0000] {logging_mixin.py:150} INFO - [2023-08-20T02:34:25.863+0000] {dag.py:3508} INFO - Setting next_dagrun for example_skip_dag to 2023-08-19T02:34:25.863577+00:00, run_after=2023-08-20T02:34:25.863577+00:00
[2023-08-20T02:34:25.901+0000] {processor.py:179} INFO - Processing /home/airflow/.local/lib/python3.7/site-packages/airflow/example_dags/example_skip_dag.py took 0.102 seconds
[2023-08-20T02:34:56.029+0000] {processor.py:157} INFO - Started process (PID=790) to work on /home/airflow/.local/lib/python3.7/site-packages/airflow/example_dags/example_skip_dag.py
[2023-08-20T02:34:56.031+0000] {processor.py:826} INFO - Processing file /home/airflow/.local/lib/python3.7/site-packages/airflow/example_dags/example_skip_dag.py for tasks to queue
[2023-08-20T02:34:56.032+0000] {logging_mixin.py:150} INFO - [2023-08-20T02:34:56.031+0000] {dagbag.py:541} INFO - Filling up the DagBag from /home/airflow/.local/lib/python3.7/site-packages/airflow/example_dags/example_skip_dag.py
[2023-08-20T02:34:56.039+0000] {processor.py:836} INFO - DAG(s) dict_keys(['example_skip_dag']) retrieved from /home/airflow/.local/lib/python3.7/site-packages/airflow/example_dags/example_skip_dag.py
[2023-08-20T02:34:56.065+0000] {logging_mixin.py:150} INFO - [2023-08-20T02:34:56.065+0000] {dag.py:2742} INFO - Sync 1 DAGs
[2023-08-20T02:34:56.092+0000] {logging_mixin.py:150} INFO - [2023-08-20T02:34:56.092+0000] {dag.py:3508} INFO - Setting next_dagrun for example_skip_dag to 2023-08-19T02:34:56.091900+00:00, run_after=2023-08-20T02:34:56.091900+00:00
[2023-08-20T02:34:56.128+0000] {processor.py:179} INFO - Processing /home/airflow/.local/lib/python3.7/site-packages/airflow/example_dags/example_skip_dag.py took 0.102 seconds
[2023-08-20T02:35:26.341+0000] {processor.py:157} INFO - Started process (PID=863) to work on /home/airflow/.local/lib/python3.7/site-packages/airflow/example_dags/example_skip_dag.py
[2023-08-20T02:35:26.343+0000] {processor.py:826} INFO - Processing file /home/airflow/.local/lib/python3.7/site-packages/airflow/example_dags/example_skip_dag.py for tasks to queue
[2023-08-20T02:35:26.345+0000] {logging_mixin.py:150} INFO - [2023-08-20T02:35:26.344+0000] {dagbag.py:541} INFO - Filling up the DagBag from /home/airflow/.local/lib/python3.7/site-packages/airflow/example_dags/example_skip_dag.py
[2023-08-20T02:35:26.355+0000] {processor.py:836} INFO - DAG(s) dict_keys(['example_skip_dag']) retrieved from /home/airflow/.local/lib/python3.7/site-packages/airflow/example_dags/example_skip_dag.py
[2023-08-20T02:35:26.389+0000] {logging_mixin.py:150} INFO - [2023-08-20T02:35:26.389+0000] {dag.py:2742} INFO - Sync 1 DAGs
[2023-08-20T02:35:26.424+0000] {logging_mixin.py:150} INFO - [2023-08-20T02:35:26.424+0000] {dag.py:3508} INFO - Setting next_dagrun for example_skip_dag to 2023-08-19T02:35:26.424023+00:00, run_after=2023-08-20T02:35:26.424023+00:00
[2023-08-20T02:35:26.464+0000] {processor.py:179} INFO - Processing /home/airflow/.local/lib/python3.7/site-packages/airflow/example_dags/example_skip_dag.py took 0.127 seconds
[2023-08-20T02:35:56.594+0000] {processor.py:157} INFO - Started process (PID=937) to work on /home/airflow/.local/lib/python3.7/site-packages/airflow/example_dags/example_skip_dag.py
[2023-08-20T02:35:56.595+0000] {processor.py:826} INFO - Processing file /home/airflow/.local/lib/python3.7/site-packages/airflow/example_dags/example_skip_dag.py for tasks to queue
[2023-08-20T02:35:56.596+0000] {logging_mixin.py:150} INFO - [2023-08-20T02:35:56.595+0000] {dagbag.py:541} INFO - Filling up the DagBag from /home/airflow/.local/lib/python3.7/site-packages/airflow/example_dags/example_skip_dag.py
[2023-08-20T02:35:56.602+0000] {processor.py:836} INFO - DAG(s) dict_keys(['example_skip_dag']) retrieved from /home/airflow/.local/lib/python3.7/site-packages/airflow/example_dags/example_skip_dag.py
[2023-08-20T02:35:56.624+0000] {logging_mixin.py:150} INFO - [2023-08-20T02:35:56.623+0000] {dag.py:2742} INFO - Sync 1 DAGs
[2023-08-20T02:35:56.648+0000] {logging_mixin.py:150} INFO - [2023-08-20T02:35:56.647+0000] {dag.py:3508} INFO - Setting next_dagrun for example_skip_dag to 2023-08-19T02:35:56.647547+00:00, run_after=2023-08-20T02:35:56.647547+00:00
[2023-08-20T02:35:56.684+0000] {processor.py:179} INFO - Processing /home/airflow/.local/lib/python3.7/site-packages/airflow/example_dags/example_skip_dag.py took 0.093 seconds
[2023-08-20T02:36:26.940+0000] {processor.py:157} INFO - Started process (PID=1010) to work on /home/airflow/.local/lib/python3.7/site-packages/airflow/example_dags/example_skip_dag.py
[2023-08-20T02:36:26.941+0000] {processor.py:826} INFO - Processing file /home/airflow/.local/lib/python3.7/site-packages/airflow/example_dags/example_skip_dag.py for tasks to queue
[2023-08-20T02:36:26.942+0000] {logging_mixin.py:150} INFO - [2023-08-20T02:36:26.942+0000] {dagbag.py:541} INFO - Filling up the DagBag from /home/airflow/.local/lib/python3.7/site-packages/airflow/example_dags/example_skip_dag.py
[2023-08-20T02:36:26.950+0000] {processor.py:836} INFO - DAG(s) dict_keys(['example_skip_dag']) retrieved from /home/airflow/.local/lib/python3.7/site-packages/airflow/example_dags/example_skip_dag.py
[2023-08-20T02:36:26.972+0000] {logging_mixin.py:150} INFO - [2023-08-20T02:36:26.972+0000] {dag.py:2742} INFO - Sync 1 DAGs
[2023-08-20T02:36:26.996+0000] {logging_mixin.py:150} INFO - [2023-08-20T02:36:26.996+0000] {dag.py:3508} INFO - Setting next_dagrun for example_skip_dag to 2023-08-19T02:36:26.995831+00:00, run_after=2023-08-20T02:36:26.995831+00:00
[2023-08-20T02:36:27.032+0000] {processor.py:179} INFO - Processing /home/airflow/.local/lib/python3.7/site-packages/airflow/example_dags/example_skip_dag.py took 0.093 seconds
[2023-08-20T02:36:58.038+0000] {processor.py:157} INFO - Started process (PID=1083) to work on /home/airflow/.local/lib/python3.7/site-packages/airflow/example_dags/example_skip_dag.py
[2023-08-20T02:36:58.039+0000] {processor.py:826} INFO - Processing file /home/airflow/.local/lib/python3.7/site-packages/airflow/example_dags/example_skip_dag.py for tasks to queue
[2023-08-20T02:36:58.039+0000] {logging_mixin.py:150} INFO - [2023-08-20T02:36:58.039+0000] {dagbag.py:541} INFO - Filling up the DagBag from /home/airflow/.local/lib/python3.7/site-packages/airflow/example_dags/example_skip_dag.py
[2023-08-20T02:36:58.048+0000] {processor.py:836} INFO - DAG(s) dict_keys(['example_skip_dag']) retrieved from /home/airflow/.local/lib/python3.7/site-packages/airflow/example_dags/example_skip_dag.py
[2023-08-20T02:36:58.076+0000] {logging_mixin.py:150} INFO - [2023-08-20T02:36:58.076+0000] {dag.py:2742} INFO - Sync 1 DAGs
[2023-08-20T02:36:58.104+0000] {logging_mixin.py:150} INFO - [2023-08-20T02:36:58.103+0000] {dag.py:3508} INFO - Setting next_dagrun for example_skip_dag to 2023-08-19T02:36:58.103670+00:00, run_after=2023-08-20T02:36:58.103670+00:00
[2023-08-20T02:36:58.143+0000] {processor.py:179} INFO - Processing /home/airflow/.local/lib/python3.7/site-packages/airflow/example_dags/example_skip_dag.py took 0.108 seconds
[2023-08-20T02:37:28.500+0000] {processor.py:157} INFO - Started process (PID=1156) to work on /home/airflow/.local/lib/python3.7/site-packages/airflow/example_dags/example_skip_dag.py
[2023-08-20T02:37:28.501+0000] {processor.py:826} INFO - Processing file /home/airflow/.local/lib/python3.7/site-packages/airflow/example_dags/example_skip_dag.py for tasks to queue
[2023-08-20T02:37:28.502+0000] {logging_mixin.py:150} INFO - [2023-08-20T02:37:28.502+0000] {dagbag.py:541} INFO - Filling up the DagBag from /home/airflow/.local/lib/python3.7/site-packages/airflow/example_dags/example_skip_dag.py
[2023-08-20T02:37:28.509+0000] {processor.py:836} INFO - DAG(s) dict_keys(['example_skip_dag']) retrieved from /home/airflow/.local/lib/python3.7/site-packages/airflow/example_dags/example_skip_dag.py
[2023-08-20T02:37:28.533+0000] {logging_mixin.py:150} INFO - [2023-08-20T02:37:28.533+0000] {dag.py:2742} INFO - Sync 1 DAGs
[2023-08-20T02:37:28.562+0000] {logging_mixin.py:150} INFO - [2023-08-20T02:37:28.562+0000] {dag.py:3508} INFO - Setting next_dagrun for example_skip_dag to 2023-08-19T02:37:28.562417+00:00, run_after=2023-08-20T02:37:28.562417+00:00
[2023-08-20T02:37:28.647+0000] {processor.py:179} INFO - Processing /home/airflow/.local/lib/python3.7/site-packages/airflow/example_dags/example_skip_dag.py took 0.150 seconds
[2023-08-20T02:37:59.134+0000] {processor.py:157} INFO - Started process (PID=1229) to work on /home/airflow/.local/lib/python3.7/site-packages/airflow/example_dags/example_skip_dag.py
[2023-08-20T02:37:59.136+0000] {processor.py:826} INFO - Processing file /home/airflow/.local/lib/python3.7/site-packages/airflow/example_dags/example_skip_dag.py for tasks to queue
[2023-08-20T02:37:59.137+0000] {logging_mixin.py:150} INFO - [2023-08-20T02:37:59.136+0000] {dagbag.py:541} INFO - Filling up the DagBag from /home/airflow/.local/lib/python3.7/site-packages/airflow/example_dags/example_skip_dag.py
[2023-08-20T02:37:59.142+0000] {processor.py:836} INFO - DAG(s) dict_keys(['example_skip_dag']) retrieved from /home/airflow/.local/lib/python3.7/site-packages/airflow/example_dags/example_skip_dag.py
[2023-08-20T02:37:59.166+0000] {logging_mixin.py:150} INFO - [2023-08-20T02:37:59.165+0000] {dag.py:2742} INFO - Sync 1 DAGs
[2023-08-20T02:37:59.191+0000] {logging_mixin.py:150} INFO - [2023-08-20T02:37:59.190+0000] {dag.py:3508} INFO - Setting next_dagrun for example_skip_dag to 2023-08-19T02:37:59.190765+00:00, run_after=2023-08-20T02:37:59.190765+00:00
[2023-08-20T02:37:59.257+0000] {processor.py:179} INFO - Processing /home/airflow/.local/lib/python3.7/site-packages/airflow/example_dags/example_skip_dag.py took 0.125 seconds
[2023-08-20T02:38:29.473+0000] {processor.py:157} INFO - Started process (PID=1302) to work on /home/airflow/.local/lib/python3.7/site-packages/airflow/example_dags/example_skip_dag.py
[2023-08-20T02:38:29.474+0000] {processor.py:826} INFO - Processing file /home/airflow/.local/lib/python3.7/site-packages/airflow/example_dags/example_skip_dag.py for tasks to queue
[2023-08-20T02:38:29.475+0000] {logging_mixin.py:150} INFO - [2023-08-20T02:38:29.475+0000] {dagbag.py:541} INFO - Filling up the DagBag from /home/airflow/.local/lib/python3.7/site-packages/airflow/example_dags/example_skip_dag.py
[2023-08-20T02:38:29.482+0000] {processor.py:836} INFO - DAG(s) dict_keys(['example_skip_dag']) retrieved from /home/airflow/.local/lib/python3.7/site-packages/airflow/example_dags/example_skip_dag.py
[2023-08-20T02:38:29.506+0000] {logging_mixin.py:150} INFO - [2023-08-20T02:38:29.506+0000] {dag.py:2742} INFO - Sync 1 DAGs
[2023-08-20T02:38:29.532+0000] {logging_mixin.py:150} INFO - [2023-08-20T02:38:29.532+0000] {dag.py:3508} INFO - Setting next_dagrun for example_skip_dag to 2023-08-19T02:38:29.532081+00:00, run_after=2023-08-20T02:38:29.532081+00:00
[2023-08-20T02:38:29.568+0000] {processor.py:179} INFO - Processing /home/airflow/.local/lib/python3.7/site-packages/airflow/example_dags/example_skip_dag.py took 0.098 seconds
[2023-08-20T02:38:59.825+0000] {processor.py:157} INFO - Started process (PID=1375) to work on /home/airflow/.local/lib/python3.7/site-packages/airflow/example_dags/example_skip_dag.py
[2023-08-20T02:38:59.826+0000] {processor.py:826} INFO - Processing file /home/airflow/.local/lib/python3.7/site-packages/airflow/example_dags/example_skip_dag.py for tasks to queue
[2023-08-20T02:38:59.827+0000] {logging_mixin.py:150} INFO - [2023-08-20T02:38:59.827+0000] {dagbag.py:541} INFO - Filling up the DagBag from /home/airflow/.local/lib/python3.7/site-packages/airflow/example_dags/example_skip_dag.py
[2023-08-20T02:38:59.833+0000] {processor.py:836} INFO - DAG(s) dict_keys(['example_skip_dag']) retrieved from /home/airflow/.local/lib/python3.7/site-packages/airflow/example_dags/example_skip_dag.py
[2023-08-20T02:38:59.859+0000] {logging_mixin.py:150} INFO - [2023-08-20T02:38:59.859+0000] {dag.py:2742} INFO - Sync 1 DAGs
[2023-08-20T02:38:59.884+0000] {logging_mixin.py:150} INFO - [2023-08-20T02:38:59.884+0000] {dag.py:3508} INFO - Setting next_dagrun for example_skip_dag to 2023-08-19T02:38:59.883971+00:00, run_after=2023-08-20T02:38:59.883971+00:00
[2023-08-20T02:38:59.920+0000] {processor.py:179} INFO - Processing /home/airflow/.local/lib/python3.7/site-packages/airflow/example_dags/example_skip_dag.py took 0.098 seconds
[2023-08-20T02:39:30.181+0000] {processor.py:157} INFO - Started process (PID=1448) to work on /home/airflow/.local/lib/python3.7/site-packages/airflow/example_dags/example_skip_dag.py
[2023-08-20T02:39:30.182+0000] {processor.py:826} INFO - Processing file /home/airflow/.local/lib/python3.7/site-packages/airflow/example_dags/example_skip_dag.py for tasks to queue
[2023-08-20T02:39:30.183+0000] {logging_mixin.py:150} INFO - [2023-08-20T02:39:30.183+0000] {dagbag.py:541} INFO - Filling up the DagBag from /home/airflow/.local/lib/python3.7/site-packages/airflow/example_dags/example_skip_dag.py
[2023-08-20T02:39:30.189+0000] {processor.py:836} INFO - DAG(s) dict_keys(['example_skip_dag']) retrieved from /home/airflow/.local/lib/python3.7/site-packages/airflow/example_dags/example_skip_dag.py
[2023-08-20T02:39:30.211+0000] {logging_mixin.py:150} INFO - [2023-08-20T02:39:30.211+0000] {dag.py:2742} INFO - Sync 1 DAGs
[2023-08-20T02:39:30.235+0000] {logging_mixin.py:150} INFO - [2023-08-20T02:39:30.234+0000] {dag.py:3508} INFO - Setting next_dagrun for example_skip_dag to 2023-08-19T02:39:30.234759+00:00, run_after=2023-08-20T02:39:30.234759+00:00
[2023-08-20T02:39:30.271+0000] {processor.py:179} INFO - Processing /home/airflow/.local/lib/python3.7/site-packages/airflow/example_dags/example_skip_dag.py took 0.093 seconds
[2023-08-20T02:40:00.894+0000] {processor.py:157} INFO - Started process (PID=1521) to work on /home/airflow/.local/lib/python3.7/site-packages/airflow/example_dags/example_skip_dag.py
[2023-08-20T02:40:00.895+0000] {processor.py:826} INFO - Processing file /home/airflow/.local/lib/python3.7/site-packages/airflow/example_dags/example_skip_dag.py for tasks to queue
[2023-08-20T02:40:00.896+0000] {logging_mixin.py:150} INFO - [2023-08-20T02:40:00.896+0000] {dagbag.py:541} INFO - Filling up the DagBag from /home/airflow/.local/lib/python3.7/site-packages/airflow/example_dags/example_skip_dag.py
[2023-08-20T02:40:00.902+0000] {processor.py:836} INFO - DAG(s) dict_keys(['example_skip_dag']) retrieved from /home/airflow/.local/lib/python3.7/site-packages/airflow/example_dags/example_skip_dag.py
[2023-08-20T02:40:00.925+0000] {logging_mixin.py:150} INFO - [2023-08-20T02:40:00.925+0000] {dag.py:2742} INFO - Sync 1 DAGs
[2023-08-20T02:40:00.949+0000] {logging_mixin.py:150} INFO - [2023-08-20T02:40:00.949+0000] {dag.py:3508} INFO - Setting next_dagrun for example_skip_dag to 2023-08-19T02:40:00.948870+00:00, run_after=2023-08-20T02:40:00.948870+00:00
[2023-08-20T02:40:00.987+0000] {processor.py:179} INFO - Processing /home/airflow/.local/lib/python3.7/site-packages/airflow/example_dags/example_skip_dag.py took 0.095 seconds
[2023-08-20T02:40:31.275+0000] {processor.py:157} INFO - Started process (PID=1594) to work on /home/airflow/.local/lib/python3.7/site-packages/airflow/example_dags/example_skip_dag.py
[2023-08-20T02:40:31.276+0000] {processor.py:826} INFO - Processing file /home/airflow/.local/lib/python3.7/site-packages/airflow/example_dags/example_skip_dag.py for tasks to queue
[2023-08-20T02:40:31.277+0000] {logging_mixin.py:150} INFO - [2023-08-20T02:40:31.276+0000] {dagbag.py:541} INFO - Filling up the DagBag from /home/airflow/.local/lib/python3.7/site-packages/airflow/example_dags/example_skip_dag.py
[2023-08-20T02:40:31.283+0000] {processor.py:836} INFO - DAG(s) dict_keys(['example_skip_dag']) retrieved from /home/airflow/.local/lib/python3.7/site-packages/airflow/example_dags/example_skip_dag.py
[2023-08-20T02:40:31.306+0000] {logging_mixin.py:150} INFO - [2023-08-20T02:40:31.306+0000] {dag.py:2742} INFO - Sync 1 DAGs
[2023-08-20T02:40:31.333+0000] {logging_mixin.py:150} INFO - [2023-08-20T02:40:31.333+0000] {dag.py:3508} INFO - Setting next_dagrun for example_skip_dag to 2023-08-19T02:40:31.333355+00:00, run_after=2023-08-20T02:40:31.333355+00:00
[2023-08-20T02:40:31.375+0000] {processor.py:179} INFO - Processing /home/airflow/.local/lib/python3.7/site-packages/airflow/example_dags/example_skip_dag.py took 0.102 seconds
[2023-08-20T02:41:01.925+0000] {processor.py:157} INFO - Started process (PID=1668) to work on /home/airflow/.local/lib/python3.7/site-packages/airflow/example_dags/example_skip_dag.py
[2023-08-20T02:41:01.927+0000] {processor.py:826} INFO - Processing file /home/airflow/.local/lib/python3.7/site-packages/airflow/example_dags/example_skip_dag.py for tasks to queue
[2023-08-20T02:41:01.927+0000] {logging_mixin.py:150} INFO - [2023-08-20T02:41:01.927+0000] {dagbag.py:541} INFO - Filling up the DagBag from /home/airflow/.local/lib/python3.7/site-packages/airflow/example_dags/example_skip_dag.py
[2023-08-20T02:41:01.934+0000] {processor.py:836} INFO - DAG(s) dict_keys(['example_skip_dag']) retrieved from /home/airflow/.local/lib/python3.7/site-packages/airflow/example_dags/example_skip_dag.py
[2023-08-20T02:41:01.959+0000] {logging_mixin.py:150} INFO - [2023-08-20T02:41:01.959+0000] {dag.py:2742} INFO - Sync 1 DAGs
[2023-08-20T02:41:01.987+0000] {logging_mixin.py:150} INFO - [2023-08-20T02:41:01.986+0000] {dag.py:3508} INFO - Setting next_dagrun for example_skip_dag to 2023-08-19T02:41:01.986640+00:00, run_after=2023-08-20T02:41:01.986640+00:00
[2023-08-20T02:41:02.025+0000] {processor.py:179} INFO - Processing /home/airflow/.local/lib/python3.7/site-packages/airflow/example_dags/example_skip_dag.py took 0.102 seconds
[2023-08-20T02:41:32.196+0000] {processor.py:157} INFO - Started process (PID=1741) to work on /home/airflow/.local/lib/python3.7/site-packages/airflow/example_dags/example_skip_dag.py
[2023-08-20T02:41:32.197+0000] {processor.py:826} INFO - Processing file /home/airflow/.local/lib/python3.7/site-packages/airflow/example_dags/example_skip_dag.py for tasks to queue
[2023-08-20T02:41:32.198+0000] {logging_mixin.py:150} INFO - [2023-08-20T02:41:32.198+0000] {dagbag.py:541} INFO - Filling up the DagBag from /home/airflow/.local/lib/python3.7/site-packages/airflow/example_dags/example_skip_dag.py
[2023-08-20T02:41:32.204+0000] {processor.py:836} INFO - DAG(s) dict_keys(['example_skip_dag']) retrieved from /home/airflow/.local/lib/python3.7/site-packages/airflow/example_dags/example_skip_dag.py
[2023-08-20T02:41:32.225+0000] {logging_mixin.py:150} INFO - [2023-08-20T02:41:32.225+0000] {dag.py:2742} INFO - Sync 1 DAGs
[2023-08-20T02:41:32.249+0000] {logging_mixin.py:150} INFO - [2023-08-20T02:41:32.249+0000] {dag.py:3508} INFO - Setting next_dagrun for example_skip_dag to 2023-08-19T02:41:32.248979+00:00, run_after=2023-08-20T02:41:32.248979+00:00
[2023-08-20T02:41:32.284+0000] {processor.py:179} INFO - Processing /home/airflow/.local/lib/python3.7/site-packages/airflow/example_dags/example_skip_dag.py took 0.091 seconds
[2023-08-20T02:42:02.624+0000] {processor.py:157} INFO - Started process (PID=1814) to work on /home/airflow/.local/lib/python3.7/site-packages/airflow/example_dags/example_skip_dag.py
[2023-08-20T02:42:02.625+0000] {processor.py:826} INFO - Processing file /home/airflow/.local/lib/python3.7/site-packages/airflow/example_dags/example_skip_dag.py for tasks to queue
[2023-08-20T02:42:02.626+0000] {logging_mixin.py:150} INFO - [2023-08-20T02:42:02.626+0000] {dagbag.py:541} INFO - Filling up the DagBag from /home/airflow/.local/lib/python3.7/site-packages/airflow/example_dags/example_skip_dag.py
[2023-08-20T02:42:02.632+0000] {processor.py:836} INFO - DAG(s) dict_keys(['example_skip_dag']) retrieved from /home/airflow/.local/lib/python3.7/site-packages/airflow/example_dags/example_skip_dag.py
[2023-08-20T02:42:02.654+0000] {logging_mixin.py:150} INFO - [2023-08-20T02:42:02.654+0000] {dag.py:2742} INFO - Sync 1 DAGs
[2023-08-20T02:42:02.678+0000] {logging_mixin.py:150} INFO - [2023-08-20T02:42:02.678+0000] {dag.py:3508} INFO - Setting next_dagrun for example_skip_dag to 2023-08-19T02:42:02.678057+00:00, run_after=2023-08-20T02:42:02.678057+00:00
[2023-08-20T02:42:02.714+0000] {processor.py:179} INFO - Processing /home/airflow/.local/lib/python3.7/site-packages/airflow/example_dags/example_skip_dag.py took 0.093 seconds
[2023-08-20T02:42:33.084+0000] {processor.py:157} INFO - Started process (PID=1887) to work on /home/airflow/.local/lib/python3.7/site-packages/airflow/example_dags/example_skip_dag.py
[2023-08-20T02:42:33.085+0000] {processor.py:826} INFO - Processing file /home/airflow/.local/lib/python3.7/site-packages/airflow/example_dags/example_skip_dag.py for tasks to queue
[2023-08-20T02:42:33.085+0000] {logging_mixin.py:150} INFO - [2023-08-20T02:42:33.085+0000] {dagbag.py:541} INFO - Filling up the DagBag from /home/airflow/.local/lib/python3.7/site-packages/airflow/example_dags/example_skip_dag.py
[2023-08-20T02:42:33.091+0000] {processor.py:836} INFO - DAG(s) dict_keys(['example_skip_dag']) retrieved from /home/airflow/.local/lib/python3.7/site-packages/airflow/example_dags/example_skip_dag.py
[2023-08-20T02:42:33.114+0000] {logging_mixin.py:150} INFO - [2023-08-20T02:42:33.113+0000] {dag.py:2742} INFO - Sync 1 DAGs
[2023-08-20T02:42:33.143+0000] {logging_mixin.py:150} INFO - [2023-08-20T02:42:33.143+0000] {dag.py:3508} INFO - Setting next_dagrun for example_skip_dag to 2023-08-19T02:42:33.143026+00:00, run_after=2023-08-20T02:42:33.143026+00:00
[2023-08-20T02:42:33.179+0000] {processor.py:179} INFO - Processing /home/airflow/.local/lib/python3.7/site-packages/airflow/example_dags/example_skip_dag.py took 0.098 seconds
[2023-08-20T02:43:03.628+0000] {processor.py:157} INFO - Started process (PID=1961) to work on /home/airflow/.local/lib/python3.7/site-packages/airflow/example_dags/example_skip_dag.py
[2023-08-20T02:43:03.629+0000] {processor.py:826} INFO - Processing file /home/airflow/.local/lib/python3.7/site-packages/airflow/example_dags/example_skip_dag.py for tasks to queue
[2023-08-20T02:43:03.631+0000] {logging_mixin.py:150} INFO - [2023-08-20T02:43:03.630+0000] {dagbag.py:541} INFO - Filling up the DagBag from /home/airflow/.local/lib/python3.7/site-packages/airflow/example_dags/example_skip_dag.py
[2023-08-20T02:43:03.638+0000] {processor.py:836} INFO - DAG(s) dict_keys(['example_skip_dag']) retrieved from /home/airflow/.local/lib/python3.7/site-packages/airflow/example_dags/example_skip_dag.py
[2023-08-20T02:43:03.664+0000] {logging_mixin.py:150} INFO - [2023-08-20T02:43:03.664+0000] {dag.py:2742} INFO - Sync 1 DAGs
[2023-08-20T02:43:03.695+0000] {logging_mixin.py:150} INFO - [2023-08-20T02:43:03.695+0000] {dag.py:3508} INFO - Setting next_dagrun for example_skip_dag to 2023-08-19T02:43:03.694872+00:00, run_after=2023-08-20T02:43:03.694872+00:00
[2023-08-20T02:43:03.769+0000] {processor.py:179} INFO - Processing /home/airflow/.local/lib/python3.7/site-packages/airflow/example_dags/example_skip_dag.py took 0.144 seconds
