[2023-08-20T02:29:50.571+0000] {processor.py:157} INFO - Started process (PID=76) to work on /home/airflow/.local/lib/python3.7/site-packages/airflow/example_dags/example_sla_dag.py
[2023-08-20T02:29:50.574+0000] {processor.py:826} INFO - Processing file /home/airflow/.local/lib/python3.7/site-packages/airflow/example_dags/example_sla_dag.py for tasks to queue
[2023-08-20T02:29:50.575+0000] {logging_mixin.py:150} INFO - [2023-08-20T02:29:50.575+0000] {dagbag.py:541} INFO - Filling up the DagBag from /home/airflow/.local/lib/python3.7/site-packages/airflow/example_dags/example_sla_dag.py
[2023-08-20T02:29:50.587+0000] {processor.py:836} INFO - DAG(s) dict_keys(['example_sla_dag']) retrieved from /home/airflow/.local/lib/python3.7/site-packages/airflow/example_dags/example_sla_dag.py
[2023-08-20T02:29:50.599+0000] {logging_mixin.py:150} INFO - [2023-08-20T02:29:50.599+0000] {dag.py:2742} INFO - Sync 1 DAGs
[2023-08-20T02:29:50.652+0000] {logging_mixin.py:150} INFO - [2023-08-20T02:29:50.652+0000] {dag.py:3508} INFO - Setting next_dagrun for example_sla_dag to 2023-08-20T02:26:00+00:00, run_after=2023-08-20T02:28:00+00:00
[2023-08-20T02:29:50.694+0000] {processor.py:179} INFO - Processing /home/airflow/.local/lib/python3.7/site-packages/airflow/example_dags/example_sla_dag.py took 0.127 seconds
[2023-08-20T02:30:22.207+0000] {processor.py:157} INFO - Started process (PID=149) to work on /home/airflow/.local/lib/python3.7/site-packages/airflow/example_dags/example_sla_dag.py
[2023-08-20T02:30:22.208+0000] {processor.py:826} INFO - Processing file /home/airflow/.local/lib/python3.7/site-packages/airflow/example_dags/example_sla_dag.py for tasks to queue
[2023-08-20T02:30:22.210+0000] {logging_mixin.py:150} INFO - [2023-08-20T02:30:22.209+0000] {dagbag.py:541} INFO - Filling up the DagBag from /home/airflow/.local/lib/python3.7/site-packages/airflow/example_dags/example_sla_dag.py
[2023-08-20T02:30:22.219+0000] {processor.py:836} INFO - DAG(s) dict_keys(['example_sla_dag']) retrieved from /home/airflow/.local/lib/python3.7/site-packages/airflow/example_dags/example_sla_dag.py
[2023-08-20T02:30:22.244+0000] {logging_mixin.py:150} INFO - [2023-08-20T02:30:22.244+0000] {dag.py:2742} INFO - Sync 1 DAGs
[2023-08-20T02:30:22.279+0000] {logging_mixin.py:150} INFO - [2023-08-20T02:30:22.279+0000] {dag.py:3508} INFO - Setting next_dagrun for example_sla_dag to 2023-08-20T02:28:00+00:00, run_after=2023-08-20T02:30:00+00:00
[2023-08-20T02:30:22.379+0000] {processor.py:179} INFO - Processing /home/airflow/.local/lib/python3.7/site-packages/airflow/example_dags/example_sla_dag.py took 0.176 seconds
[2023-08-20T02:30:52.552+0000] {processor.py:157} INFO - Started process (PID=222) to work on /home/airflow/.local/lib/python3.7/site-packages/airflow/example_dags/example_sla_dag.py
[2023-08-20T02:30:52.553+0000] {processor.py:826} INFO - Processing file /home/airflow/.local/lib/python3.7/site-packages/airflow/example_dags/example_sla_dag.py for tasks to queue
[2023-08-20T02:30:52.554+0000] {logging_mixin.py:150} INFO - [2023-08-20T02:30:52.554+0000] {dagbag.py:541} INFO - Filling up the DagBag from /home/airflow/.local/lib/python3.7/site-packages/airflow/example_dags/example_sla_dag.py
[2023-08-20T02:30:52.562+0000] {processor.py:836} INFO - DAG(s) dict_keys(['example_sla_dag']) retrieved from /home/airflow/.local/lib/python3.7/site-packages/airflow/example_dags/example_sla_dag.py
[2023-08-20T02:30:52.582+0000] {logging_mixin.py:150} INFO - [2023-08-20T02:30:52.582+0000] {dag.py:2742} INFO - Sync 1 DAGs
[2023-08-20T02:30:52.609+0000] {logging_mixin.py:150} INFO - [2023-08-20T02:30:52.609+0000] {dag.py:3508} INFO - Setting next_dagrun for example_sla_dag to 2023-08-20T02:28:00+00:00, run_after=2023-08-20T02:30:00+00:00
[2023-08-20T02:30:52.651+0000] {processor.py:179} INFO - Processing /home/airflow/.local/lib/python3.7/site-packages/airflow/example_dags/example_sla_dag.py took 0.101 seconds
[2023-08-20T02:31:23.587+0000] {processor.py:157} INFO - Started process (PID=295) to work on /home/airflow/.local/lib/python3.7/site-packages/airflow/example_dags/example_sla_dag.py
[2023-08-20T02:31:23.588+0000] {processor.py:826} INFO - Processing file /home/airflow/.local/lib/python3.7/site-packages/airflow/example_dags/example_sla_dag.py for tasks to queue
[2023-08-20T02:31:23.589+0000] {logging_mixin.py:150} INFO - [2023-08-20T02:31:23.588+0000] {dagbag.py:541} INFO - Filling up the DagBag from /home/airflow/.local/lib/python3.7/site-packages/airflow/example_dags/example_sla_dag.py
[2023-08-20T02:31:23.597+0000] {processor.py:836} INFO - DAG(s) dict_keys(['example_sla_dag']) retrieved from /home/airflow/.local/lib/python3.7/site-packages/airflow/example_dags/example_sla_dag.py
[2023-08-20T02:31:23.619+0000] {logging_mixin.py:150} INFO - [2023-08-20T02:31:23.618+0000] {dag.py:2742} INFO - Sync 1 DAGs
[2023-08-20T02:31:23.646+0000] {logging_mixin.py:150} INFO - [2023-08-20T02:31:23.646+0000] {dag.py:3508} INFO - Setting next_dagrun for example_sla_dag to 2023-08-20T02:28:00+00:00, run_after=2023-08-20T02:30:00+00:00
[2023-08-20T02:31:23.683+0000] {processor.py:179} INFO - Processing /home/airflow/.local/lib/python3.7/site-packages/airflow/example_dags/example_sla_dag.py took 0.099 seconds
[2023-08-20T02:31:53.876+0000] {processor.py:157} INFO - Started process (PID=368) to work on /home/airflow/.local/lib/python3.7/site-packages/airflow/example_dags/example_sla_dag.py
[2023-08-20T02:31:53.877+0000] {processor.py:826} INFO - Processing file /home/airflow/.local/lib/python3.7/site-packages/airflow/example_dags/example_sla_dag.py for tasks to queue
[2023-08-20T02:31:53.878+0000] {logging_mixin.py:150} INFO - [2023-08-20T02:31:53.878+0000] {dagbag.py:541} INFO - Filling up the DagBag from /home/airflow/.local/lib/python3.7/site-packages/airflow/example_dags/example_sla_dag.py
[2023-08-20T02:31:53.885+0000] {processor.py:836} INFO - DAG(s) dict_keys(['example_sla_dag']) retrieved from /home/airflow/.local/lib/python3.7/site-packages/airflow/example_dags/example_sla_dag.py
[2023-08-20T02:31:53.907+0000] {logging_mixin.py:150} INFO - [2023-08-20T02:31:53.907+0000] {dag.py:2742} INFO - Sync 1 DAGs
[2023-08-20T02:31:53.936+0000] {logging_mixin.py:150} INFO - [2023-08-20T02:31:53.936+0000] {dag.py:3508} INFO - Setting next_dagrun for example_sla_dag to 2023-08-20T02:28:00+00:00, run_after=2023-08-20T02:30:00+00:00
[2023-08-20T02:31:53.975+0000] {processor.py:179} INFO - Processing /home/airflow/.local/lib/python3.7/site-packages/airflow/example_dags/example_sla_dag.py took 0.102 seconds
[2023-08-20T02:32:24.336+0000] {processor.py:157} INFO - Started process (PID=441) to work on /home/airflow/.local/lib/python3.7/site-packages/airflow/example_dags/example_sla_dag.py
[2023-08-20T02:32:24.338+0000] {processor.py:826} INFO - Processing file /home/airflow/.local/lib/python3.7/site-packages/airflow/example_dags/example_sla_dag.py for tasks to queue
[2023-08-20T02:32:24.339+0000] {logging_mixin.py:150} INFO - [2023-08-20T02:32:24.338+0000] {dagbag.py:541} INFO - Filling up the DagBag from /home/airflow/.local/lib/python3.7/site-packages/airflow/example_dags/example_sla_dag.py
[2023-08-20T02:32:24.346+0000] {processor.py:836} INFO - DAG(s) dict_keys(['example_sla_dag']) retrieved from /home/airflow/.local/lib/python3.7/site-packages/airflow/example_dags/example_sla_dag.py
[2023-08-20T02:32:24.366+0000] {logging_mixin.py:150} INFO - [2023-08-20T02:32:24.366+0000] {dag.py:2742} INFO - Sync 1 DAGs
[2023-08-20T02:32:24.395+0000] {logging_mixin.py:150} INFO - [2023-08-20T02:32:24.394+0000] {dag.py:3508} INFO - Setting next_dagrun for example_sla_dag to 2023-08-20T02:30:00+00:00, run_after=2023-08-20T02:32:00+00:00
[2023-08-20T02:32:24.431+0000] {processor.py:179} INFO - Processing /home/airflow/.local/lib/python3.7/site-packages/airflow/example_dags/example_sla_dag.py took 0.097 seconds
[2023-08-20T02:32:54.615+0000] {processor.py:157} INFO - Started process (PID=514) to work on /home/airflow/.local/lib/python3.7/site-packages/airflow/example_dags/example_sla_dag.py
[2023-08-20T02:32:54.617+0000] {processor.py:826} INFO - Processing file /home/airflow/.local/lib/python3.7/site-packages/airflow/example_dags/example_sla_dag.py for tasks to queue
[2023-08-20T02:32:54.617+0000] {logging_mixin.py:150} INFO - [2023-08-20T02:32:54.617+0000] {dagbag.py:541} INFO - Filling up the DagBag from /home/airflow/.local/lib/python3.7/site-packages/airflow/example_dags/example_sla_dag.py
[2023-08-20T02:32:54.625+0000] {processor.py:836} INFO - DAG(s) dict_keys(['example_sla_dag']) retrieved from /home/airflow/.local/lib/python3.7/site-packages/airflow/example_dags/example_sla_dag.py
[2023-08-20T02:32:54.645+0000] {logging_mixin.py:150} INFO - [2023-08-20T02:32:54.644+0000] {dag.py:2742} INFO - Sync 1 DAGs
[2023-08-20T02:32:54.674+0000] {logging_mixin.py:150} INFO - [2023-08-20T02:32:54.674+0000] {dag.py:3508} INFO - Setting next_dagrun for example_sla_dag to 2023-08-20T02:30:00+00:00, run_after=2023-08-20T02:32:00+00:00
[2023-08-20T02:32:54.821+0000] {processor.py:179} INFO - Processing /home/airflow/.local/lib/python3.7/site-packages/airflow/example_dags/example_sla_dag.py took 0.208 seconds
[2023-08-20T02:33:25.723+0000] {processor.py:157} INFO - Started process (PID=587) to work on /home/airflow/.local/lib/python3.7/site-packages/airflow/example_dags/example_sla_dag.py
[2023-08-20T02:33:25.723+0000] {processor.py:826} INFO - Processing file /home/airflow/.local/lib/python3.7/site-packages/airflow/example_dags/example_sla_dag.py for tasks to queue
[2023-08-20T02:33:25.724+0000] {logging_mixin.py:150} INFO - [2023-08-20T02:33:25.724+0000] {dagbag.py:541} INFO - Filling up the DagBag from /home/airflow/.local/lib/python3.7/site-packages/airflow/example_dags/example_sla_dag.py
[2023-08-20T02:33:25.731+0000] {processor.py:836} INFO - DAG(s) dict_keys(['example_sla_dag']) retrieved from /home/airflow/.local/lib/python3.7/site-packages/airflow/example_dags/example_sla_dag.py
[2023-08-20T02:33:25.752+0000] {logging_mixin.py:150} INFO - [2023-08-20T02:33:25.752+0000] {dag.py:2742} INFO - Sync 1 DAGs
[2023-08-20T02:33:25.787+0000] {logging_mixin.py:150} INFO - [2023-08-20T02:33:25.787+0000] {dag.py:3508} INFO - Setting next_dagrun for example_sla_dag to 2023-08-20T02:30:00+00:00, run_after=2023-08-20T02:32:00+00:00
[2023-08-20T02:33:25.825+0000] {processor.py:179} INFO - Processing /home/airflow/.local/lib/python3.7/site-packages/airflow/example_dags/example_sla_dag.py took 0.106 seconds
[2023-08-20T02:33:56.438+0000] {processor.py:157} INFO - Started process (PID=660) to work on /home/airflow/.local/lib/python3.7/site-packages/airflow/example_dags/example_sla_dag.py
[2023-08-20T02:33:56.440+0000] {processor.py:826} INFO - Processing file /home/airflow/.local/lib/python3.7/site-packages/airflow/example_dags/example_sla_dag.py for tasks to queue
[2023-08-20T02:33:56.441+0000] {logging_mixin.py:150} INFO - [2023-08-20T02:33:56.440+0000] {dagbag.py:541} INFO - Filling up the DagBag from /home/airflow/.local/lib/python3.7/site-packages/airflow/example_dags/example_sla_dag.py
[2023-08-20T02:33:56.448+0000] {processor.py:836} INFO - DAG(s) dict_keys(['example_sla_dag']) retrieved from /home/airflow/.local/lib/python3.7/site-packages/airflow/example_dags/example_sla_dag.py
[2023-08-20T02:33:56.471+0000] {logging_mixin.py:150} INFO - [2023-08-20T02:33:56.471+0000] {dag.py:2742} INFO - Sync 1 DAGs
[2023-08-20T02:33:56.502+0000] {logging_mixin.py:150} INFO - [2023-08-20T02:33:56.502+0000] {dag.py:3508} INFO - Setting next_dagrun for example_sla_dag to 2023-08-20T02:30:00+00:00, run_after=2023-08-20T02:32:00+00:00
[2023-08-20T02:33:56.608+0000] {processor.py:179} INFO - Processing /home/airflow/.local/lib/python3.7/site-packages/airflow/example_dags/example_sla_dag.py took 0.172 seconds
[2023-08-20T02:34:27.102+0000] {processor.py:157} INFO - Started process (PID=733) to work on /home/airflow/.local/lib/python3.7/site-packages/airflow/example_dags/example_sla_dag.py
[2023-08-20T02:34:27.103+0000] {processor.py:826} INFO - Processing file /home/airflow/.local/lib/python3.7/site-packages/airflow/example_dags/example_sla_dag.py for tasks to queue
[2023-08-20T02:34:27.104+0000] {logging_mixin.py:150} INFO - [2023-08-20T02:34:27.104+0000] {dagbag.py:541} INFO - Filling up the DagBag from /home/airflow/.local/lib/python3.7/site-packages/airflow/example_dags/example_sla_dag.py
[2023-08-20T02:34:27.112+0000] {processor.py:836} INFO - DAG(s) dict_keys(['example_sla_dag']) retrieved from /home/airflow/.local/lib/python3.7/site-packages/airflow/example_dags/example_sla_dag.py
[2023-08-20T02:34:27.133+0000] {logging_mixin.py:150} INFO - [2023-08-20T02:34:27.132+0000] {dag.py:2742} INFO - Sync 1 DAGs
[2023-08-20T02:34:27.164+0000] {logging_mixin.py:150} INFO - [2023-08-20T02:34:27.164+0000] {dag.py:3508} INFO - Setting next_dagrun for example_sla_dag to 2023-08-20T02:32:00+00:00, run_after=2023-08-20T02:34:00+00:00
[2023-08-20T02:34:27.203+0000] {processor.py:179} INFO - Processing /home/airflow/.local/lib/python3.7/site-packages/airflow/example_dags/example_sla_dag.py took 0.103 seconds
[2023-08-20T02:34:57.395+0000] {processor.py:157} INFO - Started process (PID=807) to work on /home/airflow/.local/lib/python3.7/site-packages/airflow/example_dags/example_sla_dag.py
[2023-08-20T02:34:57.396+0000] {processor.py:826} INFO - Processing file /home/airflow/.local/lib/python3.7/site-packages/airflow/example_dags/example_sla_dag.py for tasks to queue
[2023-08-20T02:34:57.397+0000] {logging_mixin.py:150} INFO - [2023-08-20T02:34:57.397+0000] {dagbag.py:541} INFO - Filling up the DagBag from /home/airflow/.local/lib/python3.7/site-packages/airflow/example_dags/example_sla_dag.py
[2023-08-20T02:34:57.404+0000] {processor.py:836} INFO - DAG(s) dict_keys(['example_sla_dag']) retrieved from /home/airflow/.local/lib/python3.7/site-packages/airflow/example_dags/example_sla_dag.py
[2023-08-20T02:34:57.426+0000] {logging_mixin.py:150} INFO - [2023-08-20T02:34:57.425+0000] {dag.py:2742} INFO - Sync 1 DAGs
[2023-08-20T02:34:57.456+0000] {logging_mixin.py:150} INFO - [2023-08-20T02:34:57.456+0000] {dag.py:3508} INFO - Setting next_dagrun for example_sla_dag to 2023-08-20T02:32:00+00:00, run_after=2023-08-20T02:34:00+00:00
[2023-08-20T02:34:57.493+0000] {processor.py:179} INFO - Processing /home/airflow/.local/lib/python3.7/site-packages/airflow/example_dags/example_sla_dag.py took 0.101 seconds
[2023-08-20T02:35:27.545+0000] {processor.py:157} INFO - Started process (PID=880) to work on /home/airflow/.local/lib/python3.7/site-packages/airflow/example_dags/example_sla_dag.py
[2023-08-20T02:35:27.546+0000] {processor.py:826} INFO - Processing file /home/airflow/.local/lib/python3.7/site-packages/airflow/example_dags/example_sla_dag.py for tasks to queue
[2023-08-20T02:35:27.547+0000] {logging_mixin.py:150} INFO - [2023-08-20T02:35:27.547+0000] {dagbag.py:541} INFO - Filling up the DagBag from /home/airflow/.local/lib/python3.7/site-packages/airflow/example_dags/example_sla_dag.py
[2023-08-20T02:35:27.554+0000] {processor.py:836} INFO - DAG(s) dict_keys(['example_sla_dag']) retrieved from /home/airflow/.local/lib/python3.7/site-packages/airflow/example_dags/example_sla_dag.py
[2023-08-20T02:35:27.576+0000] {logging_mixin.py:150} INFO - [2023-08-20T02:35:27.576+0000] {dag.py:2742} INFO - Sync 1 DAGs
[2023-08-20T02:35:27.607+0000] {logging_mixin.py:150} INFO - [2023-08-20T02:35:27.607+0000] {dag.py:3508} INFO - Setting next_dagrun for example_sla_dag to 2023-08-20T02:32:00+00:00, run_after=2023-08-20T02:34:00+00:00
[2023-08-20T02:35:27.643+0000] {processor.py:179} INFO - Processing /home/airflow/.local/lib/python3.7/site-packages/airflow/example_dags/example_sla_dag.py took 0.102 seconds
[2023-08-20T02:35:57.794+0000] {processor.py:157} INFO - Started process (PID=954) to work on /home/airflow/.local/lib/python3.7/site-packages/airflow/example_dags/example_sla_dag.py
[2023-08-20T02:35:57.795+0000] {processor.py:826} INFO - Processing file /home/airflow/.local/lib/python3.7/site-packages/airflow/example_dags/example_sla_dag.py for tasks to queue
[2023-08-20T02:35:57.797+0000] {logging_mixin.py:150} INFO - [2023-08-20T02:35:57.796+0000] {dagbag.py:541} INFO - Filling up the DagBag from /home/airflow/.local/lib/python3.7/site-packages/airflow/example_dags/example_sla_dag.py
[2023-08-20T02:35:57.804+0000] {processor.py:836} INFO - DAG(s) dict_keys(['example_sla_dag']) retrieved from /home/airflow/.local/lib/python3.7/site-packages/airflow/example_dags/example_sla_dag.py
[2023-08-20T02:35:57.826+0000] {logging_mixin.py:150} INFO - [2023-08-20T02:35:57.826+0000] {dag.py:2742} INFO - Sync 1 DAGs
[2023-08-20T02:35:57.863+0000] {logging_mixin.py:150} INFO - [2023-08-20T02:35:57.863+0000] {dag.py:3508} INFO - Setting next_dagrun for example_sla_dag to 2023-08-20T02:32:00+00:00, run_after=2023-08-20T02:34:00+00:00
[2023-08-20T02:35:57.900+0000] {processor.py:179} INFO - Processing /home/airflow/.local/lib/python3.7/site-packages/airflow/example_dags/example_sla_dag.py took 0.108 seconds
[2023-08-20T02:36:27.978+0000] {processor.py:157} INFO - Started process (PID=1026) to work on /home/airflow/.local/lib/python3.7/site-packages/airflow/example_dags/example_sla_dag.py
[2023-08-20T02:36:27.979+0000] {processor.py:826} INFO - Processing file /home/airflow/.local/lib/python3.7/site-packages/airflow/example_dags/example_sla_dag.py for tasks to queue
[2023-08-20T02:36:27.980+0000] {logging_mixin.py:150} INFO - [2023-08-20T02:36:27.980+0000] {dagbag.py:541} INFO - Filling up the DagBag from /home/airflow/.local/lib/python3.7/site-packages/airflow/example_dags/example_sla_dag.py
[2023-08-20T02:36:27.988+0000] {processor.py:836} INFO - DAG(s) dict_keys(['example_sla_dag']) retrieved from /home/airflow/.local/lib/python3.7/site-packages/airflow/example_dags/example_sla_dag.py
[2023-08-20T02:36:28.008+0000] {logging_mixin.py:150} INFO - [2023-08-20T02:36:28.007+0000] {dag.py:2742} INFO - Sync 1 DAGs
[2023-08-20T02:36:28.035+0000] {logging_mixin.py:150} INFO - [2023-08-20T02:36:28.035+0000] {dag.py:3508} INFO - Setting next_dagrun for example_sla_dag to 2023-08-20T02:34:00+00:00, run_after=2023-08-20T02:36:00+00:00
[2023-08-20T02:36:28.071+0000] {processor.py:179} INFO - Processing /home/airflow/.local/lib/python3.7/site-packages/airflow/example_dags/example_sla_dag.py took 0.095 seconds
[2023-08-20T02:36:59.093+0000] {processor.py:157} INFO - Started process (PID=1099) to work on /home/airflow/.local/lib/python3.7/site-packages/airflow/example_dags/example_sla_dag.py
[2023-08-20T02:36:59.094+0000] {processor.py:826} INFO - Processing file /home/airflow/.local/lib/python3.7/site-packages/airflow/example_dags/example_sla_dag.py for tasks to queue
[2023-08-20T02:36:59.095+0000] {logging_mixin.py:150} INFO - [2023-08-20T02:36:59.095+0000] {dagbag.py:541} INFO - Filling up the DagBag from /home/airflow/.local/lib/python3.7/site-packages/airflow/example_dags/example_sla_dag.py
[2023-08-20T02:36:59.102+0000] {processor.py:836} INFO - DAG(s) dict_keys(['example_sla_dag']) retrieved from /home/airflow/.local/lib/python3.7/site-packages/airflow/example_dags/example_sla_dag.py
[2023-08-20T02:36:59.121+0000] {logging_mixin.py:150} INFO - [2023-08-20T02:36:59.121+0000] {dag.py:2742} INFO - Sync 1 DAGs
[2023-08-20T02:36:59.148+0000] {logging_mixin.py:150} INFO - [2023-08-20T02:36:59.148+0000] {dag.py:3508} INFO - Setting next_dagrun for example_sla_dag to 2023-08-20T02:34:00+00:00, run_after=2023-08-20T02:36:00+00:00
[2023-08-20T02:36:59.169+0000] {processor.py:179} INFO - Processing /home/airflow/.local/lib/python3.7/site-packages/airflow/example_dags/example_sla_dag.py took 0.078 seconds
[2023-08-20T02:37:29.758+0000] {processor.py:157} INFO - Started process (PID=1172) to work on /home/airflow/.local/lib/python3.7/site-packages/airflow/example_dags/example_sla_dag.py
[2023-08-20T02:37:29.759+0000] {processor.py:826} INFO - Processing file /home/airflow/.local/lib/python3.7/site-packages/airflow/example_dags/example_sla_dag.py for tasks to queue
[2023-08-20T02:37:29.760+0000] {logging_mixin.py:150} INFO - [2023-08-20T02:37:29.759+0000] {dagbag.py:541} INFO - Filling up the DagBag from /home/airflow/.local/lib/python3.7/site-packages/airflow/example_dags/example_sla_dag.py
[2023-08-20T02:37:29.767+0000] {processor.py:836} INFO - DAG(s) dict_keys(['example_sla_dag']) retrieved from /home/airflow/.local/lib/python3.7/site-packages/airflow/example_dags/example_sla_dag.py
[2023-08-20T02:37:29.787+0000] {logging_mixin.py:150} INFO - [2023-08-20T02:37:29.787+0000] {dag.py:2742} INFO - Sync 1 DAGs
[2023-08-20T02:37:29.815+0000] {logging_mixin.py:150} INFO - [2023-08-20T02:37:29.815+0000] {dag.py:3508} INFO - Setting next_dagrun for example_sla_dag to 2023-08-20T02:34:00+00:00, run_after=2023-08-20T02:36:00+00:00
[2023-08-20T02:37:29.854+0000] {processor.py:179} INFO - Processing /home/airflow/.local/lib/python3.7/site-packages/airflow/example_dags/example_sla_dag.py took 0.099 seconds
[2023-08-20T02:38:00.247+0000] {processor.py:157} INFO - Started process (PID=1245) to work on /home/airflow/.local/lib/python3.7/site-packages/airflow/example_dags/example_sla_dag.py
[2023-08-20T02:38:00.248+0000] {processor.py:826} INFO - Processing file /home/airflow/.local/lib/python3.7/site-packages/airflow/example_dags/example_sla_dag.py for tasks to queue
[2023-08-20T02:38:00.249+0000] {logging_mixin.py:150} INFO - [2023-08-20T02:38:00.249+0000] {dagbag.py:541} INFO - Filling up the DagBag from /home/airflow/.local/lib/python3.7/site-packages/airflow/example_dags/example_sla_dag.py
[2023-08-20T02:38:00.256+0000] {processor.py:836} INFO - DAG(s) dict_keys(['example_sla_dag']) retrieved from /home/airflow/.local/lib/python3.7/site-packages/airflow/example_dags/example_sla_dag.py
[2023-08-20T02:38:00.277+0000] {logging_mixin.py:150} INFO - [2023-08-20T02:38:00.277+0000] {dag.py:2742} INFO - Sync 1 DAGs
[2023-08-20T02:38:00.307+0000] {logging_mixin.py:150} INFO - [2023-08-20T02:38:00.307+0000] {dag.py:3508} INFO - Setting next_dagrun for example_sla_dag to 2023-08-20T02:36:00+00:00, run_after=2023-08-20T02:38:00+00:00
[2023-08-20T02:38:00.347+0000] {processor.py:179} INFO - Processing /home/airflow/.local/lib/python3.7/site-packages/airflow/example_dags/example_sla_dag.py took 0.102 seconds
[2023-08-20T02:38:30.689+0000] {processor.py:157} INFO - Started process (PID=1319) to work on /home/airflow/.local/lib/python3.7/site-packages/airflow/example_dags/example_sla_dag.py
[2023-08-20T02:38:30.690+0000] {processor.py:826} INFO - Processing file /home/airflow/.local/lib/python3.7/site-packages/airflow/example_dags/example_sla_dag.py for tasks to queue
[2023-08-20T02:38:30.691+0000] {logging_mixin.py:150} INFO - [2023-08-20T02:38:30.691+0000] {dagbag.py:541} INFO - Filling up the DagBag from /home/airflow/.local/lib/python3.7/site-packages/airflow/example_dags/example_sla_dag.py
[2023-08-20T02:38:30.699+0000] {processor.py:836} INFO - DAG(s) dict_keys(['example_sla_dag']) retrieved from /home/airflow/.local/lib/python3.7/site-packages/airflow/example_dags/example_sla_dag.py
[2023-08-20T02:38:30.719+0000] {logging_mixin.py:150} INFO - [2023-08-20T02:38:30.719+0000] {dag.py:2742} INFO - Sync 1 DAGs
[2023-08-20T02:38:30.747+0000] {logging_mixin.py:150} INFO - [2023-08-20T02:38:30.747+0000] {dag.py:3508} INFO - Setting next_dagrun for example_sla_dag to 2023-08-20T02:36:00+00:00, run_after=2023-08-20T02:38:00+00:00
[2023-08-20T02:38:30.783+0000] {processor.py:179} INFO - Processing /home/airflow/.local/lib/python3.7/site-packages/airflow/example_dags/example_sla_dag.py took 0.096 seconds
[2023-08-20T02:39:01.093+0000] {processor.py:157} INFO - Started process (PID=1391) to work on /home/airflow/.local/lib/python3.7/site-packages/airflow/example_dags/example_sla_dag.py
[2023-08-20T02:39:01.094+0000] {processor.py:826} INFO - Processing file /home/airflow/.local/lib/python3.7/site-packages/airflow/example_dags/example_sla_dag.py for tasks to queue
[2023-08-20T02:39:01.095+0000] {logging_mixin.py:150} INFO - [2023-08-20T02:39:01.095+0000] {dagbag.py:541} INFO - Filling up the DagBag from /home/airflow/.local/lib/python3.7/site-packages/airflow/example_dags/example_sla_dag.py
[2023-08-20T02:39:01.103+0000] {processor.py:836} INFO - DAG(s) dict_keys(['example_sla_dag']) retrieved from /home/airflow/.local/lib/python3.7/site-packages/airflow/example_dags/example_sla_dag.py
[2023-08-20T02:39:01.127+0000] {logging_mixin.py:150} INFO - [2023-08-20T02:39:01.127+0000] {dag.py:2742} INFO - Sync 1 DAGs
[2023-08-20T02:39:01.159+0000] {logging_mixin.py:150} INFO - [2023-08-20T02:39:01.158+0000] {dag.py:3508} INFO - Setting next_dagrun for example_sla_dag to 2023-08-20T02:36:00+00:00, run_after=2023-08-20T02:38:00+00:00
[2023-08-20T02:39:01.198+0000] {processor.py:179} INFO - Processing /home/airflow/.local/lib/python3.7/site-packages/airflow/example_dags/example_sla_dag.py took 0.107 seconds
[2023-08-20T02:39:31.343+0000] {processor.py:157} INFO - Started process (PID=1465) to work on /home/airflow/.local/lib/python3.7/site-packages/airflow/example_dags/example_sla_dag.py
[2023-08-20T02:39:31.344+0000] {processor.py:826} INFO - Processing file /home/airflow/.local/lib/python3.7/site-packages/airflow/example_dags/example_sla_dag.py for tasks to queue
[2023-08-20T02:39:31.345+0000] {logging_mixin.py:150} INFO - [2023-08-20T02:39:31.345+0000] {dagbag.py:541} INFO - Filling up the DagBag from /home/airflow/.local/lib/python3.7/site-packages/airflow/example_dags/example_sla_dag.py
[2023-08-20T02:39:31.352+0000] {processor.py:836} INFO - DAG(s) dict_keys(['example_sla_dag']) retrieved from /home/airflow/.local/lib/python3.7/site-packages/airflow/example_dags/example_sla_dag.py
[2023-08-20T02:39:31.374+0000] {logging_mixin.py:150} INFO - [2023-08-20T02:39:31.374+0000] {dag.py:2742} INFO - Sync 1 DAGs
[2023-08-20T02:39:31.401+0000] {logging_mixin.py:150} INFO - [2023-08-20T02:39:31.401+0000] {dag.py:3508} INFO - Setting next_dagrun for example_sla_dag to 2023-08-20T02:36:00+00:00, run_after=2023-08-20T02:38:00+00:00
[2023-08-20T02:39:31.493+0000] {processor.py:179} INFO - Processing /home/airflow/.local/lib/python3.7/site-packages/airflow/example_dags/example_sla_dag.py took 0.153 seconds
[2023-08-20T02:40:01.995+0000] {processor.py:157} INFO - Started process (PID=1537) to work on /home/airflow/.local/lib/python3.7/site-packages/airflow/example_dags/example_sla_dag.py
[2023-08-20T02:40:01.996+0000] {processor.py:826} INFO - Processing file /home/airflow/.local/lib/python3.7/site-packages/airflow/example_dags/example_sla_dag.py for tasks to queue
[2023-08-20T02:40:01.997+0000] {logging_mixin.py:150} INFO - [2023-08-20T02:40:01.997+0000] {dagbag.py:541} INFO - Filling up the DagBag from /home/airflow/.local/lib/python3.7/site-packages/airflow/example_dags/example_sla_dag.py
[2023-08-20T02:40:02.007+0000] {processor.py:836} INFO - DAG(s) dict_keys(['example_sla_dag']) retrieved from /home/airflow/.local/lib/python3.7/site-packages/airflow/example_dags/example_sla_dag.py
[2023-08-20T02:40:02.027+0000] {logging_mixin.py:150} INFO - [2023-08-20T02:40:02.027+0000] {dag.py:2742} INFO - Sync 1 DAGs
[2023-08-20T02:40:02.058+0000] {logging_mixin.py:150} INFO - [2023-08-20T02:40:02.057+0000] {dag.py:3508} INFO - Setting next_dagrun for example_sla_dag to 2023-08-20T02:38:00+00:00, run_after=2023-08-20T02:40:00+00:00
[2023-08-20T02:40:02.096+0000] {processor.py:179} INFO - Processing /home/airflow/.local/lib/python3.7/site-packages/airflow/example_dags/example_sla_dag.py took 0.103 seconds
[2023-08-20T02:40:32.476+0000] {processor.py:157} INFO - Started process (PID=1610) to work on /home/airflow/.local/lib/python3.7/site-packages/airflow/example_dags/example_sla_dag.py
[2023-08-20T02:40:32.477+0000] {processor.py:826} INFO - Processing file /home/airflow/.local/lib/python3.7/site-packages/airflow/example_dags/example_sla_dag.py for tasks to queue
[2023-08-20T02:40:32.478+0000] {logging_mixin.py:150} INFO - [2023-08-20T02:40:32.478+0000] {dagbag.py:541} INFO - Filling up the DagBag from /home/airflow/.local/lib/python3.7/site-packages/airflow/example_dags/example_sla_dag.py
[2023-08-20T02:40:32.485+0000] {processor.py:836} INFO - DAG(s) dict_keys(['example_sla_dag']) retrieved from /home/airflow/.local/lib/python3.7/site-packages/airflow/example_dags/example_sla_dag.py
[2023-08-20T02:40:32.505+0000] {logging_mixin.py:150} INFO - [2023-08-20T02:40:32.505+0000] {dag.py:2742} INFO - Sync 1 DAGs
[2023-08-20T02:40:32.533+0000] {logging_mixin.py:150} INFO - [2023-08-20T02:40:32.533+0000] {dag.py:3508} INFO - Setting next_dagrun for example_sla_dag to 2023-08-20T02:38:00+00:00, run_after=2023-08-20T02:40:00+00:00
[2023-08-20T02:40:32.604+0000] {processor.py:179} INFO - Processing /home/airflow/.local/lib/python3.7/site-packages/airflow/example_dags/example_sla_dag.py took 0.130 seconds
[2023-08-20T02:41:03.108+0000] {processor.py:157} INFO - Started process (PID=1684) to work on /home/airflow/.local/lib/python3.7/site-packages/airflow/example_dags/example_sla_dag.py
[2023-08-20T02:41:03.109+0000] {processor.py:826} INFO - Processing file /home/airflow/.local/lib/python3.7/site-packages/airflow/example_dags/example_sla_dag.py for tasks to queue
[2023-08-20T02:41:03.110+0000] {logging_mixin.py:150} INFO - [2023-08-20T02:41:03.109+0000] {dagbag.py:541} INFO - Filling up the DagBag from /home/airflow/.local/lib/python3.7/site-packages/airflow/example_dags/example_sla_dag.py
[2023-08-20T02:41:03.117+0000] {processor.py:836} INFO - DAG(s) dict_keys(['example_sla_dag']) retrieved from /home/airflow/.local/lib/python3.7/site-packages/airflow/example_dags/example_sla_dag.py
[2023-08-20T02:41:03.139+0000] {logging_mixin.py:150} INFO - [2023-08-20T02:41:03.139+0000] {dag.py:2742} INFO - Sync 1 DAGs
[2023-08-20T02:41:03.172+0000] {logging_mixin.py:150} INFO - [2023-08-20T02:41:03.172+0000] {dag.py:3508} INFO - Setting next_dagrun for example_sla_dag to 2023-08-20T02:38:00+00:00, run_after=2023-08-20T02:40:00+00:00
[2023-08-20T02:41:03.212+0000] {processor.py:179} INFO - Processing /home/airflow/.local/lib/python3.7/site-packages/airflow/example_dags/example_sla_dag.py took 0.107 seconds
[2023-08-20T02:41:33.419+0000] {processor.py:157} INFO - Started process (PID=1757) to work on /home/airflow/.local/lib/python3.7/site-packages/airflow/example_dags/example_sla_dag.py
[2023-08-20T02:41:33.421+0000] {processor.py:826} INFO - Processing file /home/airflow/.local/lib/python3.7/site-packages/airflow/example_dags/example_sla_dag.py for tasks to queue
[2023-08-20T02:41:33.422+0000] {logging_mixin.py:150} INFO - [2023-08-20T02:41:33.421+0000] {dagbag.py:541} INFO - Filling up the DagBag from /home/airflow/.local/lib/python3.7/site-packages/airflow/example_dags/example_sla_dag.py
[2023-08-20T02:41:33.428+0000] {processor.py:836} INFO - DAG(s) dict_keys(['example_sla_dag']) retrieved from /home/airflow/.local/lib/python3.7/site-packages/airflow/example_dags/example_sla_dag.py
[2023-08-20T02:41:33.448+0000] {logging_mixin.py:150} INFO - [2023-08-20T02:41:33.448+0000] {dag.py:2742} INFO - Sync 1 DAGs
[2023-08-20T02:41:33.476+0000] {logging_mixin.py:150} INFO - [2023-08-20T02:41:33.475+0000] {dag.py:3508} INFO - Setting next_dagrun for example_sla_dag to 2023-08-20T02:38:00+00:00, run_after=2023-08-20T02:40:00+00:00
[2023-08-20T02:41:33.522+0000] {processor.py:179} INFO - Processing /home/airflow/.local/lib/python3.7/site-packages/airflow/example_dags/example_sla_dag.py took 0.105 seconds
[2023-08-20T02:42:03.679+0000] {processor.py:157} INFO - Started process (PID=1830) to work on /home/airflow/.local/lib/python3.7/site-packages/airflow/example_dags/example_sla_dag.py
[2023-08-20T02:42:03.681+0000] {processor.py:826} INFO - Processing file /home/airflow/.local/lib/python3.7/site-packages/airflow/example_dags/example_sla_dag.py for tasks to queue
[2023-08-20T02:42:03.682+0000] {logging_mixin.py:150} INFO - [2023-08-20T02:42:03.682+0000] {dagbag.py:541} INFO - Filling up the DagBag from /home/airflow/.local/lib/python3.7/site-packages/airflow/example_dags/example_sla_dag.py
[2023-08-20T02:42:03.688+0000] {processor.py:836} INFO - DAG(s) dict_keys(['example_sla_dag']) retrieved from /home/airflow/.local/lib/python3.7/site-packages/airflow/example_dags/example_sla_dag.py
[2023-08-20T02:42:03.707+0000] {logging_mixin.py:150} INFO - [2023-08-20T02:42:03.707+0000] {dag.py:2742} INFO - Sync 1 DAGs
[2023-08-20T02:42:03.733+0000] {logging_mixin.py:150} INFO - [2023-08-20T02:42:03.733+0000] {dag.py:3508} INFO - Setting next_dagrun for example_sla_dag to 2023-08-20T02:40:00+00:00, run_after=2023-08-20T02:42:00+00:00
[2023-08-20T02:42:03.769+0000] {processor.py:179} INFO - Processing /home/airflow/.local/lib/python3.7/site-packages/airflow/example_dags/example_sla_dag.py took 0.093 seconds
[2023-08-20T02:42:34.164+0000] {processor.py:157} INFO - Started process (PID=1903) to work on /home/airflow/.local/lib/python3.7/site-packages/airflow/example_dags/example_sla_dag.py
[2023-08-20T02:42:34.165+0000] {processor.py:826} INFO - Processing file /home/airflow/.local/lib/python3.7/site-packages/airflow/example_dags/example_sla_dag.py for tasks to queue
[2023-08-20T02:42:34.166+0000] {logging_mixin.py:150} INFO - [2023-08-20T02:42:34.166+0000] {dagbag.py:541} INFO - Filling up the DagBag from /home/airflow/.local/lib/python3.7/site-packages/airflow/example_dags/example_sla_dag.py
[2023-08-20T02:42:34.173+0000] {processor.py:836} INFO - DAG(s) dict_keys(['example_sla_dag']) retrieved from /home/airflow/.local/lib/python3.7/site-packages/airflow/example_dags/example_sla_dag.py
[2023-08-20T02:42:34.198+0000] {logging_mixin.py:150} INFO - [2023-08-20T02:42:34.197+0000] {dag.py:2742} INFO - Sync 1 DAGs
[2023-08-20T02:42:34.234+0000] {logging_mixin.py:150} INFO - [2023-08-20T02:42:34.234+0000] {dag.py:3508} INFO - Setting next_dagrun for example_sla_dag to 2023-08-20T02:40:00+00:00, run_after=2023-08-20T02:42:00+00:00
[2023-08-20T02:42:34.272+0000] {processor.py:179} INFO - Processing /home/airflow/.local/lib/python3.7/site-packages/airflow/example_dags/example_sla_dag.py took 0.111 seconds
[2023-08-20T02:43:04.742+0000] {processor.py:157} INFO - Started process (PID=1976) to work on /home/airflow/.local/lib/python3.7/site-packages/airflow/example_dags/example_sla_dag.py
[2023-08-20T02:43:04.743+0000] {processor.py:826} INFO - Processing file /home/airflow/.local/lib/python3.7/site-packages/airflow/example_dags/example_sla_dag.py for tasks to queue
[2023-08-20T02:43:04.744+0000] {logging_mixin.py:150} INFO - [2023-08-20T02:43:04.744+0000] {dagbag.py:541} INFO - Filling up the DagBag from /home/airflow/.local/lib/python3.7/site-packages/airflow/example_dags/example_sla_dag.py
[2023-08-20T02:43:04.752+0000] {processor.py:836} INFO - DAG(s) dict_keys(['example_sla_dag']) retrieved from /home/airflow/.local/lib/python3.7/site-packages/airflow/example_dags/example_sla_dag.py
[2023-08-20T02:43:04.774+0000] {logging_mixin.py:150} INFO - [2023-08-20T02:43:04.774+0000] {dag.py:2742} INFO - Sync 1 DAGs
[2023-08-20T02:43:04.804+0000] {logging_mixin.py:150} INFO - [2023-08-20T02:43:04.804+0000] {dag.py:3508} INFO - Setting next_dagrun for example_sla_dag to 2023-08-20T02:40:00+00:00, run_after=2023-08-20T02:42:00+00:00
[2023-08-20T02:43:04.844+0000] {processor.py:179} INFO - Processing /home/airflow/.local/lib/python3.7/site-packages/airflow/example_dags/example_sla_dag.py took 0.104 seconds
