[2023-08-20T02:29:49.690+0000] {processor.py:157} INFO - Started process (PID=64) to work on /home/airflow/.local/lib/python3.7/site-packages/airflow/example_dags/example_datasets.py
[2023-08-20T02:29:49.691+0000] {processor.py:826} INFO - Processing file /home/airflow/.local/lib/python3.7/site-packages/airflow/example_dags/example_datasets.py for tasks to queue
[2023-08-20T02:29:49.693+0000] {logging_mixin.py:150} INFO - [2023-08-20T02:29:49.692+0000] {dagbag.py:541} INFO - Filling up the DagBag from /home/airflow/.local/lib/python3.7/site-packages/airflow/example_dags/example_datasets.py
[2023-08-20T02:29:49.705+0000] {processor.py:836} INFO - DAG(s) dict_keys(['dataset_consumes_1', 'dataset_consumes_unknown_never_scheduled', 'dataset_consumes_1_never_scheduled', 'dataset_produces_1', 'dataset_consumes_1_and_2', 'dataset_produces_2']) retrieved from /home/airflow/.local/lib/python3.7/site-packages/airflow/example_dags/example_datasets.py
[2023-08-20T02:29:49.722+0000] {logging_mixin.py:150} INFO - [2023-08-20T02:29:49.722+0000] {dag.py:2742} INFO - Sync 6 DAGs
[2023-08-20T02:29:49.760+0000] {logging_mixin.py:150} INFO - [2023-08-20T02:29:49.760+0000] {dag.py:3508} INFO - Setting next_dagrun for dataset_consumes_1 to None, run_after=None
[2023-08-20T02:29:49.764+0000] {logging_mixin.py:150} INFO - [2023-08-20T02:29:49.764+0000] {dag.py:3508} INFO - Setting next_dagrun for dataset_consumes_1_and_2 to None, run_after=None
[2023-08-20T02:29:49.766+0000] {logging_mixin.py:150} INFO - [2023-08-20T02:29:49.766+0000] {dag.py:3508} INFO - Setting next_dagrun for dataset_consumes_1_never_scheduled to None, run_after=None
[2023-08-20T02:29:49.768+0000] {logging_mixin.py:150} INFO - [2023-08-20T02:29:49.768+0000] {dag.py:3508} INFO - Setting next_dagrun for dataset_consumes_unknown_never_scheduled to None, run_after=None
[2023-08-20T02:29:49.771+0000] {logging_mixin.py:150} INFO - [2023-08-20T02:29:49.771+0000] {dag.py:3508} INFO - Setting next_dagrun for dataset_produces_1 to 2023-08-19T00:00:00+00:00, run_after=2023-08-20T00:00:00+00:00
[2023-08-20T02:29:49.772+0000] {logging_mixin.py:150} INFO - [2023-08-20T02:29:49.772+0000] {dag.py:3508} INFO - Setting next_dagrun for dataset_produces_2 to None, run_after=None
[2023-08-20T02:29:49.826+0000] {processor.py:179} INFO - Processing /home/airflow/.local/lib/python3.7/site-packages/airflow/example_dags/example_datasets.py took 0.139 seconds
[2023-08-20T02:30:20.952+0000] {processor.py:157} INFO - Started process (PID=137) to work on /home/airflow/.local/lib/python3.7/site-packages/airflow/example_dags/example_datasets.py
[2023-08-20T02:30:20.953+0000] {processor.py:826} INFO - Processing file /home/airflow/.local/lib/python3.7/site-packages/airflow/example_dags/example_datasets.py for tasks to queue
[2023-08-20T02:30:20.954+0000] {logging_mixin.py:150} INFO - [2023-08-20T02:30:20.954+0000] {dagbag.py:541} INFO - Filling up the DagBag from /home/airflow/.local/lib/python3.7/site-packages/airflow/example_dags/example_datasets.py
[2023-08-20T02:30:20.964+0000] {processor.py:836} INFO - DAG(s) dict_keys(['dataset_consumes_1_never_scheduled', 'dataset_produces_2', 'dataset_consumes_1_and_2', 'dataset_produces_1', 'dataset_consumes_1', 'dataset_consumes_unknown_never_scheduled']) retrieved from /home/airflow/.local/lib/python3.7/site-packages/airflow/example_dags/example_datasets.py
[2023-08-20T02:30:21.006+0000] {logging_mixin.py:150} INFO - [2023-08-20T02:30:21.006+0000] {dag.py:2742} INFO - Sync 6 DAGs
[2023-08-20T02:30:21.034+0000] {logging_mixin.py:150} INFO - [2023-08-20T02:30:21.033+0000] {dag.py:3508} INFO - Setting next_dagrun for dataset_consumes_1 to None, run_after=None
[2023-08-20T02:30:21.037+0000] {logging_mixin.py:150} INFO - [2023-08-20T02:30:21.037+0000] {dag.py:3508} INFO - Setting next_dagrun for dataset_consumes_1_and_2 to None, run_after=None
[2023-08-20T02:30:21.039+0000] {logging_mixin.py:150} INFO - [2023-08-20T02:30:21.039+0000] {dag.py:3508} INFO - Setting next_dagrun for dataset_consumes_1_never_scheduled to None, run_after=None
[2023-08-20T02:30:21.041+0000] {logging_mixin.py:150} INFO - [2023-08-20T02:30:21.041+0000] {dag.py:3508} INFO - Setting next_dagrun for dataset_consumes_unknown_never_scheduled to None, run_after=None
[2023-08-20T02:30:21.045+0000] {logging_mixin.py:150} INFO - [2023-08-20T02:30:21.044+0000] {dag.py:3508} INFO - Setting next_dagrun for dataset_produces_1 to 2023-08-19T00:00:00+00:00, run_after=2023-08-20T00:00:00+00:00
[2023-08-20T02:30:21.046+0000] {logging_mixin.py:150} INFO - [2023-08-20T02:30:21.046+0000] {dag.py:3508} INFO - Setting next_dagrun for dataset_produces_2 to None, run_after=None
[2023-08-20T02:30:21.135+0000] {processor.py:179} INFO - Processing /home/airflow/.local/lib/python3.7/site-packages/airflow/example_dags/example_datasets.py took 0.186 seconds
[2023-08-20T02:30:51.328+0000] {processor.py:157} INFO - Started process (PID=210) to work on /home/airflow/.local/lib/python3.7/site-packages/airflow/example_dags/example_datasets.py
[2023-08-20T02:30:51.329+0000] {processor.py:826} INFO - Processing file /home/airflow/.local/lib/python3.7/site-packages/airflow/example_dags/example_datasets.py for tasks to queue
[2023-08-20T02:30:51.330+0000] {logging_mixin.py:150} INFO - [2023-08-20T02:30:51.330+0000] {dagbag.py:541} INFO - Filling up the DagBag from /home/airflow/.local/lib/python3.7/site-packages/airflow/example_dags/example_datasets.py
[2023-08-20T02:30:51.339+0000] {processor.py:836} INFO - DAG(s) dict_keys(['dataset_produces_1', 'dataset_consumes_1', 'dataset_consumes_unknown_never_scheduled', 'dataset_consumes_1_never_scheduled', 'dataset_consumes_1_and_2', 'dataset_produces_2']) retrieved from /home/airflow/.local/lib/python3.7/site-packages/airflow/example_dags/example_datasets.py
[2023-08-20T02:30:51.377+0000] {logging_mixin.py:150} INFO - [2023-08-20T02:30:51.377+0000] {dag.py:2742} INFO - Sync 6 DAGs
[2023-08-20T02:30:51.404+0000] {logging_mixin.py:150} INFO - [2023-08-20T02:30:51.403+0000] {dag.py:3508} INFO - Setting next_dagrun for dataset_consumes_1 to None, run_after=None
[2023-08-20T02:30:51.407+0000] {logging_mixin.py:150} INFO - [2023-08-20T02:30:51.407+0000] {dag.py:3508} INFO - Setting next_dagrun for dataset_consumes_1_and_2 to None, run_after=None
[2023-08-20T02:30:51.408+0000] {logging_mixin.py:150} INFO - [2023-08-20T02:30:51.408+0000] {dag.py:3508} INFO - Setting next_dagrun for dataset_consumes_1_never_scheduled to None, run_after=None
[2023-08-20T02:30:51.410+0000] {logging_mixin.py:150} INFO - [2023-08-20T02:30:51.410+0000] {dag.py:3508} INFO - Setting next_dagrun for dataset_consumes_unknown_never_scheduled to None, run_after=None
[2023-08-20T02:30:51.412+0000] {logging_mixin.py:150} INFO - [2023-08-20T02:30:51.412+0000] {dag.py:3508} INFO - Setting next_dagrun for dataset_produces_1 to 2023-08-19T00:00:00+00:00, run_after=2023-08-20T00:00:00+00:00
[2023-08-20T02:30:51.414+0000] {logging_mixin.py:150} INFO - [2023-08-20T02:30:51.413+0000] {dag.py:3508} INFO - Setting next_dagrun for dataset_produces_2 to None, run_after=None
[2023-08-20T02:30:51.463+0000] {processor.py:179} INFO - Processing /home/airflow/.local/lib/python3.7/site-packages/airflow/example_dags/example_datasets.py took 0.137 seconds
[2023-08-20T02:31:21.537+0000] {processor.py:157} INFO - Started process (PID=283) to work on /home/airflow/.local/lib/python3.7/site-packages/airflow/example_dags/example_datasets.py
[2023-08-20T02:31:21.538+0000] {processor.py:826} INFO - Processing file /home/airflow/.local/lib/python3.7/site-packages/airflow/example_dags/example_datasets.py for tasks to queue
[2023-08-20T02:31:21.538+0000] {logging_mixin.py:150} INFO - [2023-08-20T02:31:21.538+0000] {dagbag.py:541} INFO - Filling up the DagBag from /home/airflow/.local/lib/python3.7/site-packages/airflow/example_dags/example_datasets.py
[2023-08-20T02:31:21.546+0000] {processor.py:836} INFO - DAG(s) dict_keys(['dataset_consumes_1_never_scheduled', 'dataset_produces_1', 'dataset_consumes_1_and_2', 'dataset_consumes_unknown_never_scheduled', 'dataset_produces_2', 'dataset_consumes_1']) retrieved from /home/airflow/.local/lib/python3.7/site-packages/airflow/example_dags/example_datasets.py
[2023-08-20T02:31:21.581+0000] {logging_mixin.py:150} INFO - [2023-08-20T02:31:21.581+0000] {dag.py:2742} INFO - Sync 6 DAGs
[2023-08-20T02:31:21.605+0000] {logging_mixin.py:150} INFO - [2023-08-20T02:31:21.605+0000] {dag.py:3508} INFO - Setting next_dagrun for dataset_consumes_1 to None, run_after=None
[2023-08-20T02:31:21.608+0000] {logging_mixin.py:150} INFO - [2023-08-20T02:31:21.608+0000] {dag.py:3508} INFO - Setting next_dagrun for dataset_consumes_1_and_2 to None, run_after=None
[2023-08-20T02:31:21.610+0000] {logging_mixin.py:150} INFO - [2023-08-20T02:31:21.610+0000] {dag.py:3508} INFO - Setting next_dagrun for dataset_consumes_1_never_scheduled to None, run_after=None
[2023-08-20T02:31:21.611+0000] {logging_mixin.py:150} INFO - [2023-08-20T02:31:21.611+0000] {dag.py:3508} INFO - Setting next_dagrun for dataset_consumes_unknown_never_scheduled to None, run_after=None
[2023-08-20T02:31:21.614+0000] {logging_mixin.py:150} INFO - [2023-08-20T02:31:21.614+0000] {dag.py:3508} INFO - Setting next_dagrun for dataset_produces_1 to 2023-08-19T00:00:00+00:00, run_after=2023-08-20T00:00:00+00:00
[2023-08-20T02:31:21.616+0000] {logging_mixin.py:150} INFO - [2023-08-20T02:31:21.616+0000] {dag.py:3508} INFO - Setting next_dagrun for dataset_produces_2 to None, run_after=None
[2023-08-20T02:31:21.665+0000] {processor.py:179} INFO - Processing /home/airflow/.local/lib/python3.7/site-packages/airflow/example_dags/example_datasets.py took 0.131 seconds
[2023-08-20T02:31:51.912+0000] {processor.py:157} INFO - Started process (PID=356) to work on /home/airflow/.local/lib/python3.7/site-packages/airflow/example_dags/example_datasets.py
[2023-08-20T02:31:51.913+0000] {processor.py:826} INFO - Processing file /home/airflow/.local/lib/python3.7/site-packages/airflow/example_dags/example_datasets.py for tasks to queue
[2023-08-20T02:31:51.913+0000] {logging_mixin.py:150} INFO - [2023-08-20T02:31:51.913+0000] {dagbag.py:541} INFO - Filling up the DagBag from /home/airflow/.local/lib/python3.7/site-packages/airflow/example_dags/example_datasets.py
[2023-08-20T02:31:51.921+0000] {processor.py:836} INFO - DAG(s) dict_keys(['dataset_produces_1', 'dataset_consumes_1', 'dataset_consumes_unknown_never_scheduled', 'dataset_consumes_1_and_2', 'dataset_produces_2', 'dataset_consumes_1_never_scheduled']) retrieved from /home/airflow/.local/lib/python3.7/site-packages/airflow/example_dags/example_datasets.py
[2023-08-20T02:31:51.957+0000] {logging_mixin.py:150} INFO - [2023-08-20T02:31:51.957+0000] {dag.py:2742} INFO - Sync 6 DAGs
[2023-08-20T02:31:51.989+0000] {logging_mixin.py:150} INFO - [2023-08-20T02:31:51.989+0000] {dag.py:3508} INFO - Setting next_dagrun for dataset_consumes_1 to None, run_after=None
[2023-08-20T02:31:51.995+0000] {logging_mixin.py:150} INFO - [2023-08-20T02:31:51.995+0000] {dag.py:3508} INFO - Setting next_dagrun for dataset_consumes_1_and_2 to None, run_after=None
[2023-08-20T02:31:51.998+0000] {logging_mixin.py:150} INFO - [2023-08-20T02:31:51.997+0000] {dag.py:3508} INFO - Setting next_dagrun for dataset_consumes_1_never_scheduled to None, run_after=None
[2023-08-20T02:31:52.000+0000] {logging_mixin.py:150} INFO - [2023-08-20T02:31:52.000+0000] {dag.py:3508} INFO - Setting next_dagrun for dataset_consumes_unknown_never_scheduled to None, run_after=None
[2023-08-20T02:31:52.004+0000] {logging_mixin.py:150} INFO - [2023-08-20T02:31:52.004+0000] {dag.py:3508} INFO - Setting next_dagrun for dataset_produces_1 to 2023-08-19T00:00:00+00:00, run_after=2023-08-20T00:00:00+00:00
[2023-08-20T02:31:52.007+0000] {logging_mixin.py:150} INFO - [2023-08-20T02:31:52.007+0000] {dag.py:3508} INFO - Setting next_dagrun for dataset_produces_2 to None, run_after=None
[2023-08-20T02:31:52.090+0000] {processor.py:179} INFO - Processing /home/airflow/.local/lib/python3.7/site-packages/airflow/example_dags/example_datasets.py took 0.181 seconds
[2023-08-20T02:32:23.284+0000] {processor.py:157} INFO - Started process (PID=429) to work on /home/airflow/.local/lib/python3.7/site-packages/airflow/example_dags/example_datasets.py
[2023-08-20T02:32:23.285+0000] {processor.py:826} INFO - Processing file /home/airflow/.local/lib/python3.7/site-packages/airflow/example_dags/example_datasets.py for tasks to queue
[2023-08-20T02:32:23.287+0000] {logging_mixin.py:150} INFO - [2023-08-20T02:32:23.286+0000] {dagbag.py:541} INFO - Filling up the DagBag from /home/airflow/.local/lib/python3.7/site-packages/airflow/example_dags/example_datasets.py
[2023-08-20T02:32:23.295+0000] {processor.py:836} INFO - DAG(s) dict_keys(['dataset_produces_1', 'dataset_consumes_1', 'dataset_consumes_1_and_2', 'dataset_consumes_unknown_never_scheduled', 'dataset_consumes_1_never_scheduled', 'dataset_produces_2']) retrieved from /home/airflow/.local/lib/python3.7/site-packages/airflow/example_dags/example_datasets.py
[2023-08-20T02:32:23.333+0000] {logging_mixin.py:150} INFO - [2023-08-20T02:32:23.333+0000] {dag.py:2742} INFO - Sync 6 DAGs
[2023-08-20T02:32:23.360+0000] {logging_mixin.py:150} INFO - [2023-08-20T02:32:23.360+0000] {dag.py:3508} INFO - Setting next_dagrun for dataset_consumes_1 to None, run_after=None
[2023-08-20T02:32:23.363+0000] {logging_mixin.py:150} INFO - [2023-08-20T02:32:23.363+0000] {dag.py:3508} INFO - Setting next_dagrun for dataset_consumes_1_and_2 to None, run_after=None
[2023-08-20T02:32:23.364+0000] {logging_mixin.py:150} INFO - [2023-08-20T02:32:23.364+0000] {dag.py:3508} INFO - Setting next_dagrun for dataset_consumes_1_never_scheduled to None, run_after=None
[2023-08-20T02:32:23.366+0000] {logging_mixin.py:150} INFO - [2023-08-20T02:32:23.366+0000] {dag.py:3508} INFO - Setting next_dagrun for dataset_consumes_unknown_never_scheduled to None, run_after=None
[2023-08-20T02:32:23.369+0000] {logging_mixin.py:150} INFO - [2023-08-20T02:32:23.369+0000] {dag.py:3508} INFO - Setting next_dagrun for dataset_produces_1 to 2023-08-19T00:00:00+00:00, run_after=2023-08-20T00:00:00+00:00
[2023-08-20T02:32:23.370+0000] {logging_mixin.py:150} INFO - [2023-08-20T02:32:23.370+0000] {dag.py:3508} INFO - Setting next_dagrun for dataset_produces_2 to None, run_after=None
[2023-08-20T02:32:23.490+0000] {processor.py:179} INFO - Processing /home/airflow/.local/lib/python3.7/site-packages/airflow/example_dags/example_datasets.py took 0.208 seconds
[2023-08-20T02:32:53.658+0000] {processor.py:157} INFO - Started process (PID=502) to work on /home/airflow/.local/lib/python3.7/site-packages/airflow/example_dags/example_datasets.py
[2023-08-20T02:32:53.659+0000] {processor.py:826} INFO - Processing file /home/airflow/.local/lib/python3.7/site-packages/airflow/example_dags/example_datasets.py for tasks to queue
[2023-08-20T02:32:53.660+0000] {logging_mixin.py:150} INFO - [2023-08-20T02:32:53.660+0000] {dagbag.py:541} INFO - Filling up the DagBag from /home/airflow/.local/lib/python3.7/site-packages/airflow/example_dags/example_datasets.py
[2023-08-20T02:32:53.669+0000] {processor.py:836} INFO - DAG(s) dict_keys(['dataset_consumes_1_never_scheduled', 'dataset_consumes_unknown_never_scheduled', 'dataset_consumes_1', 'dataset_consumes_1_and_2', 'dataset_produces_1', 'dataset_produces_2']) retrieved from /home/airflow/.local/lib/python3.7/site-packages/airflow/example_dags/example_datasets.py
[2023-08-20T02:32:53.703+0000] {logging_mixin.py:150} INFO - [2023-08-20T02:32:53.703+0000] {dag.py:2742} INFO - Sync 6 DAGs
[2023-08-20T02:32:53.727+0000] {logging_mixin.py:150} INFO - [2023-08-20T02:32:53.727+0000] {dag.py:3508} INFO - Setting next_dagrun for dataset_consumes_1 to None, run_after=None
[2023-08-20T02:32:53.730+0000] {logging_mixin.py:150} INFO - [2023-08-20T02:32:53.730+0000] {dag.py:3508} INFO - Setting next_dagrun for dataset_consumes_1_and_2 to None, run_after=None
[2023-08-20T02:32:53.732+0000] {logging_mixin.py:150} INFO - [2023-08-20T02:32:53.732+0000] {dag.py:3508} INFO - Setting next_dagrun for dataset_consumes_1_never_scheduled to None, run_after=None
[2023-08-20T02:32:53.734+0000] {logging_mixin.py:150} INFO - [2023-08-20T02:32:53.734+0000] {dag.py:3508} INFO - Setting next_dagrun for dataset_consumes_unknown_never_scheduled to None, run_after=None
[2023-08-20T02:32:53.738+0000] {logging_mixin.py:150} INFO - [2023-08-20T02:32:53.738+0000] {dag.py:3508} INFO - Setting next_dagrun for dataset_produces_1 to 2023-08-19T00:00:00+00:00, run_after=2023-08-20T00:00:00+00:00
[2023-08-20T02:32:53.740+0000] {logging_mixin.py:150} INFO - [2023-08-20T02:32:53.740+0000] {dag.py:3508} INFO - Setting next_dagrun for dataset_produces_2 to None, run_after=None
[2023-08-20T02:32:53.786+0000] {processor.py:179} INFO - Processing /home/airflow/.local/lib/python3.7/site-packages/airflow/example_dags/example_datasets.py took 0.131 seconds
[2023-08-20T02:33:24.887+0000] {processor.py:157} INFO - Started process (PID=575) to work on /home/airflow/.local/lib/python3.7/site-packages/airflow/example_dags/example_datasets.py
[2023-08-20T02:33:24.888+0000] {processor.py:826} INFO - Processing file /home/airflow/.local/lib/python3.7/site-packages/airflow/example_dags/example_datasets.py for tasks to queue
[2023-08-20T02:33:24.889+0000] {logging_mixin.py:150} INFO - [2023-08-20T02:33:24.889+0000] {dagbag.py:541} INFO - Filling up the DagBag from /home/airflow/.local/lib/python3.7/site-packages/airflow/example_dags/example_datasets.py
[2023-08-20T02:33:24.897+0000] {processor.py:836} INFO - DAG(s) dict_keys(['dataset_consumes_1', 'dataset_consumes_1_and_2', 'dataset_produces_1', 'dataset_produces_2', 'dataset_consumes_1_never_scheduled', 'dataset_consumes_unknown_never_scheduled']) retrieved from /home/airflow/.local/lib/python3.7/site-packages/airflow/example_dags/example_datasets.py
[2023-08-20T02:33:24.930+0000] {logging_mixin.py:150} INFO - [2023-08-20T02:33:24.930+0000] {dag.py:2742} INFO - Sync 6 DAGs
[2023-08-20T02:33:24.955+0000] {logging_mixin.py:150} INFO - [2023-08-20T02:33:24.955+0000] {dag.py:3508} INFO - Setting next_dagrun for dataset_consumes_1 to None, run_after=None
[2023-08-20T02:33:24.959+0000] {logging_mixin.py:150} INFO - [2023-08-20T02:33:24.959+0000] {dag.py:3508} INFO - Setting next_dagrun for dataset_consumes_1_and_2 to None, run_after=None
[2023-08-20T02:33:24.961+0000] {logging_mixin.py:150} INFO - [2023-08-20T02:33:24.960+0000] {dag.py:3508} INFO - Setting next_dagrun for dataset_consumes_1_never_scheduled to None, run_after=None
[2023-08-20T02:33:24.962+0000] {logging_mixin.py:150} INFO - [2023-08-20T02:33:24.962+0000] {dag.py:3508} INFO - Setting next_dagrun for dataset_consumes_unknown_never_scheduled to None, run_after=None
[2023-08-20T02:33:24.965+0000] {logging_mixin.py:150} INFO - [2023-08-20T02:33:24.965+0000] {dag.py:3508} INFO - Setting next_dagrun for dataset_produces_1 to 2023-08-19T00:00:00+00:00, run_after=2023-08-20T00:00:00+00:00
[2023-08-20T02:33:24.966+0000] {logging_mixin.py:150} INFO - [2023-08-20T02:33:24.966+0000] {dag.py:3508} INFO - Setting next_dagrun for dataset_produces_2 to None, run_after=None
[2023-08-20T02:33:25.015+0000] {processor.py:179} INFO - Processing /home/airflow/.local/lib/python3.7/site-packages/airflow/example_dags/example_datasets.py took 0.130 seconds
[2023-08-20T02:33:55.436+0000] {processor.py:157} INFO - Started process (PID=648) to work on /home/airflow/.local/lib/python3.7/site-packages/airflow/example_dags/example_datasets.py
[2023-08-20T02:33:55.437+0000] {processor.py:826} INFO - Processing file /home/airflow/.local/lib/python3.7/site-packages/airflow/example_dags/example_datasets.py for tasks to queue
[2023-08-20T02:33:55.438+0000] {logging_mixin.py:150} INFO - [2023-08-20T02:33:55.438+0000] {dagbag.py:541} INFO - Filling up the DagBag from /home/airflow/.local/lib/python3.7/site-packages/airflow/example_dags/example_datasets.py
[2023-08-20T02:33:55.447+0000] {processor.py:836} INFO - DAG(s) dict_keys(['dataset_consumes_1', 'dataset_consumes_unknown_never_scheduled', 'dataset_consumes_1_and_2', 'dataset_produces_1', 'dataset_produces_2', 'dataset_consumes_1_never_scheduled']) retrieved from /home/airflow/.local/lib/python3.7/site-packages/airflow/example_dags/example_datasets.py
[2023-08-20T02:33:55.484+0000] {logging_mixin.py:150} INFO - [2023-08-20T02:33:55.484+0000] {dag.py:2742} INFO - Sync 6 DAGs
[2023-08-20T02:33:55.510+0000] {logging_mixin.py:150} INFO - [2023-08-20T02:33:55.510+0000] {dag.py:3508} INFO - Setting next_dagrun for dataset_consumes_1 to None, run_after=None
[2023-08-20T02:33:55.514+0000] {logging_mixin.py:150} INFO - [2023-08-20T02:33:55.514+0000] {dag.py:3508} INFO - Setting next_dagrun for dataset_consumes_1_and_2 to None, run_after=None
[2023-08-20T02:33:55.516+0000] {logging_mixin.py:150} INFO - [2023-08-20T02:33:55.516+0000] {dag.py:3508} INFO - Setting next_dagrun for dataset_consumes_1_never_scheduled to None, run_after=None
[2023-08-20T02:33:55.518+0000] {logging_mixin.py:150} INFO - [2023-08-20T02:33:55.518+0000] {dag.py:3508} INFO - Setting next_dagrun for dataset_consumes_unknown_never_scheduled to None, run_after=None
[2023-08-20T02:33:55.522+0000] {logging_mixin.py:150} INFO - [2023-08-20T02:33:55.521+0000] {dag.py:3508} INFO - Setting next_dagrun for dataset_produces_1 to 2023-08-19T00:00:00+00:00, run_after=2023-08-20T00:00:00+00:00
[2023-08-20T02:33:55.523+0000] {logging_mixin.py:150} INFO - [2023-08-20T02:33:55.523+0000] {dag.py:3508} INFO - Setting next_dagrun for dataset_produces_2 to None, run_after=None
[2023-08-20T02:33:55.573+0000] {processor.py:179} INFO - Processing /home/airflow/.local/lib/python3.7/site-packages/airflow/example_dags/example_datasets.py took 0.140 seconds
[2023-08-20T02:34:26.054+0000] {processor.py:157} INFO - Started process (PID=721) to work on /home/airflow/.local/lib/python3.7/site-packages/airflow/example_dags/example_datasets.py
[2023-08-20T02:34:26.056+0000] {processor.py:826} INFO - Processing file /home/airflow/.local/lib/python3.7/site-packages/airflow/example_dags/example_datasets.py for tasks to queue
[2023-08-20T02:34:26.057+0000] {logging_mixin.py:150} INFO - [2023-08-20T02:34:26.057+0000] {dagbag.py:541} INFO - Filling up the DagBag from /home/airflow/.local/lib/python3.7/site-packages/airflow/example_dags/example_datasets.py
[2023-08-20T02:34:26.065+0000] {processor.py:836} INFO - DAG(s) dict_keys(['dataset_produces_2', 'dataset_consumes_unknown_never_scheduled', 'dataset_consumes_1', 'dataset_consumes_1_and_2', 'dataset_produces_1', 'dataset_consumes_1_never_scheduled']) retrieved from /home/airflow/.local/lib/python3.7/site-packages/airflow/example_dags/example_datasets.py
[2023-08-20T02:34:26.124+0000] {logging_mixin.py:150} INFO - [2023-08-20T02:34:26.123+0000] {dag.py:2742} INFO - Sync 6 DAGs
[2023-08-20T02:34:26.165+0000] {logging_mixin.py:150} INFO - [2023-08-20T02:34:26.165+0000] {dag.py:3508} INFO - Setting next_dagrun for dataset_consumes_1 to None, run_after=None
[2023-08-20T02:34:26.171+0000] {logging_mixin.py:150} INFO - [2023-08-20T02:34:26.171+0000] {dag.py:3508} INFO - Setting next_dagrun for dataset_consumes_1_and_2 to None, run_after=None
[2023-08-20T02:34:26.174+0000] {logging_mixin.py:150} INFO - [2023-08-20T02:34:26.173+0000] {dag.py:3508} INFO - Setting next_dagrun for dataset_consumes_1_never_scheduled to None, run_after=None
[2023-08-20T02:34:26.176+0000] {logging_mixin.py:150} INFO - [2023-08-20T02:34:26.176+0000] {dag.py:3508} INFO - Setting next_dagrun for dataset_consumes_unknown_never_scheduled to None, run_after=None
[2023-08-20T02:34:26.182+0000] {logging_mixin.py:150} INFO - [2023-08-20T02:34:26.181+0000] {dag.py:3508} INFO - Setting next_dagrun for dataset_produces_1 to 2023-08-19T00:00:00+00:00, run_after=2023-08-20T00:00:00+00:00
[2023-08-20T02:34:26.184+0000] {logging_mixin.py:150} INFO - [2023-08-20T02:34:26.184+0000] {dag.py:3508} INFO - Setting next_dagrun for dataset_produces_2 to None, run_after=None
[2023-08-20T02:34:26.242+0000] {processor.py:179} INFO - Processing /home/airflow/.local/lib/python3.7/site-packages/airflow/example_dags/example_datasets.py took 0.191 seconds
[2023-08-20T02:34:56.284+0000] {processor.py:157} INFO - Started process (PID=794) to work on /home/airflow/.local/lib/python3.7/site-packages/airflow/example_dags/example_datasets.py
[2023-08-20T02:34:56.285+0000] {processor.py:826} INFO - Processing file /home/airflow/.local/lib/python3.7/site-packages/airflow/example_dags/example_datasets.py for tasks to queue
[2023-08-20T02:34:56.286+0000] {logging_mixin.py:150} INFO - [2023-08-20T02:34:56.286+0000] {dagbag.py:541} INFO - Filling up the DagBag from /home/airflow/.local/lib/python3.7/site-packages/airflow/example_dags/example_datasets.py
[2023-08-20T02:34:56.297+0000] {processor.py:836} INFO - DAG(s) dict_keys(['dataset_consumes_1', 'dataset_consumes_1_and_2', 'dataset_consumes_1_never_scheduled', 'dataset_produces_2', 'dataset_produces_1', 'dataset_consumes_unknown_never_scheduled']) retrieved from /home/airflow/.local/lib/python3.7/site-packages/airflow/example_dags/example_datasets.py
[2023-08-20T02:34:56.334+0000] {logging_mixin.py:150} INFO - [2023-08-20T02:34:56.334+0000] {dag.py:2742} INFO - Sync 6 DAGs
[2023-08-20T02:34:56.360+0000] {logging_mixin.py:150} INFO - [2023-08-20T02:34:56.360+0000] {dag.py:3508} INFO - Setting next_dagrun for dataset_consumes_1 to None, run_after=None
[2023-08-20T02:34:56.363+0000] {logging_mixin.py:150} INFO - [2023-08-20T02:34:56.363+0000] {dag.py:3508} INFO - Setting next_dagrun for dataset_consumes_1_and_2 to None, run_after=None
[2023-08-20T02:34:56.365+0000] {logging_mixin.py:150} INFO - [2023-08-20T02:34:56.364+0000] {dag.py:3508} INFO - Setting next_dagrun for dataset_consumes_1_never_scheduled to None, run_after=None
[2023-08-20T02:34:56.366+0000] {logging_mixin.py:150} INFO - [2023-08-20T02:34:56.366+0000] {dag.py:3508} INFO - Setting next_dagrun for dataset_consumes_unknown_never_scheduled to None, run_after=None
[2023-08-20T02:34:56.369+0000] {logging_mixin.py:150} INFO - [2023-08-20T02:34:56.369+0000] {dag.py:3508} INFO - Setting next_dagrun for dataset_produces_1 to 2023-08-19T00:00:00+00:00, run_after=2023-08-20T00:00:00+00:00
[2023-08-20T02:34:56.370+0000] {logging_mixin.py:150} INFO - [2023-08-20T02:34:56.370+0000] {dag.py:3508} INFO - Setting next_dagrun for dataset_produces_2 to None, run_after=None
[2023-08-20T02:34:56.430+0000] {processor.py:179} INFO - Processing /home/airflow/.local/lib/python3.7/site-packages/airflow/example_dags/example_datasets.py took 0.150 seconds
[2023-08-20T02:35:26.651+0000] {processor.py:157} INFO - Started process (PID=867) to work on /home/airflow/.local/lib/python3.7/site-packages/airflow/example_dags/example_datasets.py
[2023-08-20T02:35:26.653+0000] {processor.py:826} INFO - Processing file /home/airflow/.local/lib/python3.7/site-packages/airflow/example_dags/example_datasets.py for tasks to queue
[2023-08-20T02:35:26.654+0000] {logging_mixin.py:150} INFO - [2023-08-20T02:35:26.653+0000] {dagbag.py:541} INFO - Filling up the DagBag from /home/airflow/.local/lib/python3.7/site-packages/airflow/example_dags/example_datasets.py
[2023-08-20T02:35:26.662+0000] {processor.py:836} INFO - DAG(s) dict_keys(['dataset_consumes_unknown_never_scheduled', 'dataset_consumes_1_never_scheduled', 'dataset_consumes_1_and_2', 'dataset_produces_2', 'dataset_produces_1', 'dataset_consumes_1']) retrieved from /home/airflow/.local/lib/python3.7/site-packages/airflow/example_dags/example_datasets.py
[2023-08-20T02:35:26.699+0000] {logging_mixin.py:150} INFO - [2023-08-20T02:35:26.699+0000] {dag.py:2742} INFO - Sync 6 DAGs
[2023-08-20T02:35:26.726+0000] {logging_mixin.py:150} INFO - [2023-08-20T02:35:26.726+0000] {dag.py:3508} INFO - Setting next_dagrun for dataset_consumes_1 to None, run_after=None
[2023-08-20T02:35:26.729+0000] {logging_mixin.py:150} INFO - [2023-08-20T02:35:26.729+0000] {dag.py:3508} INFO - Setting next_dagrun for dataset_consumes_1_and_2 to None, run_after=None
[2023-08-20T02:35:26.731+0000] {logging_mixin.py:150} INFO - [2023-08-20T02:35:26.731+0000] {dag.py:3508} INFO - Setting next_dagrun for dataset_consumes_1_never_scheduled to None, run_after=None
[2023-08-20T02:35:26.732+0000] {logging_mixin.py:150} INFO - [2023-08-20T02:35:26.732+0000] {dag.py:3508} INFO - Setting next_dagrun for dataset_consumes_unknown_never_scheduled to None, run_after=None
[2023-08-20T02:35:26.735+0000] {logging_mixin.py:150} INFO - [2023-08-20T02:35:26.735+0000] {dag.py:3508} INFO - Setting next_dagrun for dataset_produces_1 to 2023-08-19T00:00:00+00:00, run_after=2023-08-20T00:00:00+00:00
[2023-08-20T02:35:26.737+0000] {logging_mixin.py:150} INFO - [2023-08-20T02:35:26.737+0000] {dag.py:3508} INFO - Setting next_dagrun for dataset_produces_2 to None, run_after=None
[2023-08-20T02:35:26.864+0000] {processor.py:179} INFO - Processing /home/airflow/.local/lib/python3.7/site-packages/airflow/example_dags/example_datasets.py took 0.215 seconds
[2023-08-20T02:35:56.909+0000] {processor.py:157} INFO - Started process (PID=942) to work on /home/airflow/.local/lib/python3.7/site-packages/airflow/example_dags/example_datasets.py
[2023-08-20T02:35:56.910+0000] {processor.py:826} INFO - Processing file /home/airflow/.local/lib/python3.7/site-packages/airflow/example_dags/example_datasets.py for tasks to queue
[2023-08-20T02:35:56.911+0000] {logging_mixin.py:150} INFO - [2023-08-20T02:35:56.911+0000] {dagbag.py:541} INFO - Filling up the DagBag from /home/airflow/.local/lib/python3.7/site-packages/airflow/example_dags/example_datasets.py
[2023-08-20T02:35:56.920+0000] {processor.py:836} INFO - DAG(s) dict_keys(['dataset_produces_1', 'dataset_consumes_1_never_scheduled', 'dataset_consumes_unknown_never_scheduled', 'dataset_consumes_1', 'dataset_produces_2', 'dataset_consumes_1_and_2']) retrieved from /home/airflow/.local/lib/python3.7/site-packages/airflow/example_dags/example_datasets.py
[2023-08-20T02:35:56.955+0000] {logging_mixin.py:150} INFO - [2023-08-20T02:35:56.955+0000] {dag.py:2742} INFO - Sync 6 DAGs
[2023-08-20T02:35:56.983+0000] {logging_mixin.py:150} INFO - [2023-08-20T02:35:56.983+0000] {dag.py:3508} INFO - Setting next_dagrun for dataset_consumes_1 to None, run_after=None
[2023-08-20T02:35:56.986+0000] {logging_mixin.py:150} INFO - [2023-08-20T02:35:56.986+0000] {dag.py:3508} INFO - Setting next_dagrun for dataset_consumes_1_and_2 to None, run_after=None
[2023-08-20T02:35:56.988+0000] {logging_mixin.py:150} INFO - [2023-08-20T02:35:56.988+0000] {dag.py:3508} INFO - Setting next_dagrun for dataset_consumes_1_never_scheduled to None, run_after=None
[2023-08-20T02:35:56.989+0000] {logging_mixin.py:150} INFO - [2023-08-20T02:35:56.989+0000] {dag.py:3508} INFO - Setting next_dagrun for dataset_consumes_unknown_never_scheduled to None, run_after=None
[2023-08-20T02:35:56.993+0000] {logging_mixin.py:150} INFO - [2023-08-20T02:35:56.993+0000] {dag.py:3508} INFO - Setting next_dagrun for dataset_produces_1 to 2023-08-19T00:00:00+00:00, run_after=2023-08-20T00:00:00+00:00
[2023-08-20T02:35:56.995+0000] {logging_mixin.py:150} INFO - [2023-08-20T02:35:56.995+0000] {dag.py:3508} INFO - Setting next_dagrun for dataset_produces_2 to None, run_after=None
[2023-08-20T02:35:57.047+0000] {processor.py:179} INFO - Processing /home/airflow/.local/lib/python3.7/site-packages/airflow/example_dags/example_datasets.py took 0.141 seconds
[2023-08-20T02:36:27.249+0000] {processor.py:157} INFO - Started process (PID=1015) to work on /home/airflow/.local/lib/python3.7/site-packages/airflow/example_dags/example_datasets.py
[2023-08-20T02:36:27.250+0000] {processor.py:826} INFO - Processing file /home/airflow/.local/lib/python3.7/site-packages/airflow/example_dags/example_datasets.py for tasks to queue
[2023-08-20T02:36:27.251+0000] {logging_mixin.py:150} INFO - [2023-08-20T02:36:27.251+0000] {dagbag.py:541} INFO - Filling up the DagBag from /home/airflow/.local/lib/python3.7/site-packages/airflow/example_dags/example_datasets.py
[2023-08-20T02:36:27.258+0000] {processor.py:836} INFO - DAG(s) dict_keys(['dataset_consumes_1_and_2', 'dataset_produces_1', 'dataset_consumes_1', 'dataset_produces_2', 'dataset_consumes_unknown_never_scheduled', 'dataset_consumes_1_never_scheduled']) retrieved from /home/airflow/.local/lib/python3.7/site-packages/airflow/example_dags/example_datasets.py
[2023-08-20T02:36:27.293+0000] {logging_mixin.py:150} INFO - [2023-08-20T02:36:27.293+0000] {dag.py:2742} INFO - Sync 6 DAGs
[2023-08-20T02:36:27.317+0000] {logging_mixin.py:150} INFO - [2023-08-20T02:36:27.317+0000] {dag.py:3508} INFO - Setting next_dagrun for dataset_consumes_1 to None, run_after=None
[2023-08-20T02:36:27.321+0000] {logging_mixin.py:150} INFO - [2023-08-20T02:36:27.321+0000] {dag.py:3508} INFO - Setting next_dagrun for dataset_consumes_1_and_2 to None, run_after=None
[2023-08-20T02:36:27.322+0000] {logging_mixin.py:150} INFO - [2023-08-20T02:36:27.322+0000] {dag.py:3508} INFO - Setting next_dagrun for dataset_consumes_1_never_scheduled to None, run_after=None
[2023-08-20T02:36:27.324+0000] {logging_mixin.py:150} INFO - [2023-08-20T02:36:27.323+0000] {dag.py:3508} INFO - Setting next_dagrun for dataset_consumes_unknown_never_scheduled to None, run_after=None
[2023-08-20T02:36:27.326+0000] {logging_mixin.py:150} INFO - [2023-08-20T02:36:27.326+0000] {dag.py:3508} INFO - Setting next_dagrun for dataset_produces_1 to 2023-08-19T00:00:00+00:00, run_after=2023-08-20T00:00:00+00:00
[2023-08-20T02:36:27.328+0000] {logging_mixin.py:150} INFO - [2023-08-20T02:36:27.327+0000] {dag.py:3508} INFO - Setting next_dagrun for dataset_produces_2 to None, run_after=None
[2023-08-20T02:36:27.375+0000] {processor.py:179} INFO - Processing /home/airflow/.local/lib/python3.7/site-packages/airflow/example_dags/example_datasets.py took 0.128 seconds
[2023-08-20T02:36:58.272+0000] {processor.py:157} INFO - Started process (PID=1087) to work on /home/airflow/.local/lib/python3.7/site-packages/airflow/example_dags/example_datasets.py
[2023-08-20T02:36:58.273+0000] {processor.py:826} INFO - Processing file /home/airflow/.local/lib/python3.7/site-packages/airflow/example_dags/example_datasets.py for tasks to queue
[2023-08-20T02:36:58.274+0000] {logging_mixin.py:150} INFO - [2023-08-20T02:36:58.274+0000] {dagbag.py:541} INFO - Filling up the DagBag from /home/airflow/.local/lib/python3.7/site-packages/airflow/example_dags/example_datasets.py
[2023-08-20T02:36:58.282+0000] {processor.py:836} INFO - DAG(s) dict_keys(['dataset_consumes_1', 'dataset_produces_1', 'dataset_consumes_1_and_2', 'dataset_consumes_unknown_never_scheduled', 'dataset_produces_2', 'dataset_consumes_1_never_scheduled']) retrieved from /home/airflow/.local/lib/python3.7/site-packages/airflow/example_dags/example_datasets.py
[2023-08-20T02:36:58.315+0000] {logging_mixin.py:150} INFO - [2023-08-20T02:36:58.315+0000] {dag.py:2742} INFO - Sync 6 DAGs
[2023-08-20T02:36:58.341+0000] {logging_mixin.py:150} INFO - [2023-08-20T02:36:58.341+0000] {dag.py:3508} INFO - Setting next_dagrun for dataset_consumes_1 to None, run_after=None
[2023-08-20T02:36:58.345+0000] {logging_mixin.py:150} INFO - [2023-08-20T02:36:58.345+0000] {dag.py:3508} INFO - Setting next_dagrun for dataset_consumes_1_and_2 to None, run_after=None
[2023-08-20T02:36:58.346+0000] {logging_mixin.py:150} INFO - [2023-08-20T02:36:58.346+0000] {dag.py:3508} INFO - Setting next_dagrun for dataset_consumes_1_never_scheduled to None, run_after=None
[2023-08-20T02:36:58.348+0000] {logging_mixin.py:150} INFO - [2023-08-20T02:36:58.348+0000] {dag.py:3508} INFO - Setting next_dagrun for dataset_consumes_unknown_never_scheduled to None, run_after=None
[2023-08-20T02:36:58.351+0000] {logging_mixin.py:150} INFO - [2023-08-20T02:36:58.351+0000] {dag.py:3508} INFO - Setting next_dagrun for dataset_produces_1 to 2023-08-19T00:00:00+00:00, run_after=2023-08-20T00:00:00+00:00
[2023-08-20T02:36:58.352+0000] {logging_mixin.py:150} INFO - [2023-08-20T02:36:58.352+0000] {dag.py:3508} INFO - Setting next_dagrun for dataset_produces_2 to None, run_after=None
[2023-08-20T02:36:58.400+0000] {processor.py:179} INFO - Processing /home/airflow/.local/lib/python3.7/site-packages/airflow/example_dags/example_datasets.py took 0.130 seconds
[2023-08-20T02:37:28.820+0000] {processor.py:157} INFO - Started process (PID=1160) to work on /home/airflow/.local/lib/python3.7/site-packages/airflow/example_dags/example_datasets.py
[2023-08-20T02:37:28.821+0000] {processor.py:826} INFO - Processing file /home/airflow/.local/lib/python3.7/site-packages/airflow/example_dags/example_datasets.py for tasks to queue
[2023-08-20T02:37:28.822+0000] {logging_mixin.py:150} INFO - [2023-08-20T02:37:28.821+0000] {dagbag.py:541} INFO - Filling up the DagBag from /home/airflow/.local/lib/python3.7/site-packages/airflow/example_dags/example_datasets.py
[2023-08-20T02:37:28.830+0000] {processor.py:836} INFO - DAG(s) dict_keys(['dataset_produces_1', 'dataset_consumes_1_and_2', 'dataset_consumes_1_never_scheduled', 'dataset_consumes_unknown_never_scheduled', 'dataset_consumes_1', 'dataset_produces_2']) retrieved from /home/airflow/.local/lib/python3.7/site-packages/airflow/example_dags/example_datasets.py
[2023-08-20T02:37:28.869+0000] {logging_mixin.py:150} INFO - [2023-08-20T02:37:28.869+0000] {dag.py:2742} INFO - Sync 6 DAGs
[2023-08-20T02:37:28.899+0000] {logging_mixin.py:150} INFO - [2023-08-20T02:37:28.899+0000] {dag.py:3508} INFO - Setting next_dagrun for dataset_consumes_1 to None, run_after=None
[2023-08-20T02:37:28.904+0000] {logging_mixin.py:150} INFO - [2023-08-20T02:37:28.904+0000] {dag.py:3508} INFO - Setting next_dagrun for dataset_consumes_1_and_2 to None, run_after=None
[2023-08-20T02:37:28.905+0000] {logging_mixin.py:150} INFO - [2023-08-20T02:37:28.905+0000] {dag.py:3508} INFO - Setting next_dagrun for dataset_consumes_1_never_scheduled to None, run_after=None
[2023-08-20T02:37:28.907+0000] {logging_mixin.py:150} INFO - [2023-08-20T02:37:28.907+0000] {dag.py:3508} INFO - Setting next_dagrun for dataset_consumes_unknown_never_scheduled to None, run_after=None
[2023-08-20T02:37:28.911+0000] {logging_mixin.py:150} INFO - [2023-08-20T02:37:28.911+0000] {dag.py:3508} INFO - Setting next_dagrun for dataset_produces_1 to 2023-08-19T00:00:00+00:00, run_after=2023-08-20T00:00:00+00:00
[2023-08-20T02:37:28.912+0000] {logging_mixin.py:150} INFO - [2023-08-20T02:37:28.912+0000] {dag.py:3508} INFO - Setting next_dagrun for dataset_produces_2 to None, run_after=None
[2023-08-20T02:37:28.966+0000] {processor.py:179} INFO - Processing /home/airflow/.local/lib/python3.7/site-packages/airflow/example_dags/example_datasets.py took 0.149 seconds
[2023-08-20T02:37:59.400+0000] {processor.py:157} INFO - Started process (PID=1233) to work on /home/airflow/.local/lib/python3.7/site-packages/airflow/example_dags/example_datasets.py
[2023-08-20T02:37:59.402+0000] {processor.py:826} INFO - Processing file /home/airflow/.local/lib/python3.7/site-packages/airflow/example_dags/example_datasets.py for tasks to queue
[2023-08-20T02:37:59.403+0000] {logging_mixin.py:150} INFO - [2023-08-20T02:37:59.403+0000] {dagbag.py:541} INFO - Filling up the DagBag from /home/airflow/.local/lib/python3.7/site-packages/airflow/example_dags/example_datasets.py
[2023-08-20T02:37:59.413+0000] {processor.py:836} INFO - DAG(s) dict_keys(['dataset_produces_2', 'dataset_consumes_1_and_2', 'dataset_consumes_1_never_scheduled', 'dataset_consumes_unknown_never_scheduled', 'dataset_produces_1', 'dataset_consumes_1']) retrieved from /home/airflow/.local/lib/python3.7/site-packages/airflow/example_dags/example_datasets.py
[2023-08-20T02:37:59.450+0000] {logging_mixin.py:150} INFO - [2023-08-20T02:37:59.450+0000] {dag.py:2742} INFO - Sync 6 DAGs
[2023-08-20T02:37:59.479+0000] {logging_mixin.py:150} INFO - [2023-08-20T02:37:59.478+0000] {dag.py:3508} INFO - Setting next_dagrun for dataset_consumes_1 to None, run_after=None
[2023-08-20T02:37:59.482+0000] {logging_mixin.py:150} INFO - [2023-08-20T02:37:59.482+0000] {dag.py:3508} INFO - Setting next_dagrun for dataset_consumes_1_and_2 to None, run_after=None
[2023-08-20T02:37:59.484+0000] {logging_mixin.py:150} INFO - [2023-08-20T02:37:59.484+0000] {dag.py:3508} INFO - Setting next_dagrun for dataset_consumes_1_never_scheduled to None, run_after=None
[2023-08-20T02:37:59.486+0000] {logging_mixin.py:150} INFO - [2023-08-20T02:37:59.486+0000] {dag.py:3508} INFO - Setting next_dagrun for dataset_consumes_unknown_never_scheduled to None, run_after=None
[2023-08-20T02:37:59.489+0000] {logging_mixin.py:150} INFO - [2023-08-20T02:37:59.489+0000] {dag.py:3508} INFO - Setting next_dagrun for dataset_produces_1 to 2023-08-19T00:00:00+00:00, run_after=2023-08-20T00:00:00+00:00
[2023-08-20T02:37:59.491+0000] {logging_mixin.py:150} INFO - [2023-08-20T02:37:59.490+0000] {dag.py:3508} INFO - Setting next_dagrun for dataset_produces_2 to None, run_after=None
[2023-08-20T02:37:59.553+0000] {processor.py:179} INFO - Processing /home/airflow/.local/lib/python3.7/site-packages/airflow/example_dags/example_datasets.py took 0.155 seconds
[2023-08-20T02:38:29.710+0000] {processor.py:157} INFO - Started process (PID=1306) to work on /home/airflow/.local/lib/python3.7/site-packages/airflow/example_dags/example_datasets.py
[2023-08-20T02:38:29.711+0000] {processor.py:826} INFO - Processing file /home/airflow/.local/lib/python3.7/site-packages/airflow/example_dags/example_datasets.py for tasks to queue
[2023-08-20T02:38:29.713+0000] {logging_mixin.py:150} INFO - [2023-08-20T02:38:29.713+0000] {dagbag.py:541} INFO - Filling up the DagBag from /home/airflow/.local/lib/python3.7/site-packages/airflow/example_dags/example_datasets.py
[2023-08-20T02:38:29.722+0000] {processor.py:836} INFO - DAG(s) dict_keys(['dataset_produces_2', 'dataset_consumes_unknown_never_scheduled', 'dataset_consumes_1_and_2', 'dataset_produces_1', 'dataset_consumes_1', 'dataset_consumes_1_never_scheduled']) retrieved from /home/airflow/.local/lib/python3.7/site-packages/airflow/example_dags/example_datasets.py
[2023-08-20T02:38:29.760+0000] {logging_mixin.py:150} INFO - [2023-08-20T02:38:29.760+0000] {dag.py:2742} INFO - Sync 6 DAGs
[2023-08-20T02:38:29.786+0000] {logging_mixin.py:150} INFO - [2023-08-20T02:38:29.785+0000] {dag.py:3508} INFO - Setting next_dagrun for dataset_consumes_1 to None, run_after=None
[2023-08-20T02:38:29.789+0000] {logging_mixin.py:150} INFO - [2023-08-20T02:38:29.789+0000] {dag.py:3508} INFO - Setting next_dagrun for dataset_consumes_1_and_2 to None, run_after=None
[2023-08-20T02:38:29.791+0000] {logging_mixin.py:150} INFO - [2023-08-20T02:38:29.790+0000] {dag.py:3508} INFO - Setting next_dagrun for dataset_consumes_1_never_scheduled to None, run_after=None
[2023-08-20T02:38:29.792+0000] {logging_mixin.py:150} INFO - [2023-08-20T02:38:29.792+0000] {dag.py:3508} INFO - Setting next_dagrun for dataset_consumes_unknown_never_scheduled to None, run_after=None
[2023-08-20T02:38:29.795+0000] {logging_mixin.py:150} INFO - [2023-08-20T02:38:29.795+0000] {dag.py:3508} INFO - Setting next_dagrun for dataset_produces_1 to 2023-08-19T00:00:00+00:00, run_after=2023-08-20T00:00:00+00:00
[2023-08-20T02:38:29.797+0000] {logging_mixin.py:150} INFO - [2023-08-20T02:38:29.797+0000] {dag.py:3508} INFO - Setting next_dagrun for dataset_produces_2 to None, run_after=None
[2023-08-20T02:38:29.851+0000] {processor.py:179} INFO - Processing /home/airflow/.local/lib/python3.7/site-packages/airflow/example_dags/example_datasets.py took 0.143 seconds
[2023-08-20T02:39:00.093+0000] {processor.py:157} INFO - Started process (PID=1379) to work on /home/airflow/.local/lib/python3.7/site-packages/airflow/example_dags/example_datasets.py
[2023-08-20T02:39:00.094+0000] {processor.py:826} INFO - Processing file /home/airflow/.local/lib/python3.7/site-packages/airflow/example_dags/example_datasets.py for tasks to queue
[2023-08-20T02:39:00.095+0000] {logging_mixin.py:150} INFO - [2023-08-20T02:39:00.095+0000] {dagbag.py:541} INFO - Filling up the DagBag from /home/airflow/.local/lib/python3.7/site-packages/airflow/example_dags/example_datasets.py
[2023-08-20T02:39:00.104+0000] {processor.py:836} INFO - DAG(s) dict_keys(['dataset_consumes_unknown_never_scheduled', 'dataset_consumes_1_and_2', 'dataset_consumes_1_never_scheduled', 'dataset_consumes_1', 'dataset_produces_1', 'dataset_produces_2']) retrieved from /home/airflow/.local/lib/python3.7/site-packages/airflow/example_dags/example_datasets.py
[2023-08-20T02:39:00.142+0000] {logging_mixin.py:150} INFO - [2023-08-20T02:39:00.142+0000] {dag.py:2742} INFO - Sync 6 DAGs
[2023-08-20T02:39:00.172+0000] {logging_mixin.py:150} INFO - [2023-08-20T02:39:00.172+0000] {dag.py:3508} INFO - Setting next_dagrun for dataset_consumes_1 to None, run_after=None
[2023-08-20T02:39:00.177+0000] {logging_mixin.py:150} INFO - [2023-08-20T02:39:00.177+0000] {dag.py:3508} INFO - Setting next_dagrun for dataset_consumes_1_and_2 to None, run_after=None
[2023-08-20T02:39:00.180+0000] {logging_mixin.py:150} INFO - [2023-08-20T02:39:00.180+0000] {dag.py:3508} INFO - Setting next_dagrun for dataset_consumes_1_never_scheduled to None, run_after=None
[2023-08-20T02:39:00.182+0000] {logging_mixin.py:150} INFO - [2023-08-20T02:39:00.182+0000] {dag.py:3508} INFO - Setting next_dagrun for dataset_consumes_unknown_never_scheduled to None, run_after=None
[2023-08-20T02:39:00.187+0000] {logging_mixin.py:150} INFO - [2023-08-20T02:39:00.187+0000] {dag.py:3508} INFO - Setting next_dagrun for dataset_produces_1 to 2023-08-19T00:00:00+00:00, run_after=2023-08-20T00:00:00+00:00
[2023-08-20T02:39:00.189+0000] {logging_mixin.py:150} INFO - [2023-08-20T02:39:00.189+0000] {dag.py:3508} INFO - Setting next_dagrun for dataset_produces_2 to None, run_after=None
[2023-08-20T02:39:00.253+0000] {processor.py:179} INFO - Processing /home/airflow/.local/lib/python3.7/site-packages/airflow/example_dags/example_datasets.py took 0.163 seconds
[2023-08-20T02:39:30.410+0000] {processor.py:157} INFO - Started process (PID=1452) to work on /home/airflow/.local/lib/python3.7/site-packages/airflow/example_dags/example_datasets.py
[2023-08-20T02:39:30.411+0000] {processor.py:826} INFO - Processing file /home/airflow/.local/lib/python3.7/site-packages/airflow/example_dags/example_datasets.py for tasks to queue
[2023-08-20T02:39:30.412+0000] {logging_mixin.py:150} INFO - [2023-08-20T02:39:30.412+0000] {dagbag.py:541} INFO - Filling up the DagBag from /home/airflow/.local/lib/python3.7/site-packages/airflow/example_dags/example_datasets.py
[2023-08-20T02:39:30.420+0000] {processor.py:836} INFO - DAG(s) dict_keys(['dataset_consumes_1', 'dataset_consumes_unknown_never_scheduled', 'dataset_consumes_1_and_2', 'dataset_produces_1', 'dataset_produces_2', 'dataset_consumes_1_never_scheduled']) retrieved from /home/airflow/.local/lib/python3.7/site-packages/airflow/example_dags/example_datasets.py
[2023-08-20T02:39:30.454+0000] {logging_mixin.py:150} INFO - [2023-08-20T02:39:30.454+0000] {dag.py:2742} INFO - Sync 6 DAGs
[2023-08-20T02:39:30.479+0000] {logging_mixin.py:150} INFO - [2023-08-20T02:39:30.479+0000] {dag.py:3508} INFO - Setting next_dagrun for dataset_consumes_1 to None, run_after=None
[2023-08-20T02:39:30.482+0000] {logging_mixin.py:150} INFO - [2023-08-20T02:39:30.482+0000] {dag.py:3508} INFO - Setting next_dagrun for dataset_consumes_1_and_2 to None, run_after=None
[2023-08-20T02:39:30.484+0000] {logging_mixin.py:150} INFO - [2023-08-20T02:39:30.484+0000] {dag.py:3508} INFO - Setting next_dagrun for dataset_consumes_1_never_scheduled to None, run_after=None
[2023-08-20T02:39:30.485+0000] {logging_mixin.py:150} INFO - [2023-08-20T02:39:30.485+0000] {dag.py:3508} INFO - Setting next_dagrun for dataset_consumes_unknown_never_scheduled to None, run_after=None
[2023-08-20T02:39:30.488+0000] {logging_mixin.py:150} INFO - [2023-08-20T02:39:30.488+0000] {dag.py:3508} INFO - Setting next_dagrun for dataset_produces_1 to 2023-08-19T00:00:00+00:00, run_after=2023-08-20T00:00:00+00:00
[2023-08-20T02:39:30.490+0000] {logging_mixin.py:150} INFO - [2023-08-20T02:39:30.490+0000] {dag.py:3508} INFO - Setting next_dagrun for dataset_produces_2 to None, run_after=None
[2023-08-20T02:39:30.538+0000] {processor.py:179} INFO - Processing /home/airflow/.local/lib/python3.7/site-packages/airflow/example_dags/example_datasets.py took 0.130 seconds
[2023-08-20T02:40:01.119+0000] {processor.py:157} INFO - Started process (PID=1525) to work on /home/airflow/.local/lib/python3.7/site-packages/airflow/example_dags/example_datasets.py
[2023-08-20T02:40:01.120+0000] {processor.py:826} INFO - Processing file /home/airflow/.local/lib/python3.7/site-packages/airflow/example_dags/example_datasets.py for tasks to queue
[2023-08-20T02:40:01.121+0000] {logging_mixin.py:150} INFO - [2023-08-20T02:40:01.121+0000] {dagbag.py:541} INFO - Filling up the DagBag from /home/airflow/.local/lib/python3.7/site-packages/airflow/example_dags/example_datasets.py
[2023-08-20T02:40:01.130+0000] {processor.py:836} INFO - DAG(s) dict_keys(['dataset_produces_1', 'dataset_consumes_1_never_scheduled', 'dataset_consumes_1_and_2', 'dataset_consumes_unknown_never_scheduled', 'dataset_consumes_1', 'dataset_produces_2']) retrieved from /home/airflow/.local/lib/python3.7/site-packages/airflow/example_dags/example_datasets.py
[2023-08-20T02:40:01.163+0000] {logging_mixin.py:150} INFO - [2023-08-20T02:40:01.163+0000] {dag.py:2742} INFO - Sync 6 DAGs
[2023-08-20T02:40:01.187+0000] {logging_mixin.py:150} INFO - [2023-08-20T02:40:01.187+0000] {dag.py:3508} INFO - Setting next_dagrun for dataset_consumes_1 to None, run_after=None
[2023-08-20T02:40:01.191+0000] {logging_mixin.py:150} INFO - [2023-08-20T02:40:01.191+0000] {dag.py:3508} INFO - Setting next_dagrun for dataset_consumes_1_and_2 to None, run_after=None
[2023-08-20T02:40:01.193+0000] {logging_mixin.py:150} INFO - [2023-08-20T02:40:01.192+0000] {dag.py:3508} INFO - Setting next_dagrun for dataset_consumes_1_never_scheduled to None, run_after=None
[2023-08-20T02:40:01.194+0000] {logging_mixin.py:150} INFO - [2023-08-20T02:40:01.194+0000] {dag.py:3508} INFO - Setting next_dagrun for dataset_consumes_unknown_never_scheduled to None, run_after=None
[2023-08-20T02:40:01.197+0000] {logging_mixin.py:150} INFO - [2023-08-20T02:40:01.197+0000] {dag.py:3508} INFO - Setting next_dagrun for dataset_produces_1 to 2023-08-19T00:00:00+00:00, run_after=2023-08-20T00:00:00+00:00
[2023-08-20T02:40:01.199+0000] {logging_mixin.py:150} INFO - [2023-08-20T02:40:01.199+0000] {dag.py:3508} INFO - Setting next_dagrun for dataset_produces_2 to None, run_after=None
[2023-08-20T02:40:01.248+0000] {processor.py:179} INFO - Processing /home/airflow/.local/lib/python3.7/site-packages/airflow/example_dags/example_datasets.py took 0.131 seconds
[2023-08-20T02:40:31.522+0000] {processor.py:157} INFO - Started process (PID=1598) to work on /home/airflow/.local/lib/python3.7/site-packages/airflow/example_dags/example_datasets.py
[2023-08-20T02:40:31.524+0000] {processor.py:826} INFO - Processing file /home/airflow/.local/lib/python3.7/site-packages/airflow/example_dags/example_datasets.py for tasks to queue
[2023-08-20T02:40:31.525+0000] {logging_mixin.py:150} INFO - [2023-08-20T02:40:31.524+0000] {dagbag.py:541} INFO - Filling up the DagBag from /home/airflow/.local/lib/python3.7/site-packages/airflow/example_dags/example_datasets.py
[2023-08-20T02:40:31.534+0000] {processor.py:836} INFO - DAG(s) dict_keys(['dataset_produces_1', 'dataset_consumes_unknown_never_scheduled', 'dataset_consumes_1_never_scheduled', 'dataset_produces_2', 'dataset_consumes_1_and_2', 'dataset_consumes_1']) retrieved from /home/airflow/.local/lib/python3.7/site-packages/airflow/example_dags/example_datasets.py
[2023-08-20T02:40:31.580+0000] {logging_mixin.py:150} INFO - [2023-08-20T02:40:31.580+0000] {dag.py:2742} INFO - Sync 6 DAGs
[2023-08-20T02:40:31.610+0000] {logging_mixin.py:150} INFO - [2023-08-20T02:40:31.610+0000] {dag.py:3508} INFO - Setting next_dagrun for dataset_consumes_1 to None, run_after=None
[2023-08-20T02:40:31.615+0000] {logging_mixin.py:150} INFO - [2023-08-20T02:40:31.615+0000] {dag.py:3508} INFO - Setting next_dagrun for dataset_consumes_1_and_2 to None, run_after=None
[2023-08-20T02:40:31.618+0000] {logging_mixin.py:150} INFO - [2023-08-20T02:40:31.618+0000] {dag.py:3508} INFO - Setting next_dagrun for dataset_consumes_1_never_scheduled to None, run_after=None
[2023-08-20T02:40:31.621+0000] {logging_mixin.py:150} INFO - [2023-08-20T02:40:31.620+0000] {dag.py:3508} INFO - Setting next_dagrun for dataset_consumes_unknown_never_scheduled to None, run_after=None
[2023-08-20T02:40:31.625+0000] {logging_mixin.py:150} INFO - [2023-08-20T02:40:31.624+0000] {dag.py:3508} INFO - Setting next_dagrun for dataset_produces_1 to 2023-08-19T00:00:00+00:00, run_after=2023-08-20T00:00:00+00:00
[2023-08-20T02:40:31.627+0000] {logging_mixin.py:150} INFO - [2023-08-20T02:40:31.627+0000] {dag.py:3508} INFO - Setting next_dagrun for dataset_produces_2 to None, run_after=None
[2023-08-20T02:40:31.689+0000] {processor.py:179} INFO - Processing /home/airflow/.local/lib/python3.7/site-packages/airflow/example_dags/example_datasets.py took 0.170 seconds
[2023-08-20T02:41:02.167+0000] {processor.py:157} INFO - Started process (PID=1672) to work on /home/airflow/.local/lib/python3.7/site-packages/airflow/example_dags/example_datasets.py
[2023-08-20T02:41:02.168+0000] {processor.py:826} INFO - Processing file /home/airflow/.local/lib/python3.7/site-packages/airflow/example_dags/example_datasets.py for tasks to queue
[2023-08-20T02:41:02.169+0000] {logging_mixin.py:150} INFO - [2023-08-20T02:41:02.168+0000] {dagbag.py:541} INFO - Filling up the DagBag from /home/airflow/.local/lib/python3.7/site-packages/airflow/example_dags/example_datasets.py
[2023-08-20T02:41:02.177+0000] {processor.py:836} INFO - DAG(s) dict_keys(['dataset_consumes_1_never_scheduled', 'dataset_consumes_1', 'dataset_consumes_unknown_never_scheduled', 'dataset_consumes_1_and_2', 'dataset_produces_2', 'dataset_produces_1']) retrieved from /home/airflow/.local/lib/python3.7/site-packages/airflow/example_dags/example_datasets.py
[2023-08-20T02:41:02.216+0000] {logging_mixin.py:150} INFO - [2023-08-20T02:41:02.215+0000] {dag.py:2742} INFO - Sync 6 DAGs
[2023-08-20T02:41:02.245+0000] {logging_mixin.py:150} INFO - [2023-08-20T02:41:02.245+0000] {dag.py:3508} INFO - Setting next_dagrun for dataset_consumes_1 to None, run_after=None
[2023-08-20T02:41:02.250+0000] {logging_mixin.py:150} INFO - [2023-08-20T02:41:02.249+0000] {dag.py:3508} INFO - Setting next_dagrun for dataset_consumes_1_and_2 to None, run_after=None
[2023-08-20T02:41:02.252+0000] {logging_mixin.py:150} INFO - [2023-08-20T02:41:02.251+0000] {dag.py:3508} INFO - Setting next_dagrun for dataset_consumes_1_never_scheduled to None, run_after=None
[2023-08-20T02:41:02.253+0000] {logging_mixin.py:150} INFO - [2023-08-20T02:41:02.253+0000] {dag.py:3508} INFO - Setting next_dagrun for dataset_consumes_unknown_never_scheduled to None, run_after=None
[2023-08-20T02:41:02.256+0000] {logging_mixin.py:150} INFO - [2023-08-20T02:41:02.256+0000] {dag.py:3508} INFO - Setting next_dagrun for dataset_produces_1 to 2023-08-19T00:00:00+00:00, run_after=2023-08-20T00:00:00+00:00
[2023-08-20T02:41:02.257+0000] {logging_mixin.py:150} INFO - [2023-08-20T02:41:02.257+0000] {dag.py:3508} INFO - Setting next_dagrun for dataset_produces_2 to None, run_after=None
[2023-08-20T02:41:02.308+0000] {processor.py:179} INFO - Processing /home/airflow/.local/lib/python3.7/site-packages/airflow/example_dags/example_datasets.py took 0.144 seconds
[2023-08-20T02:41:32.424+0000] {processor.py:157} INFO - Started process (PID=1745) to work on /home/airflow/.local/lib/python3.7/site-packages/airflow/example_dags/example_datasets.py
[2023-08-20T02:41:32.425+0000] {processor.py:826} INFO - Processing file /home/airflow/.local/lib/python3.7/site-packages/airflow/example_dags/example_datasets.py for tasks to queue
[2023-08-20T02:41:32.426+0000] {logging_mixin.py:150} INFO - [2023-08-20T02:41:32.426+0000] {dagbag.py:541} INFO - Filling up the DagBag from /home/airflow/.local/lib/python3.7/site-packages/airflow/example_dags/example_datasets.py
[2023-08-20T02:41:32.434+0000] {processor.py:836} INFO - DAG(s) dict_keys(['dataset_produces_2', 'dataset_consumes_1', 'dataset_consumes_1_and_2', 'dataset_consumes_unknown_never_scheduled', 'dataset_consumes_1_never_scheduled', 'dataset_produces_1']) retrieved from /home/airflow/.local/lib/python3.7/site-packages/airflow/example_dags/example_datasets.py
[2023-08-20T02:41:32.468+0000] {logging_mixin.py:150} INFO - [2023-08-20T02:41:32.468+0000] {dag.py:2742} INFO - Sync 6 DAGs
[2023-08-20T02:41:32.494+0000] {logging_mixin.py:150} INFO - [2023-08-20T02:41:32.493+0000] {dag.py:3508} INFO - Setting next_dagrun for dataset_consumes_1 to None, run_after=None
[2023-08-20T02:41:32.498+0000] {logging_mixin.py:150} INFO - [2023-08-20T02:41:32.497+0000] {dag.py:3508} INFO - Setting next_dagrun for dataset_consumes_1_and_2 to None, run_after=None
[2023-08-20T02:41:32.499+0000] {logging_mixin.py:150} INFO - [2023-08-20T02:41:32.499+0000] {dag.py:3508} INFO - Setting next_dagrun for dataset_consumes_1_never_scheduled to None, run_after=None
[2023-08-20T02:41:32.501+0000] {logging_mixin.py:150} INFO - [2023-08-20T02:41:32.501+0000] {dag.py:3508} INFO - Setting next_dagrun for dataset_consumes_unknown_never_scheduled to None, run_after=None
[2023-08-20T02:41:32.504+0000] {logging_mixin.py:150} INFO - [2023-08-20T02:41:32.504+0000] {dag.py:3508} INFO - Setting next_dagrun for dataset_produces_1 to 2023-08-19T00:00:00+00:00, run_after=2023-08-20T00:00:00+00:00
[2023-08-20T02:41:32.506+0000] {logging_mixin.py:150} INFO - [2023-08-20T02:41:32.506+0000] {dag.py:3508} INFO - Setting next_dagrun for dataset_produces_2 to None, run_after=None
[2023-08-20T02:41:32.557+0000] {processor.py:179} INFO - Processing /home/airflow/.local/lib/python3.7/site-packages/airflow/example_dags/example_datasets.py took 0.136 seconds
[2023-08-20T02:42:02.874+0000] {processor.py:157} INFO - Started process (PID=1818) to work on /home/airflow/.local/lib/python3.7/site-packages/airflow/example_dags/example_datasets.py
[2023-08-20T02:42:02.875+0000] {processor.py:826} INFO - Processing file /home/airflow/.local/lib/python3.7/site-packages/airflow/example_dags/example_datasets.py for tasks to queue
[2023-08-20T02:42:02.876+0000] {logging_mixin.py:150} INFO - [2023-08-20T02:42:02.876+0000] {dagbag.py:541} INFO - Filling up the DagBag from /home/airflow/.local/lib/python3.7/site-packages/airflow/example_dags/example_datasets.py
[2023-08-20T02:42:02.884+0000] {processor.py:836} INFO - DAG(s) dict_keys(['dataset_consumes_1_never_scheduled', 'dataset_consumes_1_and_2', 'dataset_produces_1', 'dataset_consumes_1', 'dataset_produces_2', 'dataset_consumes_unknown_never_scheduled']) retrieved from /home/airflow/.local/lib/python3.7/site-packages/airflow/example_dags/example_datasets.py
[2023-08-20T02:42:02.921+0000] {logging_mixin.py:150} INFO - [2023-08-20T02:42:02.921+0000] {dag.py:2742} INFO - Sync 6 DAGs
[2023-08-20T02:42:02.946+0000] {logging_mixin.py:150} INFO - [2023-08-20T02:42:02.946+0000] {dag.py:3508} INFO - Setting next_dagrun for dataset_consumes_1 to None, run_after=None
[2023-08-20T02:42:02.950+0000] {logging_mixin.py:150} INFO - [2023-08-20T02:42:02.950+0000] {dag.py:3508} INFO - Setting next_dagrun for dataset_consumes_1_and_2 to None, run_after=None
[2023-08-20T02:42:02.952+0000] {logging_mixin.py:150} INFO - [2023-08-20T02:42:02.952+0000] {dag.py:3508} INFO - Setting next_dagrun for dataset_consumes_1_never_scheduled to None, run_after=None
[2023-08-20T02:42:02.954+0000] {logging_mixin.py:150} INFO - [2023-08-20T02:42:02.954+0000] {dag.py:3508} INFO - Setting next_dagrun for dataset_consumes_unknown_never_scheduled to None, run_after=None
[2023-08-20T02:42:02.957+0000] {logging_mixin.py:150} INFO - [2023-08-20T02:42:02.957+0000] {dag.py:3508} INFO - Setting next_dagrun for dataset_produces_1 to 2023-08-19T00:00:00+00:00, run_after=2023-08-20T00:00:00+00:00
[2023-08-20T02:42:02.959+0000] {logging_mixin.py:150} INFO - [2023-08-20T02:42:02.959+0000] {dag.py:3508} INFO - Setting next_dagrun for dataset_produces_2 to None, run_after=None
[2023-08-20T02:42:03.011+0000] {processor.py:179} INFO - Processing /home/airflow/.local/lib/python3.7/site-packages/airflow/example_dags/example_datasets.py took 0.140 seconds
[2023-08-20T02:42:33.323+0000] {processor.py:157} INFO - Started process (PID=1891) to work on /home/airflow/.local/lib/python3.7/site-packages/airflow/example_dags/example_datasets.py
[2023-08-20T02:42:33.324+0000] {processor.py:826} INFO - Processing file /home/airflow/.local/lib/python3.7/site-packages/airflow/example_dags/example_datasets.py for tasks to queue
[2023-08-20T02:42:33.325+0000] {logging_mixin.py:150} INFO - [2023-08-20T02:42:33.325+0000] {dagbag.py:541} INFO - Filling up the DagBag from /home/airflow/.local/lib/python3.7/site-packages/airflow/example_dags/example_datasets.py
[2023-08-20T02:42:33.334+0000] {processor.py:836} INFO - DAG(s) dict_keys(['dataset_consumes_1_never_scheduled', 'dataset_produces_1', 'dataset_consumes_1_and_2', 'dataset_consumes_unknown_never_scheduled', 'dataset_produces_2', 'dataset_consumes_1']) retrieved from /home/airflow/.local/lib/python3.7/site-packages/airflow/example_dags/example_datasets.py
[2023-08-20T02:42:33.374+0000] {logging_mixin.py:150} INFO - [2023-08-20T02:42:33.373+0000] {dag.py:2742} INFO - Sync 6 DAGs
[2023-08-20T02:42:33.402+0000] {logging_mixin.py:150} INFO - [2023-08-20T02:42:33.402+0000] {dag.py:3508} INFO - Setting next_dagrun for dataset_consumes_1 to None, run_after=None
[2023-08-20T02:42:33.405+0000] {logging_mixin.py:150} INFO - [2023-08-20T02:42:33.405+0000] {dag.py:3508} INFO - Setting next_dagrun for dataset_consumes_1_and_2 to None, run_after=None
[2023-08-20T02:42:33.406+0000] {logging_mixin.py:150} INFO - [2023-08-20T02:42:33.406+0000] {dag.py:3508} INFO - Setting next_dagrun for dataset_consumes_1_never_scheduled to None, run_after=None
[2023-08-20T02:42:33.408+0000] {logging_mixin.py:150} INFO - [2023-08-20T02:42:33.408+0000] {dag.py:3508} INFO - Setting next_dagrun for dataset_consumes_unknown_never_scheduled to None, run_after=None
[2023-08-20T02:42:33.411+0000] {logging_mixin.py:150} INFO - [2023-08-20T02:42:33.411+0000] {dag.py:3508} INFO - Setting next_dagrun for dataset_produces_1 to 2023-08-19T00:00:00+00:00, run_after=2023-08-20T00:00:00+00:00
[2023-08-20T02:42:33.413+0000] {logging_mixin.py:150} INFO - [2023-08-20T02:42:33.412+0000] {dag.py:3508} INFO - Setting next_dagrun for dataset_produces_2 to None, run_after=None
[2023-08-20T02:42:33.470+0000] {processor.py:179} INFO - Processing /home/airflow/.local/lib/python3.7/site-packages/airflow/example_dags/example_datasets.py took 0.149 seconds
[2023-08-20T02:43:03.926+0000] {processor.py:157} INFO - Started process (PID=1965) to work on /home/airflow/.local/lib/python3.7/site-packages/airflow/example_dags/example_datasets.py
[2023-08-20T02:43:03.927+0000] {processor.py:826} INFO - Processing file /home/airflow/.local/lib/python3.7/site-packages/airflow/example_dags/example_datasets.py for tasks to queue
[2023-08-20T02:43:03.928+0000] {logging_mixin.py:150} INFO - [2023-08-20T02:43:03.928+0000] {dagbag.py:541} INFO - Filling up the DagBag from /home/airflow/.local/lib/python3.7/site-packages/airflow/example_dags/example_datasets.py
[2023-08-20T02:43:03.937+0000] {processor.py:836} INFO - DAG(s) dict_keys(['dataset_consumes_1', 'dataset_produces_2', 'dataset_produces_1', 'dataset_consumes_1_and_2', 'dataset_consumes_1_never_scheduled', 'dataset_consumes_unknown_never_scheduled']) retrieved from /home/airflow/.local/lib/python3.7/site-packages/airflow/example_dags/example_datasets.py
[2023-08-20T02:43:03.979+0000] {logging_mixin.py:150} INFO - [2023-08-20T02:43:03.979+0000] {dag.py:2742} INFO - Sync 6 DAGs
[2023-08-20T02:43:04.008+0000] {logging_mixin.py:150} INFO - [2023-08-20T02:43:04.008+0000] {dag.py:3508} INFO - Setting next_dagrun for dataset_consumes_1 to None, run_after=None
[2023-08-20T02:43:04.011+0000] {logging_mixin.py:150} INFO - [2023-08-20T02:43:04.011+0000] {dag.py:3508} INFO - Setting next_dagrun for dataset_consumes_1_and_2 to None, run_after=None
[2023-08-20T02:43:04.013+0000] {logging_mixin.py:150} INFO - [2023-08-20T02:43:04.013+0000] {dag.py:3508} INFO - Setting next_dagrun for dataset_consumes_1_never_scheduled to None, run_after=None
[2023-08-20T02:43:04.015+0000] {logging_mixin.py:150} INFO - [2023-08-20T02:43:04.015+0000] {dag.py:3508} INFO - Setting next_dagrun for dataset_consumes_unknown_never_scheduled to None, run_after=None
[2023-08-20T02:43:04.018+0000] {logging_mixin.py:150} INFO - [2023-08-20T02:43:04.018+0000] {dag.py:3508} INFO - Setting next_dagrun for dataset_produces_1 to 2023-08-19T00:00:00+00:00, run_after=2023-08-20T00:00:00+00:00
[2023-08-20T02:43:04.019+0000] {logging_mixin.py:150} INFO - [2023-08-20T02:43:04.019+0000] {dag.py:3508} INFO - Setting next_dagrun for dataset_produces_2 to None, run_after=None
[2023-08-20T02:43:04.072+0000] {processor.py:179} INFO - Processing /home/airflow/.local/lib/python3.7/site-packages/airflow/example_dags/example_datasets.py took 0.149 seconds
