[2023-08-20T02:29:49.559+0000] {processor.py:157} INFO - Started process (PID=62) to work on /home/airflow/.local/lib/python3.7/site-packages/airflow/example_dags/tutorial_dag.py
[2023-08-20T02:29:49.560+0000] {processor.py:826} INFO - Processing file /home/airflow/.local/lib/python3.7/site-packages/airflow/example_dags/tutorial_dag.py for tasks to queue
[2023-08-20T02:29:49.561+0000] {logging_mixin.py:150} INFO - [2023-08-20T02:29:49.561+0000] {dagbag.py:541} INFO - Filling up the DagBag from /home/airflow/.local/lib/python3.7/site-packages/airflow/example_dags/tutorial_dag.py
[2023-08-20T02:29:49.569+0000] {processor.py:836} INFO - DAG(s) dict_keys(['tutorial_dag']) retrieved from /home/airflow/.local/lib/python3.7/site-packages/airflow/example_dags/tutorial_dag.py
[2023-08-20T02:29:49.586+0000] {logging_mixin.py:150} INFO - [2023-08-20T02:29:49.586+0000] {dag.py:2742} INFO - Sync 1 DAGs
[2023-08-20T02:29:49.623+0000] {logging_mixin.py:150} INFO - [2023-08-20T02:29:49.622+0000] {dag.py:3508} INFO - Setting next_dagrun for tutorial_dag to None, run_after=None
[2023-08-20T02:29:49.664+0000] {processor.py:179} INFO - Processing /home/airflow/.local/lib/python3.7/site-packages/airflow/example_dags/tutorial_dag.py took 0.109 seconds
[2023-08-20T02:30:20.797+0000] {processor.py:157} INFO - Started process (PID=135) to work on /home/airflow/.local/lib/python3.7/site-packages/airflow/example_dags/tutorial_dag.py
[2023-08-20T02:30:20.798+0000] {processor.py:826} INFO - Processing file /home/airflow/.local/lib/python3.7/site-packages/airflow/example_dags/tutorial_dag.py for tasks to queue
[2023-08-20T02:30:20.800+0000] {logging_mixin.py:150} INFO - [2023-08-20T02:30:20.800+0000] {dagbag.py:541} INFO - Filling up the DagBag from /home/airflow/.local/lib/python3.7/site-packages/airflow/example_dags/tutorial_dag.py
[2023-08-20T02:30:20.804+0000] {processor.py:836} INFO - DAG(s) dict_keys(['tutorial_dag']) retrieved from /home/airflow/.local/lib/python3.7/site-packages/airflow/example_dags/tutorial_dag.py
[2023-08-20T02:30:20.829+0000] {logging_mixin.py:150} INFO - [2023-08-20T02:30:20.829+0000] {dag.py:2742} INFO - Sync 1 DAGs
[2023-08-20T02:30:20.856+0000] {logging_mixin.py:150} INFO - [2023-08-20T02:30:20.856+0000] {dag.py:3508} INFO - Setting next_dagrun for tutorial_dag to None, run_after=None
[2023-08-20T02:30:20.926+0000] {processor.py:179} INFO - Processing /home/airflow/.local/lib/python3.7/site-packages/airflow/example_dags/tutorial_dag.py took 0.132 seconds
[2023-08-20T02:30:51.211+0000] {processor.py:157} INFO - Started process (PID=208) to work on /home/airflow/.local/lib/python3.7/site-packages/airflow/example_dags/tutorial_dag.py
[2023-08-20T02:30:51.212+0000] {processor.py:826} INFO - Processing file /home/airflow/.local/lib/python3.7/site-packages/airflow/example_dags/tutorial_dag.py for tasks to queue
[2023-08-20T02:30:51.213+0000] {logging_mixin.py:150} INFO - [2023-08-20T02:30:51.213+0000] {dagbag.py:541} INFO - Filling up the DagBag from /home/airflow/.local/lib/python3.7/site-packages/airflow/example_dags/tutorial_dag.py
[2023-08-20T02:30:51.219+0000] {processor.py:836} INFO - DAG(s) dict_keys(['tutorial_dag']) retrieved from /home/airflow/.local/lib/python3.7/site-packages/airflow/example_dags/tutorial_dag.py
[2023-08-20T02:30:51.241+0000] {logging_mixin.py:150} INFO - [2023-08-20T02:30:51.241+0000] {dag.py:2742} INFO - Sync 1 DAGs
[2023-08-20T02:30:51.265+0000] {logging_mixin.py:150} INFO - [2023-08-20T02:30:51.265+0000] {dag.py:3508} INFO - Setting next_dagrun for tutorial_dag to None, run_after=None
[2023-08-20T02:30:51.306+0000] {processor.py:179} INFO - Processing /home/airflow/.local/lib/python3.7/site-packages/airflow/example_dags/tutorial_dag.py took 0.098 seconds
[2023-08-20T02:31:21.423+0000] {processor.py:157} INFO - Started process (PID=281) to work on /home/airflow/.local/lib/python3.7/site-packages/airflow/example_dags/tutorial_dag.py
[2023-08-20T02:31:21.424+0000] {processor.py:826} INFO - Processing file /home/airflow/.local/lib/python3.7/site-packages/airflow/example_dags/tutorial_dag.py for tasks to queue
[2023-08-20T02:31:21.425+0000] {logging_mixin.py:150} INFO - [2023-08-20T02:31:21.425+0000] {dagbag.py:541} INFO - Filling up the DagBag from /home/airflow/.local/lib/python3.7/site-packages/airflow/example_dags/tutorial_dag.py
[2023-08-20T02:31:21.430+0000] {processor.py:836} INFO - DAG(s) dict_keys(['tutorial_dag']) retrieved from /home/airflow/.local/lib/python3.7/site-packages/airflow/example_dags/tutorial_dag.py
[2023-08-20T02:31:21.451+0000] {logging_mixin.py:150} INFO - [2023-08-20T02:31:21.450+0000] {dag.py:2742} INFO - Sync 1 DAGs
[2023-08-20T02:31:21.473+0000] {logging_mixin.py:150} INFO - [2023-08-20T02:31:21.473+0000] {dag.py:3508} INFO - Setting next_dagrun for tutorial_dag to None, run_after=None
[2023-08-20T02:31:21.507+0000] {processor.py:179} INFO - Processing /home/airflow/.local/lib/python3.7/site-packages/airflow/example_dags/tutorial_dag.py took 0.087 seconds
[2023-08-20T02:31:51.800+0000] {processor.py:157} INFO - Started process (PID=354) to work on /home/airflow/.local/lib/python3.7/site-packages/airflow/example_dags/tutorial_dag.py
[2023-08-20T02:31:51.801+0000] {processor.py:826} INFO - Processing file /home/airflow/.local/lib/python3.7/site-packages/airflow/example_dags/tutorial_dag.py for tasks to queue
[2023-08-20T02:31:51.802+0000] {logging_mixin.py:150} INFO - [2023-08-20T02:31:51.802+0000] {dagbag.py:541} INFO - Filling up the DagBag from /home/airflow/.local/lib/python3.7/site-packages/airflow/example_dags/tutorial_dag.py
[2023-08-20T02:31:51.806+0000] {processor.py:836} INFO - DAG(s) dict_keys(['tutorial_dag']) retrieved from /home/airflow/.local/lib/python3.7/site-packages/airflow/example_dags/tutorial_dag.py
[2023-08-20T02:31:51.828+0000] {logging_mixin.py:150} INFO - [2023-08-20T02:31:51.827+0000] {dag.py:2742} INFO - Sync 1 DAGs
[2023-08-20T02:31:51.852+0000] {logging_mixin.py:150} INFO - [2023-08-20T02:31:51.851+0000] {dag.py:3508} INFO - Setting next_dagrun for tutorial_dag to None, run_after=None
[2023-08-20T02:31:51.887+0000] {processor.py:179} INFO - Processing /home/airflow/.local/lib/python3.7/site-packages/airflow/example_dags/tutorial_dag.py took 0.090 seconds
[2023-08-20T02:32:23.159+0000] {processor.py:157} INFO - Started process (PID=427) to work on /home/airflow/.local/lib/python3.7/site-packages/airflow/example_dags/tutorial_dag.py
[2023-08-20T02:32:23.160+0000] {processor.py:826} INFO - Processing file /home/airflow/.local/lib/python3.7/site-packages/airflow/example_dags/tutorial_dag.py for tasks to queue
[2023-08-20T02:32:23.161+0000] {logging_mixin.py:150} INFO - [2023-08-20T02:32:23.161+0000] {dagbag.py:541} INFO - Filling up the DagBag from /home/airflow/.local/lib/python3.7/site-packages/airflow/example_dags/tutorial_dag.py
[2023-08-20T02:32:23.166+0000] {processor.py:836} INFO - DAG(s) dict_keys(['tutorial_dag']) retrieved from /home/airflow/.local/lib/python3.7/site-packages/airflow/example_dags/tutorial_dag.py
[2023-08-20T02:32:23.191+0000] {logging_mixin.py:150} INFO - [2023-08-20T02:32:23.190+0000] {dag.py:2742} INFO - Sync 1 DAGs
[2023-08-20T02:32:23.221+0000] {logging_mixin.py:150} INFO - [2023-08-20T02:32:23.221+0000] {dag.py:3508} INFO - Setting next_dagrun for tutorial_dag to None, run_after=None
[2023-08-20T02:32:23.261+0000] {processor.py:179} INFO - Processing /home/airflow/.local/lib/python3.7/site-packages/airflow/example_dags/tutorial_dag.py took 0.104 seconds
[2023-08-20T02:32:53.550+0000] {processor.py:157} INFO - Started process (PID=500) to work on /home/airflow/.local/lib/python3.7/site-packages/airflow/example_dags/tutorial_dag.py
[2023-08-20T02:32:53.551+0000] {processor.py:826} INFO - Processing file /home/airflow/.local/lib/python3.7/site-packages/airflow/example_dags/tutorial_dag.py for tasks to queue
[2023-08-20T02:32:53.552+0000] {logging_mixin.py:150} INFO - [2023-08-20T02:32:53.552+0000] {dagbag.py:541} INFO - Filling up the DagBag from /home/airflow/.local/lib/python3.7/site-packages/airflow/example_dags/tutorial_dag.py
[2023-08-20T02:32:53.556+0000] {processor.py:836} INFO - DAG(s) dict_keys(['tutorial_dag']) retrieved from /home/airflow/.local/lib/python3.7/site-packages/airflow/example_dags/tutorial_dag.py
[2023-08-20T02:32:53.578+0000] {logging_mixin.py:150} INFO - [2023-08-20T02:32:53.578+0000] {dag.py:2742} INFO - Sync 1 DAGs
[2023-08-20T02:32:53.601+0000] {logging_mixin.py:150} INFO - [2023-08-20T02:32:53.600+0000] {dag.py:3508} INFO - Setting next_dagrun for tutorial_dag to None, run_after=None
[2023-08-20T02:32:53.635+0000] {processor.py:179} INFO - Processing /home/airflow/.local/lib/python3.7/site-packages/airflow/example_dags/tutorial_dag.py took 0.088 seconds
[2023-08-20T02:33:24.780+0000] {processor.py:157} INFO - Started process (PID=573) to work on /home/airflow/.local/lib/python3.7/site-packages/airflow/example_dags/tutorial_dag.py
[2023-08-20T02:33:24.781+0000] {processor.py:826} INFO - Processing file /home/airflow/.local/lib/python3.7/site-packages/airflow/example_dags/tutorial_dag.py for tasks to queue
[2023-08-20T02:33:24.782+0000] {logging_mixin.py:150} INFO - [2023-08-20T02:33:24.782+0000] {dagbag.py:541} INFO - Filling up the DagBag from /home/airflow/.local/lib/python3.7/site-packages/airflow/example_dags/tutorial_dag.py
[2023-08-20T02:33:24.786+0000] {processor.py:836} INFO - DAG(s) dict_keys(['tutorial_dag']) retrieved from /home/airflow/.local/lib/python3.7/site-packages/airflow/example_dags/tutorial_dag.py
[2023-08-20T02:33:24.806+0000] {logging_mixin.py:150} INFO - [2023-08-20T02:33:24.806+0000] {dag.py:2742} INFO - Sync 1 DAGs
[2023-08-20T02:33:24.830+0000] {logging_mixin.py:150} INFO - [2023-08-20T02:33:24.830+0000] {dag.py:3508} INFO - Setting next_dagrun for tutorial_dag to None, run_after=None
[2023-08-20T02:33:24.864+0000] {processor.py:179} INFO - Processing /home/airflow/.local/lib/python3.7/site-packages/airflow/example_dags/tutorial_dag.py took 0.087 seconds
[2023-08-20T02:33:55.322+0000] {processor.py:157} INFO - Started process (PID=646) to work on /home/airflow/.local/lib/python3.7/site-packages/airflow/example_dags/tutorial_dag.py
[2023-08-20T02:33:55.323+0000] {processor.py:826} INFO - Processing file /home/airflow/.local/lib/python3.7/site-packages/airflow/example_dags/tutorial_dag.py for tasks to queue
[2023-08-20T02:33:55.324+0000] {logging_mixin.py:150} INFO - [2023-08-20T02:33:55.324+0000] {dagbag.py:541} INFO - Filling up the DagBag from /home/airflow/.local/lib/python3.7/site-packages/airflow/example_dags/tutorial_dag.py
[2023-08-20T02:33:55.329+0000] {processor.py:836} INFO - DAG(s) dict_keys(['tutorial_dag']) retrieved from /home/airflow/.local/lib/python3.7/site-packages/airflow/example_dags/tutorial_dag.py
[2023-08-20T02:33:55.351+0000] {logging_mixin.py:150} INFO - [2023-08-20T02:33:55.351+0000] {dag.py:2742} INFO - Sync 1 DAGs
[2023-08-20T02:33:55.375+0000] {logging_mixin.py:150} INFO - [2023-08-20T02:33:55.375+0000] {dag.py:3508} INFO - Setting next_dagrun for tutorial_dag to None, run_after=None
[2023-08-20T02:33:55.411+0000] {processor.py:179} INFO - Processing /home/airflow/.local/lib/python3.7/site-packages/airflow/example_dags/tutorial_dag.py took 0.091 seconds
[2023-08-20T02:34:25.928+0000] {processor.py:157} INFO - Started process (PID=719) to work on /home/airflow/.local/lib/python3.7/site-packages/airflow/example_dags/tutorial_dag.py
[2023-08-20T02:34:25.929+0000] {processor.py:826} INFO - Processing file /home/airflow/.local/lib/python3.7/site-packages/airflow/example_dags/tutorial_dag.py for tasks to queue
[2023-08-20T02:34:25.930+0000] {logging_mixin.py:150} INFO - [2023-08-20T02:34:25.930+0000] {dagbag.py:541} INFO - Filling up the DagBag from /home/airflow/.local/lib/python3.7/site-packages/airflow/example_dags/tutorial_dag.py
[2023-08-20T02:34:25.935+0000] {processor.py:836} INFO - DAG(s) dict_keys(['tutorial_dag']) retrieved from /home/airflow/.local/lib/python3.7/site-packages/airflow/example_dags/tutorial_dag.py
[2023-08-20T02:34:25.960+0000] {logging_mixin.py:150} INFO - [2023-08-20T02:34:25.960+0000] {dag.py:2742} INFO - Sync 1 DAGs
[2023-08-20T02:34:25.988+0000] {logging_mixin.py:150} INFO - [2023-08-20T02:34:25.988+0000] {dag.py:3508} INFO - Setting next_dagrun for tutorial_dag to None, run_after=None
[2023-08-20T02:34:26.026+0000] {processor.py:179} INFO - Processing /home/airflow/.local/lib/python3.7/site-packages/airflow/example_dags/tutorial_dag.py took 0.102 seconds
[2023-08-20T02:34:56.160+0000] {processor.py:157} INFO - Started process (PID=792) to work on /home/airflow/.local/lib/python3.7/site-packages/airflow/example_dags/tutorial_dag.py
[2023-08-20T02:34:56.161+0000] {processor.py:826} INFO - Processing file /home/airflow/.local/lib/python3.7/site-packages/airflow/example_dags/tutorial_dag.py for tasks to queue
[2023-08-20T02:34:56.163+0000] {logging_mixin.py:150} INFO - [2023-08-20T02:34:56.162+0000] {dagbag.py:541} INFO - Filling up the DagBag from /home/airflow/.local/lib/python3.7/site-packages/airflow/example_dags/tutorial_dag.py
[2023-08-20T02:34:56.167+0000] {processor.py:836} INFO - DAG(s) dict_keys(['tutorial_dag']) retrieved from /home/airflow/.local/lib/python3.7/site-packages/airflow/example_dags/tutorial_dag.py
[2023-08-20T02:34:56.190+0000] {logging_mixin.py:150} INFO - [2023-08-20T02:34:56.190+0000] {dag.py:2742} INFO - Sync 1 DAGs
[2023-08-20T02:34:56.217+0000] {logging_mixin.py:150} INFO - [2023-08-20T02:34:56.217+0000] {dag.py:3508} INFO - Setting next_dagrun for tutorial_dag to None, run_after=None
[2023-08-20T02:34:56.255+0000] {processor.py:179} INFO - Processing /home/airflow/.local/lib/python3.7/site-packages/airflow/example_dags/tutorial_dag.py took 0.097 seconds
[2023-08-20T02:35:26.498+0000] {processor.py:157} INFO - Started process (PID=865) to work on /home/airflow/.local/lib/python3.7/site-packages/airflow/example_dags/tutorial_dag.py
[2023-08-20T02:35:26.500+0000] {processor.py:826} INFO - Processing file /home/airflow/.local/lib/python3.7/site-packages/airflow/example_dags/tutorial_dag.py for tasks to queue
[2023-08-20T02:35:26.501+0000] {logging_mixin.py:150} INFO - [2023-08-20T02:35:26.501+0000] {dagbag.py:541} INFO - Filling up the DagBag from /home/airflow/.local/lib/python3.7/site-packages/airflow/example_dags/tutorial_dag.py
[2023-08-20T02:35:26.507+0000] {processor.py:836} INFO - DAG(s) dict_keys(['tutorial_dag']) retrieved from /home/airflow/.local/lib/python3.7/site-packages/airflow/example_dags/tutorial_dag.py
[2023-08-20T02:35:26.531+0000] {logging_mixin.py:150} INFO - [2023-08-20T02:35:26.531+0000] {dag.py:2742} INFO - Sync 1 DAGs
[2023-08-20T02:35:26.564+0000] {logging_mixin.py:150} INFO - [2023-08-20T02:35:26.564+0000] {dag.py:3508} INFO - Setting next_dagrun for tutorial_dag to None, run_after=None
[2023-08-20T02:35:26.628+0000] {processor.py:179} INFO - Processing /home/airflow/.local/lib/python3.7/site-packages/airflow/example_dags/tutorial_dag.py took 0.133 seconds
[2023-08-20T02:35:56.713+0000] {processor.py:157} INFO - Started process (PID=939) to work on /home/airflow/.local/lib/python3.7/site-packages/airflow/example_dags/tutorial_dag.py
[2023-08-20T02:35:56.714+0000] {processor.py:826} INFO - Processing file /home/airflow/.local/lib/python3.7/site-packages/airflow/example_dags/tutorial_dag.py for tasks to queue
[2023-08-20T02:35:56.715+0000] {logging_mixin.py:150} INFO - [2023-08-20T02:35:56.715+0000] {dagbag.py:541} INFO - Filling up the DagBag from /home/airflow/.local/lib/python3.7/site-packages/airflow/example_dags/tutorial_dag.py
[2023-08-20T02:35:56.719+0000] {processor.py:836} INFO - DAG(s) dict_keys(['tutorial_dag']) retrieved from /home/airflow/.local/lib/python3.7/site-packages/airflow/example_dags/tutorial_dag.py
[2023-08-20T02:35:56.742+0000] {logging_mixin.py:150} INFO - [2023-08-20T02:35:56.742+0000] {dag.py:2742} INFO - Sync 1 DAGs
[2023-08-20T02:35:56.766+0000] {logging_mixin.py:150} INFO - [2023-08-20T02:35:56.766+0000] {dag.py:3508} INFO - Setting next_dagrun for tutorial_dag to None, run_after=None
[2023-08-20T02:35:56.805+0000] {processor.py:179} INFO - Processing /home/airflow/.local/lib/python3.7/site-packages/airflow/example_dags/tutorial_dag.py took 0.095 seconds
[2023-08-20T02:36:27.061+0000] {processor.py:157} INFO - Started process (PID=1012) to work on /home/airflow/.local/lib/python3.7/site-packages/airflow/example_dags/tutorial_dag.py
[2023-08-20T02:36:27.062+0000] {processor.py:826} INFO - Processing file /home/airflow/.local/lib/python3.7/site-packages/airflow/example_dags/tutorial_dag.py for tasks to queue
[2023-08-20T02:36:27.063+0000] {logging_mixin.py:150} INFO - [2023-08-20T02:36:27.062+0000] {dagbag.py:541} INFO - Filling up the DagBag from /home/airflow/.local/lib/python3.7/site-packages/airflow/example_dags/tutorial_dag.py
[2023-08-20T02:36:27.066+0000] {processor.py:836} INFO - DAG(s) dict_keys(['tutorial_dag']) retrieved from /home/airflow/.local/lib/python3.7/site-packages/airflow/example_dags/tutorial_dag.py
[2023-08-20T02:36:27.086+0000] {logging_mixin.py:150} INFO - [2023-08-20T02:36:27.085+0000] {dag.py:2742} INFO - Sync 1 DAGs
[2023-08-20T02:36:27.108+0000] {logging_mixin.py:150} INFO - [2023-08-20T02:36:27.108+0000] {dag.py:3508} INFO - Setting next_dagrun for tutorial_dag to None, run_after=None
[2023-08-20T02:36:27.143+0000] {processor.py:179} INFO - Processing /home/airflow/.local/lib/python3.7/site-packages/airflow/example_dags/tutorial_dag.py took 0.085 seconds
[2023-08-20T02:36:58.166+0000] {processor.py:157} INFO - Started process (PID=1085) to work on /home/airflow/.local/lib/python3.7/site-packages/airflow/example_dags/tutorial_dag.py
[2023-08-20T02:36:58.167+0000] {processor.py:826} INFO - Processing file /home/airflow/.local/lib/python3.7/site-packages/airflow/example_dags/tutorial_dag.py for tasks to queue
[2023-08-20T02:36:58.169+0000] {logging_mixin.py:150} INFO - [2023-08-20T02:36:58.168+0000] {dagbag.py:541} INFO - Filling up the DagBag from /home/airflow/.local/lib/python3.7/site-packages/airflow/example_dags/tutorial_dag.py
[2023-08-20T02:36:58.173+0000] {processor.py:836} INFO - DAG(s) dict_keys(['tutorial_dag']) retrieved from /home/airflow/.local/lib/python3.7/site-packages/airflow/example_dags/tutorial_dag.py
[2023-08-20T02:36:58.192+0000] {logging_mixin.py:150} INFO - [2023-08-20T02:36:58.191+0000] {dag.py:2742} INFO - Sync 1 DAGs
[2023-08-20T02:36:58.215+0000] {logging_mixin.py:150} INFO - [2023-08-20T02:36:58.214+0000] {dag.py:3508} INFO - Setting next_dagrun for tutorial_dag to None, run_after=None
[2023-08-20T02:36:58.250+0000] {processor.py:179} INFO - Processing /home/airflow/.local/lib/python3.7/site-packages/airflow/example_dags/tutorial_dag.py took 0.086 seconds
[2023-08-20T02:37:28.670+0000] {processor.py:157} INFO - Started process (PID=1158) to work on /home/airflow/.local/lib/python3.7/site-packages/airflow/example_dags/tutorial_dag.py
[2023-08-20T02:37:28.671+0000] {processor.py:826} INFO - Processing file /home/airflow/.local/lib/python3.7/site-packages/airflow/example_dags/tutorial_dag.py for tasks to queue
[2023-08-20T02:37:28.672+0000] {logging_mixin.py:150} INFO - [2023-08-20T02:37:28.671+0000] {dagbag.py:541} INFO - Filling up the DagBag from /home/airflow/.local/lib/python3.7/site-packages/airflow/example_dags/tutorial_dag.py
[2023-08-20T02:37:28.676+0000] {processor.py:836} INFO - DAG(s) dict_keys(['tutorial_dag']) retrieved from /home/airflow/.local/lib/python3.7/site-packages/airflow/example_dags/tutorial_dag.py
[2023-08-20T02:37:28.696+0000] {logging_mixin.py:150} INFO - [2023-08-20T02:37:28.695+0000] {dag.py:2742} INFO - Sync 1 DAGs
[2023-08-20T02:37:28.721+0000] {logging_mixin.py:150} INFO - [2023-08-20T02:37:28.721+0000] {dag.py:3508} INFO - Setting next_dagrun for tutorial_dag to None, run_after=None
[2023-08-20T02:37:28.792+0000] {processor.py:179} INFO - Processing /home/airflow/.local/lib/python3.7/site-packages/airflow/example_dags/tutorial_dag.py took 0.125 seconds
[2023-08-20T02:37:59.287+0000] {processor.py:157} INFO - Started process (PID=1231) to work on /home/airflow/.local/lib/python3.7/site-packages/airflow/example_dags/tutorial_dag.py
[2023-08-20T02:37:59.288+0000] {processor.py:826} INFO - Processing file /home/airflow/.local/lib/python3.7/site-packages/airflow/example_dags/tutorial_dag.py for tasks to queue
[2023-08-20T02:37:59.289+0000] {logging_mixin.py:150} INFO - [2023-08-20T02:37:59.288+0000] {dagbag.py:541} INFO - Filling up the DagBag from /home/airflow/.local/lib/python3.7/site-packages/airflow/example_dags/tutorial_dag.py
[2023-08-20T02:37:59.293+0000] {processor.py:836} INFO - DAG(s) dict_keys(['tutorial_dag']) retrieved from /home/airflow/.local/lib/python3.7/site-packages/airflow/example_dags/tutorial_dag.py
[2023-08-20T02:37:59.315+0000] {logging_mixin.py:150} INFO - [2023-08-20T02:37:59.315+0000] {dag.py:2742} INFO - Sync 1 DAGs
[2023-08-20T02:37:59.340+0000] {logging_mixin.py:150} INFO - [2023-08-20T02:37:59.340+0000] {dag.py:3508} INFO - Setting next_dagrun for tutorial_dag to None, run_after=None
[2023-08-20T02:37:59.377+0000] {processor.py:179} INFO - Processing /home/airflow/.local/lib/python3.7/site-packages/airflow/example_dags/tutorial_dag.py took 0.093 seconds
[2023-08-20T02:38:29.599+0000] {processor.py:157} INFO - Started process (PID=1304) to work on /home/airflow/.local/lib/python3.7/site-packages/airflow/example_dags/tutorial_dag.py
[2023-08-20T02:38:29.600+0000] {processor.py:826} INFO - Processing file /home/airflow/.local/lib/python3.7/site-packages/airflow/example_dags/tutorial_dag.py for tasks to queue
[2023-08-20T02:38:29.602+0000] {logging_mixin.py:150} INFO - [2023-08-20T02:38:29.601+0000] {dagbag.py:541} INFO - Filling up the DagBag from /home/airflow/.local/lib/python3.7/site-packages/airflow/example_dags/tutorial_dag.py
[2023-08-20T02:38:29.606+0000] {processor.py:836} INFO - DAG(s) dict_keys(['tutorial_dag']) retrieved from /home/airflow/.local/lib/python3.7/site-packages/airflow/example_dags/tutorial_dag.py
[2023-08-20T02:38:29.626+0000] {logging_mixin.py:150} INFO - [2023-08-20T02:38:29.626+0000] {dag.py:2742} INFO - Sync 1 DAGs
[2023-08-20T02:38:29.652+0000] {logging_mixin.py:150} INFO - [2023-08-20T02:38:29.652+0000] {dag.py:3508} INFO - Setting next_dagrun for tutorial_dag to None, run_after=None
[2023-08-20T02:38:29.688+0000] {processor.py:179} INFO - Processing /home/airflow/.local/lib/python3.7/site-packages/airflow/example_dags/tutorial_dag.py took 0.091 seconds
[2023-08-20T02:38:59.955+0000] {processor.py:157} INFO - Started process (PID=1377) to work on /home/airflow/.local/lib/python3.7/site-packages/airflow/example_dags/tutorial_dag.py
[2023-08-20T02:38:59.956+0000] {processor.py:826} INFO - Processing file /home/airflow/.local/lib/python3.7/site-packages/airflow/example_dags/tutorial_dag.py for tasks to queue
[2023-08-20T02:38:59.957+0000] {logging_mixin.py:150} INFO - [2023-08-20T02:38:59.957+0000] {dagbag.py:541} INFO - Filling up the DagBag from /home/airflow/.local/lib/python3.7/site-packages/airflow/example_dags/tutorial_dag.py
[2023-08-20T02:38:59.962+0000] {processor.py:836} INFO - DAG(s) dict_keys(['tutorial_dag']) retrieved from /home/airflow/.local/lib/python3.7/site-packages/airflow/example_dags/tutorial_dag.py
[2023-08-20T02:38:59.987+0000] {logging_mixin.py:150} INFO - [2023-08-20T02:38:59.987+0000] {dag.py:2742} INFO - Sync 1 DAGs
[2023-08-20T02:39:00.016+0000] {logging_mixin.py:150} INFO - [2023-08-20T02:39:00.016+0000] {dag.py:3508} INFO - Setting next_dagrun for tutorial_dag to None, run_after=None
[2023-08-20T02:39:00.067+0000] {processor.py:179} INFO - Processing /home/airflow/.local/lib/python3.7/site-packages/airflow/example_dags/tutorial_dag.py took 0.115 seconds
[2023-08-20T02:39:30.294+0000] {processor.py:157} INFO - Started process (PID=1450) to work on /home/airflow/.local/lib/python3.7/site-packages/airflow/example_dags/tutorial_dag.py
[2023-08-20T02:39:30.295+0000] {processor.py:826} INFO - Processing file /home/airflow/.local/lib/python3.7/site-packages/airflow/example_dags/tutorial_dag.py for tasks to queue
[2023-08-20T02:39:30.296+0000] {logging_mixin.py:150} INFO - [2023-08-20T02:39:30.296+0000] {dagbag.py:541} INFO - Filling up the DagBag from /home/airflow/.local/lib/python3.7/site-packages/airflow/example_dags/tutorial_dag.py
[2023-08-20T02:39:30.301+0000] {processor.py:836} INFO - DAG(s) dict_keys(['tutorial_dag']) retrieved from /home/airflow/.local/lib/python3.7/site-packages/airflow/example_dags/tutorial_dag.py
[2023-08-20T02:39:30.320+0000] {logging_mixin.py:150} INFO - [2023-08-20T02:39:30.320+0000] {dag.py:2742} INFO - Sync 1 DAGs
[2023-08-20T02:39:30.346+0000] {logging_mixin.py:150} INFO - [2023-08-20T02:39:30.346+0000] {dag.py:3508} INFO - Setting next_dagrun for tutorial_dag to None, run_after=None
[2023-08-20T02:39:30.381+0000] {processor.py:179} INFO - Processing /home/airflow/.local/lib/python3.7/site-packages/airflow/example_dags/tutorial_dag.py took 0.090 seconds
[2023-08-20T02:40:01.011+0000] {processor.py:157} INFO - Started process (PID=1523) to work on /home/airflow/.local/lib/python3.7/site-packages/airflow/example_dags/tutorial_dag.py
[2023-08-20T02:40:01.012+0000] {processor.py:826} INFO - Processing file /home/airflow/.local/lib/python3.7/site-packages/airflow/example_dags/tutorial_dag.py for tasks to queue
[2023-08-20T02:40:01.013+0000] {logging_mixin.py:150} INFO - [2023-08-20T02:40:01.013+0000] {dagbag.py:541} INFO - Filling up the DagBag from /home/airflow/.local/lib/python3.7/site-packages/airflow/example_dags/tutorial_dag.py
[2023-08-20T02:40:01.018+0000] {processor.py:836} INFO - DAG(s) dict_keys(['tutorial_dag']) retrieved from /home/airflow/.local/lib/python3.7/site-packages/airflow/example_dags/tutorial_dag.py
[2023-08-20T02:40:01.038+0000] {logging_mixin.py:150} INFO - [2023-08-20T02:40:01.038+0000] {dag.py:2742} INFO - Sync 1 DAGs
[2023-08-20T02:40:01.060+0000] {logging_mixin.py:150} INFO - [2023-08-20T02:40:01.060+0000] {dag.py:3508} INFO - Setting next_dagrun for tutorial_dag to None, run_after=None
[2023-08-20T02:40:01.096+0000] {processor.py:179} INFO - Processing /home/airflow/.local/lib/python3.7/site-packages/airflow/example_dags/tutorial_dag.py took 0.087 seconds
[2023-08-20T02:40:31.403+0000] {processor.py:157} INFO - Started process (PID=1596) to work on /home/airflow/.local/lib/python3.7/site-packages/airflow/example_dags/tutorial_dag.py
[2023-08-20T02:40:31.404+0000] {processor.py:826} INFO - Processing file /home/airflow/.local/lib/python3.7/site-packages/airflow/example_dags/tutorial_dag.py for tasks to queue
[2023-08-20T02:40:31.405+0000] {logging_mixin.py:150} INFO - [2023-08-20T02:40:31.405+0000] {dagbag.py:541} INFO - Filling up the DagBag from /home/airflow/.local/lib/python3.7/site-packages/airflow/example_dags/tutorial_dag.py
[2023-08-20T02:40:31.409+0000] {processor.py:836} INFO - DAG(s) dict_keys(['tutorial_dag']) retrieved from /home/airflow/.local/lib/python3.7/site-packages/airflow/example_dags/tutorial_dag.py
[2023-08-20T02:40:31.431+0000] {logging_mixin.py:150} INFO - [2023-08-20T02:40:31.431+0000] {dag.py:2742} INFO - Sync 1 DAGs
[2023-08-20T02:40:31.458+0000] {logging_mixin.py:150} INFO - [2023-08-20T02:40:31.457+0000] {dag.py:3508} INFO - Setting next_dagrun for tutorial_dag to None, run_after=None
[2023-08-20T02:40:31.496+0000] {processor.py:179} INFO - Processing /home/airflow/.local/lib/python3.7/site-packages/airflow/example_dags/tutorial_dag.py took 0.095 seconds
[2023-08-20T02:41:02.050+0000] {processor.py:157} INFO - Started process (PID=1670) to work on /home/airflow/.local/lib/python3.7/site-packages/airflow/example_dags/tutorial_dag.py
[2023-08-20T02:41:02.051+0000] {processor.py:826} INFO - Processing file /home/airflow/.local/lib/python3.7/site-packages/airflow/example_dags/tutorial_dag.py for tasks to queue
[2023-08-20T02:41:02.052+0000] {logging_mixin.py:150} INFO - [2023-08-20T02:41:02.051+0000] {dagbag.py:541} INFO - Filling up the DagBag from /home/airflow/.local/lib/python3.7/site-packages/airflow/example_dags/tutorial_dag.py
[2023-08-20T02:41:02.056+0000] {processor.py:836} INFO - DAG(s) dict_keys(['tutorial_dag']) retrieved from /home/airflow/.local/lib/python3.7/site-packages/airflow/example_dags/tutorial_dag.py
[2023-08-20T02:41:02.076+0000] {logging_mixin.py:150} INFO - [2023-08-20T02:41:02.076+0000] {dag.py:2742} INFO - Sync 1 DAGs
[2023-08-20T02:41:02.101+0000] {logging_mixin.py:150} INFO - [2023-08-20T02:41:02.101+0000] {dag.py:3508} INFO - Setting next_dagrun for tutorial_dag to None, run_after=None
[2023-08-20T02:41:02.142+0000] {processor.py:179} INFO - Processing /home/airflow/.local/lib/python3.7/site-packages/airflow/example_dags/tutorial_dag.py took 0.096 seconds
[2023-08-20T02:41:32.308+0000] {processor.py:157} INFO - Started process (PID=1743) to work on /home/airflow/.local/lib/python3.7/site-packages/airflow/example_dags/tutorial_dag.py
[2023-08-20T02:41:32.309+0000] {processor.py:826} INFO - Processing file /home/airflow/.local/lib/python3.7/site-packages/airflow/example_dags/tutorial_dag.py for tasks to queue
[2023-08-20T02:41:32.310+0000] {logging_mixin.py:150} INFO - [2023-08-20T02:41:32.310+0000] {dagbag.py:541} INFO - Filling up the DagBag from /home/airflow/.local/lib/python3.7/site-packages/airflow/example_dags/tutorial_dag.py
[2023-08-20T02:41:32.314+0000] {processor.py:836} INFO - DAG(s) dict_keys(['tutorial_dag']) retrieved from /home/airflow/.local/lib/python3.7/site-packages/airflow/example_dags/tutorial_dag.py
[2023-08-20T02:41:32.334+0000] {logging_mixin.py:150} INFO - [2023-08-20T02:41:32.334+0000] {dag.py:2742} INFO - Sync 1 DAGs
[2023-08-20T02:41:32.357+0000] {logging_mixin.py:150} INFO - [2023-08-20T02:41:32.357+0000] {dag.py:3508} INFO - Setting next_dagrun for tutorial_dag to None, run_after=None
[2023-08-20T02:41:32.394+0000] {processor.py:179} INFO - Processing /home/airflow/.local/lib/python3.7/site-packages/airflow/example_dags/tutorial_dag.py took 0.089 seconds
[2023-08-20T02:42:02.740+0000] {processor.py:157} INFO - Started process (PID=1816) to work on /home/airflow/.local/lib/python3.7/site-packages/airflow/example_dags/tutorial_dag.py
[2023-08-20T02:42:02.741+0000] {processor.py:826} INFO - Processing file /home/airflow/.local/lib/python3.7/site-packages/airflow/example_dags/tutorial_dag.py for tasks to queue
[2023-08-20T02:42:02.742+0000] {logging_mixin.py:150} INFO - [2023-08-20T02:42:02.742+0000] {dagbag.py:541} INFO - Filling up the DagBag from /home/airflow/.local/lib/python3.7/site-packages/airflow/example_dags/tutorial_dag.py
[2023-08-20T02:42:02.746+0000] {processor.py:836} INFO - DAG(s) dict_keys(['tutorial_dag']) retrieved from /home/airflow/.local/lib/python3.7/site-packages/airflow/example_dags/tutorial_dag.py
[2023-08-20T02:42:02.773+0000] {logging_mixin.py:150} INFO - [2023-08-20T02:42:02.773+0000] {dag.py:2742} INFO - Sync 1 DAGs
[2023-08-20T02:42:02.804+0000] {logging_mixin.py:150} INFO - [2023-08-20T02:42:02.804+0000] {dag.py:3508} INFO - Setting next_dagrun for tutorial_dag to None, run_after=None
[2023-08-20T02:42:02.846+0000] {processor.py:179} INFO - Processing /home/airflow/.local/lib/python3.7/site-packages/airflow/example_dags/tutorial_dag.py took 0.109 seconds
[2023-08-20T02:42:33.204+0000] {processor.py:157} INFO - Started process (PID=1889) to work on /home/airflow/.local/lib/python3.7/site-packages/airflow/example_dags/tutorial_dag.py
[2023-08-20T02:42:33.204+0000] {processor.py:826} INFO - Processing file /home/airflow/.local/lib/python3.7/site-packages/airflow/example_dags/tutorial_dag.py for tasks to queue
[2023-08-20T02:42:33.205+0000] {logging_mixin.py:150} INFO - [2023-08-20T02:42:33.205+0000] {dagbag.py:541} INFO - Filling up the DagBag from /home/airflow/.local/lib/python3.7/site-packages/airflow/example_dags/tutorial_dag.py
[2023-08-20T02:42:33.209+0000] {processor.py:836} INFO - DAG(s) dict_keys(['tutorial_dag']) retrieved from /home/airflow/.local/lib/python3.7/site-packages/airflow/example_dags/tutorial_dag.py
[2023-08-20T02:42:33.230+0000] {logging_mixin.py:150} INFO - [2023-08-20T02:42:33.230+0000] {dag.py:2742} INFO - Sync 1 DAGs
[2023-08-20T02:42:33.259+0000] {logging_mixin.py:150} INFO - [2023-08-20T02:42:33.259+0000] {dag.py:3508} INFO - Setting next_dagrun for tutorial_dag to None, run_after=None
[2023-08-20T02:42:33.295+0000] {processor.py:179} INFO - Processing /home/airflow/.local/lib/python3.7/site-packages/airflow/example_dags/tutorial_dag.py took 0.094 seconds
[2023-08-20T02:43:03.792+0000] {processor.py:157} INFO - Started process (PID=1963) to work on /home/airflow/.local/lib/python3.7/site-packages/airflow/example_dags/tutorial_dag.py
[2023-08-20T02:43:03.793+0000] {processor.py:826} INFO - Processing file /home/airflow/.local/lib/python3.7/site-packages/airflow/example_dags/tutorial_dag.py for tasks to queue
[2023-08-20T02:43:03.794+0000] {logging_mixin.py:150} INFO - [2023-08-20T02:43:03.794+0000] {dagbag.py:541} INFO - Filling up the DagBag from /home/airflow/.local/lib/python3.7/site-packages/airflow/example_dags/tutorial_dag.py
[2023-08-20T02:43:03.799+0000] {processor.py:836} INFO - DAG(s) dict_keys(['tutorial_dag']) retrieved from /home/airflow/.local/lib/python3.7/site-packages/airflow/example_dags/tutorial_dag.py
[2023-08-20T02:43:03.823+0000] {logging_mixin.py:150} INFO - [2023-08-20T02:43:03.823+0000] {dag.py:2742} INFO - Sync 1 DAGs
[2023-08-20T02:43:03.853+0000] {logging_mixin.py:150} INFO - [2023-08-20T02:43:03.853+0000] {dag.py:3508} INFO - Setting next_dagrun for tutorial_dag to None, run_after=None
[2023-08-20T02:43:03.895+0000] {processor.py:179} INFO - Processing /home/airflow/.local/lib/python3.7/site-packages/airflow/example_dags/tutorial_dag.py took 0.105 seconds
