[2023-08-24T09:54:17.349+0000] {processor.py:157} INFO - Started process (PID=35) to work on /opt/airflow/dags/dags_bash_select_dog.py
[2023-08-24T09:54:17.351+0000] {processor.py:826} INFO - Processing file /opt/airflow/dags/dags_bash_select_dog.py for tasks to queue
[2023-08-24T09:54:17.352+0000] {logging_mixin.py:150} INFO - [2023-08-24T09:54:17.351+0000] {dagbag.py:541} INFO - Filling up the DagBag from /opt/airflow/dags/dags_bash_select_dog.py
[2023-08-24T09:54:17.382+0000] {processor.py:836} INFO - DAG(s) dict_keys(['dags_bash_select_dog']) retrieved from /opt/airflow/dags/dags_bash_select_dog.py
[2023-08-24T09:54:17.429+0000] {logging_mixin.py:150} INFO - [2023-08-24T09:54:17.429+0000] {dag.py:2742} INFO - Sync 1 DAGs
[2023-08-24T09:54:17.549+0000] {logging_mixin.py:150} INFO - [2023-08-24T09:54:17.549+0000] {dag.py:3508} INFO - Setting next_dagrun for dags_bash_select_dog to 2023-08-05T00:10:00+00:00, run_after=2023-09-02T00:10:00+00:00
[2023-08-24T09:54:17.616+0000] {processor.py:179} INFO - Processing /opt/airflow/dags/dags_bash_select_dog.py took 0.269 seconds
[2023-08-24T09:54:48.079+0000] {processor.py:157} INFO - Started process (PID=111) to work on /opt/airflow/dags/dags_bash_select_dog.py
[2023-08-24T09:54:48.080+0000] {processor.py:826} INFO - Processing file /opt/airflow/dags/dags_bash_select_dog.py for tasks to queue
[2023-08-24T09:54:48.082+0000] {logging_mixin.py:150} INFO - [2023-08-24T09:54:48.081+0000] {dagbag.py:541} INFO - Filling up the DagBag from /opt/airflow/dags/dags_bash_select_dog.py
[2023-08-24T09:54:48.112+0000] {processor.py:836} INFO - DAG(s) dict_keys(['dags_bash_select_dog']) retrieved from /opt/airflow/dags/dags_bash_select_dog.py
[2023-08-24T09:54:48.231+0000] {logging_mixin.py:150} INFO - [2023-08-24T09:54:48.231+0000] {dag.py:2742} INFO - Sync 1 DAGs
[2023-08-24T09:54:48.259+0000] {logging_mixin.py:150} INFO - [2023-08-24T09:54:48.259+0000] {dag.py:3508} INFO - Setting next_dagrun for dags_bash_select_dog to 2023-08-05T00:10:00+00:00, run_after=2023-09-02T00:10:00+00:00
[2023-08-24T09:54:48.297+0000] {processor.py:179} INFO - Processing /opt/airflow/dags/dags_bash_select_dog.py took 0.221 seconds
[2023-08-24T09:55:18.360+0000] {processor.py:157} INFO - Started process (PID=187) to work on /opt/airflow/dags/dags_bash_select_dog.py
[2023-08-24T09:55:18.361+0000] {processor.py:826} INFO - Processing file /opt/airflow/dags/dags_bash_select_dog.py for tasks to queue
[2023-08-24T09:55:18.362+0000] {logging_mixin.py:150} INFO - [2023-08-24T09:55:18.362+0000] {dagbag.py:541} INFO - Filling up the DagBag from /opt/airflow/dags/dags_bash_select_dog.py
[2023-08-24T09:55:18.393+0000] {processor.py:836} INFO - DAG(s) dict_keys(['dags_bash_select_dog']) retrieved from /opt/airflow/dags/dags_bash_select_dog.py
[2023-08-24T09:55:18.421+0000] {logging_mixin.py:150} INFO - [2023-08-24T09:55:18.421+0000] {dag.py:2742} INFO - Sync 1 DAGs
[2023-08-24T09:55:18.452+0000] {logging_mixin.py:150} INFO - [2023-08-24T09:55:18.452+0000] {dag.py:3508} INFO - Setting next_dagrun for dags_bash_select_dog to 2023-08-05T00:10:00+00:00, run_after=2023-09-02T00:10:00+00:00
[2023-08-24T09:55:18.510+0000] {processor.py:179} INFO - Processing /opt/airflow/dags/dags_bash_select_dog.py took 0.153 seconds
[2023-08-24T09:55:48.780+0000] {processor.py:157} INFO - Started process (PID=263) to work on /opt/airflow/dags/dags_bash_select_dog.py
[2023-08-24T09:55:48.782+0000] {processor.py:826} INFO - Processing file /opt/airflow/dags/dags_bash_select_dog.py for tasks to queue
[2023-08-24T09:55:48.784+0000] {logging_mixin.py:150} INFO - [2023-08-24T09:55:48.783+0000] {dagbag.py:541} INFO - Filling up the DagBag from /opt/airflow/dags/dags_bash_select_dog.py
[2023-08-24T09:55:48.826+0000] {processor.py:836} INFO - DAG(s) dict_keys(['dags_bash_select_dog']) retrieved from /opt/airflow/dags/dags_bash_select_dog.py
[2023-08-24T09:55:48.849+0000] {logging_mixin.py:150} INFO - [2023-08-24T09:55:48.849+0000] {dag.py:2742} INFO - Sync 1 DAGs
[2023-08-24T09:55:48.882+0000] {logging_mixin.py:150} INFO - [2023-08-24T09:55:48.881+0000] {dag.py:3508} INFO - Setting next_dagrun for dags_bash_select_dog to 2023-08-05T00:10:00+00:00, run_after=2023-09-02T00:10:00+00:00
[2023-08-24T09:55:48.934+0000] {processor.py:179} INFO - Processing /opt/airflow/dags/dags_bash_select_dog.py took 0.160 seconds
[2023-08-24T09:56:19.639+0000] {processor.py:157} INFO - Started process (PID=339) to work on /opt/airflow/dags/dags_bash_select_dog.py
[2023-08-24T09:56:19.640+0000] {processor.py:826} INFO - Processing file /opt/airflow/dags/dags_bash_select_dog.py for tasks to queue
[2023-08-24T09:56:19.641+0000] {logging_mixin.py:150} INFO - [2023-08-24T09:56:19.641+0000] {dagbag.py:541} INFO - Filling up the DagBag from /opt/airflow/dags/dags_bash_select_dog.py
[2023-08-24T09:56:19.668+0000] {processor.py:836} INFO - DAG(s) dict_keys(['dags_bash_select_dog']) retrieved from /opt/airflow/dags/dags_bash_select_dog.py
[2023-08-24T09:56:19.691+0000] {logging_mixin.py:150} INFO - [2023-08-24T09:56:19.691+0000] {dag.py:2742} INFO - Sync 1 DAGs
[2023-08-24T09:56:19.721+0000] {logging_mixin.py:150} INFO - [2023-08-24T09:56:19.721+0000] {dag.py:3508} INFO - Setting next_dagrun for dags_bash_select_dog to 2023-08-05T00:10:00+00:00, run_after=2023-09-02T00:10:00+00:00
[2023-08-24T09:56:19.759+0000] {processor.py:179} INFO - Processing /opt/airflow/dags/dags_bash_select_dog.py took 0.124 seconds
[2023-08-24T09:56:50.359+0000] {processor.py:157} INFO - Started process (PID=415) to work on /opt/airflow/dags/dags_bash_select_dog.py
[2023-08-24T09:56:50.360+0000] {processor.py:826} INFO - Processing file /opt/airflow/dags/dags_bash_select_dog.py for tasks to queue
[2023-08-24T09:56:50.362+0000] {logging_mixin.py:150} INFO - [2023-08-24T09:56:50.361+0000] {dagbag.py:541} INFO - Filling up the DagBag from /opt/airflow/dags/dags_bash_select_dog.py
[2023-08-24T09:56:50.400+0000] {processor.py:836} INFO - DAG(s) dict_keys(['dags_bash_select_dog']) retrieved from /opt/airflow/dags/dags_bash_select_dog.py
[2023-08-24T09:56:50.438+0000] {logging_mixin.py:150} INFO - [2023-08-24T09:56:50.437+0000] {dag.py:2742} INFO - Sync 1 DAGs
[2023-08-24T09:56:50.473+0000] {logging_mixin.py:150} INFO - [2023-08-24T09:56:50.473+0000] {dag.py:3508} INFO - Setting next_dagrun for dags_bash_select_dog to 2023-08-05T00:10:00+00:00, run_after=2023-09-02T00:10:00+00:00
[2023-08-24T09:56:50.514+0000] {processor.py:179} INFO - Processing /opt/airflow/dags/dags_bash_select_dog.py took 0.160 seconds
[2023-08-24T09:57:21.382+0000] {processor.py:157} INFO - Started process (PID=491) to work on /opt/airflow/dags/dags_bash_select_dog.py
[2023-08-24T09:57:21.384+0000] {processor.py:826} INFO - Processing file /opt/airflow/dags/dags_bash_select_dog.py for tasks to queue
[2023-08-24T09:57:21.385+0000] {logging_mixin.py:150} INFO - [2023-08-24T09:57:21.385+0000] {dagbag.py:541} INFO - Filling up the DagBag from /opt/airflow/dags/dags_bash_select_dog.py
[2023-08-24T09:57:21.421+0000] {processor.py:836} INFO - DAG(s) dict_keys(['dags_bash_select_dog']) retrieved from /opt/airflow/dags/dags_bash_select_dog.py
[2023-08-24T09:57:21.451+0000] {logging_mixin.py:150} INFO - [2023-08-24T09:57:21.450+0000] {dag.py:2742} INFO - Sync 1 DAGs
[2023-08-24T09:57:21.491+0000] {logging_mixin.py:150} INFO - [2023-08-24T09:57:21.491+0000] {dag.py:3508} INFO - Setting next_dagrun for dags_bash_select_dog to 2023-08-05T00:10:00+00:00, run_after=2023-09-02T00:10:00+00:00
[2023-08-24T09:57:21.552+0000] {processor.py:179} INFO - Processing /opt/airflow/dags/dags_bash_select_dog.py took 0.173 seconds
[2023-08-24T09:57:52.089+0000] {processor.py:157} INFO - Started process (PID=567) to work on /opt/airflow/dags/dags_bash_select_dog.py
[2023-08-24T09:57:52.090+0000] {processor.py:826} INFO - Processing file /opt/airflow/dags/dags_bash_select_dog.py for tasks to queue
[2023-08-24T09:57:52.091+0000] {logging_mixin.py:150} INFO - [2023-08-24T09:57:52.091+0000] {dagbag.py:541} INFO - Filling up the DagBag from /opt/airflow/dags/dags_bash_select_dog.py
[2023-08-24T09:57:52.122+0000] {processor.py:836} INFO - DAG(s) dict_keys(['dags_bash_select_dog']) retrieved from /opt/airflow/dags/dags_bash_select_dog.py
[2023-08-24T09:57:52.144+0000] {logging_mixin.py:150} INFO - [2023-08-24T09:57:52.144+0000] {dag.py:2742} INFO - Sync 1 DAGs
[2023-08-24T09:57:52.173+0000] {logging_mixin.py:150} INFO - [2023-08-24T09:57:52.173+0000] {dag.py:3508} INFO - Setting next_dagrun for dags_bash_select_dog to 2023-08-05T00:10:00+00:00, run_after=2023-09-02T00:10:00+00:00
[2023-08-24T09:57:52.213+0000] {processor.py:179} INFO - Processing /opt/airflow/dags/dags_bash_select_dog.py took 0.127 seconds
[2023-08-24T09:58:22.645+0000] {processor.py:157} INFO - Started process (PID=643) to work on /opt/airflow/dags/dags_bash_select_dog.py
[2023-08-24T09:58:22.646+0000] {processor.py:826} INFO - Processing file /opt/airflow/dags/dags_bash_select_dog.py for tasks to queue
[2023-08-24T09:58:22.647+0000] {logging_mixin.py:150} INFO - [2023-08-24T09:58:22.647+0000] {dagbag.py:541} INFO - Filling up the DagBag from /opt/airflow/dags/dags_bash_select_dog.py
[2023-08-24T09:58:22.677+0000] {processor.py:836} INFO - DAG(s) dict_keys(['dags_bash_select_dog']) retrieved from /opt/airflow/dags/dags_bash_select_dog.py
[2023-08-24T09:58:22.702+0000] {logging_mixin.py:150} INFO - [2023-08-24T09:58:22.702+0000] {dag.py:2742} INFO - Sync 1 DAGs
[2023-08-24T09:58:22.733+0000] {logging_mixin.py:150} INFO - [2023-08-24T09:58:22.733+0000] {dag.py:3508} INFO - Setting next_dagrun for dags_bash_select_dog to 2023-08-05T00:10:00+00:00, run_after=2023-09-02T00:10:00+00:00
[2023-08-24T09:58:22.772+0000] {processor.py:179} INFO - Processing /opt/airflow/dags/dags_bash_select_dog.py took 0.130 seconds
[2023-08-24T09:58:53.229+0000] {processor.py:157} INFO - Started process (PID=719) to work on /opt/airflow/dags/dags_bash_select_dog.py
[2023-08-24T09:58:53.230+0000] {processor.py:826} INFO - Processing file /opt/airflow/dags/dags_bash_select_dog.py for tasks to queue
[2023-08-24T09:58:53.231+0000] {logging_mixin.py:150} INFO - [2023-08-24T09:58:53.231+0000] {dagbag.py:541} INFO - Filling up the DagBag from /opt/airflow/dags/dags_bash_select_dog.py
[2023-08-24T09:58:53.261+0000] {processor.py:836} INFO - DAG(s) dict_keys(['dags_bash_select_dog']) retrieved from /opt/airflow/dags/dags_bash_select_dog.py
[2023-08-24T09:58:53.283+0000] {logging_mixin.py:150} INFO - [2023-08-24T09:58:53.283+0000] {dag.py:2742} INFO - Sync 1 DAGs
[2023-08-24T09:58:53.313+0000] {logging_mixin.py:150} INFO - [2023-08-24T09:58:53.313+0000] {dag.py:3508} INFO - Setting next_dagrun for dags_bash_select_dog to 2023-08-05T00:10:00+00:00, run_after=2023-09-02T00:10:00+00:00
[2023-08-24T09:58:53.394+0000] {processor.py:179} INFO - Processing /opt/airflow/dags/dags_bash_select_dog.py took 0.168 seconds
[2023-08-24T09:59:23.707+0000] {processor.py:157} INFO - Started process (PID=795) to work on /opt/airflow/dags/dags_bash_select_dog.py
[2023-08-24T09:59:23.708+0000] {processor.py:826} INFO - Processing file /opt/airflow/dags/dags_bash_select_dog.py for tasks to queue
[2023-08-24T09:59:23.709+0000] {logging_mixin.py:150} INFO - [2023-08-24T09:59:23.709+0000] {dagbag.py:541} INFO - Filling up the DagBag from /opt/airflow/dags/dags_bash_select_dog.py
[2023-08-24T09:59:23.738+0000] {processor.py:836} INFO - DAG(s) dict_keys(['dags_bash_select_dog']) retrieved from /opt/airflow/dags/dags_bash_select_dog.py
[2023-08-24T09:59:23.761+0000] {logging_mixin.py:150} INFO - [2023-08-24T09:59:23.761+0000] {dag.py:2742} INFO - Sync 1 DAGs
[2023-08-24T09:59:23.791+0000] {logging_mixin.py:150} INFO - [2023-08-24T09:59:23.791+0000] {dag.py:3508} INFO - Setting next_dagrun for dags_bash_select_dog to 2023-08-05T00:10:00+00:00, run_after=2023-09-02T00:10:00+00:00
[2023-08-24T09:59:23.830+0000] {processor.py:179} INFO - Processing /opt/airflow/dags/dags_bash_select_dog.py took 0.126 seconds
[2023-08-24T09:59:54.046+0000] {processor.py:157} INFO - Started process (PID=871) to work on /opt/airflow/dags/dags_bash_select_dog.py
[2023-08-24T09:59:54.047+0000] {processor.py:826} INFO - Processing file /opt/airflow/dags/dags_bash_select_dog.py for tasks to queue
[2023-08-24T09:59:54.049+0000] {logging_mixin.py:150} INFO - [2023-08-24T09:59:54.048+0000] {dagbag.py:541} INFO - Filling up the DagBag from /opt/airflow/dags/dags_bash_select_dog.py
[2023-08-24T09:59:54.083+0000] {processor.py:836} INFO - DAG(s) dict_keys(['dags_bash_select_dog']) retrieved from /opt/airflow/dags/dags_bash_select_dog.py
[2023-08-24T09:59:54.107+0000] {logging_mixin.py:150} INFO - [2023-08-24T09:59:54.107+0000] {dag.py:2742} INFO - Sync 1 DAGs
[2023-08-24T09:59:54.137+0000] {logging_mixin.py:150} INFO - [2023-08-24T09:59:54.137+0000] {dag.py:3508} INFO - Setting next_dagrun for dags_bash_select_dog to 2023-08-05T00:10:00+00:00, run_after=2023-09-02T00:10:00+00:00
[2023-08-24T09:59:54.177+0000] {processor.py:179} INFO - Processing /opt/airflow/dags/dags_bash_select_dog.py took 0.136 seconds
[2023-08-24T10:00:24.297+0000] {processor.py:157} INFO - Started process (PID=947) to work on /opt/airflow/dags/dags_bash_select_dog.py
[2023-08-24T10:00:24.298+0000] {processor.py:826} INFO - Processing file /opt/airflow/dags/dags_bash_select_dog.py for tasks to queue
[2023-08-24T10:00:24.299+0000] {logging_mixin.py:150} INFO - [2023-08-24T10:00:24.299+0000] {dagbag.py:541} INFO - Filling up the DagBag from /opt/airflow/dags/dags_bash_select_dog.py
[2023-08-24T10:00:24.331+0000] {processor.py:836} INFO - DAG(s) dict_keys(['dags_bash_select_dog']) retrieved from /opt/airflow/dags/dags_bash_select_dog.py
[2023-08-24T10:00:24.356+0000] {logging_mixin.py:150} INFO - [2023-08-24T10:00:24.356+0000] {dag.py:2742} INFO - Sync 1 DAGs
[2023-08-24T10:00:24.392+0000] {logging_mixin.py:150} INFO - [2023-08-24T10:00:24.391+0000] {dag.py:3508} INFO - Setting next_dagrun for dags_bash_select_dog to 2023-08-05T00:10:00+00:00, run_after=2023-09-02T00:10:00+00:00
[2023-08-24T10:00:24.432+0000] {processor.py:179} INFO - Processing /opt/airflow/dags/dags_bash_select_dog.py took 0.138 seconds
[2023-08-24T10:00:55.024+0000] {processor.py:157} INFO - Started process (PID=1023) to work on /opt/airflow/dags/dags_bash_select_dog.py
[2023-08-24T10:00:55.025+0000] {processor.py:826} INFO - Processing file /opt/airflow/dags/dags_bash_select_dog.py for tasks to queue
[2023-08-24T10:00:55.026+0000] {logging_mixin.py:150} INFO - [2023-08-24T10:00:55.026+0000] {dagbag.py:541} INFO - Filling up the DagBag from /opt/airflow/dags/dags_bash_select_dog.py
[2023-08-24T10:00:55.055+0000] {processor.py:836} INFO - DAG(s) dict_keys(['dags_bash_select_dog']) retrieved from /opt/airflow/dags/dags_bash_select_dog.py
[2023-08-24T10:00:55.076+0000] {logging_mixin.py:150} INFO - [2023-08-24T10:00:55.076+0000] {dag.py:2742} INFO - Sync 1 DAGs
[2023-08-24T10:00:55.107+0000] {logging_mixin.py:150} INFO - [2023-08-24T10:00:55.107+0000] {dag.py:3508} INFO - Setting next_dagrun for dags_bash_select_dog to 2023-08-05T00:10:00+00:00, run_after=2023-09-02T00:10:00+00:00
[2023-08-24T10:00:55.144+0000] {processor.py:179} INFO - Processing /opt/airflow/dags/dags_bash_select_dog.py took 0.123 seconds
[2023-08-24T10:01:26.057+0000] {processor.py:157} INFO - Started process (PID=1099) to work on /opt/airflow/dags/dags_bash_select_dog.py
[2023-08-24T10:01:26.058+0000] {processor.py:826} INFO - Processing file /opt/airflow/dags/dags_bash_select_dog.py for tasks to queue
[2023-08-24T10:01:26.059+0000] {logging_mixin.py:150} INFO - [2023-08-24T10:01:26.058+0000] {dagbag.py:541} INFO - Filling up the DagBag from /opt/airflow/dags/dags_bash_select_dog.py
[2023-08-24T10:01:26.088+0000] {processor.py:836} INFO - DAG(s) dict_keys(['dags_bash_select_dog']) retrieved from /opt/airflow/dags/dags_bash_select_dog.py
[2023-08-24T10:01:26.110+0000] {logging_mixin.py:150} INFO - [2023-08-24T10:01:26.110+0000] {dag.py:2742} INFO - Sync 1 DAGs
[2023-08-24T10:01:26.141+0000] {logging_mixin.py:150} INFO - [2023-08-24T10:01:26.140+0000] {dag.py:3508} INFO - Setting next_dagrun for dags_bash_select_dog to 2023-08-05T00:10:00+00:00, run_after=2023-09-02T00:10:00+00:00
[2023-08-24T10:01:26.180+0000] {processor.py:179} INFO - Processing /opt/airflow/dags/dags_bash_select_dog.py took 0.127 seconds
[2023-08-24T10:01:57.042+0000] {processor.py:157} INFO - Started process (PID=1175) to work on /opt/airflow/dags/dags_bash_select_dog.py
[2023-08-24T10:01:57.043+0000] {processor.py:826} INFO - Processing file /opt/airflow/dags/dags_bash_select_dog.py for tasks to queue
[2023-08-24T10:01:57.045+0000] {logging_mixin.py:150} INFO - [2023-08-24T10:01:57.044+0000] {dagbag.py:541} INFO - Filling up the DagBag from /opt/airflow/dags/dags_bash_select_dog.py
[2023-08-24T10:01:57.074+0000] {processor.py:836} INFO - DAG(s) dict_keys(['dags_bash_select_dog']) retrieved from /opt/airflow/dags/dags_bash_select_dog.py
[2023-08-24T10:01:57.097+0000] {logging_mixin.py:150} INFO - [2023-08-24T10:01:57.097+0000] {dag.py:2742} INFO - Sync 1 DAGs
[2023-08-24T10:01:57.128+0000] {logging_mixin.py:150} INFO - [2023-08-24T10:01:57.128+0000] {dag.py:3508} INFO - Setting next_dagrun for dags_bash_select_dog to 2023-08-05T00:10:00+00:00, run_after=2023-09-02T00:10:00+00:00
[2023-08-24T10:01:57.168+0000] {processor.py:179} INFO - Processing /opt/airflow/dags/dags_bash_select_dog.py took 0.128 seconds
[2023-08-24T10:02:27.382+0000] {processor.py:157} INFO - Started process (PID=1251) to work on /opt/airflow/dags/dags_bash_select_dog.py
[2023-08-24T10:02:27.383+0000] {processor.py:826} INFO - Processing file /opt/airflow/dags/dags_bash_select_dog.py for tasks to queue
[2023-08-24T10:02:27.384+0000] {logging_mixin.py:150} INFO - [2023-08-24T10:02:27.384+0000] {dagbag.py:541} INFO - Filling up the DagBag from /opt/airflow/dags/dags_bash_select_dog.py
[2023-08-24T10:02:27.416+0000] {processor.py:836} INFO - DAG(s) dict_keys(['dags_bash_select_dog']) retrieved from /opt/airflow/dags/dags_bash_select_dog.py
[2023-08-24T10:02:27.448+0000] {logging_mixin.py:150} INFO - [2023-08-24T10:02:27.448+0000] {dag.py:2742} INFO - Sync 1 DAGs
[2023-08-24T10:02:27.480+0000] {logging_mixin.py:150} INFO - [2023-08-24T10:02:27.479+0000] {dag.py:3508} INFO - Setting next_dagrun for dags_bash_select_dog to 2023-08-05T00:10:00+00:00, run_after=2023-09-02T00:10:00+00:00
[2023-08-24T10:02:27.519+0000] {processor.py:179} INFO - Processing /opt/airflow/dags/dags_bash_select_dog.py took 0.141 seconds
[2023-08-24T10:02:57.699+0000] {processor.py:157} INFO - Started process (PID=1327) to work on /opt/airflow/dags/dags_bash_select_dog.py
[2023-08-24T10:02:57.700+0000] {processor.py:826} INFO - Processing file /opt/airflow/dags/dags_bash_select_dog.py for tasks to queue
[2023-08-24T10:02:57.701+0000] {logging_mixin.py:150} INFO - [2023-08-24T10:02:57.701+0000] {dagbag.py:541} INFO - Filling up the DagBag from /opt/airflow/dags/dags_bash_select_dog.py
[2023-08-24T10:02:57.729+0000] {processor.py:836} INFO - DAG(s) dict_keys(['dags_bash_select_dog']) retrieved from /opt/airflow/dags/dags_bash_select_dog.py
[2023-08-24T10:02:57.751+0000] {logging_mixin.py:150} INFO - [2023-08-24T10:02:57.751+0000] {dag.py:2742} INFO - Sync 1 DAGs
[2023-08-24T10:02:57.782+0000] {logging_mixin.py:150} INFO - [2023-08-24T10:02:57.782+0000] {dag.py:3508} INFO - Setting next_dagrun for dags_bash_select_dog to 2023-08-05T00:10:00+00:00, run_after=2023-09-02T00:10:00+00:00
[2023-08-24T10:02:57.821+0000] {processor.py:179} INFO - Processing /opt/airflow/dags/dags_bash_select_dog.py took 0.125 seconds
[2023-08-24T10:03:28.266+0000] {processor.py:157} INFO - Started process (PID=1403) to work on /opt/airflow/dags/dags_bash_select_dog.py
[2023-08-24T10:03:28.267+0000] {processor.py:826} INFO - Processing file /opt/airflow/dags/dags_bash_select_dog.py for tasks to queue
[2023-08-24T10:03:28.268+0000] {logging_mixin.py:150} INFO - [2023-08-24T10:03:28.268+0000] {dagbag.py:541} INFO - Filling up the DagBag from /opt/airflow/dags/dags_bash_select_dog.py
[2023-08-24T10:03:28.296+0000] {processor.py:836} INFO - DAG(s) dict_keys(['dags_bash_select_dog']) retrieved from /opt/airflow/dags/dags_bash_select_dog.py
[2023-08-24T10:03:28.317+0000] {logging_mixin.py:150} INFO - [2023-08-24T10:03:28.317+0000] {dag.py:2742} INFO - Sync 1 DAGs
[2023-08-24T10:03:28.347+0000] {logging_mixin.py:150} INFO - [2023-08-24T10:03:28.347+0000] {dag.py:3508} INFO - Setting next_dagrun for dags_bash_select_dog to 2023-08-05T00:10:00+00:00, run_after=2023-09-02T00:10:00+00:00
[2023-08-24T10:03:28.386+0000] {processor.py:179} INFO - Processing /opt/airflow/dags/dags_bash_select_dog.py took 0.123 seconds
[2023-08-24T10:03:58.779+0000] {processor.py:157} INFO - Started process (PID=1479) to work on /opt/airflow/dags/dags_bash_select_dog.py
[2023-08-24T10:03:58.780+0000] {processor.py:826} INFO - Processing file /opt/airflow/dags/dags_bash_select_dog.py for tasks to queue
[2023-08-24T10:03:58.781+0000] {logging_mixin.py:150} INFO - [2023-08-24T10:03:58.781+0000] {dagbag.py:541} INFO - Filling up the DagBag from /opt/airflow/dags/dags_bash_select_dog.py
[2023-08-24T10:03:58.810+0000] {processor.py:836} INFO - DAG(s) dict_keys(['dags_bash_select_dog']) retrieved from /opt/airflow/dags/dags_bash_select_dog.py
[2023-08-24T10:03:58.832+0000] {logging_mixin.py:150} INFO - [2023-08-24T10:03:58.831+0000] {dag.py:2742} INFO - Sync 1 DAGs
[2023-08-24T10:03:58.866+0000] {logging_mixin.py:150} INFO - [2023-08-24T10:03:58.866+0000] {dag.py:3508} INFO - Setting next_dagrun for dags_bash_select_dog to 2023-08-05T00:10:00+00:00, run_after=2023-09-02T00:10:00+00:00
[2023-08-24T10:03:58.909+0000] {processor.py:179} INFO - Processing /opt/airflow/dags/dags_bash_select_dog.py took 0.134 seconds
