[2023-08-26T02:01:24.121+0000] {processor.py:157} INFO - Started process (PID=36) to work on /opt/airflow/dags/dags_python_operator.py
[2023-08-26T02:01:24.123+0000] {processor.py:826} INFO - Processing file /opt/airflow/dags/dags_python_operator.py for tasks to queue
[2023-08-26T02:01:24.124+0000] {logging_mixin.py:150} INFO - [2023-08-26T02:01:24.124+0000] {dagbag.py:541} INFO - Filling up the DagBag from /opt/airflow/dags/dags_python_operator.py
[2023-08-26T02:01:24.156+0000] {processor.py:836} INFO - DAG(s) dict_keys(['dags_python_operator']) retrieved from /opt/airflow/dags/dags_python_operator.py
[2023-08-26T02:01:24.624+0000] {logging_mixin.py:150} INFO - [2023-08-26T02:01:24.624+0000] {dag.py:2742} INFO - Sync 1 DAGs
[2023-08-26T02:01:24.654+0000] {logging_mixin.py:150} INFO - [2023-08-26T02:01:24.654+0000] {dag.py:3508} INFO - Setting next_dagrun for dags_python_operator to 2023-08-24T06:30:00+00:00, run_after=2023-08-25T06:30:00+00:00
[2023-08-26T02:01:24.716+0000] {processor.py:179} INFO - Processing /opt/airflow/dags/dags_python_operator.py took 0.598 seconds
[2023-08-26T02:01:55.214+0000] {processor.py:157} INFO - Started process (PID=119) to work on /opt/airflow/dags/dags_python_operator.py
[2023-08-26T02:01:55.215+0000] {processor.py:826} INFO - Processing file /opt/airflow/dags/dags_python_operator.py for tasks to queue
[2023-08-26T02:01:55.217+0000] {logging_mixin.py:150} INFO - [2023-08-26T02:01:55.217+0000] {dagbag.py:541} INFO - Filling up the DagBag from /opt/airflow/dags/dags_python_operator.py
[2023-08-26T02:01:55.247+0000] {processor.py:836} INFO - DAG(s) dict_keys(['dags_python_operator']) retrieved from /opt/airflow/dags/dags_python_operator.py
[2023-08-26T02:01:55.273+0000] {logging_mixin.py:150} INFO - [2023-08-26T02:01:55.273+0000] {dag.py:2742} INFO - Sync 1 DAGs
[2023-08-26T02:01:55.306+0000] {logging_mixin.py:150} INFO - [2023-08-26T02:01:55.305+0000] {dag.py:3508} INFO - Setting next_dagrun for dags_python_operator to 2023-08-24T06:30:00+00:00, run_after=2023-08-25T06:30:00+00:00
[2023-08-26T02:01:55.347+0000] {processor.py:179} INFO - Processing /opt/airflow/dags/dags_python_operator.py took 0.139 seconds
[2023-08-26T02:02:25.857+0000] {processor.py:157} INFO - Started process (PID=198) to work on /opt/airflow/dags/dags_python_operator.py
[2023-08-26T02:02:25.858+0000] {processor.py:826} INFO - Processing file /opt/airflow/dags/dags_python_operator.py for tasks to queue
[2023-08-26T02:02:25.860+0000] {logging_mixin.py:150} INFO - [2023-08-26T02:02:25.860+0000] {dagbag.py:541} INFO - Filling up the DagBag from /opt/airflow/dags/dags_python_operator.py
[2023-08-26T02:02:25.889+0000] {processor.py:836} INFO - DAG(s) dict_keys(['dags_python_operator']) retrieved from /opt/airflow/dags/dags_python_operator.py
[2023-08-26T02:02:25.918+0000] {logging_mixin.py:150} INFO - [2023-08-26T02:02:25.918+0000] {dag.py:2742} INFO - Sync 1 DAGs
[2023-08-26T02:02:25.951+0000] {logging_mixin.py:150} INFO - [2023-08-26T02:02:25.951+0000] {dag.py:3508} INFO - Setting next_dagrun for dags_python_operator to 2023-08-24T06:30:00+00:00, run_after=2023-08-25T06:30:00+00:00
[2023-08-26T02:02:25.997+0000] {processor.py:179} INFO - Processing /opt/airflow/dags/dags_python_operator.py took 0.144 seconds
[2023-08-26T02:02:56.379+0000] {processor.py:157} INFO - Started process (PID=277) to work on /opt/airflow/dags/dags_python_operator.py
[2023-08-26T02:02:56.380+0000] {processor.py:826} INFO - Processing file /opt/airflow/dags/dags_python_operator.py for tasks to queue
[2023-08-26T02:02:56.382+0000] {logging_mixin.py:150} INFO - [2023-08-26T02:02:56.381+0000] {dagbag.py:541} INFO - Filling up the DagBag from /opt/airflow/dags/dags_python_operator.py
[2023-08-26T02:02:56.417+0000] {processor.py:836} INFO - DAG(s) dict_keys(['dags_python_operator']) retrieved from /opt/airflow/dags/dags_python_operator.py
[2023-08-26T02:02:56.449+0000] {logging_mixin.py:150} INFO - [2023-08-26T02:02:56.449+0000] {dag.py:2742} INFO - Sync 1 DAGs
[2023-08-26T02:02:56.483+0000] {logging_mixin.py:150} INFO - [2023-08-26T02:02:56.482+0000] {dag.py:3508} INFO - Setting next_dagrun for dags_python_operator to 2023-08-24T06:30:00+00:00, run_after=2023-08-25T06:30:00+00:00
[2023-08-26T02:02:56.567+0000] {processor.py:179} INFO - Processing /opt/airflow/dags/dags_python_operator.py took 0.192 seconds
[2023-08-26T02:03:27.219+0000] {processor.py:157} INFO - Started process (PID=356) to work on /opt/airflow/dags/dags_python_operator.py
[2023-08-26T02:03:27.220+0000] {processor.py:826} INFO - Processing file /opt/airflow/dags/dags_python_operator.py for tasks to queue
[2023-08-26T02:03:27.221+0000] {logging_mixin.py:150} INFO - [2023-08-26T02:03:27.221+0000] {dagbag.py:541} INFO - Filling up the DagBag from /opt/airflow/dags/dags_python_operator.py
[2023-08-26T02:03:27.247+0000] {processor.py:836} INFO - DAG(s) dict_keys(['dags_python_operator']) retrieved from /opt/airflow/dags/dags_python_operator.py
[2023-08-26T02:03:27.273+0000] {logging_mixin.py:150} INFO - [2023-08-26T02:03:27.273+0000] {dag.py:2742} INFO - Sync 1 DAGs
[2023-08-26T02:03:27.302+0000] {logging_mixin.py:150} INFO - [2023-08-26T02:03:27.302+0000] {dag.py:3508} INFO - Setting next_dagrun for dags_python_operator to 2023-08-24T06:30:00+00:00, run_after=2023-08-25T06:30:00+00:00
[2023-08-26T02:03:27.343+0000] {processor.py:179} INFO - Processing /opt/airflow/dags/dags_python_operator.py took 0.128 seconds
[2023-08-26T02:03:58.027+0000] {processor.py:157} INFO - Started process (PID=435) to work on /opt/airflow/dags/dags_python_operator.py
[2023-08-26T02:03:58.028+0000] {processor.py:826} INFO - Processing file /opt/airflow/dags/dags_python_operator.py for tasks to queue
[2023-08-26T02:03:58.029+0000] {logging_mixin.py:150} INFO - [2023-08-26T02:03:58.029+0000] {dagbag.py:541} INFO - Filling up the DagBag from /opt/airflow/dags/dags_python_operator.py
[2023-08-26T02:03:58.062+0000] {processor.py:836} INFO - DAG(s) dict_keys(['dags_python_operator']) retrieved from /opt/airflow/dags/dags_python_operator.py
[2023-08-26T02:03:58.093+0000] {logging_mixin.py:150} INFO - [2023-08-26T02:03:58.093+0000] {dag.py:2742} INFO - Sync 1 DAGs
[2023-08-26T02:03:58.125+0000] {logging_mixin.py:150} INFO - [2023-08-26T02:03:58.125+0000] {dag.py:3508} INFO - Setting next_dagrun for dags_python_operator to 2023-08-24T06:30:00+00:00, run_after=2023-08-25T06:30:00+00:00
[2023-08-26T02:03:58.178+0000] {processor.py:179} INFO - Processing /opt/airflow/dags/dags_python_operator.py took 0.155 seconds
[2023-08-26T02:04:28.815+0000] {processor.py:157} INFO - Started process (PID=514) to work on /opt/airflow/dags/dags_python_operator.py
[2023-08-26T02:04:28.816+0000] {processor.py:826} INFO - Processing file /opt/airflow/dags/dags_python_operator.py for tasks to queue
[2023-08-26T02:04:28.817+0000] {logging_mixin.py:150} INFO - [2023-08-26T02:04:28.817+0000] {dagbag.py:541} INFO - Filling up the DagBag from /opt/airflow/dags/dags_python_operator.py
[2023-08-26T02:04:28.850+0000] {processor.py:836} INFO - DAG(s) dict_keys(['dags_python_operator']) retrieved from /opt/airflow/dags/dags_python_operator.py
[2023-08-26T02:04:28.876+0000] {logging_mixin.py:150} INFO - [2023-08-26T02:04:28.876+0000] {dag.py:2742} INFO - Sync 1 DAGs
[2023-08-26T02:04:28.908+0000] {logging_mixin.py:150} INFO - [2023-08-26T02:04:28.907+0000] {dag.py:3508} INFO - Setting next_dagrun for dags_python_operator to 2023-08-24T06:30:00+00:00, run_after=2023-08-25T06:30:00+00:00
[2023-08-26T02:04:28.953+0000] {processor.py:179} INFO - Processing /opt/airflow/dags/dags_python_operator.py took 0.142 seconds
[2023-08-26T02:04:59.224+0000] {processor.py:157} INFO - Started process (PID=593) to work on /opt/airflow/dags/dags_python_operator.py
[2023-08-26T02:04:59.225+0000] {processor.py:826} INFO - Processing file /opt/airflow/dags/dags_python_operator.py for tasks to queue
[2023-08-26T02:04:59.226+0000] {logging_mixin.py:150} INFO - [2023-08-26T02:04:59.226+0000] {dagbag.py:541} INFO - Filling up the DagBag from /opt/airflow/dags/dags_python_operator.py
[2023-08-26T02:04:59.255+0000] {processor.py:836} INFO - DAG(s) dict_keys(['dags_python_operator']) retrieved from /opt/airflow/dags/dags_python_operator.py
[2023-08-26T02:04:59.281+0000] {logging_mixin.py:150} INFO - [2023-08-26T02:04:59.281+0000] {dag.py:2742} INFO - Sync 1 DAGs
[2023-08-26T02:04:59.310+0000] {logging_mixin.py:150} INFO - [2023-08-26T02:04:59.310+0000] {dag.py:3508} INFO - Setting next_dagrun for dags_python_operator to 2023-08-24T06:30:00+00:00, run_after=2023-08-25T06:30:00+00:00
[2023-08-26T02:04:59.349+0000] {processor.py:179} INFO - Processing /opt/airflow/dags/dags_python_operator.py took 0.129 seconds
[2023-08-26T02:05:29.668+0000] {processor.py:157} INFO - Started process (PID=672) to work on /opt/airflow/dags/dags_python_operator.py
[2023-08-26T02:05:29.669+0000] {processor.py:826} INFO - Processing file /opt/airflow/dags/dags_python_operator.py for tasks to queue
[2023-08-26T02:05:29.671+0000] {logging_mixin.py:150} INFO - [2023-08-26T02:05:29.670+0000] {dagbag.py:541} INFO - Filling up the DagBag from /opt/airflow/dags/dags_python_operator.py
[2023-08-26T02:05:29.701+0000] {processor.py:836} INFO - DAG(s) dict_keys(['dags_python_operator']) retrieved from /opt/airflow/dags/dags_python_operator.py
[2023-08-26T02:05:29.727+0000] {logging_mixin.py:150} INFO - [2023-08-26T02:05:29.727+0000] {dag.py:2742} INFO - Sync 1 DAGs
[2023-08-26T02:05:29.756+0000] {logging_mixin.py:150} INFO - [2023-08-26T02:05:29.756+0000] {dag.py:3508} INFO - Setting next_dagrun for dags_python_operator to 2023-08-24T06:30:00+00:00, run_after=2023-08-25T06:30:00+00:00
[2023-08-26T02:05:29.795+0000] {processor.py:179} INFO - Processing /opt/airflow/dags/dags_python_operator.py took 0.131 seconds
[2023-08-26T02:06:00.182+0000] {processor.py:157} INFO - Started process (PID=751) to work on /opt/airflow/dags/dags_python_operator.py
[2023-08-26T02:06:00.183+0000] {processor.py:826} INFO - Processing file /opt/airflow/dags/dags_python_operator.py for tasks to queue
[2023-08-26T02:06:00.184+0000] {logging_mixin.py:150} INFO - [2023-08-26T02:06:00.184+0000] {dagbag.py:541} INFO - Filling up the DagBag from /opt/airflow/dags/dags_python_operator.py
[2023-08-26T02:06:00.212+0000] {processor.py:836} INFO - DAG(s) dict_keys(['dags_python_operator']) retrieved from /opt/airflow/dags/dags_python_operator.py
[2023-08-26T02:06:00.235+0000] {logging_mixin.py:150} INFO - [2023-08-26T02:06:00.235+0000] {dag.py:2742} INFO - Sync 1 DAGs
[2023-08-26T02:06:00.265+0000] {logging_mixin.py:150} INFO - [2023-08-26T02:06:00.265+0000] {dag.py:3508} INFO - Setting next_dagrun for dags_python_operator to 2023-08-24T06:30:00+00:00, run_after=2023-08-25T06:30:00+00:00
[2023-08-26T02:06:00.303+0000] {processor.py:179} INFO - Processing /opt/airflow/dags/dags_python_operator.py took 0.124 seconds
[2023-08-26T02:06:30.595+0000] {processor.py:157} INFO - Started process (PID=830) to work on /opt/airflow/dags/dags_python_operator.py
[2023-08-26T02:06:30.596+0000] {processor.py:826} INFO - Processing file /opt/airflow/dags/dags_python_operator.py for tasks to queue
[2023-08-26T02:06:30.597+0000] {logging_mixin.py:150} INFO - [2023-08-26T02:06:30.597+0000] {dagbag.py:541} INFO - Filling up the DagBag from /opt/airflow/dags/dags_python_operator.py
[2023-08-26T02:06:30.627+0000] {processor.py:836} INFO - DAG(s) dict_keys(['dags_python_operator']) retrieved from /opt/airflow/dags/dags_python_operator.py
[2023-08-26T02:06:30.653+0000] {logging_mixin.py:150} INFO - [2023-08-26T02:06:30.653+0000] {dag.py:2742} INFO - Sync 1 DAGs
[2023-08-26T02:06:30.685+0000] {logging_mixin.py:150} INFO - [2023-08-26T02:06:30.685+0000] {dag.py:3508} INFO - Setting next_dagrun for dags_python_operator to 2023-08-24T06:30:00+00:00, run_after=2023-08-25T06:30:00+00:00
[2023-08-26T02:06:30.726+0000] {processor.py:179} INFO - Processing /opt/airflow/dags/dags_python_operator.py took 0.135 seconds
[2023-08-26T02:07:01.170+0000] {processor.py:157} INFO - Started process (PID=909) to work on /opt/airflow/dags/dags_python_operator.py
[2023-08-26T02:07:01.171+0000] {processor.py:826} INFO - Processing file /opt/airflow/dags/dags_python_operator.py for tasks to queue
[2023-08-26T02:07:01.172+0000] {logging_mixin.py:150} INFO - [2023-08-26T02:07:01.172+0000] {dagbag.py:541} INFO - Filling up the DagBag from /opt/airflow/dags/dags_python_operator.py
[2023-08-26T02:07:01.202+0000] {processor.py:836} INFO - DAG(s) dict_keys(['dags_python_operator']) retrieved from /opt/airflow/dags/dags_python_operator.py
[2023-08-26T02:07:01.229+0000] {logging_mixin.py:150} INFO - [2023-08-26T02:07:01.228+0000] {dag.py:2742} INFO - Sync 1 DAGs
[2023-08-26T02:07:01.260+0000] {logging_mixin.py:150} INFO - [2023-08-26T02:07:01.260+0000] {dag.py:3508} INFO - Setting next_dagrun for dags_python_operator to 2023-08-24T06:30:00+00:00, run_after=2023-08-25T06:30:00+00:00
[2023-08-26T02:07:01.299+0000] {processor.py:179} INFO - Processing /opt/airflow/dags/dags_python_operator.py took 0.132 seconds
[2023-08-26T02:07:31.774+0000] {processor.py:157} INFO - Started process (PID=988) to work on /opt/airflow/dags/dags_python_operator.py
[2023-08-26T02:07:31.775+0000] {processor.py:826} INFO - Processing file /opt/airflow/dags/dags_python_operator.py for tasks to queue
[2023-08-26T02:07:31.777+0000] {logging_mixin.py:150} INFO - [2023-08-26T02:07:31.776+0000] {dagbag.py:541} INFO - Filling up the DagBag from /opt/airflow/dags/dags_python_operator.py
[2023-08-26T02:07:31.805+0000] {processor.py:836} INFO - DAG(s) dict_keys(['dags_python_operator']) retrieved from /opt/airflow/dags/dags_python_operator.py
[2023-08-26T02:07:31.831+0000] {logging_mixin.py:150} INFO - [2023-08-26T02:07:31.831+0000] {dag.py:2742} INFO - Sync 1 DAGs
[2023-08-26T02:07:31.870+0000] {logging_mixin.py:150} INFO - [2023-08-26T02:07:31.870+0000] {dag.py:3508} INFO - Setting next_dagrun for dags_python_operator to 2023-08-24T06:30:00+00:00, run_after=2023-08-25T06:30:00+00:00
[2023-08-26T02:07:31.946+0000] {processor.py:179} INFO - Processing /opt/airflow/dags/dags_python_operator.py took 0.176 seconds
[2023-08-26T02:08:02.768+0000] {processor.py:157} INFO - Started process (PID=1067) to work on /opt/airflow/dags/dags_python_operator.py
[2023-08-26T02:08:02.769+0000] {processor.py:826} INFO - Processing file /opt/airflow/dags/dags_python_operator.py for tasks to queue
[2023-08-26T02:08:02.770+0000] {logging_mixin.py:150} INFO - [2023-08-26T02:08:02.770+0000] {dagbag.py:541} INFO - Filling up the DagBag from /opt/airflow/dags/dags_python_operator.py
[2023-08-26T02:08:02.800+0000] {processor.py:836} INFO - DAG(s) dict_keys(['dags_python_operator']) retrieved from /opt/airflow/dags/dags_python_operator.py
[2023-08-26T02:08:02.869+0000] {logging_mixin.py:150} INFO - [2023-08-26T02:08:02.868+0000] {dag.py:2742} INFO - Sync 1 DAGs
[2023-08-26T02:08:02.898+0000] {logging_mixin.py:150} INFO - [2023-08-26T02:08:02.898+0000] {dag.py:3508} INFO - Setting next_dagrun for dags_python_operator to 2023-08-24T06:30:00+00:00, run_after=2023-08-25T06:30:00+00:00
[2023-08-26T02:08:02.938+0000] {processor.py:179} INFO - Processing /opt/airflow/dags/dags_python_operator.py took 0.174 seconds
[2023-08-26T02:08:33.465+0000] {processor.py:157} INFO - Started process (PID=1146) to work on /opt/airflow/dags/dags_python_operator.py
[2023-08-26T02:08:33.466+0000] {processor.py:826} INFO - Processing file /opt/airflow/dags/dags_python_operator.py for tasks to queue
[2023-08-26T02:08:33.467+0000] {logging_mixin.py:150} INFO - [2023-08-26T02:08:33.467+0000] {dagbag.py:541} INFO - Filling up the DagBag from /opt/airflow/dags/dags_python_operator.py
[2023-08-26T02:08:33.497+0000] {processor.py:836} INFO - DAG(s) dict_keys(['dags_python_operator']) retrieved from /opt/airflow/dags/dags_python_operator.py
[2023-08-26T02:08:33.529+0000] {logging_mixin.py:150} INFO - [2023-08-26T02:08:33.529+0000] {dag.py:2742} INFO - Sync 1 DAGs
[2023-08-26T02:08:33.558+0000] {logging_mixin.py:150} INFO - [2023-08-26T02:08:33.557+0000] {dag.py:3508} INFO - Setting next_dagrun for dags_python_operator to 2023-08-24T06:30:00+00:00, run_after=2023-08-25T06:30:00+00:00
[2023-08-26T02:08:33.597+0000] {processor.py:179} INFO - Processing /opt/airflow/dags/dags_python_operator.py took 0.135 seconds
[2023-08-26T02:09:03.920+0000] {processor.py:157} INFO - Started process (PID=1225) to work on /opt/airflow/dags/dags_python_operator.py
[2023-08-26T02:09:03.922+0000] {processor.py:826} INFO - Processing file /opt/airflow/dags/dags_python_operator.py for tasks to queue
[2023-08-26T02:09:03.923+0000] {logging_mixin.py:150} INFO - [2023-08-26T02:09:03.922+0000] {dagbag.py:541} INFO - Filling up the DagBag from /opt/airflow/dags/dags_python_operator.py
[2023-08-26T02:09:03.952+0000] {processor.py:836} INFO - DAG(s) dict_keys(['dags_python_operator']) retrieved from /opt/airflow/dags/dags_python_operator.py
[2023-08-26T02:09:03.977+0000] {logging_mixin.py:150} INFO - [2023-08-26T02:09:03.977+0000] {dag.py:2742} INFO - Sync 1 DAGs
[2023-08-26T02:09:04.006+0000] {logging_mixin.py:150} INFO - [2023-08-26T02:09:04.006+0000] {dag.py:3508} INFO - Setting next_dagrun for dags_python_operator to 2023-08-24T06:30:00+00:00, run_after=2023-08-25T06:30:00+00:00
[2023-08-26T02:09:04.045+0000] {processor.py:179} INFO - Processing /opt/airflow/dags/dags_python_operator.py took 0.128 seconds
[2023-08-26T02:09:34.456+0000] {processor.py:157} INFO - Started process (PID=1304) to work on /opt/airflow/dags/dags_python_operator.py
[2023-08-26T02:09:34.457+0000] {processor.py:826} INFO - Processing file /opt/airflow/dags/dags_python_operator.py for tasks to queue
[2023-08-26T02:09:34.458+0000] {logging_mixin.py:150} INFO - [2023-08-26T02:09:34.458+0000] {dagbag.py:541} INFO - Filling up the DagBag from /opt/airflow/dags/dags_python_operator.py
[2023-08-26T02:09:34.488+0000] {processor.py:836} INFO - DAG(s) dict_keys(['dags_python_operator']) retrieved from /opt/airflow/dags/dags_python_operator.py
[2023-08-26T02:09:34.512+0000] {logging_mixin.py:150} INFO - [2023-08-26T02:09:34.512+0000] {dag.py:2742} INFO - Sync 1 DAGs
[2023-08-26T02:09:34.540+0000] {logging_mixin.py:150} INFO - [2023-08-26T02:09:34.540+0000] {dag.py:3508} INFO - Setting next_dagrun for dags_python_operator to 2023-08-24T06:30:00+00:00, run_after=2023-08-25T06:30:00+00:00
[2023-08-26T02:09:34.579+0000] {processor.py:179} INFO - Processing /opt/airflow/dags/dags_python_operator.py took 0.127 seconds
[2023-08-26T02:10:05.449+0000] {processor.py:157} INFO - Started process (PID=1383) to work on /opt/airflow/dags/dags_python_operator.py
[2023-08-26T02:10:05.453+0000] {processor.py:826} INFO - Processing file /opt/airflow/dags/dags_python_operator.py for tasks to queue
[2023-08-26T02:10:05.458+0000] {logging_mixin.py:150} INFO - [2023-08-26T02:10:05.457+0000] {dagbag.py:541} INFO - Filling up the DagBag from /opt/airflow/dags/dags_python_operator.py
[2023-08-26T02:10:05.550+0000] {processor.py:836} INFO - DAG(s) dict_keys(['dags_python_operator']) retrieved from /opt/airflow/dags/dags_python_operator.py
[2023-08-26T02:10:05.612+0000] {logging_mixin.py:150} INFO - [2023-08-26T02:10:05.611+0000] {dag.py:2742} INFO - Sync 1 DAGs
[2023-08-26T02:10:05.650+0000] {logging_mixin.py:150} INFO - [2023-08-26T02:10:05.650+0000] {dag.py:3508} INFO - Setting next_dagrun for dags_python_operator to 2023-08-24T06:30:00+00:00, run_after=2023-08-25T06:30:00+00:00
[2023-08-26T02:10:05.692+0000] {processor.py:179} INFO - Processing /opt/airflow/dags/dags_python_operator.py took 0.254 seconds
[2023-08-26T02:10:36.004+0000] {processor.py:157} INFO - Started process (PID=1462) to work on /opt/airflow/dags/dags_python_operator.py
[2023-08-26T02:10:36.009+0000] {processor.py:826} INFO - Processing file /opt/airflow/dags/dags_python_operator.py for tasks to queue
[2023-08-26T02:10:36.014+0000] {logging_mixin.py:150} INFO - [2023-08-26T02:10:36.013+0000] {dagbag.py:541} INFO - Filling up the DagBag from /opt/airflow/dags/dags_python_operator.py
[2023-08-26T02:10:36.123+0000] {processor.py:836} INFO - DAG(s) dict_keys(['dags_python_operator']) retrieved from /opt/airflow/dags/dags_python_operator.py
[2023-08-26T02:10:36.213+0000] {logging_mixin.py:150} INFO - [2023-08-26T02:10:36.212+0000] {dag.py:2742} INFO - Sync 1 DAGs
[2023-08-26T02:10:36.304+0000] {logging_mixin.py:150} INFO - [2023-08-26T02:10:36.303+0000] {dag.py:3508} INFO - Setting next_dagrun for dags_python_operator to 2023-08-24T06:30:00+00:00, run_after=2023-08-25T06:30:00+00:00
[2023-08-26T02:10:36.412+0000] {processor.py:179} INFO - Processing /opt/airflow/dags/dags_python_operator.py took 0.423 seconds
[2023-08-26T02:11:06.993+0000] {processor.py:157} INFO - Started process (PID=1541) to work on /opt/airflow/dags/dags_python_operator.py
[2023-08-26T02:11:06.995+0000] {processor.py:826} INFO - Processing file /opt/airflow/dags/dags_python_operator.py for tasks to queue
[2023-08-26T02:11:06.996+0000] {logging_mixin.py:150} INFO - [2023-08-26T02:11:06.996+0000] {dagbag.py:541} INFO - Filling up the DagBag from /opt/airflow/dags/dags_python_operator.py
[2023-08-26T02:11:07.030+0000] {processor.py:836} INFO - DAG(s) dict_keys(['dags_python_operator']) retrieved from /opt/airflow/dags/dags_python_operator.py
[2023-08-26T02:11:07.058+0000] {logging_mixin.py:150} INFO - [2023-08-26T02:11:07.058+0000] {dag.py:2742} INFO - Sync 1 DAGs
[2023-08-26T02:11:07.089+0000] {logging_mixin.py:150} INFO - [2023-08-26T02:11:07.088+0000] {dag.py:3508} INFO - Setting next_dagrun for dags_python_operator to 2023-08-24T06:30:00+00:00, run_after=2023-08-25T06:30:00+00:00
[2023-08-26T02:11:07.131+0000] {processor.py:179} INFO - Processing /opt/airflow/dags/dags_python_operator.py took 0.142 seconds
[2023-08-26T02:11:37.959+0000] {processor.py:157} INFO - Started process (PID=1620) to work on /opt/airflow/dags/dags_python_operator.py
[2023-08-26T02:11:37.961+0000] {processor.py:826} INFO - Processing file /opt/airflow/dags/dags_python_operator.py for tasks to queue
[2023-08-26T02:11:37.963+0000] {logging_mixin.py:150} INFO - [2023-08-26T02:11:37.963+0000] {dagbag.py:541} INFO - Filling up the DagBag from /opt/airflow/dags/dags_python_operator.py
[2023-08-26T02:11:37.998+0000] {processor.py:836} INFO - DAG(s) dict_keys(['dags_python_operator']) retrieved from /opt/airflow/dags/dags_python_operator.py
[2023-08-26T02:11:38.024+0000] {logging_mixin.py:150} INFO - [2023-08-26T02:11:38.023+0000] {dag.py:2742} INFO - Sync 1 DAGs
[2023-08-26T02:11:38.112+0000] {logging_mixin.py:150} INFO - [2023-08-26T02:11:38.111+0000] {dag.py:3508} INFO - Setting next_dagrun for dags_python_operator to 2023-08-24T06:30:00+00:00, run_after=2023-08-25T06:30:00+00:00
[2023-08-26T02:11:38.238+0000] {processor.py:179} INFO - Processing /opt/airflow/dags/dags_python_operator.py took 0.286 seconds
[2023-08-26T02:12:09.067+0000] {processor.py:157} INFO - Started process (PID=1699) to work on /opt/airflow/dags/dags_python_operator.py
[2023-08-26T02:12:09.069+0000] {processor.py:826} INFO - Processing file /opt/airflow/dags/dags_python_operator.py for tasks to queue
[2023-08-26T02:12:09.071+0000] {logging_mixin.py:150} INFO - [2023-08-26T02:12:09.071+0000] {dagbag.py:541} INFO - Filling up the DagBag from /opt/airflow/dags/dags_python_operator.py
[2023-08-26T02:12:09.111+0000] {processor.py:836} INFO - DAG(s) dict_keys(['dags_python_operator']) retrieved from /opt/airflow/dags/dags_python_operator.py
[2023-08-26T02:12:09.148+0000] {logging_mixin.py:150} INFO - [2023-08-26T02:12:09.148+0000] {dag.py:2742} INFO - Sync 1 DAGs
[2023-08-26T02:12:09.180+0000] {logging_mixin.py:150} INFO - [2023-08-26T02:12:09.180+0000] {dag.py:3508} INFO - Setting next_dagrun for dags_python_operator to 2023-08-24T06:30:00+00:00, run_after=2023-08-25T06:30:00+00:00
[2023-08-26T02:12:09.221+0000] {processor.py:179} INFO - Processing /opt/airflow/dags/dags_python_operator.py took 0.159 seconds
[2023-08-26T02:12:39.288+0000] {processor.py:157} INFO - Started process (PID=1778) to work on /opt/airflow/dags/dags_python_operator.py
[2023-08-26T02:12:39.289+0000] {processor.py:826} INFO - Processing file /opt/airflow/dags/dags_python_operator.py for tasks to queue
[2023-08-26T02:12:39.290+0000] {logging_mixin.py:150} INFO - [2023-08-26T02:12:39.290+0000] {dagbag.py:541} INFO - Filling up the DagBag from /opt/airflow/dags/dags_python_operator.py
[2023-08-26T02:12:39.319+0000] {processor.py:836} INFO - DAG(s) dict_keys(['dags_python_operator']) retrieved from /opt/airflow/dags/dags_python_operator.py
[2023-08-26T02:12:39.345+0000] {logging_mixin.py:150} INFO - [2023-08-26T02:12:39.345+0000] {dag.py:2742} INFO - Sync 1 DAGs
[2023-08-26T02:12:39.432+0000] {logging_mixin.py:150} INFO - [2023-08-26T02:12:39.432+0000] {dag.py:3508} INFO - Setting next_dagrun for dags_python_operator to 2023-08-24T06:30:00+00:00, run_after=2023-08-25T06:30:00+00:00
[2023-08-26T02:12:39.475+0000] {processor.py:179} INFO - Processing /opt/airflow/dags/dags_python_operator.py took 0.191 seconds
[2023-08-26T02:13:09.912+0000] {processor.py:157} INFO - Started process (PID=1857) to work on /opt/airflow/dags/dags_python_operator.py
[2023-08-26T02:13:09.916+0000] {processor.py:826} INFO - Processing file /opt/airflow/dags/dags_python_operator.py for tasks to queue
[2023-08-26T02:13:09.921+0000] {logging_mixin.py:150} INFO - [2023-08-26T02:13:09.920+0000] {dagbag.py:541} INFO - Filling up the DagBag from /opt/airflow/dags/dags_python_operator.py
[2023-08-26T02:13:10.016+0000] {processor.py:836} INFO - DAG(s) dict_keys(['dags_python_operator']) retrieved from /opt/airflow/dags/dags_python_operator.py
[2023-08-26T02:13:10.117+0000] {logging_mixin.py:150} INFO - [2023-08-26T02:13:10.116+0000] {dag.py:2742} INFO - Sync 1 DAGs
[2023-08-26T02:13:10.210+0000] {logging_mixin.py:150} INFO - [2023-08-26T02:13:10.209+0000] {dag.py:3508} INFO - Setting next_dagrun for dags_python_operator to 2023-08-24T06:30:00+00:00, run_after=2023-08-25T06:30:00+00:00
[2023-08-26T02:13:10.289+0000] {processor.py:179} INFO - Processing /opt/airflow/dags/dags_python_operator.py took 0.392 seconds
[2023-08-26T02:13:41.018+0000] {processor.py:157} INFO - Started process (PID=1936) to work on /opt/airflow/dags/dags_python_operator.py
[2023-08-26T02:13:41.019+0000] {processor.py:826} INFO - Processing file /opt/airflow/dags/dags_python_operator.py for tasks to queue
[2023-08-26T02:13:41.021+0000] {logging_mixin.py:150} INFO - [2023-08-26T02:13:41.021+0000] {dagbag.py:541} INFO - Filling up the DagBag from /opt/airflow/dags/dags_python_operator.py
[2023-08-26T02:13:41.055+0000] {processor.py:836} INFO - DAG(s) dict_keys(['dags_python_operator']) retrieved from /opt/airflow/dags/dags_python_operator.py
[2023-08-26T02:13:41.081+0000] {logging_mixin.py:150} INFO - [2023-08-26T02:13:41.081+0000] {dag.py:2742} INFO - Sync 1 DAGs
[2023-08-26T02:13:41.112+0000] {logging_mixin.py:150} INFO - [2023-08-26T02:13:41.112+0000] {dag.py:3508} INFO - Setting next_dagrun for dags_python_operator to 2023-08-24T06:30:00+00:00, run_after=2023-08-25T06:30:00+00:00
[2023-08-26T02:13:41.155+0000] {processor.py:179} INFO - Processing /opt/airflow/dags/dags_python_operator.py took 0.142 seconds
[2023-08-26T02:14:11.244+0000] {processor.py:157} INFO - Started process (PID=2014) to work on /opt/airflow/dags/dags_python_operator.py
[2023-08-26T02:14:11.246+0000] {processor.py:826} INFO - Processing file /opt/airflow/dags/dags_python_operator.py for tasks to queue
[2023-08-26T02:14:11.247+0000] {logging_mixin.py:150} INFO - [2023-08-26T02:14:11.247+0000] {dagbag.py:541} INFO - Filling up the DagBag from /opt/airflow/dags/dags_python_operator.py
[2023-08-26T02:14:11.279+0000] {processor.py:836} INFO - DAG(s) dict_keys(['dags_python_operator']) retrieved from /opt/airflow/dags/dags_python_operator.py
[2023-08-26T02:14:11.306+0000] {logging_mixin.py:150} INFO - [2023-08-26T02:14:11.306+0000] {dag.py:2742} INFO - Sync 1 DAGs
[2023-08-26T02:14:11.336+0000] {logging_mixin.py:150} INFO - [2023-08-26T02:14:11.336+0000] {dag.py:3508} INFO - Setting next_dagrun for dags_python_operator to 2023-08-24T06:30:00+00:00, run_after=2023-08-25T06:30:00+00:00
[2023-08-26T02:14:11.377+0000] {processor.py:179} INFO - Processing /opt/airflow/dags/dags_python_operator.py took 0.137 seconds
[2023-08-26T02:14:41.653+0000] {processor.py:157} INFO - Started process (PID=2093) to work on /opt/airflow/dags/dags_python_operator.py
[2023-08-26T02:14:41.654+0000] {processor.py:826} INFO - Processing file /opt/airflow/dags/dags_python_operator.py for tasks to queue
[2023-08-26T02:14:41.655+0000] {logging_mixin.py:150} INFO - [2023-08-26T02:14:41.655+0000] {dagbag.py:541} INFO - Filling up the DagBag from /opt/airflow/dags/dags_python_operator.py
[2023-08-26T02:14:41.683+0000] {processor.py:836} INFO - DAG(s) dict_keys(['dags_python_operator']) retrieved from /opt/airflow/dags/dags_python_operator.py
[2023-08-26T02:14:41.708+0000] {logging_mixin.py:150} INFO - [2023-08-26T02:14:41.708+0000] {dag.py:2742} INFO - Sync 1 DAGs
[2023-08-26T02:14:41.739+0000] {logging_mixin.py:150} INFO - [2023-08-26T02:14:41.739+0000] {dag.py:3508} INFO - Setting next_dagrun for dags_python_operator to 2023-08-24T06:30:00+00:00, run_after=2023-08-25T06:30:00+00:00
[2023-08-26T02:14:41.778+0000] {processor.py:179} INFO - Processing /opt/airflow/dags/dags_python_operator.py took 0.129 seconds
[2023-08-26T02:15:11.989+0000] {processor.py:157} INFO - Started process (PID=2172) to work on /opt/airflow/dags/dags_python_operator.py
[2023-08-26T02:15:11.991+0000] {processor.py:826} INFO - Processing file /opt/airflow/dags/dags_python_operator.py for tasks to queue
[2023-08-26T02:15:11.993+0000] {logging_mixin.py:150} INFO - [2023-08-26T02:15:11.993+0000] {dagbag.py:541} INFO - Filling up the DagBag from /opt/airflow/dags/dags_python_operator.py
[2023-08-26T02:15:12.026+0000] {processor.py:836} INFO - DAG(s) dict_keys(['dags_python_operator']) retrieved from /opt/airflow/dags/dags_python_operator.py
[2023-08-26T02:15:12.053+0000] {logging_mixin.py:150} INFO - [2023-08-26T02:15:12.053+0000] {dag.py:2742} INFO - Sync 1 DAGs
[2023-08-26T02:15:12.084+0000] {logging_mixin.py:150} INFO - [2023-08-26T02:15:12.084+0000] {dag.py:3508} INFO - Setting next_dagrun for dags_python_operator to 2023-08-24T06:30:00+00:00, run_after=2023-08-25T06:30:00+00:00
[2023-08-26T02:15:12.125+0000] {processor.py:179} INFO - Processing /opt/airflow/dags/dags_python_operator.py took 0.140 seconds
[2023-08-26T02:15:42.183+0000] {processor.py:157} INFO - Started process (PID=2250) to work on /opt/airflow/dags/dags_python_operator.py
[2023-08-26T02:15:42.185+0000] {processor.py:826} INFO - Processing file /opt/airflow/dags/dags_python_operator.py for tasks to queue
[2023-08-26T02:15:42.187+0000] {logging_mixin.py:150} INFO - [2023-08-26T02:15:42.187+0000] {dagbag.py:541} INFO - Filling up the DagBag from /opt/airflow/dags/dags_python_operator.py
[2023-08-26T02:15:42.215+0000] {processor.py:836} INFO - DAG(s) dict_keys(['dags_python_operator']) retrieved from /opt/airflow/dags/dags_python_operator.py
[2023-08-26T02:15:42.239+0000] {logging_mixin.py:150} INFO - [2023-08-26T02:15:42.239+0000] {dag.py:2742} INFO - Sync 1 DAGs
[2023-08-26T02:15:42.270+0000] {logging_mixin.py:150} INFO - [2023-08-26T02:15:42.269+0000] {dag.py:3508} INFO - Setting next_dagrun for dags_python_operator to 2023-08-24T06:30:00+00:00, run_after=2023-08-25T06:30:00+00:00
[2023-08-26T02:15:42.309+0000] {processor.py:179} INFO - Processing /opt/airflow/dags/dags_python_operator.py took 0.129 seconds
[2023-08-26T02:16:12.980+0000] {processor.py:157} INFO - Started process (PID=2330) to work on /opt/airflow/dags/dags_python_operator.py
[2023-08-26T02:16:12.981+0000] {processor.py:826} INFO - Processing file /opt/airflow/dags/dags_python_operator.py for tasks to queue
[2023-08-26T02:16:12.982+0000] {logging_mixin.py:150} INFO - [2023-08-26T02:16:12.982+0000] {dagbag.py:541} INFO - Filling up the DagBag from /opt/airflow/dags/dags_python_operator.py
[2023-08-26T02:16:13.016+0000] {processor.py:836} INFO - DAG(s) dict_keys(['dags_python_operator']) retrieved from /opt/airflow/dags/dags_python_operator.py
[2023-08-26T02:16:13.046+0000] {logging_mixin.py:150} INFO - [2023-08-26T02:16:13.046+0000] {dag.py:2742} INFO - Sync 1 DAGs
[2023-08-26T02:16:13.084+0000] {logging_mixin.py:150} INFO - [2023-08-26T02:16:13.084+0000] {dag.py:3508} INFO - Setting next_dagrun for dags_python_operator to 2023-08-24T06:30:00+00:00, run_after=2023-08-25T06:30:00+00:00
[2023-08-26T02:16:13.129+0000] {processor.py:179} INFO - Processing /opt/airflow/dags/dags_python_operator.py took 0.152 seconds
[2023-08-26T02:16:43.332+0000] {processor.py:157} INFO - Started process (PID=2409) to work on /opt/airflow/dags/dags_python_operator.py
[2023-08-26T02:16:43.333+0000] {processor.py:826} INFO - Processing file /opt/airflow/dags/dags_python_operator.py for tasks to queue
[2023-08-26T02:16:43.335+0000] {logging_mixin.py:150} INFO - [2023-08-26T02:16:43.335+0000] {dagbag.py:541} INFO - Filling up the DagBag from /opt/airflow/dags/dags_python_operator.py
[2023-08-26T02:16:43.367+0000] {processor.py:836} INFO - DAG(s) dict_keys(['dags_python_operator']) retrieved from /opt/airflow/dags/dags_python_operator.py
[2023-08-26T02:16:43.397+0000] {logging_mixin.py:150} INFO - [2023-08-26T02:16:43.397+0000] {dag.py:2742} INFO - Sync 1 DAGs
[2023-08-26T02:16:43.438+0000] {logging_mixin.py:150} INFO - [2023-08-26T02:16:43.438+0000] {dag.py:3508} INFO - Setting next_dagrun for dags_python_operator to 2023-08-24T06:30:00+00:00, run_after=2023-08-25T06:30:00+00:00
[2023-08-26T02:16:43.484+0000] {processor.py:179} INFO - Processing /opt/airflow/dags/dags_python_operator.py took 0.155 seconds
[2023-08-26T02:17:13.630+0000] {processor.py:157} INFO - Started process (PID=2488) to work on /opt/airflow/dags/dags_python_operator.py
[2023-08-26T02:17:13.631+0000] {processor.py:826} INFO - Processing file /opt/airflow/dags/dags_python_operator.py for tasks to queue
[2023-08-26T02:17:13.633+0000] {logging_mixin.py:150} INFO - [2023-08-26T02:17:13.633+0000] {dagbag.py:541} INFO - Filling up the DagBag from /opt/airflow/dags/dags_python_operator.py
[2023-08-26T02:17:13.663+0000] {processor.py:836} INFO - DAG(s) dict_keys(['dags_python_operator']) retrieved from /opt/airflow/dags/dags_python_operator.py
[2023-08-26T02:17:13.689+0000] {logging_mixin.py:150} INFO - [2023-08-26T02:17:13.689+0000] {dag.py:2742} INFO - Sync 1 DAGs
[2023-08-26T02:17:13.729+0000] {logging_mixin.py:150} INFO - [2023-08-26T02:17:13.728+0000] {dag.py:3508} INFO - Setting next_dagrun for dags_python_operator to 2023-08-24T06:30:00+00:00, run_after=2023-08-25T06:30:00+00:00
[2023-08-26T02:17:13.774+0000] {processor.py:179} INFO - Processing /opt/airflow/dags/dags_python_operator.py took 0.148 seconds
[2023-08-26T02:17:44.059+0000] {processor.py:157} INFO - Started process (PID=2567) to work on /opt/airflow/dags/dags_python_operator.py
[2023-08-26T02:17:44.060+0000] {processor.py:826} INFO - Processing file /opt/airflow/dags/dags_python_operator.py for tasks to queue
[2023-08-26T02:17:44.061+0000] {logging_mixin.py:150} INFO - [2023-08-26T02:17:44.061+0000] {dagbag.py:541} INFO - Filling up the DagBag from /opt/airflow/dags/dags_python_operator.py
[2023-08-26T02:17:44.088+0000] {processor.py:836} INFO - DAG(s) dict_keys(['dags_python_operator']) retrieved from /opt/airflow/dags/dags_python_operator.py
[2023-08-26T02:17:44.114+0000] {logging_mixin.py:150} INFO - [2023-08-26T02:17:44.114+0000] {dag.py:2742} INFO - Sync 1 DAGs
[2023-08-26T02:17:44.148+0000] {logging_mixin.py:150} INFO - [2023-08-26T02:17:44.148+0000] {dag.py:3508} INFO - Setting next_dagrun for dags_python_operator to 2023-08-24T06:30:00+00:00, run_after=2023-08-25T06:30:00+00:00
[2023-08-26T02:17:44.244+0000] {processor.py:179} INFO - Processing /opt/airflow/dags/dags_python_operator.py took 0.188 seconds
[2023-08-26T02:18:14.550+0000] {processor.py:157} INFO - Started process (PID=2646) to work on /opt/airflow/dags/dags_python_operator.py
[2023-08-26T02:18:14.551+0000] {processor.py:826} INFO - Processing file /opt/airflow/dags/dags_python_operator.py for tasks to queue
[2023-08-26T02:18:14.553+0000] {logging_mixin.py:150} INFO - [2023-08-26T02:18:14.553+0000] {dagbag.py:541} INFO - Filling up the DagBag from /opt/airflow/dags/dags_python_operator.py
[2023-08-26T02:18:14.584+0000] {processor.py:836} INFO - DAG(s) dict_keys(['dags_python_operator']) retrieved from /opt/airflow/dags/dags_python_operator.py
[2023-08-26T02:18:14.615+0000] {logging_mixin.py:150} INFO - [2023-08-26T02:18:14.614+0000] {dag.py:2742} INFO - Sync 1 DAGs
[2023-08-26T02:18:14.654+0000] {logging_mixin.py:150} INFO - [2023-08-26T02:18:14.654+0000] {dag.py:3508} INFO - Setting next_dagrun for dags_python_operator to 2023-08-24T06:30:00+00:00, run_after=2023-08-25T06:30:00+00:00
[2023-08-26T02:18:14.697+0000] {processor.py:179} INFO - Processing /opt/airflow/dags/dags_python_operator.py took 0.153 seconds
[2023-08-26T02:18:45.326+0000] {processor.py:157} INFO - Started process (PID=2726) to work on /opt/airflow/dags/dags_python_operator.py
[2023-08-26T02:18:45.327+0000] {processor.py:826} INFO - Processing file /opt/airflow/dags/dags_python_operator.py for tasks to queue
[2023-08-26T02:18:45.328+0000] {logging_mixin.py:150} INFO - [2023-08-26T02:18:45.328+0000] {dagbag.py:541} INFO - Filling up the DagBag from /opt/airflow/dags/dags_python_operator.py
[2023-08-26T02:18:45.362+0000] {processor.py:836} INFO - DAG(s) dict_keys(['dags_python_operator']) retrieved from /opt/airflow/dags/dags_python_operator.py
[2023-08-26T02:18:45.391+0000] {logging_mixin.py:150} INFO - [2023-08-26T02:18:45.390+0000] {dag.py:2742} INFO - Sync 1 DAGs
[2023-08-26T02:18:45.423+0000] {logging_mixin.py:150} INFO - [2023-08-26T02:18:45.422+0000] {dag.py:3508} INFO - Setting next_dagrun for dags_python_operator to 2023-08-24T06:30:00+00:00, run_after=2023-08-25T06:30:00+00:00
[2023-08-26T02:18:45.481+0000] {processor.py:179} INFO - Processing /opt/airflow/dags/dags_python_operator.py took 0.158 seconds
[2023-08-26T02:19:16.378+0000] {processor.py:157} INFO - Started process (PID=2805) to work on /opt/airflow/dags/dags_python_operator.py
[2023-08-26T02:19:16.379+0000] {processor.py:826} INFO - Processing file /opt/airflow/dags/dags_python_operator.py for tasks to queue
[2023-08-26T02:19:16.380+0000] {logging_mixin.py:150} INFO - [2023-08-26T02:19:16.380+0000] {dagbag.py:541} INFO - Filling up the DagBag from /opt/airflow/dags/dags_python_operator.py
[2023-08-26T02:19:16.408+0000] {processor.py:836} INFO - DAG(s) dict_keys(['dags_python_operator']) retrieved from /opt/airflow/dags/dags_python_operator.py
[2023-08-26T02:19:16.435+0000] {logging_mixin.py:150} INFO - [2023-08-26T02:19:16.435+0000] {dag.py:2742} INFO - Sync 1 DAGs
[2023-08-26T02:19:16.470+0000] {logging_mixin.py:150} INFO - [2023-08-26T02:19:16.470+0000] {dag.py:3508} INFO - Setting next_dagrun for dags_python_operator to 2023-08-24T06:30:00+00:00, run_after=2023-08-25T06:30:00+00:00
[2023-08-26T02:19:16.510+0000] {processor.py:179} INFO - Processing /opt/airflow/dags/dags_python_operator.py took 0.136 seconds
[2023-08-26T02:19:46.814+0000] {processor.py:157} INFO - Started process (PID=2884) to work on /opt/airflow/dags/dags_python_operator.py
[2023-08-26T02:19:46.817+0000] {processor.py:826} INFO - Processing file /opt/airflow/dags/dags_python_operator.py for tasks to queue
[2023-08-26T02:19:46.818+0000] {logging_mixin.py:150} INFO - [2023-08-26T02:19:46.818+0000] {dagbag.py:541} INFO - Filling up the DagBag from /opt/airflow/dags/dags_python_operator.py
[2023-08-26T02:19:46.853+0000] {processor.py:836} INFO - DAG(s) dict_keys(['dags_python_operator']) retrieved from /opt/airflow/dags/dags_python_operator.py
[2023-08-26T02:19:46.880+0000] {logging_mixin.py:150} INFO - [2023-08-26T02:19:46.879+0000] {dag.py:2742} INFO - Sync 1 DAGs
[2023-08-26T02:19:46.910+0000] {logging_mixin.py:150} INFO - [2023-08-26T02:19:46.910+0000] {dag.py:3508} INFO - Setting next_dagrun for dags_python_operator to 2023-08-24T06:30:00+00:00, run_after=2023-08-25T06:30:00+00:00
[2023-08-26T02:19:46.978+0000] {processor.py:179} INFO - Processing /opt/airflow/dags/dags_python_operator.py took 0.170 seconds
[2023-08-26T02:20:17.198+0000] {processor.py:157} INFO - Started process (PID=2963) to work on /opt/airflow/dags/dags_python_operator.py
[2023-08-26T02:20:17.200+0000] {processor.py:826} INFO - Processing file /opt/airflow/dags/dags_python_operator.py for tasks to queue
[2023-08-26T02:20:17.201+0000] {logging_mixin.py:150} INFO - [2023-08-26T02:20:17.201+0000] {dagbag.py:541} INFO - Filling up the DagBag from /opt/airflow/dags/dags_python_operator.py
[2023-08-26T02:20:17.233+0000] {processor.py:836} INFO - DAG(s) dict_keys(['dags_python_operator']) retrieved from /opt/airflow/dags/dags_python_operator.py
[2023-08-26T02:20:17.258+0000] {logging_mixin.py:150} INFO - [2023-08-26T02:20:17.258+0000] {dag.py:2742} INFO - Sync 1 DAGs
[2023-08-26T02:20:17.293+0000] {logging_mixin.py:150} INFO - [2023-08-26T02:20:17.293+0000] {dag.py:3508} INFO - Setting next_dagrun for dags_python_operator to 2023-08-24T06:30:00+00:00, run_after=2023-08-25T06:30:00+00:00
[2023-08-26T02:20:17.352+0000] {processor.py:179} INFO - Processing /opt/airflow/dags/dags_python_operator.py took 0.157 seconds
[2023-08-26T02:20:47.816+0000] {processor.py:157} INFO - Started process (PID=3042) to work on /opt/airflow/dags/dags_python_operator.py
[2023-08-26T02:20:47.817+0000] {processor.py:826} INFO - Processing file /opt/airflow/dags/dags_python_operator.py for tasks to queue
[2023-08-26T02:20:47.819+0000] {logging_mixin.py:150} INFO - [2023-08-26T02:20:47.819+0000] {dagbag.py:541} INFO - Filling up the DagBag from /opt/airflow/dags/dags_python_operator.py
[2023-08-26T02:20:47.849+0000] {processor.py:836} INFO - DAG(s) dict_keys(['dags_python_operator']) retrieved from /opt/airflow/dags/dags_python_operator.py
[2023-08-26T02:20:47.878+0000] {logging_mixin.py:150} INFO - [2023-08-26T02:20:47.878+0000] {dag.py:2742} INFO - Sync 1 DAGs
[2023-08-26T02:20:47.910+0000] {logging_mixin.py:150} INFO - [2023-08-26T02:20:47.910+0000] {dag.py:3508} INFO - Setting next_dagrun for dags_python_operator to 2023-08-24T06:30:00+00:00, run_after=2023-08-25T06:30:00+00:00
[2023-08-26T02:20:47.974+0000] {processor.py:179} INFO - Processing /opt/airflow/dags/dags_python_operator.py took 0.163 seconds
[2023-08-26T02:21:18.608+0000] {processor.py:157} INFO - Started process (PID=3121) to work on /opt/airflow/dags/dags_python_operator.py
[2023-08-26T02:21:18.610+0000] {processor.py:826} INFO - Processing file /opt/airflow/dags/dags_python_operator.py for tasks to queue
[2023-08-26T02:21:18.611+0000] {logging_mixin.py:150} INFO - [2023-08-26T02:21:18.611+0000] {dagbag.py:541} INFO - Filling up the DagBag from /opt/airflow/dags/dags_python_operator.py
[2023-08-26T02:21:18.653+0000] {processor.py:836} INFO - DAG(s) dict_keys(['dags_python_operator']) retrieved from /opt/airflow/dags/dags_python_operator.py
[2023-08-26T02:21:18.684+0000] {logging_mixin.py:150} INFO - [2023-08-26T02:21:18.684+0000] {dag.py:2742} INFO - Sync 1 DAGs
[2023-08-26T02:21:18.722+0000] {logging_mixin.py:150} INFO - [2023-08-26T02:21:18.721+0000] {dag.py:3508} INFO - Setting next_dagrun for dags_python_operator to 2023-08-24T06:30:00+00:00, run_after=2023-08-25T06:30:00+00:00
[2023-08-26T02:21:18.763+0000] {processor.py:179} INFO - Processing /opt/airflow/dags/dags_python_operator.py took 0.161 seconds
[2023-08-26T02:21:48.988+0000] {processor.py:157} INFO - Started process (PID=3200) to work on /opt/airflow/dags/dags_python_operator.py
[2023-08-26T02:21:48.989+0000] {processor.py:826} INFO - Processing file /opt/airflow/dags/dags_python_operator.py for tasks to queue
[2023-08-26T02:21:48.991+0000] {logging_mixin.py:150} INFO - [2023-08-26T02:21:48.990+0000] {dagbag.py:541} INFO - Filling up the DagBag from /opt/airflow/dags/dags_python_operator.py
[2023-08-26T02:21:49.019+0000] {processor.py:836} INFO - DAG(s) dict_keys(['dags_python_operator']) retrieved from /opt/airflow/dags/dags_python_operator.py
[2023-08-26T02:21:49.042+0000] {logging_mixin.py:150} INFO - [2023-08-26T02:21:49.042+0000] {dag.py:2742} INFO - Sync 1 DAGs
[2023-08-26T02:21:49.073+0000] {logging_mixin.py:150} INFO - [2023-08-26T02:21:49.072+0000] {dag.py:3508} INFO - Setting next_dagrun for dags_python_operator to 2023-08-24T06:30:00+00:00, run_after=2023-08-25T06:30:00+00:00
[2023-08-26T02:21:49.111+0000] {processor.py:179} INFO - Processing /opt/airflow/dags/dags_python_operator.py took 0.126 seconds
[2023-08-26T02:22:19.427+0000] {processor.py:157} INFO - Started process (PID=3279) to work on /opt/airflow/dags/dags_python_operator.py
[2023-08-26T02:22:19.429+0000] {processor.py:826} INFO - Processing file /opt/airflow/dags/dags_python_operator.py for tasks to queue
[2023-08-26T02:22:19.430+0000] {logging_mixin.py:150} INFO - [2023-08-26T02:22:19.430+0000] {dagbag.py:541} INFO - Filling up the DagBag from /opt/airflow/dags/dags_python_operator.py
[2023-08-26T02:22:19.460+0000] {processor.py:836} INFO - DAG(s) dict_keys(['dags_python_operator']) retrieved from /opt/airflow/dags/dags_python_operator.py
[2023-08-26T02:22:19.492+0000] {logging_mixin.py:150} INFO - [2023-08-26T02:22:19.491+0000] {dag.py:2742} INFO - Sync 1 DAGs
[2023-08-26T02:22:19.537+0000] {logging_mixin.py:150} INFO - [2023-08-26T02:22:19.537+0000] {dag.py:3508} INFO - Setting next_dagrun for dags_python_operator to 2023-08-24T06:30:00+00:00, run_after=2023-08-25T06:30:00+00:00
[2023-08-26T02:22:19.657+0000] {processor.py:179} INFO - Processing /opt/airflow/dags/dags_python_operator.py took 0.235 seconds
[2023-08-26T02:22:49.927+0000] {processor.py:157} INFO - Started process (PID=3357) to work on /opt/airflow/dags/dags_python_operator.py
[2023-08-26T02:22:49.929+0000] {processor.py:826} INFO - Processing file /opt/airflow/dags/dags_python_operator.py for tasks to queue
[2023-08-26T02:22:49.930+0000] {logging_mixin.py:150} INFO - [2023-08-26T02:22:49.930+0000] {dagbag.py:541} INFO - Filling up the DagBag from /opt/airflow/dags/dags_python_operator.py
[2023-08-26T02:22:49.961+0000] {processor.py:836} INFO - DAG(s) dict_keys(['dags_python_operator']) retrieved from /opt/airflow/dags/dags_python_operator.py
[2023-08-26T02:22:49.988+0000] {logging_mixin.py:150} INFO - [2023-08-26T02:22:49.987+0000] {dag.py:2742} INFO - Sync 1 DAGs
[2023-08-26T02:22:50.017+0000] {logging_mixin.py:150} INFO - [2023-08-26T02:22:50.017+0000] {dag.py:3508} INFO - Setting next_dagrun for dags_python_operator to 2023-08-24T06:30:00+00:00, run_after=2023-08-25T06:30:00+00:00
[2023-08-26T02:22:50.060+0000] {processor.py:179} INFO - Processing /opt/airflow/dags/dags_python_operator.py took 0.136 seconds
[2023-08-26T02:23:20.201+0000] {processor.py:157} INFO - Started process (PID=3437) to work on /opt/airflow/dags/dags_python_operator.py
[2023-08-26T02:23:20.203+0000] {processor.py:826} INFO - Processing file /opt/airflow/dags/dags_python_operator.py for tasks to queue
[2023-08-26T02:23:20.206+0000] {logging_mixin.py:150} INFO - [2023-08-26T02:23:20.206+0000] {dagbag.py:541} INFO - Filling up the DagBag from /opt/airflow/dags/dags_python_operator.py
[2023-08-26T02:23:20.271+0000] {processor.py:836} INFO - DAG(s) dict_keys(['dags_python_operator']) retrieved from /opt/airflow/dags/dags_python_operator.py
[2023-08-26T02:23:20.313+0000] {logging_mixin.py:150} INFO - [2023-08-26T02:23:20.313+0000] {dag.py:2742} INFO - Sync 1 DAGs
[2023-08-26T02:23:20.343+0000] {logging_mixin.py:150} INFO - [2023-08-26T02:23:20.343+0000] {dag.py:3508} INFO - Setting next_dagrun for dags_python_operator to 2023-08-24T06:30:00+00:00, run_after=2023-08-25T06:30:00+00:00
[2023-08-26T02:23:20.386+0000] {processor.py:179} INFO - Processing /opt/airflow/dags/dags_python_operator.py took 0.196 seconds
[2023-08-26T02:23:50.655+0000] {processor.py:157} INFO - Started process (PID=3516) to work on /opt/airflow/dags/dags_python_operator.py
[2023-08-26T02:23:50.657+0000] {processor.py:826} INFO - Processing file /opt/airflow/dags/dags_python_operator.py for tasks to queue
[2023-08-26T02:23:50.659+0000] {logging_mixin.py:150} INFO - [2023-08-26T02:23:50.658+0000] {dagbag.py:541} INFO - Filling up the DagBag from /opt/airflow/dags/dags_python_operator.py
[2023-08-26T02:23:50.692+0000] {processor.py:836} INFO - DAG(s) dict_keys(['dags_python_operator']) retrieved from /opt/airflow/dags/dags_python_operator.py
[2023-08-26T02:23:50.716+0000] {logging_mixin.py:150} INFO - [2023-08-26T02:23:50.716+0000] {dag.py:2742} INFO - Sync 1 DAGs
[2023-08-26T02:23:50.745+0000] {logging_mixin.py:150} INFO - [2023-08-26T02:23:50.745+0000] {dag.py:3508} INFO - Setting next_dagrun for dags_python_operator to 2023-08-24T06:30:00+00:00, run_after=2023-08-25T06:30:00+00:00
[2023-08-26T02:23:50.784+0000] {processor.py:179} INFO - Processing /opt/airflow/dags/dags_python_operator.py took 0.133 seconds
[2023-08-26T02:24:20.989+0000] {processor.py:157} INFO - Started process (PID=3594) to work on /opt/airflow/dags/dags_python_operator.py
[2023-08-26T02:24:20.990+0000] {processor.py:826} INFO - Processing file /opt/airflow/dags/dags_python_operator.py for tasks to queue
[2023-08-26T02:24:20.991+0000] {logging_mixin.py:150} INFO - [2023-08-26T02:24:20.991+0000] {dagbag.py:541} INFO - Filling up the DagBag from /opt/airflow/dags/dags_python_operator.py
[2023-08-26T02:24:21.022+0000] {processor.py:836} INFO - DAG(s) dict_keys(['dags_python_operator']) retrieved from /opt/airflow/dags/dags_python_operator.py
[2023-08-26T02:24:21.050+0000] {logging_mixin.py:150} INFO - [2023-08-26T02:24:21.049+0000] {dag.py:2742} INFO - Sync 1 DAGs
[2023-08-26T02:24:21.084+0000] {logging_mixin.py:150} INFO - [2023-08-26T02:24:21.083+0000] {dag.py:3508} INFO - Setting next_dagrun for dags_python_operator to 2023-08-24T06:30:00+00:00, run_after=2023-08-25T06:30:00+00:00
[2023-08-26T02:24:21.111+0000] {processor.py:179} INFO - Processing /opt/airflow/dags/dags_python_operator.py took 0.125 seconds
[2023-08-26T02:24:51.393+0000] {processor.py:157} INFO - Started process (PID=3673) to work on /opt/airflow/dags/dags_python_operator.py
[2023-08-26T02:24:51.394+0000] {processor.py:826} INFO - Processing file /opt/airflow/dags/dags_python_operator.py for tasks to queue
[2023-08-26T02:24:51.395+0000] {logging_mixin.py:150} INFO - [2023-08-26T02:24:51.395+0000] {dagbag.py:541} INFO - Filling up the DagBag from /opt/airflow/dags/dags_python_operator.py
[2023-08-26T02:24:51.423+0000] {processor.py:836} INFO - DAG(s) dict_keys(['dags_python_operator']) retrieved from /opt/airflow/dags/dags_python_operator.py
[2023-08-26T02:24:51.449+0000] {logging_mixin.py:150} INFO - [2023-08-26T02:24:51.449+0000] {dag.py:2742} INFO - Sync 1 DAGs
[2023-08-26T02:24:51.479+0000] {logging_mixin.py:150} INFO - [2023-08-26T02:24:51.478+0000] {dag.py:3508} INFO - Setting next_dagrun for dags_python_operator to 2023-08-24T06:30:00+00:00, run_after=2023-08-25T06:30:00+00:00
[2023-08-26T02:24:51.520+0000] {processor.py:179} INFO - Processing /opt/airflow/dags/dags_python_operator.py took 0.131 seconds
[2023-08-26T02:25:21.697+0000] {processor.py:157} INFO - Started process (PID=3752) to work on /opt/airflow/dags/dags_python_operator.py
[2023-08-26T02:25:21.699+0000] {processor.py:826} INFO - Processing file /opt/airflow/dags/dags_python_operator.py for tasks to queue
[2023-08-26T02:25:21.700+0000] {logging_mixin.py:150} INFO - [2023-08-26T02:25:21.700+0000] {dagbag.py:541} INFO - Filling up the DagBag from /opt/airflow/dags/dags_python_operator.py
[2023-08-26T02:25:21.731+0000] {processor.py:836} INFO - DAG(s) dict_keys(['dags_python_operator']) retrieved from /opt/airflow/dags/dags_python_operator.py
[2023-08-26T02:25:21.754+0000] {logging_mixin.py:150} INFO - [2023-08-26T02:25:21.754+0000] {dag.py:2742} INFO - Sync 1 DAGs
[2023-08-26T02:25:21.782+0000] {logging_mixin.py:150} INFO - [2023-08-26T02:25:21.782+0000] {dag.py:3508} INFO - Setting next_dagrun for dags_python_operator to 2023-08-24T06:30:00+00:00, run_after=2023-08-25T06:30:00+00:00
[2023-08-26T02:25:21.819+0000] {processor.py:179} INFO - Processing /opt/airflow/dags/dags_python_operator.py took 0.125 seconds
[2023-08-26T02:25:52.164+0000] {processor.py:157} INFO - Started process (PID=3831) to work on /opt/airflow/dags/dags_python_operator.py
[2023-08-26T02:25:52.165+0000] {processor.py:826} INFO - Processing file /opt/airflow/dags/dags_python_operator.py for tasks to queue
[2023-08-26T02:25:52.167+0000] {logging_mixin.py:150} INFO - [2023-08-26T02:25:52.166+0000] {dagbag.py:541} INFO - Filling up the DagBag from /opt/airflow/dags/dags_python_operator.py
[2023-08-26T02:25:52.194+0000] {processor.py:836} INFO - DAG(s) dict_keys(['dags_python_operator']) retrieved from /opt/airflow/dags/dags_python_operator.py
[2023-08-26T02:25:52.218+0000] {logging_mixin.py:150} INFO - [2023-08-26T02:25:52.217+0000] {dag.py:2742} INFO - Sync 1 DAGs
[2023-08-26T02:25:52.250+0000] {logging_mixin.py:150} INFO - [2023-08-26T02:25:52.250+0000] {dag.py:3508} INFO - Setting next_dagrun for dags_python_operator to 2023-08-24T06:30:00+00:00, run_after=2023-08-25T06:30:00+00:00
[2023-08-26T02:25:52.294+0000] {processor.py:179} INFO - Processing /opt/airflow/dags/dags_python_operator.py took 0.133 seconds
[2023-08-26T02:26:22.670+0000] {processor.py:157} INFO - Started process (PID=3911) to work on /opt/airflow/dags/dags_python_operator.py
[2023-08-26T02:26:22.671+0000] {processor.py:826} INFO - Processing file /opt/airflow/dags/dags_python_operator.py for tasks to queue
[2023-08-26T02:26:22.673+0000] {logging_mixin.py:150} INFO - [2023-08-26T02:26:22.673+0000] {dagbag.py:541} INFO - Filling up the DagBag from /opt/airflow/dags/dags_python_operator.py
[2023-08-26T02:26:22.709+0000] {processor.py:836} INFO - DAG(s) dict_keys(['dags_python_operator']) retrieved from /opt/airflow/dags/dags_python_operator.py
[2023-08-26T02:26:22.734+0000] {logging_mixin.py:150} INFO - [2023-08-26T02:26:22.733+0000] {dag.py:2742} INFO - Sync 1 DAGs
[2023-08-26T02:26:22.764+0000] {logging_mixin.py:150} INFO - [2023-08-26T02:26:22.763+0000] {dag.py:3508} INFO - Setting next_dagrun for dags_python_operator to 2023-08-24T06:30:00+00:00, run_after=2023-08-25T06:30:00+00:00
[2023-08-26T02:26:22.805+0000] {processor.py:179} INFO - Processing /opt/airflow/dags/dags_python_operator.py took 0.138 seconds
[2023-08-26T02:26:53.379+0000] {processor.py:157} INFO - Started process (PID=3990) to work on /opt/airflow/dags/dags_python_operator.py
[2023-08-26T02:26:53.381+0000] {processor.py:826} INFO - Processing file /opt/airflow/dags/dags_python_operator.py for tasks to queue
[2023-08-26T02:26:53.383+0000] {logging_mixin.py:150} INFO - [2023-08-26T02:26:53.383+0000] {dagbag.py:541} INFO - Filling up the DagBag from /opt/airflow/dags/dags_python_operator.py
[2023-08-26T02:26:53.414+0000] {processor.py:836} INFO - DAG(s) dict_keys(['dags_python_operator']) retrieved from /opt/airflow/dags/dags_python_operator.py
[2023-08-26T02:26:53.439+0000] {logging_mixin.py:150} INFO - [2023-08-26T02:26:53.439+0000] {dag.py:2742} INFO - Sync 1 DAGs
[2023-08-26T02:26:53.470+0000] {logging_mixin.py:150} INFO - [2023-08-26T02:26:53.469+0000] {dag.py:3508} INFO - Setting next_dagrun for dags_python_operator to 2023-08-24T06:30:00+00:00, run_after=2023-08-25T06:30:00+00:00
[2023-08-26T02:26:53.531+0000] {processor.py:179} INFO - Processing /opt/airflow/dags/dags_python_operator.py took 0.156 seconds
[2023-08-26T02:27:23.879+0000] {processor.py:157} INFO - Started process (PID=4069) to work on /opt/airflow/dags/dags_python_operator.py
[2023-08-26T02:27:23.881+0000] {processor.py:826} INFO - Processing file /opt/airflow/dags/dags_python_operator.py for tasks to queue
[2023-08-26T02:27:23.882+0000] {logging_mixin.py:150} INFO - [2023-08-26T02:27:23.882+0000] {dagbag.py:541} INFO - Filling up the DagBag from /opt/airflow/dags/dags_python_operator.py
[2023-08-26T02:27:23.908+0000] {processor.py:836} INFO - DAG(s) dict_keys(['dags_python_operator']) retrieved from /opt/airflow/dags/dags_python_operator.py
[2023-08-26T02:27:23.933+0000] {logging_mixin.py:150} INFO - [2023-08-26T02:27:23.933+0000] {dag.py:2742} INFO - Sync 1 DAGs
[2023-08-26T02:27:23.964+0000] {logging_mixin.py:150} INFO - [2023-08-26T02:27:23.964+0000] {dag.py:3508} INFO - Setting next_dagrun for dags_python_operator to 2023-08-24T06:30:00+00:00, run_after=2023-08-25T06:30:00+00:00
[2023-08-26T02:27:24.006+0000] {processor.py:179} INFO - Processing /opt/airflow/dags/dags_python_operator.py took 0.130 seconds
[2023-08-26T02:27:54.283+0000] {processor.py:157} INFO - Started process (PID=4148) to work on /opt/airflow/dags/dags_python_operator.py
[2023-08-26T02:27:54.284+0000] {processor.py:826} INFO - Processing file /opt/airflow/dags/dags_python_operator.py for tasks to queue
[2023-08-26T02:27:54.285+0000] {logging_mixin.py:150} INFO - [2023-08-26T02:27:54.285+0000] {dagbag.py:541} INFO - Filling up the DagBag from /opt/airflow/dags/dags_python_operator.py
[2023-08-26T02:27:54.318+0000] {processor.py:836} INFO - DAG(s) dict_keys(['dags_python_operator']) retrieved from /opt/airflow/dags/dags_python_operator.py
[2023-08-26T02:27:54.350+0000] {logging_mixin.py:150} INFO - [2023-08-26T02:27:54.350+0000] {dag.py:2742} INFO - Sync 1 DAGs
[2023-08-26T02:27:54.383+0000] {logging_mixin.py:150} INFO - [2023-08-26T02:27:54.383+0000] {dag.py:3508} INFO - Setting next_dagrun for dags_python_operator to 2023-08-24T06:30:00+00:00, run_after=2023-08-25T06:30:00+00:00
[2023-08-26T02:27:54.513+0000] {processor.py:179} INFO - Processing /opt/airflow/dags/dags_python_operator.py took 0.234 seconds
[2023-08-26T02:28:25.435+0000] {processor.py:157} INFO - Started process (PID=4227) to work on /opt/airflow/dags/dags_python_operator.py
[2023-08-26T02:28:25.436+0000] {processor.py:826} INFO - Processing file /opt/airflow/dags/dags_python_operator.py for tasks to queue
[2023-08-26T02:28:25.437+0000] {logging_mixin.py:150} INFO - [2023-08-26T02:28:25.437+0000] {dagbag.py:541} INFO - Filling up the DagBag from /opt/airflow/dags/dags_python_operator.py
[2023-08-26T02:28:25.469+0000] {processor.py:836} INFO - DAG(s) dict_keys(['dags_python_operator']) retrieved from /opt/airflow/dags/dags_python_operator.py
[2023-08-26T02:28:25.499+0000] {logging_mixin.py:150} INFO - [2023-08-26T02:28:25.499+0000] {dag.py:2742} INFO - Sync 1 DAGs
[2023-08-26T02:28:25.534+0000] {logging_mixin.py:150} INFO - [2023-08-26T02:28:25.534+0000] {dag.py:3508} INFO - Setting next_dagrun for dags_python_operator to 2023-08-24T06:30:00+00:00, run_after=2023-08-25T06:30:00+00:00
[2023-08-26T02:28:25.574+0000] {processor.py:179} INFO - Processing /opt/airflow/dags/dags_python_operator.py took 0.145 seconds
[2023-08-26T02:28:56.031+0000] {processor.py:157} INFO - Started process (PID=4306) to work on /opt/airflow/dags/dags_python_operator.py
[2023-08-26T02:28:56.032+0000] {processor.py:826} INFO - Processing file /opt/airflow/dags/dags_python_operator.py for tasks to queue
[2023-08-26T02:28:56.033+0000] {logging_mixin.py:150} INFO - [2023-08-26T02:28:56.033+0000] {dagbag.py:541} INFO - Filling up the DagBag from /opt/airflow/dags/dags_python_operator.py
[2023-08-26T02:28:56.061+0000] {processor.py:836} INFO - DAG(s) dict_keys(['dags_python_operator']) retrieved from /opt/airflow/dags/dags_python_operator.py
[2023-08-26T02:28:56.085+0000] {logging_mixin.py:150} INFO - [2023-08-26T02:28:56.085+0000] {dag.py:2742} INFO - Sync 1 DAGs
[2023-08-26T02:28:56.120+0000] {logging_mixin.py:150} INFO - [2023-08-26T02:28:56.120+0000] {dag.py:3508} INFO - Setting next_dagrun for dags_python_operator to 2023-08-24T06:30:00+00:00, run_after=2023-08-25T06:30:00+00:00
[2023-08-26T02:28:56.183+0000] {processor.py:179} INFO - Processing /opt/airflow/dags/dags_python_operator.py took 0.156 seconds
[2023-08-26T02:29:26.317+0000] {processor.py:157} INFO - Started process (PID=4385) to work on /opt/airflow/dags/dags_python_operator.py
[2023-08-26T02:29:26.318+0000] {processor.py:826} INFO - Processing file /opt/airflow/dags/dags_python_operator.py for tasks to queue
[2023-08-26T02:29:26.319+0000] {logging_mixin.py:150} INFO - [2023-08-26T02:29:26.319+0000] {dagbag.py:541} INFO - Filling up the DagBag from /opt/airflow/dags/dags_python_operator.py
[2023-08-26T02:29:26.346+0000] {processor.py:836} INFO - DAG(s) dict_keys(['dags_python_operator']) retrieved from /opt/airflow/dags/dags_python_operator.py
[2023-08-26T02:29:26.369+0000] {logging_mixin.py:150} INFO - [2023-08-26T02:29:26.369+0000] {dag.py:2742} INFO - Sync 1 DAGs
[2023-08-26T02:29:26.397+0000] {logging_mixin.py:150} INFO - [2023-08-26T02:29:26.396+0000] {dag.py:3508} INFO - Setting next_dagrun for dags_python_operator to 2023-08-24T06:30:00+00:00, run_after=2023-08-25T06:30:00+00:00
[2023-08-26T02:29:26.435+0000] {processor.py:179} INFO - Processing /opt/airflow/dags/dags_python_operator.py took 0.121 seconds
[2023-08-26T02:29:56.974+0000] {processor.py:157} INFO - Started process (PID=4464) to work on /opt/airflow/dags/dags_python_operator.py
[2023-08-26T02:29:56.976+0000] {processor.py:826} INFO - Processing file /opt/airflow/dags/dags_python_operator.py for tasks to queue
[2023-08-26T02:29:56.978+0000] {logging_mixin.py:150} INFO - [2023-08-26T02:29:56.977+0000] {dagbag.py:541} INFO - Filling up the DagBag from /opt/airflow/dags/dags_python_operator.py
[2023-08-26T02:29:57.016+0000] {processor.py:836} INFO - DAG(s) dict_keys(['dags_python_operator']) retrieved from /opt/airflow/dags/dags_python_operator.py
[2023-08-26T02:29:57.049+0000] {logging_mixin.py:150} INFO - [2023-08-26T02:29:57.049+0000] {dag.py:2742} INFO - Sync 1 DAGs
[2023-08-26T02:29:57.094+0000] {logging_mixin.py:150} INFO - [2023-08-26T02:29:57.094+0000] {dag.py:3508} INFO - Setting next_dagrun for dags_python_operator to 2023-08-24T06:30:00+00:00, run_after=2023-08-25T06:30:00+00:00
[2023-08-26T02:29:57.153+0000] {processor.py:179} INFO - Processing /opt/airflow/dags/dags_python_operator.py took 0.183 seconds
[2023-08-26T02:30:27.869+0000] {processor.py:157} INFO - Started process (PID=4543) to work on /opt/airflow/dags/dags_python_operator.py
[2023-08-26T02:30:27.870+0000] {processor.py:826} INFO - Processing file /opt/airflow/dags/dags_python_operator.py for tasks to queue
[2023-08-26T02:30:27.872+0000] {logging_mixin.py:150} INFO - [2023-08-26T02:30:27.871+0000] {dagbag.py:541} INFO - Filling up the DagBag from /opt/airflow/dags/dags_python_operator.py
[2023-08-26T02:30:27.905+0000] {processor.py:836} INFO - DAG(s) dict_keys(['dags_python_operator']) retrieved from /opt/airflow/dags/dags_python_operator.py
[2023-08-26T02:30:27.931+0000] {logging_mixin.py:150} INFO - [2023-08-26T02:30:27.930+0000] {dag.py:2742} INFO - Sync 1 DAGs
[2023-08-26T02:30:27.964+0000] {logging_mixin.py:150} INFO - [2023-08-26T02:30:27.964+0000] {dag.py:3508} INFO - Setting next_dagrun for dags_python_operator to 2023-08-24T06:30:00+00:00, run_after=2023-08-25T06:30:00+00:00
[2023-08-26T02:30:28.005+0000] {processor.py:179} INFO - Processing /opt/airflow/dags/dags_python_operator.py took 0.140 seconds
[2023-08-26T02:30:58.357+0000] {processor.py:157} INFO - Started process (PID=4622) to work on /opt/airflow/dags/dags_python_operator.py
[2023-08-26T02:30:58.359+0000] {processor.py:826} INFO - Processing file /opt/airflow/dags/dags_python_operator.py for tasks to queue
[2023-08-26T02:30:58.361+0000] {logging_mixin.py:150} INFO - [2023-08-26T02:30:58.360+0000] {dagbag.py:541} INFO - Filling up the DagBag from /opt/airflow/dags/dags_python_operator.py
[2023-08-26T02:30:58.391+0000] {processor.py:836} INFO - DAG(s) dict_keys(['dags_python_operator']) retrieved from /opt/airflow/dags/dags_python_operator.py
[2023-08-26T02:30:58.416+0000] {logging_mixin.py:150} INFO - [2023-08-26T02:30:58.415+0000] {dag.py:2742} INFO - Sync 1 DAGs
[2023-08-26T02:30:58.446+0000] {logging_mixin.py:150} INFO - [2023-08-26T02:30:58.446+0000] {dag.py:3508} INFO - Setting next_dagrun for dags_python_operator to 2023-08-24T06:30:00+00:00, run_after=2023-08-25T06:30:00+00:00
[2023-08-26T02:30:58.543+0000] {processor.py:179} INFO - Processing /opt/airflow/dags/dags_python_operator.py took 0.190 seconds
[2023-08-26T02:31:28.819+0000] {processor.py:157} INFO - Started process (PID=4701) to work on /opt/airflow/dags/dags_python_operator.py
[2023-08-26T02:31:28.820+0000] {processor.py:826} INFO - Processing file /opt/airflow/dags/dags_python_operator.py for tasks to queue
[2023-08-26T02:31:28.821+0000] {logging_mixin.py:150} INFO - [2023-08-26T02:31:28.821+0000] {dagbag.py:541} INFO - Filling up the DagBag from /opt/airflow/dags/dags_python_operator.py
[2023-08-26T02:31:28.850+0000] {processor.py:836} INFO - DAG(s) dict_keys(['dags_python_operator']) retrieved from /opt/airflow/dags/dags_python_operator.py
[2023-08-26T02:31:28.884+0000] {logging_mixin.py:150} INFO - [2023-08-26T02:31:28.884+0000] {dag.py:2742} INFO - Sync 1 DAGs
[2023-08-26T02:31:28.914+0000] {logging_mixin.py:150} INFO - [2023-08-26T02:31:28.914+0000] {dag.py:3508} INFO - Setting next_dagrun for dags_python_operator to 2023-08-24T06:30:00+00:00, run_after=2023-08-25T06:30:00+00:00
[2023-08-26T02:31:28.952+0000] {processor.py:179} INFO - Processing /opt/airflow/dags/dags_python_operator.py took 0.139 seconds
[2023-08-26T02:31:59.500+0000] {processor.py:157} INFO - Started process (PID=4788) to work on /opt/airflow/dags/dags_python_operator.py
[2023-08-26T02:31:59.501+0000] {processor.py:826} INFO - Processing file /opt/airflow/dags/dags_python_operator.py for tasks to queue
[2023-08-26T02:31:59.503+0000] {logging_mixin.py:150} INFO - [2023-08-26T02:31:59.502+0000] {dagbag.py:541} INFO - Filling up the DagBag from /opt/airflow/dags/dags_python_operator.py
[2023-08-26T02:31:59.532+0000] {processor.py:836} INFO - DAG(s) dict_keys(['dags_python_operator']) retrieved from /opt/airflow/dags/dags_python_operator.py
[2023-08-26T02:31:59.557+0000] {logging_mixin.py:150} INFO - [2023-08-26T02:31:59.557+0000] {dag.py:2742} INFO - Sync 1 DAGs
[2023-08-26T02:31:59.589+0000] {logging_mixin.py:150} INFO - [2023-08-26T02:31:59.589+0000] {dag.py:3508} INFO - Setting next_dagrun for dags_python_operator to 2023-08-24T06:30:00+00:00, run_after=2023-08-25T06:30:00+00:00
[2023-08-26T02:31:59.630+0000] {processor.py:179} INFO - Processing /opt/airflow/dags/dags_python_operator.py took 0.134 seconds
[2023-08-26T02:32:30.324+0000] {processor.py:157} INFO - Started process (PID=4867) to work on /opt/airflow/dags/dags_python_operator.py
[2023-08-26T02:32:30.326+0000] {processor.py:826} INFO - Processing file /opt/airflow/dags/dags_python_operator.py for tasks to queue
[2023-08-26T02:32:30.328+0000] {logging_mixin.py:150} INFO - [2023-08-26T02:32:30.328+0000] {dagbag.py:541} INFO - Filling up the DagBag from /opt/airflow/dags/dags_python_operator.py
[2023-08-26T02:32:30.365+0000] {processor.py:836} INFO - DAG(s) dict_keys(['dags_python_operator']) retrieved from /opt/airflow/dags/dags_python_operator.py
[2023-08-26T02:32:30.390+0000] {logging_mixin.py:150} INFO - [2023-08-26T02:32:30.390+0000] {dag.py:2742} INFO - Sync 1 DAGs
[2023-08-26T02:32:30.418+0000] {logging_mixin.py:150} INFO - [2023-08-26T02:32:30.417+0000] {dag.py:3508} INFO - Setting next_dagrun for dags_python_operator to 2023-08-24T06:30:00+00:00, run_after=2023-08-25T06:30:00+00:00
[2023-08-26T02:32:30.459+0000] {processor.py:179} INFO - Processing /opt/airflow/dags/dags_python_operator.py took 0.140 seconds
[2023-08-26T02:33:01.069+0000] {processor.py:157} INFO - Started process (PID=4946) to work on /opt/airflow/dags/dags_python_operator.py
[2023-08-26T02:33:01.070+0000] {processor.py:826} INFO - Processing file /opt/airflow/dags/dags_python_operator.py for tasks to queue
[2023-08-26T02:33:01.072+0000] {logging_mixin.py:150} INFO - [2023-08-26T02:33:01.072+0000] {dagbag.py:541} INFO - Filling up the DagBag from /opt/airflow/dags/dags_python_operator.py
[2023-08-26T02:33:01.104+0000] {processor.py:836} INFO - DAG(s) dict_keys(['dags_python_operator']) retrieved from /opt/airflow/dags/dags_python_operator.py
[2023-08-26T02:33:01.130+0000] {logging_mixin.py:150} INFO - [2023-08-26T02:33:01.130+0000] {dag.py:2742} INFO - Sync 1 DAGs
[2023-08-26T02:33:01.158+0000] {logging_mixin.py:150} INFO - [2023-08-26T02:33:01.158+0000] {dag.py:3508} INFO - Setting next_dagrun for dags_python_operator to 2023-08-24T06:30:00+00:00, run_after=2023-08-25T06:30:00+00:00
[2023-08-26T02:33:01.199+0000] {processor.py:179} INFO - Processing /opt/airflow/dags/dags_python_operator.py took 0.135 seconds
[2023-08-26T02:33:31.823+0000] {processor.py:157} INFO - Started process (PID=5025) to work on /opt/airflow/dags/dags_python_operator.py
[2023-08-26T02:33:31.824+0000] {processor.py:826} INFO - Processing file /opt/airflow/dags/dags_python_operator.py for tasks to queue
[2023-08-26T02:33:31.826+0000] {logging_mixin.py:150} INFO - [2023-08-26T02:33:31.825+0000] {dagbag.py:541} INFO - Filling up the DagBag from /opt/airflow/dags/dags_python_operator.py
[2023-08-26T02:33:31.854+0000] {processor.py:836} INFO - DAG(s) dict_keys(['dags_python_operator']) retrieved from /opt/airflow/dags/dags_python_operator.py
[2023-08-26T02:33:31.880+0000] {logging_mixin.py:150} INFO - [2023-08-26T02:33:31.880+0000] {dag.py:2742} INFO - Sync 1 DAGs
[2023-08-26T02:33:31.909+0000] {logging_mixin.py:150} INFO - [2023-08-26T02:33:31.909+0000] {dag.py:3508} INFO - Setting next_dagrun for dags_python_operator to 2023-08-24T06:30:00+00:00, run_after=2023-08-25T06:30:00+00:00
[2023-08-26T02:33:31.947+0000] {processor.py:179} INFO - Processing /opt/airflow/dags/dags_python_operator.py took 0.128 seconds
[2023-08-26T02:34:02.220+0000] {processor.py:157} INFO - Started process (PID=5104) to work on /opt/airflow/dags/dags_python_operator.py
[2023-08-26T02:34:02.222+0000] {processor.py:826} INFO - Processing file /opt/airflow/dags/dags_python_operator.py for tasks to queue
[2023-08-26T02:34:02.224+0000] {logging_mixin.py:150} INFO - [2023-08-26T02:34:02.223+0000] {dagbag.py:541} INFO - Filling up the DagBag from /opt/airflow/dags/dags_python_operator.py
[2023-08-26T02:34:02.254+0000] {processor.py:836} INFO - DAG(s) dict_keys(['dags_python_operator']) retrieved from /opt/airflow/dags/dags_python_operator.py
[2023-08-26T02:34:02.278+0000] {logging_mixin.py:150} INFO - [2023-08-26T02:34:02.278+0000] {dag.py:2742} INFO - Sync 1 DAGs
[2023-08-26T02:34:02.307+0000] {logging_mixin.py:150} INFO - [2023-08-26T02:34:02.307+0000] {dag.py:3508} INFO - Setting next_dagrun for dags_python_operator to 2023-08-24T06:30:00+00:00, run_after=2023-08-25T06:30:00+00:00
[2023-08-26T02:34:02.346+0000] {processor.py:179} INFO - Processing /opt/airflow/dags/dags_python_operator.py took 0.130 seconds
[2023-08-26T02:34:32.743+0000] {processor.py:157} INFO - Started process (PID=5183) to work on /opt/airflow/dags/dags_python_operator.py
[2023-08-26T02:34:32.745+0000] {processor.py:826} INFO - Processing file /opt/airflow/dags/dags_python_operator.py for tasks to queue
[2023-08-26T02:34:32.746+0000] {logging_mixin.py:150} INFO - [2023-08-26T02:34:32.746+0000] {dagbag.py:541} INFO - Filling up the DagBag from /opt/airflow/dags/dags_python_operator.py
[2023-08-26T02:34:32.793+0000] {processor.py:836} INFO - DAG(s) dict_keys(['dags_python_operator']) retrieved from /opt/airflow/dags/dags_python_operator.py
[2023-08-26T02:34:32.824+0000] {logging_mixin.py:150} INFO - [2023-08-26T02:34:32.824+0000] {dag.py:2742} INFO - Sync 1 DAGs
[2023-08-26T02:34:32.857+0000] {logging_mixin.py:150} INFO - [2023-08-26T02:34:32.856+0000] {dag.py:3508} INFO - Setting next_dagrun for dags_python_operator to 2023-08-24T06:30:00+00:00, run_after=2023-08-25T06:30:00+00:00
[2023-08-26T02:34:32.897+0000] {processor.py:179} INFO - Processing /opt/airflow/dags/dags_python_operator.py took 0.165 seconds
[2023-08-26T02:35:03.205+0000] {processor.py:157} INFO - Started process (PID=5262) to work on /opt/airflow/dags/dags_python_operator.py
[2023-08-26T02:35:03.206+0000] {processor.py:826} INFO - Processing file /opt/airflow/dags/dags_python_operator.py for tasks to queue
[2023-08-26T02:35:03.208+0000] {logging_mixin.py:150} INFO - [2023-08-26T02:35:03.207+0000] {dagbag.py:541} INFO - Filling up the DagBag from /opt/airflow/dags/dags_python_operator.py
[2023-08-26T02:35:03.240+0000] {processor.py:836} INFO - DAG(s) dict_keys(['dags_python_operator']) retrieved from /opt/airflow/dags/dags_python_operator.py
[2023-08-26T02:35:03.267+0000] {logging_mixin.py:150} INFO - [2023-08-26T02:35:03.267+0000] {dag.py:2742} INFO - Sync 1 DAGs
[2023-08-26T02:35:03.298+0000] {logging_mixin.py:150} INFO - [2023-08-26T02:35:03.298+0000] {dag.py:3508} INFO - Setting next_dagrun for dags_python_operator to 2023-08-24T06:30:00+00:00, run_after=2023-08-25T06:30:00+00:00
[2023-08-26T02:35:03.375+0000] {processor.py:179} INFO - Processing /opt/airflow/dags/dags_python_operator.py took 0.174 seconds
[2023-08-26T02:35:33.455+0000] {processor.py:157} INFO - Started process (PID=5341) to work on /opt/airflow/dags/dags_python_operator.py
[2023-08-26T02:35:33.457+0000] {processor.py:826} INFO - Processing file /opt/airflow/dags/dags_python_operator.py for tasks to queue
[2023-08-26T02:35:33.459+0000] {logging_mixin.py:150} INFO - [2023-08-26T02:35:33.458+0000] {dagbag.py:541} INFO - Filling up the DagBag from /opt/airflow/dags/dags_python_operator.py
[2023-08-26T02:35:33.497+0000] {processor.py:836} INFO - DAG(s) dict_keys(['dags_python_operator']) retrieved from /opt/airflow/dags/dags_python_operator.py
[2023-08-26T02:35:33.529+0000] {logging_mixin.py:150} INFO - [2023-08-26T02:35:33.528+0000] {dag.py:2742} INFO - Sync 1 DAGs
[2023-08-26T02:35:33.564+0000] {logging_mixin.py:150} INFO - [2023-08-26T02:35:33.564+0000] {dag.py:3508} INFO - Setting next_dagrun for dags_python_operator to 2023-08-24T06:30:00+00:00, run_after=2023-08-25T06:30:00+00:00
[2023-08-26T02:35:33.609+0000] {processor.py:179} INFO - Processing /opt/airflow/dags/dags_python_operator.py took 0.158 seconds
