[2023-08-28T22:13:55.056+0000] {logging_mixin.py:150} INFO - Changing /opt/***/logs/dag_id=dags_python_email_operator/run_id=manual__2023-08-28T22:13:51.046038+00:00/task_id=send_email permission to 509
[2023-08-28T22:13:55.057+0000] {logging_mixin.py:150} INFO - Failed to change /opt/***/logs/dag_id=dags_python_email_operator/run_id=manual__2023-08-28T22:13:51.046038+00:00/task_id=send_email permission to 509: [Errno 1] Operation not permitted: '/opt/***/logs/dag_id=dags_python_email_operator/run_id=manual__2023-08-28T22:13:51.046038+00:00/task_id=send_email'
[2023-08-28T22:13:55.104+0000] {logging_mixin.py:150} INFO - Changing /opt/***/logs/dag_id=dags_python_email_operator/run_id=manual__2023-08-28T22:13:51.046038+00:00/task_id=send_email permission to 509
[2023-08-28T22:13:55.105+0000] {logging_mixin.py:150} INFO - Failed to change /opt/***/logs/dag_id=dags_python_email_operator/run_id=manual__2023-08-28T22:13:51.046038+00:00/task_id=send_email permission to 509: [Errno 1] Operation not permitted: '/opt/***/logs/dag_id=dags_python_email_operator/run_id=manual__2023-08-28T22:13:51.046038+00:00/task_id=send_email'
[2023-08-28T22:13:55.248+0000] {taskinstance.py:1103} INFO - Dependencies all met for dep_context=non-requeueable deps ti=<TaskInstance: dags_python_email_operator.send_email manual__2023-08-28T22:13:51.046038+00:00 [queued]>
[2023-08-28T22:13:55.257+0000] {taskinstance.py:1103} INFO - Dependencies all met for dep_context=requeueable deps ti=<TaskInstance: dags_python_email_operator.send_email manual__2023-08-28T22:13:51.046038+00:00 [queued]>
[2023-08-28T22:13:55.258+0000] {taskinstance.py:1308} INFO - Starting attempt 1 of 1
[2023-08-28T22:13:55.326+0000] {taskinstance.py:1327} INFO - Executing <Task(EmailOperator): send_email> on 2023-08-28 22:13:51.046038+00:00
[2023-08-28T22:13:55.330+0000] {standard_task_runner.py:57} INFO - Started process 972 to run task
[2023-08-28T22:13:55.333+0000] {standard_task_runner.py:84} INFO - Running: ['***', 'tasks', 'run', 'dags_python_email_operator', 'send_email', 'manual__2023-08-28T22:13:51.046038+00:00', '--job-id', '118', '--raw', '--subdir', 'DAGS_FOLDER/dags_python_email_operator.py', '--cfg-path', '/tmp/tmp6te308im']
[2023-08-28T22:13:55.336+0000] {standard_task_runner.py:85} INFO - Job 118: Subtask send_email
[2023-08-28T22:13:55.467+0000] {logging_mixin.py:150} INFO - Changing /opt/***/logs/dag_id=dags_python_email_operator/run_id=manual__2023-08-28T22:13:51.046038+00:00/task_id=send_email permission to 509
[2023-08-28T22:13:55.467+0000] {logging_mixin.py:150} INFO - Failed to change /opt/***/logs/dag_id=dags_python_email_operator/run_id=manual__2023-08-28T22:13:51.046038+00:00/task_id=send_email permission to 509: [Errno 1] Operation not permitted: '/opt/***/logs/dag_id=dags_python_email_operator/run_id=manual__2023-08-28T22:13:51.046038+00:00/task_id=send_email'
[2023-08-28T22:13:55.470+0000] {task_command.py:410} INFO - Running <TaskInstance: dags_python_email_operator.send_email manual__2023-08-28T22:13:51.046038+00:00 [running]> on host 07fcf706bef2
[2023-08-28T22:13:55.613+0000] {taskinstance.py:1547} INFO - Exporting env vars: AIRFLOW_CTX_DAG_OWNER='***' AIRFLOW_CTX_DAG_ID='dags_python_email_operator' AIRFLOW_CTX_TASK_ID='send_email' AIRFLOW_CTX_EXECUTION_DATE='2023-08-28T22:13:51.046038+00:00' AIRFLOW_CTX_TRY_NUMBER='1' AIRFLOW_CTX_DAG_RUN_ID='manual__2023-08-28T22:13:51.046038+00:00'
[2023-08-28T22:13:55.624+0000] {warnings.py:110} WARNING - /home/***/.local/lib/python3.7/site-packages/***/utils/email.py:153: RemovedInAirflow3Warning: Fetching SMTP credentials from configuration variables will be deprecated in a future release. Please set credentials using a connection instead.
  send_mime_email(e_from=mail_from, e_to=recipients, mime_msg=msg, conn_id=conn_id, dryrun=dryrun)

[2023-08-28T22:13:55.624+0000] {email.py:269} INFO - Email alerting: attempt 1
[2023-08-28T22:13:56.228+0000] {email.py:281} INFO - Sent an alert email to ['hockey9322@naver.com']
[2023-08-28T22:13:57.117+0000] {taskinstance.py:1350} INFO - Marking task as SUCCESS. dag_id=dags_python_email_operator, task_id=send_email, execution_date=20230828T221351, start_date=20230828T221355, end_date=20230828T221357
[2023-08-28T22:13:57.191+0000] {local_task_job_runner.py:225} INFO - Task exited with return code 0
[2023-08-28T22:13:57.213+0000] {taskinstance.py:2653} INFO - 0 downstream tasks scheduled from follow-on schedule check
